Params: 0-nm= 5 , 1-n= 1 , 2-m= 5
native_compute: Conversion to native code done in 0.00020
native_compute: Compilation done in 0.10048
native_compute: Evaluation done in 0.00052
native_compute: Reification done in 0.00007
Tactic call cps+native_compute-regression-quadratic ran for 0.191 secs (0.069u,0.022s) (success)
Params: 0-nm= 5 , 1-n= 5 , 2-m= 1
native_compute: Conversion to native code done in 0.00018
native_compute: Compilation done in 0.09961
native_compute: Evaluation done in 0.00051
native_compute: Reification done in 0.00006
Tactic call cps+native_compute-regression-quadratic ran for 0.1 secs (0.001u,0.s) (success)
Params: 0-nm= 306 , 1-n= 17 , 2-m= 18
native_compute: Conversion to native code done in 0.00019
native_compute: Compilation done in 0.09965
native_compute: Evaluation done in 0.00054
native_compute: Reification done in 0.00102
Tactic call cps+native_compute-regression-quadratic ran for 0.101 secs (0.003u,0.s) (success)
Params: 0-nm= 307 , 1-n= 1 , 2-m= 307
native_compute: Conversion to native code done in 0.00018
native_compute: Compilation done in 0.10148
native_compute: Evaluation done in 0.00052
native_compute: Reification done in 0.00097
Tactic call cps+native_compute-regression-quadratic ran for 0.103 secs (0.003u,0.s) (success)
Params: 0-nm= 307 , 1-n= 307 , 2-m= 1
native_compute: Conversion to native code done in 0.00034
native_compute: Compilation done in 0.10010
native_compute: Evaluation done in 0.00052
native_compute: Reification done in 0.00117
Tactic call cps+native_compute-regression-quadratic ran for 0.102 secs (0.003u,0.s) (success)
Params: 0-nm= 600 , 1-n= 24 , 2-m= 25
native_compute: Conversion to native code done in 0.00018
native_compute: Compilation done in 0.09909
native_compute: Evaluation done in 0.00059
native_compute: Reification done in 0.00177
Tactic call cps+native_compute-regression-quadratic ran for 0.101 secs (0.004u,0.s) (success)
Params: 0-nm= 609 , 1-n= 1 , 2-m= 609
native_compute: Conversion to native code done in 0.00018
native_compute: Compilation done in 0.10010
native_compute: Evaluation done in 0.00055
native_compute: Reification done in 0.00183
Tactic call cps+native_compute-regression-quadratic ran for 0.102 secs (0.004u,0.s) (success)
Params: 0-nm= 609 , 1-n= 609 , 2-m= 1
native_compute: Conversion to native code done in 0.00018
native_compute: Compilation done in 0.09978
native_compute: Evaluation done in 0.00052
native_compute: Reification done in 0.00257
Tactic call cps+native_compute-regression-quadratic ran for 0.103 secs (0.003u,0.001s) (success)
Params: 0-nm= 910 , 1-n= 1 , 2-m= 910
native_compute: Conversion to native code done in 0.00034
native_compute: Compilation done in 0.10006
native_compute: Evaluation done in 0.00054
native_compute: Reification done in 0.00268
Tactic call cps+native_compute-regression-quadratic ran for 0.103 secs (0.005u,0.s) (success)
Params: 0-nm= 910 , 1-n= 910 , 2-m= 1
native_compute: Conversion to native code done in 0.00018
native_compute: Compilation done in 0.09919
native_compute: Evaluation done in 0.00054
native_compute: Reification done in 0.04656
Tactic call cps+native_compute-regression-quadratic ran for 0.146 secs (0.042u,0.006s) (success)
Params: 0-nm= 930 , 1-n= 30 , 2-m= 31
native_compute: Conversion to native code done in 0.00018
native_compute: Compilation done in 0.09920
native_compute: Evaluation done in 0.00052
native_compute: Reification done in 0.00238
Tactic call cps+native_compute-regression-quadratic ran for 0.102 secs (0.004u,0.s) (success)
Params: 0-nm= 1190 , 1-n= 34 , 2-m= 35
native_compute: Conversion to native code done in 0.00018
native_compute: Compilation done in 0.09959
native_compute: Evaluation done in 0.00051
native_compute: Reification done in 0.00294
Tactic call cps+native_compute-regression-quadratic ran for 0.103 secs (0.005u,0.s) (success)
Params: 0-nm= 1212 , 1-n= 1 , 2-m= 1212
native_compute: Conversion to native code done in 0.00018
native_compute: Compilation done in 0.09968
native_compute: Evaluation done in 0.00054
native_compute: Reification done in 0.00306
Tactic call cps+native_compute-regression-quadratic ran for 0.103 secs (0.005u,0.s) (success)
Params: 0-nm= 1212 , 1-n= 1212 , 2-m= 1
native_compute: Conversion to native code done in 0.00018
native_compute: Compilation done in 0.09867
native_compute: Evaluation done in 0.00056
native_compute: Reification done in 0.00401
Tactic call cps+native_compute-regression-quadratic ran for 0.103 secs (0.005u,0.s) (success)
Params: 0-nm= 1482 , 1-n= 38 , 2-m= 39
native_compute: Conversion to native code done in 0.00018
native_compute: Compilation done in 0.09860
native_compute: Evaluation done in 0.00054
native_compute: Reification done in 0.00366
Tactic call cps+native_compute-regression-quadratic ran for 0.103 secs (0.002u,0.003s) (success)
Params: 0-nm= 1513 , 1-n= 1 , 2-m= 1513
native_compute: Conversion to native code done in 0.00018
native_compute: Compilation done in 0.10095
native_compute: Evaluation done in 0.00056
native_compute: Reification done in 0.00376
Tactic call cps+native_compute-regression-quadratic ran for 0.105 secs (0.003u,0.002s) (success)
Params: 0-nm= 1513 , 1-n= 1513 , 2-m= 1
native_compute: Conversion to native code done in 0.00018
native_compute: Compilation done in 0.10015
native_compute: Evaluation done in 0.00059
native_compute: Reification done in 0.00500
Tactic call cps+native_compute-regression-quadratic ran for 0.106 secs (0.006u,0.001s) (success)
Params: 0-nm= 1891 , 1-n= 1 , 2-m= 1891
native_compute: Conversion to native code done in 0.00018
native_compute: Compilation done in 0.09984
native_compute: Evaluation done in 0.00065
native_compute: Reification done in 0.00468
Tactic call cps+native_compute-regression-quadratic ran for 0.105 secs (0.004u,0.002s) (success)
Params: 0-nm= 1891 , 1-n= 1891 , 2-m= 1
native_compute: Conversion to native code done in 0.00018
native_compute: Compilation done in 0.11299
native_compute: Evaluation done in 0.00057
native_compute: Reification done in 0.00774
Tactic call cps+native_compute-regression-quadratic ran for 0.121 secs (0.022u,0.s) (success)
Params: 0-nm= 1892 , 1-n= 43 , 2-m= 44
native_compute: Conversion to native code done in 0.00018
native_compute: Compilation done in 0.10024
native_compute: Evaluation done in 0.00053
native_compute: Reification done in 0.00464
Tactic call cps+native_compute-regression-quadratic ran for 0.105 secs (0.006u,0.s) (success)
Params: 0-nm= 2256 , 1-n= 47 , 2-m= 48
native_compute: Conversion to native code done in 0.00019
native_compute: Compilation done in 0.10032
native_compute: Evaluation done in 0.00055
native_compute: Reification done in 0.00557
Tactic call cps+native_compute-regression-quadratic ran for 0.106 secs (0.007u,0.s) (success)
Params: 0-nm= 2269 , 1-n= 1 , 2-m= 2269
native_compute: Conversion to native code done in 0.00018
native_compute: Compilation done in 0.10024
native_compute: Evaluation done in 0.00058
native_compute: Reification done in 0.00585
Tactic call cps+native_compute-regression-quadratic ran for 0.107 secs (0.008u,0.s) (success)
Params: 0-nm= 2269 , 1-n= 2269 , 2-m= 1
native_compute: Conversion to native code done in 0.00019
native_compute: Compilation done in 0.10016
native_compute: Evaluation done in 0.00069
native_compute: Reification done in 0.00794
Tactic call cps+native_compute-regression-quadratic ran for 0.109 secs (0.01u,0.s) (success)
Params: 0-nm= 2647 , 1-n= 1 , 2-m= 2647
native_compute: Conversion to native code done in 0.00018
native_compute: Compilation done in 0.10008
native_compute: Evaluation done in 0.00061
native_compute: Reification done in 0.00678
Tactic call cps+native_compute-regression-quadratic ran for 0.107 secs (0.009u,0.s) (success)
Params: 0-nm= 2647 , 1-n= 2647 , 2-m= 1
native_compute: Conversion to native code done in 0.00018
native_compute: Compilation done in 0.10001
native_compute: Evaluation done in 0.00304
native_compute: Reification done in 0.01037
Tactic call cps+native_compute-regression-quadratic ran for 0.113 secs (0.014u,0.s) (success)
Params: 0-nm= 2652 , 1-n= 51 , 2-m= 52
native_compute: Conversion to native code done in 0.00018
native_compute: Compilation done in 0.10064
native_compute: Evaluation done in 0.00062
native_compute: Reification done in 0.00675
Tactic call cps+native_compute-regression-quadratic ran for 0.108 secs (0.008u,0.s) (success)
Params: 0-nm= 3025 , 1-n= 1 , 2-m= 3025
native_compute: Conversion to native code done in 0.00018
native_compute: Compilation done in 0.10072
native_compute: Evaluation done in 0.00061
native_compute: Reification done in 0.00775
Tactic call cps+native_compute-regression-quadratic ran for 0.109 secs (0.009u,0.s) (success)
Params: 0-nm= 3025 , 1-n= 55 , 2-m= 55
native_compute: Conversion to native code done in 0.00018
native_compute: Compilation done in 0.10009
native_compute: Evaluation done in 0.00053
native_compute: Reification done in 0.00874
Tactic call cps+native_compute-regression-quadratic ran for 0.109 secs (0.01u,0.s) (success)
Params: 0-nm= 3025 , 1-n= 3025 , 2-m= 1
native_compute: Conversion to native code done in 0.00018
native_compute: Compilation done in 0.10148
native_compute: Evaluation done in 0.00063
native_compute: Reification done in 0.01056
Tactic call cps+native_compute-regression-quadratic ran for 0.113 secs (0.012u,0.s) (success)
Params: 0-nm= 3403 , 1-n= 1 , 2-m= 3403
native_compute: Conversion to native code done in 0.00018
native_compute: Compilation done in 0.09918
native_compute: Evaluation done in 0.00061
native_compute: Reification done in 0.00921
Tactic call cps+native_compute-regression-quadratic ran for 0.109 secs (0.011u,0.s) (success)
Params: 0-nm= 3403 , 1-n= 3403 , 2-m= 1
native_compute: Conversion to native code done in 0.00019
native_compute: Compilation done in 0.10011
native_compute: Evaluation done in 0.00065
native_compute: Reification done in 0.01219
Tactic call cps+native_compute-regression-quadratic ran for 0.113 secs (0.014u,0.s) (success)
Params: 0-nm= 3422 , 1-n= 58 , 2-m= 59
native_compute: Conversion to native code done in 0.00018
native_compute: Compilation done in 0.10132
native_compute: Evaluation done in 0.00055
native_compute: Reification done in 0.00861
Tactic call cps+native_compute-regression-quadratic ran for 0.11 secs (0.01u,0.s) (success)
Params: 0-nm= 3781 , 1-n= 1 , 2-m= 3781
native_compute: Conversion to native code done in 0.00018
native_compute: Compilation done in 0.10025
native_compute: Evaluation done in 0.00063
native_compute: Reification done in 0.00979
Tactic call cps+native_compute-regression-quadratic ran for 0.111 secs (0.012u,0.s) (success)
Params: 0-nm= 3781 , 1-n= 3781 , 2-m= 1
native_compute: Conversion to native code done in 0.00018
native_compute: Compilation done in 0.10011
native_compute: Evaluation done in 0.00065
native_compute: Reification done in 0.01529
Tactic call cps+native_compute-regression-quadratic ran for 0.116 secs (0.017u,0.s) (success)
Params: 0-nm= 3782 , 1-n= 61 , 2-m= 62
native_compute: Conversion to native code done in 0.00019
native_compute: Compilation done in 0.10220
native_compute: Evaluation done in 0.00056
native_compute: Reification done in 0.00968
Tactic call cps+native_compute-regression-quadratic ran for 0.112 secs (0.009u,0.002s) (success)
Params: 0-nm= 4159 , 1-n= 1 , 2-m= 4159
native_compute: Conversion to native code done in 0.00018
native_compute: Compilation done in 0.10084
native_compute: Evaluation done in 0.00072
native_compute: Reification done in 0.01096
Tactic call cps+native_compute-regression-quadratic ran for 0.112 secs (0.012u,0.s) (success)
Params: 0-nm= 4159 , 1-n= 4159 , 2-m= 1
native_compute: Conversion to native code done in 0.00019
native_compute: Compilation done in 0.10183
native_compute: Evaluation done in 0.00071
native_compute: Reification done in 0.02226
Tactic call cps+native_compute-regression-quadratic ran for 0.125 secs (0.024u,0.s) (success)
Params: 0-nm= 4160 , 1-n= 64 , 2-m= 65
native_compute: Conversion to native code done in 0.00019
native_compute: Compilation done in 0.09986
native_compute: Evaluation done in 0.00055
native_compute: Reification done in 0.01072
Tactic call cps+native_compute-regression-quadratic ran for 0.111 secs (0.013u,0.s) (success)
Params: 0-nm= 4537 , 1-n= 1 , 2-m= 4537
native_compute: Conversion to native code done in 0.00019
native_compute: Compilation done in 0.10029
native_compute: Evaluation done in 0.00075
native_compute: Reification done in 0.01204
Tactic call cps+native_compute-regression-quadratic ran for 0.113 secs (0.013u,0.s) (success)
Params: 0-nm= 4537 , 1-n= 4537 , 2-m= 1
native_compute: Conversion to native code done in 0.00019
native_compute: Compilation done in 0.10126
native_compute: Evaluation done in 0.00069
native_compute: Reification done in 0.01623
Tactic call cps+native_compute-regression-quadratic ran for 0.118 secs (0.018u,0.s) (success)
Params: 0-nm= 4556 , 1-n= 67 , 2-m= 68
native_compute: Conversion to native code done in 0.00019
native_compute: Compilation done in 0.10108
native_compute: Evaluation done in 0.00058
native_compute: Reification done in 0.01356
Tactic call cps+native_compute-regression-quadratic ran for 0.115 secs (0.015u,0.s) (success)
Params: 0-nm= 5041 , 1-n= 1 , 2-m= 5041
native_compute: Conversion to native code done in 0.00019
native_compute: Compilation done in 0.10130
native_compute: Evaluation done in 0.00067
native_compute: Reification done in 0.01340
Tactic call cps+native_compute-regression-quadratic ran for 0.115 secs (0.011u,0.003s) (success)
Params: 0-nm= 5041 , 1-n= 71 , 2-m= 71
native_compute: Conversion to native code done in 0.00022
native_compute: Compilation done in 0.10115
native_compute: Evaluation done in 0.00056
native_compute: Reification done in 0.01321
Tactic call cps+native_compute-regression-quadratic ran for 0.115 secs (0.015u,0.s) (success)
Params: 0-nm= 5041 , 1-n= 5041 , 2-m= 1
native_compute: Conversion to native code done in 0.00021
native_compute: Compilation done in 0.10107
native_compute: Evaluation done in 0.00074
native_compute: Reification done in 0.03216
Tactic call cps+native_compute-regression-quadratic ran for 0.134 secs (0.03u,0.003s) (success)
Params: 0-nm= 5546 , 1-n= 1 , 2-m= 5546
native_compute: Conversion to native code done in 0.00019
native_compute: Compilation done in 0.10205
native_compute: Evaluation done in 0.00066
native_compute: Reification done in 0.01513
Tactic call cps+native_compute-regression-quadratic ran for 0.118 secs (0.017u,0.s) (success)
Params: 0-nm= 5546 , 1-n= 5546 , 2-m= 1
native_compute: Conversion to native code done in 0.00019
native_compute: Compilation done in 0.10045
native_compute: Evaluation done in 0.00073
native_compute: Reification done in 0.02056
Tactic call cps+native_compute-regression-quadratic ran for 0.122 secs (0.022u,0.s) (success)
Params: 0-nm= 5550 , 1-n= 74 , 2-m= 75
native_compute: Conversion to native code done in 0.00019
native_compute: Compilation done in 0.10073
native_compute: Evaluation done in 0.00058
native_compute: Reification done in 0.01459
Tactic call cps+native_compute-regression-quadratic ran for 0.116 secs (0.017u,0.s) (success)
Params: 0-nm= 6006 , 1-n= 77 , 2-m= 78
native_compute: Conversion to native code done in 0.00019
native_compute: Compilation done in 0.10089
native_compute: Evaluation done in 0.00056
native_compute: Reification done in 0.01764
Tactic call cps+native_compute-regression-quadratic ran for 0.119 secs (0.019u,0.s) (success)
Params: 0-nm= 6050 , 1-n= 1 , 2-m= 6050
native_compute: Conversion to native code done in 0.00018
native_compute: Compilation done in 0.09991
native_compute: Evaluation done in 0.00070
native_compute: Reification done in 0.01787
Tactic call cps+native_compute-regression-quadratic ran for 0.118 secs (0.019u,0.s) (success)
Params: 0-nm= 6050 , 1-n= 6050 , 2-m= 1
native_compute: Conversion to native code done in 0.00018
native_compute: Compilation done in 0.10043
native_compute: Evaluation done in 0.00081
native_compute: Reification done in 0.02366
Tactic call cps+native_compute-regression-quadratic ran for 0.125 secs (0.025u,0.s) (success)
Params: 0-nm= 6480 , 1-n= 80 , 2-m= 81
native_compute: Conversion to native code done in 0.00021
native_compute: Compilation done in 0.10021
native_compute: Evaluation done in 0.00057
native_compute: Reification done in 0.01711
Tactic call cps+native_compute-regression-quadratic ran for 0.118 secs (0.019u,0.s) (success)
Params: 0-nm= 6554 , 1-n= 1 , 2-m= 6554
native_compute: Conversion to native code done in 0.00018
native_compute: Compilation done in 0.09908
native_compute: Evaluation done in 0.00071
native_compute: Reification done in 0.08748
Tactic call cps+native_compute-regression-quadratic ran for 0.187 secs (0.089u,0.s) (success)
Params: 0-nm= 6554 , 1-n= 6554 , 2-m= 1
native_compute: Conversion to native code done in 0.00018
native_compute: Compilation done in 0.09865
native_compute: Evaluation done in 0.00073
native_compute: Reification done in 0.02416
Tactic call cps+native_compute-regression-quadratic ran for 0.123 secs (0.026u,0.s) (success)
Params: 0-nm= 7058 , 1-n= 1 , 2-m= 7058
native_compute: Conversion to native code done in 0.00018
native_compute: Compilation done in 0.09905
native_compute: Evaluation done in 0.00083
native_compute: Reification done in 0.02681
Tactic call cps+native_compute-regression-quadratic ran for 0.127 secs (0.017u,0.011s) (success)
Params: 0-nm= 7058 , 1-n= 7058 , 2-m= 1
native_compute: Conversion to native code done in 0.00018
native_compute: Compilation done in 0.09992
native_compute: Evaluation done in 0.00079
native_compute: Reification done in 0.02629
Tactic call cps+native_compute-regression-quadratic ran for 0.127 secs (0.021u,0.007s) (success)
Params: 0-nm= 7140 , 1-n= 84 , 2-m= 85
native_compute: Conversion to native code done in 0.00019
native_compute: Compilation done in 0.10140
native_compute: Evaluation done in 0.00058
native_compute: Reification done in 0.01905
Tactic call cps+native_compute-regression-quadratic ran for 0.121 secs (0.021u,0.s) (success)
Params: 0-nm= 7482 , 1-n= 86 , 2-m= 87
native_compute: Conversion to native code done in 0.00019
native_compute: Compilation done in 0.13316
native_compute: Evaluation done in 0.00061
native_compute: Reification done in 0.02177
Tactic call cps+native_compute-regression-quadratic ran for 0.155 secs (0.055u,0.s) (success)
Params: 0-nm= 7562 , 1-n= 1 , 2-m= 7562
native_compute: Conversion to native code done in 0.00018
native_compute: Compilation done in 0.10067
native_compute: Evaluation done in 0.00071
native_compute: Reification done in 0.02049
Tactic call cps+native_compute-regression-quadratic ran for 0.122 secs (0.022u,0.s) (success)
Params: 0-nm= 7562 , 1-n= 7562 , 2-m= 1
native_compute: Conversion to native code done in 0.00019
native_compute: Compilation done in 0.10065
native_compute: Evaluation done in 0.00078
native_compute: Reification done in 0.03271
Tactic call cps+native_compute-regression-quadratic ran for 0.134 secs (0.028u,0.006s) (success)
Params: 0-nm= 8319 , 1-n= 1 , 2-m= 8319
native_compute: Conversion to native code done in 0.00019
native_compute: Compilation done in 0.10091
native_compute: Evaluation done in 0.00076
native_compute: Reification done in 0.02277
Tactic call cps+native_compute-regression-quadratic ran for 0.124 secs (0.025u,0.s) (success)
Params: 0-nm= 8319 , 1-n= 8319 , 2-m= 1
native_compute: Conversion to native code done in 0.00019
native_compute: Compilation done in 0.10141
native_compute: Evaluation done in 0.00086
native_compute: Reification done in 0.04462
Tactic call cps+native_compute-regression-quadratic ran for 0.147 secs (0.047u,0.s) (success)
Params: 0-nm= 8372 , 1-n= 91 , 2-m= 92
native_compute: Conversion to native code done in 0.00018
native_compute: Compilation done in 0.10088
native_compute: Evaluation done in 0.00059
native_compute: Reification done in 0.02279
Tactic call cps+native_compute-regression-quadratic ran for 0.124 secs (0.024u,0.s) (success)
Params: 0-nm= 9075 , 1-n= 1 , 2-m= 9075
native_compute: Conversion to native code done in 0.00019
native_compute: Compilation done in 0.09969
native_compute: Evaluation done in 0.00077
native_compute: Reification done in 0.02668
Tactic call cps+native_compute-regression-quadratic ran for 0.127 secs (0.028u,0.s) (success)
Params: 0-nm= 9075 , 1-n= 9075 , 2-m= 1
native_compute: Conversion to native code done in 0.00018
native_compute: Compilation done in 0.10069
native_compute: Evaluation done in 0.00096
native_compute: Reification done in 0.03410
Tactic call cps+native_compute-regression-quadratic ran for 0.136 secs (0.036u,0.s) (success)
Params: 0-nm= 9120 , 1-n= 95 , 2-m= 96
native_compute: Conversion to native code done in 0.00018
native_compute: Compilation done in 0.10065
native_compute: Evaluation done in 0.00060
native_compute: Reification done in 0.02484
Tactic call cps+native_compute-regression-quadratic ran for 0.126 secs (0.026u,0.s) (success)
Params: 0-nm= 9831 , 1-n= 1 , 2-m= 9831
native_compute: Conversion to native code done in 0.00018
native_compute: Compilation done in 0.09971
native_compute: Evaluation done in 0.00078
native_compute: Reification done in 0.03518
Tactic call cps+native_compute-regression-quadratic ran for 0.136 secs (0.037u,0.s) (success)
Params: 0-nm= 9831 , 1-n= 9831 , 2-m= 1
native_compute: Conversion to native code done in 0.00018
native_compute: Compilation done in 0.10196
native_compute: Evaluation done in 0.00085
native_compute: Reification done in 0.03626
Tactic call cps+native_compute-regression-quadratic ran for 0.139 secs (0.038u,0.s) (success)
Params: 0-nm= 9900 , 1-n= 99 , 2-m= 100
native_compute: Conversion to native code done in 0.00018
native_compute: Compilation done in 0.09992
native_compute: Evaluation done in 0.00059
native_compute: Reification done in 0.03365
Tactic call cps+native_compute-regression-quadratic ran for 0.134 secs (0.032u,0.003s) (success)
Params: 0-nm= 10506 , 1-n= 102 , 2-m= 103
native_compute: Conversion to native code done in 0.00019
native_compute: Compilation done in 0.10015
native_compute: Evaluation done in 0.00058
native_compute: Reification done in 0.02825
Tactic call cps+native_compute-regression-quadratic ran for 0.129 secs (0.03u,0.s) (success)
Params: 0-nm= 10588 , 1-n= 1 , 2-m= 10588
native_compute: Conversion to native code done in 0.00019
native_compute: Compilation done in 0.10082
native_compute: Evaluation done in 0.00084
native_compute: Reification done in 0.02906
Tactic call cps+native_compute-regression-quadratic ran for 0.131 secs (0.032u,0.s) (success)
Params: 0-nm= 10588 , 1-n= 10588 , 2-m= 1
native_compute: Conversion to native code done in 0.00019
native_compute: Compilation done in 0.09917
native_compute: Evaluation done in 0.00097
native_compute: Reification done in 0.05990
Tactic call cps+native_compute-regression-quadratic ran for 0.16 secs (0.058u,0.003s) (success)
Params: 0-nm= 11342 , 1-n= 106 , 2-m= 107
native_compute: Conversion to native code done in 0.00018
native_compute: Compilation done in 0.10246
native_compute: Evaluation done in 0.00062
native_compute: Reification done in 0.03159
Tactic call cps+native_compute-regression-quadratic ran for 0.135 secs (0.033u,0.s) (success)
Params: 0-nm= 11344 , 1-n= 1 , 2-m= 11344
native_compute: Conversion to native code done in 0.00018
native_compute: Compilation done in 0.09815
native_compute: Evaluation done in 0.00086
native_compute: Reification done in 0.03160
Tactic call cps+native_compute-regression-quadratic ran for 0.131 secs (0.033u,0.s) (success)
Params: 0-nm= 11344 , 1-n= 11344 , 2-m= 1
native_compute: Conversion to native code done in 0.00018
native_compute: Compilation done in 0.10030
native_compute: Evaluation done in 0.00093
native_compute: Reification done in 0.05451
Tactic call cps+native_compute-regression-quadratic ran for 0.156 secs (0.057u,0.s) (success)
Params: 0-nm= 12100 , 1-n= 1 , 2-m= 12100
native_compute: Conversion to native code done in 0.00019
native_compute: Compilation done in 0.09880
native_compute: Evaluation done in 0.00090
native_compute: Reification done in 0.12784
Tactic call cps+native_compute-regression-quadratic ran for 0.227 secs (0.126u,0.003s) (success)
Params: 0-nm= 12100 , 1-n= 110 , 2-m= 110
native_compute: Conversion to native code done in 0.00018
native_compute: Compilation done in 0.10006
native_compute: Evaluation done in 0.00073
native_compute: Reification done in 0.03347
Tactic call cps+native_compute-regression-quadratic ran for 0.134 secs (0.035u,0.s) (success)
Params: 0-nm= 12100 , 1-n= 12100 , 2-m= 1
native_compute: Conversion to native code done in 0.00018
native_compute: Compilation done in 0.09924
native_compute: Evaluation done in 0.00104
native_compute: Reification done in 0.05205
Tactic call cps+native_compute-regression-quadratic ran for 0.152 secs (0.051u,0.003s) (success)
