Params: n= 50
Tactic call rewrite_strat-bottomup ran for 0.054 secs (0.054u,0.s) (success)
Tactic call rewrite_strat-bottomup-noop ran for 0. secs (0.u,0.s) (success)
Tactic call abstract+rewrite_strat-bottomup ran for 0.079 secs (0.079u,0.s) (success)
Tactic call close-abstract+rewrite_strat-bottomup ran for 0.024 secs (0.024u,0.s)
Params: n= 100
Tactic call rewrite_strat-bottomup ran for 0.209 secs (0.209u,0.s) (success)
Tactic call rewrite_strat-bottomup-noop ran for 0.001 secs (0.001u,0.s) (success)
Tactic call abstract+rewrite_strat-bottomup ran for 0.324 secs (0.324u,0.s) (success)
Tactic call close-abstract+rewrite_strat-bottomup ran for 0.114 secs (0.114u,0.s)
Params: n= 150
Tactic call rewrite_strat-bottomup ran for 0.547 secs (0.543u,0.003s) (success)
Tactic call rewrite_strat-bottomup-noop ran for 0.002 secs (0.001u,0.s) (success)
Tactic call abstract+rewrite_strat-bottomup ran for 0.791 secs (0.787u,0.003s) (success)
Tactic call close-abstract+rewrite_strat-bottomup ran for 0.241 secs (0.241u,0.s)
Params: n= 200
Tactic call rewrite_strat-bottomup ran for 0.971 secs (0.967u,0.003s) (success)
Tactic call rewrite_strat-bottomup-noop ran for 0.104 secs (0.104u,0.s) (success)
Tactic call abstract+rewrite_strat-bottomup ran for 1.476 secs (1.472u,0.003s) (success)
Tactic call close-abstract+rewrite_strat-bottomup ran for 0.4 secs (0.4u,0.s)
Params: n= 250
Tactic call rewrite_strat-bottomup ran for 1.414 secs (1.41u,0.003s) (success)
Tactic call rewrite_strat-bottomup-noop ran for 0.004 secs (0.004u,0.s) (success)
Tactic call abstract+rewrite_strat-bottomup ran for 2.016 secs (2.004u,0.011s) (success)
Tactic call close-abstract+rewrite_strat-bottomup ran for 0.596 secs (0.588u,0.007s)
Params: n= 300
Tactic call rewrite_strat-bottomup ran for 1.943 secs (1.935u,0.007s) (success)
Tactic call rewrite_strat-bottomup-noop ran for 0.006 secs (0.006u,0.s) (success)
Tactic call abstract+rewrite_strat-bottomup ran for 2.953 secs (2.941u,0.012s) (success)
Tactic call close-abstract+rewrite_strat-bottomup ran for 1.003 secs (0.999u,0.003s)
Params: n= 350
Tactic call rewrite_strat-bottomup ran for 2.83 secs (2.802u,0.027s) (success)
Tactic call rewrite_strat-bottomup-noop ran for 0.008 secs (0.008u,0.s) (success)
Tactic call abstract+rewrite_strat-bottomup ran for 4.132 secs (4.099u,0.031s) (success)
Tactic call close-abstract+rewrite_strat-bottomup ran for 1.292 secs (1.288u,0.004s)
Params: n= 400
Tactic call rewrite_strat-bottomup ran for 3.833 secs (3.809u,0.023s) (success)
Tactic call rewrite_strat-bottomup-noop ran for 0.009 secs (0.009u,0.s) (success)
Tactic call abstract+rewrite_strat-bottomup ran for 5.38 secs (5.351u,0.027s) (success)
Tactic call close-abstract+rewrite_strat-bottomup ran for 1.535 secs (1.531u,0.003s)
