Params: n= 50
Tactic call refine-regression-quadratic-regression-linear ran for 0. secs (0.u,0.s) (success)
Tactic call pose-build-and-refine-regression-cubic ran for 0.005 secs (0.004u,0.001s) (success)
Tactic call fast_rewrite-regression-cubic ran for 0.005 secs (0.004u,0.001s) (success)
Tactic call abstract-regression-cubic ran for 0.007 secs (0.005u,0.002s) (success)
Tactic call close-abstract-regression-cubic ran for 0.002 secs (0.001u,0.001s)
Params: n= 100
Tactic call refine-regression-quadratic-regression-linear ran for 0. secs (0.u,0.s) (success)
Tactic call pose-build-and-refine-regression-cubic ran for 0.011 secs (0.009u,0.002s) (success)
Tactic call fast_rewrite-regression-cubic ran for 0.011 secs (0.009u,0.002s) (success)
Tactic call abstract-regression-cubic ran for 0.021 secs (0.019u,0.002s) (success)
Tactic call close-abstract-regression-cubic ran for 0.009 secs (0.009u,0.s)
Params: n= 150
Tactic call refine-regression-quadratic-regression-linear ran for 0.001 secs (0.001u,0.s) (success)
Tactic call pose-build-and-refine-regression-cubic ran for 0.059 secs (0.055u,0.004s) (success)
Tactic call fast_rewrite-regression-cubic ran for 0.059 secs (0.055u,0.004s) (success)
Tactic call abstract-regression-cubic ran for 0.085 secs (0.081u,0.004s) (success)
Tactic call close-abstract-regression-cubic ran for 0.025 secs (0.025u,0.s)
Params: n= 200
Tactic call refine-regression-quadratic-regression-linear ran for 0.001 secs (0.001u,0.s) (success)
Tactic call pose-build-and-refine-regression-cubic ran for 0.024 secs (0.024u,0.s) (success)
Tactic call fast_rewrite-regression-cubic ran for 0.024 secs (0.024u,0.s) (success)
Tactic call abstract-regression-cubic ran for 0.08 secs (0.079u,0.s) (success)
Tactic call close-abstract-regression-cubic ran for 0.055 secs (0.055u,0.s)
Params: n= 250
Tactic call refine-regression-quadratic-regression-linear ran for 0.002 secs (0.002u,0.s) (success)
Tactic call pose-build-and-refine-regression-cubic ran for 0.035 secs (0.035u,0.s) (success)
Tactic call fast_rewrite-regression-cubic ran for 0.035 secs (0.035u,0.s) (success)
Tactic call abstract-regression-cubic ran for 0.139 secs (0.139u,0.s) (success)
Tactic call close-abstract-regression-cubic ran for 0.104 secs (0.104u,0.s)
Params: n= 300
Tactic call refine-regression-quadratic-regression-linear ran for 0.002 secs (0.002u,0.s) (success)
Tactic call pose-build-and-refine-regression-cubic ran for 0.046 secs (0.046u,0.s) (success)
Tactic call fast_rewrite-regression-cubic ran for 0.046 secs (0.046u,0.s) (success)
Tactic call abstract-regression-cubic ran for 0.221 secs (0.221u,0.s) (success)
Tactic call close-abstract-regression-cubic ran for 0.175 secs (0.175u,0.s)
Params: n= 350
Tactic call refine-regression-quadratic-regression-linear ran for 0.002 secs (0.002u,0.s) (success)
Tactic call pose-build-and-refine-regression-cubic ran for 0.07 secs (0.07u,0.s) (success)
Tactic call fast_rewrite-regression-cubic ran for 0.07 secs (0.07u,0.s) (success)
Tactic call abstract-regression-cubic ran for 0.335 secs (0.335u,0.s) (success)
Tactic call close-abstract-regression-cubic ran for 0.264 secs (0.264u,0.s)
Params: n= 400
Tactic call refine-regression-quadratic-regression-linear ran for 0.003 secs (0.003u,0.s) (success)
Tactic call pose-build-and-refine-regression-cubic ran for 0.075 secs (0.075u,0.s) (success)
Tactic call fast_rewrite-regression-cubic ran for 0.075 secs (0.075u,0.s) (success)
Tactic call abstract-regression-cubic ran for 0.469 secs (0.469u,0.s) (success)
Tactic call close-abstract-regression-cubic ran for 0.393 secs (0.393u,0.s)
