Params: n= 10
Tactic call noop-repeat-setoid_rewrite-regression-cubic ran for 0.002 secs (0.001u,0.s) (success)
Tactic call noop-repeat-rewrite_strat-topdown-regression-cubic ran for 0.002 secs (0.002u,0.s) (success)
Tactic call noop-repeat-rewrite_strat-bottomup-regression-cubic ran for 0.002 secs (0.002u,0.s) (success)
Params: n= 20
Tactic call noop-repeat-setoid_rewrite-regression-cubic ran for 0.005 secs (0.005u,0.s) (success)
Tactic call noop-repeat-rewrite_strat-topdown-regression-cubic ran for 0.005 secs (0.005u,0.s) (success)
Tactic call noop-repeat-rewrite_strat-bottomup-regression-cubic ran for 0.005 secs (0.005u,0.s) (success)
Params: n= 30
Tactic call noop-repeat-setoid_rewrite-regression-cubic ran for 0.01 secs (0.007u,0.002s) (success)
Tactic call noop-repeat-rewrite_strat-topdown-regression-cubic ran for 0.044 secs (0.04u,0.004s) (success)
Tactic call noop-repeat-rewrite_strat-bottomup-regression-cubic ran for 0.007 secs (0.007u,0.s) (success)
Params: n= 40
Tactic call noop-repeat-setoid_rewrite-regression-cubic ran for 0.012 secs (0.012u,0.s) (success)
Tactic call noop-repeat-rewrite_strat-topdown-regression-cubic ran for 0.012 secs (0.012u,0.s) (success)
Tactic call noop-repeat-rewrite_strat-bottomup-regression-cubic ran for 0.026 secs (0.026u,0.s) (success)
Params: n= 60
Tactic call noop-repeat-setoid_rewrite-regression-cubic ran for 0.024 secs (0.024u,0.s) (success)
Tactic call noop-repeat-rewrite_strat-topdown-regression-cubic ran for 0.024 secs (0.024u,0.s) (success)
Tactic call noop-repeat-rewrite_strat-bottomup-regression-cubic ran for 0.023 secs (0.023u,0.s) (success)
Params: n= 70
Tactic call noop-repeat-setoid_rewrite-regression-cubic ran for 0.032 secs (0.032u,0.s) (success)
Tactic call noop-repeat-rewrite_strat-topdown-regression-cubic ran for 0.031 secs (0.031u,0.s) (success)
Tactic call noop-repeat-rewrite_strat-bottomup-regression-cubic ran for 0.035 secs (0.035u,0.s) (success)
Params: n= 80
Tactic call noop-repeat-setoid_rewrite-regression-cubic ran for 0.039 secs (0.039u,0.s) (success)
Tactic call noop-repeat-rewrite_strat-topdown-regression-cubic ran for 0.044 secs (0.041u,0.003s) (success)
Tactic call noop-repeat-rewrite_strat-bottomup-regression-cubic ran for 0.038 secs (0.038u,0.s) (success)
Params: n= 90
Tactic call noop-repeat-setoid_rewrite-regression-cubic ran for 0.049 secs (0.049u,0.s) (success)
Tactic call noop-repeat-rewrite_strat-topdown-regression-cubic ran for 0.101 secs (0.101u,0.s) (success)
Tactic call noop-repeat-rewrite_strat-bottomup-regression-cubic ran for 0.075 secs (0.075u,0.s) (success)
Params: n= 110
Tactic call noop-repeat-setoid_rewrite-regression-cubic ran for 0.092 secs (0.092u,0.s) (success)
Tactic call noop-repeat-rewrite_strat-topdown-regression-cubic ran for 0.072 secs (0.072u,0.s) (success)
Tactic call noop-repeat-rewrite_strat-bottomup-regression-cubic ran for 0.071 secs (0.071u,0.s) (success)
Params: n= 120
Tactic call noop-repeat-setoid_rewrite-regression-cubic ran for 0.092 secs (0.092u,0.s) (success)
Tactic call noop-repeat-rewrite_strat-topdown-regression-cubic ran for 0.091 secs (0.091u,0.s) (success)
Tactic call noop-repeat-rewrite_strat-bottomup-regression-cubic ran for 0.138 secs (0.138u,0.s) (success)
Params: n= 130
Tactic call noop-repeat-setoid_rewrite-regression-cubic ran for 0.129 secs (0.129u,0.s) (success)
Tactic call noop-repeat-rewrite_strat-topdown-regression-cubic ran for 0.119 secs (0.119u,0.s) (success)
Tactic call noop-repeat-rewrite_strat-bottomup-regression-cubic ran for 0.099 secs (0.099u,0.s) (success)
Params: n= 140
Tactic call noop-repeat-setoid_rewrite-regression-cubic ran for 0.116 secs (0.116u,0.s) (success)
Tactic call noop-repeat-rewrite_strat-topdown-regression-cubic ran for 0.116 secs (0.116u,0.s) (success)
Tactic call noop-repeat-rewrite_strat-bottomup-regression-cubic ran for 0.113 secs (0.113u,0.s) (success)
Params: n= 160
Tactic call noop-repeat-setoid_rewrite-regression-cubic ran for 0.151 secs (0.151u,0.s) (success)
Tactic call noop-repeat-rewrite_strat-topdown-regression-cubic ran for 0.151 secs (0.151u,0.s) (success)
Tactic call noop-repeat-rewrite_strat-bottomup-regression-cubic ran for 0.149 secs (0.149u,0.s) (success)
Params: n= 170
Tactic call noop-repeat-setoid_rewrite-regression-cubic ran for 0.171 secs (0.171u,0.s) (success)
Tactic call noop-repeat-rewrite_strat-topdown-regression-cubic ran for 0.17 secs (0.17u,0.s) (success)
Tactic call noop-repeat-rewrite_strat-bottomup-regression-cubic ran for 0.169 secs (0.169u,0.s) (success)
Params: n= 180
Tactic call noop-repeat-setoid_rewrite-regression-cubic ran for 0.191 secs (0.191u,0.s) (success)
Tactic call noop-repeat-rewrite_strat-topdown-regression-cubic ran for 0.19 secs (0.19u,0.s) (success)
Tactic call noop-repeat-rewrite_strat-bottomup-regression-cubic ran for 0.189 secs (0.189u,0.s) (success)
Params: n= 190
Tactic call noop-repeat-setoid_rewrite-regression-cubic ran for 0.212 secs (0.212u,0.s) (success)
Tactic call noop-repeat-rewrite_strat-topdown-regression-cubic ran for 0.214 secs (0.214u,0.s) (success)
Tactic call noop-repeat-rewrite_strat-bottomup-regression-cubic ran for 0.211 secs (0.211u,0.s) (success)
