Params: n= 50
Tactic call autorewrite-regression-quadratic ran for 0.027 secs (0.023u,0.003s) (success)
Tactic call autorewrite-noop-regression-linear ran for 0. secs (0.u,0.s) (success)
Tactic call abstract+autorewrite-regression-quadratic ran for 0.075 secs (0.067u,0.007s) (success)
Tactic call close-abstract+autorewrite-regression-quadratic ran for 0.047 secs (0.043u,0.003s)
Params: n= 100
Tactic call autorewrite-regression-quadratic ran for 0.085 secs (0.085u,0.s) (success)
Tactic call autorewrite-noop-regression-linear ran for 0.001 secs (0.001u,0.s) (success)
Tactic call abstract+autorewrite-regression-quadratic ran for 0.107 secs (0.107u,0.s) (success)
Tactic call close-abstract+autorewrite-regression-quadratic ran for 0.021 secs (0.021u,0.s)
Params: n= 150
Tactic call autorewrite-regression-quadratic ran for 0.199 secs (0.199u,0.s) (success)
Tactic call autorewrite-noop-regression-linear ran for 0.001 secs (0.001u,0.s) (success)
Tactic call abstract+autorewrite-regression-quadratic ran for 0.249 secs (0.249u,0.s) (success)
Tactic call close-abstract+autorewrite-regression-quadratic ran for 0.047 secs (0.047u,0.s)
Params: n= 200
Tactic call autorewrite-regression-quadratic ran for 0.354 secs (0.351u,0.003s) (success)
Tactic call autorewrite-noop-regression-linear ran for 0.002 secs (0.002u,0.s) (success)
Tactic call abstract+autorewrite-regression-quadratic ran for 0.45 secs (0.446u,0.003s) (success)
Tactic call close-abstract+autorewrite-regression-quadratic ran for 0.092 secs (0.092u,0.s)
Params: n= 250
Tactic call autorewrite-regression-quadratic ran for 0.556 secs (0.556u,0.s) (success)
Tactic call autorewrite-noop-regression-linear ran for 0.003 secs (0.003u,0.s) (success)
Tactic call abstract+autorewrite-regression-quadratic ran for 0.69 secs (0.69u,0.s) (success)
Tactic call close-abstract+autorewrite-regression-quadratic ran for 0.13 secs (0.13u,0.s)
Params: n= 300
Tactic call autorewrite-regression-quadratic ran for 0.838 secs (0.838u,0.s) (success)
Tactic call autorewrite-noop-regression-linear ran for 0.005 secs (0.005u,0.s) (success)
Tactic call abstract+autorewrite-regression-quadratic ran for 1.03 secs (1.025u,0.004s) (success)
Tactic call close-abstract+autorewrite-regression-quadratic ran for 0.185 secs (0.181u,0.003s)
Params: n= 350
Tactic call autorewrite-regression-quadratic ran for 1.242 secs (1.242u,0.s) (success)
Tactic call autorewrite-noop-regression-linear ran for 0.005 secs (0.005u,0.s) (success)
Tactic call abstract+autorewrite-regression-quadratic ran for 1.512 secs (1.512u,0.s) (success)
Tactic call close-abstract+autorewrite-regression-quadratic ran for 0.263 secs (0.263u,0.s)
Params: n= 400
Tactic call autorewrite-regression-quadratic ran for 1.523 secs (1.523u,0.s) (success)
Tactic call autorewrite-noop-regression-linear ran for 0.007 secs (0.007u,0.s) (success)
Tactic call abstract+autorewrite-regression-quadratic ran for 1.86 secs (1.86u,0.s) (success)
Tactic call close-abstract+autorewrite-regression-quadratic ran for 0.328 secs (0.328u,0.s)
