Params: n= 10
Tactic call setoid_rewrite-regression-cubic ran for 0.007 secs (0.006u,0.001s) (success)
Tactic call abstract+setoid_rewrite-regression-cubic ran for 0.009 secs (0.008u,0.001s) (success)
Tactic call close-abstract+setoid_rewrite-regression-quadratic ran for 0.001 secs (0.001u,0.s)
Params: n= 20
Tactic call setoid_rewrite-regression-cubic ran for 0.015 secs (0.012u,0.003s) (success)
Tactic call abstract+setoid_rewrite-regression-cubic ran for 0.02 secs (0.017u,0.003s) (success)
Tactic call close-abstract+setoid_rewrite-regression-quadratic ran for 0.004 secs (0.004u,0.s)
Params: n= 30
Tactic call setoid_rewrite-regression-cubic ran for 0.063 secs (0.055u,0.007s) (success)
Tactic call abstract+setoid_rewrite-regression-cubic ran for 0.07 secs (0.062u,0.007s) (success)
Tactic call close-abstract+setoid_rewrite-regression-quadratic ran for 0.007 secs (0.007u,0.s)
Params: n= 40
Tactic call setoid_rewrite-regression-cubic ran for 0.038 secs (0.038u,0.s) (success)
Tactic call abstract+setoid_rewrite-regression-cubic ran for 0.054 secs (0.054u,0.s) (success)
Tactic call close-abstract+setoid_rewrite-regression-quadratic ran for 0.016 secs (0.016u,0.s)
Params: n= 60
Tactic call setoid_rewrite-regression-cubic ran for 0.084 secs (0.084u,0.s) (success)
Tactic call abstract+setoid_rewrite-regression-cubic ran for 0.109 secs (0.109u,0.s) (success)
Tactic call close-abstract+setoid_rewrite-regression-quadratic ran for 0.024 secs (0.024u,0.s)
Params: n= 70
Tactic call setoid_rewrite-regression-cubic ran for 0.112 secs (0.112u,0.s) (success)
Tactic call abstract+setoid_rewrite-regression-cubic ran for 0.157 secs (0.157u,0.s) (success)
Tactic call close-abstract+setoid_rewrite-regression-quadratic ran for 0.044 secs (0.044u,0.s)
Params: n= 80
Tactic call setoid_rewrite-regression-cubic ran for 0.156 secs (0.152u,0.003s) (success)
Tactic call abstract+setoid_rewrite-regression-cubic ran for 0.199 secs (0.195u,0.003s) (success)
Tactic call close-abstract+setoid_rewrite-regression-quadratic ran for 0.042 secs (0.042u,0.s)
Params: n= 90
Tactic call setoid_rewrite-regression-cubic ran for 0.199 secs (0.199u,0.s) (success)
Tactic call abstract+setoid_rewrite-regression-cubic ran for 0.251 secs (0.251u,0.s) (success)
Tactic call close-abstract+setoid_rewrite-regression-quadratic ran for 0.051 secs (0.051u,0.s)
Params: n= 110
Tactic call setoid_rewrite-regression-cubic ran for 0.294 secs (0.294u,0.s) (success)
Tactic call abstract+setoid_rewrite-regression-cubic ran for 0.369 secs (0.369u,0.s) (success)
Tactic call close-abstract+setoid_rewrite-regression-quadratic ran for 0.074 secs (0.074u,0.s)
Params: n= 120
Tactic call setoid_rewrite-regression-cubic ran for 0.321 secs (0.321u,0.s) (success)
Tactic call abstract+setoid_rewrite-regression-cubic ran for 0.41 secs (0.41u,0.s) (success)
Tactic call close-abstract+setoid_rewrite-regression-quadratic ran for 0.088 secs (0.088u,0.s)
Params: n= 130
Tactic call setoid_rewrite-regression-cubic ran for 0.391 secs (0.391u,0.s) (success)
Tactic call abstract+setoid_rewrite-regression-cubic ran for 0.494 secs (0.494u,0.s) (success)
Tactic call close-abstract+setoid_rewrite-regression-quadratic ran for 0.102 secs (0.102u,0.s)
Params: n= 140
Tactic call setoid_rewrite-regression-cubic ran for 0.463 secs (0.459u,0.003s) (success)
Tactic call abstract+setoid_rewrite-regression-cubic ran for 0.582 secs (0.578u,0.003s) (success)
Tactic call close-abstract+setoid_rewrite-regression-quadratic ran for 0.118 secs (0.118u,0.s)
Params: n= 160
Tactic call setoid_rewrite-regression-cubic ran for 0.656 secs (0.656u,0.s) (success)
Tactic call abstract+setoid_rewrite-regression-cubic ran for 0.81 secs (0.81u,0.s) (success)
Tactic call close-abstract+setoid_rewrite-regression-quadratic ran for 0.153 secs (0.153u,0.s)
Params: n= 170
Tactic call setoid_rewrite-regression-cubic ran for 0.709 secs (0.705u,0.003s) (success)
Tactic call abstract+setoid_rewrite-regression-cubic ran for 0.881 secs (0.877u,0.004s) (success)
Tactic call close-abstract+setoid_rewrite-regression-quadratic ran for 0.171 secs (0.171u,0.s)
Params: n= 180
Tactic call setoid_rewrite-regression-cubic ran for 0.773 secs (0.769u,0.003s) (success)
Tactic call abstract+setoid_rewrite-regression-cubic ran for 0.968 secs (0.964u,0.003s) (success)
Tactic call close-abstract+setoid_rewrite-regression-quadratic ran for 0.194 secs (0.194u,0.s)
Params: n= 190
Tactic call setoid_rewrite-regression-cubic ran for 0.942 secs (0.942u,0.s) (success)
Tactic call abstract+setoid_rewrite-regression-cubic ran for 1.157 secs (1.157u,0.s) (success)
Tactic call close-abstract+setoid_rewrite-regression-quadratic ran for 0.214 secs (0.214u,0.s)
Params: n= 210
Tactic call setoid_rewrite-regression-cubic ran for 1.131 secs (1.131u,0.s) (success)
Tactic call abstract+setoid_rewrite-regression-cubic ran for 1.392 secs (1.392u,0.s) (success)
Tactic call close-abstract+setoid_rewrite-regression-quadratic ran for 0.261 secs (0.261u,0.s)
Params: n= 220
Tactic call setoid_rewrite-regression-cubic ran for 1.258 secs (1.258u,0.s) (success)
Tactic call abstract+setoid_rewrite-regression-cubic ran for 1.545 secs (1.545u,0.s) (success)
Tactic call close-abstract+setoid_rewrite-regression-quadratic ran for 0.286 secs (0.286u,0.s)
Params: n= 230
Tactic call setoid_rewrite-regression-cubic ran for 1.529 secs (1.529u,0.s) (success)
Tactic call abstract+setoid_rewrite-regression-cubic ran for 1.84 secs (1.84u,0.s) (success)
Tactic call close-abstract+setoid_rewrite-regression-quadratic ran for 0.31 secs (0.31u,0.s)
Params: n= 240
Tactic call setoid_rewrite-regression-cubic ran for 1.497 secs (1.497u,0.s) (success)
Tactic call abstract+setoid_rewrite-regression-cubic ran for 1.836 secs (1.836u,0.s) (success)
Tactic call close-abstract+setoid_rewrite-regression-quadratic ran for 0.338 secs (0.338u,0.s)
Params: n= 250
Tactic call setoid_rewrite-regression-cubic ran for 1.788 secs (1.788u,0.s) (success)
Tactic call abstract+setoid_rewrite-regression-cubic ran for 2.158 secs (2.158u,0.s) (success)
Tactic call close-abstract+setoid_rewrite-regression-quadratic ran for 0.37 secs (0.37u,0.s)
Params: n= 300
Tactic call setoid_rewrite-regression-cubic ran for 2.733 secs (2.733u,0.s) (success)
Tactic call abstract+setoid_rewrite-regression-cubic ran for 3.257 secs (3.257u,0.s) (success)
Tactic call close-abstract+setoid_rewrite-regression-quadratic ran for 0.524 secs (0.524u,0.s)
Params: n= 400
Tactic call setoid_rewrite-regression-cubic ran for 5.982 secs (5.978u,0.003s) (success)
Tactic call abstract+setoid_rewrite-regression-cubic ran for 6.908 secs (6.903u,0.003s) (success)
Tactic call close-abstract+setoid_rewrite-regression-quadratic ran for 0.924 secs (0.924u,0.s)
