Params: n= 10
Tactic call setoid_rewrite-regression-cubic ran for 0.008 secs (0.004u,0.004s) (success)
Tactic call abstract+setoid_rewrite-regression-cubic ran for 0.01 secs (0.004u,0.006s) (success)
Tactic call close-abstract+setoid_rewrite-regression-quadratic ran for 0.002 secs (0.u,0.002s)
Params: n= 20
Tactic call setoid_rewrite-regression-cubic ran for 0.017 secs (0.016u,0.001s) (success)
Tactic call abstract+setoid_rewrite-regression-cubic ran for 0.061 secs (0.059u,0.001s) (success)
Tactic call close-abstract+setoid_rewrite-regression-quadratic ran for 0.043 secs (0.043u,0.s)
Params: n= 30
Tactic call setoid_rewrite-regression-cubic ran for 0.024 secs (0.023u,0.s) (success)
Tactic call abstract+setoid_rewrite-regression-cubic ran for 0.045 secs (0.045u,0.s) (success)
Tactic call close-abstract+setoid_rewrite-regression-quadratic ran for 0.021 secs (0.021u,0.s)
Params: n= 40
Tactic call setoid_rewrite-regression-cubic ran for 0.04 secs (0.04u,0.s) (success)
Tactic call abstract+setoid_rewrite-regression-cubic ran for 0.052 secs (0.052u,0.s) (success)
Tactic call close-abstract+setoid_rewrite-regression-quadratic ran for 0.012 secs (0.012u,0.s)
Params: n= 60
Tactic call setoid_rewrite-regression-cubic ran for 0.082 secs (0.082u,0.s) (success)
Tactic call abstract+setoid_rewrite-regression-cubic ran for 0.112 secs (0.112u,0.s) (success)
Tactic call close-abstract+setoid_rewrite-regression-quadratic ran for 0.029 secs (0.029u,0.s)
Params: n= 70
Tactic call setoid_rewrite-regression-cubic ran for 0.118 secs (0.118u,0.s) (success)
Tactic call abstract+setoid_rewrite-regression-cubic ran for 0.153 secs (0.153u,0.s) (success)
Tactic call close-abstract+setoid_rewrite-regression-quadratic ran for 0.034 secs (0.034u,0.s)
Params: n= 80
Tactic call setoid_rewrite-regression-cubic ran for 0.233 secs (0.233u,0.s) (success)
Tactic call abstract+setoid_rewrite-regression-cubic ran for 0.291 secs (0.291u,0.s) (success)
Tactic call close-abstract+setoid_rewrite-regression-quadratic ran for 0.057 secs (0.057u,0.s)
Params: n= 90
Tactic call setoid_rewrite-regression-cubic ran for 0.191 secs (0.191u,0.s) (success)
Tactic call abstract+setoid_rewrite-regression-cubic ran for 0.252 secs (0.252u,0.s) (success)
Tactic call close-abstract+setoid_rewrite-regression-quadratic ran for 0.06 secs (0.06u,0.s)
Params: n= 110
Tactic call setoid_rewrite-regression-cubic ran for 0.396 secs (0.396u,0.s) (success)
Tactic call abstract+setoid_rewrite-regression-cubic ran for 0.478 secs (0.478u,0.s) (success)
Tactic call close-abstract+setoid_rewrite-regression-quadratic ran for 0.081 secs (0.081u,0.s)
Params: n= 120
Tactic call setoid_rewrite-regression-cubic ran for 0.373 secs (0.373u,0.s) (success)
Tactic call abstract+setoid_rewrite-regression-cubic ran for 0.468 secs (0.468u,0.s) (success)
Tactic call close-abstract+setoid_rewrite-regression-quadratic ran for 0.094 secs (0.094u,0.s)
Params: n= 130
Tactic call setoid_rewrite-regression-cubic ran for 0.425 secs (0.421u,0.003s) (success)
Tactic call abstract+setoid_rewrite-regression-cubic ran for 0.536 secs (0.532u,0.003s) (success)
Tactic call close-abstract+setoid_rewrite-regression-quadratic ran for 0.11 secs (0.11u,0.s)
Params: n= 140
Tactic call setoid_rewrite-regression-cubic ran for 0.522 secs (0.514u,0.007s) (success)
Tactic call abstract+setoid_rewrite-regression-cubic ran for 0.647 secs (0.639u,0.007s) (success)
Tactic call close-abstract+setoid_rewrite-regression-quadratic ran for 0.125 secs (0.125u,0.s)
Params: n= 160
Tactic call setoid_rewrite-regression-cubic ran for 0.701 secs (0.701u,0.s) (success)
Tactic call abstract+setoid_rewrite-regression-cubic ran for 0.863 secs (0.863u,0.s) (success)
Tactic call close-abstract+setoid_rewrite-regression-quadratic ran for 0.161 secs (0.161u,0.s)
Params: n= 170
Tactic call setoid_rewrite-regression-cubic ran for 0.8 secs (0.8u,0.s) (success)
Tactic call abstract+setoid_rewrite-regression-cubic ran for 0.982 secs (0.982u,0.s) (success)
Tactic call close-abstract+setoid_rewrite-regression-quadratic ran for 0.18 secs (0.18u,0.s)
Params: n= 180
Tactic call setoid_rewrite-regression-cubic ran for 0.884 secs (0.88u,0.003s) (success)
Tactic call abstract+setoid_rewrite-regression-cubic ran for 1.081 secs (1.076u,0.003s) (success)
Tactic call close-abstract+setoid_rewrite-regression-quadratic ran for 0.196 secs (0.196u,0.s)
Params: n= 190
Tactic call setoid_rewrite-regression-cubic ran for 0.982 secs (0.982u,0.s) (success)
Tactic call abstract+setoid_rewrite-regression-cubic ran for 1.21 secs (1.21u,0.s) (success)
Tactic call close-abstract+setoid_rewrite-regression-quadratic ran for 0.227 secs (0.227u,0.s)
Params: n= 210
Tactic call setoid_rewrite-regression-cubic ran for 1.293 secs (1.289u,0.003s) (success)
Tactic call abstract+setoid_rewrite-regression-cubic ran for 1.565 secs (1.561u,0.003s) (success)
Tactic call close-abstract+setoid_rewrite-regression-quadratic ran for 0.271 secs (0.271u,0.s)
Params: n= 220
Tactic call setoid_rewrite-regression-cubic ran for 1.512 secs (1.512u,0.s) (success)
Tactic call abstract+setoid_rewrite-regression-cubic ran for 1.808 secs (1.808u,0.s) (success)
Tactic call close-abstract+setoid_rewrite-regression-quadratic ran for 0.296 secs (0.296u,0.s)
Params: n= 230
Tactic call setoid_rewrite-regression-cubic ran for 1.633 secs (1.625u,0.007s) (success)
Tactic call abstract+setoid_rewrite-regression-cubic ran for 1.956 secs (1.947u,0.007s) (success)
Tactic call close-abstract+setoid_rewrite-regression-quadratic ran for 0.321 secs (0.321u,0.s)
Params: n= 240
Tactic call setoid_rewrite-regression-cubic ran for 1.793 secs (1.793u,0.s) (success)
Tactic call abstract+setoid_rewrite-regression-cubic ran for 2.144 secs (2.144u,0.s) (success)
Tactic call close-abstract+setoid_rewrite-regression-quadratic ran for 0.35 secs (0.35u,0.s)
Params: n= 250
Tactic call setoid_rewrite-regression-cubic ran for 2.058 secs (2.058u,0.s) (success)
Tactic call abstract+setoid_rewrite-regression-cubic ran for 2.441 secs (2.441u,0.s) (success)
Tactic call close-abstract+setoid_rewrite-regression-quadratic ran for 0.382 secs (0.382u,0.s)
Params: n= 300
Tactic call setoid_rewrite-regression-cubic ran for 3.223 secs (3.223u,0.s) (success)
Tactic call abstract+setoid_rewrite-regression-cubic ran for 3.758 secs (3.758u,0.s) (success)
Tactic call close-abstract+setoid_rewrite-regression-quadratic ran for 0.534 secs (0.534u,0.s)
Params: n= 400
Tactic call setoid_rewrite-regression-cubic ran for 6.757 secs (6.757u,0.s) (success)
Tactic call abstract+setoid_rewrite-regression-cubic ran for 7.708 secs (7.708u,0.s) (success)
Tactic call close-abstract+setoid_rewrite-regression-quadratic ran for 0.95 secs (0.95u,0.s)
