Params: n= 4
Tactic call ssr-rewrite!-regression-quadratic ran for 0. secs (0.u,0.s) (success)
Tactic call ssr-rewrite?-noop-regression-linear ran for 0. secs (0.u,0.s) (success)
Tactic call abstract-regression-quadratic ran for 0.001 secs (0.001u,0.s) (success)
Tactic call close-abstract-regression-quadratic ran for 0. secs (0.u,0.s)
Params: n= 5
Tactic call ssr-rewrite!-regression-quadratic ran for 0.001 secs (0.001u,0.s) (success)
Tactic call ssr-rewrite?-noop-regression-linear ran for 0. secs (0.u,0.s) (success)
Tactic call abstract-regression-quadratic ran for 0.002 secs (0.002u,0.s) (success)
Tactic call close-abstract-regression-quadratic ran for 0. secs (0.u,0.s)
Params: n= 6
Tactic call ssr-rewrite!-regression-quadratic ran for 0.001 secs (0.u,0.001s) (success)
Tactic call ssr-rewrite?-noop-regression-linear ran for 0. secs (0.u,0.s) (success)
Tactic call abstract-regression-quadratic ran for 0.002 secs (0.u,0.002s) (success)
Tactic call close-abstract-regression-quadratic ran for 0. secs (0.u,0.s)
Params: n= 7
Tactic call ssr-rewrite!-regression-quadratic ran for 0.002 secs (0.002u,0.s) (success)
Tactic call ssr-rewrite?-noop-regression-linear ran for 0. secs (0.u,0.s) (success)
Tactic call abstract-regression-quadratic ran for 0.003 secs (0.003u,0.s) (success)
Tactic call close-abstract-regression-quadratic ran for 0. secs (0.u,0.s)
Params: n= 8
Tactic call ssr-rewrite!-regression-quadratic ran for 0.003 secs (0.u,0.003s) (success)
Tactic call ssr-rewrite?-noop-regression-linear ran for 0. secs (0.u,0.s) (success)
Tactic call abstract-regression-quadratic ran for 0.004 secs (0.u,0.003s) (success)
Tactic call close-abstract-regression-quadratic ran for 0. secs (0.u,0.s)
Params: n= 9
Tactic call ssr-rewrite!-regression-quadratic ran for 0.002 secs (0.u,0.002s) (success)
Tactic call ssr-rewrite?-noop-regression-linear ran for 0. secs (0.u,0.s) (success)
Tactic call abstract-regression-quadratic ran for 0.004 secs (0.u,0.004s) (success)
Tactic call close-abstract-regression-quadratic ran for 0.001 secs (0.u,0.001s)
Params: n= 10
Tactic call ssr-rewrite!-regression-quadratic ran for 0.003 secs (0.001u,0.001s) (success)
Tactic call ssr-rewrite?-noop-regression-linear ran for 0. secs (0.u,0.s) (success)
Tactic call abstract-regression-quadratic ran for 0.004 secs (0.002u,0.001s) (success)
Tactic call close-abstract-regression-quadratic ran for 0.001 secs (0.u,0.s)
Params: n= 11
Tactic call ssr-rewrite!-regression-quadratic ran for 0.003 secs (0.u,0.003s) (success)
Tactic call ssr-rewrite?-noop-regression-linear ran for 0. secs (0.u,0.s) (success)
Tactic call abstract-regression-quadratic ran for 0.004 secs (0.u,0.004s) (success)
Tactic call close-abstract-regression-quadratic ran for 0.001 secs (0.u,0.001s)
Params: n= 12
Tactic call ssr-rewrite!-regression-quadratic ran for 0.004 secs (0.002u,0.001s) (success)
Tactic call ssr-rewrite?-noop-regression-linear ran for 0. secs (0.u,0.s) (success)
Tactic call abstract-regression-quadratic ran for 0.005 secs (0.003u,0.002s) (success)
Tactic call close-abstract-regression-quadratic ran for 0.001 secs (0.001u,0.s)
Params: n= 13
Tactic call ssr-rewrite!-regression-quadratic ran for 0.004 secs (0.004u,0.s) (success)
Tactic call ssr-rewrite?-noop-regression-linear ran for 0. secs (0.u,0.s) (success)
Tactic call abstract-regression-quadratic ran for 0.006 secs (0.006u,0.s) (success)
Tactic call close-abstract-regression-quadratic ran for 0.002 secs (0.002u,0.s)
Params: n= 14
Tactic call ssr-rewrite!-regression-quadratic ran for 0.062 secs (0.062u,0.s) (success)
Tactic call ssr-rewrite?-noop-regression-linear ran for 0. secs (0.u,0.s) (success)
Tactic call abstract-regression-quadratic ran for 0.064 secs (0.064u,0.s) (success)
Tactic call close-abstract-regression-quadratic ran for 0.001 secs (0.001u,0.s)
Params: n= 15
Tactic call ssr-rewrite!-regression-quadratic ran for 0.005 secs (0.005u,0.s) (success)
Tactic call ssr-rewrite?-noop-regression-linear ran for 0. secs (0.u,0.s) (success)
Tactic call abstract-regression-quadratic ran for 0.007 secs (0.007u,0.s) (success)
Tactic call close-abstract-regression-quadratic ran for 0.001 secs (0.001u,0.s)
Params: n= 16
Tactic call ssr-rewrite!-regression-quadratic ran for 0.004 secs (0.004u,0.s) (success)
Tactic call ssr-rewrite?-noop-regression-linear ran for 0. secs (0.u,0.s) (success)
Tactic call abstract-regression-quadratic ran for 0.007 secs (0.007u,0.s) (success)
Tactic call close-abstract-regression-quadratic ran for 0.002 secs (0.002u,0.s)
Params: n= 17
Tactic call ssr-rewrite!-regression-quadratic ran for 0.004 secs (0.004u,0.s) (success)
Tactic call ssr-rewrite?-noop-regression-linear ran for 0. secs (0.u,0.s) (success)
Tactic call abstract-regression-quadratic ran for 0.008 secs (0.008u,0.s) (success)
Tactic call close-abstract-regression-quadratic ran for 0.002 secs (0.002u,0.s)
Params: n= 18
Tactic call ssr-rewrite!-regression-quadratic ran for 0.005 secs (0.005u,0.s) (success)
Tactic call ssr-rewrite?-noop-regression-linear ran for 0. secs (0.u,0.s) (success)
Tactic call abstract-regression-quadratic ran for 0.009 secs (0.009u,0.s) (success)
Tactic call close-abstract-regression-quadratic ran for 0.002 secs (0.002u,0.s)
Params: n= 19
Tactic call ssr-rewrite!-regression-quadratic ran for 0.006 secs (0.006u,0.s) (success)
Tactic call ssr-rewrite?-noop-regression-linear ran for 0. secs (0.u,0.s) (success)
Tactic call abstract-regression-quadratic ran for 0.009 secs (0.009u,0.s) (success)
Tactic call close-abstract-regression-quadratic ran for 0.003 secs (0.003u,0.s)
Params: n= 20
Tactic call ssr-rewrite!-regression-quadratic ran for 0.007 secs (0.007u,0.s) (success)
Tactic call ssr-rewrite?-noop-regression-linear ran for 0. secs (0.u,0.s) (success)
Tactic call abstract-regression-quadratic ran for 0.011 secs (0.011u,0.s) (success)
Tactic call close-abstract-regression-quadratic ran for 0.003 secs (0.003u,0.s)
Params: n= 21
Tactic call ssr-rewrite!-regression-quadratic ran for 0.007 secs (0.007u,0.s) (success)
Tactic call ssr-rewrite?-noop-regression-linear ran for 0. secs (0.u,0.s) (success)
Tactic call abstract-regression-quadratic ran for 0.011 secs (0.011u,0.s) (success)
Tactic call close-abstract-regression-quadratic ran for 0.003 secs (0.003u,0.s)
Params: n= 22
Tactic call ssr-rewrite!-regression-quadratic ran for 0.008 secs (0.008u,0.s) (success)
Tactic call ssr-rewrite?-noop-regression-linear ran for 0. secs (0.u,0.s) (success)
Tactic call abstract-regression-quadratic ran for 0.012 secs (0.012u,0.s) (success)
Tactic call close-abstract-regression-quadratic ran for 0.004 secs (0.004u,0.s)
Params: n= 23
Tactic call ssr-rewrite!-regression-quadratic ran for 0.008 secs (0.008u,0.s) (success)
Tactic call ssr-rewrite?-noop-regression-linear ran for 0. secs (0.u,0.s) (success)
Tactic call abstract-regression-quadratic ran for 0.018 secs (0.018u,0.s) (success)
Tactic call close-abstract-regression-quadratic ran for 0.009 secs (0.009u,0.s)
Params: n= 24
Tactic call ssr-rewrite!-regression-quadratic ran for 0.009 secs (0.009u,0.s) (success)
Tactic call ssr-rewrite?-noop-regression-linear ran for 0. secs (0.u,0.s) (success)
Tactic call abstract-regression-quadratic ran for 0.014 secs (0.014u,0.s) (success)
Tactic call close-abstract-regression-quadratic ran for 0.004 secs (0.004u,0.s)
Params: n= 25
Tactic call ssr-rewrite!-regression-quadratic ran for 0.011 secs (0.011u,0.s) (success)
Tactic call ssr-rewrite?-noop-regression-linear ran for 0. secs (0.u,0.s) (success)
Tactic call abstract-regression-quadratic ran for 0.018 secs (0.018u,0.s) (success)
Tactic call close-abstract-regression-quadratic ran for 0.005 secs (0.005u,0.s)
Params: n= 26
Tactic call ssr-rewrite!-regression-quadratic ran for 0.011 secs (0.011u,0.s) (success)
Tactic call ssr-rewrite?-noop-regression-linear ran for 0. secs (0.u,0.s) (success)
Tactic call abstract-regression-quadratic ran for 0.018 secs (0.018u,0.s) (success)
Tactic call close-abstract-regression-quadratic ran for 0.006 secs (0.006u,0.s)
Params: n= 27
Tactic call ssr-rewrite!-regression-quadratic ran for 0.011 secs (0.011u,0.s) (success)
Tactic call ssr-rewrite?-noop-regression-linear ran for 0. secs (0.u,0.s) (success)
Tactic call abstract-regression-quadratic ran for 0.017 secs (0.017u,0.s) (success)
Tactic call close-abstract-regression-quadratic ran for 0.006 secs (0.006u,0.s)
Params: n= 28
Tactic call ssr-rewrite!-regression-quadratic ran for 0.012 secs (0.012u,0.s) (success)
Tactic call ssr-rewrite?-noop-regression-linear ran for 0. secs (0.u,0.s) (success)
Tactic call abstract-regression-quadratic ran for 0.019 secs (0.019u,0.s) (success)
Tactic call close-abstract-regression-quadratic ran for 0.006 secs (0.006u,0.s)
Params: n= 29
Tactic call ssr-rewrite!-regression-quadratic ran for 0.013 secs (0.013u,0.s) (success)
Tactic call ssr-rewrite?-noop-regression-linear ran for 0. secs (0.u,0.s) (success)
Tactic call abstract-regression-quadratic ran for 0.033 secs (0.033u,0.s) (success)
Tactic call close-abstract-regression-quadratic ran for 0.019 secs (0.019u,0.s)
Params: n= 30
Tactic call ssr-rewrite!-regression-quadratic ran for 0.013 secs (0.013u,0.s) (success)
Tactic call ssr-rewrite?-noop-regression-linear ran for 0. secs (0.u,0.s) (success)
Tactic call abstract-regression-quadratic ran for 0.021 secs (0.021u,0.s) (success)
Tactic call close-abstract-regression-quadratic ran for 0.007 secs (0.007u,0.s)
Params: n= 31
Tactic call ssr-rewrite!-regression-quadratic ran for 0.015 secs (0.015u,0.s) (success)
Tactic call ssr-rewrite?-noop-regression-linear ran for 0. secs (0.u,0.s) (success)
Tactic call abstract-regression-quadratic ran for 0.024 secs (0.024u,0.s) (success)
Tactic call close-abstract-regression-quadratic ran for 0.008 secs (0.008u,0.s)
Params: n= 32
Tactic call ssr-rewrite!-regression-quadratic ran for 0.016 secs (0.016u,0.s) (success)
Tactic call ssr-rewrite?-noop-regression-linear ran for 0. secs (0.u,0.s) (success)
Tactic call abstract-regression-quadratic ran for 0.024 secs (0.024u,0.s) (success)
Tactic call close-abstract-regression-quadratic ran for 0.007 secs (0.007u,0.s)
Params: n= 33
Tactic call ssr-rewrite!-regression-quadratic ran for 0.015 secs (0.015u,0.s) (success)
Tactic call ssr-rewrite?-noop-regression-linear ran for 0. secs (0.u,0.s) (success)
Tactic call abstract-regression-quadratic ran for 0.024 secs (0.024u,0.s) (success)
Tactic call close-abstract-regression-quadratic ran for 0.008 secs (0.008u,0.s)
Params: n= 34
Tactic call ssr-rewrite!-regression-quadratic ran for 0.016 secs (0.016u,0.s) (success)
Tactic call ssr-rewrite?-noop-regression-linear ran for 0. secs (0.u,0.s) (success)
Tactic call abstract-regression-quadratic ran for 0.026 secs (0.026u,0.s) (success)
Tactic call close-abstract-regression-quadratic ran for 0.009 secs (0.009u,0.s)
Params: n= 35
Tactic call ssr-rewrite!-regression-quadratic ran for 0.031 secs (0.031u,0.s) (success)
Tactic call ssr-rewrite?-noop-regression-linear ran for 0. secs (0.u,0.s) (success)
Tactic call abstract-regression-quadratic ran for 0.042 secs (0.042u,0.s) (success)
Tactic call close-abstract-regression-quadratic ran for 0.01 secs (0.01u,0.s)
Params: n= 36
Tactic call ssr-rewrite!-regression-quadratic ran for 0.019 secs (0.019u,0.s) (success)
Tactic call ssr-rewrite?-noop-regression-linear ran for 0. secs (0.u,0.s) (success)
Tactic call abstract-regression-quadratic ran for 0.03 secs (0.03u,0.s) (success)
Tactic call close-abstract-regression-quadratic ran for 0.01 secs (0.01u,0.s)
Params: n= 37
Tactic call ssr-rewrite!-regression-quadratic ran for 0.02 secs (0.02u,0.s) (success)
Tactic call ssr-rewrite?-noop-regression-linear ran for 0. secs (0.u,0.s) (success)
Tactic call abstract-regression-quadratic ran for 0.032 secs (0.032u,0.s) (success)
Tactic call close-abstract-regression-quadratic ran for 0.011 secs (0.011u,0.s)
Params: n= 38
Tactic call ssr-rewrite!-regression-quadratic ran for 0.02 secs (0.02u,0.s) (success)
Tactic call ssr-rewrite?-noop-regression-linear ran for 0. secs (0.u,0.s) (success)
Tactic call abstract-regression-quadratic ran for 0.032 secs (0.032u,0.s) (success)
Tactic call close-abstract-regression-quadratic ran for 0.011 secs (0.011u,0.s)
Params: n= 39
Tactic call ssr-rewrite!-regression-quadratic ran for 0.021 secs (0.021u,0.s) (success)
Tactic call ssr-rewrite?-noop-regression-linear ran for 0. secs (0.u,0.s) (success)
Tactic call abstract-regression-quadratic ran for 0.034 secs (0.034u,0.s) (success)
Tactic call close-abstract-regression-quadratic ran for 0.012 secs (0.012u,0.s)
Params: n= 40
Tactic call ssr-rewrite!-regression-quadratic ran for 0.022 secs (0.022u,0.s) (success)
Tactic call ssr-rewrite?-noop-regression-linear ran for 0. secs (0.u,0.s) (success)
Tactic call abstract-regression-quadratic ran for 0.093 secs (0.093u,0.s) (success)
Tactic call close-abstract-regression-quadratic ran for 0.07 secs (0.07u,0.s)
Params: n= 41
Tactic call ssr-rewrite!-regression-quadratic ran for 0.024 secs (0.024u,0.s) (success)
Tactic call ssr-rewrite?-noop-regression-linear ran for 0. secs (0.u,0.s) (success)
Tactic call abstract-regression-quadratic ran for 0.038 secs (0.038u,0.s) (success)
Tactic call close-abstract-regression-quadratic ran for 0.013 secs (0.013u,0.s)
Params: n= 42
Tactic call ssr-rewrite!-regression-quadratic ran for 0.024 secs (0.024u,0.s) (success)
Tactic call ssr-rewrite?-noop-regression-linear ran for 0. secs (0.u,0.s) (success)
Tactic call abstract-regression-quadratic ran for 0.041 secs (0.041u,0.s) (success)
Tactic call close-abstract-regression-quadratic ran for 0.016 secs (0.016u,0.s)
Params: n= 43
Tactic call ssr-rewrite!-regression-quadratic ran for 0.024 secs (0.024u,0.s) (success)
Tactic call ssr-rewrite?-noop-regression-linear ran for 0. secs (0.u,0.s) (success)
Tactic call abstract-regression-quadratic ran for 0.041 secs (0.041u,0.s) (success)
Tactic call close-abstract-regression-quadratic ran for 0.015 secs (0.015u,0.s)
Params: n= 44
Tactic call ssr-rewrite!-regression-quadratic ran for 0.057 secs (0.057u,0.s) (success)
Tactic call ssr-rewrite?-noop-regression-linear ran for 0. secs (0.u,0.s) (success)
Tactic call abstract-regression-quadratic ran for 0.073 secs (0.073u,0.s) (success)
Tactic call close-abstract-regression-quadratic ran for 0.015 secs (0.015u,0.s)
Params: n= 45
Tactic call ssr-rewrite!-regression-quadratic ran for 0.027 secs (0.027u,0.s) (success)
Tactic call ssr-rewrite?-noop-regression-linear ran for 0. secs (0.u,0.s) (success)
Tactic call abstract-regression-quadratic ran for 0.047 secs (0.047u,0.s) (success)
Tactic call close-abstract-regression-quadratic ran for 0.016 secs (0.016u,0.s)
Params: n= 46
Tactic call ssr-rewrite!-regression-quadratic ran for 0.029 secs (0.029u,0.s) (success)
Tactic call ssr-rewrite?-noop-regression-linear ran for 0. secs (0.u,0.s) (success)
Tactic call abstract-regression-quadratic ran for 0.047 secs (0.047u,0.s) (success)
Tactic call close-abstract-regression-quadratic ran for 0.016 secs (0.016u,0.s)
Params: n= 47
Tactic call ssr-rewrite!-regression-quadratic ran for 0.03 secs (0.03u,0.s) (success)
Tactic call ssr-rewrite?-noop-regression-linear ran for 0. secs (0.u,0.s) (success)
Tactic call abstract-regression-quadratic ran for 0.049 secs (0.049u,0.s) (success)
Tactic call close-abstract-regression-quadratic ran for 0.018 secs (0.018u,0.s)
Params: n= 48
Tactic call ssr-rewrite!-regression-quadratic ran for 0.032 secs (0.032u,0.s) (success)
Tactic call ssr-rewrite?-noop-regression-linear ran for 0. secs (0.u,0.s) (success)
Tactic call abstract-regression-quadratic ran for 0.052 secs (0.052u,0.s) (success)
Tactic call close-abstract-regression-quadratic ran for 0.019 secs (0.019u,0.s)
Params: n= 49
Tactic call ssr-rewrite!-regression-quadratic ran for 0.032 secs (0.032u,0.s) (success)
Tactic call ssr-rewrite?-noop-regression-linear ran for 0. secs (0.u,0.s) (success)
Tactic call abstract-regression-quadratic ran for 0.051 secs (0.051u,0.s) (success)
Tactic call close-abstract-regression-quadratic ran for 0.018 secs (0.018u,0.s)
Params: n= 51
Tactic call ssr-rewrite!-regression-quadratic ran for 0.034 secs (0.034u,0.s) (success)
Tactic call ssr-rewrite?-noop-regression-linear ran for 0. secs (0.u,0.s) (success)
Tactic call abstract-regression-quadratic ran for 0.058 secs (0.058u,0.s) (success)
Tactic call close-abstract-regression-quadratic ran for 0.022 secs (0.022u,0.s)
Params: n= 52
Tactic call ssr-rewrite!-regression-quadratic ran for 0.035 secs (0.035u,0.s) (success)
Tactic call ssr-rewrite?-noop-regression-linear ran for 0. secs (0.u,0.s) (success)
Tactic call abstract-regression-quadratic ran for 0.058 secs (0.058u,0.s) (success)
Tactic call close-abstract-regression-quadratic ran for 0.022 secs (0.022u,0.s)
Params: n= 53
Tactic call ssr-rewrite!-regression-quadratic ran for 0.035 secs (0.035u,0.s) (success)
Tactic call ssr-rewrite?-noop-regression-linear ran for 0. secs (0.u,0.s) (success)
Tactic call abstract-regression-quadratic ran for 0.06 secs (0.06u,0.s) (success)
Tactic call close-abstract-regression-quadratic ran for 0.023 secs (0.023u,0.s)
Params: n= 54
Tactic call ssr-rewrite!-regression-quadratic ran for 0.038 secs (0.038u,0.s) (success)
Tactic call ssr-rewrite?-noop-regression-linear ran for 0. secs (0.u,0.s) (success)
Tactic call abstract-regression-quadratic ran for 0.063 secs (0.063u,0.s) (success)
Tactic call close-abstract-regression-quadratic ran for 0.023 secs (0.023u,0.s)
Params: n= 55
Tactic call ssr-rewrite!-regression-quadratic ran for 0.04 secs (0.04u,0.s) (success)
Tactic call ssr-rewrite?-noop-regression-linear ran for 0. secs (0.u,0.s) (success)
Tactic call abstract-regression-quadratic ran for 0.068 secs (0.068u,0.s) (success)
Tactic call close-abstract-regression-quadratic ran for 0.027 secs (0.027u,0.s)
Params: n= 56
Tactic call ssr-rewrite!-regression-quadratic ran for 0.038 secs (0.038u,0.s) (success)
Tactic call ssr-rewrite?-noop-regression-linear ran for 0. secs (0.u,0.s) (success)
Tactic call abstract-regression-quadratic ran for 0.065 secs (0.061u,0.003s) (success)
Tactic call close-abstract-regression-quadratic ran for 0.026 secs (0.022u,0.003s)
Params: n= 57
Tactic call ssr-rewrite!-regression-quadratic ran for 0.041 secs (0.041u,0.s) (success)
Tactic call ssr-rewrite?-noop-regression-linear ran for 0. secs (0.u,0.s) (success)
Tactic call abstract-regression-quadratic ran for 0.068 secs (0.068u,0.s) (success)
Tactic call close-abstract-regression-quadratic ran for 0.026 secs (0.026u,0.s)
Params: n= 58
Tactic call ssr-rewrite!-regression-quadratic ran for 0.042 secs (0.042u,0.s) (success)
Tactic call ssr-rewrite?-noop-regression-linear ran for 0. secs (0.u,0.s) (success)
Tactic call abstract-regression-quadratic ran for 0.069 secs (0.065u,0.003s) (success)
Tactic call close-abstract-regression-quadratic ran for 0.026 secs (0.022u,0.003s)
Params: n= 59
Tactic call ssr-rewrite!-regression-quadratic ran for 0.045 secs (0.045u,0.s) (success)
Tactic call ssr-rewrite?-noop-regression-linear ran for 0. secs (0.u,0.s) (success)
Tactic call abstract-regression-quadratic ran for 0.07 secs (0.07u,0.s) (success)
Tactic call close-abstract-regression-quadratic ran for 0.024 secs (0.024u,0.s)
Params: n= 60
Tactic call ssr-rewrite!-regression-quadratic ran for 0.043 secs (0.043u,0.s) (success)
Tactic call ssr-rewrite?-noop-regression-linear ran for 0. secs (0.u,0.s) (success)
Tactic call abstract-regression-quadratic ran for 0.072 secs (0.072u,0.s) (success)
Tactic call close-abstract-regression-quadratic ran for 0.027 secs (0.027u,0.s)
Params: n= 61
Tactic call ssr-rewrite!-regression-quadratic ran for 0.05 secs (0.05u,0.s) (success)
Tactic call ssr-rewrite?-noop-regression-linear ran for 0. secs (0.u,0.s) (success)
Tactic call abstract-regression-quadratic ran for 0.082 secs (0.082u,0.s) (success)
Tactic call close-abstract-regression-quadratic ran for 0.03 secs (0.03u,0.s)
Params: n= 62
Tactic call ssr-rewrite!-regression-quadratic ran for 0.047 secs (0.047u,0.s) (success)
Tactic call ssr-rewrite?-noop-regression-linear ran for 0. secs (0.u,0.s) (success)
Tactic call abstract-regression-quadratic ran for 0.08 secs (0.08u,0.s) (success)
Tactic call close-abstract-regression-quadratic ran for 0.032 secs (0.032u,0.s)
Params: n= 63
Tactic call ssr-rewrite!-regression-quadratic ran for 0.049 secs (0.049u,0.s) (success)
Tactic call ssr-rewrite?-noop-regression-linear ran for 0. secs (0.u,0.s) (success)
Tactic call abstract-regression-quadratic ran for 0.081 secs (0.081u,0.s) (success)
Tactic call close-abstract-regression-quadratic ran for 0.031 secs (0.031u,0.s)
Params: n= 64
Tactic call ssr-rewrite!-regression-quadratic ran for 0.049 secs (0.047u,0.002s) (success)
Tactic call ssr-rewrite?-noop-regression-linear ran for 0. secs (0.u,0.s) (success)
Tactic call abstract-regression-quadratic ran for 0.081 secs (0.078u,0.002s) (success)
Tactic call close-abstract-regression-quadratic ran for 0.031 secs (0.031u,0.s)
Params: n= 65
Tactic call ssr-rewrite!-regression-quadratic ran for 0.054 secs (0.05u,0.003s) (success)
Tactic call ssr-rewrite?-noop-regression-linear ran for 0. secs (0.u,0.s) (success)
Tactic call abstract-regression-quadratic ran for 0.085 secs (0.081u,0.003s) (success)
Tactic call close-abstract-regression-quadratic ran for 0.03 secs (0.03u,0.s)
Params: n= 66
Tactic call ssr-rewrite!-regression-quadratic ran for 0.054 secs (0.054u,0.s) (success)
Tactic call ssr-rewrite?-noop-regression-linear ran for 0. secs (0.u,0.s) (success)
Tactic call abstract-regression-quadratic ran for 0.093 secs (0.093u,0.s) (success)
Tactic call close-abstract-regression-quadratic ran for 0.037 secs (0.037u,0.s)
Params: n= 67
Tactic call ssr-rewrite!-regression-quadratic ran for 0.055 secs (0.055u,0.s) (success)
Tactic call ssr-rewrite?-noop-regression-linear ran for 0. secs (0.u,0.s) (success)
Tactic call abstract-regression-quadratic ran for 0.094 secs (0.094u,0.s) (success)
Tactic call close-abstract-regression-quadratic ran for 0.037 secs (0.037u,0.s)
Params: n= 68
Tactic call ssr-rewrite!-regression-quadratic ran for 0.06 secs (0.06u,0.s) (success)
Tactic call ssr-rewrite?-noop-regression-linear ran for 0. secs (0.u,0.s) (success)
Tactic call abstract-regression-quadratic ran for 0.097 secs (0.097u,0.s) (success)
Tactic call close-abstract-regression-quadratic ran for 0.036 secs (0.036u,0.s)
Params: n= 69
Tactic call ssr-rewrite!-regression-quadratic ran for 0.064 secs (0.064u,0.s) (success)
Tactic call ssr-rewrite?-noop-regression-linear ran for 0. secs (0.u,0.s) (success)
Tactic call abstract-regression-quadratic ran for 0.101 secs (0.101u,0.s) (success)
Tactic call close-abstract-regression-quadratic ran for 0.036 secs (0.036u,0.s)
Params: n= 70
Tactic call ssr-rewrite!-regression-quadratic ran for 0.061 secs (0.061u,0.s) (success)
Tactic call ssr-rewrite?-noop-regression-linear ran for 0. secs (0.u,0.s) (success)
Tactic call abstract-regression-quadratic ran for 0.103 secs (0.103u,0.s) (success)
Tactic call close-abstract-regression-quadratic ran for 0.041 secs (0.041u,0.s)
Params: n= 71
Tactic call ssr-rewrite!-regression-quadratic ran for 0.063 secs (0.063u,0.s) (success)
Tactic call ssr-rewrite?-noop-regression-linear ran for 0. secs (0.u,0.s) (success)
Tactic call abstract-regression-quadratic ran for 0.104 secs (0.104u,0.s) (success)
Tactic call close-abstract-regression-quadratic ran for 0.04 secs (0.04u,0.s)
Params: n= 72
Tactic call ssr-rewrite!-regression-quadratic ran for 0.064 secs (0.064u,0.s) (success)
Tactic call ssr-rewrite?-noop-regression-linear ran for 0. secs (0.u,0.s) (success)
Tactic call abstract-regression-quadratic ran for 0.107 secs (0.107u,0.s) (success)
Tactic call close-abstract-regression-quadratic ran for 0.041 secs (0.041u,0.s)
Params: n= 73
Tactic call ssr-rewrite!-regression-quadratic ran for 0.066 secs (0.066u,0.s) (success)
Tactic call ssr-rewrite?-noop-regression-linear ran for 0. secs (0.u,0.s) (success)
Tactic call abstract-regression-quadratic ran for 0.11 secs (0.11u,0.s) (success)
Tactic call close-abstract-regression-quadratic ran for 0.042 secs (0.042u,0.s)
Params: n= 74
Tactic call ssr-rewrite!-regression-quadratic ran for 0.07 secs (0.07u,0.s) (success)
Tactic call ssr-rewrite?-noop-regression-linear ran for 0. secs (0.u,0.s) (success)
Tactic call abstract-regression-quadratic ran for 0.114 secs (0.114u,0.s) (success)
Tactic call close-abstract-regression-quadratic ran for 0.043 secs (0.043u,0.s)
Params: n= 75
Tactic call ssr-rewrite!-regression-quadratic ran for 0.072 secs (0.07u,0.002s) (success)
Tactic call ssr-rewrite?-noop-regression-linear ran for 0. secs (0.u,0.s) (success)
Tactic call abstract-regression-quadratic ran for 0.118 secs (0.115u,0.002s) (success)
Tactic call close-abstract-regression-quadratic ran for 0.045 secs (0.045u,0.s)
Params: n= 76
Tactic call ssr-rewrite!-regression-quadratic ran for 0.074 secs (0.074u,0.s) (success)
Tactic call ssr-rewrite?-noop-regression-linear ran for 0. secs (0.u,0.s) (success)
Tactic call abstract-regression-quadratic ran for 0.12 secs (0.12u,0.s) (success)
Tactic call close-abstract-regression-quadratic ran for 0.044 secs (0.044u,0.s)
Params: n= 77
Tactic call ssr-rewrite!-regression-quadratic ran for 0.075 secs (0.075u,0.s) (success)
Tactic call ssr-rewrite?-noop-regression-linear ran for 0. secs (0.u,0.s) (success)
Tactic call abstract-regression-quadratic ran for 0.124 secs (0.124u,0.s) (success)
Tactic call close-abstract-regression-quadratic ran for 0.048 secs (0.048u,0.s)
Params: n= 78
Tactic call ssr-rewrite!-regression-quadratic ran for 0.077 secs (0.077u,0.s) (success)
Tactic call ssr-rewrite?-noop-regression-linear ran for 0. secs (0.u,0.s) (success)
Tactic call abstract-regression-quadratic ran for 0.125 secs (0.125u,0.s) (success)
Tactic call close-abstract-regression-quadratic ran for 0.047 secs (0.047u,0.s)
Params: n= 79
Tactic call ssr-rewrite!-regression-quadratic ran for 0.081 secs (0.081u,0.s) (success)
Tactic call ssr-rewrite?-noop-regression-linear ran for 0. secs (0.u,0.s) (success)
Tactic call abstract-regression-quadratic ran for 0.131 secs (0.131u,0.s) (success)
Tactic call close-abstract-regression-quadratic ran for 0.049 secs (0.049u,0.s)
Params: n= 80
Tactic call ssr-rewrite!-regression-quadratic ran for 0.081 secs (0.081u,0.s) (success)
Tactic call ssr-rewrite?-noop-regression-linear ran for 0. secs (0.u,0.s) (success)
Tactic call abstract-regression-quadratic ran for 0.131 secs (0.131u,0.s) (success)
Tactic call close-abstract-regression-quadratic ran for 0.049 secs (0.049u,0.s)
Params: n= 81
Tactic call ssr-rewrite!-regression-quadratic ran for 0.084 secs (0.084u,0.s) (success)
Tactic call ssr-rewrite?-noop-regression-linear ran for 0. secs (0.u,0.s) (success)
Tactic call abstract-regression-quadratic ran for 0.138 secs (0.138u,0.s) (success)
Tactic call close-abstract-regression-quadratic ran for 0.052 secs (0.052u,0.s)
Params: n= 82
Tactic call ssr-rewrite!-regression-quadratic ran for 0.083 secs (0.083u,0.s) (success)
Tactic call ssr-rewrite?-noop-regression-linear ran for 0. secs (0.u,0.s) (success)
Tactic call abstract-regression-quadratic ran for 0.139 secs (0.139u,0.s) (success)
Tactic call close-abstract-regression-quadratic ran for 0.055 secs (0.055u,0.s)
Params: n= 83
Tactic call ssr-rewrite!-regression-quadratic ran for 0.092 secs (0.092u,0.s) (success)
Tactic call ssr-rewrite?-noop-regression-linear ran for 0. secs (0.u,0.s) (success)
Tactic call abstract-regression-quadratic ran for 0.15 secs (0.15u,0.s) (success)
Tactic call close-abstract-regression-quadratic ran for 0.056 secs (0.056u,0.s)
Params: n= 84
Tactic call ssr-rewrite!-regression-quadratic ran for 0.099 secs (0.099u,0.s) (success)
Tactic call ssr-rewrite?-noop-regression-linear ran for 0. secs (0.u,0.s) (success)
Tactic call abstract-regression-quadratic ran for 0.158 secs (0.158u,0.s) (success)
Tactic call close-abstract-regression-quadratic ran for 0.057 secs (0.057u,0.s)
Params: n= 85
Tactic call ssr-rewrite!-regression-quadratic ran for 0.091 secs (0.091u,0.s) (success)
Tactic call ssr-rewrite?-noop-regression-linear ran for 0. secs (0.u,0.s) (success)
Tactic call abstract-regression-quadratic ran for 0.149 secs (0.149u,0.s) (success)
Tactic call close-abstract-regression-quadratic ran for 0.057 secs (0.057u,0.s)
Params: n= 86
Tactic call ssr-rewrite!-regression-quadratic ran for 0.094 secs (0.094u,0.s) (success)
Tactic call ssr-rewrite?-noop-regression-linear ran for 0. secs (0.u,0.s) (success)
Tactic call abstract-regression-quadratic ran for 0.155 secs (0.155u,0.s) (success)
Tactic call close-abstract-regression-quadratic ran for 0.058 secs (0.058u,0.s)
Params: n= 87
Tactic call ssr-rewrite!-regression-quadratic ran for 0.094 secs (0.094u,0.s) (success)
Tactic call ssr-rewrite?-noop-regression-linear ran for 0. secs (0.u,0.s) (success)
Tactic call abstract-regression-quadratic ran for 0.162 secs (0.162u,0.s) (success)
Tactic call close-abstract-regression-quadratic ran for 0.066 secs (0.066u,0.s)
Params: n= 88
Tactic call ssr-rewrite!-regression-quadratic ran for 0.105 secs (0.101u,0.003s) (success)
Tactic call ssr-rewrite?-noop-regression-linear ran for 0. secs (0.u,0.s) (success)
Tactic call abstract-regression-quadratic ran for 0.164 secs (0.16u,0.003s) (success)
Tactic call close-abstract-regression-quadratic ran for 0.057 secs (0.057u,0.s)
Params: n= 89
Tactic call ssr-rewrite!-regression-quadratic ran for 0.101 secs (0.101u,0.s) (success)
Tactic call ssr-rewrite?-noop-regression-linear ran for 0. secs (0.u,0.s) (success)
Tactic call abstract-regression-quadratic ran for 0.168 secs (0.168u,0.s) (success)
Tactic call close-abstract-regression-quadratic ran for 0.065 secs (0.065u,0.s)
Params: n= 90
Tactic call ssr-rewrite!-regression-quadratic ran for 0.099 secs (0.099u,0.s) (success)
Tactic call ssr-rewrite?-noop-regression-linear ran for 0. secs (0.u,0.s) (success)
Tactic call abstract-regression-quadratic ran for 0.166 secs (0.166u,0.s) (success)
Tactic call close-abstract-regression-quadratic ran for 0.065 secs (0.065u,0.s)
Params: n= 91
Tactic call ssr-rewrite!-regression-quadratic ran for 0.1 secs (0.1u,0.s) (success)
Tactic call ssr-rewrite?-noop-regression-linear ran for 0. secs (0.u,0.s) (success)
Tactic call abstract-regression-quadratic ran for 0.166 secs (0.166u,0.s) (success)
Tactic call close-abstract-regression-quadratic ran for 0.064 secs (0.064u,0.s)
Params: n= 92
Tactic call ssr-rewrite!-regression-quadratic ran for 0.109 secs (0.109u,0.s) (success)
Tactic call ssr-rewrite?-noop-regression-linear ran for 0. secs (0.u,0.s) (success)
Tactic call abstract-regression-quadratic ran for 0.179 secs (0.179u,0.s) (success)
Tactic call close-abstract-regression-quadratic ran for 0.069 secs (0.069u,0.s)
Params: n= 93
Tactic call ssr-rewrite!-regression-quadratic ran for 0.103 secs (0.103u,0.s) (success)
Tactic call ssr-rewrite?-noop-regression-linear ran for 0. secs (0.u,0.s) (success)
Tactic call abstract-regression-quadratic ran for 0.174 secs (0.17u,0.003s) (success)
Tactic call close-abstract-regression-quadratic ran for 0.07 secs (0.066u,0.003s)
Params: n= 94
Tactic call ssr-rewrite!-regression-quadratic ran for 0.114 secs (0.114u,0.s) (success)
Tactic call ssr-rewrite?-noop-regression-linear ran for 0. secs (0.u,0.s) (success)
Tactic call abstract-regression-quadratic ran for 0.19 secs (0.19u,0.s) (success)
Tactic call close-abstract-regression-quadratic ran for 0.074 secs (0.074u,0.s)
Params: n= 95
Tactic call ssr-rewrite!-regression-quadratic ran for 0.112 secs (0.112u,0.s) (success)
Tactic call ssr-rewrite?-noop-regression-linear ran for 0. secs (0.u,0.s) (success)
Tactic call abstract-regression-quadratic ran for 0.186 secs (0.186u,0.s) (success)
Tactic call close-abstract-regression-quadratic ran for 0.072 secs (0.072u,0.s)
Params: n= 96
Tactic call ssr-rewrite!-regression-quadratic ran for 0.124 secs (0.124u,0.s) (success)
Tactic call ssr-rewrite?-noop-regression-linear ran for 0. secs (0.u,0.s) (success)
Tactic call abstract-regression-quadratic ran for 0.2 secs (0.2u,0.s) (success)
Tactic call close-abstract-regression-quadratic ran for 0.075 secs (0.075u,0.s)
Params: n= 97
Tactic call ssr-rewrite!-regression-quadratic ran for 0.115 secs (0.115u,0.s) (success)
Tactic call ssr-rewrite?-noop-regression-linear ran for 0. secs (0.u,0.s) (success)
Tactic call abstract-regression-quadratic ran for 0.196 secs (0.196u,0.s) (success)
Tactic call close-abstract-regression-quadratic ran for 0.079 secs (0.079u,0.s)
Params: n= 98
Tactic call ssr-rewrite!-regression-quadratic ran for 0.125 secs (0.125u,0.s) (success)
Tactic call ssr-rewrite?-noop-regression-linear ran for 0. secs (0.u,0.s) (success)
Tactic call abstract-regression-quadratic ran for 0.204 secs (0.204u,0.s) (success)
Tactic call close-abstract-regression-quadratic ran for 0.078 secs (0.078u,0.s)
Params: n= 99
Tactic call ssr-rewrite!-regression-quadratic ran for 0.124 secs (0.124u,0.s) (success)
Tactic call ssr-rewrite?-noop-regression-linear ran for 0. secs (0.u,0.s) (success)
Tactic call abstract-regression-quadratic ran for 0.208 secs (0.208u,0.s) (success)
Tactic call close-abstract-regression-quadratic ran for 0.082 secs (0.082u,0.s)
Params: n= 110
Tactic call ssr-rewrite!-regression-quadratic ran for 0.153 secs (0.153u,0.s) (success)
Tactic call ssr-rewrite?-noop-regression-linear ran for 0. secs (0.u,0.s) (success)
Tactic call abstract-regression-quadratic ran for 0.251 secs (0.251u,0.s) (success)
Tactic call close-abstract-regression-quadratic ran for 0.096 secs (0.096u,0.s)
Params: n= 120
Tactic call ssr-rewrite!-regression-quadratic ran for 0.182 secs (0.178u,0.003s) (success)
Tactic call ssr-rewrite?-noop-regression-linear ran for 0. secs (0.u,0.s) (success)
Tactic call abstract-regression-quadratic ran for 0.294 secs (0.29u,0.003s) (success)
Tactic call close-abstract-regression-quadratic ran for 0.111 secs (0.111u,0.s)
Params: n= 130
Tactic call ssr-rewrite!-regression-quadratic ran for 0.21 secs (0.209u,0.s) (success)
Tactic call ssr-rewrite?-noop-regression-linear ran for 0. secs (0.u,0.s) (success)
Tactic call abstract-regression-quadratic ran for 0.342 secs (0.341u,0.s) (success)
Tactic call close-abstract-regression-quadratic ran for 0.13 secs (0.13u,0.s)
Params: n= 140
Tactic call ssr-rewrite!-regression-quadratic ran for 0.239 secs (0.239u,0.s) (success)
Tactic call ssr-rewrite?-noop-regression-linear ran for 0. secs (0.u,0.s) (success)
Tactic call abstract-regression-quadratic ran for 0.393 secs (0.389u,0.003s) (success)
Tactic call close-abstract-regression-quadratic ran for 0.152 secs (0.148u,0.003s)
Params: n= 160
Tactic call ssr-rewrite!-regression-quadratic ran for 0.306 secs (0.306u,0.s) (success)
Tactic call ssr-rewrite?-noop-regression-linear ran for 0. secs (0.u,0.s) (success)
Tactic call abstract-regression-quadratic ran for 0.508 secs (0.508u,0.s) (success)
Tactic call close-abstract-regression-quadratic ran for 0.201 secs (0.201u,0.s)
Params: n= 170
Tactic call ssr-rewrite!-regression-quadratic ran for 0.339 secs (0.339u,0.s) (success)
Tactic call ssr-rewrite?-noop-regression-linear ran for 0. secs (0.u,0.s) (success)
Tactic call abstract-regression-quadratic ran for 0.56 secs (0.56u,0.s) (success)
Tactic call close-abstract-regression-quadratic ran for 0.219 secs (0.219u,0.s)
Params: n= 180
Tactic call ssr-rewrite!-regression-quadratic ran for 0.388 secs (0.384u,0.003s) (success)
Tactic call ssr-rewrite?-noop-regression-linear ran for 0. secs (0.u,0.s) (success)
Tactic call abstract-regression-quadratic ran for 0.651 secs (0.647u,0.003s) (success)
Tactic call close-abstract-regression-quadratic ran for 0.261 secs (0.261u,0.s)
Params: n= 190
Tactic call ssr-rewrite!-regression-quadratic ran for 0.42 secs (0.416u,0.003s) (success)
Tactic call ssr-rewrite?-noop-regression-linear ran for 0. secs (0.u,0.s) (success)
Tactic call abstract-regression-quadratic ran for 0.702 secs (0.698u,0.004s) (success)
Tactic call close-abstract-regression-quadratic ran for 0.28 secs (0.28u,0.s)
Params: n= 210
Tactic call ssr-rewrite!-regression-quadratic ran for 0.5 secs (0.5u,0.s) (success)
Tactic call ssr-rewrite?-noop-regression-linear ran for 0. secs (0.u,0.s) (success)
Tactic call abstract-regression-quadratic ran for 0.841 secs (0.841u,0.s) (success)
Tactic call close-abstract-regression-quadratic ran for 0.339 secs (0.339u,0.s)
Params: n= 220
Tactic call ssr-rewrite!-regression-quadratic ran for 0.542 secs (0.542u,0.s) (success)
Tactic call ssr-rewrite?-noop-regression-linear ran for 0. secs (0.u,0.s) (success)
Tactic call abstract-regression-quadratic ran for 0.94 secs (0.936u,0.003s) (success)
Tactic call close-abstract-regression-quadratic ran for 0.396 secs (0.392u,0.003s)
Params: n= 230
Tactic call ssr-rewrite!-regression-quadratic ran for 0.582 secs (0.582u,0.s) (success)
Tactic call ssr-rewrite?-noop-regression-linear ran for 0. secs (0.u,0.s) (success)
Tactic call abstract-regression-quadratic ran for 1.167 secs (1.167u,0.s) (success)
Tactic call close-abstract-regression-quadratic ran for 0.583 secs (0.583u,0.s)
Params: n= 240
Tactic call ssr-rewrite!-regression-quadratic ran for 0.644 secs (0.644u,0.s) (success)
Tactic call ssr-rewrite?-noop-regression-linear ran for 0. secs (0.u,0.s) (success)
Tactic call abstract-regression-quadratic ran for 1.099 secs (1.099u,0.s) (success)
Tactic call close-abstract-regression-quadratic ran for 0.452 secs (0.452u,0.s)
Params: n= 260
Tactic call ssr-rewrite!-regression-quadratic ran for 0.74 secs (0.74u,0.s) (success)
Tactic call ssr-rewrite?-noop-regression-linear ran for 0. secs (0.u,0.s) (success)
Tactic call abstract-regression-quadratic ran for 1.248 secs (1.248u,0.s) (success)
Tactic call close-abstract-regression-quadratic ran for 0.506 secs (0.506u,0.s)
Params: n= 270
Tactic call ssr-rewrite!-regression-quadratic ran for 0.774 secs (0.774u,0.s) (success)
Tactic call ssr-rewrite?-noop-regression-linear ran for 0. secs (0.u,0.s) (success)
Tactic call abstract-regression-quadratic ran for 1.314 secs (1.314u,0.s) (success)
Tactic call close-abstract-regression-quadratic ran for 0.538 secs (0.538u,0.s)
Params: n= 280
Tactic call ssr-rewrite!-regression-quadratic ran for 0.864 secs (0.864u,0.s) (success)
Tactic call ssr-rewrite?-noop-regression-linear ran for 0. secs (0.u,0.s) (success)
Tactic call abstract-regression-quadratic ran for 1.441 secs (1.441u,0.s) (success)
Tactic call close-abstract-regression-quadratic ran for 0.575 secs (0.575u,0.s)
Params: n= 290
Tactic call ssr-rewrite!-regression-quadratic ran for 0.922 secs (0.922u,0.s) (success)
Tactic call ssr-rewrite?-noop-regression-linear ran for 0. secs (0.u,0.s) (success)
Tactic call abstract-regression-quadratic ran for 1.567 secs (1.567u,0.s) (success)
Tactic call close-abstract-regression-quadratic ran for 0.642 secs (0.642u,0.s)
Params: n= 310
Tactic call ssr-rewrite!-regression-quadratic ran for 1.025 secs (1.025u,0.s) (success)
Tactic call ssr-rewrite?-noop-regression-linear ran for 0. secs (0.u,0.s) (success)
Tactic call abstract-regression-quadratic ran for 1.74 secs (1.732u,0.007s) (success)
Tactic call close-abstract-regression-quadratic ran for 0.713 secs (0.705u,0.007s)
Params: n= 320
Tactic call ssr-rewrite!-regression-quadratic ran for 1.12 secs (1.12u,0.s) (success)
Tactic call ssr-rewrite?-noop-regression-linear ran for 0. secs (0.u,0.s) (success)
Tactic call abstract-regression-quadratic ran for 1.906 secs (1.906u,0.s) (success)
Tactic call close-abstract-regression-quadratic ran for 0.783 secs (0.783u,0.s)
Params: n= 330
Tactic call ssr-rewrite!-regression-quadratic ran for 1.203 secs (1.203u,0.s) (success)
Tactic call ssr-rewrite?-noop-regression-linear ran for 0. secs (0.u,0.s) (success)
Tactic call abstract-regression-quadratic ran for 2.013 secs (2.013u,0.s) (success)
Tactic call close-abstract-regression-quadratic ran for 0.807 secs (0.806u,0.s)
Params: n= 340
Tactic call ssr-rewrite!-regression-quadratic ran for 1.276 secs (1.27u,0.003s) (success)
Tactic call ssr-rewrite?-noop-regression-linear ran for 0. secs (0.u,0.s) (success)
Tactic call abstract-regression-quadratic ran for 2.126 secs (2.12u,0.003s) (success)
Tactic call close-abstract-regression-quadratic ran for 0.848 secs (0.847u,0.s)
Params: n= 360
Tactic call ssr-rewrite!-regression-quadratic ran for 1.405 secs (1.404u,0.s) (success)
Tactic call ssr-rewrite?-noop-regression-linear ran for 0. secs (0.u,0.s) (success)
Tactic call abstract-regression-quadratic ran for 2.373 secs (2.36u,0.012s) (success)
Tactic call close-abstract-regression-quadratic ran for 0.966 secs (0.954u,0.011s)
Params: n= 370
Tactic call ssr-rewrite!-regression-quadratic ran for 1.71 secs (1.71u,0.s) (success)
Tactic call ssr-rewrite?-noop-regression-linear ran for 0. secs (0.u,0.s) (success)
Tactic call abstract-regression-quadratic ran for 2.741 secs (2.741u,0.s) (success)
Tactic call close-abstract-regression-quadratic ran for 1.028 secs (1.028u,0.s)
Params: n= 380
Tactic call ssr-rewrite!-regression-quadratic ran for 1.57 secs (1.57u,0.s) (success)
Tactic call ssr-rewrite?-noop-regression-linear ran for 0. secs (0.u,0.s) (success)
Tactic call abstract-regression-quadratic ran for 2.601 secs (2.601u,0.s) (success)
Tactic call close-abstract-regression-quadratic ran for 1.029 secs (1.028u,0.s)
Params: n= 390
Tactic call ssr-rewrite!-regression-quadratic ran for 1.616 secs (1.616u,0.s) (success)
Tactic call ssr-rewrite?-noop-regression-linear ran for 0. secs (0.u,0.s) (success)
Tactic call abstract-regression-quadratic ran for 2.721 secs (2.717u,0.003s) (success)
Tactic call close-abstract-regression-quadratic ran for 1.102 secs (1.098u,0.003s)
