Params: n= 4
Tactic call rewrite!-regression-quadratic ran for 0.001 secs (0.u,0.s) (success)
Tactic call rewrite?-noop-regression-linear ran for 0. secs (0.u,0.s) (success)
Tactic call abstract+rewrite!-regression-quadratic ran for 0.001 secs (0.001u,0.s) (success)
Tactic call close-abstract+rewrite!-regression-quadratic ran for 0. secs (0.u,0.s)
Params: n= 5
Tactic call rewrite!-regression-quadratic ran for 0.001 secs (0.u,0.s) (success)
Tactic call rewrite?-noop-regression-linear ran for 0. secs (0.u,0.s) (success)
Tactic call abstract+rewrite!-regression-quadratic ran for 0.002 secs (0.001u,0.s) (success)
Tactic call close-abstract+rewrite!-regression-quadratic ran for 0. secs (0.u,0.s)
Params: n= 6
Tactic call rewrite!-regression-quadratic ran for 0.001 secs (0.001u,0.s) (success)
Tactic call rewrite?-noop-regression-linear ran for 0. secs (0.u,0.s) (success)
Tactic call abstract+rewrite!-regression-quadratic ran for 0.002 secs (0.002u,0.s) (success)
Tactic call close-abstract+rewrite!-regression-quadratic ran for 0. secs (0.u,0.s)
Params: n= 7
Tactic call rewrite!-regression-quadratic ran for 0.001 secs (0.001u,0.s) (success)
Tactic call rewrite?-noop-regression-linear ran for 0. secs (0.u,0.s) (success)
Tactic call abstract+rewrite!-regression-quadratic ran for 0.002 secs (0.002u,0.s) (success)
Tactic call close-abstract+rewrite!-regression-quadratic ran for 0. secs (0.u,0.s)
Params: n= 8
Tactic call rewrite!-regression-quadratic ran for 0.001 secs (0.001u,0.s) (success)
Tactic call rewrite?-noop-regression-linear ran for 0. secs (0.u,0.s) (success)
Tactic call abstract+rewrite!-regression-quadratic ran for 0.003 secs (0.003u,0.s) (success)
Tactic call close-abstract+rewrite!-regression-quadratic ran for 0. secs (0.u,0.s)
Params: n= 9
Tactic call rewrite!-regression-quadratic ran for 0.002 secs (0.002u,0.s) (success)
Tactic call rewrite?-noop-regression-linear ran for 0. secs (0.u,0.s) (success)
Tactic call abstract+rewrite!-regression-quadratic ran for 0.003 secs (0.003u,0.s) (success)
Tactic call close-abstract+rewrite!-regression-quadratic ran for 0.001 secs (0.001u,0.s)
Params: n= 10
Tactic call rewrite!-regression-quadratic ran for 0.002 secs (0.002u,0.s) (success)
Tactic call rewrite?-noop-regression-linear ran for 0. secs (0.u,0.s) (success)
Tactic call abstract+rewrite!-regression-quadratic ran for 0.004 secs (0.004u,0.s) (success)
Tactic call close-abstract+rewrite!-regression-quadratic ran for 0.001 secs (0.001u,0.s)
Params: n= 11
Tactic call rewrite!-regression-quadratic ran for 0.002 secs (0.002u,0.s) (success)
Tactic call rewrite?-noop-regression-linear ran for 0. secs (0.u,0.s) (success)
Tactic call abstract+rewrite!-regression-quadratic ran for 0.005 secs (0.005u,0.s) (success)
Tactic call close-abstract+rewrite!-regression-quadratic ran for 0.001 secs (0.001u,0.s)
Params: n= 12
Tactic call rewrite!-regression-quadratic ran for 0.003 secs (0.003u,0.s) (success)
Tactic call rewrite?-noop-regression-linear ran for 0. secs (0.u,0.s) (success)
Tactic call abstract+rewrite!-regression-quadratic ran for 0.005 secs (0.005u,0.s) (success)
Tactic call close-abstract+rewrite!-regression-quadratic ran for 0.001 secs (0.001u,0.s)
Params: n= 13
Tactic call rewrite!-regression-quadratic ran for 0.004 secs (0.004u,0.s) (success)
Tactic call rewrite?-noop-regression-linear ran for 0. secs (0.u,0.s) (success)
Tactic call abstract+rewrite!-regression-quadratic ran for 0.006 secs (0.006u,0.s) (success)
Tactic call close-abstract+rewrite!-regression-quadratic ran for 0.001 secs (0.001u,0.s)
Params: n= 14
Tactic call rewrite!-regression-quadratic ran for 0.004 secs (0.004u,0.s) (success)
Tactic call rewrite?-noop-regression-linear ran for 0. secs (0.u,0.s) (success)
Tactic call abstract+rewrite!-regression-quadratic ran for 0.007 secs (0.007u,0.s) (success)
Tactic call close-abstract+rewrite!-regression-quadratic ran for 0.002 secs (0.002u,0.s)
Params: n= 15
Tactic call rewrite!-regression-quadratic ran for 0.004 secs (0.004u,0.s) (success)
Tactic call rewrite?-noop-regression-linear ran for 0. secs (0.u,0.s) (success)
Tactic call abstract+rewrite!-regression-quadratic ran for 0.007 secs (0.007u,0.s) (success)
Tactic call close-abstract+rewrite!-regression-quadratic ran for 0.002 secs (0.002u,0.s)
Params: n= 16
Tactic call rewrite!-regression-quadratic ran for 0.005 secs (0.005u,0.s) (success)
Tactic call rewrite?-noop-regression-linear ran for 0. secs (0.u,0.s) (success)
Tactic call abstract+rewrite!-regression-quadratic ran for 0.008 secs (0.008u,0.s) (success)
Tactic call close-abstract+rewrite!-regression-quadratic ran for 0.002 secs (0.002u,0.s)
Params: n= 17
Tactic call rewrite!-regression-quadratic ran for 0.005 secs (0.005u,0.s) (success)
Tactic call rewrite?-noop-regression-linear ran for 0. secs (0.u,0.s) (success)
Tactic call abstract+rewrite!-regression-quadratic ran for 0.009 secs (0.009u,0.s) (success)
Tactic call close-abstract+rewrite!-regression-quadratic ran for 0.003 secs (0.003u,0.s)
Params: n= 18
Tactic call rewrite!-regression-quadratic ran for 0.006 secs (0.006u,0.s) (success)
Tactic call rewrite?-noop-regression-linear ran for 0. secs (0.u,0.s) (success)
Tactic call abstract+rewrite!-regression-quadratic ran for 0.01 secs (0.01u,0.s) (success)
Tactic call close-abstract+rewrite!-regression-quadratic ran for 0.003 secs (0.003u,0.s)
Params: n= 19
Tactic call rewrite!-regression-quadratic ran for 0.007 secs (0.007u,0.s) (success)
Tactic call rewrite?-noop-regression-linear ran for 0. secs (0.u,0.s) (success)
Tactic call abstract+rewrite!-regression-quadratic ran for 0.02 secs (0.013u,0.007s) (success)
Tactic call close-abstract+rewrite!-regression-quadratic ran for 0.012 secs (0.005u,0.007s)
Params: n= 20
Tactic call rewrite!-regression-quadratic ran for 0.007 secs (0.007u,0.s) (success)
Tactic call rewrite?-noop-regression-linear ran for 0. secs (0.u,0.s) (success)
Tactic call abstract+rewrite!-regression-quadratic ran for 0.012 secs (0.012u,0.s) (success)
Tactic call close-abstract+rewrite!-regression-quadratic ran for 0.004 secs (0.004u,0.s)
Params: n= 21
Tactic call rewrite!-regression-quadratic ran for 0.007 secs (0.007u,0.s) (success)
Tactic call rewrite?-noop-regression-linear ran for 0. secs (0.u,0.s) (success)
Tactic call abstract+rewrite!-regression-quadratic ran for 0.013 secs (0.012u,0.s) (success)
Tactic call close-abstract+rewrite!-regression-quadratic ran for 0.004 secs (0.004u,0.s)
Params: n= 22
Tactic call rewrite!-regression-quadratic ran for 0.008 secs (0.008u,0.s) (success)
Tactic call rewrite?-noop-regression-linear ran for 0. secs (0.u,0.s) (success)
Tactic call abstract+rewrite!-regression-quadratic ran for 0.014 secs (0.014u,0.s) (success)
Tactic call close-abstract+rewrite!-regression-quadratic ran for 0.005 secs (0.005u,0.s)
Params: n= 23
Tactic call rewrite!-regression-quadratic ran for 0.009 secs (0.009u,0.s) (success)
Tactic call rewrite?-noop-regression-linear ran for 0. secs (0.u,0.s) (success)
Tactic call abstract+rewrite!-regression-quadratic ran for 0.015 secs (0.015u,0.s) (success)
Tactic call close-abstract+rewrite!-regression-quadratic ran for 0.005 secs (0.005u,0.s)
Params: n= 24
Tactic call rewrite!-regression-quadratic ran for 0.022 secs (0.022u,0.s) (success)
Tactic call rewrite?-noop-regression-linear ran for 0. secs (0.u,0.s) (success)
Tactic call abstract+rewrite!-regression-quadratic ran for 0.029 secs (0.029u,0.s) (success)
Tactic call close-abstract+rewrite!-regression-quadratic ran for 0.005 secs (0.005u,0.s)
Params: n= 25
Tactic call rewrite!-regression-quadratic ran for 0.01 secs (0.01u,0.s) (success)
Tactic call rewrite?-noop-regression-linear ran for 0. secs (0.u,0.s) (success)
Tactic call abstract+rewrite!-regression-quadratic ran for 0.017 secs (0.017u,0.s) (success)
Tactic call close-abstract+rewrite!-regression-quadratic ran for 0.006 secs (0.006u,0.s)
Params: n= 26
Tactic call rewrite!-regression-quadratic ran for 0.011 secs (0.011u,0.s) (success)
Tactic call rewrite?-noop-regression-linear ran for 0. secs (0.u,0.s) (success)
Tactic call abstract+rewrite!-regression-quadratic ran for 0.018 secs (0.018u,0.s) (success)
Tactic call close-abstract+rewrite!-regression-quadratic ran for 0.006 secs (0.006u,0.s)
Params: n= 27
Tactic call rewrite!-regression-quadratic ran for 0.012 secs (0.012u,0.s) (success)
Tactic call rewrite?-noop-regression-linear ran for 0. secs (0.u,0.s) (success)
Tactic call abstract+rewrite!-regression-quadratic ran for 0.021 secs (0.021u,0.s) (success)
Tactic call close-abstract+rewrite!-regression-quadratic ran for 0.007 secs (0.007u,0.s)
Params: n= 28
Tactic call rewrite!-regression-quadratic ran for 0.012 secs (0.012u,0.s) (success)
Tactic call rewrite?-noop-regression-linear ran for 0. secs (0.u,0.s) (success)
Tactic call abstract+rewrite!-regression-quadratic ran for 0.021 secs (0.021u,0.s) (success)
Tactic call close-abstract+rewrite!-regression-quadratic ran for 0.008 secs (0.008u,0.s)
Params: n= 29
Tactic call rewrite!-regression-quadratic ran for 0.013 secs (0.01u,0.002s) (success)
Tactic call rewrite?-noop-regression-linear ran for 0. secs (0.u,0.s) (success)
Tactic call abstract+rewrite!-regression-quadratic ran for 0.023 secs (0.02u,0.003s) (success)
Tactic call close-abstract+rewrite!-regression-quadratic ran for 0.009 secs (0.009u,0.s)
Params: n= 30
Tactic call rewrite!-regression-quadratic ran for 0.027 secs (0.027u,0.s) (success)
Tactic call rewrite?-noop-regression-linear ran for 0. secs (0.u,0.s) (success)
Tactic call abstract+rewrite!-regression-quadratic ran for 0.038 secs (0.038u,0.s) (success)
Tactic call close-abstract+rewrite!-regression-quadratic ran for 0.009 secs (0.009u,0.s)
Params: n= 31
Tactic call rewrite!-regression-quadratic ran for 0.016 secs (0.016u,0.s) (success)
Tactic call rewrite?-noop-regression-linear ran for 0. secs (0.u,0.s) (success)
Tactic call abstract+rewrite!-regression-quadratic ran for 0.028 secs (0.028u,0.s) (success)
Tactic call close-abstract+rewrite!-regression-quadratic ran for 0.011 secs (0.011u,0.s)
Params: n= 32
Tactic call rewrite!-regression-quadratic ran for 0.017 secs (0.017u,0.s) (success)
Tactic call rewrite?-noop-regression-linear ran for 0. secs (0.u,0.s) (success)
Tactic call abstract+rewrite!-regression-quadratic ran for 0.029 secs (0.029u,0.s) (success)
Tactic call close-abstract+rewrite!-regression-quadratic ran for 0.011 secs (0.011u,0.s)
Params: n= 33
Tactic call rewrite!-regression-quadratic ran for 0.015 secs (0.015u,0.s) (success)
Tactic call rewrite?-noop-regression-linear ran for 0. secs (0.u,0.s) (success)
Tactic call abstract+rewrite!-regression-quadratic ran for 0.027 secs (0.027u,0.s) (success)
Tactic call close-abstract+rewrite!-regression-quadratic ran for 0.01 secs (0.01u,0.s)
Params: n= 34
Tactic call rewrite!-regression-quadratic ran for 0.018 secs (0.018u,0.s) (success)
Tactic call rewrite?-noop-regression-linear ran for 0. secs (0.u,0.s) (success)
Tactic call abstract+rewrite!-regression-quadratic ran for 0.032 secs (0.032u,0.s) (success)
Tactic call close-abstract+rewrite!-regression-quadratic ran for 0.013 secs (0.013u,0.s)
Params: n= 35
Tactic call rewrite!-regression-quadratic ran for 0.017 secs (0.017u,0.s) (success)
Tactic call rewrite?-noop-regression-linear ran for 0. secs (0.u,0.s) (success)
Tactic call abstract+rewrite!-regression-quadratic ran for 0.032 secs (0.032u,0.s) (success)
Tactic call close-abstract+rewrite!-regression-quadratic ran for 0.013 secs (0.013u,0.s)
Params: n= 36
Tactic call rewrite!-regression-quadratic ran for 0.091 secs (0.091u,0.s) (success)
Tactic call rewrite?-noop-regression-linear ran for 0. secs (0.u,0.s) (success)
Tactic call abstract+rewrite!-regression-quadratic ran for 0.108 secs (0.108u,0.s) (success)
Tactic call close-abstract+rewrite!-regression-quadratic ran for 0.015 secs (0.015u,0.s)
Params: n= 37
Tactic call rewrite!-regression-quadratic ran for 0.019 secs (0.019u,0.s) (success)
Tactic call rewrite?-noop-regression-linear ran for 0. secs (0.u,0.s) (success)
Tactic call abstract+rewrite!-regression-quadratic ran for 0.036 secs (0.032u,0.003s) (success)
Tactic call close-abstract+rewrite!-regression-quadratic ran for 0.015 secs (0.011u,0.003s)
Params: n= 38
Tactic call rewrite!-regression-quadratic ran for 0.02 secs (0.02u,0.s) (success)
Tactic call rewrite?-noop-regression-linear ran for 0. secs (0.u,0.s) (success)
Tactic call abstract+rewrite!-regression-quadratic ran for 0.037 secs (0.037u,0.s) (success)
Tactic call close-abstract+rewrite!-regression-quadratic ran for 0.015 secs (0.015u,0.s)
Params: n= 39
Tactic call rewrite!-regression-quadratic ran for 0.047 secs (0.047u,0.s) (success)
Tactic call rewrite?-noop-regression-linear ran for 0. secs (0.u,0.s) (success)
Tactic call abstract+rewrite!-regression-quadratic ran for 0.064 secs (0.064u,0.s) (success)
Tactic call close-abstract+rewrite!-regression-quadratic ran for 0.016 secs (0.016u,0.s)
Params: n= 40
Tactic call rewrite!-regression-quadratic ran for 0.023 secs (0.023u,0.s) (success)
Tactic call rewrite?-noop-regression-linear ran for 0. secs (0.u,0.s) (success)
Tactic call abstract+rewrite!-regression-quadratic ran for 0.042 secs (0.042u,0.s) (success)
Tactic call close-abstract+rewrite!-regression-quadratic ran for 0.017 secs (0.017u,0.s)
Params: n= 41
Tactic call rewrite!-regression-quadratic ran for 0.026 secs (0.026u,0.s) (success)
Tactic call rewrite?-noop-regression-linear ran for 0. secs (0.u,0.s) (success)
Tactic call abstract+rewrite!-regression-quadratic ran for 0.047 secs (0.047u,0.s) (success)
Tactic call close-abstract+rewrite!-regression-quadratic ran for 0.019 secs (0.019u,0.s)
Params: n= 42
Tactic call rewrite!-regression-quadratic ran for 0.027 secs (0.027u,0.s) (success)
Tactic call rewrite?-noop-regression-linear ran for 0. secs (0.u,0.s) (success)
Tactic call abstract+rewrite!-regression-quadratic ran for 0.048 secs (0.048u,0.s) (success)
Tactic call close-abstract+rewrite!-regression-quadratic ran for 0.017 secs (0.017u,0.s)
Params: n= 43
Tactic call rewrite!-regression-quadratic ran for 0.029 secs (0.029u,0.s) (success)
Tactic call rewrite?-noop-regression-linear ran for 0. secs (0.u,0.s) (success)
Tactic call abstract+rewrite!-regression-quadratic ran for 0.049 secs (0.049u,0.s) (success)
Tactic call close-abstract+rewrite!-regression-quadratic ran for 0.018 secs (0.018u,0.s)
Params: n= 44
Tactic call rewrite!-regression-quadratic ran for 0.026 secs (0.026u,0.s) (success)
Tactic call rewrite?-noop-regression-linear ran for 0. secs (0.u,0.s) (success)
Tactic call abstract+rewrite!-regression-quadratic ran for 0.061 secs (0.061u,0.s) (success)
Tactic call close-abstract+rewrite!-regression-quadratic ran for 0.033 secs (0.033u,0.s)
Params: n= 45
Tactic call rewrite!-regression-quadratic ran for 0.027 secs (0.027u,0.s) (success)
Tactic call rewrite?-noop-regression-linear ran for 0. secs (0.u,0.s) (success)
Tactic call abstract+rewrite!-regression-quadratic ran for 0.05 secs (0.046u,0.003s) (success)
Tactic call close-abstract+rewrite!-regression-quadratic ran for 0.021 secs (0.018u,0.003s)
Params: n= 46
Tactic call rewrite!-regression-quadratic ran for 0.029 secs (0.029u,0.s) (success)
Tactic call rewrite?-noop-regression-linear ran for 0. secs (0.u,0.s) (success)
Tactic call abstract+rewrite!-regression-quadratic ran for 0.052 secs (0.052u,0.s) (success)
Tactic call close-abstract+rewrite!-regression-quadratic ran for 0.021 secs (0.021u,0.s)
Params: n= 47
Tactic call rewrite!-regression-quadratic ran for 0.043 secs (0.043u,0.s) (success)
Tactic call rewrite?-noop-regression-linear ran for 0. secs (0.u,0.s) (success)
Tactic call abstract+rewrite!-regression-quadratic ran for 0.068 secs (0.068u,0.s) (success)
Tactic call close-abstract+rewrite!-regression-quadratic ran for 0.023 secs (0.023u,0.s)
Params: n= 48
Tactic call rewrite!-regression-quadratic ran for 0.115 secs (0.115u,0.s) (success)
Tactic call rewrite?-noop-regression-linear ran for 0. secs (0.u,0.s) (success)
Tactic call abstract+rewrite!-regression-quadratic ran for 0.145 secs (0.144u,0.s) (success)
Tactic call close-abstract+rewrite!-regression-quadratic ran for 0.028 secs (0.028u,0.s)
Params: n= 49
Tactic call rewrite!-regression-quadratic ran for 0.043 secs (0.042u,0.s) (success)
Tactic call rewrite?-noop-regression-linear ran for 0. secs (0.u,0.s) (success)
Tactic call abstract+rewrite!-regression-quadratic ran for 0.071 secs (0.071u,0.s) (success)
Tactic call close-abstract+rewrite!-regression-quadratic ran for 0.026 secs (0.026u,0.s)
Params: n= 51
Tactic call rewrite!-regression-quadratic ran for 0.061 secs (0.061u,0.s) (success)
Tactic call rewrite?-noop-regression-linear ran for 0. secs (0.u,0.s) (success)
Tactic call abstract+rewrite!-regression-quadratic ran for 0.089 secs (0.089u,0.s) (success)
Tactic call close-abstract+rewrite!-regression-quadratic ran for 0.027 secs (0.027u,0.s)
Params: n= 52
Tactic call rewrite!-regression-quadratic ran for 0.036 secs (0.036u,0.s) (success)
Tactic call rewrite?-noop-regression-linear ran for 0. secs (0.u,0.s) (success)
Tactic call abstract+rewrite!-regression-quadratic ran for 0.065 secs (0.065u,0.s) (success)
Tactic call close-abstract+rewrite!-regression-quadratic ran for 0.027 secs (0.027u,0.s)
Params: n= 53
Tactic call rewrite!-regression-quadratic ran for 0.037 secs (0.037u,0.s) (success)
Tactic call rewrite?-noop-regression-linear ran for 0. secs (0.u,0.s) (success)
Tactic call abstract+rewrite!-regression-quadratic ran for 0.068 secs (0.068u,0.s) (success)
Tactic call close-abstract+rewrite!-regression-quadratic ran for 0.029 secs (0.029u,0.s)
Params: n= 54
Tactic call rewrite!-regression-quadratic ran for 0.051 secs (0.051u,0.s) (success)
Tactic call rewrite?-noop-regression-linear ran for 0. secs (0.u,0.s) (success)
Tactic call abstract+rewrite!-regression-quadratic ran for 0.083 secs (0.083u,0.s) (success)
Tactic call close-abstract+rewrite!-regression-quadratic ran for 0.03 secs (0.03u,0.s)
Params: n= 55
Tactic call rewrite!-regression-quadratic ran for 0.042 secs (0.042u,0.s) (success)
Tactic call rewrite?-noop-regression-linear ran for 0. secs (0.u,0.s) (success)
Tactic call abstract+rewrite!-regression-quadratic ran for 0.074 secs (0.074u,0.s) (success)
Tactic call close-abstract+rewrite!-regression-quadratic ran for 0.03 secs (0.03u,0.s)
Params: n= 56
Tactic call rewrite!-regression-quadratic ran for 0.057 secs (0.057u,0.s) (success)
Tactic call rewrite?-noop-regression-linear ran for 0. secs (0.u,0.s) (success)
Tactic call abstract+rewrite!-regression-quadratic ran for 0.167 secs (0.167u,0.s) (success)
Tactic call close-abstract+rewrite!-regression-quadratic ran for 0.108 secs (0.108u,0.s)
Params: n= 57
Tactic call rewrite!-regression-quadratic ran for 0.043 secs (0.043u,0.s) (success)
Tactic call rewrite?-noop-regression-linear ran for 0. secs (0.u,0.s) (success)
Tactic call abstract+rewrite!-regression-quadratic ran for 0.079 secs (0.079u,0.s) (success)
Tactic call close-abstract+rewrite!-regression-quadratic ran for 0.035 secs (0.035u,0.s)
Params: n= 58
Tactic call rewrite!-regression-quadratic ran for 0.072 secs (0.072u,0.s) (success)
Tactic call rewrite?-noop-regression-linear ran for 0. secs (0.u,0.s) (success)
Tactic call abstract+rewrite!-regression-quadratic ran for 0.108 secs (0.108u,0.s) (success)
Tactic call close-abstract+rewrite!-regression-quadratic ran for 0.034 secs (0.034u,0.s)
Params: n= 59
Tactic call rewrite!-regression-quadratic ran for 0.046 secs (0.046u,0.s) (success)
Tactic call rewrite?-noop-regression-linear ran for 0. secs (0.u,0.s) (success)
Tactic call abstract+rewrite!-regression-quadratic ran for 0.082 secs (0.082u,0.s) (success)
Tactic call close-abstract+rewrite!-regression-quadratic ran for 0.034 secs (0.034u,0.s)
Params: n= 60
Tactic call rewrite!-regression-quadratic ran for 0.048 secs (0.048u,0.s) (success)
Tactic call rewrite?-noop-regression-linear ran for 0. secs (0.u,0.s) (success)
Tactic call abstract+rewrite!-regression-quadratic ran for 0.085 secs (0.085u,0.s) (success)
Tactic call close-abstract+rewrite!-regression-quadratic ran for 0.035 secs (0.035u,0.s)
Params: n= 61
Tactic call rewrite!-regression-quadratic ran for 0.063 secs (0.063u,0.s) (success)
Tactic call rewrite?-noop-regression-linear ran for 0. secs (0.u,0.s) (success)
Tactic call abstract+rewrite!-regression-quadratic ran for 0.103 secs (0.103u,0.s) (success)
Tactic call close-abstract+rewrite!-regression-quadratic ran for 0.037 secs (0.037u,0.s)
Params: n= 62
Tactic call rewrite!-regression-quadratic ran for 0.056 secs (0.056u,0.s) (success)
Tactic call rewrite?-noop-regression-linear ran for 0. secs (0.u,0.s) (success)
Tactic call abstract+rewrite!-regression-quadratic ran for 0.096 secs (0.096u,0.s) (success)
Tactic call close-abstract+rewrite!-regression-quadratic ran for 0.038 secs (0.038u,0.s)
Params: n= 63
Tactic call rewrite!-regression-quadratic ran for 0.052 secs (0.052u,0.s) (success)
Tactic call rewrite?-noop-regression-linear ran for 0. secs (0.u,0.s) (success)
Tactic call abstract+rewrite!-regression-quadratic ran for 0.098 secs (0.098u,0.s) (success)
Tactic call close-abstract+rewrite!-regression-quadratic ran for 0.044 secs (0.044u,0.s)
Params: n= 64
Tactic call rewrite!-regression-quadratic ran for 0.057 secs (0.057u,0.s) (success)
Tactic call rewrite?-noop-regression-linear ran for 0. secs (0.u,0.s) (success)
Tactic call abstract+rewrite!-regression-quadratic ran for 0.102 secs (0.102u,0.s) (success)
Tactic call close-abstract+rewrite!-regression-quadratic ran for 0.042 secs (0.042u,0.s)
Params: n= 65
Tactic call rewrite!-regression-quadratic ran for 0.06 secs (0.06u,0.s) (success)
Tactic call rewrite?-noop-regression-linear ran for 0. secs (0.u,0.s) (success)
Tactic call abstract+rewrite!-regression-quadratic ran for 0.104 secs (0.104u,0.s) (success)
Tactic call close-abstract+rewrite!-regression-quadratic ran for 0.042 secs (0.042u,0.s)
Params: n= 66
Tactic call rewrite!-regression-quadratic ran for 0.065 secs (0.065u,0.s) (success)
Tactic call rewrite?-noop-regression-linear ran for 0.005 secs (0.005u,0.s) (success)
Tactic call abstract+rewrite!-regression-quadratic ran for 0.118 secs (0.118u,0.s) (success)
Tactic call close-abstract+rewrite!-regression-quadratic ran for 0.047 secs (0.047u,0.s)
Params: n= 67
Tactic call rewrite!-regression-quadratic ran for 0.062 secs (0.062u,0.s) (success)
Tactic call rewrite?-noop-regression-linear ran for 0. secs (0.u,0.s) (success)
Tactic call abstract+rewrite!-regression-quadratic ran for 0.109 secs (0.109u,0.s) (success)
Tactic call close-abstract+rewrite!-regression-quadratic ran for 0.045 secs (0.045u,0.s)
Params: n= 68
Tactic call rewrite!-regression-quadratic ran for 0.06 secs (0.06u,0.s) (success)
Tactic call rewrite?-noop-regression-linear ran for 0. secs (0.u,0.s) (success)
Tactic call abstract+rewrite!-regression-quadratic ran for 0.11 secs (0.11u,0.s) (success)
Tactic call close-abstract+rewrite!-regression-quadratic ran for 0.047 secs (0.047u,0.s)
Params: n= 69
Tactic call rewrite!-regression-quadratic ran for 0.061 secs (0.061u,0.s) (success)
Tactic call rewrite?-noop-regression-linear ran for 0. secs (0.u,0.s) (success)
Tactic call abstract+rewrite!-regression-quadratic ran for 0.112 secs (0.112u,0.s) (success)
Tactic call close-abstract+rewrite!-regression-quadratic ran for 0.048 secs (0.048u,0.s)
Params: n= 70
Tactic call rewrite!-regression-quadratic ran for 0.062 secs (0.062u,0.s) (success)
Tactic call rewrite?-noop-regression-linear ran for 0. secs (0.u,0.s) (success)
Tactic call abstract+rewrite!-regression-quadratic ran for 0.115 secs (0.115u,0.s) (success)
Tactic call close-abstract+rewrite!-regression-quadratic ran for 0.05 secs (0.05u,0.s)
Params: n= 71
Tactic call rewrite!-regression-quadratic ran for 0.065 secs (0.065u,0.s) (success)
Tactic call rewrite?-noop-regression-linear ran for 0.001 secs (0.001u,0.s) (success)
Tactic call abstract+rewrite!-regression-quadratic ran for 0.118 secs (0.118u,0.s) (success)
Tactic call close-abstract+rewrite!-regression-quadratic ran for 0.051 secs (0.051u,0.s)
Params: n= 72
Tactic call rewrite!-regression-quadratic ran for 0.065 secs (0.065u,0.s) (success)
Tactic call rewrite?-noop-regression-linear ran for 0.001 secs (0.001u,0.s) (success)
Tactic call abstract+rewrite!-regression-quadratic ran for 0.119 secs (0.119u,0.s) (success)
Tactic call close-abstract+rewrite!-regression-quadratic ran for 0.052 secs (0.052u,0.s)
Params: n= 73
Tactic call rewrite!-regression-quadratic ran for 0.07 secs (0.07u,0.s) (success)
Tactic call rewrite?-noop-regression-linear ran for 0. secs (0.u,0.s) (success)
Tactic call abstract+rewrite!-regression-quadratic ran for 0.13 secs (0.13u,0.s) (success)
Tactic call close-abstract+rewrite!-regression-quadratic ran for 0.058 secs (0.058u,0.s)
Params: n= 74
Tactic call rewrite!-regression-quadratic ran for 0.075 secs (0.075u,0.s) (success)
Tactic call rewrite?-noop-regression-linear ran for 0.002 secs (0.002u,0.s) (success)
Tactic call abstract+rewrite!-regression-quadratic ran for 0.136 secs (0.136u,0.s) (success)
Tactic call close-abstract+rewrite!-regression-quadratic ran for 0.058 secs (0.058u,0.s)
Params: n= 75
Tactic call rewrite!-regression-quadratic ran for 0.079 secs (0.079u,0.s) (success)
Tactic call rewrite?-noop-regression-linear ran for 0.001 secs (0.001u,0.s) (success)
Tactic call abstract+rewrite!-regression-quadratic ran for 0.14 secs (0.14u,0.s) (success)
Tactic call close-abstract+rewrite!-regression-quadratic ran for 0.059 secs (0.059u,0.s)
Params: n= 76
Tactic call rewrite!-regression-quadratic ran for 0.073 secs (0.073u,0.s) (success)
Tactic call rewrite?-noop-regression-linear ran for 0. secs (0.u,0.s) (success)
Tactic call abstract+rewrite!-regression-quadratic ran for 0.136 secs (0.133u,0.003s) (success)
Tactic call close-abstract+rewrite!-regression-quadratic ran for 0.061 secs (0.057u,0.003s)
Params: n= 77
Tactic call rewrite!-regression-quadratic ran for 0.081 secs (0.081u,0.s) (success)
Tactic call rewrite?-noop-regression-linear ran for 0.001 secs (0.001u,0.s) (success)
Tactic call abstract+rewrite!-regression-quadratic ran for 0.143 secs (0.143u,0.s) (success)
Tactic call close-abstract+rewrite!-regression-quadratic ran for 0.06 secs (0.06u,0.s)
Params: n= 78
Tactic call rewrite!-regression-quadratic ran for 0.085 secs (0.085u,0.s) (success)
Tactic call rewrite?-noop-regression-linear ran for 0. secs (0.u,0.s) (success)
Tactic call abstract+rewrite!-regression-quadratic ran for 0.153 secs (0.153u,0.s) (success)
Tactic call close-abstract+rewrite!-regression-quadratic ran for 0.066 secs (0.066u,0.s)
Params: n= 79
Tactic call rewrite!-regression-quadratic ran for 0.08 secs (0.08u,0.s) (success)
Tactic call rewrite?-noop-regression-linear ran for 0. secs (0.u,0.s) (success)
Tactic call abstract+rewrite!-regression-quadratic ran for 0.149 secs (0.149u,0.s) (success)
Tactic call close-abstract+rewrite!-regression-quadratic ran for 0.066 secs (0.066u,0.s)
Params: n= 80
Tactic call rewrite!-regression-quadratic ran for 0.081 secs (0.081u,0.s) (success)
Tactic call rewrite?-noop-regression-linear ran for 0. secs (0.u,0.s) (success)
Tactic call abstract+rewrite!-regression-quadratic ran for 0.151 secs (0.151u,0.s) (success)
Tactic call close-abstract+rewrite!-regression-quadratic ran for 0.067 secs (0.067u,0.s)
Params: n= 81
Tactic call rewrite!-regression-quadratic ran for 0.092 secs (0.092u,0.s) (success)
Tactic call rewrite?-noop-regression-linear ran for 0.001 secs (0.001u,0.s) (success)
Tactic call abstract+rewrite!-regression-quadratic ran for 0.168 secs (0.168u,0.s) (success)
Tactic call close-abstract+rewrite!-regression-quadratic ran for 0.074 secs (0.074u,0.s)
Params: n= 82
Tactic call rewrite!-regression-quadratic ran for 0.088 secs (0.088u,0.s) (success)
Tactic call rewrite?-noop-regression-linear ran for 0.001 secs (0.001u,0.s) (success)
Tactic call abstract+rewrite!-regression-quadratic ran for 0.162 secs (0.162u,0.s) (success)
Tactic call close-abstract+rewrite!-regression-quadratic ran for 0.072 secs (0.072u,0.s)
Params: n= 83
Tactic call rewrite!-regression-quadratic ran for 0.086 secs (0.086u,0.s) (success)
Tactic call rewrite?-noop-regression-linear ran for 0.001 secs (0.001u,0.s) (success)
Tactic call abstract+rewrite!-regression-quadratic ran for 0.166 secs (0.166u,0.s) (success)
Tactic call close-abstract+rewrite!-regression-quadratic ran for 0.077 secs (0.077u,0.s)
Params: n= 84
Tactic call rewrite!-regression-quadratic ran for 0.096 secs (0.096u,0.s) (success)
Tactic call rewrite?-noop-regression-linear ran for 0.001 secs (0.001u,0.s) (success)
Tactic call abstract+rewrite!-regression-quadratic ran for 0.174 secs (0.174u,0.s) (success)
Tactic call close-abstract+rewrite!-regression-quadratic ran for 0.075 secs (0.075u,0.s)
Params: n= 85
Tactic call rewrite!-regression-quadratic ran for 0.092 secs (0.088u,0.003s) (success)
Tactic call rewrite?-noop-regression-linear ran for 0.001 secs (0.001u,0.s) (success)
Tactic call abstract+rewrite!-regression-quadratic ran for 0.171 secs (0.167u,0.003s) (success)
Tactic call close-abstract+rewrite!-regression-quadratic ran for 0.076 secs (0.076u,0.s)
Params: n= 86
Tactic call rewrite!-regression-quadratic ran for 0.099 secs (0.099u,0.s) (success)
Tactic call rewrite?-noop-regression-linear ran for 0.001 secs (0.001u,0.s) (success)
Tactic call abstract+rewrite!-regression-quadratic ran for 0.182 secs (0.182u,0.s) (success)
Tactic call close-abstract+rewrite!-regression-quadratic ran for 0.081 secs (0.081u,0.s)
Params: n= 87
Tactic call rewrite!-regression-quadratic ran for 0.104 secs (0.1u,0.003s) (success)
Tactic call rewrite?-noop-regression-linear ran for 0.001 secs (0.001u,0.s) (success)
Tactic call abstract+rewrite!-regression-quadratic ran for 0.184 secs (0.18u,0.004s) (success)
Tactic call close-abstract+rewrite!-regression-quadratic ran for 0.078 secs (0.078u,0.s)
Params: n= 88
Tactic call rewrite!-regression-quadratic ran for 0.1 secs (0.096u,0.004s) (success)
Tactic call rewrite?-noop-regression-linear ran for 0.001 secs (0.001u,0.s) (success)
Tactic call abstract+rewrite!-regression-quadratic ran for 0.186 secs (0.181u,0.004s) (success)
Tactic call close-abstract+rewrite!-regression-quadratic ran for 0.083 secs (0.083u,0.s)
Params: n= 89
Tactic call rewrite!-regression-quadratic ran for 0.1 secs (0.1u,0.s) (success)
Tactic call rewrite?-noop-regression-linear ran for 0.001 secs (0.001u,0.s) (success)
Tactic call abstract+rewrite!-regression-quadratic ran for 0.188 secs (0.188u,0.s) (success)
Tactic call close-abstract+rewrite!-regression-quadratic ran for 0.085 secs (0.085u,0.s)
Params: n= 90
Tactic call rewrite!-regression-quadratic ran for 0.107 secs (0.107u,0.s) (success)
Tactic call rewrite?-noop-regression-linear ran for 0.001 secs (0.001u,0.s) (success)
Tactic call abstract+rewrite!-regression-quadratic ran for 0.2 secs (0.2u,0.s) (success)
Tactic call close-abstract+rewrite!-regression-quadratic ran for 0.09 secs (0.09u,0.s)
Params: n= 91
Tactic call rewrite!-regression-quadratic ran for 0.108 secs (0.108u,0.s) (success)
Tactic call rewrite?-noop-regression-linear ran for 0.001 secs (0.001u,0.s) (success)
Tactic call abstract+rewrite!-regression-quadratic ran for 0.202 secs (0.202u,0.s) (success)
Tactic call close-abstract+rewrite!-regression-quadratic ran for 0.092 secs (0.092u,0.s)
Params: n= 92
Tactic call rewrite!-regression-quadratic ran for 0.113 secs (0.113u,0.s) (success)
Tactic call rewrite?-noop-regression-linear ran for 0.001 secs (0.001u,0.s) (success)
Tactic call abstract+rewrite!-regression-quadratic ran for 0.206 secs (0.206u,0.s) (success)
Tactic call close-abstract+rewrite!-regression-quadratic ran for 0.09 secs (0.09u,0.s)
Params: n= 93
Tactic call rewrite!-regression-quadratic ran for 0.121 secs (0.121u,0.s) (success)
Tactic call rewrite?-noop-regression-linear ran for 0.001 secs (0.001u,0.s) (success)
Tactic call abstract+rewrite!-regression-quadratic ran for 0.215 secs (0.215u,0.s) (success)
Tactic call close-abstract+rewrite!-regression-quadratic ran for 0.091 secs (0.091u,0.s)
Params: n= 94
Tactic call rewrite!-regression-quadratic ran for 0.114 secs (0.114u,0.s) (success)
Tactic call rewrite?-noop-regression-linear ran for 0.001 secs (0.001u,0.s) (success)
Tactic call abstract+rewrite!-regression-quadratic ran for 0.212 secs (0.212u,0.s) (success)
Tactic call close-abstract+rewrite!-regression-quadratic ran for 0.096 secs (0.096u,0.s)
Params: n= 95
Tactic call rewrite!-regression-quadratic ran for 0.11 secs (0.11u,0.s) (success)
Tactic call rewrite?-noop-regression-linear ran for 0.004 secs (0.004u,0.s) (success)
Tactic call abstract+rewrite!-regression-quadratic ran for 0.205 secs (0.205u,0.s) (success)
Tactic call close-abstract+rewrite!-regression-quadratic ran for 0.089 secs (0.089u,0.s)
Params: n= 96
Tactic call rewrite!-regression-quadratic ran for 0.118 secs (0.118u,0.s) (success)
Tactic call rewrite?-noop-regression-linear ran for 0.001 secs (0.001u,0.s) (success)
Tactic call abstract+rewrite!-regression-quadratic ran for 0.213 secs (0.209u,0.003s) (success)
Tactic call close-abstract+rewrite!-regression-quadratic ran for 0.092 secs (0.088u,0.003s)
Params: n= 97
Tactic call rewrite!-regression-quadratic ran for 0.126 secs (0.126u,0.s) (success)
Tactic call rewrite?-noop-regression-linear ran for 0.001 secs (0.001u,0.s) (success)
Tactic call abstract+rewrite!-regression-quadratic ran for 0.228 secs (0.228u,0.s) (success)
Tactic call close-abstract+rewrite!-regression-quadratic ran for 0.099 secs (0.099u,0.s)
Params: n= 98
Tactic call rewrite!-regression-quadratic ran for 0.131 secs (0.131u,0.s) (success)
Tactic call rewrite?-noop-regression-linear ran for 0.001 secs (0.001u,0.s) (success)
Tactic call abstract+rewrite!-regression-quadratic ran for 0.228 secs (0.228u,0.s) (success)
Tactic call close-abstract+rewrite!-regression-quadratic ran for 0.095 secs (0.095u,0.s)
Params: n= 99
Tactic call rewrite!-regression-quadratic ran for 0.13 secs (0.13u,0.s) (success)
Tactic call rewrite?-noop-regression-linear ran for 0.001 secs (0.001u,0.s) (success)
Tactic call abstract+rewrite!-regression-quadratic ran for 0.23 secs (0.23u,0.s) (success)
Tactic call close-abstract+rewrite!-regression-quadratic ran for 0.098 secs (0.098u,0.s)
Params: n= 110
Tactic call rewrite!-regression-quadratic ran for 0.161 secs (0.161u,0.s) (success)
Tactic call rewrite?-noop-regression-linear ran for 0.001 secs (0.001u,0.s) (success)
Tactic call abstract+rewrite!-regression-quadratic ran for 0.284 secs (0.284u,0.s) (success)
Tactic call close-abstract+rewrite!-regression-quadratic ran for 0.119 secs (0.119u,0.s)
Params: n= 120
Tactic call rewrite!-regression-quadratic ran for 0.185 secs (0.185u,0.s) (success)
Tactic call rewrite?-noop-regression-linear ran for 0.001 secs (0.001u,0.s) (success)
Tactic call abstract+rewrite!-regression-quadratic ran for 0.333 secs (0.333u,0.s) (success)
Tactic call close-abstract+rewrite!-regression-quadratic ran for 0.145 secs (0.145u,0.s)
Params: n= 130
Tactic call rewrite!-regression-quadratic ran for 0.223 secs (0.223u,0.s) (success)
Tactic call rewrite?-noop-regression-linear ran for 0.002 secs (0.002u,0.s) (success)
Tactic call abstract+rewrite!-regression-quadratic ran for 0.391 secs (0.391u,0.s) (success)
Tactic call close-abstract+rewrite!-regression-quadratic ran for 0.165 secs (0.165u,0.s)
Params: n= 140
Tactic call rewrite!-regression-quadratic ran for 0.258 secs (0.254u,0.003s) (success)
Tactic call rewrite?-noop-regression-linear ran for 0.001 secs (0.001u,0.s) (success)
Tactic call abstract+rewrite!-regression-quadratic ran for 0.453 secs (0.449u,0.003s) (success)
Tactic call close-abstract+rewrite!-regression-quadratic ran for 0.191 secs (0.191u,0.s)
Params: n= 160
Tactic call rewrite!-regression-quadratic ran for 0.325 secs (0.322u,0.003s) (success)
Tactic call rewrite?-noop-regression-linear ran for 0.002 secs (0.002u,0.s) (success)
Tactic call abstract+rewrite!-regression-quadratic ran for 0.596 secs (0.592u,0.004s) (success)
Tactic call close-abstract+rewrite!-regression-quadratic ran for 0.267 secs (0.267u,0.s)
Params: n= 170
Tactic call rewrite!-regression-quadratic ran for 0.387 secs (0.383u,0.003s) (success)
Tactic call rewrite?-noop-regression-linear ran for 0.002 secs (0.002u,0.s) (success)
Tactic call abstract+rewrite!-regression-quadratic ran for 0.716 secs (0.712u,0.004s) (success)
Tactic call close-abstract+rewrite!-regression-quadratic ran for 0.325 secs (0.325u,0.s)
Params: n= 180
Tactic call rewrite!-regression-quadratic ran for 0.455 secs (0.455u,0.s) (success)
Tactic call rewrite?-noop-regression-linear ran for 0.002 secs (0.002u,0.s) (success)
Tactic call abstract+rewrite!-regression-quadratic ran for 0.791 secs (0.787u,0.004s) (success)
Tactic call close-abstract+rewrite!-regression-quadratic ran for 0.332 secs (0.328u,0.003s)
Params: n= 190
Tactic call rewrite!-regression-quadratic ran for 0.486 secs (0.485u,0.s) (success)
Tactic call rewrite?-noop-regression-linear ran for 0.003 secs (0.003u,0.s) (success)
Tactic call abstract+rewrite!-regression-quadratic ran for 0.861 secs (0.861u,0.s) (success)
Tactic call close-abstract+rewrite!-regression-quadratic ran for 0.37 secs (0.369u,0.s)
Params: n= 210
Tactic call rewrite!-regression-quadratic ran for 0.65 secs (0.646u,0.003s) (success)
Tactic call rewrite?-noop-regression-linear ran for 0.003 secs (0.003u,0.s) (success)
Tactic call abstract+rewrite!-regression-quadratic ran for 1.08 secs (1.076u,0.003s) (success)
Tactic call close-abstract+rewrite!-regression-quadratic ran for 0.424 secs (0.424u,0.s)
Params: n= 220
Tactic call rewrite!-regression-quadratic ran for 0.646 secs (0.638u,0.008s) (success)
Tactic call rewrite?-noop-regression-linear ran for 0.003 secs (0.003u,0.s) (success)
Tactic call abstract+rewrite!-regression-quadratic ran for 1.108 secs (1.096u,0.011s) (success)
Tactic call close-abstract+rewrite!-regression-quadratic ran for 0.456 secs (0.453u,0.003s)
Params: n= 230
Tactic call rewrite!-regression-quadratic ran for 0.711 secs (0.707u,0.003s) (success)
Tactic call rewrite?-noop-regression-linear ran for 0.003 secs (0.003u,0.s) (success)
Tactic call abstract+rewrite!-regression-quadratic ran for 1.208 secs (1.204u,0.004s) (success)
Tactic call close-abstract+rewrite!-regression-quadratic ran for 0.491 secs (0.491u,0.s)
Params: n= 240
Tactic call rewrite!-regression-quadratic ran for 0.789 secs (0.789u,0.s) (success)
Tactic call rewrite?-noop-regression-linear ran for 0.003 secs (0.003u,0.s) (success)
Tactic call abstract+rewrite!-regression-quadratic ran for 1.377 secs (1.377u,0.s) (success)
Tactic call close-abstract+rewrite!-regression-quadratic ran for 0.583 secs (0.582u,0.s)
Params: n= 260
Tactic call rewrite!-regression-quadratic ran for 0.949 secs (0.949u,0.s) (success)
Tactic call rewrite?-noop-regression-linear ran for 0.004 secs (0.004u,0.s) (success)
Tactic call abstract+rewrite!-regression-quadratic ran for 1.632 secs (1.632u,0.s) (success)
Tactic call close-abstract+rewrite!-regression-quadratic ran for 0.676 secs (0.676u,0.s)
Params: n= 270
Tactic call rewrite!-regression-quadratic ran for 1.012 secs (1.012u,0.s) (success)
Tactic call rewrite?-noop-regression-linear ran for 0.006 secs (0.006u,0.s) (success)
Tactic call abstract+rewrite!-regression-quadratic ran for 1.705 secs (1.705u,0.s) (success)
Tactic call close-abstract+rewrite!-regression-quadratic ran for 0.684 secs (0.683u,0.s)
Params: n= 280
Tactic call rewrite!-regression-quadratic ran for 1.105 secs (1.105u,0.s) (success)
Tactic call rewrite?-noop-regression-linear ran for 0.004 secs (0.004u,0.s) (success)
Tactic call abstract+rewrite!-regression-quadratic ran for 1.835 secs (1.835u,0.s) (success)
Tactic call close-abstract+rewrite!-regression-quadratic ran for 0.723 secs (0.723u,0.s)
Params: n= 290
Tactic call rewrite!-regression-quadratic ran for 1.204 secs (1.204u,0.s) (success)
Tactic call rewrite?-noop-regression-linear ran for 0.005 secs (0.005u,0.s) (success)
Tactic call abstract+rewrite!-regression-quadratic ran for 2.086 secs (2.086u,0.s) (success)
Tactic call close-abstract+rewrite!-regression-quadratic ran for 0.874 secs (0.874u,0.s)
Params: n= 310
Tactic call rewrite!-regression-quadratic ran for 1.402 secs (1.402u,0.s) (success)
Tactic call rewrite?-noop-regression-linear ran for 0.005 secs (0.005u,0.s) (success)
Tactic call abstract+rewrite!-regression-quadratic ran for 2.294 secs (2.294u,0.s) (success)
Tactic call close-abstract+rewrite!-regression-quadratic ran for 0.884 secs (0.884u,0.s)
Params: n= 320
Tactic call rewrite!-regression-quadratic ran for 1.493 secs (1.477u,0.016s) (success)
Tactic call rewrite?-noop-regression-linear ran for 0.006 secs (0.006u,0.s) (success)
Tactic call abstract+rewrite!-regression-quadratic ran for 2.467 secs (2.447u,0.02s) (success)
Tactic call close-abstract+rewrite!-regression-quadratic ran for 0.966 secs (0.961u,0.003s)
Params: n= 330
Tactic call rewrite!-regression-quadratic ran for 1.607 secs (1.599u,0.007s) (success)
Tactic call rewrite?-noop-regression-linear ran for 0.006 secs (0.006u,0.s) (success)
Tactic call abstract+rewrite!-regression-quadratic ran for 2.721 secs (2.713u,0.008s) (success)
Tactic call close-abstract+rewrite!-regression-quadratic ran for 1.106 secs (1.106u,0.s)
Params: n= 340
Tactic call rewrite!-regression-quadratic ran for 1.739 secs (1.739u,0.s) (success)
Tactic call rewrite?-noop-regression-linear ran for 0.007 secs (0.007u,0.s) (success)
Tactic call abstract+rewrite!-regression-quadratic ran for 2.82 secs (2.82u,0.s) (success)
Tactic call close-abstract+rewrite!-regression-quadratic ran for 1.072 secs (1.071u,0.s)
Params: n= 360
Tactic call rewrite!-regression-quadratic ran for 1.982 secs (1.982u,0.s) (success)
Tactic call rewrite?-noop-regression-linear ran for 0.007 secs (0.007u,0.s) (success)
Tactic call abstract+rewrite!-regression-quadratic ran for 3.236 secs (3.232u,0.003s) (success)
Tactic call close-abstract+rewrite!-regression-quadratic ran for 1.244 secs (1.24u,0.003s)
Params: n= 370
Tactic call rewrite!-regression-quadratic ran for 2.105 secs (2.104u,0.s) (success)
Tactic call rewrite?-noop-regression-linear ran for 0.007 secs (0.007u,0.s) (success)
Tactic call abstract+rewrite!-regression-quadratic ran for 3.526 secs (3.525u,0.s) (success)
Tactic call close-abstract+rewrite!-regression-quadratic ran for 1.411 secs (1.411u,0.s)
Params: n= 380
Tactic call rewrite!-regression-quadratic ran for 2.29 secs (2.29u,0.s) (success)
Tactic call rewrite?-noop-regression-linear ran for 0.009 secs (0.009u,0.s) (success)
Tactic call abstract+rewrite!-regression-quadratic ran for 3.659 secs (3.658u,0.s) (success)
Tactic call close-abstract+rewrite!-regression-quadratic ran for 1.357 secs (1.357u,0.s)
Params: n= 390
Tactic call rewrite!-regression-quadratic ran for 2.39 secs (2.389u,0.s) (success)
Tactic call rewrite?-noop-regression-linear ran for 0.009 secs (0.009u,0.s) (success)
Tactic call abstract+rewrite!-regression-quadratic ran for 3.922 secs (3.918u,0.s) (success)
Tactic call close-abstract+rewrite!-regression-quadratic ran for 1.519 secs (1.517u,0.s)
