Params: n= 5
Tactic call cbv for CanonicalStructuresHOAS with big ran for 0. secs (0.u,0.s) (success)
Tactic call pre for CanonicalStructuresHOAS with big ran for 0. secs (0.u,0.s) (success)
Tactic call actual reif for CanonicalStructuresHOAS with big ran for 0.003 secs (0.003u,0.s)
Tactic call eval lazy for CanonicalStructuresHOAS with big ran for 0. secs (0.u,0.s)
Tactic call postprocess for CanonicalStructuresHOAS with big ran for 0. secs (0.u,0.s)
Tactic call norm reif for CanonicalStructuresHOAS with big ran for 0.003 secs (0.003u,0.s)
Tactic call intros _ for CanonicalStructuresHOAS with big ran for 0. secs (0.u,0.s) (success)
Tactic call lazy beta iota for CanonicalStructuresHOAS with big ran for 0. secs (0.u,0.s) (success)
Tactic call reif for CanonicalStructuresHOAS with big ran for 0.003 secs (0.003u,0.s) (success)
Tactic call post for CanonicalStructuresHOAS with big ran for 0. secs (0.u,0.s) (success)
Params: n= 6
Tactic call cbv for CanonicalStructuresHOAS with big ran for 0. secs (0.u,0.s) (success)
Tactic call pre for CanonicalStructuresHOAS with big ran for 0. secs (0.u,0.s) (success)
Tactic call actual reif for CanonicalStructuresHOAS with big ran for 0.004 secs (0.u,0.004s)
Tactic call eval lazy for CanonicalStructuresHOAS with big ran for 0. secs (0.u,0.s)
Tactic call postprocess for CanonicalStructuresHOAS with big ran for 0. secs (0.u,0.s)
Tactic call norm reif for CanonicalStructuresHOAS with big ran for 0.004 secs (0.u,0.004s)
Tactic call intros _ for CanonicalStructuresHOAS with big ran for 0. secs (0.u,0.s) (success)
Tactic call lazy beta iota for CanonicalStructuresHOAS with big ran for 0. secs (0.u,0.s) (success)
Tactic call reif for CanonicalStructuresHOAS with big ran for 0.004 secs (0.u,0.004s) (success)
Tactic call post for CanonicalStructuresHOAS with big ran for 0. secs (0.u,0.s) (success)
Params: n= 7
Tactic call cbv for CanonicalStructuresHOAS with big ran for 0. secs (0.u,0.s) (success)
Tactic call pre for CanonicalStructuresHOAS with big ran for 0. secs (0.u,0.s) (success)
Tactic call actual reif for CanonicalStructuresHOAS with big ran for 0.005 secs (0.005u,0.s)
Tactic call eval lazy for CanonicalStructuresHOAS with big ran for 0. secs (0.u,0.s)
Tactic call postprocess for CanonicalStructuresHOAS with big ran for 0. secs (0.u,0.s)
Tactic call norm reif for CanonicalStructuresHOAS with big ran for 0.006 secs (0.006u,0.s)
Tactic call intros _ for CanonicalStructuresHOAS with big ran for 0. secs (0.u,0.s) (success)
Tactic call lazy beta iota for CanonicalStructuresHOAS with big ran for 0. secs (0.u,0.s) (success)
Tactic call reif for CanonicalStructuresHOAS with big ran for 0.006 secs (0.006u,0.s) (success)
Tactic call post for CanonicalStructuresHOAS with big ran for 0. secs (0.u,0.s) (success)
Params: n= 8
Tactic call cbv for CanonicalStructuresHOAS with big ran for 0. secs (0.u,0.s) (success)
Tactic call pre for CanonicalStructuresHOAS with big ran for 0. secs (0.u,0.s) (success)
Tactic call actual reif for CanonicalStructuresHOAS with big ran for 0.043 secs (0.035u,0.007s)
Tactic call eval lazy for CanonicalStructuresHOAS with big ran for 0. secs (0.u,0.s)
Tactic call postprocess for CanonicalStructuresHOAS with big ran for 0. secs (0.u,0.s)
Tactic call norm reif for CanonicalStructuresHOAS with big ran for 0.043 secs (0.035u,0.007s)
Tactic call intros _ for CanonicalStructuresHOAS with big ran for 0. secs (0.u,0.s) (success)
Tactic call lazy beta iota for CanonicalStructuresHOAS with big ran for 0. secs (0.u,0.s) (success)
Tactic call reif for CanonicalStructuresHOAS with big ran for 0.043 secs (0.035u,0.007s) (success)
Tactic call post for CanonicalStructuresHOAS with big ran for 0. secs (0.u,0.s) (success)
Params: n= 9
Tactic call cbv for CanonicalStructuresHOAS with big ran for 0. secs (0.u,0.s) (success)
Tactic call pre for CanonicalStructuresHOAS with big ran for 0. secs (0.u,0.s) (success)
Tactic call actual reif for CanonicalStructuresHOAS with big ran for 0.007 secs (0.007u,0.s)
Tactic call eval lazy for CanonicalStructuresHOAS with big ran for 0. secs (0.u,0.s)
Tactic call postprocess for CanonicalStructuresHOAS with big ran for 0. secs (0.u,0.s)
Tactic call norm reif for CanonicalStructuresHOAS with big ran for 0.007 secs (0.007u,0.s)
Tactic call intros _ for CanonicalStructuresHOAS with big ran for 0. secs (0.u,0.s) (success)
Tactic call lazy beta iota for CanonicalStructuresHOAS with big ran for 0. secs (0.u,0.s) (success)
Tactic call reif for CanonicalStructuresHOAS with big ran for 0.007 secs (0.007u,0.s) (success)
Tactic call post for CanonicalStructuresHOAS with big ran for 0. secs (0.u,0.s) (success)
Params: n= 10
Tactic call cbv for CanonicalStructuresHOAS with big ran for 0. secs (0.u,0.s) (success)
Tactic call pre for CanonicalStructuresHOAS with big ran for 0. secs (0.u,0.s) (success)
Tactic call actual reif for CanonicalStructuresHOAS with big ran for 0.008 secs (0.008u,0.s)
Tactic call eval lazy for CanonicalStructuresHOAS with big ran for 0. secs (0.u,0.s)
Tactic call postprocess for CanonicalStructuresHOAS with big ran for 0. secs (0.u,0.s)
Tactic call norm reif for CanonicalStructuresHOAS with big ran for 0.008 secs (0.008u,0.s)
Tactic call intros _ for CanonicalStructuresHOAS with big ran for 0. secs (0.u,0.s) (success)
Tactic call lazy beta iota for CanonicalStructuresHOAS with big ran for 0. secs (0.u,0.s) (success)
Tactic call reif for CanonicalStructuresHOAS with big ran for 0.008 secs (0.008u,0.s) (success)
Tactic call post for CanonicalStructuresHOAS with big ran for 0. secs (0.u,0.s) (success)
Params: n= 11
Tactic call cbv for CanonicalStructuresHOAS with big ran for 0. secs (0.u,0.s) (success)
Tactic call pre for CanonicalStructuresHOAS with big ran for 0. secs (0.u,0.s) (success)
Tactic call actual reif for CanonicalStructuresHOAS with big ran for 0.01 secs (0.01u,0.s)
Tactic call eval lazy for CanonicalStructuresHOAS with big ran for 0. secs (0.u,0.s)
Tactic call postprocess for CanonicalStructuresHOAS with big ran for 0. secs (0.u,0.s)
Tactic call norm reif for CanonicalStructuresHOAS with big ran for 0.01 secs (0.01u,0.s)
Tactic call intros _ for CanonicalStructuresHOAS with big ran for 0. secs (0.u,0.s) (success)
Tactic call lazy beta iota for CanonicalStructuresHOAS with big ran for 0. secs (0.u,0.s) (success)
Tactic call reif for CanonicalStructuresHOAS with big ran for 0.01 secs (0.01u,0.s) (success)
Tactic call post for CanonicalStructuresHOAS with big ran for 0. secs (0.u,0.s) (success)
Params: n= 12
Tactic call cbv for CanonicalStructuresHOAS with big ran for 0. secs (0.u,0.s) (success)
Tactic call pre for CanonicalStructuresHOAS with big ran for 0. secs (0.u,0.s) (success)
Tactic call actual reif for CanonicalStructuresHOAS with big ran for 0.013 secs (0.013u,0.s)
Tactic call eval lazy for CanonicalStructuresHOAS with big ran for 0. secs (0.u,0.s)
Tactic call postprocess for CanonicalStructuresHOAS with big ran for 0. secs (0.u,0.s)
Tactic call norm reif for CanonicalStructuresHOAS with big ran for 0.013 secs (0.013u,0.s)
Tactic call intros _ for CanonicalStructuresHOAS with big ran for 0. secs (0.u,0.s) (success)
Tactic call lazy beta iota for CanonicalStructuresHOAS with big ran for 0. secs (0.u,0.s) (success)
Tactic call reif for CanonicalStructuresHOAS with big ran for 0.013 secs (0.013u,0.s) (success)
Tactic call post for CanonicalStructuresHOAS with big ran for 0. secs (0.u,0.s) (success)
Params: n= 13
Tactic call cbv for CanonicalStructuresHOAS with big ran for 0. secs (0.u,0.s) (success)
Tactic call pre for CanonicalStructuresHOAS with big ran for 0. secs (0.u,0.s) (success)
Tactic call actual reif for CanonicalStructuresHOAS with big ran for 0.014 secs (0.014u,0.s)
Tactic call eval lazy for CanonicalStructuresHOAS with big ran for 0. secs (0.u,0.s)
Tactic call postprocess for CanonicalStructuresHOAS with big ran for 0. secs (0.u,0.s)
Tactic call norm reif for CanonicalStructuresHOAS with big ran for 0.014 secs (0.014u,0.s)
Tactic call intros _ for CanonicalStructuresHOAS with big ran for 0. secs (0.u,0.s) (success)
Tactic call lazy beta iota for CanonicalStructuresHOAS with big ran for 0. secs (0.u,0.s) (success)
Tactic call reif for CanonicalStructuresHOAS with big ran for 0.014 secs (0.014u,0.s) (success)
Tactic call post for CanonicalStructuresHOAS with big ran for 0. secs (0.u,0.s) (success)
Params: n= 14
Tactic call cbv for CanonicalStructuresHOAS with big ran for 0. secs (0.u,0.s) (success)
Tactic call pre for CanonicalStructuresHOAS with big ran for 0. secs (0.u,0.s) (success)
Tactic call actual reif for CanonicalStructuresHOAS with big ran for 0.016 secs (0.016u,0.s)
Tactic call eval lazy for CanonicalStructuresHOAS with big ran for 0. secs (0.u,0.s)
Tactic call postprocess for CanonicalStructuresHOAS with big ran for 0. secs (0.u,0.s)
Tactic call norm reif for CanonicalStructuresHOAS with big ran for 0.017 secs (0.017u,0.s)
Tactic call intros _ for CanonicalStructuresHOAS with big ran for 0. secs (0.u,0.s) (success)
Tactic call lazy beta iota for CanonicalStructuresHOAS with big ran for 0. secs (0.u,0.s) (success)
Tactic call reif for CanonicalStructuresHOAS with big ran for 0.017 secs (0.017u,0.s) (success)
Tactic call post for CanonicalStructuresHOAS with big ran for 0. secs (0.u,0.s) (success)
Params: n= 15
Tactic call cbv for CanonicalStructuresHOAS with big ran for 0. secs (0.u,0.s) (success)
Tactic call pre for CanonicalStructuresHOAS with big ran for 0. secs (0.u,0.s) (success)
Tactic call actual reif for CanonicalStructuresHOAS with big ran for 0.02 secs (0.02u,0.s)
Tactic call eval lazy for CanonicalStructuresHOAS with big ran for 0. secs (0.u,0.s)
Tactic call postprocess for CanonicalStructuresHOAS with big ran for 0. secs (0.u,0.s)
Tactic call norm reif for CanonicalStructuresHOAS with big ran for 0.02 secs (0.02u,0.s)
Tactic call intros _ for CanonicalStructuresHOAS with big ran for 0. secs (0.u,0.s) (success)
Tactic call lazy beta iota for CanonicalStructuresHOAS with big ran for 0. secs (0.u,0.s) (success)
Tactic call reif for CanonicalStructuresHOAS with big ran for 0.02 secs (0.02u,0.s) (success)
Tactic call post for CanonicalStructuresHOAS with big ran for 0. secs (0.u,0.s) (success)
Params: n= 16
Tactic call cbv for CanonicalStructuresHOAS with big ran for 0. secs (0.u,0.s) (success)
Tactic call pre for CanonicalStructuresHOAS with big ran for 0. secs (0.u,0.s) (success)
Tactic call actual reif for CanonicalStructuresHOAS with big ran for 0.022 secs (0.022u,0.s)
Tactic call eval lazy for CanonicalStructuresHOAS with big ran for 0. secs (0.u,0.s)
Tactic call postprocess for CanonicalStructuresHOAS with big ran for 0. secs (0.u,0.s)
Tactic call norm reif for CanonicalStructuresHOAS with big ran for 0.022 secs (0.022u,0.s)
Tactic call intros _ for CanonicalStructuresHOAS with big ran for 0. secs (0.u,0.s) (success)
Tactic call lazy beta iota for CanonicalStructuresHOAS with big ran for 0. secs (0.u,0.s) (success)
Tactic call reif for CanonicalStructuresHOAS with big ran for 0.022 secs (0.022u,0.s) (success)
Tactic call post for CanonicalStructuresHOAS with big ran for 0. secs (0.u,0.s) (success)
Params: n= 17
Tactic call cbv for CanonicalStructuresHOAS with big ran for 0. secs (0.u,0.s) (success)
Tactic call pre for CanonicalStructuresHOAS with big ran for 0. secs (0.u,0.s) (success)
Tactic call actual reif for CanonicalStructuresHOAS with big ran for 0.026 secs (0.026u,0.s)
Tactic call eval lazy for CanonicalStructuresHOAS with big ran for 0. secs (0.u,0.s)
Tactic call postprocess for CanonicalStructuresHOAS with big ran for 0. secs (0.u,0.s)
Tactic call norm reif for CanonicalStructuresHOAS with big ran for 0.026 secs (0.026u,0.s)
Tactic call intros _ for CanonicalStructuresHOAS with big ran for 0. secs (0.u,0.s) (success)
Tactic call lazy beta iota for CanonicalStructuresHOAS with big ran for 0. secs (0.u,0.s) (success)
Tactic call reif for CanonicalStructuresHOAS with big ran for 0.026 secs (0.026u,0.s) (success)
Tactic call post for CanonicalStructuresHOAS with big ran for 0. secs (0.u,0.s) (success)
Params: n= 18
Tactic call cbv for CanonicalStructuresHOAS with big ran for 0. secs (0.u,0.s) (success)
Tactic call pre for CanonicalStructuresHOAS with big ran for 0. secs (0.u,0.s) (success)
Tactic call actual reif for CanonicalStructuresHOAS with big ran for 0.029 secs (0.029u,0.s)
Tactic call eval lazy for CanonicalStructuresHOAS with big ran for 0. secs (0.u,0.s)
Tactic call postprocess for CanonicalStructuresHOAS with big ran for 0. secs (0.u,0.s)
Tactic call norm reif for CanonicalStructuresHOAS with big ran for 0.03 secs (0.03u,0.s)
Tactic call intros _ for CanonicalStructuresHOAS with big ran for 0. secs (0.u,0.s) (success)
Tactic call lazy beta iota for CanonicalStructuresHOAS with big ran for 0. secs (0.u,0.s) (success)
Tactic call reif for CanonicalStructuresHOAS with big ran for 0.03 secs (0.03u,0.s) (success)
Tactic call post for CanonicalStructuresHOAS with big ran for 0. secs (0.u,0.s) (success)
Params: n= 19
Tactic call cbv for CanonicalStructuresHOAS with big ran for 0. secs (0.u,0.s) (success)
Tactic call pre for CanonicalStructuresHOAS with big ran for 0. secs (0.u,0.s) (success)
Tactic call actual reif for CanonicalStructuresHOAS with big ran for 0.033 secs (0.033u,0.s)
Tactic call eval lazy for CanonicalStructuresHOAS with big ran for 0. secs (0.u,0.s)
Tactic call postprocess for CanonicalStructuresHOAS with big ran for 0. secs (0.u,0.s)
Tactic call norm reif for CanonicalStructuresHOAS with big ran for 0.034 secs (0.034u,0.s)
Tactic call intros _ for CanonicalStructuresHOAS with big ran for 0. secs (0.u,0.s) (success)
Tactic call lazy beta iota for CanonicalStructuresHOAS with big ran for 0. secs (0.u,0.s) (success)
Tactic call reif for CanonicalStructuresHOAS with big ran for 0.034 secs (0.034u,0.s) (success)
Tactic call post for CanonicalStructuresHOAS with big ran for 0. secs (0.u,0.s) (success)
Params: n= 20
Tactic call cbv for CanonicalStructuresHOAS with big ran for 0. secs (0.u,0.s) (success)
Tactic call pre for CanonicalStructuresHOAS with big ran for 0. secs (0.u,0.s) (success)
Tactic call actual reif for CanonicalStructuresHOAS with big ran for 0.037 secs (0.037u,0.s)
Tactic call eval lazy for CanonicalStructuresHOAS with big ran for 0. secs (0.u,0.s)
Tactic call postprocess for CanonicalStructuresHOAS with big ran for 0. secs (0.u,0.s)
Tactic call norm reif for CanonicalStructuresHOAS with big ran for 0.037 secs (0.037u,0.s)
Tactic call intros _ for CanonicalStructuresHOAS with big ran for 0. secs (0.u,0.s) (success)
Tactic call lazy beta iota for CanonicalStructuresHOAS with big ran for 0. secs (0.u,0.s) (success)
Tactic call reif for CanonicalStructuresHOAS with big ran for 0.037 secs (0.037u,0.s) (success)
Tactic call post for CanonicalStructuresHOAS with big ran for 0. secs (0.u,0.s) (success)
Params: n= 21
Tactic call cbv for CanonicalStructuresHOAS with big ran for 0. secs (0.u,0.s) (success)
Tactic call pre for CanonicalStructuresHOAS with big ran for 0. secs (0.u,0.s) (success)
Tactic call actual reif for CanonicalStructuresHOAS with big ran for 0.042 secs (0.042u,0.s)
Tactic call eval lazy for CanonicalStructuresHOAS with big ran for 0. secs (0.u,0.s)
Tactic call postprocess for CanonicalStructuresHOAS with big ran for 0. secs (0.u,0.s)
Tactic call norm reif for CanonicalStructuresHOAS with big ran for 0.043 secs (0.043u,0.s)
Tactic call intros _ for CanonicalStructuresHOAS with big ran for 0. secs (0.u,0.s) (success)
Tactic call lazy beta iota for CanonicalStructuresHOAS with big ran for 0. secs (0.u,0.s) (success)
Tactic call reif for CanonicalStructuresHOAS with big ran for 0.043 secs (0.043u,0.s) (success)
Tactic call post for CanonicalStructuresHOAS with big ran for 0. secs (0.u,0.s) (success)
Params: n= 22
Tactic call cbv for CanonicalStructuresHOAS with big ran for 0. secs (0.u,0.s) (success)
Tactic call pre for CanonicalStructuresHOAS with big ran for 0. secs (0.u,0.s) (success)
Tactic call actual reif for CanonicalStructuresHOAS with big ran for 0.047 secs (0.047u,0.s)
Tactic call eval lazy for CanonicalStructuresHOAS with big ran for 0. secs (0.u,0.s)
Tactic call postprocess for CanonicalStructuresHOAS with big ran for 0. secs (0.u,0.s)
Tactic call norm reif for CanonicalStructuresHOAS with big ran for 0.048 secs (0.047u,0.s)
Tactic call intros _ for CanonicalStructuresHOAS with big ran for 0. secs (0.u,0.s) (success)
Tactic call lazy beta iota for CanonicalStructuresHOAS with big ran for 0. secs (0.u,0.s) (success)
Tactic call reif for CanonicalStructuresHOAS with big ran for 0.048 secs (0.047u,0.s) (success)
Tactic call post for CanonicalStructuresHOAS with big ran for 0. secs (0.u,0.s) (success)
Params: n= 23
Tactic call cbv for CanonicalStructuresHOAS with big ran for 0. secs (0.u,0.s) (success)
Tactic call pre for CanonicalStructuresHOAS with big ran for 0.001 secs (0.001u,0.s) (success)
Tactic call actual reif for CanonicalStructuresHOAS with big ran for 0.053 secs (0.053u,0.s)
Tactic call eval lazy for CanonicalStructuresHOAS with big ran for 0. secs (0.u,0.s)
Tactic call postprocess for CanonicalStructuresHOAS with big ran for 0. secs (0.u,0.s)
Tactic call norm reif for CanonicalStructuresHOAS with big ran for 0.053 secs (0.053u,0.s)
Tactic call intros _ for CanonicalStructuresHOAS with big ran for 0. secs (0.u,0.s) (success)
Tactic call lazy beta iota for CanonicalStructuresHOAS with big ran for 0. secs (0.u,0.s) (success)
Tactic call reif for CanonicalStructuresHOAS with big ran for 0.053 secs (0.053u,0.s) (success)
Tactic call post for CanonicalStructuresHOAS with big ran for 0. secs (0.u,0.s) (success)
Params: n= 24
Tactic call cbv for CanonicalStructuresHOAS with big ran for 0. secs (0.u,0.s) (success)
Tactic call pre for CanonicalStructuresHOAS with big ran for 0. secs (0.u,0.s) (success)
Tactic call actual reif for CanonicalStructuresHOAS with big ran for 0.059 secs (0.059u,0.s)
Tactic call eval lazy for CanonicalStructuresHOAS with big ran for 0. secs (0.u,0.s)
Tactic call postprocess for CanonicalStructuresHOAS with big ran for 0. secs (0.u,0.s)
Tactic call norm reif for CanonicalStructuresHOAS with big ran for 0.059 secs (0.059u,0.s)
Tactic call intros _ for CanonicalStructuresHOAS with big ran for 0. secs (0.u,0.s) (success)
Tactic call lazy beta iota for CanonicalStructuresHOAS with big ran for 0. secs (0.u,0.s) (success)
Tactic call reif for CanonicalStructuresHOAS with big ran for 0.06 secs (0.06u,0.s) (success)
Tactic call post for CanonicalStructuresHOAS with big ran for 0. secs (0.u,0.s) (success)
Params: n= 25
Tactic call cbv for CanonicalStructuresHOAS with big ran for 0. secs (0.u,0.s) (success)
Tactic call pre for CanonicalStructuresHOAS with big ran for 0. secs (0.u,0.s) (success)
Tactic call actual reif for CanonicalStructuresHOAS with big ran for 0.065 secs (0.065u,0.s)
Tactic call eval lazy for CanonicalStructuresHOAS with big ran for 0. secs (0.u,0.s)
Tactic call postprocess for CanonicalStructuresHOAS with big ran for 0. secs (0.u,0.s)
Tactic call norm reif for CanonicalStructuresHOAS with big ran for 0.065 secs (0.065u,0.s)
Tactic call intros _ for CanonicalStructuresHOAS with big ran for 0. secs (0.u,0.s) (success)
Tactic call lazy beta iota for CanonicalStructuresHOAS with big ran for 0. secs (0.u,0.s) (success)
Tactic call reif for CanonicalStructuresHOAS with big ran for 0.065 secs (0.065u,0.s) (success)
Tactic call post for CanonicalStructuresHOAS with big ran for 0. secs (0.u,0.s) (success)
Params: n= 26
Tactic call cbv for CanonicalStructuresHOAS with big ran for 0. secs (0.u,0.s) (success)
Tactic call pre for CanonicalStructuresHOAS with big ran for 0.001 secs (0.001u,0.s) (success)
Tactic call actual reif for CanonicalStructuresHOAS with big ran for 0.071 secs (0.071u,0.s)
Tactic call eval lazy for CanonicalStructuresHOAS with big ran for 0. secs (0.u,0.s)
Tactic call postprocess for CanonicalStructuresHOAS with big ran for 0. secs (0.u,0.s)
Tactic call norm reif for CanonicalStructuresHOAS with big ran for 0.072 secs (0.072u,0.s)
Tactic call intros _ for CanonicalStructuresHOAS with big ran for 0. secs (0.u,0.s) (success)
Tactic call lazy beta iota for CanonicalStructuresHOAS with big ran for 0. secs (0.u,0.s) (success)
Tactic call reif for CanonicalStructuresHOAS with big ran for 0.072 secs (0.072u,0.s) (success)
Tactic call post for CanonicalStructuresHOAS with big ran for 0. secs (0.u,0.s) (success)
Params: n= 27
Tactic call cbv for CanonicalStructuresHOAS with big ran for 0. secs (0.u,0.s) (success)
Tactic call pre for CanonicalStructuresHOAS with big ran for 0. secs (0.u,0.s) (success)
Tactic call actual reif for CanonicalStructuresHOAS with big ran for 0.08 secs (0.08u,0.s)
Tactic call eval lazy for CanonicalStructuresHOAS with big ran for 0. secs (0.u,0.s)
Tactic call postprocess for CanonicalStructuresHOAS with big ran for 0. secs (0.u,0.s)
Tactic call norm reif for CanonicalStructuresHOAS with big ran for 0.081 secs (0.081u,0.s)
Tactic call intros _ for CanonicalStructuresHOAS with big ran for 0. secs (0.u,0.s) (success)
Tactic call lazy beta iota for CanonicalStructuresHOAS with big ran for 0. secs (0.u,0.s) (success)
Tactic call reif for CanonicalStructuresHOAS with big ran for 0.081 secs (0.081u,0.s) (success)
Tactic call post for CanonicalStructuresHOAS with big ran for 0. secs (0.u,0.s) (success)
Params: n= 28
Tactic call cbv for CanonicalStructuresHOAS with big ran for 0. secs (0.u,0.s) (success)
Tactic call pre for CanonicalStructuresHOAS with big ran for 0. secs (0.u,0.s) (success)
Tactic call actual reif for CanonicalStructuresHOAS with big ran for 0.089 secs (0.089u,0.s)
Tactic call eval lazy for CanonicalStructuresHOAS with big ran for 0. secs (0.u,0.s)
Tactic call postprocess for CanonicalStructuresHOAS with big ran for 0. secs (0.u,0.s)
Tactic call norm reif for CanonicalStructuresHOAS with big ran for 0.089 secs (0.089u,0.s)
Tactic call intros _ for CanonicalStructuresHOAS with big ran for 0. secs (0.u,0.s) (success)
Tactic call lazy beta iota for CanonicalStructuresHOAS with big ran for 0. secs (0.u,0.s) (success)
Tactic call reif for CanonicalStructuresHOAS with big ran for 0.089 secs (0.089u,0.s) (success)
Tactic call post for CanonicalStructuresHOAS with big ran for 0. secs (0.u,0.s) (success)
Params: n= 29
Tactic call cbv for CanonicalStructuresHOAS with big ran for 0. secs (0.u,0.s) (success)
Tactic call pre for CanonicalStructuresHOAS with big ran for 0. secs (0.u,0.s) (success)
Tactic call actual reif for CanonicalStructuresHOAS with big ran for 0.097 secs (0.097u,0.s)
Tactic call eval lazy for CanonicalStructuresHOAS with big ran for 0. secs (0.u,0.s)
Tactic call postprocess for CanonicalStructuresHOAS with big ran for 0. secs (0.u,0.s)
Tactic call norm reif for CanonicalStructuresHOAS with big ran for 0.098 secs (0.098u,0.s)
Tactic call intros _ for CanonicalStructuresHOAS with big ran for 0. secs (0.u,0.s) (success)
Tactic call lazy beta iota for CanonicalStructuresHOAS with big ran for 0. secs (0.u,0.s) (success)
Tactic call reif for CanonicalStructuresHOAS with big ran for 0.098 secs (0.098u,0.s) (success)
Tactic call post for CanonicalStructuresHOAS with big ran for 0. secs (0.u,0.s) (success)
Params: n= 30
Tactic call cbv for CanonicalStructuresHOAS with big ran for 0. secs (0.u,0.s) (success)
Tactic call pre for CanonicalStructuresHOAS with big ran for 0. secs (0.u,0.s) (success)
Tactic call actual reif for CanonicalStructuresHOAS with big ran for 0.106 secs (0.106u,0.s)
Tactic call eval lazy for CanonicalStructuresHOAS with big ran for 0. secs (0.u,0.s)
Tactic call postprocess for CanonicalStructuresHOAS with big ran for 0. secs (0.u,0.s)
Tactic call norm reif for CanonicalStructuresHOAS with big ran for 0.106 secs (0.106u,0.s)
Tactic call intros _ for CanonicalStructuresHOAS with big ran for 0. secs (0.u,0.s) (success)
Tactic call lazy beta iota for CanonicalStructuresHOAS with big ran for 0. secs (0.u,0.s) (success)
Tactic call reif for CanonicalStructuresHOAS with big ran for 0.107 secs (0.107u,0.s) (success)
Tactic call post for CanonicalStructuresHOAS with big ran for 0. secs (0.u,0.s) (success)
