Params: n= 4
Tactic call reify-regression-cubic ran for 0.004 secs (0.003u,0.001s)
Tactic call abstract-regression-linear ran for 0. secs (0.u,0.s) (success)
Params: n= 5
Tactic call reify-regression-cubic ran for 0.005 secs (0.004u,0.s)
Tactic call abstract-regression-linear ran for 0. secs (0.u,0.s) (success)
Params: n= 6
Tactic call reify-regression-cubic ran for 0.006 secs (0.006u,0.s)
Tactic call abstract-regression-linear ran for 0. secs (0.u,0.s) (success)
Params: n= 7
Tactic call reify-regression-cubic ran for 0.007 secs (0.006u,0.s)
Tactic call abstract-regression-linear ran for 0. secs (0.u,0.s) (success)
Params: n= 8
Tactic call reify-regression-cubic ran for 0.009 secs (0.008u,0.s)
Tactic call abstract-regression-linear ran for 0. secs (0.u,0.s) (success)
Params: n= 9
Tactic call reify-regression-cubic ran for 0.01 secs (0.009u,0.001s)
Tactic call abstract-regression-linear ran for 0. secs (0.u,0.s) (success)
Params: n= 10
Tactic call reify-regression-cubic ran for 0.011 secs (0.011u,0.s)
Tactic call abstract-regression-linear ran for 0.035 secs (0.034u,0.s) (success)
Params: n= 11
Tactic call reify-regression-cubic ran for 0.011 secs (0.011u,0.s)
Tactic call abstract-regression-linear ran for 0. secs (0.u,0.s) (success)
Params: n= 12
Tactic call reify-regression-cubic ran for 0.013 secs (0.013u,0.s)
Tactic call abstract-regression-linear ran for 0. secs (0.u,0.s) (success)
Params: n= 13
Tactic call reify-regression-cubic ran for 0.014 secs (0.014u,0.s)
Tactic call abstract-regression-linear ran for 0. secs (0.u,0.s) (success)
Params: n= 14
Tactic call reify-regression-cubic ran for 0.017 secs (0.017u,0.s)
Tactic call abstract-regression-linear ran for 0. secs (0.u,0.s) (success)
Params: n= 15
Tactic call reify-regression-cubic ran for 0.018 secs (0.018u,0.s)
Tactic call abstract-regression-linear ran for 0. secs (0.u,0.s) (success)
Params: n= 16
Tactic call reify-regression-cubic ran for 0.02 secs (0.02u,0.s)
Tactic call abstract-regression-linear ran for 0. secs (0.u,0.s) (success)
Params: n= 17
Tactic call reify-regression-cubic ran for 0.026 secs (0.026u,0.s)
Tactic call abstract-regression-linear ran for 0. secs (0.u,0.s) (success)
Params: n= 18
Tactic call reify-regression-cubic ran for 0.024 secs (0.024u,0.s)
Tactic call abstract-regression-linear ran for 0.001 secs (0.001u,0.s) (success)
Params: n= 19
Tactic call reify-regression-cubic ran for 0.028 secs (0.028u,0.s)
Tactic call abstract-regression-linear ran for 0.001 secs (0.u,0.s) (success)
Params: n= 20
Tactic call reify-regression-cubic ran for 0.029 secs (0.029u,0.s)
Tactic call abstract-regression-linear ran for 0.001 secs (0.001u,0.s) (success)
Params: n= 21
Tactic call reify-regression-cubic ran for 0.036 secs (0.036u,0.s)
Tactic call abstract-regression-linear ran for 0.001 secs (0.001u,0.s) (success)
Params: n= 22
Tactic call reify-regression-cubic ran for 0.035 secs (0.035u,0.s)
Tactic call abstract-regression-linear ran for 0.001 secs (0.001u,0.s) (success)
Params: n= 23
Tactic call reify-regression-cubic ran for 0.038 secs (0.038u,0.s)
Tactic call abstract-regression-linear ran for 0.001 secs (0.001u,0.s) (success)
Params: n= 24
Tactic call reify-regression-cubic ran for 0.043 secs (0.043u,0.s)
Tactic call abstract-regression-linear ran for 0.001 secs (0.001u,0.s) (success)
Params: n= 25
Tactic call reify-regression-cubic ran for 0.044 secs (0.044u,0.s)
Tactic call abstract-regression-linear ran for 0.002 secs (0.001u,0.s) (success)
Params: n= 26
Tactic call reify-regression-cubic ran for 0.047 secs (0.047u,0.s)
Tactic call abstract-regression-linear ran for 0.001 secs (0.001u,0.s) (success)
Params: n= 27
Tactic call reify-regression-cubic ran for 0.054 secs (0.053u,0.s)
Tactic call abstract-regression-linear ran for 0.001 secs (0.001u,0.s) (success)
Params: n= 28
Tactic call reify-regression-cubic ran for 0.055 secs (0.055u,0.s)
Tactic call abstract-regression-linear ran for 0.001 secs (0.001u,0.s) (success)
Params: n= 29
Tactic call reify-regression-cubic ran for 0.061 secs (0.061u,0.s)
Tactic call abstract-regression-linear ran for 0.001 secs (0.001u,0.s) (success)
Params: n= 30
Tactic call reify-regression-cubic ran for 0.063 secs (0.063u,0.s)
Tactic call abstract-regression-linear ran for 0.001 secs (0.001u,0.s) (success)
Params: n= 31
Tactic call reify-regression-cubic ran for 0.069 secs (0.069u,0.s)
Tactic call abstract-regression-linear ran for 0.001 secs (0.001u,0.s) (success)
Params: n= 32
Tactic call reify-regression-cubic ran for 0.072 secs (0.072u,0.s)
Tactic call abstract-regression-linear ran for 0.001 secs (0.001u,0.s) (success)
Params: n= 33
Tactic call reify-regression-cubic ran for 0.078 secs (0.078u,0.s)
Tactic call abstract-regression-linear ran for 0.001 secs (0.001u,0.s) (success)
Params: n= 34
Tactic call reify-regression-cubic ran for 0.086 secs (0.086u,0.s)
Tactic call abstract-regression-linear ran for 0.001 secs (0.001u,0.s) (success)
Params: n= 35
Tactic call reify-regression-cubic ran for 0.088 secs (0.088u,0.s)
Tactic call abstract-regression-linear ran for 0.001 secs (0.001u,0.s) (success)
Params: n= 36
Tactic call reify-regression-cubic ran for 0.094 secs (0.091u,0.002s)
Tactic call abstract-regression-linear ran for 0.001 secs (0.001u,0.s) (success)
Params: n= 37
Tactic call reify-regression-cubic ran for 0.102 secs (0.101u,0.s)
Tactic call abstract-regression-linear ran for 0.001 secs (0.001u,0.s) (success)
Params: n= 38
Tactic call reify-regression-cubic ran for 0.113 secs (0.113u,0.s)
Tactic call abstract-regression-linear ran for 0.001 secs (0.001u,0.s) (success)
Params: n= 39
Tactic call reify-regression-cubic ran for 0.115 secs (0.115u,0.s)
Tactic call abstract-regression-linear ran for 0.002 secs (0.002u,0.s) (success)
Params: n= 40
Tactic call reify-regression-cubic ran for 0.112 secs (0.112u,0.s)
Tactic call abstract-regression-linear ran for 0.001 secs (0.001u,0.s) (success)
Params: n= 41
Tactic call reify-regression-cubic ran for 0.119 secs (0.119u,0.s)
Tactic call abstract-regression-linear ran for 0.001 secs (0.001u,0.s) (success)
Params: n= 42
Tactic call reify-regression-cubic ran for 0.125 secs (0.125u,0.s)
Tactic call abstract-regression-linear ran for 0.001 secs (0.001u,0.s) (success)
Params: n= 43
Tactic call reify-regression-cubic ran for 0.132 secs (0.132u,0.s)
Tactic call abstract-regression-linear ran for 0.002 secs (0.002u,0.s) (success)
Params: n= 44
Tactic call reify-regression-cubic ran for 0.144 secs (0.144u,0.s)
Tactic call abstract-regression-linear ran for 0.002 secs (0.002u,0.s) (success)
Params: n= 45
Tactic call reify-regression-cubic ran for 0.158 secs (0.158u,0.s)
Tactic call abstract-regression-linear ran for 0.002 secs (0.002u,0.s) (success)
Params: n= 46
Tactic call reify-regression-cubic ran for 0.165 secs (0.164u,0.s)
Tactic call abstract-regression-linear ran for 0.002 secs (0.002u,0.s) (success)
Params: n= 47
Tactic call reify-regression-cubic ran for 0.157 secs (0.157u,0.s)
Tactic call abstract-regression-linear ran for 0.002 secs (0.002u,0.s) (success)
Params: n= 48
Tactic call reify-regression-cubic ran for 0.17 secs (0.169u,0.s)
Tactic call abstract-regression-linear ran for 0.002 secs (0.002u,0.s) (success)
Params: n= 49
Tactic call reify-regression-cubic ran for 0.178 secs (0.178u,0.s)
Tactic call abstract-regression-linear ran for 0.003 secs (0.003u,0.s) (success)
Params: n= 50
Tactic call reify-regression-cubic ran for 0.183 secs (0.183u,0.s)
Tactic call abstract-regression-linear ran for 0.002 secs (0.002u,0.s) (success)
Params: n= 51
Tactic call reify-regression-cubic ran for 0.193 secs (0.193u,0.s)
Tactic call abstract-regression-linear ran for 0.002 secs (0.002u,0.s) (success)
Params: n= 52
Tactic call reify-regression-cubic ran for 0.202 secs (0.202u,0.s)
Tactic call abstract-regression-linear ran for 0.002 secs (0.002u,0.s) (success)
Params: n= 53
Tactic call reify-regression-cubic ran for 0.21 secs (0.209u,0.s)
Tactic call abstract-regression-linear ran for 0.002 secs (0.002u,0.s) (success)
Params: n= 54
Tactic call reify-regression-cubic ran for 0.22 secs (0.218u,0.001s)
Tactic call abstract-regression-linear ran for 0.002 secs (0.002u,0.s) (success)
Params: n= 55
Tactic call reify-regression-cubic ran for 0.239 secs (0.238u,0.s)
Tactic call abstract-regression-linear ran for 0.002 secs (0.002u,0.s) (success)
Params: n= 56
Tactic call reify-regression-cubic ran for 0.243 secs (0.242u,0.001s)
Tactic call abstract-regression-linear ran for 0.002 secs (0.002u,0.s) (success)
Params: n= 57
Tactic call reify-regression-cubic ran for 0.252 secs (0.251u,0.s)
Tactic call abstract-regression-linear ran for 0.002 secs (0.002u,0.s) (success)
Params: n= 58
Tactic call reify-regression-cubic ran for 0.278 secs (0.277u,0.s)
Tactic call abstract-regression-linear ran for 0.002 secs (0.002u,0.s) (success)
Params: n= 59
Tactic call reify-regression-cubic ran for 0.288 secs (0.288u,0.s)
Tactic call abstract-regression-linear ran for 0.002 secs (0.002u,0.s) (success)
Params: n= 60
Tactic call reify-regression-cubic ran for 0.281 secs (0.279u,0.001s)
Tactic call abstract-regression-linear ran for 0.002 secs (0.002u,0.s) (success)
Params: n= 61
Tactic call reify-regression-cubic ran for 0.288 secs (0.288u,0.s)
Tactic call abstract-regression-linear ran for 0.002 secs (0.002u,0.s) (success)
Params: n= 62
Tactic call reify-regression-cubic ran for 0.302 secs (0.301u,0.001s)
Tactic call abstract-regression-linear ran for 0.004 secs (0.004u,0.s) (success)
Params: n= 63
Tactic call reify-regression-cubic ran for 0.324 secs (0.324u,0.s)
Tactic call abstract-regression-linear ran for 0.002 secs (0.002u,0.s) (success)
Params: n= 64
Tactic call reify-regression-cubic ran for 0.326 secs (0.326u,0.s)
Tactic call abstract-regression-linear ran for 0.002 secs (0.002u,0.s) (success)
Params: n= 65
Tactic call reify-regression-cubic ran for 0.336 secs (0.336u,0.s)
Tactic call abstract-regression-linear ran for 0.002 secs (0.002u,0.s) (success)
Params: n= 66
Tactic call reify-regression-cubic ran for 0.352 secs (0.351u,0.s)
Tactic call abstract-regression-linear ran for 0.002 secs (0.002u,0.s) (success)
Params: n= 67
Tactic call reify-regression-cubic ran for 0.364 secs (0.364u,0.s)
Tactic call abstract-regression-linear ran for 0.002 secs (0.002u,0.s) (success)
Params: n= 68
Tactic call reify-regression-cubic ran for 0.4 secs (0.4u,0.s)
Tactic call abstract-regression-linear ran for 0.002 secs (0.002u,0.s) (success)
Params: n= 69
Tactic call reify-regression-cubic ran for 0.406 secs (0.406u,0.s)
Tactic call abstract-regression-linear ran for 0.002 secs (0.002u,0.s) (success)
Params: n= 70
Tactic call reify-regression-cubic ran for 0.416 secs (0.416u,0.s)
Tactic call abstract-regression-linear ran for 0.003 secs (0.003u,0.s) (success)
Params: n= 71
Tactic call reify-regression-cubic ran for 0.417 secs (0.416u,0.s)
Tactic call abstract-regression-linear ran for 0.002 secs (0.002u,0.s) (success)
Params: n= 72
Tactic call reify-regression-cubic ran for 0.432 secs (0.431u,0.001s)
Tactic call abstract-regression-linear ran for 0.003 secs (0.003u,0.s) (success)
Params: n= 73
Tactic call reify-regression-cubic ran for 0.452 secs (0.452u,0.s)
Tactic call abstract-regression-linear ran for 0.004 secs (0.004u,0.s) (success)
Params: n= 74
Tactic call reify-regression-cubic ran for 0.463 secs (0.463u,0.s)
Tactic call abstract-regression-linear ran for 0.003 secs (0.003u,0.s) (success)
Params: n= 75
Tactic call reify-regression-cubic ran for 0.477 secs (0.477u,0.s)
Tactic call abstract-regression-linear ran for 0.003 secs (0.003u,0.s) (success)
Params: n= 76
Tactic call reify-regression-cubic ran for 0.49 secs (0.49u,0.s)
Tactic call abstract-regression-linear ran for 0.003 secs (0.003u,0.s) (success)
Params: n= 77
Tactic call reify-regression-cubic ran for 0.523 secs (0.523u,0.s)
Tactic call abstract-regression-linear ran for 0.003 secs (0.003u,0.s) (success)
Params: n= 78
Tactic call reify-regression-cubic ran for 0.555 secs (0.555u,0.s)
Tactic call abstract-regression-linear ran for 0.003 secs (0.002u,0.s) (success)
Params: n= 79
Tactic call reify-regression-cubic ran for 0.558 secs (0.558u,0.s)
Tactic call abstract-regression-linear ran for 0.003 secs (0.003u,0.s) (success)
Params: n= 80
Tactic call reify-regression-cubic ran for 0.543 secs (0.543u,0.s)
Tactic call abstract-regression-linear ran for 0.003 secs (0.003u,0.s) (success)
Params: n= 81
Tactic call reify-regression-cubic ran for 0.562 secs (0.562u,0.s)
Tactic call abstract-regression-linear ran for 0.003 secs (0.003u,0.s) (success)
Params: n= 82
Tactic call reify-regression-cubic ran for 0.6 secs (0.6u,0.s)
Tactic call abstract-regression-linear ran for 0.003 secs (0.003u,0.s) (success)
Params: n= 83
Tactic call reify-regression-cubic ran for 0.605 secs (0.605u,0.s)
Tactic call abstract-regression-linear ran for 0.003 secs (0.003u,0.s) (success)
Params: n= 84
Tactic call reify-regression-cubic ran for 0.621 secs (0.621u,0.s)
Tactic call abstract-regression-linear ran for 0.003 secs (0.003u,0.s) (success)
Params: n= 85
Tactic call reify-regression-cubic ran for 0.689 secs (0.689u,0.s)
Tactic call abstract-regression-linear ran for 0.003 secs (0.003u,0.s) (success)
Params: n= 86
Tactic call reify-regression-cubic ran for 0.699 secs (0.699u,0.s)
Tactic call abstract-regression-linear ran for 0.003 secs (0.003u,0.s) (success)
Params: n= 87
Tactic call reify-regression-cubic ran for 0.68 secs (0.68u,0.s)
Tactic call abstract-regression-linear ran for 0.003 secs (0.003u,0.s) (success)
Params: n= 88
Tactic call reify-regression-cubic ran for 0.694 secs (0.694u,0.s)
Tactic call abstract-regression-linear ran for 0.003 secs (0.003u,0.s) (success)
Params: n= 89
Tactic call reify-regression-cubic ran for 0.721 secs (0.72u,0.s)
Tactic call abstract-regression-linear ran for 0.003 secs (0.003u,0.s) (success)
Params: n= 90
Tactic call reify-regression-cubic ran for 0.747 secs (0.747u,0.s)
Tactic call abstract-regression-linear ran for 0.003 secs (0.003u,0.s) (success)
Params: n= 91
Tactic call reify-regression-cubic ran for 0.811 secs (0.811u,0.s)
Tactic call abstract-regression-linear ran for 0.003 secs (0.003u,0.s) (success)
Params: n= 92
Tactic call reify-regression-cubic ran for 0.805 secs (0.805u,0.s)
Tactic call abstract-regression-linear ran for 0.003 secs (0.003u,0.s) (success)
Params: n= 93
Tactic call reify-regression-cubic ran for 0.787 secs (0.785u,0.001s)
Tactic call abstract-regression-linear ran for 0.003 secs (0.003u,0.s) (success)
Params: n= 94
Tactic call reify-regression-cubic ran for 0.808 secs (0.807u,0.s)
Tactic call abstract-regression-linear ran for 0.003 secs (0.003u,0.s) (success)
Params: n= 95
Tactic call reify-regression-cubic ran for 0.82 secs (0.819u,0.001s)
Tactic call abstract-regression-linear ran for 0.004 secs (0.004u,0.s) (success)
Params: n= 96
Tactic call reify-regression-cubic ran for 0.889 secs (0.889u,0.s)
Tactic call abstract-regression-linear ran for 0.003 secs (0.003u,0.s) (success)
Params: n= 97
Tactic call reify-regression-cubic ran for 0.897 secs (0.897u,0.s)
Tactic call abstract-regression-linear ran for 0.003 secs (0.003u,0.s) (success)
Params: n= 98
Tactic call reify-regression-cubic ran for 0.896 secs (0.896u,0.s)
Tactic call abstract-regression-linear ran for 0.004 secs (0.004u,0.s) (success)
Params: n= 99
Tactic call reify-regression-cubic ran for 0.919 secs (0.919u,0.s)
Tactic call abstract-regression-linear ran for 0.004 secs (0.004u,0.s) (success)
Params: n= 100
Tactic call reify-regression-cubic ran for 0.95 secs (0.95u,0.s)
Tactic call abstract-regression-linear ran for 0.004 secs (0.004u,0.s) (success)
