Params: n= 10
Tactic call repeat-setoid_rewrite-regression-cubic ran for 0.01 secs (0.005u,0.004s) (success)
Tactic call noop-repeat-setoid_rewrite-regression-cubic ran for 0.002 secs (0.002u,0.s) (success)
Params: n= 20
Tactic call repeat-setoid_rewrite-regression-cubic ran for 0.023 secs (0.015u,0.007s) (success)
Tactic call noop-repeat-setoid_rewrite-regression-cubic ran for 0.04 secs (0.036u,0.004s) (success)
Params: n= 30
Tactic call repeat-setoid_rewrite-regression-cubic ran for 0.047 secs (0.047u,0.s) (success)
Tactic call noop-repeat-setoid_rewrite-regression-cubic ran for 0.007 secs (0.007u,0.s) (success)
Params: n= 40
Tactic call repeat-setoid_rewrite-regression-cubic ran for 0.054 secs (0.053u,0.s) (success)
Tactic call noop-repeat-setoid_rewrite-regression-cubic ran for 0.011 secs (0.011u,0.s) (success)
Params: n= 60
Tactic call repeat-setoid_rewrite-regression-cubic ran for 0.115 secs (0.115u,0.s) (success)
Tactic call noop-repeat-setoid_rewrite-regression-cubic ran for 0.022 secs (0.022u,0.s) (success)
Params: n= 70
Tactic call repeat-setoid_rewrite-regression-cubic ran for 0.216 secs (0.208u,0.008s) (success)
Tactic call noop-repeat-setoid_rewrite-regression-cubic ran for 0.029 secs (0.029u,0.s) (success)
Params: n= 80
Tactic call repeat-setoid_rewrite-regression-cubic ran for 0.235 secs (0.235u,0.s) (success)
Tactic call noop-repeat-setoid_rewrite-regression-cubic ran for 0.037 secs (0.037u,0.s) (success)
Params: n= 90
Tactic call repeat-setoid_rewrite-regression-cubic ran for 0.317 secs (0.317u,0.s) (success)
Tactic call noop-repeat-setoid_rewrite-regression-cubic ran for 0.046 secs (0.046u,0.s) (success)
Params: n= 110
Tactic call repeat-setoid_rewrite-regression-cubic ran for 0.424 secs (0.424u,0.s) (success)
Tactic call noop-repeat-setoid_rewrite-regression-cubic ran for 0.07 secs (0.07u,0.s) (success)
Params: n= 120
Tactic call repeat-setoid_rewrite-regression-cubic ran for 0.453 secs (0.452u,0.s) (success)
Tactic call noop-repeat-setoid_rewrite-regression-cubic ran for 0.083 secs (0.083u,0.s) (success)
Params: n= 130
Tactic call repeat-setoid_rewrite-regression-cubic ran for 0.56 secs (0.556u,0.003s) (success)
Tactic call noop-repeat-setoid_rewrite-regression-cubic ran for 0.094 secs (0.094u,0.s) (success)
Params: n= 140
Tactic call repeat-setoid_rewrite-regression-cubic ran for 0.656 secs (0.656u,0.s) (success)
Tactic call noop-repeat-setoid_rewrite-regression-cubic ran for 0.11 secs (0.11u,0.s) (success)
Params: n= 160
Tactic call repeat-setoid_rewrite-regression-cubic ran for 0.878 secs (0.878u,0.s) (success)
Tactic call noop-repeat-setoid_rewrite-regression-cubic ran for 0.145 secs (0.145u,0.s) (success)
Params: n= 170
Tactic call repeat-setoid_rewrite-regression-cubic ran for 0.979 secs (0.967u,0.011s) (success)
Tactic call noop-repeat-setoid_rewrite-regression-cubic ran for 0.164 secs (0.164u,0.s) (success)
Params: n= 180
Tactic call repeat-setoid_rewrite-regression-cubic ran for 1.079 secs (1.078u,0.s) (success)
Tactic call noop-repeat-setoid_rewrite-regression-cubic ran for 0.184 secs (0.184u,0.s) (success)
Params: n= 190
Tactic call repeat-setoid_rewrite-regression-cubic ran for 1.231 secs (1.231u,0.s) (success)
Tactic call noop-repeat-setoid_rewrite-regression-cubic ran for 0.199 secs (0.199u,0.s) (success)
Params: n= 210
Tactic call repeat-setoid_rewrite-regression-cubic ran for 1.587 secs (1.579u,0.007s) (success)
Tactic call noop-repeat-setoid_rewrite-regression-cubic ran for 0.251 secs (0.251u,0.s) (success)
Params: n= 220
Tactic call repeat-setoid_rewrite-regression-cubic ran for 1.752 secs (1.752u,0.s) (success)
Tactic call noop-repeat-setoid_rewrite-regression-cubic ran for 0.27 secs (0.27u,0.s) (success)
Params: n= 230
Tactic call repeat-setoid_rewrite-regression-cubic ran for 1.885 secs (1.885u,0.s) (success)
Tactic call noop-repeat-setoid_rewrite-regression-cubic ran for 0.304 secs (0.304u,0.s) (success)
Params: n= 240
Tactic call repeat-setoid_rewrite-regression-cubic ran for 2.178 secs (2.178u,0.s) (success)
Tactic call noop-repeat-setoid_rewrite-regression-cubic ran for 0.332 secs (0.332u,0.s) (success)
Params: n= 250
Tactic call repeat-setoid_rewrite-regression-cubic ran for 2.326 secs (2.326u,0.s) (success)
Tactic call noop-repeat-setoid_rewrite-regression-cubic ran for 0.363 secs (0.363u,0.s) (success)
Params: n= 300
Tactic call repeat-setoid_rewrite-regression-cubic ran for 3.707 secs (3.703u,0.003s) (success)
Tactic call noop-repeat-setoid_rewrite-regression-cubic ran for 0.537 secs (0.537u,0.s) (success)
Params: n= 400
Tactic call repeat-setoid_rewrite-regression-cubic ran for 7.801 secs (7.764u,0.035s) (success)
Tactic call noop-repeat-setoid_rewrite-regression-cubic ran for 0.987 secs (0.987u,0.s) (success)
