Params: n= 50
Tactic call rewrite!-regression-quadratic ran for 0.038 secs (0.038u,0.s) (success)
Tactic call rewrite?-noop-regression-linear ran for 0. secs (0.u,0.s) (success)
Tactic call abstract+rewrite!-regression-quadratic ran for 0.07 secs (0.069u,0.s) (success)
Tactic call close-abstract+rewrite!-regression-quadratic ran for 0.03 secs (0.03u,0.s)
Params: n= 100
Tactic call rewrite!-regression-quadratic ran for 0.168 secs (0.161u,0.007s) (success)
Tactic call rewrite?-noop-regression-linear ran for 0.001 secs (0.001u,0.s) (success)
Tactic call abstract+rewrite!-regression-quadratic ran for 0.276 secs (0.267u,0.007s) (success)
Tactic call close-abstract+rewrite!-regression-quadratic ran for 0.104 secs (0.104u,0.s)
Params: n= 150
Tactic call rewrite!-regression-quadratic ran for 0.474 secs (0.47u,0.003s) (success)
Tactic call rewrite?-noop-regression-linear ran for 0.002 secs (0.002u,0.s) (success)
Tactic call abstract+rewrite!-regression-quadratic ran for 0.72 secs (0.712u,0.007s) (success)
Tactic call close-abstract+rewrite!-regression-quadratic ran for 0.242 secs (0.238u,0.003s)
Params: n= 200
Tactic call rewrite!-regression-quadratic ran for 0.761 secs (0.757u,0.003s) (success)
Tactic call rewrite?-noop-regression-linear ran for 0.003 secs (0.003u,0.s) (success)
Tactic call abstract+rewrite!-regression-quadratic ran for 1.36 secs (1.355u,0.004s) (success)
Tactic call close-abstract+rewrite!-regression-quadratic ran for 0.594 secs (0.593u,0.s)
Params: n= 250
Tactic call rewrite!-regression-quadratic ran for 1.027 secs (1.027u,0.s) (success)
Tactic call rewrite?-noop-regression-linear ran for 0.005 secs (0.005u,0.s) (success)
Tactic call abstract+rewrite!-regression-quadratic ran for 1.722 secs (1.722u,0.s) (success)
Tactic call close-abstract+rewrite!-regression-quadratic ran for 0.689 secs (0.689u,0.s)
Params: n= 300
Tactic call rewrite!-regression-quadratic ran for 1.538 secs (1.534u,0.003s) (success)
Tactic call rewrite?-noop-regression-linear ran for 0.007 secs (0.007u,0.s) (success)
Tactic call abstract+rewrite!-regression-quadratic ran for 2.428 secs (2.42u,0.007s) (success)
Tactic call close-abstract+rewrite!-regression-quadratic ran for 0.882 secs (0.878u,0.003s)
Params: n= 350
Tactic call rewrite!-regression-quadratic ran for 2.142 secs (2.134u,0.007s) (success)
Tactic call rewrite?-noop-regression-linear ran for 0.008 secs (0.004u,0.003s) (success)
Tactic call abstract+rewrite!-regression-quadratic ran for 3.489 secs (3.468u,0.019s) (success)
Tactic call close-abstract+rewrite!-regression-quadratic ran for 1.336 secs (1.328u,0.007s)
Params: n= 400
Tactic call rewrite!-regression-quadratic ran for 2.933 secs (2.917u,0.015s) (success)
Tactic call rewrite?-noop-regression-linear ran for 0.01 secs (0.01u,0.s) (success)
Tactic call abstract+rewrite!-regression-quadratic ran for 4.446 secs (4.418u,0.027s) (success)
Tactic call close-abstract+rewrite!-regression-quadratic ran for 1.5 secs (1.488u,0.012s)
