Params: n= 50
Tactic call lazy-regression-linear ran for 0.381 secs (0.364u,0.016s) (success)
Tactic call intros-regression-linear ran for 1.19 secs (1.185u,0.004s) (success)
Tactic call destruct-and-regression-linear ran for 0.133 secs (0.133u,0.s) (success)
Tactic call case-and-regression-linear ran for 0. secs (0.u,0.s) (success)
Tactic call case-clear-intros-and-regression-linear ran for 0. secs (0.u,0.s) (success)
Tactic call destruct-or-regression-linear ran for 0.132 secs (0.132u,0.s) (success)
Tactic call case-or-regression-linear ran for 0. secs (0.u,0.s) (success)
Tactic call case-clear-intros-or-regression-linear ran for 0. secs (0.u,0.s) (success)
Params: n= 100
Tactic call lazy-regression-linear ran for 0.637 secs (0.617u,0.019s) (success)
Tactic call intros-regression-linear ran for 4.363 secs (4.358u,0.004s) (success)
Tactic call destruct-and-regression-linear ran for 0.266 secs (0.266u,0.s) (success)
Tactic call case-and-regression-linear ran for 0. secs (0.u,0.s) (success)
Tactic call case-clear-intros-and-regression-linear ran for 0. secs (0.u,0.s) (success)
Tactic call destruct-or-regression-linear ran for 0.266 secs (0.266u,0.s) (success)
Tactic call case-or-regression-linear ran for 0. secs (0.u,0.s) (success)
Tactic call case-clear-intros-or-regression-linear ran for 0. secs (0.u,0.s) (success)
Params: n= 150
Tactic call lazy-regression-linear ran for 0.965 secs (0.949u,0.016s) (success)
Tactic call intros-regression-linear ran for 9.585 secs (9.584u,0.s) (success)
Tactic call destruct-and-regression-linear ran for 0.397 secs (0.397u,0.s) (success)
Tactic call case-and-regression-linear ran for 0. secs (0.u,0.s) (success)
Tactic call case-clear-intros-and-regression-linear ran for 0. secs (0.u,0.s) (success)
Tactic call destruct-or-regression-linear ran for 0.395 secs (0.395u,0.s) (success)
Tactic call case-or-regression-linear ran for 0. secs (0.u,0.s) (success)
Tactic call case-clear-intros-or-regression-linear ran for 0. secs (0.u,0.s) (success)
Params: n= 200
Tactic call lazy-regression-linear ran for 1.524 secs (1.512u,0.011s) (success)
Tactic call intros-regression-linear ran for 17.076 secs (17.074u,0.s) (success)
Tactic call destruct-and-regression-linear ran for 0.529 secs (0.526u,0.003s) (success)
Tactic call case-and-regression-linear ran for 0. secs (0.u,0.s) (success)
Tactic call case-clear-intros-and-regression-linear ran for 0. secs (0.u,0.s) (success)
Tactic call destruct-or-regression-linear ran for 0.534 secs (0.534u,0.s) (success)
Tactic call case-or-regression-linear ran for 0. secs (0.u,0.s) (success)
Tactic call case-clear-intros-or-regression-linear ran for 0. secs (0.u,0.s) (success)
