Params: n= 31
Tactic call cbv for CanonicalStructuresPHOAS with big ran for 0. secs (0.u,0.s) (success)
Tactic call pre for CanonicalStructuresPHOAS with big ran for 0.001 secs (0.u,0.s) (success)
Tactic call actual reif for CanonicalStructuresPHOAS with big ran for 0.426 secs (0.415u,0.011s)
Tactic call eval lazy for CanonicalStructuresPHOAS with big ran for 0. secs (0.u,0.s)
Tactic call postprocess for CanonicalStructuresPHOAS with big ran for 0. secs (0.u,0.s)
Tactic call norm reif for CanonicalStructuresPHOAS with big ran for 0.427 secs (0.415u,0.011s)
Tactic call intros _ for CanonicalStructuresPHOAS with big ran for 0. secs (0.u,0.s) (success)
Tactic call lazy beta iota for CanonicalStructuresPHOAS with big ran for 0. secs (0.u,0.s) (success)
Tactic call reif for CanonicalStructuresPHOAS with big ran for 0.427 secs (0.415u,0.011s) (success)
Tactic call post for CanonicalStructuresPHOAS with big ran for 0. secs (0.u,0.s) (success)
Params: n= 32
Tactic call cbv for CanonicalStructuresPHOAS with big ran for 0. secs (0.u,0.s) (success)
Tactic call pre for CanonicalStructuresPHOAS with big ran for 0.001 secs (0.u,0.s) (success)
Tactic call actual reif for CanonicalStructuresPHOAS with big ran for 0.424 secs (0.424u,0.s)
Tactic call eval lazy for CanonicalStructuresPHOAS with big ran for 0. secs (0.u,0.s)
Tactic call postprocess for CanonicalStructuresPHOAS with big ran for 0. secs (0.u,0.s)
Tactic call norm reif for CanonicalStructuresPHOAS with big ran for 0.425 secs (0.425u,0.s)
Tactic call intros _ for CanonicalStructuresPHOAS with big ran for 0. secs (0.u,0.s) (success)
Tactic call lazy beta iota for CanonicalStructuresPHOAS with big ran for 0. secs (0.u,0.s) (success)
Tactic call reif for CanonicalStructuresPHOAS with big ran for 0.425 secs (0.425u,0.s) (success)
Tactic call post for CanonicalStructuresPHOAS with big ran for 0. secs (0.u,0.s) (success)
Params: n= 33
Tactic call cbv for CanonicalStructuresPHOAS with big ran for 0. secs (0.u,0.s) (success)
Tactic call pre for CanonicalStructuresPHOAS with big ran for 0.001 secs (0.001u,0.s) (success)
Tactic call actual reif for CanonicalStructuresPHOAS with big ran for 0.461 secs (0.461u,0.s)
Tactic call eval lazy for CanonicalStructuresPHOAS with big ran for 0. secs (0.u,0.s)
Tactic call postprocess for CanonicalStructuresPHOAS with big ran for 0. secs (0.u,0.s)
Tactic call norm reif for CanonicalStructuresPHOAS with big ran for 0.462 secs (0.462u,0.s)
Tactic call intros _ for CanonicalStructuresPHOAS with big ran for 0. secs (0.u,0.s) (success)
Tactic call lazy beta iota for CanonicalStructuresPHOAS with big ran for 0. secs (0.u,0.s) (success)
Tactic call reif for CanonicalStructuresPHOAS with big ran for 0.462 secs (0.462u,0.s) (success)
Tactic call post for CanonicalStructuresPHOAS with big ran for 0. secs (0.u,0.s) (success)
Params: n= 34
Tactic call cbv for CanonicalStructuresPHOAS with big ran for 0. secs (0.u,0.s) (success)
Tactic call pre for CanonicalStructuresPHOAS with big ran for 0.001 secs (0.001u,0.s) (success)
Tactic call actual reif for CanonicalStructuresPHOAS with big ran for 0.506 secs (0.506u,0.s)
Tactic call eval lazy for CanonicalStructuresPHOAS with big ran for 0. secs (0.u,0.s)
Tactic call postprocess for CanonicalStructuresPHOAS with big ran for 0. secs (0.u,0.s)
Tactic call norm reif for CanonicalStructuresPHOAS with big ran for 0.506 secs (0.506u,0.s)
Tactic call intros _ for CanonicalStructuresPHOAS with big ran for 0. secs (0.u,0.s) (success)
Tactic call lazy beta iota for CanonicalStructuresPHOAS with big ran for 0. secs (0.u,0.s) (success)
Tactic call reif for CanonicalStructuresPHOAS with big ran for 0.507 secs (0.507u,0.s) (success)
Tactic call post for CanonicalStructuresPHOAS with big ran for 0. secs (0.u,0.s) (success)
Params: n= 35
Tactic call cbv for CanonicalStructuresPHOAS with big ran for 0. secs (0.u,0.s) (success)
Tactic call pre for CanonicalStructuresPHOAS with big ran for 0.001 secs (0.001u,0.s) (success)
Tactic call actual reif for CanonicalStructuresPHOAS with big ran for 0.551 secs (0.551u,0.s)
Tactic call eval lazy for CanonicalStructuresPHOAS with big ran for 0. secs (0.u,0.s)
Tactic call postprocess for CanonicalStructuresPHOAS with big ran for 0. secs (0.u,0.s)
Tactic call norm reif for CanonicalStructuresPHOAS with big ran for 0.552 secs (0.552u,0.s)
Tactic call intros _ for CanonicalStructuresPHOAS with big ran for 0. secs (0.u,0.s) (success)
Tactic call lazy beta iota for CanonicalStructuresPHOAS with big ran for 0. secs (0.u,0.s) (success)
Tactic call reif for CanonicalStructuresPHOAS with big ran for 0.553 secs (0.553u,0.s) (success)
Tactic call post for CanonicalStructuresPHOAS with big ran for 0. secs (0.u,0.s) (success)
Params: n= 36
Tactic call cbv for CanonicalStructuresPHOAS with big ran for 0. secs (0.u,0.s) (success)
Tactic call pre for CanonicalStructuresPHOAS with big ran for 0.001 secs (0.001u,0.s) (success)
Tactic call actual reif for CanonicalStructuresPHOAS with big ran for 0.595 secs (0.591u,0.003s)
Tactic call eval lazy for CanonicalStructuresPHOAS with big ran for 0. secs (0.u,0.s)
Tactic call postprocess for CanonicalStructuresPHOAS with big ran for 0. secs (0.u,0.s)
Tactic call norm reif for CanonicalStructuresPHOAS with big ran for 0.596 secs (0.592u,0.003s)
Tactic call intros _ for CanonicalStructuresPHOAS with big ran for 0. secs (0.u,0.s) (success)
Tactic call lazy beta iota for CanonicalStructuresPHOAS with big ran for 0. secs (0.u,0.s) (success)
Tactic call reif for CanonicalStructuresPHOAS with big ran for 0.596 secs (0.593u,0.003s) (success)
Tactic call post for CanonicalStructuresPHOAS with big ran for 0. secs (0.u,0.s) (success)
Params: n= 37
Tactic call cbv for CanonicalStructuresPHOAS with big ran for 0. secs (0.u,0.s) (success)
Tactic call pre for CanonicalStructuresPHOAS with big ran for 0.001 secs (0.001u,0.s) (success)
Tactic call actual reif for CanonicalStructuresPHOAS with big ran for 0.635 secs (0.635u,0.s)
Tactic call eval lazy for CanonicalStructuresPHOAS with big ran for 0. secs (0.u,0.s)
Tactic call postprocess for CanonicalStructuresPHOAS with big ran for 0. secs (0.u,0.s)
Tactic call norm reif for CanonicalStructuresPHOAS with big ran for 0.636 secs (0.636u,0.s)
Tactic call intros _ for CanonicalStructuresPHOAS with big ran for 0. secs (0.u,0.s) (success)
Tactic call lazy beta iota for CanonicalStructuresPHOAS with big ran for 0. secs (0.u,0.s) (success)
Tactic call reif for CanonicalStructuresPHOAS with big ran for 0.636 secs (0.636u,0.s) (success)
Tactic call post for CanonicalStructuresPHOAS with big ran for 0. secs (0.u,0.s) (success)
Params: n= 38
Tactic call cbv for CanonicalStructuresPHOAS with big ran for 0. secs (0.u,0.s) (success)
Tactic call pre for CanonicalStructuresPHOAS with big ran for 0.001 secs (0.001u,0.s) (success)
Tactic call actual reif for CanonicalStructuresPHOAS with big ran for 0.69 secs (0.69u,0.s)
Tactic call eval lazy for CanonicalStructuresPHOAS with big ran for 0. secs (0.u,0.s)
Tactic call postprocess for CanonicalStructuresPHOAS with big ran for 0. secs (0.u,0.s)
Tactic call norm reif for CanonicalStructuresPHOAS with big ran for 0.691 secs (0.691u,0.s)
Tactic call intros _ for CanonicalStructuresPHOAS with big ran for 0. secs (0.u,0.s) (success)
Tactic call lazy beta iota for CanonicalStructuresPHOAS with big ran for 0. secs (0.u,0.s) (success)
Tactic call reif for CanonicalStructuresPHOAS with big ran for 0.691 secs (0.691u,0.s) (success)
Tactic call post for CanonicalStructuresPHOAS with big ran for 0. secs (0.u,0.s) (success)
Params: n= 39
Tactic call cbv for CanonicalStructuresPHOAS with big ran for 0. secs (0.u,0.s) (success)
Tactic call pre for CanonicalStructuresPHOAS with big ran for 0.001 secs (0.001u,0.s) (success)
Tactic call actual reif for CanonicalStructuresPHOAS with big ran for 0.743 secs (0.735u,0.007s)
Tactic call eval lazy for CanonicalStructuresPHOAS with big ran for 0. secs (0.u,0.s)
Tactic call postprocess for CanonicalStructuresPHOAS with big ran for 0. secs (0.u,0.s)
Tactic call norm reif for CanonicalStructuresPHOAS with big ran for 0.744 secs (0.736u,0.007s)
Tactic call intros _ for CanonicalStructuresPHOAS with big ran for 0. secs (0.u,0.s) (success)
Tactic call lazy beta iota for CanonicalStructuresPHOAS with big ran for 0. secs (0.u,0.s) (success)
Tactic call reif for CanonicalStructuresPHOAS with big ran for 0.745 secs (0.737u,0.007s) (success)
Tactic call post for CanonicalStructuresPHOAS with big ran for 0. secs (0.u,0.s) (success)
Params: n= 40
Tactic call cbv for CanonicalStructuresPHOAS with big ran for 0. secs (0.u,0.s) (success)
Tactic call pre for CanonicalStructuresPHOAS with big ran for 0.001 secs (0.001u,0.s) (success)
Tactic call actual reif for CanonicalStructuresPHOAS with big ran for 0.804 secs (0.804u,0.s)
Tactic call eval lazy for CanonicalStructuresPHOAS with big ran for 0. secs (0.u,0.s)
Tactic call postprocess for CanonicalStructuresPHOAS with big ran for 0. secs (0.u,0.s)
Tactic call norm reif for CanonicalStructuresPHOAS with big ran for 0.805 secs (0.805u,0.s)
Tactic call intros _ for CanonicalStructuresPHOAS with big ran for 0. secs (0.u,0.s) (success)
Tactic call lazy beta iota for CanonicalStructuresPHOAS with big ran for 0. secs (0.u,0.s) (success)
Tactic call reif for CanonicalStructuresPHOAS with big ran for 0.805 secs (0.805u,0.s) (success)
Tactic call post for CanonicalStructuresPHOAS with big ran for 0. secs (0.u,0.s) (success)
Params: n= 41
Tactic call cbv for CanonicalStructuresPHOAS with big ran for 0. secs (0.u,0.s) (success)
Tactic call pre for CanonicalStructuresPHOAS with big ran for 0.001 secs (0.001u,0.s) (success)
Tactic call actual reif for CanonicalStructuresPHOAS with big ran for 0.879 secs (0.875u,0.003s)
Tactic call eval lazy for CanonicalStructuresPHOAS with big ran for 0. secs (0.u,0.s)
Tactic call postprocess for CanonicalStructuresPHOAS with big ran for 0. secs (0.u,0.s)
Tactic call norm reif for CanonicalStructuresPHOAS with big ran for 0.881 secs (0.877u,0.003s)
Tactic call intros _ for CanonicalStructuresPHOAS with big ran for 0. secs (0.u,0.s) (success)
Tactic call lazy beta iota for CanonicalStructuresPHOAS with big ran for 0. secs (0.u,0.s) (success)
Tactic call reif for CanonicalStructuresPHOAS with big ran for 0.881 secs (0.877u,0.003s) (success)
Tactic call post for CanonicalStructuresPHOAS with big ran for 0. secs (0.u,0.s) (success)
Params: n= 42
Tactic call cbv for CanonicalStructuresPHOAS with big ran for 0. secs (0.u,0.s) (success)
Tactic call pre for CanonicalStructuresPHOAS with big ran for 0.001 secs (0.001u,0.s) (success)
Tactic call actual reif for CanonicalStructuresPHOAS with big ran for 0.954 secs (0.954u,0.s)
Tactic call eval lazy for CanonicalStructuresPHOAS with big ran for 0. secs (0.u,0.s)
Tactic call postprocess for CanonicalStructuresPHOAS with big ran for 0. secs (0.u,0.s)
Tactic call norm reif for CanonicalStructuresPHOAS with big ran for 0.955 secs (0.955u,0.s)
Tactic call intros _ for CanonicalStructuresPHOAS with big ran for 0. secs (0.u,0.s) (success)
Tactic call lazy beta iota for CanonicalStructuresPHOAS with big ran for 0. secs (0.u,0.s) (success)
Tactic call reif for CanonicalStructuresPHOAS with big ran for 0.956 secs (0.956u,0.s) (success)
Tactic call post for CanonicalStructuresPHOAS with big ran for 0. secs (0.u,0.s) (success)
Params: n= 43
Tactic call cbv for CanonicalStructuresPHOAS with big ran for 0. secs (0.u,0.s) (success)
Tactic call pre for CanonicalStructuresPHOAS with big ran for 0.001 secs (0.001u,0.s) (success)
Tactic call actual reif for CanonicalStructuresPHOAS with big ran for 1.023 secs (1.019u,0.003s)
Tactic call eval lazy for CanonicalStructuresPHOAS with big ran for 0. secs (0.u,0.s)
Tactic call postprocess for CanonicalStructuresPHOAS with big ran for 0. secs (0.u,0.s)
Tactic call norm reif for CanonicalStructuresPHOAS with big ran for 1.024 secs (1.02u,0.003s)
Tactic call intros _ for CanonicalStructuresPHOAS with big ran for 0. secs (0.u,0.s) (success)
Tactic call lazy beta iota for CanonicalStructuresPHOAS with big ran for 0. secs (0.u,0.s) (success)
Tactic call reif for CanonicalStructuresPHOAS with big ran for 1.025 secs (1.021u,0.003s) (success)
Tactic call post for CanonicalStructuresPHOAS with big ran for 0. secs (0.u,0.s) (success)
Params: n= 44
Tactic call cbv for CanonicalStructuresPHOAS with big ran for 0. secs (0.u,0.s) (success)
Tactic call pre for CanonicalStructuresPHOAS with big ran for 0.001 secs (0.001u,0.s) (success)
Tactic call actual reif for CanonicalStructuresPHOAS with big ran for 1.08 secs (1.08u,0.s)
Tactic call eval lazy for CanonicalStructuresPHOAS with big ran for 0. secs (0.u,0.s)
Tactic call postprocess for CanonicalStructuresPHOAS with big ran for 0. secs (0.u,0.s)
Tactic call norm reif for CanonicalStructuresPHOAS with big ran for 1.082 secs (1.082u,0.s)
Tactic call intros _ for CanonicalStructuresPHOAS with big ran for 0. secs (0.u,0.s) (success)
Tactic call lazy beta iota for CanonicalStructuresPHOAS with big ran for 0. secs (0.u,0.s) (success)
Tactic call reif for CanonicalStructuresPHOAS with big ran for 1.082 secs (1.082u,0.s) (success)
Tactic call post for CanonicalStructuresPHOAS with big ran for 0. secs (0.u,0.s) (success)
Params: n= 45
Tactic call cbv for CanonicalStructuresPHOAS with big ran for 0. secs (0.u,0.s) (success)
Tactic call pre for CanonicalStructuresPHOAS with big ran for 0.001 secs (0.001u,0.s) (success)
Tactic call actual reif for CanonicalStructuresPHOAS with big ran for 1.15 secs (1.15u,0.s)
Tactic call eval lazy for CanonicalStructuresPHOAS with big ran for 0. secs (0.u,0.s)
Tactic call postprocess for CanonicalStructuresPHOAS with big ran for 0. secs (0.u,0.s)
Tactic call norm reif for CanonicalStructuresPHOAS with big ran for 1.152 secs (1.152u,0.s)
Tactic call intros _ for CanonicalStructuresPHOAS with big ran for 0. secs (0.u,0.s) (success)
Tactic call lazy beta iota for CanonicalStructuresPHOAS with big ran for 0. secs (0.u,0.s) (success)
Tactic call reif for CanonicalStructuresPHOAS with big ran for 1.152 secs (1.152u,0.s) (success)
Tactic call post for CanonicalStructuresPHOAS with big ran for 0. secs (0.u,0.s) (success)
Params: n= 46
Tactic call cbv for CanonicalStructuresPHOAS with big ran for 0. secs (0.u,0.s) (success)
Tactic call pre for CanonicalStructuresPHOAS with big ran for 0.001 secs (0.001u,0.s) (success)
Tactic call actual reif for CanonicalStructuresPHOAS with big ran for 1.231 secs (1.231u,0.s)
Tactic call eval lazy for CanonicalStructuresPHOAS with big ran for 0. secs (0.u,0.s)
Tactic call postprocess for CanonicalStructuresPHOAS with big ran for 0. secs (0.u,0.s)
Tactic call norm reif for CanonicalStructuresPHOAS with big ran for 1.232 secs (1.232u,0.s)
Tactic call intros _ for CanonicalStructuresPHOAS with big ran for 0. secs (0.u,0.s) (success)
Tactic call lazy beta iota for CanonicalStructuresPHOAS with big ran for 0. secs (0.u,0.s) (success)
Tactic call reif for CanonicalStructuresPHOAS with big ran for 1.233 secs (1.233u,0.s) (success)
Tactic call post for CanonicalStructuresPHOAS with big ran for 0. secs (0.u,0.s) (success)
Params: n= 47
Tactic call cbv for CanonicalStructuresPHOAS with big ran for 0. secs (0.u,0.s) (success)
Tactic call pre for CanonicalStructuresPHOAS with big ran for 0.001 secs (0.001u,0.s) (success)
Tactic call actual reif for CanonicalStructuresPHOAS with big ran for 1.312 secs (1.312u,0.s)
Tactic call eval lazy for CanonicalStructuresPHOAS with big ran for 0. secs (0.u,0.s)
Tactic call postprocess for CanonicalStructuresPHOAS with big ran for 0. secs (0.u,0.s)
Tactic call norm reif for CanonicalStructuresPHOAS with big ran for 1.313 secs (1.313u,0.s)
Tactic call intros _ for CanonicalStructuresPHOAS with big ran for 0. secs (0.u,0.s) (success)
Tactic call lazy beta iota for CanonicalStructuresPHOAS with big ran for 0. secs (0.u,0.s) (success)
Tactic call reif for CanonicalStructuresPHOAS with big ran for 1.314 secs (1.314u,0.s) (success)
Tactic call post for CanonicalStructuresPHOAS with big ran for 0. secs (0.u,0.s) (success)
Params: n= 48
Tactic call cbv for CanonicalStructuresPHOAS with big ran for 0. secs (0.u,0.s) (success)
Tactic call pre for CanonicalStructuresPHOAS with big ran for 0.001 secs (0.001u,0.s) (success)
Tactic call actual reif for CanonicalStructuresPHOAS with big ran for 1.443 secs (1.443u,0.s)
Tactic call eval lazy for CanonicalStructuresPHOAS with big ran for 0. secs (0.u,0.s)
Tactic call postprocess for CanonicalStructuresPHOAS with big ran for 0. secs (0.u,0.s)
Tactic call norm reif for CanonicalStructuresPHOAS with big ran for 1.444 secs (1.444u,0.s)
Tactic call intros _ for CanonicalStructuresPHOAS with big ran for 0. secs (0.u,0.s) (success)
Tactic call lazy beta iota for CanonicalStructuresPHOAS with big ran for 0. secs (0.u,0.s) (success)
Tactic call reif for CanonicalStructuresPHOAS with big ran for 1.445 secs (1.445u,0.s) (success)
Tactic call post for CanonicalStructuresPHOAS with big ran for 0. secs (0.u,0.s) (success)
Params: n= 49
Tactic call cbv for CanonicalStructuresPHOAS with big ran for 0. secs (0.u,0.s) (success)
Tactic call pre for CanonicalStructuresPHOAS with big ran for 0.001 secs (0.001u,0.s) (success)
Tactic call actual reif for CanonicalStructuresPHOAS with big ran for 1.557 secs (1.557u,0.s)
Tactic call eval lazy for CanonicalStructuresPHOAS with big ran for 0.001 secs (0.001u,0.s)
Tactic call postprocess for CanonicalStructuresPHOAS with big ran for 0. secs (0.u,0.s)
Tactic call norm reif for CanonicalStructuresPHOAS with big ran for 1.559 secs (1.558u,0.s)
Tactic call intros _ for CanonicalStructuresPHOAS with big ran for 0. secs (0.u,0.s) (success)
Tactic call lazy beta iota for CanonicalStructuresPHOAS with big ran for 0. secs (0.u,0.s) (success)
Tactic call reif for CanonicalStructuresPHOAS with big ran for 1.559 secs (1.559u,0.s) (success)
Tactic call post for CanonicalStructuresPHOAS with big ran for 0. secs (0.u,0.s) (success)
Params: n= 50
Tactic call cbv for CanonicalStructuresPHOAS with big ran for 0. secs (0.u,0.s) (success)
Tactic call pre for CanonicalStructuresPHOAS with big ran for 0.001 secs (0.001u,0.s) (success)
Tactic call actual reif for CanonicalStructuresPHOAS with big ran for 1.589 secs (1.589u,0.s)
Tactic call eval lazy for CanonicalStructuresPHOAS with big ran for 0.001 secs (0.001u,0.s)
Tactic call postprocess for CanonicalStructuresPHOAS with big ran for 0. secs (0.u,0.s)
Tactic call norm reif for CanonicalStructuresPHOAS with big ran for 1.591 secs (1.591u,0.s)
Tactic call intros _ for CanonicalStructuresPHOAS with big ran for 0. secs (0.u,0.s) (success)
Tactic call lazy beta iota for CanonicalStructuresPHOAS with big ran for 0. secs (0.u,0.s) (success)
Tactic call reif for CanonicalStructuresPHOAS with big ran for 1.591 secs (1.591u,0.s) (success)
Tactic call post for CanonicalStructuresPHOAS with big ran for 0. secs (0.u,0.s) (success)
Params: n= 51
Tactic call cbv for CanonicalStructuresPHOAS with big ran for 0. secs (0.u,0.s) (success)
Tactic call pre for CanonicalStructuresPHOAS with big ran for 0.001 secs (0.001u,0.s) (success)
Tactic call actual reif for CanonicalStructuresPHOAS with big ran for 1.683 secs (1.683u,0.s)
Tactic call eval lazy for CanonicalStructuresPHOAS with big ran for 0.001 secs (0.001u,0.s)
Tactic call postprocess for CanonicalStructuresPHOAS with big ran for 0. secs (0.u,0.s)
Tactic call norm reif for CanonicalStructuresPHOAS with big ran for 1.685 secs (1.685u,0.s)
Tactic call intros _ for CanonicalStructuresPHOAS with big ran for 0. secs (0.u,0.s) (success)
Tactic call lazy beta iota for CanonicalStructuresPHOAS with big ran for 0. secs (0.u,0.s) (success)
Tactic call reif for CanonicalStructuresPHOAS with big ran for 1.685 secs (1.685u,0.s) (success)
Tactic call post for CanonicalStructuresPHOAS with big ran for 0. secs (0.u,0.s) (success)
Params: n= 52
Tactic call cbv for CanonicalStructuresPHOAS with big ran for 0. secs (0.u,0.s) (success)
Tactic call pre for CanonicalStructuresPHOAS with big ran for 0.001 secs (0.001u,0.s) (success)
Tactic call actual reif for CanonicalStructuresPHOAS with big ran for 1.806 secs (1.806u,0.s)
Tactic call eval lazy for CanonicalStructuresPHOAS with big ran for 0.001 secs (0.001u,0.s)
Tactic call postprocess for CanonicalStructuresPHOAS with big ran for 0. secs (0.u,0.s)
Tactic call norm reif for CanonicalStructuresPHOAS with big ran for 1.808 secs (1.808u,0.s)
Tactic call intros _ for CanonicalStructuresPHOAS with big ran for 0. secs (0.u,0.s) (success)
Tactic call lazy beta iota for CanonicalStructuresPHOAS with big ran for 0. secs (0.u,0.s) (success)
Tactic call reif for CanonicalStructuresPHOAS with big ran for 1.808 secs (1.808u,0.s) (success)
Tactic call post for CanonicalStructuresPHOAS with big ran for 0. secs (0.u,0.s) (success)
Params: n= 53
Tactic call cbv for CanonicalStructuresPHOAS with big ran for 0. secs (0.u,0.s) (success)
Tactic call pre for CanonicalStructuresPHOAS with big ran for 0.001 secs (0.001u,0.s) (success)
Tactic call actual reif for CanonicalStructuresPHOAS with big ran for 1.937 secs (1.937u,0.s)
Tactic call eval lazy for CanonicalStructuresPHOAS with big ran for 0.001 secs (0.001u,0.s)
Tactic call postprocess for CanonicalStructuresPHOAS with big ran for 0. secs (0.u,0.s)
Tactic call norm reif for CanonicalStructuresPHOAS with big ran for 1.939 secs (1.938u,0.s)
Tactic call intros _ for CanonicalStructuresPHOAS with big ran for 0. secs (0.u,0.s) (success)
Tactic call lazy beta iota for CanonicalStructuresPHOAS with big ran for 0. secs (0.u,0.s) (success)
Tactic call reif for CanonicalStructuresPHOAS with big ran for 1.939 secs (1.939u,0.s) (success)
Tactic call post for CanonicalStructuresPHOAS with big ran for 0. secs (0.u,0.s) (success)
Params: n= 54
Tactic call cbv for CanonicalStructuresPHOAS with big ran for 0. secs (0.u,0.s) (success)
Tactic call pre for CanonicalStructuresPHOAS with big ran for 0.005 secs (0.005u,0.s) (success)
Tactic call actual reif for CanonicalStructuresPHOAS with big ran for 2.036 secs (2.031u,0.003s)
Tactic call eval lazy for CanonicalStructuresPHOAS with big ran for 0.001 secs (0.001u,0.s)
Tactic call postprocess for CanonicalStructuresPHOAS with big ran for 0. secs (0.u,0.s)
Tactic call norm reif for CanonicalStructuresPHOAS with big ran for 2.038 secs (2.033u,0.003s)
Tactic call intros _ for CanonicalStructuresPHOAS with big ran for 0. secs (0.u,0.s) (success)
Tactic call lazy beta iota for CanonicalStructuresPHOAS with big ran for 0. secs (0.u,0.s) (success)
Tactic call reif for CanonicalStructuresPHOAS with big ran for 2.038 secs (2.034u,0.003s) (success)
Tactic call post for CanonicalStructuresPHOAS with big ran for 0. secs (0.u,0.s) (success)
Params: n= 55
Tactic call cbv for CanonicalStructuresPHOAS with big ran for 0. secs (0.u,0.s) (success)
Tactic call pre for CanonicalStructuresPHOAS with big ran for 0.001 secs (0.001u,0.s) (success)
Tactic call actual reif for CanonicalStructuresPHOAS with big ran for 2.138 secs (2.125u,0.011s)
Tactic call eval lazy for CanonicalStructuresPHOAS with big ran for 0.001 secs (0.001u,0.s)
Tactic call postprocess for CanonicalStructuresPHOAS with big ran for 0. secs (0.u,0.s)
Tactic call norm reif for CanonicalStructuresPHOAS with big ran for 2.139 secs (2.127u,0.011s)
Tactic call intros _ for CanonicalStructuresPHOAS with big ran for 0. secs (0.u,0.s) (success)
Tactic call lazy beta iota for CanonicalStructuresPHOAS with big ran for 0. secs (0.u,0.s) (success)
Tactic call reif for CanonicalStructuresPHOAS with big ran for 2.14 secs (2.128u,0.011s) (success)
Tactic call post for CanonicalStructuresPHOAS with big ran for 0. secs (0.u,0.s) (success)
Params: n= 56
Tactic call cbv for CanonicalStructuresPHOAS with big ran for 0. secs (0.u,0.s) (success)
Tactic call pre for CanonicalStructuresPHOAS with big ran for 0.001 secs (0.001u,0.s) (success)
Tactic call actual reif for CanonicalStructuresPHOAS with big ran for 2.269 secs (2.269u,0.s)
Tactic call eval lazy for CanonicalStructuresPHOAS with big ran for 0.001 secs (0.001u,0.s)
Tactic call postprocess for CanonicalStructuresPHOAS with big ran for 0. secs (0.u,0.s)
Tactic call norm reif for CanonicalStructuresPHOAS with big ran for 2.271 secs (2.271u,0.s)
Tactic call intros _ for CanonicalStructuresPHOAS with big ran for 0. secs (0.u,0.s) (success)
Tactic call lazy beta iota for CanonicalStructuresPHOAS with big ran for 0. secs (0.u,0.s) (success)
Tactic call reif for CanonicalStructuresPHOAS with big ran for 2.272 secs (2.272u,0.s) (success)
Tactic call post for CanonicalStructuresPHOAS with big ran for 0. secs (0.u,0.s) (success)
Params: n= 57
Tactic call cbv for CanonicalStructuresPHOAS with big ran for 0. secs (0.u,0.s) (success)
Tactic call pre for CanonicalStructuresPHOAS with big ran for 0.001 secs (0.001u,0.s) (success)
Tactic call actual reif for CanonicalStructuresPHOAS with big ran for 2.444 secs (2.443u,0.s)
Tactic call eval lazy for CanonicalStructuresPHOAS with big ran for 0.001 secs (0.001u,0.s)
Tactic call postprocess for CanonicalStructuresPHOAS with big ran for 0. secs (0.u,0.s)
Tactic call norm reif for CanonicalStructuresPHOAS with big ran for 2.446 secs (2.445u,0.s)
Tactic call intros _ for CanonicalStructuresPHOAS with big ran for 0. secs (0.u,0.s) (success)
Tactic call lazy beta iota for CanonicalStructuresPHOAS with big ran for 0. secs (0.u,0.s) (success)
Tactic call reif for CanonicalStructuresPHOAS with big ran for 2.446 secs (2.446u,0.s) (success)
Tactic call post for CanonicalStructuresPHOAS with big ran for 0. secs (0.u,0.s) (success)
Params: n= 58
Tactic call cbv for CanonicalStructuresPHOAS with big ran for 0. secs (0.u,0.s) (success)
Tactic call pre for CanonicalStructuresPHOAS with big ran for 0.001 secs (0.001u,0.s) (success)
Tactic call actual reif for CanonicalStructuresPHOAS with big ran for 2.539 secs (2.539u,0.s)
Tactic call eval lazy for CanonicalStructuresPHOAS with big ran for 0.001 secs (0.001u,0.s)
Tactic call postprocess for CanonicalStructuresPHOAS with big ran for 0. secs (0.u,0.s)
Tactic call norm reif for CanonicalStructuresPHOAS with big ran for 2.541 secs (2.541u,0.s)
Tactic call intros _ for CanonicalStructuresPHOAS with big ran for 0. secs (0.u,0.s) (success)
Tactic call lazy beta iota for CanonicalStructuresPHOAS with big ran for 0. secs (0.u,0.s) (success)
Tactic call reif for CanonicalStructuresPHOAS with big ran for 2.542 secs (2.542u,0.s) (success)
Tactic call post for CanonicalStructuresPHOAS with big ran for 0. secs (0.u,0.s) (success)
Params: n= 59
Tactic call cbv for CanonicalStructuresPHOAS with big ran for 0. secs (0.u,0.s) (success)
Tactic call pre for CanonicalStructuresPHOAS with big ran for 0.001 secs (0.001u,0.s) (success)
Tactic call actual reif for CanonicalStructuresPHOAS with big ran for 2.632 secs (2.631u,0.s)
Tactic call eval lazy for CanonicalStructuresPHOAS with big ran for 0.001 secs (0.001u,0.s)
Tactic call postprocess for CanonicalStructuresPHOAS with big ran for 0. secs (0.u,0.s)
Tactic call norm reif for CanonicalStructuresPHOAS with big ran for 2.634 secs (2.633u,0.s)
Tactic call intros _ for CanonicalStructuresPHOAS with big ran for 0. secs (0.u,0.s) (success)
Tactic call lazy beta iota for CanonicalStructuresPHOAS with big ran for 0. secs (0.u,0.s) (success)
Tactic call reif for CanonicalStructuresPHOAS with big ran for 2.634 secs (2.634u,0.s) (success)
Tactic call post for CanonicalStructuresPHOAS with big ran for 0. secs (0.u,0.s) (success)
Params: n= 60
Tactic call cbv for CanonicalStructuresPHOAS with big ran for 0. secs (0.u,0.s) (success)
Tactic call pre for CanonicalStructuresPHOAS with big ran for 0.001 secs (0.001u,0.s) (success)
Tactic call actual reif for CanonicalStructuresPHOAS with big ran for 2.847 secs (2.846u,0.s)
Tactic call eval lazy for CanonicalStructuresPHOAS with big ran for 0.001 secs (0.001u,0.s)
Tactic call postprocess for CanonicalStructuresPHOAS with big ran for 0. secs (0.u,0.s)
Tactic call norm reif for CanonicalStructuresPHOAS with big ran for 2.849 secs (2.849u,0.s)
Tactic call intros _ for CanonicalStructuresPHOAS with big ran for 0. secs (0.u,0.s) (success)
Tactic call lazy beta iota for CanonicalStructuresPHOAS with big ran for 0. secs (0.u,0.s) (success)
Tactic call reif for CanonicalStructuresPHOAS with big ran for 2.849 secs (2.849u,0.s) (success)
Tactic call post for CanonicalStructuresPHOAS with big ran for 0. secs (0.u,0.s) (success)
