Params: n= 4
Tactic call reify-regression-cubic ran for 0.003 secs (0.003u,0.s)
Tactic call abstract-regression-linear ran for 0. secs (0.u,0.s) (success)
Params: n= 5
Tactic call reify-regression-cubic ran for 0.003 secs (0.003u,0.s)
Tactic call abstract-regression-linear ran for 0. secs (0.u,0.s) (success)
Params: n= 6
Tactic call reify-regression-cubic ran for 0.004 secs (0.004u,0.s)
Tactic call abstract-regression-linear ran for 0. secs (0.u,0.s) (success)
Params: n= 7
Tactic call reify-regression-cubic ran for 0.005 secs (0.002u,0.003s)
Tactic call abstract-regression-linear ran for 0. secs (0.u,0.s) (success)
Params: n= 8
Tactic call reify-regression-cubic ran for 0.006 secs (0.006u,0.s)
Tactic call abstract-regression-linear ran for 0. secs (0.u,0.s) (success)
Params: n= 9
Tactic call reify-regression-cubic ran for 0.008 secs (0.008u,0.s)
Tactic call abstract-regression-linear ran for 0. secs (0.u,0.s) (success)
Params: n= 10
Tactic call reify-regression-cubic ran for 0.047 secs (0.043u,0.003s)
Tactic call abstract-regression-linear ran for 0. secs (0.u,0.s) (success)
Params: n= 11
Tactic call reify-regression-cubic ran for 0.008 secs (0.008u,0.s)
Tactic call abstract-regression-linear ran for 0. secs (0.u,0.s) (success)
Params: n= 12
Tactic call reify-regression-cubic ran for 0.009 secs (0.009u,0.s)
Tactic call abstract-regression-linear ran for 0. secs (0.u,0.s) (success)
Params: n= 13
Tactic call reify-regression-cubic ran for 0.011 secs (0.01u,0.s)
Tactic call abstract-regression-linear ran for 0. secs (0.u,0.s) (success)
Params: n= 14
Tactic call reify-regression-cubic ran for 0.026 secs (0.026u,0.s)
Tactic call abstract-regression-linear ran for 0. secs (0.u,0.s) (success)
Params: n= 15
Tactic call reify-regression-cubic ran for 0.013 secs (0.013u,0.s)
Tactic call abstract-regression-linear ran for 0. secs (0.u,0.s) (success)
Params: n= 16
Tactic call reify-regression-cubic ran for 0.015 secs (0.015u,0.s)
Tactic call abstract-regression-linear ran for 0. secs (0.u,0.s) (success)
Params: n= 17
Tactic call reify-regression-cubic ran for 0.018 secs (0.018u,0.s)
Tactic call abstract-regression-linear ran for 0. secs (0.u,0.s) (success)
Params: n= 18
Tactic call reify-regression-cubic ran for 0.019 secs (0.019u,0.s)
Tactic call abstract-regression-linear ran for 0. secs (0.u,0.s) (success)
Params: n= 19
Tactic call reify-regression-cubic ran for 0.021 secs (0.021u,0.s)
Tactic call abstract-regression-linear ran for 0. secs (0.u,0.s) (success)
Params: n= 20
Tactic call reify-regression-cubic ran for 0.025 secs (0.025u,0.s)
Tactic call abstract-regression-linear ran for 0. secs (0.u,0.s) (success)
Params: n= 21
Tactic call reify-regression-cubic ran for 0.026 secs (0.026u,0.s)
Tactic call abstract-regression-linear ran for 0. secs (0.u,0.s) (success)
Params: n= 22
Tactic call reify-regression-cubic ran for 0.032 secs (0.032u,0.s)
Tactic call abstract-regression-linear ran for 0. secs (0.u,0.s) (success)
Params: n= 23
Tactic call reify-regression-cubic ran for 0.033 secs (0.033u,0.s)
Tactic call abstract-regression-linear ran for 0. secs (0.u,0.s) (success)
Params: n= 24
Tactic call reify-regression-cubic ran for 0.042 secs (0.042u,0.s)
Tactic call abstract-regression-linear ran for 0. secs (0.u,0.s) (success)
Params: n= 25
Tactic call reify-regression-cubic ran for 0.037 secs (0.037u,0.s)
Tactic call abstract-regression-linear ran for 0. secs (0.u,0.s) (success)
Params: n= 26
Tactic call reify-regression-cubic ran for 0.043 secs (0.043u,0.s)
Tactic call abstract-regression-linear ran for 0. secs (0.u,0.s) (success)
Params: n= 27
Tactic call reify-regression-cubic ran for 0.104 secs (0.104u,0.s)
Tactic call abstract-regression-linear ran for 0. secs (0.u,0.s) (success)
Params: n= 28
Tactic call reify-regression-cubic ran for 0.05 secs (0.047u,0.003s)
Tactic call abstract-regression-linear ran for 0. secs (0.u,0.s) (success)
Params: n= 29
Tactic call reify-regression-cubic ran for 0.081 secs (0.081u,0.s)
Tactic call abstract-regression-linear ran for 0. secs (0.u,0.s) (success)
Params: n= 30
Tactic call reify-regression-cubic ran for 0.072 secs (0.072u,0.s)
Tactic call abstract-regression-linear ran for 0. secs (0.u,0.s) (success)
Params: n= 31
Tactic call reify-regression-cubic ran for 0.063 secs (0.063u,0.s)
Tactic call abstract-regression-linear ran for 0. secs (0.u,0.s) (success)
Params: n= 32
Tactic call reify-regression-cubic ran for 0.068 secs (0.068u,0.s)
Tactic call abstract-regression-linear ran for 0. secs (0.u,0.s) (success)
Params: n= 33
Tactic call reify-regression-cubic ran for 0.079 secs (0.079u,0.s)
Tactic call abstract-regression-linear ran for 0. secs (0.u,0.s) (success)
Params: n= 34
Tactic call reify-regression-cubic ran for 0.083 secs (0.083u,0.s)
Tactic call abstract-regression-linear ran for 0. secs (0.u,0.s) (success)
Params: n= 35
Tactic call reify-regression-cubic ran for 0.144 secs (0.144u,0.s)
Tactic call abstract-regression-linear ran for 0. secs (0.u,0.s) (success)
Params: n= 36
Tactic call reify-regression-cubic ran for 0.122 secs (0.122u,0.s)
Tactic call abstract-regression-linear ran for 0. secs (0.u,0.s) (success)
Params: n= 37
Tactic call reify-regression-cubic ran for 0.11 secs (0.11u,0.s)
Tactic call abstract-regression-linear ran for 0. secs (0.u,0.s) (success)
Params: n= 38
Tactic call reify-regression-cubic ran for 0.105 secs (0.101u,0.003s)
Tactic call abstract-regression-linear ran for 0. secs (0.u,0.s) (success)
Params: n= 39
Tactic call reify-regression-cubic ran for 0.112 secs (0.108u,0.004s)
Tactic call abstract-regression-linear ran for 0. secs (0.u,0.s) (success)
Params: n= 40
Tactic call reify-regression-cubic ran for 0.12 secs (0.12u,0.s)
Tactic call abstract-regression-linear ran for 0. secs (0.u,0.s) (success)
Params: n= 41
Tactic call reify-regression-cubic ran for 0.127 secs (0.127u,0.s)
Tactic call abstract-regression-linear ran for 0. secs (0.u,0.s) (success)
Params: n= 42
Tactic call reify-regression-cubic ran for 0.134 secs (0.134u,0.s)
Tactic call abstract-regression-linear ran for 0. secs (0.u,0.s) (success)
Params: n= 43
Tactic call reify-regression-cubic ran for 0.144 secs (0.144u,0.s)
Tactic call abstract-regression-linear ran for 0. secs (0.u,0.s) (success)
Params: n= 44
Tactic call reify-regression-cubic ran for 0.153 secs (0.153u,0.s)
Tactic call abstract-regression-linear ran for 0. secs (0.u,0.s) (success)
Params: n= 45
Tactic call reify-regression-cubic ran for 0.163 secs (0.163u,0.s)
Tactic call abstract-regression-linear ran for 0. secs (0.u,0.s) (success)
Params: n= 46
Tactic call reify-regression-cubic ran for 0.173 secs (0.169u,0.003s)
Tactic call abstract-regression-linear ran for 0. secs (0.u,0.s) (success)
Params: n= 47
Tactic call reify-regression-cubic ran for 0.183 secs (0.183u,0.s)
Tactic call abstract-regression-linear ran for 0. secs (0.u,0.s) (success)
Params: n= 48
Tactic call reify-regression-cubic ran for 0.196 secs (0.188u,0.008s)
Tactic call abstract-regression-linear ran for 0. secs (0.u,0.s) (success)
Params: n= 49
Tactic call reify-regression-cubic ran for 0.204 secs (0.204u,0.s)
Tactic call abstract-regression-linear ran for 0. secs (0.u,0.s) (success)
Params: n= 50
Tactic call reify-regression-cubic ran for 0.227 secs (0.227u,0.s)
Tactic call abstract-regression-linear ran for 0. secs (0.u,0.s) (success)
Params: n= 51
Tactic call reify-regression-cubic ran for 0.232 secs (0.232u,0.s)
Tactic call abstract-regression-linear ran for 0.002 secs (0.002u,0.s) (success)
Params: n= 52
Tactic call reify-regression-cubic ran for 0.243 secs (0.239u,0.003s)
Tactic call abstract-regression-linear ran for 0. secs (0.u,0.s) (success)
Params: n= 53
Tactic call reify-regression-cubic ran for 0.26 secs (0.26u,0.s)
Tactic call abstract-regression-linear ran for 0. secs (0.u,0.s) (success)
Params: n= 54
Tactic call reify-regression-cubic ran for 0.278 secs (0.274u,0.003s)
Tactic call abstract-regression-linear ran for 0. secs (0.u,0.s) (success)
Params: n= 55
Tactic call reify-regression-cubic ran for 0.294 secs (0.294u,0.s)
Tactic call abstract-regression-linear ran for 0. secs (0.u,0.s) (success)
Params: n= 56
Tactic call reify-regression-cubic ran for 0.307 secs (0.307u,0.s)
Tactic call abstract-regression-linear ran for 0. secs (0.u,0.s) (success)
Params: n= 57
Tactic call reify-regression-cubic ran for 0.322 secs (0.322u,0.s)
Tactic call abstract-regression-linear ran for 0. secs (0.u,0.s) (success)
Params: n= 58
Tactic call reify-regression-cubic ran for 0.334 secs (0.334u,0.s)
Tactic call abstract-regression-linear ran for 0. secs (0.u,0.s) (success)
Params: n= 59
Tactic call reify-regression-cubic ran for 0.359 secs (0.359u,0.s)
Tactic call abstract-regression-linear ran for 0.001 secs (0.001u,0.s) (success)
Params: n= 60
Tactic call reify-regression-cubic ran for 0.374 secs (0.37u,0.003s)
Tactic call abstract-regression-linear ran for 0.001 secs (0.001u,0.s) (success)
Params: n= 61
Tactic call reify-regression-cubic ran for 0.392 secs (0.392u,0.s)
Tactic call abstract-regression-linear ran for 0.001 secs (0.001u,0.s) (success)
Params: n= 62
Tactic call reify-regression-cubic ran for 0.405 secs (0.405u,0.s)
Tactic call abstract-regression-linear ran for 0. secs (0.u,0.s) (success)
Params: n= 63
Tactic call reify-regression-cubic ran for 0.419 secs (0.419u,0.s)
Tactic call abstract-regression-linear ran for 0. secs (0.u,0.s) (success)
Params: n= 64
Tactic call reify-regression-cubic ran for 0.438 secs (0.434u,0.003s)
Tactic call abstract-regression-linear ran for 0.001 secs (0.u,0.s) (success)
Params: n= 65
Tactic call reify-regression-cubic ran for 0.465 secs (0.465u,0.s)
Tactic call abstract-regression-linear ran for 0.001 secs (0.001u,0.s) (success)
Params: n= 66
Tactic call reify-regression-cubic ran for 0.487 secs (0.487u,0.s)
Tactic call abstract-regression-linear ran for 0.001 secs (0.001u,0.s) (success)
Params: n= 67
Tactic call reify-regression-cubic ran for 0.504 secs (0.504u,0.s)
Tactic call abstract-regression-linear ran for 0.001 secs (0.001u,0.s) (success)
Params: n= 68
Tactic call reify-regression-cubic ran for 0.527 secs (0.527u,0.s)
Tactic call abstract-regression-linear ran for 0.001 secs (0.001u,0.s) (success)
Params: n= 69
Tactic call reify-regression-cubic ran for 0.551 secs (0.551u,0.s)
Tactic call abstract-regression-linear ran for 0.001 secs (0.001u,0.s) (success)
Params: n= 70
Tactic call reify-regression-cubic ran for 0.576 secs (0.576u,0.s)
Tactic call abstract-regression-linear ran for 0.001 secs (0.001u,0.s) (success)
Params: n= 71
Tactic call reify-regression-cubic ran for 0.611 secs (0.611u,0.s)
Tactic call abstract-regression-linear ran for 0.001 secs (0.001u,0.s) (success)
Params: n= 72
Tactic call reify-regression-cubic ran for 0.647 secs (0.647u,0.s)
Tactic call abstract-regression-linear ran for 0.001 secs (0.001u,0.s) (success)
Params: n= 73
Tactic call reify-regression-cubic ran for 0.694 secs (0.69u,0.003s)
Tactic call abstract-regression-linear ran for 0.001 secs (0.001u,0.s) (success)
Params: n= 74
Tactic call reify-regression-cubic ran for 0.704 secs (0.704u,0.s)
Tactic call abstract-regression-linear ran for 0.001 secs (0.u,0.001s) (success)
Params: n= 75
Tactic call reify-regression-cubic ran for 0.732 secs (0.73u,0.002s)
Tactic call abstract-regression-linear ran for 0.001 secs (0.001u,0.s) (success)
Params: n= 76
Tactic call reify-regression-cubic ran for 0.758 secs (0.758u,0.s)
Tactic call abstract-regression-linear ran for 0.001 secs (0.001u,0.s) (success)
Params: n= 77
Tactic call reify-regression-cubic ran for 0.792 secs (0.787u,0.004s)
Tactic call abstract-regression-linear ran for 0.001 secs (0.001u,0.s) (success)
Params: n= 78
Tactic call reify-regression-cubic ran for 0.824 secs (0.823u,0.s)
Tactic call abstract-regression-linear ran for 0.001 secs (0.001u,0.s) (success)
Params: n= 79
Tactic call reify-regression-cubic ran for 0.844 secs (0.844u,0.s)
Tactic call abstract-regression-linear ran for 0.001 secs (0.001u,0.s) (success)
Params: n= 80
Tactic call reify-regression-cubic ran for 0.877 secs (0.873u,0.003s)
Tactic call abstract-regression-linear ran for 0.001 secs (0.001u,0.s) (success)
Params: n= 81
Tactic call reify-regression-cubic ran for 0.92 secs (0.92u,0.s)
Tactic call abstract-regression-linear ran for 0.001 secs (0.001u,0.s) (success)
Params: n= 82
Tactic call reify-regression-cubic ran for 0.95 secs (0.95u,0.s)
Tactic call abstract-regression-linear ran for 0.001 secs (0.001u,0.s) (success)
Params: n= 83
Tactic call reify-regression-cubic ran for 0.996 secs (0.992u,0.003s)
Tactic call abstract-regression-linear ran for 0.001 secs (0.001u,0.s) (success)
Params: n= 84
Tactic call reify-regression-cubic ran for 1.03 secs (1.03u,0.s)
Tactic call abstract-regression-linear ran for 0.001 secs (0.001u,0.s) (success)
Params: n= 85
Tactic call reify-regression-cubic ran for 1.087 secs (1.083u,0.003s)
Tactic call abstract-regression-linear ran for 0.001 secs (0.001u,0.s) (success)
Params: n= 86
Tactic call reify-regression-cubic ran for 1.124 secs (1.124u,0.s)
Tactic call abstract-regression-linear ran for 0.001 secs (0.001u,0.s) (success)
Params: n= 87
Tactic call reify-regression-cubic ran for 1.158 secs (1.158u,0.s)
Tactic call abstract-regression-linear ran for 0.001 secs (0.001u,0.s) (success)
Params: n= 88
Tactic call reify-regression-cubic ran for 1.208 secs (1.204u,0.004s)
Tactic call abstract-regression-linear ran for 0.001 secs (0.u,0.001s) (success)
Params: n= 89
Tactic call reify-regression-cubic ran for 1.253 secs (1.247u,0.006s)
Tactic call abstract-regression-linear ran for 0.001 secs (0.001u,0.s) (success)
Params: n= 90
Tactic call reify-regression-cubic ran for 1.287 secs (1.287u,0.s)
Tactic call abstract-regression-linear ran for 0.001 secs (0.001u,0.s) (success)
Params: n= 91
Tactic call reify-regression-cubic ran for 1.319 secs (1.315u,0.003s)
Tactic call abstract-regression-linear ran for 0.001 secs (0.001u,0.s) (success)
Params: n= 92
Tactic call reify-regression-cubic ran for 1.358 secs (1.358u,0.s)
Tactic call abstract-regression-linear ran for 0.001 secs (0.001u,0.s) (success)
Params: n= 93
Tactic call reify-regression-cubic ran for 1.42 secs (1.42u,0.s)
Tactic call abstract-regression-linear ran for 0.001 secs (0.001u,0.s) (success)
Params: n= 94
Tactic call reify-regression-cubic ran for 1.465 secs (1.465u,0.s)
Tactic call abstract-regression-linear ran for 0.001 secs (0.001u,0.s) (success)
Params: n= 95
Tactic call reify-regression-cubic ran for 1.523 secs (1.522u,0.s)
Tactic call abstract-regression-linear ran for 0.001 secs (0.001u,0.s) (success)
Params: n= 96
Tactic call reify-regression-cubic ran for 1.588 secs (1.588u,0.s)
Tactic call abstract-regression-linear ran for 0.001 secs (0.001u,0.s) (success)
Params: n= 97
Tactic call reify-regression-cubic ran for 1.64 secs (1.639u,0.s)
Tactic call abstract-regression-linear ran for 0.001 secs (0.001u,0.s) (success)
Params: n= 98
Tactic call reify-regression-cubic ran for 1.696 secs (1.696u,0.s)
Tactic call abstract-regression-linear ran for 0.001 secs (0.001u,0.s) (success)
Params: n= 99
Tactic call reify-regression-cubic ran for 1.755 secs (1.755u,0.s)
Tactic call abstract-regression-linear ran for 0.001 secs (0.001u,0.s) (success)
Params: n= 100
Tactic call reify-regression-cubic ran for 1.795 secs (1.79u,0.003s)
Tactic call abstract-regression-linear ran for 0.001 secs (0.001u,0.s) (success)
