Params: n= 50
Tactic call autorewrite-regression-quadratic ran for 0.037 secs (0.037u,0.s) (success)
Tactic call autorewrite-noop-regression-linear ran for 0. secs (0.u,0.s) (success)
Tactic call abstract+autorewrite-regression-quadratic ran for 0.066 secs (0.066u,0.s) (success)
Tactic call close-abstract+autorewrite-regression-quadratic ran for 0.027 secs (0.027u,0.s)
Params: n= 100
Tactic call autorewrite-regression-quadratic ran for 0.173 secs (0.173u,0.s) (success)
Tactic call autorewrite-noop-regression-linear ran for 0.001 secs (0.001u,0.s) (success)
Tactic call abstract+autorewrite-regression-quadratic ran for 0.298 secs (0.298u,0.s) (success)
Tactic call close-abstract+autorewrite-regression-quadratic ran for 0.122 secs (0.122u,0.s)
Params: n= 150
Tactic call autorewrite-regression-quadratic ran for 0.451 secs (0.451u,0.s) (success)
Tactic call autorewrite-noop-regression-linear ran for 0.002 secs (0.002u,0.s) (success)
Tactic call abstract+autorewrite-regression-quadratic ran for 0.701 secs (0.697u,0.004s) (success)
Tactic call close-abstract+autorewrite-regression-quadratic ran for 0.247 secs (0.243u,0.003s)
Params: n= 200
Tactic call autorewrite-regression-quadratic ran for 0.756 secs (0.756u,0.s) (success)
Tactic call autorewrite-noop-regression-linear ran for 0.003 secs (0.003u,0.s) (success)
Tactic call abstract+autorewrite-regression-quadratic ran for 1.314 secs (1.313u,0.s) (success)
Tactic call close-abstract+autorewrite-regression-quadratic ran for 0.553 secs (0.552u,0.s)
Params: n= 250
Tactic call autorewrite-regression-quadratic ran for 0.991 secs (0.988u,0.003s) (success)
Tactic call autorewrite-noop-regression-linear ran for 0.004 secs (0.004u,0.s) (success)
Tactic call abstract+autorewrite-regression-quadratic ran for 1.677 secs (1.673u,0.003s) (success)
Tactic call close-abstract+autorewrite-regression-quadratic ran for 0.68 secs (0.68u,0.s)
Params: n= 300
Tactic call autorewrite-regression-quadratic ran for 1.401 secs (1.397u,0.003s) (success)
Tactic call autorewrite-noop-regression-linear ran for 0.005 secs (0.005u,0.s) (success)
Tactic call abstract+autorewrite-regression-quadratic ran for 2.262 secs (2.258u,0.003s) (success)
Tactic call close-abstract+autorewrite-regression-quadratic ran for 0.853 secs (0.853u,0.s)
Params: n= 350
Tactic call autorewrite-regression-quadratic ran for 1.892 secs (1.892u,0.s) (success)
Tactic call autorewrite-noop-regression-linear ran for 0.007 secs (0.007u,0.s) (success)
Tactic call abstract+autorewrite-regression-quadratic ran for 3.18 secs (3.172u,0.007s) (success)
Tactic call close-abstract+autorewrite-regression-quadratic ran for 1.279 secs (1.271u,0.007s)
Params: n= 400
Tactic call autorewrite-regression-quadratic ran for 2.716 secs (2.712u,0.003s) (success)
Tactic call autorewrite-noop-regression-linear ran for 0.009 secs (0.009u,0.s) (success)
Tactic call abstract+autorewrite-regression-quadratic ran for 4.27 secs (4.258u,0.012s) (success)
Tactic call close-abstract+autorewrite-regression-quadratic ran for 1.543 secs (1.534u,0.007s)
