Params: n= 4
Tactic call rewrite!-regression-quadratic ran for 0.001 secs (0.001u,0.s) (success)
Tactic call rewrite?-noop-regression-linear ran for 0. secs (0.u,0.s) (success)
Tactic call abstract+rewrite!-regression-quadratic ran for 0.002 secs (0.002u,0.s) (success)
Tactic call close-abstract+rewrite!-regression-quadratic ran for 0. secs (0.u,0.s)
Params: n= 5
Tactic call rewrite!-regression-quadratic ran for 0.001 secs (0.001u,0.s) (success)
Tactic call rewrite?-noop-regression-linear ran for 0. secs (0.u,0.s) (success)
Tactic call abstract+rewrite!-regression-quadratic ran for 0.002 secs (0.002u,0.s) (success)
Tactic call close-abstract+rewrite!-regression-quadratic ran for 0. secs (0.u,0.s)
Params: n= 6
Tactic call rewrite!-regression-quadratic ran for 0.001 secs (0.001u,0.s) (success)
Tactic call rewrite?-noop-regression-linear ran for 0. secs (0.u,0.s) (success)
Tactic call abstract+rewrite!-regression-quadratic ran for 0.002 secs (0.002u,0.s) (success)
Tactic call close-abstract+rewrite!-regression-quadratic ran for 0. secs (0.u,0.s)
Params: n= 7
Tactic call rewrite!-regression-quadratic ran for 0.001 secs (0.001u,0.s) (success)
Tactic call rewrite?-noop-regression-linear ran for 0. secs (0.u,0.s) (success)
Tactic call abstract+rewrite!-regression-quadratic ran for 0.003 secs (0.003u,0.s) (success)
Tactic call close-abstract+rewrite!-regression-quadratic ran for 0. secs (0.u,0.s)
Params: n= 8
Tactic call rewrite!-regression-quadratic ran for 0.002 secs (0.002u,0.s) (success)
Tactic call rewrite?-noop-regression-linear ran for 0. secs (0.u,0.s) (success)
Tactic call abstract+rewrite!-regression-quadratic ran for 0.003 secs (0.003u,0.s) (success)
Tactic call close-abstract+rewrite!-regression-quadratic ran for 0. secs (0.u,0.s)
Params: n= 9
Tactic call rewrite!-regression-quadratic ran for 0.002 secs (0.002u,0.s) (success)
Tactic call rewrite?-noop-regression-linear ran for 0. secs (0.u,0.s) (success)
Tactic call abstract+rewrite!-regression-quadratic ran for 0.004 secs (0.004u,0.s) (success)
Tactic call close-abstract+rewrite!-regression-quadratic ran for 0.001 secs (0.001u,0.s)
Params: n= 10
Tactic call rewrite!-regression-quadratic ran for 0.003 secs (0.003u,0.s) (success)
Tactic call rewrite?-noop-regression-linear ran for 0. secs (0.u,0.s) (success)
Tactic call abstract+rewrite!-regression-quadratic ran for 0.005 secs (0.005u,0.s) (success)
Tactic call close-abstract+rewrite!-regression-quadratic ran for 0.001 secs (0.001u,0.s)
Params: n= 11
Tactic call rewrite!-regression-quadratic ran for 0.003 secs (0.003u,0.s) (success)
Tactic call rewrite?-noop-regression-linear ran for 0. secs (0.u,0.s) (success)
Tactic call abstract+rewrite!-regression-quadratic ran for 0.006 secs (0.006u,0.s) (success)
Tactic call close-abstract+rewrite!-regression-quadratic ran for 0.002 secs (0.002u,0.s)
Params: n= 12
Tactic call rewrite!-regression-quadratic ran for 0.003 secs (0.003u,0.s) (success)
Tactic call rewrite?-noop-regression-linear ran for 0. secs (0.u,0.s) (success)
Tactic call abstract+rewrite!-regression-quadratic ran for 0.005 secs (0.005u,0.s) (success)
Tactic call close-abstract+rewrite!-regression-quadratic ran for 0.001 secs (0.001u,0.s)
Params: n= 13
Tactic call rewrite!-regression-quadratic ran for 0.004 secs (0.004u,0.s) (success)
Tactic call rewrite?-noop-regression-linear ran for 0. secs (0.u,0.s) (success)
Tactic call abstract+rewrite!-regression-quadratic ran for 0.007 secs (0.007u,0.s) (success)
Tactic call close-abstract+rewrite!-regression-quadratic ran for 0.001 secs (0.001u,0.s)
Params: n= 14
Tactic call rewrite!-regression-quadratic ran for 0.004 secs (0.004u,0.s) (success)
Tactic call rewrite?-noop-regression-linear ran for 0. secs (0.u,0.s) (success)
Tactic call abstract+rewrite!-regression-quadratic ran for 0.007 secs (0.007u,0.s) (success)
Tactic call close-abstract+rewrite!-regression-quadratic ran for 0.002 secs (0.002u,0.s)
Params: n= 15
Tactic call rewrite!-regression-quadratic ran for 0.005 secs (0.005u,0.s) (success)
Tactic call rewrite?-noop-regression-linear ran for 0. secs (0.u,0.s) (success)
Tactic call abstract+rewrite!-regression-quadratic ran for 0.008 secs (0.008u,0.s) (success)
Tactic call close-abstract+rewrite!-regression-quadratic ran for 0.003 secs (0.003u,0.s)
Params: n= 16
Tactic call rewrite!-regression-quadratic ran for 0.006 secs (0.006u,0.s) (success)
Tactic call rewrite?-noop-regression-linear ran for 0. secs (0.u,0.s) (success)
Tactic call abstract+rewrite!-regression-quadratic ran for 0.009 secs (0.009u,0.s) (success)
Tactic call close-abstract+rewrite!-regression-quadratic ran for 0.003 secs (0.003u,0.s)
Params: n= 17
Tactic call rewrite!-regression-quadratic ran for 0.007 secs (0.006u,0.s) (success)
Tactic call rewrite?-noop-regression-linear ran for 0. secs (0.u,0.s) (success)
Tactic call abstract+rewrite!-regression-quadratic ran for 0.011 secs (0.011u,0.s) (success)
Tactic call close-abstract+rewrite!-regression-quadratic ran for 0.003 secs (0.003u,0.s)
Params: n= 18
Tactic call rewrite!-regression-quadratic ran for 0.006 secs (0.006u,0.s) (success)
Tactic call rewrite?-noop-regression-linear ran for 0. secs (0.u,0.s) (success)
Tactic call abstract+rewrite!-regression-quadratic ran for 0.026 secs (0.026u,0.s) (success)
Tactic call close-abstract+rewrite!-regression-quadratic ran for 0.019 secs (0.019u,0.s)
Params: n= 19
Tactic call rewrite!-regression-quadratic ran for 0.006 secs (0.006u,0.s) (success)
Tactic call rewrite?-noop-regression-linear ran for 0. secs (0.u,0.s) (success)
Tactic call abstract+rewrite!-regression-quadratic ran for 0.012 secs (0.012u,0.s) (success)
Tactic call close-abstract+rewrite!-regression-quadratic ran for 0.004 secs (0.004u,0.s)
Params: n= 20
Tactic call rewrite!-regression-quadratic ran for 0.008 secs (0.008u,0.s) (success)
Tactic call rewrite?-noop-regression-linear ran for 0. secs (0.u,0.s) (success)
Tactic call abstract+rewrite!-regression-quadratic ran for 0.013 secs (0.013u,0.s) (success)
Tactic call close-abstract+rewrite!-regression-quadratic ran for 0.004 secs (0.004u,0.s)
Params: n= 21
Tactic call rewrite!-regression-quadratic ran for 0.008 secs (0.008u,0.s) (success)
Tactic call rewrite?-noop-regression-linear ran for 0. secs (0.u,0.s) (success)
Tactic call abstract+rewrite!-regression-quadratic ran for 0.014 secs (0.014u,0.s) (success)
Tactic call close-abstract+rewrite!-regression-quadratic ran for 0.005 secs (0.005u,0.s)
Params: n= 22
Tactic call rewrite!-regression-quadratic ran for 0.009 secs (0.009u,0.s) (success)
Tactic call rewrite?-noop-regression-linear ran for 0. secs (0.u,0.s) (success)
Tactic call abstract+rewrite!-regression-quadratic ran for 0.016 secs (0.016u,0.s) (success)
Tactic call close-abstract+rewrite!-regression-quadratic ran for 0.005 secs (0.005u,0.s)
Params: n= 23
Tactic call rewrite!-regression-quadratic ran for 0.023 secs (0.023u,0.s) (success)
Tactic call rewrite?-noop-regression-linear ran for 0. secs (0.u,0.s) (success)
Tactic call abstract+rewrite!-regression-quadratic ran for 0.031 secs (0.031u,0.s) (success)
Tactic call close-abstract+rewrite!-regression-quadratic ran for 0.006 secs (0.006u,0.s)
Params: n= 24
Tactic call rewrite!-regression-quadratic ran for 0.011 secs (0.011u,0.s) (success)
Tactic call rewrite?-noop-regression-linear ran for 0. secs (0.u,0.s) (success)
Tactic call abstract+rewrite!-regression-quadratic ran for 0.018 secs (0.018u,0.s) (success)
Tactic call close-abstract+rewrite!-regression-quadratic ran for 0.006 secs (0.006u,0.s)
Params: n= 25
Tactic call rewrite!-regression-quadratic ran for 0.011 secs (0.011u,0.s) (success)
Tactic call rewrite?-noop-regression-linear ran for 0. secs (0.u,0.s) (success)
Tactic call abstract+rewrite!-regression-quadratic ran for 0.019 secs (0.019u,0.s) (success)
Tactic call close-abstract+rewrite!-regression-quadratic ran for 0.007 secs (0.007u,0.s)
Params: n= 26
Tactic call rewrite!-regression-quadratic ran for 0.012 secs (0.012u,0.s) (success)
Tactic call rewrite?-noop-regression-linear ran for 0. secs (0.u,0.s) (success)
Tactic call abstract+rewrite!-regression-quadratic ran for 0.021 secs (0.021u,0.s) (success)
Tactic call close-abstract+rewrite!-regression-quadratic ran for 0.008 secs (0.008u,0.s)
Params: n= 27
Tactic call rewrite!-regression-quadratic ran for 0.012 secs (0.012u,0.s) (success)
Tactic call rewrite?-noop-regression-linear ran for 0. secs (0.u,0.s) (success)
Tactic call abstract+rewrite!-regression-quadratic ran for 0.021 secs (0.021u,0.s) (success)
Tactic call close-abstract+rewrite!-regression-quadratic ran for 0.008 secs (0.008u,0.s)
Params: n= 28
Tactic call rewrite!-regression-quadratic ran for 0.013 secs (0.013u,0.s) (success)
Tactic call rewrite?-noop-regression-linear ran for 0. secs (0.u,0.s) (success)
Tactic call abstract+rewrite!-regression-quadratic ran for 0.023 secs (0.023u,0.s) (success)
Tactic call close-abstract+rewrite!-regression-quadratic ran for 0.008 secs (0.008u,0.s)
Params: n= 29
Tactic call rewrite!-regression-quadratic ran for 0.03 secs (0.03u,0.s) (success)
Tactic call rewrite?-noop-regression-linear ran for 0. secs (0.u,0.s) (success)
Tactic call abstract+rewrite!-regression-quadratic ran for 0.039 secs (0.039u,0.s) (success)
Tactic call close-abstract+rewrite!-regression-quadratic ran for 0.008 secs (0.008u,0.s)
Params: n= 30
Tactic call rewrite!-regression-quadratic ran for 0.014 secs (0.014u,0.s) (success)
Tactic call rewrite?-noop-regression-linear ran for 0. secs (0.u,0.s) (success)
Tactic call abstract+rewrite!-regression-quadratic ran for 0.024 secs (0.024u,0.s) (success)
Tactic call close-abstract+rewrite!-regression-quadratic ran for 0.009 secs (0.009u,0.s)
Params: n= 31
Tactic call rewrite!-regression-quadratic ran for 0.015 secs (0.015u,0.s) (success)
Tactic call rewrite?-noop-regression-linear ran for 0. secs (0.u,0.s) (success)
Tactic call abstract+rewrite!-regression-quadratic ran for 0.027 secs (0.027u,0.s) (success)
Tactic call close-abstract+rewrite!-regression-quadratic ran for 0.01 secs (0.01u,0.s)
Params: n= 32
Tactic call rewrite!-regression-quadratic ran for 0.016 secs (0.016u,0.s) (success)
Tactic call rewrite?-noop-regression-linear ran for 0. secs (0.u,0.s) (success)
Tactic call abstract+rewrite!-regression-quadratic ran for 0.028 secs (0.028u,0.s) (success)
Tactic call close-abstract+rewrite!-regression-quadratic ran for 0.01 secs (0.01u,0.s)
Params: n= 33
Tactic call rewrite!-regression-quadratic ran for 0.016 secs (0.016u,0.s) (success)
Tactic call rewrite?-noop-regression-linear ran for 0. secs (0.u,0.s) (success)
Tactic call abstract+rewrite!-regression-quadratic ran for 0.029 secs (0.029u,0.s) (success)
Tactic call close-abstract+rewrite!-regression-quadratic ran for 0.011 secs (0.011u,0.s)
Params: n= 34
Tactic call rewrite!-regression-quadratic ran for 0.018 secs (0.018u,0.s) (success)
Tactic call rewrite?-noop-regression-linear ran for 0. secs (0.u,0.s) (success)
Tactic call abstract+rewrite!-regression-quadratic ran for 0.031 secs (0.031u,0.s) (success)
Tactic call close-abstract+rewrite!-regression-quadratic ran for 0.012 secs (0.012u,0.s)
Params: n= 35
Tactic call rewrite!-regression-quadratic ran for 0.018 secs (0.018u,0.s) (success)
Tactic call rewrite?-noop-regression-linear ran for 0. secs (0.u,0.s) (success)
Tactic call abstract+rewrite!-regression-quadratic ran for 0.122 secs (0.122u,0.s) (success)
Tactic call close-abstract+rewrite!-regression-quadratic ran for 0.103 secs (0.103u,0.s)
Params: n= 36
Tactic call rewrite!-regression-quadratic ran for 0.019 secs (0.019u,0.s) (success)
Tactic call rewrite?-noop-regression-linear ran for 0. secs (0.u,0.s) (success)
Tactic call abstract+rewrite!-regression-quadratic ran for 0.033 secs (0.033u,0.s) (success)
Tactic call close-abstract+rewrite!-regression-quadratic ran for 0.013 secs (0.013u,0.s)
Params: n= 37
Tactic call rewrite!-regression-quadratic ran for 0.021 secs (0.021u,0.s) (success)
Tactic call rewrite?-noop-regression-linear ran for 0.001 secs (0.001u,0.s) (success)
Tactic call abstract+rewrite!-regression-quadratic ran for 0.037 secs (0.037u,0.s) (success)
Tactic call close-abstract+rewrite!-regression-quadratic ran for 0.014 secs (0.014u,0.s)
Params: n= 38
Tactic call rewrite!-regression-quadratic ran for 0.022 secs (0.019u,0.002s) (success)
Tactic call rewrite?-noop-regression-linear ran for 0. secs (0.u,0.s) (success)
Tactic call abstract+rewrite!-regression-quadratic ran for 0.039 secs (0.036u,0.003s) (success)
Tactic call close-abstract+rewrite!-regression-quadratic ran for 0.015 secs (0.015u,0.s)
Params: n= 39
Tactic call rewrite!-regression-quadratic ran for 0.046 secs (0.046u,0.s) (success)
Tactic call rewrite?-noop-regression-linear ran for 0. secs (0.u,0.s) (success)
Tactic call abstract+rewrite!-regression-quadratic ran for 0.062 secs (0.062u,0.s) (success)
Tactic call close-abstract+rewrite!-regression-quadratic ran for 0.015 secs (0.015u,0.s)
Params: n= 40
Tactic call rewrite!-regression-quadratic ran for 0.023 secs (0.023u,0.s) (success)
Tactic call rewrite?-noop-regression-linear ran for 0. secs (0.u,0.s) (success)
Tactic call abstract+rewrite!-regression-quadratic ran for 0.042 secs (0.042u,0.s) (success)
Tactic call close-abstract+rewrite!-regression-quadratic ran for 0.018 secs (0.018u,0.s)
Params: n= 41
Tactic call rewrite!-regression-quadratic ran for 0.024 secs (0.024u,0.s) (success)
Tactic call rewrite?-noop-regression-linear ran for 0. secs (0.u,0.s) (success)
Tactic call abstract+rewrite!-regression-quadratic ran for 0.043 secs (0.043u,0.s) (success)
Tactic call close-abstract+rewrite!-regression-quadratic ran for 0.018 secs (0.018u,0.s)
Params: n= 42
Tactic call rewrite!-regression-quadratic ran for 0.025 secs (0.025u,0.s) (success)
Tactic call rewrite?-noop-regression-linear ran for 0. secs (0.u,0.s) (success)
Tactic call abstract+rewrite!-regression-quadratic ran for 0.044 secs (0.044u,0.s) (success)
Tactic call close-abstract+rewrite!-regression-quadratic ran for 0.018 secs (0.018u,0.s)
Params: n= 43
Tactic call rewrite!-regression-quadratic ran for 0.028 secs (0.028u,0.s) (success)
Tactic call rewrite?-noop-regression-linear ran for 0. secs (0.u,0.s) (success)
Tactic call abstract+rewrite!-regression-quadratic ran for 0.05 secs (0.05u,0.s) (success)
Tactic call close-abstract+rewrite!-regression-quadratic ran for 0.02 secs (0.02u,0.s)
Params: n= 44
Tactic call rewrite!-regression-quadratic ran for 0.041 secs (0.041u,0.s) (success)
Tactic call rewrite?-noop-regression-linear ran for 0. secs (0.u,0.s) (success)
Tactic call abstract+rewrite!-regression-quadratic ran for 0.062 secs (0.062u,0.s) (success)
Tactic call close-abstract+rewrite!-regression-quadratic ran for 0.019 secs (0.019u,0.s)
Params: n= 45
Tactic call rewrite!-regression-quadratic ran for 0.028 secs (0.028u,0.s) (success)
Tactic call rewrite?-noop-regression-linear ran for 0. secs (0.u,0.s) (success)
Tactic call abstract+rewrite!-regression-quadratic ran for 0.052 secs (0.052u,0.s) (success)
Tactic call close-abstract+rewrite!-regression-quadratic ran for 0.022 secs (0.022u,0.s)
Params: n= 46
Tactic call rewrite!-regression-quadratic ran for 0.031 secs (0.031u,0.s) (success)
Tactic call rewrite?-noop-regression-linear ran for 0. secs (0.u,0.s) (success)
Tactic call abstract+rewrite!-regression-quadratic ran for 0.071 secs (0.071u,0.s) (success)
Tactic call close-abstract+rewrite!-regression-quadratic ran for 0.038 secs (0.038u,0.s)
Params: n= 47
Tactic call rewrite!-regression-quadratic ran for 0.032 secs (0.032u,0.s) (success)
Tactic call rewrite?-noop-regression-linear ran for 0. secs (0.u,0.s) (success)
Tactic call abstract+rewrite!-regression-quadratic ran for 0.152 secs (0.152u,0.s) (success)
Tactic call close-abstract+rewrite!-regression-quadratic ran for 0.119 secs (0.119u,0.s)
Params: n= 48
Tactic call rewrite!-regression-quadratic ran for 0.034 secs (0.034u,0.s) (success)
Tactic call rewrite?-noop-regression-linear ran for 0. secs (0.u,0.s) (success)
Tactic call abstract+rewrite!-regression-quadratic ran for 0.06 secs (0.06u,0.s) (success)
Tactic call close-abstract+rewrite!-regression-quadratic ran for 0.024 secs (0.024u,0.s)
Params: n= 49
Tactic call rewrite!-regression-quadratic ran for 0.034 secs (0.034u,0.s) (success)
Tactic call rewrite?-noop-regression-linear ran for 0. secs (0.u,0.s) (success)
Tactic call abstract+rewrite!-regression-quadratic ran for 0.062 secs (0.062u,0.s) (success)
Tactic call close-abstract+rewrite!-regression-quadratic ran for 0.026 secs (0.026u,0.s)
Params: n= 51
Tactic call rewrite!-regression-quadratic ran for 0.036 secs (0.036u,0.s) (success)
Tactic call rewrite?-noop-regression-linear ran for 0. secs (0.u,0.s) (success)
Tactic call abstract+rewrite!-regression-quadratic ran for 0.091 secs (0.087u,0.003s) (success)
Tactic call close-abstract+rewrite!-regression-quadratic ran for 0.03 secs (0.027u,0.003s)
Params: n= 52
Tactic call rewrite!-regression-quadratic ran for 0.038 secs (0.038u,0.s) (success)
Tactic call rewrite?-noop-regression-linear ran for 0. secs (0.u,0.s) (success)
Tactic call abstract+rewrite!-regression-quadratic ran for 0.067 secs (0.067u,0.s) (success)
Tactic call close-abstract+rewrite!-regression-quadratic ran for 0.027 secs (0.027u,0.s)
Params: n= 53
Tactic call rewrite!-regression-quadratic ran for 0.039 secs (0.039u,0.s) (success)
Tactic call rewrite?-noop-regression-linear ran for 0. secs (0.u,0.s) (success)
Tactic call abstract+rewrite!-regression-quadratic ran for 0.071 secs (0.071u,0.s) (success)
Tactic call close-abstract+rewrite!-regression-quadratic ran for 0.03 secs (0.03u,0.s)
Params: n= 54
Tactic call rewrite!-regression-quadratic ran for 0.054 secs (0.054u,0.s) (success)
Tactic call rewrite?-noop-regression-linear ran for 0. secs (0.u,0.s) (success)
Tactic call abstract+rewrite!-regression-quadratic ran for 0.085 secs (0.085u,0.s) (success)
Tactic call close-abstract+rewrite!-regression-quadratic ran for 0.029 secs (0.029u,0.s)
Params: n= 55
Tactic call rewrite!-regression-quadratic ran for 0.042 secs (0.042u,0.s) (success)
Tactic call rewrite?-noop-regression-linear ran for 0. secs (0.u,0.s) (success)
Tactic call abstract+rewrite!-regression-quadratic ran for 0.075 secs (0.075u,0.s) (success)
Tactic call close-abstract+rewrite!-regression-quadratic ran for 0.031 secs (0.031u,0.s)
Params: n= 56
Tactic call rewrite!-regression-quadratic ran for 0.064 secs (0.064u,0.s) (success)
Tactic call rewrite?-noop-regression-linear ran for 0. secs (0.u,0.s) (success)
Tactic call abstract+rewrite!-regression-quadratic ran for 0.191 secs (0.191u,0.s) (success)
Tactic call close-abstract+rewrite!-regression-quadratic ran for 0.126 secs (0.126u,0.s)
Params: n= 57
Tactic call rewrite!-regression-quadratic ran for 0.048 secs (0.048u,0.s) (success)
Tactic call rewrite?-noop-regression-linear ran for 0. secs (0.u,0.s) (success)
Tactic call abstract+rewrite!-regression-quadratic ran for 0.085 secs (0.085u,0.s) (success)
Tactic call close-abstract+rewrite!-regression-quadratic ran for 0.035 secs (0.035u,0.s)
Params: n= 58
Tactic call rewrite!-regression-quadratic ran for 0.071 secs (0.071u,0.s) (success)
Tactic call rewrite?-noop-regression-linear ran for 0. secs (0.u,0.s) (success)
Tactic call abstract+rewrite!-regression-quadratic ran for 0.108 secs (0.108u,0.s) (success)
Tactic call close-abstract+rewrite!-regression-quadratic ran for 0.035 secs (0.035u,0.s)
Params: n= 59
Tactic call rewrite!-regression-quadratic ran for 0.047 secs (0.047u,0.s) (success)
Tactic call rewrite?-noop-regression-linear ran for 0. secs (0.u,0.s) (success)
Tactic call abstract+rewrite!-regression-quadratic ran for 0.083 secs (0.083u,0.s) (success)
Tactic call close-abstract+rewrite!-regression-quadratic ran for 0.034 secs (0.034u,0.s)
Params: n= 60
Tactic call rewrite!-regression-quadratic ran for 0.05 secs (0.05u,0.s) (success)
Tactic call rewrite?-noop-regression-linear ran for 0. secs (0.u,0.s) (success)
Tactic call abstract+rewrite!-regression-quadratic ran for 0.087 secs (0.087u,0.s) (success)
Tactic call close-abstract+rewrite!-regression-quadratic ran for 0.035 secs (0.035u,0.s)
Params: n= 61
Tactic call rewrite!-regression-quadratic ran for 0.064 secs (0.064u,0.s) (success)
Tactic call rewrite?-noop-regression-linear ran for 0. secs (0.u,0.s) (success)
Tactic call abstract+rewrite!-regression-quadratic ran for 0.103 secs (0.103u,0.s) (success)
Tactic call close-abstract+rewrite!-regression-quadratic ran for 0.038 secs (0.038u,0.s)
Params: n= 62
Tactic call rewrite!-regression-quadratic ran for 0.05 secs (0.05u,0.s) (success)
Tactic call rewrite?-noop-regression-linear ran for 0. secs (0.u,0.s) (success)
Tactic call abstract+rewrite!-regression-quadratic ran for 0.092 secs (0.092u,0.s) (success)
Tactic call close-abstract+rewrite!-regression-quadratic ran for 0.039 secs (0.039u,0.s)
Params: n= 63
Tactic call rewrite!-regression-quadratic ran for 0.055 secs (0.051u,0.003s) (success)
Tactic call rewrite?-noop-regression-linear ran for 0. secs (0.u,0.s) (success)
Tactic call abstract+rewrite!-regression-quadratic ran for 0.098 secs (0.094u,0.003s) (success)
Tactic call close-abstract+rewrite!-regression-quadratic ran for 0.041 secs (0.041u,0.s)
Params: n= 64
Tactic call rewrite!-regression-quadratic ran for 0.061 secs (0.061u,0.s) (success)
Tactic call rewrite?-noop-regression-linear ran for 0. secs (0.u,0.s) (success)
Tactic call abstract+rewrite!-regression-quadratic ran for 0.107 secs (0.107u,0.s) (success)
Tactic call close-abstract+rewrite!-regression-quadratic ran for 0.043 secs (0.043u,0.s)
Params: n= 65
Tactic call rewrite!-regression-quadratic ran for 0.065 secs (0.061u,0.003s) (success)
Tactic call rewrite?-noop-regression-linear ran for 0. secs (0.u,0.s) (success)
Tactic call abstract+rewrite!-regression-quadratic ran for 0.109 secs (0.105u,0.003s) (success)
Tactic call close-abstract+rewrite!-regression-quadratic ran for 0.042 secs (0.042u,0.s)
Params: n= 66
Tactic call rewrite!-regression-quadratic ran for 0.062 secs (0.062u,0.s) (success)
Tactic call rewrite?-noop-regression-linear ran for 0. secs (0.u,0.s) (success)
Tactic call abstract+rewrite!-regression-quadratic ran for 0.107 secs (0.107u,0.s) (success)
Tactic call close-abstract+rewrite!-regression-quadratic ran for 0.042 secs (0.042u,0.s)
Params: n= 67
Tactic call rewrite!-regression-quadratic ran for 0.06 secs (0.06u,0.s) (success)
Tactic call rewrite?-noop-regression-linear ran for 0. secs (0.u,0.s) (success)
Tactic call abstract+rewrite!-regression-quadratic ran for 0.107 secs (0.107u,0.s) (success)
Tactic call close-abstract+rewrite!-regression-quadratic ran for 0.045 secs (0.045u,0.s)
Params: n= 68
Tactic call rewrite!-regression-quadratic ran for 0.06 secs (0.06u,0.s) (success)
Tactic call rewrite?-noop-regression-linear ran for 0.001 secs (0.001u,0.s) (success)
Tactic call abstract+rewrite!-regression-quadratic ran for 0.109 secs (0.109u,0.s) (success)
Tactic call close-abstract+rewrite!-regression-quadratic ran for 0.046 secs (0.046u,0.s)
Params: n= 69
Tactic call rewrite!-regression-quadratic ran for 0.062 secs (0.062u,0.s) (success)
Tactic call rewrite?-noop-regression-linear ran for 0. secs (0.u,0.s) (success)
Tactic call abstract+rewrite!-regression-quadratic ran for 0.112 secs (0.112u,0.s) (success)
Tactic call close-abstract+rewrite!-regression-quadratic ran for 0.048 secs (0.048u,0.s)
Params: n= 70
Tactic call rewrite!-regression-quadratic ran for 0.065 secs (0.065u,0.s) (success)
Tactic call rewrite?-noop-regression-linear ran for 0. secs (0.u,0.s) (success)
Tactic call abstract+rewrite!-regression-quadratic ran for 0.117 secs (0.117u,0.s) (success)
Tactic call close-abstract+rewrite!-regression-quadratic ran for 0.05 secs (0.05u,0.s)
Params: n= 71
Tactic call rewrite!-regression-quadratic ran for 0.066 secs (0.066u,0.s) (success)
Tactic call rewrite?-noop-regression-linear ran for 0. secs (0.u,0.s) (success)
Tactic call abstract+rewrite!-regression-quadratic ran for 0.121 secs (0.121u,0.s) (success)
Tactic call close-abstract+rewrite!-regression-quadratic ran for 0.052 secs (0.052u,0.s)
Params: n= 72
Tactic call rewrite!-regression-quadratic ran for 0.069 secs (0.069u,0.s) (success)
Tactic call rewrite?-noop-regression-linear ran for 0. secs (0.u,0.s) (success)
Tactic call abstract+rewrite!-regression-quadratic ran for 0.123 secs (0.123u,0.s) (success)
Tactic call close-abstract+rewrite!-regression-quadratic ran for 0.052 secs (0.052u,0.s)
Params: n= 73
Tactic call rewrite!-regression-quadratic ran for 0.071 secs (0.071u,0.s) (success)
Tactic call rewrite?-noop-regression-linear ran for 0. secs (0.u,0.s) (success)
Tactic call abstract+rewrite!-regression-quadratic ran for 0.129 secs (0.129u,0.s) (success)
Tactic call close-abstract+rewrite!-regression-quadratic ran for 0.056 secs (0.056u,0.s)
Params: n= 74
Tactic call rewrite!-regression-quadratic ran for 0.077 secs (0.077u,0.s) (success)
Tactic call rewrite?-noop-regression-linear ran for 0. secs (0.u,0.s) (success)
Tactic call abstract+rewrite!-regression-quadratic ran for 0.133 secs (0.133u,0.s) (success)
Tactic call close-abstract+rewrite!-regression-quadratic ran for 0.053 secs (0.053u,0.s)
Params: n= 75
Tactic call rewrite!-regression-quadratic ran for 0.08 secs (0.08u,0.s) (success)
Tactic call rewrite?-noop-regression-linear ran for 0.001 secs (0.001u,0.s) (success)
Tactic call abstract+rewrite!-regression-quadratic ran for 0.141 secs (0.141u,0.s) (success)
Tactic call close-abstract+rewrite!-regression-quadratic ran for 0.059 secs (0.059u,0.s)
Params: n= 76
Tactic call rewrite!-regression-quadratic ran for 0.077 secs (0.077u,0.s) (success)
Tactic call rewrite?-noop-regression-linear ran for 0. secs (0.u,0.s) (success)
Tactic call abstract+rewrite!-regression-quadratic ran for 0.14 secs (0.14u,0.s) (success)
Tactic call close-abstract+rewrite!-regression-quadratic ran for 0.06 secs (0.06u,0.s)
Params: n= 77
Tactic call rewrite!-regression-quadratic ran for 0.084 secs (0.08u,0.003s) (success)
Tactic call rewrite?-noop-regression-linear ran for 0.001 secs (0.001u,0.s) (success)
Tactic call abstract+rewrite!-regression-quadratic ran for 0.148 secs (0.144u,0.003s) (success)
Tactic call close-abstract+rewrite!-regression-quadratic ran for 0.062 secs (0.062u,0.s)
Params: n= 78
Tactic call rewrite!-regression-quadratic ran for 0.093 secs (0.093u,0.s) (success)
Tactic call rewrite?-noop-regression-linear ran for 0. secs (0.u,0.s) (success)
Tactic call abstract+rewrite!-regression-quadratic ran for 0.169 secs (0.169u,0.s) (success)
Tactic call close-abstract+rewrite!-regression-quadratic ran for 0.073 secs (0.073u,0.s)
Params: n= 79
Tactic call rewrite!-regression-quadratic ran for 0.085 secs (0.085u,0.s) (success)
Tactic call rewrite?-noop-regression-linear ran for 0. secs (0.u,0.s) (success)
Tactic call abstract+rewrite!-regression-quadratic ran for 0.162 secs (0.162u,0.s) (success)
Tactic call close-abstract+rewrite!-regression-quadratic ran for 0.073 secs (0.073u,0.s)
Params: n= 80
Tactic call rewrite!-regression-quadratic ran for 0.091 secs (0.091u,0.s) (success)
Tactic call rewrite?-noop-regression-linear ran for 0.001 secs (0.001u,0.s) (success)
Tactic call abstract+rewrite!-regression-quadratic ran for 0.162 secs (0.162u,0.s) (success)
Tactic call close-abstract+rewrite!-regression-quadratic ran for 0.068 secs (0.068u,0.s)
Params: n= 81
Tactic call rewrite!-regression-quadratic ran for 0.093 secs (0.09u,0.002s) (success)
Tactic call rewrite?-noop-regression-linear ran for 0.001 secs (0.001u,0.s) (success)
Tactic call abstract+rewrite!-regression-quadratic ran for 0.169 secs (0.166u,0.002s) (success)
Tactic call close-abstract+rewrite!-regression-quadratic ran for 0.074 secs (0.074u,0.s)
Params: n= 82
Tactic call rewrite!-regression-quadratic ran for 0.09 secs (0.09u,0.s) (success)
Tactic call rewrite?-noop-regression-linear ran for 0.001 secs (0.001u,0.s) (success)
Tactic call abstract+rewrite!-regression-quadratic ran for 0.167 secs (0.167u,0.s) (success)
Tactic call close-abstract+rewrite!-regression-quadratic ran for 0.074 secs (0.074u,0.s)
Params: n= 83
Tactic call rewrite!-regression-quadratic ran for 0.093 secs (0.093u,0.s) (success)
Tactic call rewrite?-noop-regression-linear ran for 0.001 secs (0.001u,0.s) (success)
Tactic call abstract+rewrite!-regression-quadratic ran for 0.169 secs (0.169u,0.s) (success)
Tactic call close-abstract+rewrite!-regression-quadratic ran for 0.073 secs (0.073u,0.s)
Params: n= 84
Tactic call rewrite!-regression-quadratic ran for 0.1 secs (0.1u,0.s) (success)
Tactic call rewrite?-noop-regression-linear ran for 0.001 secs (0.001u,0.s) (success)
Tactic call abstract+rewrite!-regression-quadratic ran for 0.184 secs (0.184u,0.s) (success)
Tactic call close-abstract+rewrite!-regression-quadratic ran for 0.081 secs (0.081u,0.s)
Params: n= 85
Tactic call rewrite!-regression-quadratic ran for 0.103 secs (0.099u,0.003s) (success)
Tactic call rewrite?-noop-regression-linear ran for 0.001 secs (0.001u,0.s) (success)
Tactic call abstract+rewrite!-regression-quadratic ran for 0.181 secs (0.177u,0.003s) (success)
Tactic call close-abstract+rewrite!-regression-quadratic ran for 0.075 secs (0.075u,0.s)
Params: n= 86
Tactic call rewrite!-regression-quadratic ran for 0.1 secs (0.1u,0.s) (success)
Tactic call rewrite?-noop-regression-linear ran for 0.001 secs (0.001u,0.s) (success)
Tactic call abstract+rewrite!-regression-quadratic ran for 0.184 secs (0.184u,0.s) (success)
Tactic call close-abstract+rewrite!-regression-quadratic ran for 0.081 secs (0.081u,0.s)
Params: n= 87
Tactic call rewrite!-regression-quadratic ran for 0.102 secs (0.098u,0.004s) (success)
Tactic call rewrite?-noop-regression-linear ran for 0.001 secs (0.001u,0.s) (success)
Tactic call abstract+rewrite!-regression-quadratic ran for 0.184 secs (0.18u,0.004s) (success)
Tactic call close-abstract+rewrite!-regression-quadratic ran for 0.078 secs (0.078u,0.s)
Params: n= 88
Tactic call rewrite!-regression-quadratic ran for 0.106 secs (0.106u,0.s) (success)
Tactic call rewrite?-noop-regression-linear ran for 0.002 secs (0.002u,0.s) (success)
Tactic call abstract+rewrite!-regression-quadratic ran for 0.194 secs (0.194u,0.s) (success)
Tactic call close-abstract+rewrite!-regression-quadratic ran for 0.084 secs (0.084u,0.s)
Params: n= 89
Tactic call rewrite!-regression-quadratic ran for 0.107 secs (0.107u,0.s) (success)
Tactic call rewrite?-noop-regression-linear ran for 0.001 secs (0.001u,0.s) (success)
Tactic call abstract+rewrite!-regression-quadratic ran for 0.194 secs (0.194u,0.s) (success)
Tactic call close-abstract+rewrite!-regression-quadratic ran for 0.084 secs (0.084u,0.s)
Params: n= 90
Tactic call rewrite!-regression-quadratic ran for 0.114 secs (0.114u,0.s) (success)
Tactic call rewrite?-noop-regression-linear ran for 0.001 secs (0.001u,0.s) (success)
Tactic call abstract+rewrite!-regression-quadratic ran for 0.209 secs (0.209u,0.s) (success)
Tactic call close-abstract+rewrite!-regression-quadratic ran for 0.092 secs (0.092u,0.s)
Params: n= 91
Tactic call rewrite!-regression-quadratic ran for 0.113 secs (0.113u,0.s) (success)
Tactic call rewrite?-noop-regression-linear ran for 0.001 secs (0.001u,0.s) (success)
Tactic call abstract+rewrite!-regression-quadratic ran for 0.209 secs (0.209u,0.s) (success)
Tactic call close-abstract+rewrite!-regression-quadratic ran for 0.093 secs (0.093u,0.s)
Params: n= 92
Tactic call rewrite!-regression-quadratic ran for 0.113 secs (0.113u,0.s) (success)
Tactic call rewrite?-noop-regression-linear ran for 0.001 secs (0.001u,0.s) (success)
Tactic call abstract+rewrite!-regression-quadratic ran for 0.205 secs (0.205u,0.s) (success)
Tactic call close-abstract+rewrite!-regression-quadratic ran for 0.089 secs (0.089u,0.s)
Params: n= 93
Tactic call rewrite!-regression-quadratic ran for 0.115 secs (0.115u,0.s) (success)
Tactic call rewrite?-noop-regression-linear ran for 0.001 secs (0.001u,0.s) (success)
Tactic call abstract+rewrite!-regression-quadratic ran for 0.212 secs (0.212u,0.s) (success)
Tactic call close-abstract+rewrite!-regression-quadratic ran for 0.095 secs (0.095u,0.s)
Params: n= 94
Tactic call rewrite!-regression-quadratic ran for 0.119 secs (0.119u,0.s) (success)
Tactic call rewrite?-noop-regression-linear ran for 0.001 secs (0.001u,0.s) (success)
Tactic call abstract+rewrite!-regression-quadratic ran for 0.219 secs (0.219u,0.s) (success)
Tactic call close-abstract+rewrite!-regression-quadratic ran for 0.097 secs (0.097u,0.s)
Params: n= 95
Tactic call rewrite!-regression-quadratic ran for 0.119 secs (0.119u,0.s) (success)
Tactic call rewrite?-noop-regression-linear ran for 0.001 secs (0.001u,0.s) (success)
Tactic call abstract+rewrite!-regression-quadratic ran for 0.224 secs (0.224u,0.s) (success)
Tactic call close-abstract+rewrite!-regression-quadratic ran for 0.102 secs (0.102u,0.s)
Params: n= 96
Tactic call rewrite!-regression-quadratic ran for 0.13 secs (0.13u,0.s) (success)
Tactic call rewrite?-noop-regression-linear ran for 0.001 secs (0.001u,0.s) (success)
Tactic call abstract+rewrite!-regression-quadratic ran for 0.229 secs (0.229u,0.s) (success)
Tactic call close-abstract+rewrite!-regression-quadratic ran for 0.096 secs (0.096u,0.s)
Params: n= 97
Tactic call rewrite!-regression-quadratic ran for 0.133 secs (0.133u,0.s) (success)
Tactic call rewrite?-noop-regression-linear ran for 0.001 secs (0.001u,0.s) (success)
Tactic call abstract+rewrite!-regression-quadratic ran for 0.231 secs (0.231u,0.s) (success)
Tactic call close-abstract+rewrite!-regression-quadratic ran for 0.095 secs (0.095u,0.s)
Params: n= 98
Tactic call rewrite!-regression-quadratic ran for 0.127 secs (0.127u,0.s) (success)
Tactic call rewrite?-noop-regression-linear ran for 0.001 secs (0.001u,0.s) (success)
Tactic call abstract+rewrite!-regression-quadratic ran for 0.231 secs (0.231u,0.s) (success)
Tactic call close-abstract+rewrite!-regression-quadratic ran for 0.101 secs (0.101u,0.s)
Params: n= 99
Tactic call rewrite!-regression-quadratic ran for 0.133 secs (0.133u,0.s) (success)
Tactic call rewrite?-noop-regression-linear ran for 0.001 secs (0.001u,0.s) (success)
Tactic call abstract+rewrite!-regression-quadratic ran for 0.233 secs (0.233u,0.s) (success)
Tactic call close-abstract+rewrite!-regression-quadratic ran for 0.098 secs (0.097u,0.s)
Params: n= 110
Tactic call rewrite!-regression-quadratic ran for 0.163 secs (0.163u,0.s) (success)
Tactic call rewrite?-noop-regression-linear ran for 0.001 secs (0.001u,0.s) (success)
Tactic call abstract+rewrite!-regression-quadratic ran for 0.287 secs (0.287u,0.s) (success)
Tactic call close-abstract+rewrite!-regression-quadratic ran for 0.121 secs (0.121u,0.s)
Params: n= 120
Tactic call rewrite!-regression-quadratic ran for 0.195 secs (0.195u,0.s) (success)
Tactic call rewrite?-noop-regression-linear ran for 0.001 secs (0.001u,0.s) (success)
Tactic call abstract+rewrite!-regression-quadratic ran for 0.341 secs (0.341u,0.s) (success)
Tactic call close-abstract+rewrite!-regression-quadratic ran for 0.142 secs (0.142u,0.s)
Params: n= 130
Tactic call rewrite!-regression-quadratic ran for 0.229 secs (0.225u,0.003s) (success)
Tactic call rewrite?-noop-regression-linear ran for 0.001 secs (0.001u,0.s) (success)
Tactic call abstract+rewrite!-regression-quadratic ran for 0.399 secs (0.395u,0.003s) (success)
Tactic call close-abstract+rewrite!-regression-quadratic ran for 0.167 secs (0.167u,0.s)
Params: n= 140
Tactic call rewrite!-regression-quadratic ran for 0.274 secs (0.27u,0.003s) (success)
Tactic call rewrite?-noop-regression-linear ran for 0.002 secs (0.002u,0.s) (success)
Tactic call abstract+rewrite!-regression-quadratic ran for 0.474 secs (0.47u,0.004s) (success)
Tactic call close-abstract+rewrite!-regression-quadratic ran for 0.197 secs (0.197u,0.s)
Params: n= 160
Tactic call rewrite!-regression-quadratic ran for 0.366 secs (0.365u,0.s) (success)
Tactic call rewrite?-noop-regression-linear ran for 0.005 secs (0.005u,0.s) (success)
Tactic call abstract+rewrite!-regression-quadratic ran for 0.621 secs (0.621u,0.s) (success)
Tactic call close-abstract+rewrite!-regression-quadratic ran for 0.249 secs (0.249u,0.s)
Params: n= 170
Tactic call rewrite!-regression-quadratic ran for 0.413 secs (0.413u,0.s) (success)
Tactic call rewrite?-noop-regression-linear ran for 0.003 secs (0.003u,0.s) (success)
Tactic call abstract+rewrite!-regression-quadratic ran for 0.724 secs (0.724u,0.s) (success)
Tactic call close-abstract+rewrite!-regression-quadratic ran for 0.306 secs (0.306u,0.s)
Params: n= 180
Tactic call rewrite!-regression-quadratic ran for 0.459 secs (0.455u,0.003s) (success)
Tactic call rewrite?-noop-regression-linear ran for 0.002 secs (0.002u,0.s) (success)
Tactic call abstract+rewrite!-regression-quadratic ran for 0.808 secs (0.804u,0.004s) (success)
Tactic call close-abstract+rewrite!-regression-quadratic ran for 0.344 secs (0.344u,0.s)
Params: n= 190
Tactic call rewrite!-regression-quadratic ran for 0.507 secs (0.503u,0.003s) (success)
Tactic call rewrite?-noop-regression-linear ran for 0.002 secs (0.002u,0.s) (success)
Tactic call abstract+rewrite!-regression-quadratic ran for 0.89 secs (0.882u,0.007s) (success)
Tactic call close-abstract+rewrite!-regression-quadratic ran for 0.378 secs (0.374u,0.004s)
Params: n= 210
Tactic call rewrite!-regression-quadratic ran for 0.633 secs (0.629u,0.004s) (success)
Tactic call rewrite?-noop-regression-linear ran for 0.003 secs (0.003u,0.s) (success)
Tactic call abstract+rewrite!-regression-quadratic ran for 1.088 secs (1.083u,0.004s) (success)
Tactic call close-abstract+rewrite!-regression-quadratic ran for 0.449 secs (0.449u,0.s)
Params: n= 220
Tactic call rewrite!-regression-quadratic ran for 0.696 secs (0.68u,0.016s) (success)
Tactic call rewrite?-noop-regression-linear ran for 0.003 secs (0.003u,0.s) (success)
Tactic call abstract+rewrite!-regression-quadratic ran for 1.168 secs (1.151u,0.016s) (success)
Tactic call close-abstract+rewrite!-regression-quadratic ran for 0.465 secs (0.465u,0.s)
Params: n= 230
Tactic call rewrite!-regression-quadratic ran for 0.758 secs (0.758u,0.s) (success)
Tactic call rewrite?-noop-regression-linear ran for 0.004 secs (0.004u,0.s) (success)
Tactic call abstract+rewrite!-regression-quadratic ran for 1.255 secs (1.255u,0.s) (success)
Tactic call close-abstract+rewrite!-regression-quadratic ran for 0.49 secs (0.49u,0.s)
Params: n= 240
Tactic call rewrite!-regression-quadratic ran for 0.808 secs (0.808u,0.s) (success)
Tactic call rewrite?-noop-regression-linear ran for 0.004 secs (0.004u,0.s) (success)
Tactic call abstract+rewrite!-regression-quadratic ran for 1.403 secs (1.403u,0.s) (success)
Tactic call close-abstract+rewrite!-regression-quadratic ran for 0.589 secs (0.589u,0.s)
Params: n= 260
Tactic call rewrite!-regression-quadratic ran for 1.009 secs (1.009u,0.s) (success)
Tactic call rewrite?-noop-regression-linear ran for 0.004 secs (0.004u,0.s) (success)
Tactic call abstract+rewrite!-regression-quadratic ran for 1.715 secs (1.715u,0.s) (success)
Tactic call close-abstract+rewrite!-regression-quadratic ran for 0.699 secs (0.699u,0.s)
Params: n= 270
Tactic call rewrite!-regression-quadratic ran for 1.089 secs (1.089u,0.s) (success)
Tactic call rewrite?-noop-regression-linear ran for 0.004 secs (0.004u,0.s) (success)
Tactic call abstract+rewrite!-regression-quadratic ran for 1.777 secs (1.777u,0.s) (success)
Tactic call close-abstract+rewrite!-regression-quadratic ran for 0.682 secs (0.682u,0.s)
Params: n= 280
Tactic call rewrite!-regression-quadratic ran for 1.161 secs (1.153u,0.007s) (success)
Tactic call rewrite?-noop-regression-linear ran for 0.005 secs (0.005u,0.s) (success)
Tactic call abstract+rewrite!-regression-quadratic ran for 1.949 secs (1.941u,0.007s) (success)
Tactic call close-abstract+rewrite!-regression-quadratic ran for 0.781 secs (0.781u,0.s)
Params: n= 290
Tactic call rewrite!-regression-quadratic ran for 1.192 secs (1.192u,0.s) (success)
Tactic call rewrite?-noop-regression-linear ran for 0.005 secs (0.005u,0.s) (success)
Tactic call abstract+rewrite!-regression-quadratic ran for 2.002 secs (2.002u,0.s) (success)
Tactic call close-abstract+rewrite!-regression-quadratic ran for 0.802 secs (0.802u,0.s)
Params: n= 310
Tactic call rewrite!-regression-quadratic ran for 1.472 secs (1.471u,0.s) (success)
Tactic call rewrite?-noop-regression-linear ran for 0.005 secs (0.005u,0.s) (success)
Tactic call abstract+rewrite!-regression-quadratic ran for 2.456 secs (2.455u,0.s) (success)
Tactic call close-abstract+rewrite!-regression-quadratic ran for 0.976 secs (0.976u,0.s)
Params: n= 320
Tactic call rewrite!-regression-quadratic ran for 1.574 secs (1.57u,0.004s) (success)
Tactic call rewrite?-noop-regression-linear ran for 0.006 secs (0.006u,0.s) (success)
Tactic call abstract+rewrite!-regression-quadratic ran for 2.579 secs (2.575u,0.004s) (success)
Tactic call close-abstract+rewrite!-regression-quadratic ran for 0.996 secs (0.996u,0.s)
Params: n= 330
Tactic call rewrite!-regression-quadratic ran for 1.659 secs (1.659u,0.s) (success)
Tactic call rewrite?-noop-regression-linear ran for 0.007 secs (0.007u,0.s) (success)
Tactic call abstract+rewrite!-regression-quadratic ran for 2.713 secs (2.712u,0.s) (success)
Tactic call close-abstract+rewrite!-regression-quadratic ran for 1.044 secs (1.044u,0.s)
Params: n= 340
Tactic call rewrite!-regression-quadratic ran for 1.779 secs (1.779u,0.s) (success)
Tactic call rewrite?-noop-regression-linear ran for 0.006 secs (0.006u,0.s) (success)
Tactic call abstract+rewrite!-regression-quadratic ran for 2.96 secs (2.96u,0.s) (success)
Tactic call close-abstract+rewrite!-regression-quadratic ran for 1.169 secs (1.169u,0.s)
Params: n= 360
Tactic call rewrite!-regression-quadratic ran for 2. secs (2.u,0.s) (success)
Tactic call rewrite?-noop-regression-linear ran for 0.007 secs (0.007u,0.s) (success)
Tactic call abstract+rewrite!-regression-quadratic ran for 3.225 secs (3.225u,0.s) (success)
Tactic call close-abstract+rewrite!-regression-quadratic ran for 1.213 secs (1.213u,0.s)
Params: n= 370
Tactic call rewrite!-regression-quadratic ran for 2.143 secs (2.143u,0.s) (success)
Tactic call rewrite?-noop-regression-linear ran for 0.008 secs (0.008u,0.s) (success)
Tactic call abstract+rewrite!-regression-quadratic ran for 3.552 secs (3.552u,0.s) (success)
Tactic call close-abstract+rewrite!-regression-quadratic ran for 1.398 secs (1.398u,0.s)
Params: n= 380
Tactic call rewrite!-regression-quadratic ran for 2.368 secs (2.367u,0.s) (success)
Tactic call rewrite?-noop-regression-linear ran for 0.008 secs (0.008u,0.s) (success)
Tactic call abstract+rewrite!-regression-quadratic ran for 3.774 secs (3.774u,0.s) (success)
Tactic call close-abstract+rewrite!-regression-quadratic ran for 1.395 secs (1.395u,0.s)
Params: n= 390
Tactic call rewrite!-regression-quadratic ran for 2.525 secs (2.506u,0.015s) (success)
Tactic call rewrite?-noop-regression-linear ran for 0.01 secs (0.01u,0.s) (success)
Tactic call abstract+rewrite!-regression-quadratic ran for 4.019 secs (4.u,0.015s) (success)
Tactic call close-abstract+rewrite!-regression-quadratic ran for 1.481 secs (1.481u,0.s)
