Params: 0-nm= 5 , 1-n= 1 , 2-m= 5
native_compute: Conversion to native code done in 0.00020
native_compute: Compilation done in 0.07503
native_compute: Evaluation done in 0.00045
native_compute: Reification done in 0.00006
Tactic call cps+native_compute-regression-quadratic ran for 0.15 secs (0.06u,0.016s) (success)
Params: 0-nm= 5 , 1-n= 5 , 2-m= 1
native_compute: Conversion to native code done in 0.00019
native_compute: Compilation done in 0.07398
native_compute: Evaluation done in 0.00041
native_compute: Reification done in 0.00006
Tactic call cps+native_compute-regression-quadratic ran for 0.074 secs (0.001u,0.s) (success)
Params: 0-nm= 306 , 1-n= 17 , 2-m= 18
native_compute: Conversion to native code done in 0.00019
native_compute: Compilation done in 0.07480
native_compute: Evaluation done in 0.00040
native_compute: Reification done in 0.00100
Tactic call cps+native_compute-regression-quadratic ran for 0.076 secs (0.003u,0.s) (success)
Params: 0-nm= 307 , 1-n= 1 , 2-m= 307
native_compute: Conversion to native code done in 0.00019
native_compute: Compilation done in 0.07341
native_compute: Evaluation done in 0.00042
native_compute: Reification done in 0.00094
Tactic call cps+native_compute-regression-quadratic ran for 0.075 secs (0.002u,0.s) (success)
Params: 0-nm= 307 , 1-n= 307 , 2-m= 1
native_compute: Conversion to native code done in 0.00019
native_compute: Compilation done in 0.07351
native_compute: Evaluation done in 0.00041
native_compute: Reification done in 0.00127
Tactic call cps+native_compute-regression-quadratic ran for 0.075 secs (0.002u,0.s) (success)
Params: 0-nm= 600 , 1-n= 24 , 2-m= 25
native_compute: Conversion to native code done in 0.00019
native_compute: Compilation done in 0.07468
native_compute: Evaluation done in 0.00041
native_compute: Reification done in 0.00188
Tactic call cps+native_compute-regression-quadratic ran for 0.077 secs (0.001u,0.001s) (success)
Params: 0-nm= 609 , 1-n= 1 , 2-m= 609
native_compute: Conversion to native code done in 0.00019
native_compute: Compilation done in 0.07425
native_compute: Evaluation done in 0.00043
native_compute: Reification done in 0.00187
Tactic call cps+native_compute-regression-quadratic ran for 0.076 secs (0.001u,0.002s) (success)
Params: 0-nm= 609 , 1-n= 609 , 2-m= 1
native_compute: Conversion to native code done in 0.00035
native_compute: Compilation done in 0.07445
native_compute: Evaluation done in 0.00049
native_compute: Reification done in 0.00250
Tactic call cps+native_compute-regression-quadratic ran for 0.077 secs (0.004u,0.s) (success)
Params: 0-nm= 910 , 1-n= 1 , 2-m= 910
native_compute: Conversion to native code done in 0.00019
native_compute: Compilation done in 0.07523
native_compute: Evaluation done in 0.00042
native_compute: Reification done in 0.00278
Tactic call cps+native_compute-regression-quadratic ran for 0.078 secs (0.004u,0.s) (success)
Params: 0-nm= 910 , 1-n= 910 , 2-m= 1
native_compute: Conversion to native code done in 0.00019
native_compute: Compilation done in 0.07530
native_compute: Evaluation done in 0.00045
native_compute: Reification done in 0.00379
Tactic call cps+native_compute-regression-quadratic ran for 0.079 secs (0.003u,0.002s) (success)
Params: 0-nm= 930 , 1-n= 30 , 2-m= 31
native_compute: Conversion to native code done in 0.00044
native_compute: Compilation done in 0.07467
native_compute: Evaluation done in 0.00040
native_compute: Reification done in 0.00284
Tactic call cps+native_compute-regression-quadratic ran for 0.078 secs (0.004u,0.s) (success)
Params: 0-nm= 1190 , 1-n= 34 , 2-m= 35
native_compute: Conversion to native code done in 0.00019
native_compute: Compilation done in 0.07508
native_compute: Evaluation done in 0.00042
native_compute: Reification done in 0.00367
Tactic call cps+native_compute-regression-quadratic ran for 0.079 secs (0.005u,0.s) (success)
Params: 0-nm= 1212 , 1-n= 1 , 2-m= 1212
native_compute: Conversion to native code done in 0.00019
native_compute: Compilation done in 0.07553
native_compute: Evaluation done in 0.00044
native_compute: Reification done in 0.04022
Tactic call cps+native_compute-regression-quadratic ran for 0.116 secs (0.042u,0.s) (success)
Params: 0-nm= 1212 , 1-n= 1212 , 2-m= 1
native_compute: Conversion to native code done in 0.00019
native_compute: Compilation done in 0.07470
native_compute: Evaluation done in 0.00046
native_compute: Reification done in 0.00430
Tactic call cps+native_compute-regression-quadratic ran for 0.079 secs (0.005u,0.s) (success)
Params: 0-nm= 1482 , 1-n= 38 , 2-m= 39
native_compute: Conversion to native code done in 0.00026
native_compute: Compilation done in 0.07441
native_compute: Evaluation done in 0.00041
native_compute: Reification done in 0.00389
Tactic call cps+native_compute-regression-quadratic ran for 0.079 secs (0.005u,0.s) (success)
Params: 0-nm= 1513 , 1-n= 1 , 2-m= 1513
native_compute: Conversion to native code done in 0.00019
native_compute: Compilation done in 0.07513
native_compute: Evaluation done in 0.00046
native_compute: Reification done in 0.00390
Tactic call cps+native_compute-regression-quadratic ran for 0.079 secs (0.005u,0.s) (success)
Params: 0-nm= 1513 , 1-n= 1513 , 2-m= 1
native_compute: Conversion to native code done in 0.00019
native_compute: Compilation done in 0.07412
native_compute: Evaluation done in 0.00045
native_compute: Reification done in 0.00543
Tactic call cps+native_compute-regression-quadratic ran for 0.08 secs (0.007u,0.s) (success)
Params: 0-nm= 1891 , 1-n= 1 , 2-m= 1891
native_compute: Conversion to native code done in 0.00019
native_compute: Compilation done in 0.07460
native_compute: Evaluation done in 0.00046
native_compute: Reification done in 0.00490
Tactic call cps+native_compute-regression-quadratic ran for 0.08 secs (0.005u,0.s) (success)
Params: 0-nm= 1891 , 1-n= 1891 , 2-m= 1
native_compute: Conversion to native code done in 0.00022
native_compute: Compilation done in 0.07523
native_compute: Evaluation done in 0.00046
native_compute: Reification done in 0.00676
Tactic call cps+native_compute-regression-quadratic ran for 0.082 secs (0.008u,0.s) (success)
Params: 0-nm= 1892 , 1-n= 43 , 2-m= 44
native_compute: Conversion to native code done in 0.00019
native_compute: Compilation done in 0.07465
native_compute: Evaluation done in 0.00041
native_compute: Reification done in 0.00500
Tactic call cps+native_compute-regression-quadratic ran for 0.08 secs (0.006u,0.s) (success)
Params: 0-nm= 2256 , 1-n= 47 , 2-m= 48
native_compute: Conversion to native code done in 0.00019
native_compute: Compilation done in 0.07470
native_compute: Evaluation done in 0.00045
native_compute: Reification done in 0.02077
Tactic call cps+native_compute-regression-quadratic ran for 0.096 secs (0.022u,0.s) (success)
Params: 0-nm= 2269 , 1-n= 1 , 2-m= 2269
native_compute: Conversion to native code done in 0.00019
native_compute: Compilation done in 0.07490
native_compute: Evaluation done in 0.00046
native_compute: Reification done in 0.00599
Tactic call cps+native_compute-regression-quadratic ran for 0.081 secs (0.007u,0.s) (success)
Params: 0-nm= 2269 , 1-n= 2269 , 2-m= 1
native_compute: Conversion to native code done in 0.00019
native_compute: Compilation done in 0.07455
native_compute: Evaluation done in 0.00047
native_compute: Reification done in 0.00853
Tactic call cps+native_compute-regression-quadratic ran for 0.083 secs (0.01u,0.s) (success)
Params: 0-nm= 2647 , 1-n= 1 , 2-m= 2647
native_compute: Conversion to native code done in 0.00019
native_compute: Compilation done in 0.07368
native_compute: Evaluation done in 0.00047
native_compute: Reification done in 0.00707
Tactic call cps+native_compute-regression-quadratic ran for 0.081 secs (0.008u,0.s) (success)
Params: 0-nm= 2647 , 1-n= 2647 , 2-m= 1
native_compute: Conversion to native code done in 0.00020
native_compute: Compilation done in 0.07530
native_compute: Evaluation done in 0.00048
native_compute: Reification done in 0.00990
Tactic call cps+native_compute-regression-quadratic ran for 0.086 secs (0.011u,0.s) (success)
Params: 0-nm= 2652 , 1-n= 51 , 2-m= 52
native_compute: Conversion to native code done in 0.00019
native_compute: Compilation done in 0.07573
native_compute: Evaluation done in 0.00043
native_compute: Reification done in 0.00719
Tactic call cps+native_compute-regression-quadratic ran for 0.083 secs (0.008u,0.s) (success)
Params: 0-nm= 3025 , 1-n= 1 , 2-m= 3025
native_compute: Conversion to native code done in 0.00019
native_compute: Compilation done in 0.07482
native_compute: Evaluation done in 0.00050
native_compute: Reification done in 0.01135
Tactic call cps+native_compute-regression-quadratic ran for 0.087 secs (0.013u,0.s) (success)
Params: 0-nm= 3025 , 1-n= 55 , 2-m= 55
native_compute: Conversion to native code done in 0.00019
native_compute: Compilation done in 0.07442
native_compute: Evaluation done in 0.00043
native_compute: Reification done in 0.00814
Tactic call cps+native_compute-regression-quadratic ran for 0.083 secs (0.009u,0.s) (success)
Params: 0-nm= 3025 , 1-n= 3025 , 2-m= 1
native_compute: Conversion to native code done in 0.00019
native_compute: Compilation done in 0.07525
native_compute: Evaluation done in 0.00054
native_compute: Reification done in 0.01305
Tactic call cps+native_compute-regression-quadratic ran for 0.089 secs (0.014u,0.s) (success)
Params: 0-nm= 3403 , 1-n= 1 , 2-m= 3403
native_compute: Conversion to native code done in 0.00019
native_compute: Compilation done in 0.07492
native_compute: Evaluation done in 0.00050
native_compute: Reification done in 0.00919
Tactic call cps+native_compute-regression-quadratic ran for 0.084 secs (0.01u,0.s) (success)
Params: 0-nm= 3403 , 1-n= 3403 , 2-m= 1
native_compute: Conversion to native code done in 0.00024
native_compute: Compilation done in 0.07485
native_compute: Evaluation done in 0.00049
native_compute: Reification done in 0.01320
Tactic call cps+native_compute-regression-quadratic ran for 0.088 secs (0.015u,0.s) (success)
Params: 0-nm= 3422 , 1-n= 58 , 2-m= 59
native_compute: Conversion to native code done in 0.00019
native_compute: Compilation done in 0.07476
native_compute: Evaluation done in 0.00042
native_compute: Reification done in 0.00919
Tactic call cps+native_compute-regression-quadratic ran for 0.084 secs (0.007u,0.002s) (success)
Params: 0-nm= 3781 , 1-n= 1 , 2-m= 3781
native_compute: Conversion to native code done in 0.00019
native_compute: Compilation done in 0.07540
native_compute: Evaluation done in 0.00052
native_compute: Reification done in 0.01009
Tactic call cps+native_compute-regression-quadratic ran for 0.086 secs (0.011u,0.s) (success)
Params: 0-nm= 3781 , 1-n= 3781 , 2-m= 1
native_compute: Conversion to native code done in 0.00019
native_compute: Compilation done in 0.07601
native_compute: Evaluation done in 0.00055
native_compute: Reification done in 0.01431
Tactic call cps+native_compute-regression-quadratic ran for 0.091 secs (0.015u,0.s) (success)
Params: 0-nm= 3782 , 1-n= 61 , 2-m= 62
native_compute: Conversion to native code done in 0.00020
native_compute: Compilation done in 0.07464
native_compute: Evaluation done in 0.00043
native_compute: Reification done in 0.01033
Tactic call cps+native_compute-regression-quadratic ran for 0.085 secs (0.012u,0.s) (success)
Params: 0-nm= 4159 , 1-n= 1 , 2-m= 4159
native_compute: Conversion to native code done in 0.00019
native_compute: Compilation done in 0.07570
native_compute: Evaluation done in 0.00052
native_compute: Reification done in 0.01416
Tactic call cps+native_compute-regression-quadratic ran for 0.09 secs (0.015u,0.s) (success)
Params: 0-nm= 4159 , 1-n= 4159 , 2-m= 1
native_compute: Conversion to native code done in 0.00019
native_compute: Compilation done in 0.07490
native_compute: Evaluation done in 0.00054
native_compute: Reification done in 0.01547
Tactic call cps+native_compute-regression-quadratic ran for 0.091 secs (0.017u,0.s) (success)
Params: 0-nm= 4160 , 1-n= 64 , 2-m= 65
native_compute: Conversion to native code done in 0.00019
native_compute: Compilation done in 0.07528
native_compute: Evaluation done in 0.00044
native_compute: Reification done in 0.01120
Tactic call cps+native_compute-regression-quadratic ran for 0.087 secs (0.012u,0.s) (success)
Params: 0-nm= 4537 , 1-n= 1 , 2-m= 4537
native_compute: Conversion to native code done in 0.00019
native_compute: Compilation done in 0.07541
native_compute: Evaluation done in 0.00053
native_compute: Reification done in 0.01228
Tactic call cps+native_compute-regression-quadratic ran for 0.088 secs (0.013u,0.s) (success)
Params: 0-nm= 4537 , 1-n= 4537 , 2-m= 1
native_compute: Conversion to native code done in 0.00021
native_compute: Compilation done in 0.07515
native_compute: Evaluation done in 0.00056
native_compute: Reification done in 0.02242
Tactic call cps+native_compute-regression-quadratic ran for 0.098 secs (0.024u,0.s) (success)
Params: 0-nm= 4556 , 1-n= 67 , 2-m= 68
native_compute: Conversion to native code done in 0.00019
native_compute: Compilation done in 0.07479
native_compute: Evaluation done in 0.00043
native_compute: Reification done in 0.01233
Tactic call cps+native_compute-regression-quadratic ran for 0.087 secs (0.014u,0.s) (success)
Params: 0-nm= 5041 , 1-n= 1 , 2-m= 5041
native_compute: Conversion to native code done in 0.00021
native_compute: Compilation done in 0.07515
native_compute: Evaluation done in 0.00055
native_compute: Reification done in 0.01387
Tactic call cps+native_compute-regression-quadratic ran for 0.089 secs (0.015u,0.s) (success)
Params: 0-nm= 5041 , 1-n= 71 , 2-m= 71
native_compute: Conversion to native code done in 0.00019
native_compute: Compilation done in 0.07823
native_compute: Evaluation done in 0.00044
native_compute: Reification done in 0.01868
Tactic call cps+native_compute-regression-quadratic ran for 0.097 secs (0.02u,0.s) (success)
Params: 0-nm= 5041 , 1-n= 5041 , 2-m= 1
native_compute: Conversion to native code done in 0.00019
native_compute: Compilation done in 0.07556
native_compute: Evaluation done in 0.00057
native_compute: Reification done in 0.01898
Tactic call cps+native_compute-regression-quadratic ran for 0.095 secs (0.021u,0.s) (success)
Params: 0-nm= 5546 , 1-n= 1 , 2-m= 5546
native_compute: Conversion to native code done in 0.00019
native_compute: Compilation done in 0.07566
native_compute: Evaluation done in 0.00057
native_compute: Reification done in 0.01505
Tactic call cps+native_compute-regression-quadratic ran for 0.091 secs (0.016u,0.s) (success)
Params: 0-nm= 5546 , 1-n= 5546 , 2-m= 1
native_compute: Conversion to native code done in 0.00019
native_compute: Compilation done in 0.07505
native_compute: Evaluation done in 0.00063
native_compute: Reification done in 0.03396
Tactic call cps+native_compute-regression-quadratic ran for 0.11 secs (0.031u,0.004s) (success)
Params: 0-nm= 5550 , 1-n= 74 , 2-m= 75
native_compute: Conversion to native code done in 0.00019
native_compute: Compilation done in 0.07560
native_compute: Evaluation done in 0.00044
native_compute: Reification done in 0.01515
Tactic call cps+native_compute-regression-quadratic ran for 0.091 secs (0.017u,0.s) (success)
Params: 0-nm= 6006 , 1-n= 77 , 2-m= 78
native_compute: Conversion to native code done in 0.00019
native_compute: Compilation done in 0.07472
native_compute: Evaluation done in 0.00044
native_compute: Reification done in 0.01675
Tactic call cps+native_compute-regression-quadratic ran for 0.092 secs (0.018u,0.s) (success)
Params: 0-nm= 6050 , 1-n= 1 , 2-m= 6050
native_compute: Conversion to native code done in 0.00019
native_compute: Compilation done in 0.07549
native_compute: Evaluation done in 0.00058
native_compute: Reification done in 0.01676
Tactic call cps+native_compute-regression-quadratic ran for 0.093 secs (0.018u,0.s) (success)
Params: 0-nm= 6050 , 1-n= 6050 , 2-m= 1
native_compute: Conversion to native code done in 0.00019
native_compute: Compilation done in 0.07592
native_compute: Evaluation done in 0.00060
native_compute: Reification done in 0.02365
Tactic call cps+native_compute-regression-quadratic ran for 0.1 secs (0.025u,0.s) (success)
Params: 0-nm= 6480 , 1-n= 80 , 2-m= 81
native_compute: Conversion to native code done in 0.00019
native_compute: Compilation done in 0.07528
native_compute: Evaluation done in 0.00043
native_compute: Reification done in 0.02660
Tactic call cps+native_compute-regression-quadratic ran for 0.102 secs (0.028u,0.s) (success)
Params: 0-nm= 6554 , 1-n= 1 , 2-m= 6554
native_compute: Conversion to native code done in 0.00019
native_compute: Compilation done in 0.07553
native_compute: Evaluation done in 0.00059
native_compute: Reification done in 0.01802
Tactic call cps+native_compute-regression-quadratic ran for 0.094 secs (0.019u,0.s) (success)
Params: 0-nm= 6554 , 1-n= 6554 , 2-m= 1
native_compute: Conversion to native code done in 0.00019
native_compute: Compilation done in 0.07573
native_compute: Evaluation done in 0.00060
native_compute: Reification done in 0.02595
Tactic call cps+native_compute-regression-quadratic ran for 0.102 secs (0.027u,0.s) (success)
Params: 0-nm= 7058 , 1-n= 1 , 2-m= 7058
native_compute: Conversion to native code done in 0.00019
native_compute: Compilation done in 0.07525
native_compute: Evaluation done in 0.00069
native_compute: Reification done in 0.08757
Tactic call cps+native_compute-regression-quadratic ran for 0.163 secs (0.089u,0.s) (success)
Params: 0-nm= 7058 , 1-n= 7058 , 2-m= 1
native_compute: Conversion to native code done in 0.00019
native_compute: Compilation done in 0.07531
native_compute: Evaluation done in 0.00068
native_compute: Reification done in 0.02764
Tactic call cps+native_compute-regression-quadratic ran for 0.104 secs (0.029u,0.s) (success)
Params: 0-nm= 7140 , 1-n= 84 , 2-m= 85
native_compute: Conversion to native code done in 0.00019
native_compute: Compilation done in 0.07490
native_compute: Evaluation done in 0.00044
native_compute: Reification done in 0.02876
Tactic call cps+native_compute-regression-quadratic ran for 0.104 secs (0.03u,0.s) (success)
Params: 0-nm= 7482 , 1-n= 86 , 2-m= 87
native_compute: Conversion to native code done in 0.00019
native_compute: Compilation done in 0.07531
native_compute: Evaluation done in 0.00044
native_compute: Reification done in 0.02066
Tactic call cps+native_compute-regression-quadratic ran for 0.096 secs (0.018u,0.003s) (success)
Params: 0-nm= 7562 , 1-n= 1 , 2-m= 7562
native_compute: Conversion to native code done in 0.00019
native_compute: Compilation done in 0.07522
native_compute: Evaluation done in 0.00062
native_compute: Reification done in 0.02112
Tactic call cps+native_compute-regression-quadratic ran for 0.097 secs (0.019u,0.003s) (success)
Params: 0-nm= 7562 , 1-n= 7562 , 2-m= 1
native_compute: Conversion to native code done in 0.00019
native_compute: Compilation done in 0.07584
native_compute: Evaluation done in 0.00088
native_compute: Reification done in 0.02995
Tactic call cps+native_compute-regression-quadratic ran for 0.107 secs (0.032u,0.s) (success)
Params: 0-nm= 8319 , 1-n= 1 , 2-m= 8319
native_compute: Conversion to native code done in 0.00019
native_compute: Compilation done in 0.07558
native_compute: Evaluation done in 0.00063
native_compute: Reification done in 0.02334
Tactic call cps+native_compute-regression-quadratic ran for 0.099 secs (0.025u,0.s) (success)
Params: 0-nm= 8319 , 1-n= 8319 , 2-m= 1
native_compute: Conversion to native code done in 0.00019
native_compute: Compilation done in 0.07547
native_compute: Evaluation done in 0.00067
native_compute: Reification done in 0.03300
Tactic call cps+native_compute-regression-quadratic ran for 0.109 secs (0.034u,0.s) (success)
Params: 0-nm= 8372 , 1-n= 91 , 2-m= 92
native_compute: Conversion to native code done in 0.00019
native_compute: Compilation done in 0.07527
native_compute: Evaluation done in 0.00045
native_compute: Reification done in 0.02708
Tactic call cps+native_compute-regression-quadratic ran for 0.103 secs (0.028u,0.s) (success)
Params: 0-nm= 9075 , 1-n= 1 , 2-m= 9075
native_compute: Conversion to native code done in 0.00019
native_compute: Compilation done in 0.07452
native_compute: Evaluation done in 0.00066
native_compute: Reification done in 0.02592
Tactic call cps+native_compute-regression-quadratic ran for 0.101 secs (0.027u,0.s) (success)
Params: 0-nm= 9075 , 1-n= 9075 , 2-m= 1
native_compute: Conversion to native code done in 0.00019
native_compute: Compilation done in 0.07533
native_compute: Evaluation done in 0.00071
native_compute: Reification done in 0.05216
Tactic call cps+native_compute-regression-quadratic ran for 0.128 secs (0.054u,0.s) (success)
Params: 0-nm= 9120 , 1-n= 95 , 2-m= 96
native_compute: Conversion to native code done in 0.00019
native_compute: Compilation done in 0.07599
native_compute: Evaluation done in 0.00060
native_compute: Reification done in 0.02585
Tactic call cps+native_compute-regression-quadratic ran for 0.102 secs (0.027u,0.s) (success)
Params: 0-nm= 9831 , 1-n= 1 , 2-m= 9831
native_compute: Conversion to native code done in 0.00019
native_compute: Compilation done in 0.07513
native_compute: Evaluation done in 0.00076
native_compute: Reification done in 0.02758
Tactic call cps+native_compute-regression-quadratic ran for 0.103 secs (0.029u,0.s) (success)
Params: 0-nm= 9831 , 1-n= 9831 , 2-m= 1
native_compute: Conversion to native code done in 0.00019
native_compute: Compilation done in 0.07462
native_compute: Evaluation done in 0.00071
native_compute: Reification done in 0.03935
Tactic call cps+native_compute-regression-quadratic ran for 0.115 secs (0.037u,0.003s) (success)
Params: 0-nm= 9900 , 1-n= 99 , 2-m= 100
native_compute: Conversion to native code done in 0.00020
native_compute: Compilation done in 0.07348
native_compute: Evaluation done in 0.00046
native_compute: Reification done in 0.03266
Tactic call cps+native_compute-regression-quadratic ran for 0.107 secs (0.029u,0.004s) (success)
Params: 0-nm= 10506 , 1-n= 102 , 2-m= 103
native_compute: Conversion to native code done in 0.00019
native_compute: Compilation done in 0.07531
native_compute: Evaluation done in 0.00045
native_compute: Reification done in 0.03828
Tactic call cps+native_compute-regression-quadratic ran for 0.114 secs (0.039u,0.s) (success)
Params: 0-nm= 10588 , 1-n= 1 , 2-m= 10588
native_compute: Conversion to native code done in 0.00019
native_compute: Compilation done in 0.07512
native_compute: Evaluation done in 0.00071
native_compute: Reification done in 0.03023
Tactic call cps+native_compute-regression-quadratic ran for 0.106 secs (0.032u,0.s) (success)
Params: 0-nm= 10588 , 1-n= 10588 , 2-m= 1
native_compute: Conversion to native code done in 0.00020
native_compute: Compilation done in 0.07571
native_compute: Evaluation done in 0.00071
native_compute: Reification done in 0.05597
Tactic call cps+native_compute-regression-quadratic ran for 0.132 secs (0.057u,0.s) (success)
Params: 0-nm= 11342 , 1-n= 106 , 2-m= 107
native_compute: Conversion to native code done in 0.00019
native_compute: Compilation done in 0.07476
native_compute: Evaluation done in 0.00045
native_compute: Reification done in 0.03187
Tactic call cps+native_compute-regression-quadratic ran for 0.107 secs (0.033u,0.s) (success)
Params: 0-nm= 11344 , 1-n= 1 , 2-m= 11344
native_compute: Conversion to native code done in 0.00019
native_compute: Compilation done in 0.07455
native_compute: Evaluation done in 0.00857
native_compute: Reification done in 0.03213
Tactic call cps+native_compute-regression-quadratic ran for 0.115 secs (0.038u,0.003s) (success)
Params: 0-nm= 11344 , 1-n= 11344 , 2-m= 1
native_compute: Conversion to native code done in 0.00019
native_compute: Compilation done in 0.07556
native_compute: Evaluation done in 0.00079
native_compute: Reification done in 0.04565
Tactic call cps+native_compute-regression-quadratic ran for 0.122 secs (0.047u,0.s) (success)
Params: 0-nm= 12100 , 1-n= 1 , 2-m= 12100
native_compute: Conversion to native code done in 0.00019
native_compute: Compilation done in 0.07557
native_compute: Evaluation done in 0.00073
native_compute: Reification done in 0.05232
Tactic call cps+native_compute-regression-quadratic ran for 0.129 secs (0.054u,0.s) (success)
Params: 0-nm= 12100 , 1-n= 110 , 2-m= 110
native_compute: Conversion to native code done in 0.00020
native_compute: Compilation done in 0.07597
native_compute: Evaluation done in 0.00047
native_compute: Reification done in 0.03488
Tactic call cps+native_compute-regression-quadratic ran for 0.111 secs (0.036u,0.s) (success)
Params: 0-nm= 12100 , 1-n= 12100 , 2-m= 1
native_compute: Conversion to native code done in 0.00019
native_compute: Compilation done in 0.07536
native_compute: Evaluation done in 0.00076
native_compute: Reification done in 0.13586
Tactic call cps+native_compute-regression-quadratic ran for 0.212 secs (0.137u,0.s) (success)
