Params: 0-nm= 1 , 1-n= 1 , 2-m= 1
native_compute: Conversion to native code done in 0.00020
native_compute: Compilation done in 0.07523
native_compute: Evaluation done in 0.00041
native_compute: Reification done in 0.00005
Tactic call cps+native_compute-regression-quadratic ran for 0.151 secs (0.058u,0.019s) (success)
Params: 0-nm= 2 , 1-n= 1 , 2-m= 2
native_compute: Conversion to native code done in 0.00019
native_compute: Compilation done in 0.07524
native_compute: Evaluation done in 0.00040
native_compute: Reification done in 0.00005
Tactic call cps+native_compute-regression-quadratic ran for 0.076 secs (0.001u,0.s) (success)
Params: 0-nm= 2 , 1-n= 2 , 2-m= 1
native_compute: Conversion to native code done in 0.00019
native_compute: Compilation done in 0.07428
native_compute: Evaluation done in 0.00042
native_compute: Reification done in 0.00005
Tactic call cps+native_compute-regression-quadratic ran for 0.075 secs (0.001u,0.s) (success)
Params: 0-nm= 3 , 1-n= 1 , 2-m= 3
native_compute: Conversion to native code done in 0.00019
native_compute: Compilation done in 0.07556
native_compute: Evaluation done in 0.00043
native_compute: Reification done in 0.00006
Tactic call cps+native_compute-regression-quadratic ran for 0.076 secs (0.001u,0.s) (success)
Params: 0-nm= 3 , 1-n= 3 , 2-m= 1
native_compute: Conversion to native code done in 0.00019
native_compute: Compilation done in 0.07491
native_compute: Evaluation done in 0.00040
native_compute: Reification done in 0.00006
Tactic call cps+native_compute-regression-quadratic ran for 0.075 secs (0.u,0.001s) (success)
Params: 0-nm= 4 , 1-n= 2 , 2-m= 2
native_compute: Conversion to native code done in 0.00035
native_compute: Compilation done in 0.07495
native_compute: Evaluation done in 0.00042
native_compute: Reification done in 0.00006
Tactic call cps+native_compute-regression-quadratic ran for 0.075 secs (0.u,0.002s) (success)
Params: 0-nm= 4 , 1-n= 4 , 2-m= 1
native_compute: Conversion to native code done in 0.00019
native_compute: Compilation done in 0.07484
native_compute: Evaluation done in 0.00043
native_compute: Reification done in 0.00006
Tactic call cps+native_compute-regression-quadratic ran for 0.075 secs (0.001u,0.s) (success)
Params: 0-nm= 4 , 1-n= 1 , 2-m= 4
native_compute: Conversion to native code done in 0.00019
native_compute: Compilation done in 0.07480
native_compute: Evaluation done in 0.00043
native_compute: Reification done in 0.00006
Tactic call cps+native_compute-regression-quadratic ran for 0.075 secs (0.002u,0.s) (success)
