Params: n= 5
Tactic call cbv for CanonicalStructuresHOAS with big ran for 0. secs (0.u,0.s) (success)
Tactic call pre for CanonicalStructuresHOAS with big ran for 0. secs (0.u,0.s) (success)
Tactic call actual reif for CanonicalStructuresHOAS with big ran for 0.003 secs (0.003u,0.s)
Tactic call eval lazy for CanonicalStructuresHOAS with big ran for 0. secs (0.u,0.s)
Tactic call postprocess for CanonicalStructuresHOAS with big ran for 0. secs (0.u,0.s)
Tactic call norm reif for CanonicalStructuresHOAS with big ran for 0.003 secs (0.003u,0.s)
Tactic call intros _ for CanonicalStructuresHOAS with big ran for 0. secs (0.u,0.s) (success)
Tactic call lazy beta iota for CanonicalStructuresHOAS with big ran for 0. secs (0.u,0.s) (success)
Tactic call reif for CanonicalStructuresHOAS with big ran for 0.003 secs (0.003u,0.s) (success)
Tactic call post for CanonicalStructuresHOAS with big ran for 0. secs (0.u,0.s) (success)
Params: n= 6
Tactic call cbv for CanonicalStructuresHOAS with big ran for 0. secs (0.u,0.s) (success)
Tactic call pre for CanonicalStructuresHOAS with big ran for 0. secs (0.u,0.s) (success)
Tactic call actual reif for CanonicalStructuresHOAS with big ran for 0.004 secs (0.001u,0.002s)
Tactic call eval lazy for CanonicalStructuresHOAS with big ran for 0. secs (0.u,0.s)
Tactic call postprocess for CanonicalStructuresHOAS with big ran for 0. secs (0.u,0.s)
Tactic call norm reif for CanonicalStructuresHOAS with big ran for 0.004 secs (0.001u,0.002s)
Tactic call intros _ for CanonicalStructuresHOAS with big ran for 0. secs (0.u,0.s) (success)
Tactic call lazy beta iota for CanonicalStructuresHOAS with big ran for 0. secs (0.u,0.s) (success)
Tactic call reif for CanonicalStructuresHOAS with big ran for 0.005 secs (0.002u,0.002s) (success)
Tactic call post for CanonicalStructuresHOAS with big ran for 0. secs (0.u,0.s) (success)
Params: n= 7
Tactic call cbv for CanonicalStructuresHOAS with big ran for 0. secs (0.u,0.s) (success)
Tactic call pre for CanonicalStructuresHOAS with big ran for 0. secs (0.u,0.s) (success)
Tactic call actual reif for CanonicalStructuresHOAS with big ran for 0.005 secs (0.005u,0.s)
Tactic call eval lazy for CanonicalStructuresHOAS with big ran for 0. secs (0.u,0.s)
Tactic call postprocess for CanonicalStructuresHOAS with big ran for 0. secs (0.u,0.s)
Tactic call norm reif for CanonicalStructuresHOAS with big ran for 0.006 secs (0.006u,0.s)
Tactic call intros _ for CanonicalStructuresHOAS with big ran for 0. secs (0.u,0.s) (success)
Tactic call lazy beta iota for CanonicalStructuresHOAS with big ran for 0. secs (0.u,0.s) (success)
Tactic call reif for CanonicalStructuresHOAS with big ran for 0.006 secs (0.006u,0.s) (success)
Tactic call post for CanonicalStructuresHOAS with big ran for 0. secs (0.u,0.s) (success)
Params: n= 8
Tactic call cbv for CanonicalStructuresHOAS with big ran for 0. secs (0.u,0.s) (success)
Tactic call pre for CanonicalStructuresHOAS with big ran for 0. secs (0.u,0.s) (success)
Tactic call actual reif for CanonicalStructuresHOAS with big ran for 0.007 secs (0.007u,0.s)
Tactic call eval lazy for CanonicalStructuresHOAS with big ran for 0. secs (0.u,0.s)
Tactic call postprocess for CanonicalStructuresHOAS with big ran for 0. secs (0.u,0.s)
Tactic call norm reif for CanonicalStructuresHOAS with big ran for 0.007 secs (0.007u,0.s)
Tactic call intros _ for CanonicalStructuresHOAS with big ran for 0. secs (0.u,0.s) (success)
Tactic call lazy beta iota for CanonicalStructuresHOAS with big ran for 0. secs (0.u,0.s) (success)
Tactic call reif for CanonicalStructuresHOAS with big ran for 0.007 secs (0.007u,0.s) (success)
Tactic call post for CanonicalStructuresHOAS with big ran for 0. secs (0.u,0.s) (success)
Params: n= 9
Tactic call cbv for CanonicalStructuresHOAS with big ran for 0. secs (0.u,0.s) (success)
Tactic call pre for CanonicalStructuresHOAS with big ran for 0. secs (0.u,0.s) (success)
Tactic call actual reif for CanonicalStructuresHOAS with big ran for 0.048 secs (0.04u,0.008s)
Tactic call eval lazy for CanonicalStructuresHOAS with big ran for 0. secs (0.u,0.s)
Tactic call postprocess for CanonicalStructuresHOAS with big ran for 0. secs (0.u,0.s)
Tactic call norm reif for CanonicalStructuresHOAS with big ran for 0.049 secs (0.04u,0.008s)
Tactic call intros _ for CanonicalStructuresHOAS with big ran for 0. secs (0.u,0.s) (success)
Tactic call lazy beta iota for CanonicalStructuresHOAS with big ran for 0. secs (0.u,0.s) (success)
Tactic call reif for CanonicalStructuresHOAS with big ran for 0.049 secs (0.04u,0.008s) (success)
Tactic call post for CanonicalStructuresHOAS with big ran for 0. secs (0.u,0.s) (success)
Params: n= 10
Tactic call cbv for CanonicalStructuresHOAS with big ran for 0. secs (0.u,0.s) (success)
Tactic call pre for CanonicalStructuresHOAS with big ran for 0. secs (0.u,0.s) (success)
Tactic call actual reif for CanonicalStructuresHOAS with big ran for 0.008 secs (0.008u,0.s)
Tactic call eval lazy for CanonicalStructuresHOAS with big ran for 0. secs (0.u,0.s)
Tactic call postprocess for CanonicalStructuresHOAS with big ran for 0. secs (0.u,0.s)
Tactic call norm reif for CanonicalStructuresHOAS with big ran for 0.009 secs (0.009u,0.s)
Tactic call intros _ for CanonicalStructuresHOAS with big ran for 0. secs (0.u,0.s) (success)
Tactic call lazy beta iota for CanonicalStructuresHOAS with big ran for 0. secs (0.u,0.s) (success)
Tactic call reif for CanonicalStructuresHOAS with big ran for 0.009 secs (0.009u,0.s) (success)
Tactic call post for CanonicalStructuresHOAS with big ran for 0. secs (0.u,0.s) (success)
Params: n= 11
Tactic call cbv for CanonicalStructuresHOAS with big ran for 0. secs (0.u,0.s) (success)
Tactic call pre for CanonicalStructuresHOAS with big ran for 0. secs (0.u,0.s) (success)
Tactic call actual reif for CanonicalStructuresHOAS with big ran for 0.01 secs (0.01u,0.s)
Tactic call eval lazy for CanonicalStructuresHOAS with big ran for 0. secs (0.u,0.s)
Tactic call postprocess for CanonicalStructuresHOAS with big ran for 0. secs (0.u,0.s)
Tactic call norm reif for CanonicalStructuresHOAS with big ran for 0.01 secs (0.01u,0.s)
Tactic call intros _ for CanonicalStructuresHOAS with big ran for 0. secs (0.u,0.s) (success)
Tactic call lazy beta iota for CanonicalStructuresHOAS with big ran for 0. secs (0.u,0.s) (success)
Tactic call reif for CanonicalStructuresHOAS with big ran for 0.01 secs (0.01u,0.s) (success)
Tactic call post for CanonicalStructuresHOAS with big ran for 0. secs (0.u,0.s) (success)
Params: n= 12
Tactic call cbv for CanonicalStructuresHOAS with big ran for 0. secs (0.u,0.s) (success)
Tactic call pre for CanonicalStructuresHOAS with big ran for 0. secs (0.u,0.s) (success)
Tactic call actual reif for CanonicalStructuresHOAS with big ran for 0.012 secs (0.012u,0.s)
Tactic call eval lazy for CanonicalStructuresHOAS with big ran for 0. secs (0.u,0.s)
Tactic call postprocess for CanonicalStructuresHOAS with big ran for 0. secs (0.u,0.s)
Tactic call norm reif for CanonicalStructuresHOAS with big ran for 0.013 secs (0.013u,0.s)
Tactic call intros _ for CanonicalStructuresHOAS with big ran for 0. secs (0.u,0.s) (success)
Tactic call lazy beta iota for CanonicalStructuresHOAS with big ran for 0. secs (0.u,0.s) (success)
Tactic call reif for CanonicalStructuresHOAS with big ran for 0.013 secs (0.013u,0.s) (success)
Tactic call post for CanonicalStructuresHOAS with big ran for 0. secs (0.u,0.s) (success)
Params: n= 13
Tactic call cbv for CanonicalStructuresHOAS with big ran for 0. secs (0.u,0.s) (success)
Tactic call pre for CanonicalStructuresHOAS with big ran for 0.014 secs (0.014u,0.s) (success)
Tactic call actual reif for CanonicalStructuresHOAS with big ran for 0.014 secs (0.014u,0.s)
Tactic call eval lazy for CanonicalStructuresHOAS with big ran for 0. secs (0.u,0.s)
Tactic call postprocess for CanonicalStructuresHOAS with big ran for 0. secs (0.u,0.s)
Tactic call norm reif for CanonicalStructuresHOAS with big ran for 0.015 secs (0.015u,0.s)
Tactic call intros _ for CanonicalStructuresHOAS with big ran for 0. secs (0.u,0.s) (success)
Tactic call lazy beta iota for CanonicalStructuresHOAS with big ran for 0. secs (0.u,0.s) (success)
Tactic call reif for CanonicalStructuresHOAS with big ran for 0.015 secs (0.015u,0.s) (success)
Tactic call post for CanonicalStructuresHOAS with big ran for 0. secs (0.u,0.s) (success)
Params: n= 14
Tactic call cbv for CanonicalStructuresHOAS with big ran for 0. secs (0.u,0.s) (success)
Tactic call pre for CanonicalStructuresHOAS with big ran for 0. secs (0.u,0.s) (success)
Tactic call actual reif for CanonicalStructuresHOAS with big ran for 0.017 secs (0.017u,0.s)
Tactic call eval lazy for CanonicalStructuresHOAS with big ran for 0. secs (0.u,0.s)
Tactic call postprocess for CanonicalStructuresHOAS with big ran for 0. secs (0.u,0.s)
Tactic call norm reif for CanonicalStructuresHOAS with big ran for 0.017 secs (0.017u,0.s)
Tactic call intros _ for CanonicalStructuresHOAS with big ran for 0. secs (0.u,0.s) (success)
Tactic call lazy beta iota for CanonicalStructuresHOAS with big ran for 0. secs (0.u,0.s) (success)
Tactic call reif for CanonicalStructuresHOAS with big ran for 0.017 secs (0.017u,0.s) (success)
Tactic call post for CanonicalStructuresHOAS with big ran for 0. secs (0.u,0.s) (success)
Params: n= 15
Tactic call cbv for CanonicalStructuresHOAS with big ran for 0. secs (0.u,0.s) (success)
Tactic call pre for CanonicalStructuresHOAS with big ran for 0. secs (0.u,0.s) (success)
Tactic call actual reif for CanonicalStructuresHOAS with big ran for 0.02 secs (0.02u,0.s)
Tactic call eval lazy for CanonicalStructuresHOAS with big ran for 0. secs (0.u,0.s)
Tactic call postprocess for CanonicalStructuresHOAS with big ran for 0. secs (0.u,0.s)
Tactic call norm reif for CanonicalStructuresHOAS with big ran for 0.02 secs (0.02u,0.s)
Tactic call intros _ for CanonicalStructuresHOAS with big ran for 0. secs (0.u,0.s) (success)
Tactic call lazy beta iota for CanonicalStructuresHOAS with big ran for 0. secs (0.u,0.s) (success)
Tactic call reif for CanonicalStructuresHOAS with big ran for 0.021 secs (0.021u,0.s) (success)
Tactic call post for CanonicalStructuresHOAS with big ran for 0. secs (0.u,0.s) (success)
Params: n= 16
Tactic call cbv for CanonicalStructuresHOAS with big ran for 0. secs (0.u,0.s) (success)
Tactic call pre for CanonicalStructuresHOAS with big ran for 0. secs (0.u,0.s) (success)
Tactic call actual reif for CanonicalStructuresHOAS with big ran for 0.023 secs (0.023u,0.s)
Tactic call eval lazy for CanonicalStructuresHOAS with big ran for 0. secs (0.u,0.s)
Tactic call postprocess for CanonicalStructuresHOAS with big ran for 0. secs (0.u,0.s)
Tactic call norm reif for CanonicalStructuresHOAS with big ran for 0.023 secs (0.023u,0.s)
Tactic call intros _ for CanonicalStructuresHOAS with big ran for 0. secs (0.u,0.s) (success)
Tactic call lazy beta iota for CanonicalStructuresHOAS with big ran for 0. secs (0.u,0.s) (success)
Tactic call reif for CanonicalStructuresHOAS with big ran for 0.023 secs (0.023u,0.s) (success)
Tactic call post for CanonicalStructuresHOAS with big ran for 0. secs (0.u,0.s) (success)
Params: n= 17
Tactic call cbv for CanonicalStructuresHOAS with big ran for 0. secs (0.u,0.s) (success)
Tactic call pre for CanonicalStructuresHOAS with big ran for 0. secs (0.u,0.s) (success)
Tactic call actual reif for CanonicalStructuresHOAS with big ran for 0.026 secs (0.026u,0.s)
Tactic call eval lazy for CanonicalStructuresHOAS with big ran for 0. secs (0.u,0.s)
Tactic call postprocess for CanonicalStructuresHOAS with big ran for 0. secs (0.u,0.s)
Tactic call norm reif for CanonicalStructuresHOAS with big ran for 0.026 secs (0.026u,0.s)
Tactic call intros _ for CanonicalStructuresHOAS with big ran for 0. secs (0.u,0.s) (success)
Tactic call lazy beta iota for CanonicalStructuresHOAS with big ran for 0. secs (0.u,0.s) (success)
Tactic call reif for CanonicalStructuresHOAS with big ran for 0.026 secs (0.026u,0.s) (success)
Tactic call post for CanonicalStructuresHOAS with big ran for 0. secs (0.u,0.s) (success)
Params: n= 18
Tactic call cbv for CanonicalStructuresHOAS with big ran for 0. secs (0.u,0.s) (success)
Tactic call pre for CanonicalStructuresHOAS with big ran for 0. secs (0.u,0.s) (success)
Tactic call actual reif for CanonicalStructuresHOAS with big ran for 0.03 secs (0.03u,0.s)
Tactic call eval lazy for CanonicalStructuresHOAS with big ran for 0. secs (0.u,0.s)
Tactic call postprocess for CanonicalStructuresHOAS with big ran for 0. secs (0.u,0.s)
Tactic call norm reif for CanonicalStructuresHOAS with big ran for 0.03 secs (0.03u,0.s)
Tactic call intros _ for CanonicalStructuresHOAS with big ran for 0. secs (0.u,0.s) (success)
Tactic call lazy beta iota for CanonicalStructuresHOAS with big ran for 0. secs (0.u,0.s) (success)
Tactic call reif for CanonicalStructuresHOAS with big ran for 0.031 secs (0.031u,0.s) (success)
Tactic call post for CanonicalStructuresHOAS with big ran for 0. secs (0.u,0.s) (success)
Params: n= 19
Tactic call cbv for CanonicalStructuresHOAS with big ran for 0. secs (0.u,0.s) (success)
Tactic call pre for CanonicalStructuresHOAS with big ran for 0. secs (0.u,0.s) (success)
Tactic call actual reif for CanonicalStructuresHOAS with big ran for 0.038 secs (0.038u,0.s)
Tactic call eval lazy for CanonicalStructuresHOAS with big ran for 0. secs (0.u,0.s)
Tactic call postprocess for CanonicalStructuresHOAS with big ran for 0. secs (0.u,0.s)
Tactic call norm reif for CanonicalStructuresHOAS with big ran for 0.039 secs (0.039u,0.s)
Tactic call intros _ for CanonicalStructuresHOAS with big ran for 0. secs (0.u,0.s) (success)
Tactic call lazy beta iota for CanonicalStructuresHOAS with big ran for 0. secs (0.u,0.s) (success)
Tactic call reif for CanonicalStructuresHOAS with big ran for 0.039 secs (0.039u,0.s) (success)
Tactic call post for CanonicalStructuresHOAS with big ran for 0. secs (0.u,0.s) (success)
Params: n= 20
Tactic call cbv for CanonicalStructuresHOAS with big ran for 0. secs (0.u,0.s) (success)
Tactic call pre for CanonicalStructuresHOAS with big ran for 0. secs (0.u,0.s) (success)
Tactic call actual reif for CanonicalStructuresHOAS with big ran for 0.038 secs (0.038u,0.s)
Tactic call eval lazy for CanonicalStructuresHOAS with big ran for 0. secs (0.u,0.s)
Tactic call postprocess for CanonicalStructuresHOAS with big ran for 0. secs (0.u,0.s)
Tactic call norm reif for CanonicalStructuresHOAS with big ran for 0.039 secs (0.039u,0.s)
Tactic call intros _ for CanonicalStructuresHOAS with big ran for 0. secs (0.u,0.s) (success)
Tactic call lazy beta iota for CanonicalStructuresHOAS with big ran for 0. secs (0.u,0.s) (success)
Tactic call reif for CanonicalStructuresHOAS with big ran for 0.039 secs (0.039u,0.s) (success)
Tactic call post for CanonicalStructuresHOAS with big ran for 0. secs (0.u,0.s) (success)
Params: n= 21
Tactic call cbv for CanonicalStructuresHOAS with big ran for 0. secs (0.u,0.s) (success)
Tactic call pre for CanonicalStructuresHOAS with big ran for 0. secs (0.u,0.s) (success)
Tactic call actual reif for CanonicalStructuresHOAS with big ran for 0.043 secs (0.043u,0.s)
Tactic call eval lazy for CanonicalStructuresHOAS with big ran for 0. secs (0.u,0.s)
Tactic call postprocess for CanonicalStructuresHOAS with big ran for 0. secs (0.u,0.s)
Tactic call norm reif for CanonicalStructuresHOAS with big ran for 0.044 secs (0.044u,0.s)
Tactic call intros _ for CanonicalStructuresHOAS with big ran for 0. secs (0.u,0.s) (success)
Tactic call lazy beta iota for CanonicalStructuresHOAS with big ran for 0. secs (0.u,0.s) (success)
Tactic call reif for CanonicalStructuresHOAS with big ran for 0.044 secs (0.044u,0.s) (success)
Tactic call post for CanonicalStructuresHOAS with big ran for 0. secs (0.u,0.s) (success)
Params: n= 22
Tactic call cbv for CanonicalStructuresHOAS with big ran for 0. secs (0.u,0.s) (success)
Tactic call pre for CanonicalStructuresHOAS with big ran for 0. secs (0.u,0.s) (success)
Tactic call actual reif for CanonicalStructuresHOAS with big ran for 0.05 secs (0.05u,0.s)
Tactic call eval lazy for CanonicalStructuresHOAS with big ran for 0. secs (0.u,0.s)
Tactic call postprocess for CanonicalStructuresHOAS with big ran for 0. secs (0.u,0.s)
Tactic call norm reif for CanonicalStructuresHOAS with big ran for 0.051 secs (0.051u,0.s)
Tactic call intros _ for CanonicalStructuresHOAS with big ran for 0. secs (0.u,0.s) (success)
Tactic call lazy beta iota for CanonicalStructuresHOAS with big ran for 0. secs (0.u,0.s) (success)
Tactic call reif for CanonicalStructuresHOAS with big ran for 0.051 secs (0.051u,0.s) (success)
Tactic call post for CanonicalStructuresHOAS with big ran for 0. secs (0.u,0.s) (success)
Params: n= 23
Tactic call cbv for CanonicalStructuresHOAS with big ran for 0. secs (0.u,0.s) (success)
Tactic call pre for CanonicalStructuresHOAS with big ran for 0. secs (0.u,0.s) (success)
Tactic call actual reif for CanonicalStructuresHOAS with big ran for 0.057 secs (0.057u,0.s)
Tactic call eval lazy for CanonicalStructuresHOAS with big ran for 0. secs (0.u,0.s)
Tactic call postprocess for CanonicalStructuresHOAS with big ran for 0. secs (0.u,0.s)
Tactic call norm reif for CanonicalStructuresHOAS with big ran for 0.058 secs (0.058u,0.s)
Tactic call intros _ for CanonicalStructuresHOAS with big ran for 0. secs (0.u,0.s) (success)
Tactic call lazy beta iota for CanonicalStructuresHOAS with big ran for 0. secs (0.u,0.s) (success)
Tactic call reif for CanonicalStructuresHOAS with big ran for 0.058 secs (0.058u,0.s) (success)
Tactic call post for CanonicalStructuresHOAS with big ran for 0. secs (0.u,0.s) (success)
Params: n= 24
Tactic call cbv for CanonicalStructuresHOAS with big ran for 0. secs (0.u,0.s) (success)
Tactic call pre for CanonicalStructuresHOAS with big ran for 0. secs (0.u,0.s) (success)
Tactic call actual reif for CanonicalStructuresHOAS with big ran for 0.121 secs (0.121u,0.s)
Tactic call eval lazy for CanonicalStructuresHOAS with big ran for 0. secs (0.u,0.s)
Tactic call postprocess for CanonicalStructuresHOAS with big ran for 0. secs (0.u,0.s)
Tactic call norm reif for CanonicalStructuresHOAS with big ran for 0.121 secs (0.121u,0.s)
Tactic call intros _ for CanonicalStructuresHOAS with big ran for 0. secs (0.u,0.s) (success)
Tactic call lazy beta iota for CanonicalStructuresHOAS with big ran for 0. secs (0.u,0.s) (success)
Tactic call reif for CanonicalStructuresHOAS with big ran for 0.121 secs (0.121u,0.s) (success)
Tactic call post for CanonicalStructuresHOAS with big ran for 0. secs (0.u,0.s) (success)
Params: n= 25
Tactic call cbv for CanonicalStructuresHOAS with big ran for 0. secs (0.u,0.s) (success)
Tactic call pre for CanonicalStructuresHOAS with big ran for 0. secs (0.u,0.s) (success)
Tactic call actual reif for CanonicalStructuresHOAS with big ran for 0.07 secs (0.07u,0.s)
Tactic call eval lazy for CanonicalStructuresHOAS with big ran for 0. secs (0.u,0.s)
Tactic call postprocess for CanonicalStructuresHOAS with big ran for 0. secs (0.u,0.s)
Tactic call norm reif for CanonicalStructuresHOAS with big ran for 0.07 secs (0.07u,0.s)
Tactic call intros _ for CanonicalStructuresHOAS with big ran for 0. secs (0.u,0.s) (success)
Tactic call lazy beta iota for CanonicalStructuresHOAS with big ran for 0. secs (0.u,0.s) (success)
Tactic call reif for CanonicalStructuresHOAS with big ran for 0.07 secs (0.07u,0.s) (success)
Tactic call post for CanonicalStructuresHOAS with big ran for 0. secs (0.u,0.s) (success)
Params: n= 26
Tactic call cbv for CanonicalStructuresHOAS with big ran for 0. secs (0.u,0.s) (success)
Tactic call pre for CanonicalStructuresHOAS with big ran for 0.03 secs (0.03u,0.s) (success)
Tactic call actual reif for CanonicalStructuresHOAS with big ran for 0.078 secs (0.078u,0.s)
Tactic call eval lazy for CanonicalStructuresHOAS with big ran for 0. secs (0.u,0.s)
Tactic call postprocess for CanonicalStructuresHOAS with big ran for 0. secs (0.u,0.s)
Tactic call norm reif for CanonicalStructuresHOAS with big ran for 0.078 secs (0.078u,0.s)
Tactic call intros _ for CanonicalStructuresHOAS with big ran for 0. secs (0.u,0.s) (success)
Tactic call lazy beta iota for CanonicalStructuresHOAS with big ran for 0. secs (0.u,0.s) (success)
Tactic call reif for CanonicalStructuresHOAS with big ran for 0.078 secs (0.078u,0.s) (success)
Tactic call post for CanonicalStructuresHOAS with big ran for 0. secs (0.u,0.s) (success)
Params: n= 27
Tactic call cbv for CanonicalStructuresHOAS with big ran for 0. secs (0.u,0.s) (success)
Tactic call pre for CanonicalStructuresHOAS with big ran for 0. secs (0.u,0.s) (success)
Tactic call actual reif for CanonicalStructuresHOAS with big ran for 0.097 secs (0.097u,0.s)
Tactic call eval lazy for CanonicalStructuresHOAS with big ran for 0. secs (0.u,0.s)
Tactic call postprocess for CanonicalStructuresHOAS with big ran for 0. secs (0.u,0.s)
Tactic call norm reif for CanonicalStructuresHOAS with big ran for 0.097 secs (0.097u,0.s)
Tactic call intros _ for CanonicalStructuresHOAS with big ran for 0. secs (0.u,0.s) (success)
Tactic call lazy beta iota for CanonicalStructuresHOAS with big ran for 0. secs (0.u,0.s) (success)
Tactic call reif for CanonicalStructuresHOAS with big ran for 0.097 secs (0.097u,0.s) (success)
Tactic call post for CanonicalStructuresHOAS with big ran for 0. secs (0.u,0.s) (success)
Params: n= 28
Tactic call cbv for CanonicalStructuresHOAS with big ran for 0. secs (0.u,0.s) (success)
Tactic call pre for CanonicalStructuresHOAS with big ran for 0. secs (0.u,0.s) (success)
Tactic call actual reif for CanonicalStructuresHOAS with big ran for 0.091 secs (0.091u,0.s)
Tactic call eval lazy for CanonicalStructuresHOAS with big ran for 0. secs (0.u,0.s)
Tactic call postprocess for CanonicalStructuresHOAS with big ran for 0. secs (0.u,0.s)
Tactic call norm reif for CanonicalStructuresHOAS with big ran for 0.092 secs (0.092u,0.s)
Tactic call intros _ for CanonicalStructuresHOAS with big ran for 0. secs (0.u,0.s) (success)
Tactic call lazy beta iota for CanonicalStructuresHOAS with big ran for 0. secs (0.u,0.s) (success)
Tactic call reif for CanonicalStructuresHOAS with big ran for 0.092 secs (0.092u,0.s) (success)
Tactic call post for CanonicalStructuresHOAS with big ran for 0. secs (0.u,0.s) (success)
Params: n= 29
Tactic call cbv for CanonicalStructuresHOAS with big ran for 0. secs (0.u,0.s) (success)
Tactic call pre for CanonicalStructuresHOAS with big ran for 0. secs (0.u,0.s) (success)
Tactic call actual reif for CanonicalStructuresHOAS with big ran for 0.103 secs (0.103u,0.s)
Tactic call eval lazy for CanonicalStructuresHOAS with big ran for 0. secs (0.u,0.s)
Tactic call postprocess for CanonicalStructuresHOAS with big ran for 0. secs (0.u,0.s)
Tactic call norm reif for CanonicalStructuresHOAS with big ran for 0.103 secs (0.103u,0.s)
Tactic call intros _ for CanonicalStructuresHOAS with big ran for 0. secs (0.u,0.s) (success)
Tactic call lazy beta iota for CanonicalStructuresHOAS with big ran for 0. secs (0.u,0.s) (success)
Tactic call reif for CanonicalStructuresHOAS with big ran for 0.103 secs (0.103u,0.s) (success)
Tactic call post for CanonicalStructuresHOAS with big ran for 0. secs (0.u,0.s) (success)
Params: n= 30
Tactic call cbv for CanonicalStructuresHOAS with big ran for 0. secs (0.u,0.s) (success)
Tactic call pre for CanonicalStructuresHOAS with big ran for 0.001 secs (0.001u,0.s) (success)
Tactic call actual reif for CanonicalStructuresHOAS with big ran for 0.117 secs (0.117u,0.s)
Tactic call eval lazy for CanonicalStructuresHOAS with big ran for 0. secs (0.u,0.s)
Tactic call postprocess for CanonicalStructuresHOAS with big ran for 0. secs (0.u,0.s)
Tactic call norm reif for CanonicalStructuresHOAS with big ran for 0.118 secs (0.118u,0.s)
Tactic call intros _ for CanonicalStructuresHOAS with big ran for 0. secs (0.u,0.s) (success)
Tactic call lazy beta iota for CanonicalStructuresHOAS with big ran for 0. secs (0.u,0.s) (success)
Tactic call reif for CanonicalStructuresHOAS with big ran for 0.118 secs (0.118u,0.s) (success)
Tactic call post for CanonicalStructuresHOAS with big ran for 0. secs (0.u,0.s) (success)
