Params: n= 5
Tactic call cbv for CanonicalStructuresPHOAS with big ran for 0. secs (0.u,0.s) (success)
Tactic call pre for CanonicalStructuresPHOAS with big ran for 0. secs (0.u,0.s) (success)
Tactic call actual reif for CanonicalStructuresPHOAS with big ran for 0.004 secs (0.004u,0.s)
Tactic call eval lazy for CanonicalStructuresPHOAS with big ran for 0. secs (0.u,0.s)
Tactic call postprocess for CanonicalStructuresPHOAS with big ran for 0. secs (0.u,0.s)
Tactic call norm reif for CanonicalStructuresPHOAS with big ran for 0.004 secs (0.004u,0.s)
Tactic call intros _ for CanonicalStructuresPHOAS with big ran for 0. secs (0.u,0.s) (success)
Tactic call lazy beta iota for CanonicalStructuresPHOAS with big ran for 0. secs (0.u,0.s) (success)
Tactic call reif for CanonicalStructuresPHOAS with big ran for 0.004 secs (0.004u,0.s) (success)
Tactic call post for CanonicalStructuresPHOAS with big ran for 0. secs (0.u,0.s) (success)
Params: n= 6
Tactic call cbv for CanonicalStructuresPHOAS with big ran for 0. secs (0.u,0.s) (success)
Tactic call pre for CanonicalStructuresPHOAS with big ran for 0. secs (0.u,0.s) (success)
Tactic call actual reif for CanonicalStructuresPHOAS with big ran for 0.006 secs (0.003u,0.002s)
Tactic call eval lazy for CanonicalStructuresPHOAS with big ran for 0. secs (0.u,0.s)
Tactic call postprocess for CanonicalStructuresPHOAS with big ran for 0. secs (0.u,0.s)
Tactic call norm reif for CanonicalStructuresPHOAS with big ran for 0.006 secs (0.003u,0.002s)
Tactic call intros _ for CanonicalStructuresPHOAS with big ran for 0. secs (0.u,0.s) (success)
Tactic call lazy beta iota for CanonicalStructuresPHOAS with big ran for 0. secs (0.u,0.s) (success)
Tactic call reif for CanonicalStructuresPHOAS with big ran for 0.006 secs (0.003u,0.003s) (success)
Tactic call post for CanonicalStructuresPHOAS with big ran for 0. secs (0.u,0.s) (success)
Params: n= 7
Tactic call cbv for CanonicalStructuresPHOAS with big ran for 0. secs (0.u,0.s) (success)
Tactic call pre for CanonicalStructuresPHOAS with big ran for 0. secs (0.u,0.s) (success)
Tactic call actual reif for CanonicalStructuresPHOAS with big ran for 0.008 secs (0.004u,0.004s)
Tactic call eval lazy for CanonicalStructuresPHOAS with big ran for 0. secs (0.u,0.s)
Tactic call postprocess for CanonicalStructuresPHOAS with big ran for 0. secs (0.u,0.s)
Tactic call norm reif for CanonicalStructuresPHOAS with big ran for 0.008 secs (0.004u,0.004s)
Tactic call intros _ for CanonicalStructuresPHOAS with big ran for 0. secs (0.u,0.s) (success)
Tactic call lazy beta iota for CanonicalStructuresPHOAS with big ran for 0. secs (0.u,0.s) (success)
Tactic call reif for CanonicalStructuresPHOAS with big ran for 0.008 secs (0.004u,0.004s) (success)
Tactic call post for CanonicalStructuresPHOAS with big ran for 0. secs (0.u,0.s) (success)
Params: n= 8
Tactic call cbv for CanonicalStructuresPHOAS with big ran for 0. secs (0.u,0.s) (success)
Tactic call pre for CanonicalStructuresPHOAS with big ran for 0. secs (0.u,0.s) (success)
Tactic call actual reif for CanonicalStructuresPHOAS with big ran for 0.051 secs (0.037u,0.014s)
Tactic call eval lazy for CanonicalStructuresPHOAS with big ran for 0. secs (0.u,0.s)
Tactic call postprocess for CanonicalStructuresPHOAS with big ran for 0. secs (0.u,0.s)
Tactic call norm reif for CanonicalStructuresPHOAS with big ran for 0.052 secs (0.037u,0.014s)
Tactic call intros _ for CanonicalStructuresPHOAS with big ran for 0. secs (0.u,0.s) (success)
Tactic call lazy beta iota for CanonicalStructuresPHOAS with big ran for 0. secs (0.u,0.s) (success)
Tactic call reif for CanonicalStructuresPHOAS with big ran for 0.052 secs (0.037u,0.014s) (success)
Tactic call post for CanonicalStructuresPHOAS with big ran for 0. secs (0.u,0.s) (success)
Params: n= 9
Tactic call cbv for CanonicalStructuresPHOAS with big ran for 0. secs (0.u,0.s) (success)
Tactic call pre for CanonicalStructuresPHOAS with big ran for 0. secs (0.u,0.s) (success)
Tactic call actual reif for CanonicalStructuresPHOAS with big ran for 0.01 secs (0.01u,0.s)
Tactic call eval lazy for CanonicalStructuresPHOAS with big ran for 0. secs (0.u,0.s)
Tactic call postprocess for CanonicalStructuresPHOAS with big ran for 0. secs (0.u,0.s)
Tactic call norm reif for CanonicalStructuresPHOAS with big ran for 0.011 secs (0.011u,0.s)
Tactic call intros _ for CanonicalStructuresPHOAS with big ran for 0. secs (0.u,0.s) (success)
Tactic call lazy beta iota for CanonicalStructuresPHOAS with big ran for 0. secs (0.u,0.s) (success)
Tactic call reif for CanonicalStructuresPHOAS with big ran for 0.011 secs (0.011u,0.s) (success)
Tactic call post for CanonicalStructuresPHOAS with big ran for 0. secs (0.u,0.s) (success)
Params: n= 10
Tactic call cbv for CanonicalStructuresPHOAS with big ran for 0. secs (0.u,0.s) (success)
Tactic call pre for CanonicalStructuresPHOAS with big ran for 0. secs (0.u,0.s) (success)
Tactic call actual reif for CanonicalStructuresPHOAS with big ran for 0.013 secs (0.013u,0.s)
Tactic call eval lazy for CanonicalStructuresPHOAS with big ran for 0. secs (0.u,0.s)
Tactic call postprocess for CanonicalStructuresPHOAS with big ran for 0. secs (0.u,0.s)
Tactic call norm reif for CanonicalStructuresPHOAS with big ran for 0.014 secs (0.014u,0.s)
Tactic call intros _ for CanonicalStructuresPHOAS with big ran for 0. secs (0.u,0.s) (success)
Tactic call lazy beta iota for CanonicalStructuresPHOAS with big ran for 0. secs (0.u,0.s) (success)
Tactic call reif for CanonicalStructuresPHOAS with big ran for 0.014 secs (0.014u,0.s) (success)
Tactic call post for CanonicalStructuresPHOAS with big ran for 0. secs (0.u,0.s) (success)
Params: n= 11
Tactic call cbv for CanonicalStructuresPHOAS with big ran for 0. secs (0.u,0.s) (success)
Tactic call pre for CanonicalStructuresPHOAS with big ran for 0. secs (0.u,0.s) (success)
Tactic call actual reif for CanonicalStructuresPHOAS with big ran for 0.031 secs (0.031u,0.s)
Tactic call eval lazy for CanonicalStructuresPHOAS with big ran for 0. secs (0.u,0.s)
Tactic call postprocess for CanonicalStructuresPHOAS with big ran for 0. secs (0.u,0.s)
Tactic call norm reif for CanonicalStructuresPHOAS with big ran for 0.032 secs (0.032u,0.s)
Tactic call intros _ for CanonicalStructuresPHOAS with big ran for 0. secs (0.u,0.s) (success)
Tactic call lazy beta iota for CanonicalStructuresPHOAS with big ran for 0. secs (0.u,0.s) (success)
Tactic call reif for CanonicalStructuresPHOAS with big ran for 0.032 secs (0.032u,0.s) (success)
Tactic call post for CanonicalStructuresPHOAS with big ran for 0. secs (0.u,0.s) (success)
Params: n= 12
Tactic call cbv for CanonicalStructuresPHOAS with big ran for 0. secs (0.u,0.s) (success)
Tactic call pre for CanonicalStructuresPHOAS with big ran for 0. secs (0.u,0.s) (success)
Tactic call actual reif for CanonicalStructuresPHOAS with big ran for 0.022 secs (0.022u,0.s)
Tactic call eval lazy for CanonicalStructuresPHOAS with big ran for 0. secs (0.u,0.s)
Tactic call postprocess for CanonicalStructuresPHOAS with big ran for 0. secs (0.u,0.s)
Tactic call norm reif for CanonicalStructuresPHOAS with big ran for 0.022 secs (0.022u,0.s)
Tactic call intros _ for CanonicalStructuresPHOAS with big ran for 0. secs (0.u,0.s) (success)
Tactic call lazy beta iota for CanonicalStructuresPHOAS with big ran for 0. secs (0.u,0.s) (success)
Tactic call reif for CanonicalStructuresPHOAS with big ran for 0.023 secs (0.023u,0.s) (success)
Tactic call post for CanonicalStructuresPHOAS with big ran for 0. secs (0.u,0.s) (success)
Params: n= 13
Tactic call cbv for CanonicalStructuresPHOAS with big ran for 0. secs (0.u,0.s) (success)
Tactic call pre for CanonicalStructuresPHOAS with big ran for 0. secs (0.u,0.s) (success)
Tactic call actual reif for CanonicalStructuresPHOAS with big ran for 0.026 secs (0.026u,0.s)
Tactic call eval lazy for CanonicalStructuresPHOAS with big ran for 0. secs (0.u,0.s)
Tactic call postprocess for CanonicalStructuresPHOAS with big ran for 0. secs (0.u,0.s)
Tactic call norm reif for CanonicalStructuresPHOAS with big ran for 0.026 secs (0.026u,0.s)
Tactic call intros _ for CanonicalStructuresPHOAS with big ran for 0. secs (0.u,0.s) (success)
Tactic call lazy beta iota for CanonicalStructuresPHOAS with big ran for 0. secs (0.u,0.s) (success)
Tactic call reif for CanonicalStructuresPHOAS with big ran for 0.026 secs (0.026u,0.s) (success)
Tactic call post for CanonicalStructuresPHOAS with big ran for 0. secs (0.u,0.s) (success)
Params: n= 14
Tactic call cbv for CanonicalStructuresPHOAS with big ran for 0. secs (0.u,0.s) (success)
Tactic call pre for CanonicalStructuresPHOAS with big ran for 0. secs (0.u,0.s) (success)
Tactic call actual reif for CanonicalStructuresPHOAS with big ran for 0.032 secs (0.032u,0.s)
Tactic call eval lazy for CanonicalStructuresPHOAS with big ran for 0. secs (0.u,0.s)
Tactic call postprocess for CanonicalStructuresPHOAS with big ran for 0. secs (0.u,0.s)
Tactic call norm reif for CanonicalStructuresPHOAS with big ran for 0.032 secs (0.032u,0.s)
Tactic call intros _ for CanonicalStructuresPHOAS with big ran for 0. secs (0.u,0.s) (success)
Tactic call lazy beta iota for CanonicalStructuresPHOAS with big ran for 0. secs (0.u,0.s) (success)
Tactic call reif for CanonicalStructuresPHOAS with big ran for 0.033 secs (0.033u,0.s) (success)
Tactic call post for CanonicalStructuresPHOAS with big ran for 0. secs (0.u,0.s) (success)
Params: n= 15
Tactic call cbv for CanonicalStructuresPHOAS with big ran for 0. secs (0.u,0.s) (success)
Tactic call pre for CanonicalStructuresPHOAS with big ran for 0. secs (0.u,0.s) (success)
Tactic call actual reif for CanonicalStructuresPHOAS with big ran for 0.042 secs (0.042u,0.s)
Tactic call eval lazy for CanonicalStructuresPHOAS with big ran for 0. secs (0.u,0.s)
Tactic call postprocess for CanonicalStructuresPHOAS with big ran for 0. secs (0.u,0.s)
Tactic call norm reif for CanonicalStructuresPHOAS with big ran for 0.042 secs (0.042u,0.s)
Tactic call intros _ for CanonicalStructuresPHOAS with big ran for 0. secs (0.u,0.s) (success)
Tactic call lazy beta iota for CanonicalStructuresPHOAS with big ran for 0. secs (0.u,0.s) (success)
Tactic call reif for CanonicalStructuresPHOAS with big ran for 0.042 secs (0.042u,0.s) (success)
Tactic call post for CanonicalStructuresPHOAS with big ran for 0. secs (0.u,0.s) (success)
Params: n= 16
Tactic call cbv for CanonicalStructuresPHOAS with big ran for 0. secs (0.u,0.s) (success)
Tactic call pre for CanonicalStructuresPHOAS with big ran for 0. secs (0.u,0.s) (success)
Tactic call actual reif for CanonicalStructuresPHOAS with big ran for 0.045 secs (0.045u,0.s)
Tactic call eval lazy for CanonicalStructuresPHOAS with big ran for 0. secs (0.u,0.s)
Tactic call postprocess for CanonicalStructuresPHOAS with big ran for 0. secs (0.u,0.s)
Tactic call norm reif for CanonicalStructuresPHOAS with big ran for 0.045 secs (0.045u,0.s)
Tactic call intros _ for CanonicalStructuresPHOAS with big ran for 0. secs (0.u,0.s) (success)
Tactic call lazy beta iota for CanonicalStructuresPHOAS with big ran for 0. secs (0.u,0.s) (success)
Tactic call reif for CanonicalStructuresPHOAS with big ran for 0.046 secs (0.046u,0.s) (success)
Tactic call post for CanonicalStructuresPHOAS with big ran for 0. secs (0.u,0.s) (success)
Params: n= 17
Tactic call cbv for CanonicalStructuresPHOAS with big ran for 0. secs (0.u,0.s) (success)
Tactic call pre for CanonicalStructuresPHOAS with big ran for 0. secs (0.u,0.s) (success)
Tactic call actual reif for CanonicalStructuresPHOAS with big ran for 0.058 secs (0.058u,0.s)
Tactic call eval lazy for CanonicalStructuresPHOAS with big ran for 0. secs (0.u,0.s)
Tactic call postprocess for CanonicalStructuresPHOAS with big ran for 0. secs (0.u,0.s)
Tactic call norm reif for CanonicalStructuresPHOAS with big ran for 0.059 secs (0.059u,0.s)
Tactic call intros _ for CanonicalStructuresPHOAS with big ran for 0. secs (0.u,0.s) (success)
Tactic call lazy beta iota for CanonicalStructuresPHOAS with big ran for 0. secs (0.u,0.s) (success)
Tactic call reif for CanonicalStructuresPHOAS with big ran for 0.059 secs (0.059u,0.s) (success)
Tactic call post for CanonicalStructuresPHOAS with big ran for 0. secs (0.u,0.s) (success)
Params: n= 18
Tactic call cbv for CanonicalStructuresPHOAS with big ran for 0. secs (0.u,0.s) (success)
Tactic call pre for CanonicalStructuresPHOAS with big ran for 0. secs (0.u,0.s) (success)
Tactic call actual reif for CanonicalStructuresPHOAS with big ran for 0.121 secs (0.121u,0.s)
Tactic call eval lazy for CanonicalStructuresPHOAS with big ran for 0. secs (0.u,0.s)
Tactic call postprocess for CanonicalStructuresPHOAS with big ran for 0. secs (0.u,0.s)
Tactic call norm reif for CanonicalStructuresPHOAS with big ran for 0.122 secs (0.122u,0.s)
Tactic call intros _ for CanonicalStructuresPHOAS with big ran for 0. secs (0.u,0.s) (success)
Tactic call lazy beta iota for CanonicalStructuresPHOAS with big ran for 0. secs (0.u,0.s) (success)
Tactic call reif for CanonicalStructuresPHOAS with big ran for 0.122 secs (0.122u,0.s) (success)
Tactic call post for CanonicalStructuresPHOAS with big ran for 0. secs (0.u,0.s) (success)
Params: n= 19
Tactic call cbv for CanonicalStructuresPHOAS with big ran for 0. secs (0.u,0.s) (success)
Tactic call pre for CanonicalStructuresPHOAS with big ran for 0. secs (0.u,0.s) (success)
Tactic call actual reif for CanonicalStructuresPHOAS with big ran for 0.103 secs (0.103u,0.s)
Tactic call eval lazy for CanonicalStructuresPHOAS with big ran for 0. secs (0.u,0.s)
Tactic call postprocess for CanonicalStructuresPHOAS with big ran for 0. secs (0.u,0.s)
Tactic call norm reif for CanonicalStructuresPHOAS with big ran for 0.104 secs (0.104u,0.s)
Tactic call intros _ for CanonicalStructuresPHOAS with big ran for 0. secs (0.u,0.s) (success)
Tactic call lazy beta iota for CanonicalStructuresPHOAS with big ran for 0. secs (0.u,0.s) (success)
Tactic call reif for CanonicalStructuresPHOAS with big ran for 0.104 secs (0.104u,0.s) (success)
Tactic call post for CanonicalStructuresPHOAS with big ran for 0. secs (0.u,0.s) (success)
Params: n= 20
Tactic call cbv for CanonicalStructuresPHOAS with big ran for 0. secs (0.u,0.s) (success)
Tactic call pre for CanonicalStructuresPHOAS with big ran for 0. secs (0.u,0.s) (success)
Tactic call actual reif for CanonicalStructuresPHOAS with big ran for 0.092 secs (0.092u,0.s)
Tactic call eval lazy for CanonicalStructuresPHOAS with big ran for 0. secs (0.u,0.s)
Tactic call postprocess for CanonicalStructuresPHOAS with big ran for 0. secs (0.u,0.s)
Tactic call norm reif for CanonicalStructuresPHOAS with big ran for 0.093 secs (0.093u,0.s)
Tactic call intros _ for CanonicalStructuresPHOAS with big ran for 0. secs (0.u,0.s) (success)
Tactic call lazy beta iota for CanonicalStructuresPHOAS with big ran for 0. secs (0.u,0.s) (success)
Tactic call reif for CanonicalStructuresPHOAS with big ran for 0.093 secs (0.093u,0.s) (success)
Tactic call post for CanonicalStructuresPHOAS with big ran for 0. secs (0.u,0.s) (success)
Params: n= 21
Tactic call cbv for CanonicalStructuresPHOAS with big ran for 0. secs (0.u,0.s) (success)
Tactic call pre for CanonicalStructuresPHOAS with big ran for 0. secs (0.u,0.s) (success)
Tactic call actual reif for CanonicalStructuresPHOAS with big ran for 0.092 secs (0.092u,0.s)
Tactic call eval lazy for CanonicalStructuresPHOAS with big ran for 0. secs (0.u,0.s)
Tactic call postprocess for CanonicalStructuresPHOAS with big ran for 0. secs (0.u,0.s)
Tactic call norm reif for CanonicalStructuresPHOAS with big ran for 0.093 secs (0.093u,0.s)
Tactic call intros _ for CanonicalStructuresPHOAS with big ran for 0. secs (0.u,0.s) (success)
Tactic call lazy beta iota for CanonicalStructuresPHOAS with big ran for 0. secs (0.u,0.s) (success)
Tactic call reif for CanonicalStructuresPHOAS with big ran for 0.093 secs (0.093u,0.s) (success)
Tactic call post for CanonicalStructuresPHOAS with big ran for 0. secs (0.u,0.s) (success)
Params: n= 22
Tactic call cbv for CanonicalStructuresPHOAS with big ran for 0. secs (0.u,0.s) (success)
Tactic call pre for CanonicalStructuresPHOAS with big ran for 0. secs (0.u,0.s) (success)
Tactic call actual reif for CanonicalStructuresPHOAS with big ran for 0.114 secs (0.114u,0.s)
Tactic call eval lazy for CanonicalStructuresPHOAS with big ran for 0. secs (0.u,0.s)
Tactic call postprocess for CanonicalStructuresPHOAS with big ran for 0. secs (0.u,0.s)
Tactic call norm reif for CanonicalStructuresPHOAS with big ran for 0.115 secs (0.115u,0.s)
Tactic call intros _ for CanonicalStructuresPHOAS with big ran for 0. secs (0.u,0.s) (success)
Tactic call lazy beta iota for CanonicalStructuresPHOAS with big ran for 0. secs (0.u,0.s) (success)
Tactic call reif for CanonicalStructuresPHOAS with big ran for 0.115 secs (0.115u,0.s) (success)
Tactic call post for CanonicalStructuresPHOAS with big ran for 0. secs (0.u,0.s) (success)
Params: n= 23
Tactic call cbv for CanonicalStructuresPHOAS with big ran for 0. secs (0.u,0.s) (success)
Tactic call pre for CanonicalStructuresPHOAS with big ran for 0. secs (0.u,0.s) (success)
Tactic call actual reif for CanonicalStructuresPHOAS with big ran for 0.177 secs (0.177u,0.s)
Tactic call eval lazy for CanonicalStructuresPHOAS with big ran for 0. secs (0.u,0.s)
Tactic call postprocess for CanonicalStructuresPHOAS with big ran for 0. secs (0.u,0.s)
Tactic call norm reif for CanonicalStructuresPHOAS with big ran for 0.177 secs (0.177u,0.s)
Tactic call intros _ for CanonicalStructuresPHOAS with big ran for 0. secs (0.u,0.s) (success)
Tactic call lazy beta iota for CanonicalStructuresPHOAS with big ran for 0. secs (0.u,0.s) (success)
Tactic call reif for CanonicalStructuresPHOAS with big ran for 0.178 secs (0.178u,0.s) (success)
Tactic call post for CanonicalStructuresPHOAS with big ran for 0. secs (0.u,0.s) (success)
Params: n= 24
Tactic call cbv for CanonicalStructuresPHOAS with big ran for 0. secs (0.u,0.s) (success)
Tactic call pre for CanonicalStructuresPHOAS with big ran for 0. secs (0.u,0.s) (success)
Tactic call actual reif for CanonicalStructuresPHOAS with big ran for 0.177 secs (0.177u,0.s)
Tactic call eval lazy for CanonicalStructuresPHOAS with big ran for 0. secs (0.u,0.s)
Tactic call postprocess for CanonicalStructuresPHOAS with big ran for 0. secs (0.u,0.s)
Tactic call norm reif for CanonicalStructuresPHOAS with big ran for 0.178 secs (0.177u,0.s)
Tactic call intros _ for CanonicalStructuresPHOAS with big ran for 0. secs (0.u,0.s) (success)
Tactic call lazy beta iota for CanonicalStructuresPHOAS with big ran for 0. secs (0.u,0.s) (success)
Tactic call reif for CanonicalStructuresPHOAS with big ran for 0.178 secs (0.178u,0.s) (success)
Tactic call post for CanonicalStructuresPHOAS with big ran for 0. secs (0.u,0.s) (success)
Params: n= 25
Tactic call cbv for CanonicalStructuresPHOAS with big ran for 0. secs (0.u,0.s) (success)
Tactic call pre for CanonicalStructuresPHOAS with big ran for 0. secs (0.u,0.s) (success)
Tactic call actual reif for CanonicalStructuresPHOAS with big ran for 0.148 secs (0.148u,0.s)
Tactic call eval lazy for CanonicalStructuresPHOAS with big ran for 0. secs (0.u,0.s)
Tactic call postprocess for CanonicalStructuresPHOAS with big ran for 0. secs (0.u,0.s)
Tactic call norm reif for CanonicalStructuresPHOAS with big ran for 0.149 secs (0.149u,0.s)
Tactic call intros _ for CanonicalStructuresPHOAS with big ran for 0. secs (0.u,0.s) (success)
Tactic call lazy beta iota for CanonicalStructuresPHOAS with big ran for 0. secs (0.u,0.s) (success)
Tactic call reif for CanonicalStructuresPHOAS with big ran for 0.149 secs (0.149u,0.s) (success)
Tactic call post for CanonicalStructuresPHOAS with big ran for 0. secs (0.u,0.s) (success)
Params: n= 26
Tactic call cbv for CanonicalStructuresPHOAS with big ran for 0. secs (0.u,0.s) (success)
Tactic call pre for CanonicalStructuresPHOAS with big ran for 0. secs (0.u,0.s) (success)
Tactic call actual reif for CanonicalStructuresPHOAS with big ran for 0.165 secs (0.165u,0.s)
Tactic call eval lazy for CanonicalStructuresPHOAS with big ran for 0. secs (0.u,0.s)
Tactic call postprocess for CanonicalStructuresPHOAS with big ran for 0. secs (0.u,0.s)
Tactic call norm reif for CanonicalStructuresPHOAS with big ran for 0.166 secs (0.166u,0.s)
Tactic call intros _ for CanonicalStructuresPHOAS with big ran for 0. secs (0.u,0.s) (success)
Tactic call lazy beta iota for CanonicalStructuresPHOAS with big ran for 0. secs (0.u,0.s) (success)
Tactic call reif for CanonicalStructuresPHOAS with big ran for 0.166 secs (0.166u,0.s) (success)
Tactic call post for CanonicalStructuresPHOAS with big ran for 0. secs (0.u,0.s) (success)
Params: n= 27
Tactic call cbv for CanonicalStructuresPHOAS with big ran for 0. secs (0.u,0.s) (success)
Tactic call pre for CanonicalStructuresPHOAS with big ran for 0. secs (0.u,0.s) (success)
Tactic call actual reif for CanonicalStructuresPHOAS with big ran for 0.181 secs (0.181u,0.s)
Tactic call eval lazy for CanonicalStructuresPHOAS with big ran for 0. secs (0.u,0.s)
Tactic call postprocess for CanonicalStructuresPHOAS with big ran for 0. secs (0.u,0.s)
Tactic call norm reif for CanonicalStructuresPHOAS with big ran for 0.182 secs (0.182u,0.s)
Tactic call intros _ for CanonicalStructuresPHOAS with big ran for 0. secs (0.u,0.s) (success)
Tactic call lazy beta iota for CanonicalStructuresPHOAS with big ran for 0. secs (0.u,0.s) (success)
Tactic call reif for CanonicalStructuresPHOAS with big ran for 0.182 secs (0.182u,0.s) (success)
Tactic call post for CanonicalStructuresPHOAS with big ran for 0. secs (0.u,0.s) (success)
Params: n= 28
Tactic call cbv for CanonicalStructuresPHOAS with big ran for 0. secs (0.u,0.s) (success)
Tactic call pre for CanonicalStructuresPHOAS with big ran for 0. secs (0.u,0.s) (success)
Tactic call actual reif for CanonicalStructuresPHOAS with big ran for 0.203 secs (0.203u,0.s)
Tactic call eval lazy for CanonicalStructuresPHOAS with big ran for 0. secs (0.u,0.s)
Tactic call postprocess for CanonicalStructuresPHOAS with big ran for 0. secs (0.u,0.s)
Tactic call norm reif for CanonicalStructuresPHOAS with big ran for 0.204 secs (0.204u,0.s)
Tactic call intros _ for CanonicalStructuresPHOAS with big ran for 0. secs (0.u,0.s) (success)
Tactic call lazy beta iota for CanonicalStructuresPHOAS with big ran for 0. secs (0.u,0.s) (success)
Tactic call reif for CanonicalStructuresPHOAS with big ran for 0.205 secs (0.205u,0.s) (success)
Tactic call post for CanonicalStructuresPHOAS with big ran for 0. secs (0.u,0.s) (success)
Params: n= 29
Tactic call cbv for CanonicalStructuresPHOAS with big ran for 0. secs (0.u,0.s) (success)
Tactic call pre for CanonicalStructuresPHOAS with big ran for 0. secs (0.u,0.s) (success)
Tactic call actual reif for CanonicalStructuresPHOAS with big ran for 0.224 secs (0.224u,0.s)
Tactic call eval lazy for CanonicalStructuresPHOAS with big ran for 0. secs (0.u,0.s)
Tactic call postprocess for CanonicalStructuresPHOAS with big ran for 0. secs (0.u,0.s)
Tactic call norm reif for CanonicalStructuresPHOAS with big ran for 0.225 secs (0.225u,0.s)
Tactic call intros _ for CanonicalStructuresPHOAS with big ran for 0. secs (0.u,0.s) (success)
Tactic call lazy beta iota for CanonicalStructuresPHOAS with big ran for 0. secs (0.u,0.s) (success)
Tactic call reif for CanonicalStructuresPHOAS with big ran for 0.225 secs (0.225u,0.s) (success)
Tactic call post for CanonicalStructuresPHOAS with big ran for 0. secs (0.u,0.s) (success)
Params: n= 30
Tactic call cbv for CanonicalStructuresPHOAS with big ran for 0. secs (0.u,0.s) (success)
Tactic call pre for CanonicalStructuresPHOAS with big ran for 0. secs (0.u,0.s) (success)
Tactic call actual reif for CanonicalStructuresPHOAS with big ran for 0.247 secs (0.247u,0.s)
Tactic call eval lazy for CanonicalStructuresPHOAS with big ran for 0. secs (0.u,0.s)
Tactic call postprocess for CanonicalStructuresPHOAS with big ran for 0. secs (0.u,0.s)
Tactic call norm reif for CanonicalStructuresPHOAS with big ran for 0.248 secs (0.248u,0.s)
Tactic call intros _ for CanonicalStructuresPHOAS with big ran for 0. secs (0.u,0.s) (success)
Tactic call lazy beta iota for CanonicalStructuresPHOAS with big ran for 0. secs (0.u,0.s) (success)
Tactic call reif for CanonicalStructuresPHOAS with big ran for 0.249 secs (0.249u,0.s) (success)
Tactic call post for CanonicalStructuresPHOAS with big ran for 0. secs (0.u,0.s) (success)
