Params: n= 50
Tactic call rewrite!-regression-quadratic ran for 0.062 secs (0.054u,0.008s) (success)
Tactic call rewrite?-noop-regression-linear ran for 0. secs (0.u,0.s) (success)
Tactic call abstract+rewrite!-regression-quadratic ran for 0.075 secs (0.067u,0.008s) (success)
Tactic call close-abstract+rewrite!-regression-quadratic ran for 0.012 secs (0.012u,0.s)
Params: n= 100
Tactic call rewrite!-regression-quadratic ran for 0.083 secs (0.083u,0.s) (success)
Tactic call rewrite?-noop-regression-linear ran for 0.001 secs (0.001u,0.s) (success)
Tactic call abstract+rewrite!-regression-quadratic ran for 0.139 secs (0.139u,0.s) (success)
Tactic call close-abstract+rewrite!-regression-quadratic ran for 0.054 secs (0.054u,0.s)
Params: n= 150
Tactic call rewrite!-regression-quadratic ran for 0.201 secs (0.197u,0.003s) (success)
Tactic call rewrite?-noop-regression-linear ran for 0.001 secs (0.001u,0.s) (success)
Tactic call abstract+rewrite!-regression-quadratic ran for 0.323 secs (0.319u,0.003s) (success)
Tactic call close-abstract+rewrite!-regression-quadratic ran for 0.119 secs (0.119u,0.s)
Params: n= 200
Tactic call rewrite!-regression-quadratic ran for 0.375 secs (0.371u,0.003s) (success)
Tactic call rewrite?-noop-regression-linear ran for 0.002 secs (0.002u,0.s) (success)
Tactic call abstract+rewrite!-regression-quadratic ran for 0.581 secs (0.577u,0.003s) (success)
Tactic call close-abstract+rewrite!-regression-quadratic ran for 0.203 secs (0.203u,0.s)
Params: n= 250
Tactic call rewrite!-regression-quadratic ran for 0.591 secs (0.588u,0.002s) (success)
Tactic call rewrite?-noop-regression-linear ran for 0.003 secs (0.003u,0.s) (success)
Tactic call abstract+rewrite!-regression-quadratic ran for 0.888 secs (0.886u,0.002s) (success)
Tactic call close-abstract+rewrite!-regression-quadratic ran for 0.293 secs (0.293u,0.s)
Params: n= 300
Tactic call rewrite!-regression-quadratic ran for 0.825 secs (0.825u,0.s) (success)
Tactic call rewrite?-noop-regression-linear ran for 0.004 secs (0.004u,0.s) (success)
Tactic call abstract+rewrite!-regression-quadratic ran for 1.263 secs (1.263u,0.s) (success)
Tactic call close-abstract+rewrite!-regression-quadratic ran for 0.433 secs (0.433u,0.s)
Params: n= 350
Tactic call rewrite!-regression-quadratic ran for 1.234 secs (1.222u,0.011s) (success)
Tactic call rewrite?-noop-regression-linear ran for 0.005 secs (0.005u,0.s) (success)
Tactic call abstract+rewrite!-regression-quadratic ran for 1.827 secs (1.815u,0.011s) (success)
Tactic call close-abstract+rewrite!-regression-quadratic ran for 0.587 secs (0.587u,0.s)
Params: n= 400
Tactic call rewrite!-regression-quadratic ran for 1.607 secs (1.599u,0.007s) (success)
Tactic call rewrite?-noop-regression-linear ran for 0.006 secs (0.006u,0.s) (success)
Tactic call abstract+rewrite!-regression-quadratic ran for 2.379 secs (2.371u,0.007s) (success)
Tactic call close-abstract+rewrite!-regression-quadratic ran for 0.765 secs (0.764u,0.s)
