Params: 0-nm= 5 , 1-n= 1 , 2-m= 5
native_compute: Conversion to native code done in 0.00020
native_compute: Compilation done in 0.10401
native_compute: Evaluation done in 0.00049
native_compute: Reification done in 0.00006
Tactic call cps+native_compute-regression-quadratic ran for 0.185 secs (0.065u,0.017s) (success)
Params: 0-nm= 5 , 1-n= 5 , 2-m= 1
native_compute: Conversion to native code done in 0.00018
native_compute: Compilation done in 0.10416
native_compute: Evaluation done in 0.00050
native_compute: Reification done in 0.00006
Tactic call cps+native_compute-regression-quadratic ran for 0.105 secs (0.002u,0.s) (success)
Params: 0-nm= 306 , 1-n= 17 , 2-m= 18
native_compute: Conversion to native code done in 0.00018
native_compute: Compilation done in 0.10233
native_compute: Evaluation done in 0.00049
native_compute: Reification done in 0.00106
Tactic call cps+native_compute-regression-quadratic ran for 0.104 secs (0.003u,0.s) (success)
Params: 0-nm= 307 , 1-n= 1 , 2-m= 307
native_compute: Conversion to native code done in 0.00018
native_compute: Compilation done in 0.10296
native_compute: Evaluation done in 0.00052
native_compute: Reification done in 0.00092
Tactic call cps+native_compute-regression-quadratic ran for 0.104 secs (0.003u,0.s) (success)
Params: 0-nm= 307 , 1-n= 307 , 2-m= 1
native_compute: Conversion to native code done in 0.00018
native_compute: Compilation done in 0.10366
native_compute: Evaluation done in 0.00052
native_compute: Reification done in 0.00123
Tactic call cps+native_compute-regression-quadratic ran for 0.105 secs (0.003u,0.s) (success)
Params: 0-nm= 600 , 1-n= 24 , 2-m= 25
native_compute: Conversion to native code done in 0.00018
native_compute: Compilation done in 0.10307
native_compute: Evaluation done in 0.00050
native_compute: Reification done in 0.00170
Tactic call cps+native_compute-regression-quadratic ran for 0.105 secs (0.004u,0.s) (success)
Params: 0-nm= 609 , 1-n= 1 , 2-m= 609
native_compute: Conversion to native code done in 0.00018
native_compute: Compilation done in 0.10458
native_compute: Evaluation done in 0.00051
native_compute: Reification done in 0.00180
Tactic call cps+native_compute-regression-quadratic ran for 0.107 secs (0.004u,0.s) (success)
Params: 0-nm= 609 , 1-n= 609 , 2-m= 1
native_compute: Conversion to native code done in 0.00018
native_compute: Compilation done in 0.10316
native_compute: Evaluation done in 0.00059
native_compute: Reification done in 0.00247
Tactic call cps+native_compute-regression-quadratic ran for 0.106 secs (0.001u,0.003s) (success)
Params: 0-nm= 910 , 1-n= 1 , 2-m= 910
native_compute: Conversion to native code done in 0.00018
native_compute: Compilation done in 0.10314
native_compute: Evaluation done in 0.00080
native_compute: Reification done in 0.00260
Tactic call cps+native_compute-regression-quadratic ran for 0.106 secs (0.005u,0.s) (success)
Params: 0-nm= 910 , 1-n= 910 , 2-m= 1
native_compute: Conversion to native code done in 0.00036
native_compute: Compilation done in 0.10380
native_compute: Evaluation done in 0.00057
native_compute: Reification done in 0.00361
Tactic call cps+native_compute-regression-quadratic ran for 0.108 secs (0.u,0.005s) (success)
Params: 0-nm= 930 , 1-n= 30 , 2-m= 31
native_compute: Conversion to native code done in 0.00017
native_compute: Compilation done in 0.10205
native_compute: Evaluation done in 0.00050
native_compute: Reification done in 0.00270
Tactic call cps+native_compute-regression-quadratic ran for 0.105 secs (0.u,0.004s) (success)
Params: 0-nm= 1190 , 1-n= 34 , 2-m= 35
native_compute: Conversion to native code done in 0.00019
native_compute: Compilation done in 0.10176
native_compute: Evaluation done in 0.00051
native_compute: Reification done in 0.03893
Tactic call cps+native_compute-regression-quadratic ran for 0.141 secs (0.038u,0.003s) (success)
Params: 0-nm= 1212 , 1-n= 1 , 2-m= 1212
native_compute: Conversion to native code done in 0.00018
native_compute: Compilation done in 0.10345
native_compute: Evaluation done in 0.00053
native_compute: Reification done in 0.00294
Tactic call cps+native_compute-regression-quadratic ran for 0.107 secs (0.004u,0.s) (success)
Params: 0-nm= 1212 , 1-n= 1212 , 2-m= 1
native_compute: Conversion to native code done in 0.00018
native_compute: Compilation done in 0.10163
native_compute: Evaluation done in 0.00060
native_compute: Reification done in 0.00403
Tactic call cps+native_compute-regression-quadratic ran for 0.106 secs (0.006u,0.s) (success)
Params: 0-nm= 1482 , 1-n= 38 , 2-m= 39
native_compute: Conversion to native code done in 0.00018
native_compute: Compilation done in 0.10265
native_compute: Evaluation done in 0.00060
native_compute: Reification done in 0.00361
Tactic call cps+native_compute-regression-quadratic ran for 0.107 secs (0.002u,0.003s) (success)
Params: 0-nm= 1513 , 1-n= 1 , 2-m= 1513
native_compute: Conversion to native code done in 0.00018
native_compute: Compilation done in 0.10309
native_compute: Evaluation done in 0.00054
native_compute: Reification done in 0.00368
Tactic call cps+native_compute-regression-quadratic ran for 0.107 secs (0.005u,0.s) (success)
Params: 0-nm= 1513 , 1-n= 1513 , 2-m= 1
native_compute: Conversion to native code done in 0.00018
native_compute: Compilation done in 0.10230
native_compute: Evaluation done in 0.00055
native_compute: Reification done in 0.00507
Tactic call cps+native_compute-regression-quadratic ran for 0.108 secs (0.007u,0.s) (success)
Params: 0-nm= 1891 , 1-n= 1 , 2-m= 1891
native_compute: Conversion to native code done in 0.00018
native_compute: Compilation done in 0.10351
native_compute: Evaluation done in 0.00053
native_compute: Reification done in 0.00469
Tactic call cps+native_compute-regression-quadratic ran for 0.109 secs (0.003u,0.003s) (success)
Params: 0-nm= 1891 , 1-n= 1891 , 2-m= 1
native_compute: Conversion to native code done in 0.00020
native_compute: Compilation done in 0.10394
native_compute: Evaluation done in 0.00056
native_compute: Reification done in 0.00642
Tactic call cps+native_compute-regression-quadratic ran for 0.111 secs (0.008u,0.s) (success)
Params: 0-nm= 1892 , 1-n= 43 , 2-m= 44
native_compute: Conversion to native code done in 0.00018
native_compute: Compilation done in 0.10320
native_compute: Evaluation done in 0.00053
native_compute: Reification done in 0.01903
Tactic call cps+native_compute-regression-quadratic ran for 0.123 secs (0.021u,0.s) (success)
Params: 0-nm= 2256 , 1-n= 47 , 2-m= 48
native_compute: Conversion to native code done in 0.00017
native_compute: Compilation done in 0.10227
native_compute: Evaluation done in 0.00067
native_compute: Reification done in 0.00558
Tactic call cps+native_compute-regression-quadratic ran for 0.108 secs (0.007u,0.s) (success)
Params: 0-nm= 2269 , 1-n= 1 , 2-m= 2269
native_compute: Conversion to native code done in 0.00018
native_compute: Compilation done in 0.10280
native_compute: Evaluation done in 0.00055
native_compute: Reification done in 0.00555
Tactic call cps+native_compute-regression-quadratic ran for 0.109 secs (0.007u,0.s) (success)
Params: 0-nm= 2269 , 1-n= 2269 , 2-m= 1
native_compute: Conversion to native code done in 0.00018
native_compute: Compilation done in 0.10440
native_compute: Evaluation done in 0.00058
native_compute: Reification done in 0.00845
Tactic call cps+native_compute-regression-quadratic ran for 0.113 secs (0.01u,0.s) (success)
Params: 0-nm= 2647 , 1-n= 1 , 2-m= 2647
native_compute: Conversion to native code done in 0.00019
native_compute: Compilation done in 0.10322
native_compute: Evaluation done in 0.00056
native_compute: Reification done in 0.00733
Tactic call cps+native_compute-regression-quadratic ran for 0.111 secs (0.009u,0.s) (success)
Params: 0-nm= 2647 , 1-n= 2647 , 2-m= 1
native_compute: Conversion to native code done in 0.00018
native_compute: Compilation done in 0.10483
native_compute: Evaluation done in 0.00069
native_compute: Reification done in 0.00910
Tactic call cps+native_compute-regression-quadratic ran for 0.114 secs (0.011u,0.s) (success)
Params: 0-nm= 2652 , 1-n= 51 , 2-m= 52
native_compute: Conversion to native code done in 0.00020
native_compute: Compilation done in 0.10315
native_compute: Evaluation done in 0.00051
native_compute: Reification done in 0.00668
Tactic call cps+native_compute-regression-quadratic ran for 0.11 secs (0.008u,0.s) (success)
Params: 0-nm= 3025 , 1-n= 1 , 2-m= 3025
native_compute: Conversion to native code done in 0.00018
native_compute: Compilation done in 0.10404
native_compute: Evaluation done in 0.00060
native_compute: Reification done in 0.00771
Tactic call cps+native_compute-regression-quadratic ran for 0.112 secs (0.009u,0.s) (success)
Params: 0-nm= 3025 , 1-n= 55 , 2-m= 55
native_compute: Conversion to native code done in 0.00018
native_compute: Compilation done in 0.10262
native_compute: Evaluation done in 0.00055
native_compute: Reification done in 0.00759
Tactic call cps+native_compute-regression-quadratic ran for 0.111 secs (0.009u,0.s) (success)
Params: 0-nm= 3025 , 1-n= 3025 , 2-m= 1
native_compute: Conversion to native code done in 0.00018
native_compute: Compilation done in 0.10397
native_compute: Evaluation done in 0.00067
native_compute: Reification done in 0.01060
Tactic call cps+native_compute-regression-quadratic ran for 0.115 secs (0.013u,0.s) (success)
Params: 0-nm= 3403 , 1-n= 1 , 2-m= 3403
native_compute: Conversion to native code done in 0.00018
native_compute: Compilation done in 0.10388
native_compute: Evaluation done in 0.00060
native_compute: Reification done in 0.00870
Tactic call cps+native_compute-regression-quadratic ran for 0.113 secs (0.011u,0.s) (success)
Params: 0-nm= 3403 , 1-n= 3403 , 2-m= 1
native_compute: Conversion to native code done in 0.00018
native_compute: Compilation done in 0.10337
native_compute: Evaluation done in 0.00062
native_compute: Reification done in 0.01205
Tactic call cps+native_compute-regression-quadratic ran for 0.116 secs (0.011u,0.002s) (success)
Params: 0-nm= 3422 , 1-n= 58 , 2-m= 59
native_compute: Conversion to native code done in 0.00019
native_compute: Compilation done in 0.10155
native_compute: Evaluation done in 0.00053
native_compute: Reification done in 0.00868
Tactic call cps+native_compute-regression-quadratic ran for 0.111 secs (0.011u,0.s) (success)
Params: 0-nm= 3781 , 1-n= 1 , 2-m= 3781
native_compute: Conversion to native code done in 0.00018
native_compute: Compilation done in 0.10298
native_compute: Evaluation done in 0.00068
native_compute: Reification done in 0.00978
Tactic call cps+native_compute-regression-quadratic ran for 0.113 secs (0.012u,0.s) (success)
Params: 0-nm= 3781 , 1-n= 3781 , 2-m= 1
native_compute: Conversion to native code done in 0.00018
native_compute: Compilation done in 0.10230
native_compute: Evaluation done in 0.00061
native_compute: Reification done in 0.02290
Tactic call cps+native_compute-regression-quadratic ran for 0.126 secs (0.022u,0.002s) (success)
Params: 0-nm= 3782 , 1-n= 61 , 2-m= 62
native_compute: Conversion to native code done in 0.00018
native_compute: Compilation done in 0.10399
native_compute: Evaluation done in 0.00053
native_compute: Reification done in 0.01100
Tactic call cps+native_compute-regression-quadratic ran for 0.115 secs (0.013u,0.s) (success)
Params: 0-nm= 4159 , 1-n= 1 , 2-m= 4159
native_compute: Conversion to native code done in 0.00018
native_compute: Compilation done in 0.10265
native_compute: Evaluation done in 0.00061
native_compute: Reification done in 0.01078
Tactic call cps+native_compute-regression-quadratic ran for 0.114 secs (0.013u,0.s) (success)
Params: 0-nm= 4159 , 1-n= 4159 , 2-m= 1
native_compute: Conversion to native code done in 0.00019
native_compute: Compilation done in 0.10284
native_compute: Evaluation done in 0.00068
native_compute: Reification done in 0.01490
Tactic call cps+native_compute-regression-quadratic ran for 0.118 secs (0.017u,0.s) (success)
Params: 0-nm= 4160 , 1-n= 64 , 2-m= 65
native_compute: Conversion to native code done in 0.00019
native_compute: Compilation done in 0.10330
native_compute: Evaluation done in 0.00052
native_compute: Reification done in 0.01602
Tactic call cps+native_compute-regression-quadratic ran for 0.12 secs (0.017u,0.s) (success)
Params: 0-nm= 4537 , 1-n= 1 , 2-m= 4537
native_compute: Conversion to native code done in 0.00019
native_compute: Compilation done in 0.10511
native_compute: Evaluation done in 0.00068
native_compute: Reification done in 0.01214
Tactic call cps+native_compute-regression-quadratic ran for 0.118 secs (0.014u,0.s) (success)
Params: 0-nm= 4537 , 1-n= 4537 , 2-m= 1
native_compute: Conversion to native code done in 0.00018
native_compute: Compilation done in 0.10433
native_compute: Evaluation done in 0.00067
native_compute: Reification done in 0.01678
Tactic call cps+native_compute-regression-quadratic ran for 0.122 secs (0.018u,0.s) (success)
Params: 0-nm= 4556 , 1-n= 67 , 2-m= 68
native_compute: Conversion to native code done in 0.00018
native_compute: Compilation done in 0.10304
native_compute: Evaluation done in 0.00057
native_compute: Reification done in 0.01223
Tactic call cps+native_compute-regression-quadratic ran for 0.116 secs (0.014u,0.s) (success)
Params: 0-nm= 5041 , 1-n= 1 , 2-m= 5041
native_compute: Conversion to native code done in 0.00018
native_compute: Compilation done in 0.10483
native_compute: Evaluation done in 0.00063
native_compute: Reification done in 0.01322
Tactic call cps+native_compute-regression-quadratic ran for 0.119 secs (0.015u,0.s) (success)
Params: 0-nm= 5041 , 1-n= 71 , 2-m= 71
native_compute: Conversion to native code done in 0.00019
native_compute: Compilation done in 0.10448
native_compute: Evaluation done in 0.00056
native_compute: Reification done in 0.01297
Tactic call cps+native_compute-regression-quadratic ran for 0.118 secs (0.015u,0.s) (success)
Params: 0-nm= 5041 , 1-n= 5041 , 2-m= 1
native_compute: Conversion to native code done in 0.00018
native_compute: Compilation done in 0.10381
native_compute: Evaluation done in 0.00079
native_compute: Reification done in 0.01931
Tactic call cps+native_compute-regression-quadratic ran for 0.124 secs (0.021u,0.s) (success)
Params: 0-nm= 5546 , 1-n= 1 , 2-m= 5546
native_compute: Conversion to native code done in 0.00019
native_compute: Compilation done in 0.11071
native_compute: Evaluation done in 0.00068
native_compute: Reification done in 0.01516
Tactic call cps+native_compute-regression-quadratic ran for 0.126 secs (0.021u,0.003s) (success)
Params: 0-nm= 5546 , 1-n= 5546 , 2-m= 1
native_compute: Conversion to native code done in 0.00019
native_compute: Compilation done in 0.10309
native_compute: Evaluation done in 0.00070
native_compute: Reification done in 0.02038
Tactic call cps+native_compute-regression-quadratic ran for 0.124 secs (0.022u,0.s) (success)
Params: 0-nm= 5550 , 1-n= 74 , 2-m= 75
native_compute: Conversion to native code done in 0.00018
native_compute: Compilation done in 0.10387
native_compute: Evaluation done in 0.00053
native_compute: Reification done in 0.01424
Tactic call cps+native_compute-regression-quadratic ran for 0.119 secs (0.016u,0.s) (success)
Params: 0-nm= 6006 , 1-n= 77 , 2-m= 78
native_compute: Conversion to native code done in 0.00021
native_compute: Compilation done in 0.10413
native_compute: Evaluation done in 0.00054
native_compute: Reification done in 0.01548
Tactic call cps+native_compute-regression-quadratic ran for 0.12 secs (0.017u,0.s) (success)
Params: 0-nm= 6050 , 1-n= 1 , 2-m= 6050
native_compute: Conversion to native code done in 0.00018
native_compute: Compilation done in 0.10443
native_compute: Evaluation done in 0.00067
native_compute: Reification done in 0.01677
Tactic call cps+native_compute-regression-quadratic ran for 0.122 secs (0.018u,0.s) (success)
Params: 0-nm= 6050 , 1-n= 6050 , 2-m= 1
native_compute: Conversion to native code done in 0.00018
native_compute: Compilation done in 0.10480
native_compute: Evaluation done in 0.00069
native_compute: Reification done in 0.03157
Tactic call cps+native_compute-regression-quadratic ran for 0.137 secs (0.033u,0.s) (success)
Params: 0-nm= 6480 , 1-n= 80 , 2-m= 81
native_compute: Conversion to native code done in 0.00018
native_compute: Compilation done in 0.10351
native_compute: Evaluation done in 0.00052
native_compute: Reification done in 0.01692
Tactic call cps+native_compute-regression-quadratic ran for 0.121 secs (0.015u,0.003s) (success)
Params: 0-nm= 6554 , 1-n= 1 , 2-m= 6554
native_compute: Conversion to native code done in 0.00018
native_compute: Compilation done in 0.10366
native_compute: Evaluation done in 0.00071
native_compute: Reification done in 0.01758
Tactic call cps+native_compute-regression-quadratic ran for 0.122 secs (0.019u,0.s) (success)
Params: 0-nm= 6554 , 1-n= 6554 , 2-m= 1
native_compute: Conversion to native code done in 0.00022
native_compute: Compilation done in 0.10373
native_compute: Evaluation done in 0.00079
native_compute: Reification done in 0.09221
Tactic call cps+native_compute-regression-quadratic ran for 0.197 secs (0.095u,0.s) (success)
Params: 0-nm= 7058 , 1-n= 1 , 2-m= 7058
native_compute: Conversion to native code done in 0.00018
native_compute: Compilation done in 0.10479
native_compute: Evaluation done in 0.00068
native_compute: Reification done in 0.01891
Tactic call cps+native_compute-regression-quadratic ran for 0.124 secs (0.021u,0.s) (success)
Params: 0-nm= 7058 , 1-n= 7058 , 2-m= 1
native_compute: Conversion to native code done in 0.00018
native_compute: Compilation done in 0.10424
native_compute: Evaluation done in 0.00084
native_compute: Reification done in 0.03240
Tactic call cps+native_compute-regression-quadratic ran for 0.137 secs (0.034u,0.s) (success)
Params: 0-nm= 7140 , 1-n= 84 , 2-m= 85
native_compute: Conversion to native code done in 0.00018
native_compute: Compilation done in 0.10397
native_compute: Evaluation done in 0.00056
native_compute: Reification done in 0.01907
Tactic call cps+native_compute-regression-quadratic ran for 0.123 secs (0.021u,0.s) (success)
Params: 0-nm= 7482 , 1-n= 86 , 2-m= 87
native_compute: Conversion to native code done in 0.00017
native_compute: Compilation done in 0.10422
native_compute: Evaluation done in 0.00057
native_compute: Reification done in 0.05435
Tactic call cps+native_compute-regression-quadratic ran for 0.159 secs (0.056u,0.s) (success)
Params: 0-nm= 7562 , 1-n= 1 , 2-m= 7562
native_compute: Conversion to native code done in 0.00018
native_compute: Compilation done in 0.10478
native_compute: Evaluation done in 0.00071
native_compute: Reification done in 0.02044
Tactic call cps+native_compute-regression-quadratic ran for 0.126 secs (0.022u,0.s) (success)
Params: 0-nm= 7562 , 1-n= 7562 , 2-m= 1
native_compute: Conversion to native code done in 0.00018
native_compute: Compilation done in 0.10382
native_compute: Evaluation done in 0.00079
native_compute: Reification done in 0.04138
Tactic call cps+native_compute-regression-quadratic ran for 0.146 secs (0.042u,0.001s) (success)
Params: 0-nm= 8319 , 1-n= 1 , 2-m= 8319
native_compute: Conversion to native code done in 0.00019
native_compute: Compilation done in 0.10169
native_compute: Evaluation done in 0.00069
native_compute: Reification done in 0.02227
Tactic call cps+native_compute-regression-quadratic ran for 0.125 secs (0.024u,0.s) (success)
Params: 0-nm= 8319 , 1-n= 8319 , 2-m= 1
native_compute: Conversion to native code done in 0.00018
native_compute: Compilation done in 0.10466
native_compute: Evaluation done in 0.00079
native_compute: Reification done in 0.03793
Tactic call cps+native_compute-regression-quadratic ran for 0.143 secs (0.04u,0.s) (success)
Params: 0-nm= 8372 , 1-n= 91 , 2-m= 92
native_compute: Conversion to native code done in 0.00018
native_compute: Compilation done in 0.10303
native_compute: Evaluation done in 0.00056
native_compute: Reification done in 0.02221
Tactic call cps+native_compute-regression-quadratic ran for 0.126 secs (0.021u,0.003s) (success)
Params: 0-nm= 9075 , 1-n= 1 , 2-m= 9075
native_compute: Conversion to native code done in 0.00018
native_compute: Compilation done in 0.10366
native_compute: Evaluation done in 0.00080
native_compute: Reification done in 0.03630
Tactic call cps+native_compute-regression-quadratic ran for 0.141 secs (0.039u,0.s) (success)
Params: 0-nm= 9075 , 1-n= 9075 , 2-m= 1
native_compute: Conversion to native code done in 0.00018
native_compute: Compilation done in 0.10422
native_compute: Evaluation done in 0.00083
native_compute: Reification done in 0.03538
Tactic call cps+native_compute-regression-quadratic ran for 0.14 secs (0.037u,0.s) (success)
Params: 0-nm= 9120 , 1-n= 95 , 2-m= 96
native_compute: Conversion to native code done in 0.00018
native_compute: Compilation done in 0.10398
native_compute: Evaluation done in 0.00057
native_compute: Reification done in 0.02441
Tactic call cps+native_compute-regression-quadratic ran for 0.129 secs (0.026u,0.s) (success)
Params: 0-nm= 9831 , 1-n= 1 , 2-m= 9831
native_compute: Conversion to native code done in 0.00019
native_compute: Compilation done in 0.10382
native_compute: Evaluation done in 0.00077
native_compute: Reification done in 0.02703
Tactic call cps+native_compute-regression-quadratic ran for 0.132 secs (0.029u,0.s) (success)
Params: 0-nm= 9831 , 1-n= 9831 , 2-m= 1
native_compute: Conversion to native code done in 0.00018
native_compute: Compilation done in 0.10354
native_compute: Evaluation done in 0.00087
native_compute: Reification done in 0.04034
Tactic call cps+native_compute-regression-quadratic ran for 0.145 secs (0.042u,0.s) (success)
Params: 0-nm= 9900 , 1-n= 99 , 2-m= 100
native_compute: Conversion to native code done in 0.00018
native_compute: Compilation done in 0.10293
native_compute: Evaluation done in 0.00058
native_compute: Reification done in 0.03339
Tactic call cps+native_compute-regression-quadratic ran for 0.137 secs (0.035u,0.s) (success)
Params: 0-nm= 10506 , 1-n= 102 , 2-m= 103
native_compute: Conversion to native code done in 0.00019
native_compute: Compilation done in 0.10317
native_compute: Evaluation done in 0.00055
native_compute: Reification done in 0.02784
Tactic call cps+native_compute-regression-quadratic ran for 0.131 secs (0.03u,0.s) (success)
Params: 0-nm= 10588 , 1-n= 1 , 2-m= 10588
native_compute: Conversion to native code done in 0.00018
native_compute: Compilation done in 0.10399
native_compute: Evaluation done in 0.00078
native_compute: Reification done in 0.03518
Tactic call cps+native_compute-regression-quadratic ran for 0.14 secs (0.037u,0.s) (success)
Params: 0-nm= 10588 , 1-n= 10588 , 2-m= 1
native_compute: Conversion to native code done in 0.00018
native_compute: Compilation done in 0.10450
native_compute: Evaluation done in 0.00104
native_compute: Reification done in 0.07717
Tactic call cps+native_compute-regression-quadratic ran for 0.183 secs (0.072u,0.007s) (success)
Params: 0-nm= 11342 , 1-n= 106 , 2-m= 107
native_compute: Conversion to native code done in 0.00018
native_compute: Compilation done in 0.10444
native_compute: Evaluation done in 0.00058
native_compute: Reification done in 0.03020
Tactic call cps+native_compute-regression-quadratic ran for 0.135 secs (0.032u,0.s) (success)
Params: 0-nm= 11344 , 1-n= 1 , 2-m= 11344
native_compute: Conversion to native code done in 0.00018
native_compute: Compilation done in 0.10373
native_compute: Evaluation done in 0.00093
native_compute: Reification done in 0.03116
Tactic call cps+native_compute-regression-quadratic ran for 0.136 secs (0.033u,0.s) (success)
Params: 0-nm= 11344 , 1-n= 11344 , 2-m= 1
native_compute: Conversion to native code done in 0.00018
native_compute: Compilation done in 0.10404
native_compute: Evaluation done in 0.00096
native_compute: Reification done in 0.07164
Tactic call cps+native_compute-regression-quadratic ran for 0.177 secs (0.07u,0.003s) (success)
Params: 0-nm= 12100 , 1-n= 1 , 2-m= 12100
native_compute: Conversion to native code done in 0.00019
native_compute: Compilation done in 0.10386
native_compute: Evaluation done in 0.00079
native_compute: Reification done in 0.03327
Tactic call cps+native_compute-regression-quadratic ran for 0.138 secs (0.035u,0.s) (success)
Params: 0-nm= 12100 , 1-n= 110 , 2-m= 110
native_compute: Conversion to native code done in 0.00018
native_compute: Compilation done in 0.10475
native_compute: Evaluation done in 0.00058
native_compute: Reification done in 0.13116
Tactic call cps+native_compute-regression-quadratic ran for 0.236 secs (0.133u,0.s) (success)
Params: 0-nm= 12100 , 1-n= 12100 , 2-m= 1
native_compute: Conversion to native code done in 0.00018
native_compute: Compilation done in 0.10317
native_compute: Evaluation done in 0.00095
native_compute: Reification done in 0.06731
Tactic call cps+native_compute-regression-quadratic ran for 0.171 secs (0.069u,0.s) (success)
