Params: n= 50
Tactic call ssr-rewrite!-regression-quadratic ran for 0.034 secs (0.033u,0.s) (success)
Tactic call ssr-rewrite?-noop-regression-linear ran for 0. secs (0.u,0.s) (success)
Tactic call abstract-regression-quadratic ran for 0.075 secs (0.071u,0.003s) (success)
Tactic call close-abstract-regression-quadratic ran for 0.04 secs (0.037u,0.003s)
Params: n= 100
Tactic call ssr-rewrite!-regression-quadratic ran for 0.131 secs (0.123u,0.007s) (success)
Tactic call ssr-rewrite?-noop-regression-linear ran for 0. secs (0.u,0.s) (success)
Tactic call abstract-regression-quadratic ran for 0.31 secs (0.301u,0.008s) (success)
Tactic call close-abstract-regression-quadratic ran for 0.177 secs (0.177u,0.s)
Params: n= 150
Tactic call ssr-rewrite!-regression-quadratic ran for 0.413 secs (0.409u,0.003s) (success)
Tactic call ssr-rewrite?-noop-regression-linear ran for 0. secs (0.u,0.s) (success)
Tactic call abstract-regression-quadratic ran for 0.816 secs (0.811u,0.003s) (success)
Tactic call close-abstract-regression-quadratic ran for 0.402 secs (0.401u,0.s)
Params: n= 200
Tactic call ssr-rewrite!-regression-quadratic ran for 0.648 secs (0.644u,0.004s) (success)
Tactic call ssr-rewrite?-noop-regression-linear ran for 0. secs (0.u,0.s) (success)
Tactic call abstract-regression-quadratic ran for 1.516 secs (1.504u,0.012s) (success)
Tactic call close-abstract-regression-quadratic ran for 0.866 secs (0.858u,0.007s)
Params: n= 250
Tactic call ssr-rewrite!-regression-quadratic ran for 0.819 secs (0.819u,0.s) (success)
Tactic call ssr-rewrite?-noop-regression-linear ran for 0. secs (0.u,0.s) (success)
Tactic call abstract-regression-quadratic ran for 1.926 secs (1.918u,0.008s) (success)
Tactic call close-abstract-regression-quadratic ran for 1.105 secs (1.097u,0.008s)
Params: n= 300
Tactic call ssr-rewrite!-regression-quadratic ran for 1.234 secs (1.226u,0.008s) (success)
Tactic call ssr-rewrite?-noop-regression-linear ran for 0. secs (0.u,0.s) (success)
Tactic call abstract-regression-quadratic ran for 2.79 secs (2.765u,0.024s) (success)
Tactic call close-abstract-regression-quadratic ran for 1.554 secs (1.538u,0.015s)
Params: n= 350
Tactic call ssr-rewrite!-regression-quadratic ran for 1.531 secs (1.523u,0.007s) (success)
Tactic call ssr-rewrite?-noop-regression-linear ran for 0. secs (0.u,0.s) (success)
Tactic call abstract-regression-quadratic ran for 3.684 secs (3.668u,0.015s) (success)
Tactic call close-abstract-regression-quadratic ran for 2.152 secs (2.143u,0.007s)
Params: n= 400
Tactic call ssr-rewrite!-regression-quadratic ran for 2.108 secs (2.084u,0.023s) (success)
Tactic call ssr-rewrite?-noop-regression-linear ran for 0. secs (0.u,0.s) (success)
Tactic call abstract-regression-quadratic ran for 4.766 secs (4.73u,0.036s) (success)
Tactic call close-abstract-regression-quadratic ran for 2.655 secs (2.643u,0.011s)
