Params: n= 2
native_compute: Conversion to native code done in 0.00020
native_compute: Compilation done in 0.11314
native_compute: Evaluation done in 0.00054
native_compute: Reification done in 0.00004
Tactic call native_compute(1)-regression-quadratic ran for 0.114 secs (0.001u,0.004s) (success)
native_compute: Conversion to native code done in 0.00022
native_compute: Compilation done in 0.11391
native_compute: Evaluation done in 0.00056
native_compute: Reification done in 0.00004
Tactic call native_compute(2)-regression-quadratic ran for 0.114 secs (0.u,0.004s) (success)
Params: n= 3
native_compute: Conversion to native code done in 0.00020
native_compute: Compilation done in 0.11316
native_compute: Evaluation done in 0.00057
native_compute: Reification done in 0.00004
Tactic call native_compute(1)-regression-quadratic ran for 0.114 secs (0.001u,0.004s) (success)
native_compute: Conversion to native code done in 0.00022
native_compute: Compilation done in 0.11359
native_compute: Evaluation done in 0.00055
native_compute: Reification done in 0.00004
Tactic call native_compute(2)-regression-quadratic ran for 0.114 secs (0.005u,0.s) (success)
Params: n= 4
native_compute: Conversion to native code done in 0.00019
native_compute: Compilation done in 0.11442
native_compute: Evaluation done in 0.00056
native_compute: Reification done in 0.00004
Tactic call native_compute(1)-regression-quadratic ran for 0.115 secs (0.u,0.004s) (success)
native_compute: Conversion to native code done in 0.00022
native_compute: Compilation done in 0.11237
native_compute: Evaluation done in 0.00054
native_compute: Reification done in 0.00004
Tactic call native_compute(2)-regression-quadratic ran for 0.113 secs (0.u,0.004s) (success)
Params: n= 5
native_compute: Conversion to native code done in 0.00020
native_compute: Compilation done in 0.11237
native_compute: Evaluation done in 0.00059
native_compute: Reification done in 0.00004
Tactic call native_compute(1)-regression-quadratic ran for 0.113 secs (0.001u,0.003s) (success)
native_compute: Conversion to native code done in 0.00022
native_compute: Compilation done in 0.11247
native_compute: Evaluation done in 0.00056
native_compute: Reification done in 0.00004
Tactic call native_compute(2)-regression-quadratic ran for 0.113 secs (0.001u,0.004s) (success)
Params: n= 6
native_compute: Conversion to native code done in 0.00022
native_compute: Compilation done in 0.11009
native_compute: Evaluation done in 0.00058
native_compute: Reification done in 0.00004
Tactic call native_compute(1)-regression-quadratic ran for 0.111 secs (0.001u,0.003s) (success)
native_compute: Conversion to native code done in 0.00022
native_compute: Compilation done in 0.11352
native_compute: Evaluation done in 0.00055
native_compute: Reification done in 0.00004
Tactic call native_compute(2)-regression-quadratic ran for 0.114 secs (0.u,0.004s) (success)
Params: n= 7
native_compute: Conversion to native code done in 0.00019
native_compute: Compilation done in 0.11047
native_compute: Evaluation done in 0.00057
native_compute: Reification done in 0.00004
Tactic call native_compute(1)-regression-quadratic ran for 0.111 secs (0.u,0.004s) (success)
native_compute: Conversion to native code done in 0.00022
native_compute: Compilation done in 0.11514
native_compute: Evaluation done in 0.00057
native_compute: Reification done in 0.00005
Tactic call native_compute(2)-regression-quadratic ran for 0.116 secs (0.u,0.004s) (success)
Params: n= 8
native_compute: Conversion to native code done in 0.00019
native_compute: Compilation done in 0.11591
native_compute: Evaluation done in 0.00058
native_compute: Reification done in 0.00005
Tactic call native_compute(1)-regression-quadratic ran for 0.116 secs (0.001u,0.003s) (success)
native_compute: Conversion to native code done in 0.00022
native_compute: Compilation done in 0.11383
native_compute: Evaluation done in 0.00058
native_compute: Reification done in 0.00005
Tactic call native_compute(2)-regression-quadratic ran for 0.114 secs (0.u,0.004s) (success)
Params: n= 9
native_compute: Conversion to native code done in 0.00022
native_compute: Compilation done in 0.11665
native_compute: Evaluation done in 0.00057
native_compute: Reification done in 0.00005
Tactic call native_compute(1)-regression-quadratic ran for 0.117 secs (0.001u,0.003s) (success)
native_compute: Conversion to native code done in 0.00022
native_compute: Compilation done in 0.12031
native_compute: Evaluation done in 0.00063
native_compute: Reification done in 0.00005
Tactic call native_compute(2)-regression-quadratic ran for 0.121 secs (0.001u,0.004s) (success)
Params: n= 10
native_compute: Conversion to native code done in 0.00023
native_compute: Compilation done in 0.11913
native_compute: Evaluation done in 0.00061
native_compute: Reification done in 0.00005
Tactic call native_compute(1)-regression-quadratic ran for 0.12 secs (0.002u,0.003s) (success)
native_compute: Conversion to native code done in 0.00022
native_compute: Compilation done in 0.11644
native_compute: Evaluation done in 0.00057
native_compute: Reification done in 0.00004
Tactic call native_compute(2)-regression-quadratic ran for 0.117 secs (0.u,0.005s) (success)
