Params: n= 4
Tactic call autorewrite-regression-quadratic ran for 0.001 secs (0.001u,0.s) (success)
Tactic call autorewrite-noop-regression-linear ran for 0. secs (0.u,0.s) (success)
Tactic call abstract+autorewrite-regression-quadratic ran for 0.002 secs (0.002u,0.s) (success)
Tactic call close-abstract+autorewrite-regression-quadratic ran for 0. secs (0.u,0.s)
Params: n= 5
Tactic call autorewrite-regression-quadratic ran for 0.001 secs (0.001u,0.s) (success)
Tactic call autorewrite-noop-regression-linear ran for 0. secs (0.u,0.s) (success)
Tactic call abstract+autorewrite-regression-quadratic ran for 0.002 secs (0.001u,0.001s) (success)
Tactic call close-abstract+autorewrite-regression-quadratic ran for 0. secs (0.u,0.s)
Params: n= 6
Tactic call autorewrite-regression-quadratic ran for 0.002 secs (0.u,0.002s) (success)
Tactic call autorewrite-noop-regression-linear ran for 0. secs (0.u,0.s) (success)
Tactic call abstract+autorewrite-regression-quadratic ran for 0.003 secs (0.u,0.002s) (success)
Tactic call close-abstract+autorewrite-regression-quadratic ran for 0. secs (0.u,0.s)
Params: n= 7
Tactic call autorewrite-regression-quadratic ran for 0.003 secs (0.u,0.003s) (success)
Tactic call autorewrite-noop-regression-linear ran for 0. secs (0.u,0.s) (success)
Tactic call abstract+autorewrite-regression-quadratic ran for 0.003 secs (0.u,0.003s) (success)
Tactic call close-abstract+autorewrite-regression-quadratic ran for 0. secs (0.u,0.s)
Params: n= 8
Tactic call autorewrite-regression-quadratic ran for 0.002 secs (0.002u,0.s) (success)
Tactic call autorewrite-noop-regression-linear ran for 0. secs (0.u,0.s) (success)
Tactic call abstract+autorewrite-regression-quadratic ran for 0.004 secs (0.004u,0.s) (success)
Tactic call close-abstract+autorewrite-regression-quadratic ran for 0. secs (0.u,0.s)
Params: n= 9
Tactic call autorewrite-regression-quadratic ran for 0.003 secs (0.003u,0.s) (success)
Tactic call autorewrite-noop-regression-linear ran for 0. secs (0.u,0.s) (success)
Tactic call abstract+autorewrite-regression-quadratic ran for 0.005 secs (0.004u,0.s) (success)
Tactic call close-abstract+autorewrite-regression-quadratic ran for 0.001 secs (0.u,0.s)
Params: n= 10
Tactic call autorewrite-regression-quadratic ran for 0.003 secs (0.003u,0.s) (success)
Tactic call autorewrite-noop-regression-linear ran for 0. secs (0.u,0.s) (success)
Tactic call abstract+autorewrite-regression-quadratic ran for 0.005 secs (0.005u,0.s) (success)
Tactic call close-abstract+autorewrite-regression-quadratic ran for 0. secs (0.u,0.s)
Params: n= 11
Tactic call autorewrite-regression-quadratic ran for 0.004 secs (0.004u,0.s) (success)
Tactic call autorewrite-noop-regression-linear ran for 0. secs (0.u,0.s) (success)
Tactic call abstract+autorewrite-regression-quadratic ran for 0.005 secs (0.005u,0.s) (success)
Tactic call close-abstract+autorewrite-regression-quadratic ran for 0.001 secs (0.001u,0.s)
Params: n= 12
Tactic call autorewrite-regression-quadratic ran for 0.004 secs (0.004u,0.s) (success)
Tactic call autorewrite-noop-regression-linear ran for 0.001 secs (0.001u,0.s) (success)
Tactic call abstract+autorewrite-regression-quadratic ran for 0.007 secs (0.007u,0.s) (success)
Tactic call close-abstract+autorewrite-regression-quadratic ran for 0.001 secs (0.001u,0.s)
Params: n= 13
Tactic call autorewrite-regression-quadratic ran for 0.058 secs (0.055u,0.003s) (success)
Tactic call autorewrite-noop-regression-linear ran for 0. secs (0.u,0.s) (success)
Tactic call abstract+autorewrite-regression-quadratic ran for 0.06 secs (0.056u,0.003s) (success)
Tactic call close-abstract+autorewrite-regression-quadratic ran for 0.001 secs (0.001u,0.s)
Params: n= 14
Tactic call autorewrite-regression-quadratic ran for 0.004 secs (0.004u,0.s) (success)
Tactic call autorewrite-noop-regression-linear ran for 0. secs (0.u,0.s) (success)
Tactic call abstract+autorewrite-regression-quadratic ran for 0.006 secs (0.006u,0.s) (success)
Tactic call close-abstract+autorewrite-regression-quadratic ran for 0.001 secs (0.001u,0.s)
Params: n= 15
Tactic call autorewrite-regression-quadratic ran for 0.005 secs (0.005u,0.s) (success)
Tactic call autorewrite-noop-regression-linear ran for 0. secs (0.u,0.s) (success)
Tactic call abstract+autorewrite-regression-quadratic ran for 0.007 secs (0.007u,0.s) (success)
Tactic call close-abstract+autorewrite-regression-quadratic ran for 0.001 secs (0.001u,0.s)
Params: n= 16
Tactic call autorewrite-regression-quadratic ran for 0.005 secs (0.005u,0.s) (success)
Tactic call autorewrite-noop-regression-linear ran for 0. secs (0.u,0.s) (success)
Tactic call abstract+autorewrite-regression-quadratic ran for 0.007 secs (0.007u,0.s) (success)
Tactic call close-abstract+autorewrite-regression-quadratic ran for 0.001 secs (0.001u,0.s)
Params: n= 17
Tactic call autorewrite-regression-quadratic ran for 0.006 secs (0.006u,0.s) (success)
Tactic call autorewrite-noop-regression-linear ran for 0. secs (0.u,0.s) (success)
Tactic call abstract+autorewrite-regression-quadratic ran for 0.008 secs (0.008u,0.s) (success)
Tactic call close-abstract+autorewrite-regression-quadratic ran for 0.001 secs (0.001u,0.s)
Params: n= 18
Tactic call autorewrite-regression-quadratic ran for 0.006 secs (0.006u,0.s) (success)
Tactic call autorewrite-noop-regression-linear ran for 0. secs (0.u,0.s) (success)
Tactic call abstract+autorewrite-regression-quadratic ran for 0.009 secs (0.009u,0.s) (success)
Tactic call close-abstract+autorewrite-regression-quadratic ran for 0.001 secs (0.001u,0.s)
Params: n= 19
Tactic call autorewrite-regression-quadratic ran for 0.007 secs (0.007u,0.s) (success)
Tactic call autorewrite-noop-regression-linear ran for 0. secs (0.u,0.s) (success)
Tactic call abstract+autorewrite-regression-quadratic ran for 0.009 secs (0.009u,0.s) (success)
Tactic call close-abstract+autorewrite-regression-quadratic ran for 0.001 secs (0.001u,0.s)
Params: n= 20
Tactic call autorewrite-regression-quadratic ran for 0.01 secs (0.01u,0.s) (success)
Tactic call autorewrite-noop-regression-linear ran for 0. secs (0.u,0.s) (success)
Tactic call abstract+autorewrite-regression-quadratic ran for 0.012 secs (0.012u,0.s) (success)
Tactic call close-abstract+autorewrite-regression-quadratic ran for 0.002 secs (0.002u,0.s)
Params: n= 21
Tactic call autorewrite-regression-quadratic ran for 0.007 secs (0.007u,0.s) (success)
Tactic call autorewrite-noop-regression-linear ran for 0. secs (0.u,0.s) (success)
Tactic call abstract+autorewrite-regression-quadratic ran for 0.01 secs (0.01u,0.s) (success)
Tactic call close-abstract+autorewrite-regression-quadratic ran for 0.002 secs (0.002u,0.s)
Params: n= 22
Tactic call autorewrite-regression-quadratic ran for 0.008 secs (0.008u,0.s) (success)
Tactic call autorewrite-noop-regression-linear ran for 0. secs (0.u,0.s) (success)
Tactic call abstract+autorewrite-regression-quadratic ran for 0.012 secs (0.012u,0.s) (success)
Tactic call close-abstract+autorewrite-regression-quadratic ran for 0.003 secs (0.003u,0.s)
Params: n= 23
Tactic call autorewrite-regression-quadratic ran for 0.009 secs (0.009u,0.s) (success)
Tactic call autorewrite-noop-regression-linear ran for 0. secs (0.u,0.s) (success)
Tactic call abstract+autorewrite-regression-quadratic ran for 0.012 secs (0.012u,0.s) (success)
Tactic call close-abstract+autorewrite-regression-quadratic ran for 0.002 secs (0.002u,0.s)
Params: n= 24
Tactic call autorewrite-regression-quadratic ran for 0.009 secs (0.009u,0.s) (success)
Tactic call autorewrite-noop-regression-linear ran for 0. secs (0.u,0.s) (success)
Tactic call abstract+autorewrite-regression-quadratic ran for 0.013 secs (0.013u,0.s) (success)
Tactic call close-abstract+autorewrite-regression-quadratic ran for 0.002 secs (0.002u,0.s)
Params: n= 25
Tactic call autorewrite-regression-quadratic ran for 0.011 secs (0.011u,0.s) (success)
Tactic call autorewrite-noop-regression-linear ran for 0. secs (0.u,0.s) (success)
Tactic call abstract+autorewrite-regression-quadratic ran for 0.015 secs (0.015u,0.s) (success)
Tactic call close-abstract+autorewrite-regression-quadratic ran for 0.003 secs (0.003u,0.s)
Params: n= 26
Tactic call autorewrite-regression-quadratic ran for 0.012 secs (0.012u,0.s) (success)
Tactic call autorewrite-noop-regression-linear ran for 0. secs (0.u,0.s) (success)
Tactic call abstract+autorewrite-regression-quadratic ran for 0.016 secs (0.016u,0.s) (success)
Tactic call close-abstract+autorewrite-regression-quadratic ran for 0.003 secs (0.003u,0.s)
Params: n= 27
Tactic call autorewrite-regression-quadratic ran for 0.011 secs (0.011u,0.s) (success)
Tactic call autorewrite-noop-regression-linear ran for 0. secs (0.u,0.s) (success)
Tactic call abstract+autorewrite-regression-quadratic ran for 0.016 secs (0.016u,0.s) (success)
Tactic call close-abstract+autorewrite-regression-quadratic ran for 0.003 secs (0.003u,0.s)
Params: n= 28
Tactic call autorewrite-regression-quadratic ran for 0.012 secs (0.012u,0.s) (success)
Tactic call autorewrite-noop-regression-linear ran for 0. secs (0.u,0.s) (success)
Tactic call abstract+autorewrite-regression-quadratic ran for 0.017 secs (0.017u,0.s) (success)
Tactic call close-abstract+autorewrite-regression-quadratic ran for 0.003 secs (0.003u,0.s)
Params: n= 29
Tactic call autorewrite-regression-quadratic ran for 0.026 secs (0.026u,0.s) (success)
Tactic call autorewrite-noop-regression-linear ran for 0. secs (0.u,0.s) (success)
Tactic call abstract+autorewrite-regression-quadratic ran for 0.031 secs (0.031u,0.s) (success)
Tactic call close-abstract+autorewrite-regression-quadratic ran for 0.004 secs (0.004u,0.s)
Params: n= 30
Tactic call autorewrite-regression-quadratic ran for 0.014 secs (0.014u,0.s) (success)
Tactic call autorewrite-noop-regression-linear ran for 0. secs (0.u,0.s) (success)
Tactic call abstract+autorewrite-regression-quadratic ran for 0.019 secs (0.019u,0.s) (success)
Tactic call close-abstract+autorewrite-regression-quadratic ran for 0.004 secs (0.004u,0.s)
Params: n= 31
Tactic call autorewrite-regression-quadratic ran for 0.015 secs (0.015u,0.s) (success)
Tactic call autorewrite-noop-regression-linear ran for 0. secs (0.u,0.s) (success)
Tactic call abstract+autorewrite-regression-quadratic ran for 0.021 secs (0.021u,0.s) (success)
Tactic call close-abstract+autorewrite-regression-quadratic ran for 0.005 secs (0.005u,0.s)
Params: n= 32
Tactic call autorewrite-regression-quadratic ran for 0.016 secs (0.016u,0.s) (success)
Tactic call autorewrite-noop-regression-linear ran for 0. secs (0.u,0.s) (success)
Tactic call abstract+autorewrite-regression-quadratic ran for 0.021 secs (0.021u,0.s) (success)
Tactic call close-abstract+autorewrite-regression-quadratic ran for 0.004 secs (0.004u,0.s)
Params: n= 33
Tactic call autorewrite-regression-quadratic ran for 0.017 secs (0.017u,0.s) (success)
Tactic call autorewrite-noop-regression-linear ran for 0. secs (0.u,0.s) (success)
Tactic call abstract+autorewrite-regression-quadratic ran for 0.023 secs (0.023u,0.s) (success)
Tactic call close-abstract+autorewrite-regression-quadratic ran for 0.005 secs (0.005u,0.s)
Params: n= 34
Tactic call autorewrite-regression-quadratic ran for 0.031 secs (0.031u,0.s) (success)
Tactic call autorewrite-noop-regression-linear ran for 0. secs (0.u,0.s) (success)
Tactic call abstract+autorewrite-regression-quadratic ran for 0.038 secs (0.038u,0.s) (success)
Tactic call close-abstract+autorewrite-regression-quadratic ran for 0.006 secs (0.006u,0.s)
Params: n= 35
Tactic call autorewrite-regression-quadratic ran for 0.018 secs (0.018u,0.s) (success)
Tactic call autorewrite-noop-regression-linear ran for 0. secs (0.u,0.s) (success)
Tactic call abstract+autorewrite-regression-quadratic ran for 0.025 secs (0.025u,0.s) (success)
Tactic call close-abstract+autorewrite-regression-quadratic ran for 0.005 secs (0.005u,0.s)
Params: n= 36
Tactic call autorewrite-regression-quadratic ran for 0.02 secs (0.02u,0.s) (success)
Tactic call autorewrite-noop-regression-linear ran for 0.002 secs (0.002u,0.s) (success)
Tactic call abstract+autorewrite-regression-quadratic ran for 0.028 secs (0.028u,0.s) (success)
Tactic call close-abstract+autorewrite-regression-quadratic ran for 0.005 secs (0.005u,0.s)
Params: n= 37
Tactic call autorewrite-regression-quadratic ran for 0.02 secs (0.02u,0.s) (success)
Tactic call autorewrite-noop-regression-linear ran for 0. secs (0.u,0.s) (success)
Tactic call abstract+autorewrite-regression-quadratic ran for 0.027 secs (0.027u,0.s) (success)
Tactic call close-abstract+autorewrite-regression-quadratic ran for 0.006 secs (0.006u,0.s)
Params: n= 38
Tactic call autorewrite-regression-quadratic ran for 0.022 secs (0.022u,0.s) (success)
Tactic call autorewrite-noop-regression-linear ran for 0. secs (0.u,0.s) (success)
Tactic call abstract+autorewrite-regression-quadratic ran for 0.03 secs (0.03u,0.s) (success)
Tactic call close-abstract+autorewrite-regression-quadratic ran for 0.007 secs (0.007u,0.s)
Params: n= 39
Tactic call autorewrite-regression-quadratic ran for 0.022 secs (0.022u,0.s) (success)
Tactic call autorewrite-noop-regression-linear ran for 0. secs (0.u,0.s) (success)
Tactic call abstract+autorewrite-regression-quadratic ran for 0.03 secs (0.03u,0.s) (success)
Tactic call close-abstract+autorewrite-regression-quadratic ran for 0.007 secs (0.007u,0.s)
Params: n= 40
Tactic call autorewrite-regression-quadratic ran for 0.078 secs (0.078u,0.s) (success)
Tactic call autorewrite-noop-regression-linear ran for 0. secs (0.u,0.s) (success)
Tactic call abstract+autorewrite-regression-quadratic ran for 0.087 secs (0.087u,0.s) (success)
Tactic call close-abstract+autorewrite-regression-quadratic ran for 0.007 secs (0.007u,0.s)
Params: n= 41
Tactic call autorewrite-regression-quadratic ran for 0.024 secs (0.024u,0.s) (success)
Tactic call autorewrite-noop-regression-linear ran for 0. secs (0.u,0.s) (success)
Tactic call abstract+autorewrite-regression-quadratic ran for 0.032 secs (0.032u,0.s) (success)
Tactic call close-abstract+autorewrite-regression-quadratic ran for 0.007 secs (0.007u,0.s)
Params: n= 42
Tactic call autorewrite-regression-quadratic ran for 0.025 secs (0.025u,0.s) (success)
Tactic call autorewrite-noop-regression-linear ran for 0. secs (0.u,0.s) (success)
Tactic call abstract+autorewrite-regression-quadratic ran for 0.034 secs (0.034u,0.s) (success)
Tactic call close-abstract+autorewrite-regression-quadratic ran for 0.007 secs (0.007u,0.s)
Params: n= 43
Tactic call autorewrite-regression-quadratic ran for 0.024 secs (0.024u,0.s) (success)
Tactic call autorewrite-noop-regression-linear ran for 0. secs (0.u,0.s) (success)
Tactic call abstract+autorewrite-regression-quadratic ran for 0.061 secs (0.061u,0.s) (success)
Tactic call close-abstract+autorewrite-regression-quadratic ran for 0.036 secs (0.036u,0.s)
Params: n= 44
Tactic call autorewrite-regression-quadratic ran for 0.025 secs (0.025u,0.s) (success)
Tactic call autorewrite-noop-regression-linear ran for 0. secs (0.u,0.s) (success)
Tactic call abstract+autorewrite-regression-quadratic ran for 0.035 secs (0.035u,0.s) (success)
Tactic call close-abstract+autorewrite-regression-quadratic ran for 0.009 secs (0.009u,0.s)
Params: n= 45
Tactic call autorewrite-regression-quadratic ran for 0.028 secs (0.028u,0.s) (success)
Tactic call autorewrite-noop-regression-linear ran for 0. secs (0.u,0.s) (success)
Tactic call abstract+autorewrite-regression-quadratic ran for 0.038 secs (0.038u,0.s) (success)
Tactic call close-abstract+autorewrite-regression-quadratic ran for 0.008 secs (0.008u,0.s)
Params: n= 46
Tactic call autorewrite-regression-quadratic ran for 0.029 secs (0.029u,0.s) (success)
Tactic call autorewrite-noop-regression-linear ran for 0. secs (0.u,0.s) (success)
Tactic call abstract+autorewrite-regression-quadratic ran for 0.059 secs (0.059u,0.s) (success)
Tactic call close-abstract+autorewrite-regression-quadratic ran for 0.029 secs (0.029u,0.s)
Params: n= 47
Tactic call autorewrite-regression-quadratic ran for 0.028 secs (0.028u,0.s) (success)
Tactic call autorewrite-noop-regression-linear ran for 0. secs (0.u,0.s) (success)
Tactic call abstract+autorewrite-regression-quadratic ran for 0.04 secs (0.04u,0.s) (success)
Tactic call close-abstract+autorewrite-regression-quadratic ran for 0.01 secs (0.01u,0.s)
Params: n= 48
Tactic call autorewrite-regression-quadratic ran for 0.032 secs (0.032u,0.s) (success)
Tactic call autorewrite-noop-regression-linear ran for 0. secs (0.u,0.s) (success)
Tactic call abstract+autorewrite-regression-quadratic ran for 0.043 secs (0.043u,0.s) (success)
Tactic call close-abstract+autorewrite-regression-quadratic ran for 0.01 secs (0.01u,0.s)
Params: n= 49
Tactic call autorewrite-regression-quadratic ran for 0.032 secs (0.032u,0.s) (success)
Tactic call autorewrite-noop-regression-linear ran for 0. secs (0.u,0.s) (success)
Tactic call abstract+autorewrite-regression-quadratic ran for 0.044 secs (0.044u,0.s) (success)
Tactic call close-abstract+autorewrite-regression-quadratic ran for 0.01 secs (0.01u,0.s)
Params: n= 51
Tactic call autorewrite-regression-quadratic ran for 0.036 secs (0.034u,0.002s) (success)
Tactic call autorewrite-noop-regression-linear ran for 0. secs (0.u,0.s) (success)
Tactic call abstract+autorewrite-regression-quadratic ran for 0.048 secs (0.046u,0.002s) (success)
Tactic call close-abstract+autorewrite-regression-quadratic ran for 0.011 secs (0.011u,0.s)
Params: n= 52
Tactic call autorewrite-regression-quadratic ran for 0.035 secs (0.035u,0.s) (success)
Tactic call autorewrite-noop-regression-linear ran for 0. secs (0.u,0.s) (success)
Tactic call abstract+autorewrite-regression-quadratic ran for 0.049 secs (0.049u,0.s) (success)
Tactic call close-abstract+autorewrite-regression-quadratic ran for 0.012 secs (0.012u,0.s)
Params: n= 53
Tactic call autorewrite-regression-quadratic ran for 0.036 secs (0.036u,0.s) (success)
Tactic call autorewrite-noop-regression-linear ran for 0. secs (0.u,0.s) (success)
Tactic call abstract+autorewrite-regression-quadratic ran for 0.05 secs (0.05u,0.s) (success)
Tactic call close-abstract+autorewrite-regression-quadratic ran for 0.012 secs (0.012u,0.s)
Params: n= 54
Tactic call autorewrite-regression-quadratic ran for 0.036 secs (0.036u,0.s) (success)
Tactic call autorewrite-noop-regression-linear ran for 0. secs (0.u,0.s) (success)
Tactic call abstract+autorewrite-regression-quadratic ran for 0.05 secs (0.05u,0.s) (success)
Tactic call close-abstract+autorewrite-regression-quadratic ran for 0.012 secs (0.012u,0.s)
Params: n= 55
Tactic call autorewrite-regression-quadratic ran for 0.039 secs (0.039u,0.s) (success)
Tactic call autorewrite-noop-regression-linear ran for 0. secs (0.u,0.s) (success)
Tactic call abstract+autorewrite-regression-quadratic ran for 0.054 secs (0.054u,0.s) (success)
Tactic call close-abstract+autorewrite-regression-quadratic ran for 0.014 secs (0.014u,0.s)
Params: n= 56
Tactic call autorewrite-regression-quadratic ran for 0.04 secs (0.04u,0.s) (success)
Tactic call autorewrite-noop-regression-linear ran for 0. secs (0.u,0.s) (success)
Tactic call abstract+autorewrite-regression-quadratic ran for 0.055 secs (0.055u,0.s) (success)
Tactic call close-abstract+autorewrite-regression-quadratic ran for 0.014 secs (0.014u,0.s)
Params: n= 57
Tactic call autorewrite-regression-quadratic ran for 0.04 secs (0.04u,0.s) (success)
Tactic call autorewrite-noop-regression-linear ran for 0. secs (0.u,0.s) (success)
Tactic call abstract+autorewrite-regression-quadratic ran for 0.058 secs (0.058u,0.s) (success)
Tactic call close-abstract+autorewrite-regression-quadratic ran for 0.015 secs (0.015u,0.s)
Params: n= 58
Tactic call autorewrite-regression-quadratic ran for 0.043 secs (0.043u,0.s) (success)
Tactic call autorewrite-noop-regression-linear ran for 0. secs (0.u,0.s) (success)
Tactic call abstract+autorewrite-regression-quadratic ran for 0.059 secs (0.055u,0.003s) (success)
Tactic call close-abstract+autorewrite-regression-quadratic ran for 0.014 secs (0.011u,0.002s)
Params: n= 59
Tactic call autorewrite-regression-quadratic ran for 0.043 secs (0.043u,0.s) (success)
Tactic call autorewrite-noop-regression-linear ran for 0. secs (0.u,0.s) (success)
Tactic call abstract+autorewrite-regression-quadratic ran for 0.062 secs (0.062u,0.s) (success)
Tactic call close-abstract+autorewrite-regression-quadratic ran for 0.016 secs (0.016u,0.s)
Params: n= 60
Tactic call autorewrite-regression-quadratic ran for 0.046 secs (0.046u,0.s) (success)
Tactic call autorewrite-noop-regression-linear ran for 0. secs (0.u,0.s) (success)
Tactic call abstract+autorewrite-regression-quadratic ran for 0.064 secs (0.064u,0.s) (success)
Tactic call close-abstract+autorewrite-regression-quadratic ran for 0.016 secs (0.016u,0.s)
Params: n= 61
Tactic call autorewrite-regression-quadratic ran for 0.049 secs (0.049u,0.s) (success)
Tactic call autorewrite-noop-regression-linear ran for 0. secs (0.u,0.s) (success)
Tactic call abstract+autorewrite-regression-quadratic ran for 0.065 secs (0.065u,0.s) (success)
Tactic call close-abstract+autorewrite-regression-quadratic ran for 0.015 secs (0.015u,0.s)
Params: n= 62
Tactic call autorewrite-regression-quadratic ran for 0.05 secs (0.05u,0.s) (success)
Tactic call autorewrite-noop-regression-linear ran for 0. secs (0.u,0.s) (success)
Tactic call abstract+autorewrite-regression-quadratic ran for 0.068 secs (0.068u,0.s) (success)
Tactic call close-abstract+autorewrite-regression-quadratic ran for 0.016 secs (0.016u,0.s)
Params: n= 63
Tactic call autorewrite-regression-quadratic ran for 0.051 secs (0.051u,0.s) (success)
Tactic call autorewrite-noop-regression-linear ran for 0. secs (0.u,0.s) (success)
Tactic call abstract+autorewrite-regression-quadratic ran for 0.071 secs (0.071u,0.s) (success)
Tactic call close-abstract+autorewrite-regression-quadratic ran for 0.018 secs (0.018u,0.s)
Params: n= 64
Tactic call autorewrite-regression-quadratic ran for 0.049 secs (0.049u,0.s) (success)
Tactic call autorewrite-noop-regression-linear ran for 0.003 secs (0.003u,0.s) (success)
Tactic call abstract+autorewrite-regression-quadratic ran for 0.071 secs (0.071u,0.s) (success)
Tactic call close-abstract+autorewrite-regression-quadratic ran for 0.017 secs (0.017u,0.s)
Params: n= 65
Tactic call autorewrite-regression-quadratic ran for 0.054 secs (0.054u,0.s) (success)
Tactic call autorewrite-noop-regression-linear ran for 0. secs (0.u,0.s) (success)
Tactic call abstract+autorewrite-regression-quadratic ran for 0.075 secs (0.075u,0.s) (success)
Tactic call close-abstract+autorewrite-regression-quadratic ran for 0.019 secs (0.019u,0.s)
Params: n= 66
Tactic call autorewrite-regression-quadratic ran for 0.055 secs (0.055u,0.s) (success)
Tactic call autorewrite-noop-regression-linear ran for 0. secs (0.u,0.s) (success)
Tactic call abstract+autorewrite-regression-quadratic ran for 0.076 secs (0.076u,0.s) (success)
Tactic call close-abstract+autorewrite-regression-quadratic ran for 0.019 secs (0.019u,0.s)
Params: n= 67
Tactic call autorewrite-regression-quadratic ran for 0.055 secs (0.055u,0.s) (success)
Tactic call autorewrite-noop-regression-linear ran for 0. secs (0.u,0.s) (success)
Tactic call abstract+autorewrite-regression-quadratic ran for 0.075 secs (0.075u,0.s) (success)
Tactic call close-abstract+autorewrite-regression-quadratic ran for 0.018 secs (0.018u,0.s)
Params: n= 68
Tactic call autorewrite-regression-quadratic ran for 0.057 secs (0.057u,0.s) (success)
Tactic call autorewrite-noop-regression-linear ran for 0. secs (0.u,0.s) (success)
Tactic call abstract+autorewrite-regression-quadratic ran for 0.08 secs (0.08u,0.s) (success)
Tactic call close-abstract+autorewrite-regression-quadratic ran for 0.021 secs (0.021u,0.s)
Params: n= 69
Tactic call autorewrite-regression-quadratic ran for 0.06 secs (0.06u,0.s) (success)
Tactic call autorewrite-noop-regression-linear ran for 0. secs (0.u,0.s) (success)
Tactic call abstract+autorewrite-regression-quadratic ran for 0.083 secs (0.083u,0.s) (success)
Tactic call close-abstract+autorewrite-regression-quadratic ran for 0.021 secs (0.021u,0.s)
Params: n= 70
Tactic call autorewrite-regression-quadratic ran for 0.06 secs (0.06u,0.s) (success)
Tactic call autorewrite-noop-regression-linear ran for 0. secs (0.u,0.s) (success)
Tactic call abstract+autorewrite-regression-quadratic ran for 0.083 secs (0.082u,0.s) (success)
Tactic call close-abstract+autorewrite-regression-quadratic ran for 0.021 secs (0.021u,0.s)
Params: n= 71
Tactic call autorewrite-regression-quadratic ran for 0.064 secs (0.064u,0.s) (success)
Tactic call autorewrite-noop-regression-linear ran for 0. secs (0.u,0.s) (success)
Tactic call abstract+autorewrite-regression-quadratic ran for 0.087 secs (0.087u,0.s) (success)
Tactic call close-abstract+autorewrite-regression-quadratic ran for 0.021 secs (0.021u,0.s)
Params: n= 72
Tactic call autorewrite-regression-quadratic ran for 0.064 secs (0.064u,0.s) (success)
Tactic call autorewrite-noop-regression-linear ran for 0. secs (0.u,0.s) (success)
Tactic call abstract+autorewrite-regression-quadratic ran for 0.089 secs (0.089u,0.s) (success)
Tactic call close-abstract+autorewrite-regression-quadratic ran for 0.023 secs (0.023u,0.s)
Params: n= 73
Tactic call autorewrite-regression-quadratic ran for 0.069 secs (0.069u,0.s) (success)
Tactic call autorewrite-noop-regression-linear ran for 0. secs (0.u,0.s) (success)
Tactic call abstract+autorewrite-regression-quadratic ran for 0.094 secs (0.094u,0.s) (success)
Tactic call close-abstract+autorewrite-regression-quadratic ran for 0.023 secs (0.023u,0.s)
Params: n= 74
Tactic call autorewrite-regression-quadratic ran for 0.065 secs (0.065u,0.s) (success)
Tactic call autorewrite-noop-regression-linear ran for 0. secs (0.u,0.s) (success)
Tactic call abstract+autorewrite-regression-quadratic ran for 0.091 secs (0.091u,0.s) (success)
Tactic call close-abstract+autorewrite-regression-quadratic ran for 0.024 secs (0.024u,0.s)
Params: n= 75
Tactic call autorewrite-regression-quadratic ran for 0.07 secs (0.07u,0.s) (success)
Tactic call autorewrite-noop-regression-linear ran for 0. secs (0.u,0.s) (success)
Tactic call abstract+autorewrite-regression-quadratic ran for 0.097 secs (0.097u,0.s) (success)
Tactic call close-abstract+autorewrite-regression-quadratic ran for 0.025 secs (0.025u,0.s)
Params: n= 76
Tactic call autorewrite-regression-quadratic ran for 0.075 secs (0.075u,0.s) (success)
Tactic call autorewrite-noop-regression-linear ran for 0.002 secs (0.002u,0.s) (success)
Tactic call abstract+autorewrite-regression-quadratic ran for 0.103 secs (0.103u,0.s) (success)
Tactic call close-abstract+autorewrite-regression-quadratic ran for 0.024 secs (0.024u,0.s)
Params: n= 77
Tactic call autorewrite-regression-quadratic ran for 0.076 secs (0.076u,0.s) (success)
Tactic call autorewrite-noop-regression-linear ran for 0. secs (0.u,0.s) (success)
Tactic call abstract+autorewrite-regression-quadratic ran for 0.104 secs (0.104u,0.s) (success)
Tactic call close-abstract+autorewrite-regression-quadratic ran for 0.025 secs (0.025u,0.s)
Params: n= 78
Tactic call autorewrite-regression-quadratic ran for 0.078 secs (0.078u,0.s) (success)
Tactic call autorewrite-noop-regression-linear ran for 0. secs (0.u,0.s) (success)
Tactic call abstract+autorewrite-regression-quadratic ran for 0.105 secs (0.105u,0.s) (success)
Tactic call close-abstract+autorewrite-regression-quadratic ran for 0.025 secs (0.025u,0.s)
Params: n= 79
Tactic call autorewrite-regression-quadratic ran for 0.078 secs (0.078u,0.s) (success)
Tactic call autorewrite-noop-regression-linear ran for 0. secs (0.u,0.s) (success)
Tactic call abstract+autorewrite-regression-quadratic ran for 0.106 secs (0.106u,0.s) (success)
Tactic call close-abstract+autorewrite-regression-quadratic ran for 0.025 secs (0.025u,0.s)
Params: n= 80
Tactic call autorewrite-regression-quadratic ran for 0.078 secs (0.078u,0.s) (success)
Tactic call autorewrite-noop-regression-linear ran for 0. secs (0.u,0.s) (success)
Tactic call abstract+autorewrite-regression-quadratic ran for 0.109 secs (0.109u,0.s) (success)
Tactic call close-abstract+autorewrite-regression-quadratic ran for 0.029 secs (0.029u,0.s)
Params: n= 81
Tactic call autorewrite-regression-quadratic ran for 0.08 secs (0.08u,0.s) (success)
Tactic call autorewrite-noop-regression-linear ran for 0. secs (0.u,0.s) (success)
Tactic call abstract+autorewrite-regression-quadratic ran for 0.113 secs (0.11u,0.003s) (success)
Tactic call close-abstract+autorewrite-regression-quadratic ran for 0.031 secs (0.027u,0.003s)
Params: n= 82
Tactic call autorewrite-regression-quadratic ran for 0.084 secs (0.084u,0.s) (success)
Tactic call autorewrite-noop-regression-linear ran for 0. secs (0.u,0.s) (success)
Tactic call abstract+autorewrite-regression-quadratic ran for 0.119 secs (0.119u,0.s) (success)
Tactic call close-abstract+autorewrite-regression-quadratic ran for 0.033 secs (0.033u,0.s)
Params: n= 83
Tactic call autorewrite-regression-quadratic ran for 0.086 secs (0.086u,0.s) (success)
Tactic call autorewrite-noop-regression-linear ran for 0. secs (0.u,0.s) (success)
Tactic call abstract+autorewrite-regression-quadratic ran for 0.117 secs (0.117u,0.s) (success)
Tactic call close-abstract+autorewrite-regression-quadratic ran for 0.029 secs (0.029u,0.s)
Params: n= 84
Tactic call autorewrite-regression-quadratic ran for 0.091 secs (0.091u,0.s) (success)
Tactic call autorewrite-noop-regression-linear ran for 0. secs (0.u,0.s) (success)
Tactic call abstract+autorewrite-regression-quadratic ran for 0.123 secs (0.123u,0.s) (success)
Tactic call close-abstract+autorewrite-regression-quadratic ran for 0.029 secs (0.029u,0.s)
Params: n= 85
Tactic call autorewrite-regression-quadratic ran for 0.091 secs (0.091u,0.s) (success)
Tactic call autorewrite-noop-regression-linear ran for 0. secs (0.u,0.s) (success)
Tactic call abstract+autorewrite-regression-quadratic ran for 0.124 secs (0.124u,0.s) (success)
Tactic call close-abstract+autorewrite-regression-quadratic ran for 0.031 secs (0.031u,0.s)
Params: n= 86
Tactic call autorewrite-regression-quadratic ran for 0.093 secs (0.093u,0.s) (success)
Tactic call autorewrite-noop-regression-linear ran for 0. secs (0.u,0.s) (success)
Tactic call abstract+autorewrite-regression-quadratic ran for 0.13 secs (0.13u,0.s) (success)
Tactic call close-abstract+autorewrite-regression-quadratic ran for 0.035 secs (0.035u,0.s)
Params: n= 87
Tactic call autorewrite-regression-quadratic ran for 0.09 secs (0.09u,0.s) (success)
Tactic call autorewrite-noop-regression-linear ran for 0. secs (0.u,0.s) (success)
Tactic call abstract+autorewrite-regression-quadratic ran for 0.127 secs (0.123u,0.003s) (success)
Tactic call close-abstract+autorewrite-regression-quadratic ran for 0.034 secs (0.03u,0.003s)
Params: n= 88
Tactic call autorewrite-regression-quadratic ran for 0.099 secs (0.099u,0.s) (success)
Tactic call autorewrite-noop-regression-linear ran for 0.001 secs (0.001u,0.s) (success)
Tactic call abstract+autorewrite-regression-quadratic ran for 0.134 secs (0.134u,0.s) (success)
Tactic call close-abstract+autorewrite-regression-quadratic ran for 0.033 secs (0.033u,0.s)
Params: n= 89
Tactic call autorewrite-regression-quadratic ran for 0.103 secs (0.103u,0.s) (success)
Tactic call autorewrite-noop-regression-linear ran for 0.001 secs (0.001u,0.s) (success)
Tactic call abstract+autorewrite-regression-quadratic ran for 0.141 secs (0.141u,0.s) (success)
Tactic call close-abstract+autorewrite-regression-quadratic ran for 0.036 secs (0.036u,0.s)
Params: n= 90
Tactic call autorewrite-regression-quadratic ran for 0.096 secs (0.096u,0.s) (success)
Tactic call autorewrite-noop-regression-linear ran for 0. secs (0.u,0.s) (success)
Tactic call abstract+autorewrite-regression-quadratic ran for 0.136 secs (0.136u,0.s) (success)
Tactic call close-abstract+autorewrite-regression-quadratic ran for 0.038 secs (0.038u,0.s)
Params: n= 91
Tactic call autorewrite-regression-quadratic ran for 0.095 secs (0.095u,0.s) (success)
Tactic call autorewrite-noop-regression-linear ran for 0. secs (0.u,0.s) (success)
Tactic call abstract+autorewrite-regression-quadratic ran for 0.134 secs (0.134u,0.s) (success)
Tactic call close-abstract+autorewrite-regression-quadratic ran for 0.037 secs (0.037u,0.s)
Params: n= 92
Tactic call autorewrite-regression-quadratic ran for 0.096 secs (0.096u,0.s) (success)
Tactic call autorewrite-noop-regression-linear ran for 0.001 secs (0.001u,0.s) (success)
Tactic call abstract+autorewrite-regression-quadratic ran for 0.137 secs (0.137u,0.s) (success)
Tactic call close-abstract+autorewrite-regression-quadratic ran for 0.038 secs (0.038u,0.s)
Params: n= 93
Tactic call autorewrite-regression-quadratic ran for 0.104 secs (0.1u,0.003s) (success)
Tactic call autorewrite-noop-regression-linear ran for 0. secs (0.u,0.s) (success)
Tactic call abstract+autorewrite-regression-quadratic ran for 0.145 secs (0.141u,0.003s) (success)
Tactic call close-abstract+autorewrite-regression-quadratic ran for 0.039 secs (0.039u,0.s)
Params: n= 94
Tactic call autorewrite-regression-quadratic ran for 0.101 secs (0.101u,0.s) (success)
Tactic call autorewrite-noop-regression-linear ran for 0. secs (0.u,0.s) (success)
Tactic call abstract+autorewrite-regression-quadratic ran for 0.141 secs (0.141u,0.s) (success)
Tactic call close-abstract+autorewrite-regression-quadratic ran for 0.037 secs (0.037u,0.s)
Params: n= 95
Tactic call autorewrite-regression-quadratic ran for 0.102 secs (0.102u,0.s) (success)
Tactic call autorewrite-noop-regression-linear ran for 0. secs (0.u,0.s) (success)
Tactic call abstract+autorewrite-regression-quadratic ran for 0.144 secs (0.144u,0.s) (success)
Tactic call close-abstract+autorewrite-regression-quadratic ran for 0.04 secs (0.04u,0.s)
Params: n= 96
Tactic call autorewrite-regression-quadratic ran for 0.112 secs (0.112u,0.s) (success)
Tactic call autorewrite-noop-regression-linear ran for 0.001 secs (0.001u,0.s) (success)
Tactic call abstract+autorewrite-regression-quadratic ran for 0.159 secs (0.159u,0.s) (success)
Tactic call close-abstract+autorewrite-regression-quadratic ran for 0.045 secs (0.045u,0.s)
Params: n= 97
Tactic call autorewrite-regression-quadratic ran for 0.111 secs (0.107u,0.003s) (success)
Tactic call autorewrite-noop-regression-linear ran for 0. secs (0.u,0.s) (success)
Tactic call abstract+autorewrite-regression-quadratic ran for 0.156 secs (0.152u,0.003s) (success)
Tactic call close-abstract+autorewrite-regression-quadratic ran for 0.043 secs (0.043u,0.s)
Params: n= 98
Tactic call autorewrite-regression-quadratic ran for 0.117 secs (0.117u,0.s) (success)
Tactic call autorewrite-noop-regression-linear ran for 0.001 secs (0.001u,0.s) (success)
Tactic call abstract+autorewrite-regression-quadratic ran for 0.16 secs (0.16u,0.s) (success)
Tactic call close-abstract+autorewrite-regression-quadratic ran for 0.04 secs (0.04u,0.s)
Params: n= 99
Tactic call autorewrite-regression-quadratic ran for 0.118 secs (0.118u,0.s) (success)
Tactic call autorewrite-noop-regression-linear ran for 0.001 secs (0.001u,0.s) (success)
Tactic call abstract+autorewrite-regression-quadratic ran for 0.167 secs (0.167u,0.s) (success)
Tactic call close-abstract+autorewrite-regression-quadratic ran for 0.042 secs (0.042u,0.s)
Params: n= 110
Tactic call autorewrite-regression-quadratic ran for 0.139 secs (0.139u,0.s) (success)
Tactic call autorewrite-noop-regression-linear ran for 0.001 secs (0.001u,0.s) (success)
Tactic call abstract+autorewrite-regression-quadratic ran for 0.195 secs (0.195u,0.s) (success)
Tactic call close-abstract+autorewrite-regression-quadratic ran for 0.053 secs (0.053u,0.s)
Params: n= 120
Tactic call autorewrite-regression-quadratic ran for 0.171 secs (0.167u,0.003s) (success)
Tactic call autorewrite-noop-regression-linear ran for 0.001 secs (0.001u,0.s) (success)
Tactic call abstract+autorewrite-regression-quadratic ran for 0.24 secs (0.236u,0.003s) (success)
Tactic call close-abstract+autorewrite-regression-quadratic ran for 0.066 secs (0.066u,0.s)
Params: n= 130
Tactic call autorewrite-regression-quadratic ran for 0.202 secs (0.198u,0.003s) (success)
Tactic call autorewrite-noop-regression-linear ran for 0.001 secs (0.001u,0.s) (success)
Tactic call abstract+autorewrite-regression-quadratic ran for 0.278 secs (0.274u,0.003s) (success)
Tactic call close-abstract+autorewrite-regression-quadratic ran for 0.073 secs (0.073u,0.s)
Params: n= 140
Tactic call autorewrite-regression-quadratic ran for 0.229 secs (0.229u,0.s) (success)
Tactic call autorewrite-noop-regression-linear ran for 0.001 secs (0.001u,0.s) (success)
Tactic call abstract+autorewrite-regression-quadratic ran for 0.319 secs (0.319u,0.s) (success)
Tactic call close-abstract+autorewrite-regression-quadratic ran for 0.087 secs (0.087u,0.s)
Params: n= 160
Tactic call autorewrite-regression-quadratic ran for 0.304 secs (0.304u,0.s) (success)
Tactic call autorewrite-noop-regression-linear ran for 0.001 secs (0.001u,0.s) (success)
Tactic call abstract+autorewrite-regression-quadratic ran for 0.423 secs (0.423u,0.s) (success)
Tactic call close-abstract+autorewrite-regression-quadratic ran for 0.116 secs (0.116u,0.s)
Params: n= 170
Tactic call autorewrite-regression-quadratic ran for 0.325 secs (0.325u,0.s) (success)
Tactic call autorewrite-noop-regression-linear ran for 0.001 secs (0.001u,0.s) (success)
Tactic call abstract+autorewrite-regression-quadratic ran for 0.452 secs (0.452u,0.s) (success)
Tactic call close-abstract+autorewrite-regression-quadratic ran for 0.123 secs (0.123u,0.s)
Params: n= 180
Tactic call autorewrite-regression-quadratic ran for 0.358 secs (0.358u,0.s) (success)
Tactic call autorewrite-noop-regression-linear ran for 0.001 secs (0.001u,0.s) (success)
Tactic call abstract+autorewrite-regression-quadratic ran for 0.504 secs (0.504u,0.s) (success)
Tactic call close-abstract+autorewrite-regression-quadratic ran for 0.142 secs (0.142u,0.s)
Params: n= 190
Tactic call autorewrite-regression-quadratic ran for 0.406 secs (0.39u,0.015s) (success)
Tactic call autorewrite-noop-regression-linear ran for 0.001 secs (0.001u,0.s) (success)
Tactic call abstract+autorewrite-regression-quadratic ran for 0.58 secs (0.56u,0.019s) (success)
Tactic call close-abstract+autorewrite-regression-quadratic ran for 0.17 secs (0.166u,0.004s)
Params: n= 210
Tactic call autorewrite-regression-quadratic ran for 0.487 secs (0.487u,0.s) (success)
Tactic call autorewrite-noop-regression-linear ran for 0.002 secs (0.002u,0.s) (success)
Tactic call abstract+autorewrite-regression-quadratic ran for 0.682 secs (0.682u,0.s) (success)
Tactic call close-abstract+autorewrite-regression-quadratic ran for 0.191 secs (0.191u,0.s)
Params: n= 220
Tactic call autorewrite-regression-quadratic ran for 0.537 secs (0.537u,0.s) (success)
Tactic call autorewrite-noop-regression-linear ran for 0.002 secs (0.002u,0.s) (success)
Tactic call abstract+autorewrite-regression-quadratic ran for 0.761 secs (0.761u,0.s) (success)
Tactic call close-abstract+autorewrite-regression-quadratic ran for 0.22 secs (0.22u,0.s)
Params: n= 230
Tactic call autorewrite-regression-quadratic ran for 0.598 secs (0.594u,0.004s) (success)
Tactic call autorewrite-noop-regression-linear ran for 0.002 secs (0.002u,0.s) (success)
Tactic call abstract+autorewrite-regression-quadratic ran for 0.835 secs (0.827u,0.008s) (success)
Tactic call close-abstract+autorewrite-regression-quadratic ran for 0.234 secs (0.23u,0.003s)
Params: n= 240
Tactic call autorewrite-regression-quadratic ran for 0.631 secs (0.623u,0.008s) (success)
Tactic call autorewrite-noop-regression-linear ran for 0.002 secs (0.002u,0.s) (success)
Tactic call abstract+autorewrite-regression-quadratic ran for 0.894 secs (0.882u,0.011s) (success)
Tactic call close-abstract+autorewrite-regression-quadratic ran for 0.258 secs (0.254u,0.003s)
Params: n= 260
Tactic call autorewrite-regression-quadratic ran for 0.739 secs (0.735u,0.003s) (success)
Tactic call autorewrite-noop-regression-linear ran for 0.002 secs (0.002u,0.s) (success)
Tactic call abstract+autorewrite-regression-quadratic ran for 1.034 secs (1.026u,0.007s) (success)
Tactic call close-abstract+autorewrite-regression-quadratic ran for 0.289 secs (0.285u,0.003s)
Params: n= 270
Tactic call autorewrite-regression-quadratic ran for 0.767 secs (0.767u,0.s) (success)
Tactic call autorewrite-noop-regression-linear ran for 0.002 secs (0.002u,0.s) (success)
Tactic call abstract+autorewrite-regression-quadratic ran for 1.106 secs (1.102u,0.003s) (success)
Tactic call close-abstract+autorewrite-regression-quadratic ran for 0.334 secs (0.33u,0.003s)
Params: n= 280
Tactic call autorewrite-regression-quadratic ran for 0.856 secs (0.856u,0.s) (success)
Tactic call autorewrite-noop-regression-linear ran for 0.002 secs (0.002u,0.s) (success)
Tactic call abstract+autorewrite-regression-quadratic ran for 1.195 secs (1.195u,0.s) (success)
Tactic call close-abstract+autorewrite-regression-quadratic ran for 0.333 secs (0.333u,0.s)
Params: n= 290
Tactic call autorewrite-regression-quadratic ran for 0.891 secs (0.891u,0.s) (success)
Tactic call autorewrite-noop-regression-linear ran for 0.002 secs (0.002u,0.s) (success)
Tactic call abstract+autorewrite-regression-quadratic ran for 1.265 secs (1.265u,0.s) (success)
Tactic call close-abstract+autorewrite-regression-quadratic ran for 0.369 secs (0.369u,0.s)
Params: n= 310
Tactic call autorewrite-regression-quadratic ran for 1.034 secs (1.034u,0.s) (success)
Tactic call autorewrite-noop-regression-linear ran for 0.002 secs (0.002u,0.s) (success)
Tactic call abstract+autorewrite-regression-quadratic ran for 1.453 secs (1.453u,0.s) (success)
Tactic call close-abstract+autorewrite-regression-quadratic ran for 0.413 secs (0.413u,0.s)
Params: n= 320
Tactic call autorewrite-regression-quadratic ran for 1.098 secs (1.098u,0.s) (success)
Tactic call autorewrite-noop-regression-linear ran for 0.005 secs (0.005u,0.s) (success)
Tactic call abstract+autorewrite-regression-quadratic ran for 1.543 secs (1.542u,0.s) (success)
Tactic call close-abstract+autorewrite-regression-quadratic ran for 0.437 secs (0.437u,0.s)
Params: n= 330
Tactic call autorewrite-regression-quadratic ran for 1.124 secs (1.124u,0.s) (success)
Tactic call autorewrite-noop-regression-linear ran for 0.003 secs (0.003u,0.s) (success)
Tactic call abstract+autorewrite-regression-quadratic ran for 1.591 secs (1.59u,0.s) (success)
Tactic call close-abstract+autorewrite-regression-quadratic ran for 0.461 secs (0.461u,0.s)
Params: n= 340
Tactic call autorewrite-regression-quadratic ran for 1.244 secs (1.244u,0.s) (success)
Tactic call autorewrite-noop-regression-linear ran for 0.003 secs (0.003u,0.s) (success)
Tactic call abstract+autorewrite-regression-quadratic ran for 1.755 secs (1.754u,0.s) (success)
Tactic call close-abstract+autorewrite-regression-quadratic ran for 0.505 secs (0.505u,0.s)
Params: n= 360
Tactic call autorewrite-regression-quadratic ran for 1.393 secs (1.389u,0.003s) (success)
Tactic call autorewrite-noop-regression-linear ran for 0.003 secs (0.003u,0.s) (success)
Tactic call abstract+autorewrite-regression-quadratic ran for 1.979 secs (1.971u,0.007s) (success)
Tactic call close-abstract+autorewrite-regression-quadratic ran for 0.581 secs (0.577u,0.004s)
Params: n= 370
Tactic call autorewrite-regression-quadratic ran for 1.424 secs (1.424u,0.s) (success)
Tactic call autorewrite-noop-regression-linear ran for 0.003 secs (0.003u,0.s) (success)
Tactic call abstract+autorewrite-regression-quadratic ran for 1.993 secs (1.992u,0.s) (success)
Tactic call close-abstract+autorewrite-regression-quadratic ran for 0.563 secs (0.563u,0.s)
Params: n= 380
Tactic call autorewrite-regression-quadratic ran for 1.543 secs (1.543u,0.s) (success)
Tactic call autorewrite-noop-regression-linear ran for 0.003 secs (0.003u,0.s) (success)
Tactic call abstract+autorewrite-regression-quadratic ran for 2.167 secs (2.167u,0.s) (success)
Tactic call close-abstract+autorewrite-regression-quadratic ran for 0.617 secs (0.617u,0.s)
Params: n= 390
Tactic call autorewrite-regression-quadratic ran for 1.606 secs (1.589u,0.015s) (success)
Tactic call autorewrite-noop-regression-linear ran for 0.004 secs (0.004u,0.s) (success)
Tactic call abstract+autorewrite-regression-quadratic ran for 2.274 secs (2.257u,0.015s) (success)
Tactic call close-abstract+autorewrite-regression-quadratic ran for 0.662 secs (0.662u,0.s)
