Params: n= 50
Tactic call rewrite!-regression-quadratic ran for 0.048 secs (0.033u,0.015s) (success)
Tactic call rewrite?-noop-regression-linear ran for 0. secs (0.u,0.s) (success)
Tactic call abstract+rewrite!-regression-quadratic ran for 0.12 secs (0.101u,0.019s) (success)
Tactic call close-abstract+rewrite!-regression-quadratic ran for 0.069 secs (0.066u,0.003s)
Params: n= 100
Tactic call rewrite!-regression-quadratic ran for 0.123 secs (0.123u,0.s) (success)
Tactic call rewrite?-noop-regression-linear ran for 0.001 secs (0.001u,0.s) (success)
Tactic call abstract+rewrite!-regression-quadratic ran for 0.181 secs (0.181u,0.s) (success)
Tactic call close-abstract+rewrite!-regression-quadratic ran for 0.056 secs (0.056u,0.s)
Params: n= 150
Tactic call rewrite!-regression-quadratic ran for 0.278 secs (0.271u,0.007s) (success)
Tactic call rewrite?-noop-regression-linear ran for 0.001 secs (0.001u,0.s) (success)
Tactic call abstract+rewrite!-regression-quadratic ran for 0.452 secs (0.444u,0.007s) (success)
Tactic call close-abstract+rewrite!-regression-quadratic ran for 0.171 secs (0.171u,0.s)
Params: n= 200
Tactic call rewrite!-regression-quadratic ran for 0.506 secs (0.503u,0.003s) (success)
Tactic call rewrite?-noop-regression-linear ran for 0.002 secs (0.002u,0.s) (success)
Tactic call abstract+rewrite!-regression-quadratic ran for 0.697 secs (0.692u,0.003s) (success)
Tactic call close-abstract+rewrite!-regression-quadratic ran for 0.186 secs (0.186u,0.s)
Params: n= 250
Tactic call rewrite!-regression-quadratic ran for 0.715 secs (0.715u,0.s) (success)
Tactic call rewrite?-noop-regression-linear ran for 0.002 secs (0.002u,0.s) (success)
Tactic call abstract+rewrite!-regression-quadratic ran for 0.994 secs (0.993u,0.s) (success)
Tactic call close-abstract+rewrite!-regression-quadratic ran for 0.274 secs (0.274u,0.s)
Params: n= 300
Tactic call rewrite!-regression-quadratic ran for 1.009 secs (1.005u,0.003s) (success)
Tactic call rewrite?-noop-regression-linear ran for 0.002 secs (0.002u,0.s) (success)
Tactic call abstract+rewrite!-regression-quadratic ran for 1.413 secs (1.409u,0.003s) (success)
Tactic call close-abstract+rewrite!-regression-quadratic ran for 0.399 secs (0.399u,0.s)
Params: n= 350
Tactic call rewrite!-regression-quadratic ran for 1.378 secs (1.374u,0.003s) (success)
Tactic call rewrite?-noop-regression-linear ran for 0.003 secs (0.003u,0.s) (success)
Tactic call abstract+rewrite!-regression-quadratic ran for 1.93 secs (1.926u,0.003s) (success)
Tactic call close-abstract+rewrite!-regression-quadratic ran for 0.547 secs (0.546u,0.s)
Params: n= 400
Tactic call rewrite!-regression-quadratic ran for 1.788 secs (1.779u,0.008s) (success)
Tactic call rewrite?-noop-regression-linear ran for 0.003 secs (0.003u,0.s) (success)
Tactic call abstract+rewrite!-regression-quadratic ran for 2.468 secs (2.456u,0.012s) (success)
Tactic call close-abstract+rewrite!-regression-quadratic ran for 0.675 secs (0.671u,0.003s)
