Params: n= 1
Tactic call autorewrite-noop-regression-quadratic ran for 0. secs (0.u,0.s) (success)
Tactic call try-rewrite!-noop-regression-quadratic ran for 0. secs (0.u,0.s) (success)
Tactic call try-rewrite-noop-regression-quadratic ran for 0. secs (0.u,0.s) (success)
Tactic call try-rewrite?-noop-regression-quadratic ran for 0. secs (0.u,0.s) (success)
Tactic call try-ssr-rewrite!-noop-regression-linear ran for 0. secs (0.u,0.s) (success)
Tactic call try-ssr-rewrite-noop-regression-linear ran for 0. secs (0.u,0.s) (success)
Tactic call try-ssr-rewrite?-noop-regression-linear ran for 0. secs (0.u,0.s) (success)
Tactic call try-rewrite!-evar-noop-regression-quadratic ran for 0. secs (0.u,0.s) (success)
Tactic call try-rewrite-evar-noop-regression-quadratic ran for 0. secs (0.u,0.s) (success)
Tactic call try-rewrite?-evar-noop-regression-quadratic ran for 0. secs (0.u,0.s) (success)
Tactic call try-ssr-rewrite!-evar-noop-regression-linear ran for 0. secs (0.u,0.s) (success)
Tactic call try-ssr-rewrite-evar-noop-regression-linear ran for 0. secs (0.u,0.s) (success)
Tactic call try-ssr-rewrite?-evar-noop-regression-linear ran for 0. secs (0.u,0.s) (success)
Params: n= 2
Tactic call autorewrite-noop-regression-quadratic ran for 0. secs (0.u,0.s) (success)
Tactic call try-rewrite!-noop-regression-quadratic ran for 0. secs (0.u,0.s) (success)
Tactic call try-rewrite-noop-regression-quadratic ran for 0. secs (0.u,0.s) (success)
Tactic call try-rewrite?-noop-regression-quadratic ran for 0. secs (0.u,0.s) (success)
Tactic call try-ssr-rewrite!-noop-regression-linear ran for 0. secs (0.u,0.s) (success)
Tactic call try-ssr-rewrite-noop-regression-linear ran for 0. secs (0.u,0.s) (success)
Tactic call try-ssr-rewrite?-noop-regression-linear ran for 0. secs (0.u,0.s) (success)
Tactic call try-rewrite!-evar-noop-regression-quadratic ran for 0. secs (0.u,0.s) (success)
Tactic call try-rewrite-evar-noop-regression-quadratic ran for 0. secs (0.u,0.s) (success)
Tactic call try-rewrite?-evar-noop-regression-quadratic ran for 0. secs (0.u,0.s) (success)
Tactic call try-ssr-rewrite!-evar-noop-regression-linear ran for 0. secs (0.u,0.s) (success)
Tactic call try-ssr-rewrite-evar-noop-regression-linear ran for 0. secs (0.u,0.s) (success)
Tactic call try-ssr-rewrite?-evar-noop-regression-linear ran for 0. secs (0.u,0.s) (success)
Params: n= 3
Tactic call autorewrite-noop-regression-quadratic ran for 0. secs (0.u,0.s) (success)
Tactic call try-rewrite!-noop-regression-quadratic ran for 0. secs (0.u,0.s) (success)
Tactic call try-rewrite-noop-regression-quadratic ran for 0. secs (0.u,0.s) (success)
Tactic call try-rewrite?-noop-regression-quadratic ran for 0. secs (0.u,0.s) (success)
Tactic call try-ssr-rewrite!-noop-regression-linear ran for 0. secs (0.u,0.s) (success)
Tactic call try-ssr-rewrite-noop-regression-linear ran for 0. secs (0.u,0.s) (success)
Tactic call try-ssr-rewrite?-noop-regression-linear ran for 0. secs (0.u,0.s) (success)
Tactic call try-rewrite!-evar-noop-regression-quadratic ran for 0. secs (0.u,0.s) (success)
Tactic call try-rewrite-evar-noop-regression-quadratic ran for 0. secs (0.u,0.s) (success)
Tactic call try-rewrite?-evar-noop-regression-quadratic ran for 0. secs (0.u,0.s) (success)
Tactic call try-ssr-rewrite!-evar-noop-regression-linear ran for 0. secs (0.u,0.s) (success)
Tactic call try-ssr-rewrite-evar-noop-regression-linear ran for 0. secs (0.u,0.s) (success)
Tactic call try-ssr-rewrite?-evar-noop-regression-linear ran for 0. secs (0.u,0.s) (success)
