Params: n= 4
Tactic call ssr-rewrite!-regression-quadratic ran for 0. secs (0.u,0.s) (success)
Tactic call ssr-rewrite?-noop-regression-linear ran for 0. secs (0.u,0.s) (success)
Tactic call abstract-regression-quadratic ran for 0.001 secs (0.001u,0.s) (success)
Tactic call close-abstract-regression-quadratic ran for 0. secs (0.u,0.s)
Params: n= 5
Tactic call ssr-rewrite!-regression-quadratic ran for 0. secs (0.u,0.s) (success)
Tactic call ssr-rewrite?-noop-regression-linear ran for 0. secs (0.u,0.s) (success)
Tactic call abstract-regression-quadratic ran for 0.001 secs (0.001u,0.s) (success)
Tactic call close-abstract-regression-quadratic ran for 0. secs (0.u,0.s)
Params: n= 6
Tactic call ssr-rewrite!-regression-quadratic ran for 0. secs (0.u,0.s) (success)
Tactic call ssr-rewrite?-noop-regression-linear ran for 0. secs (0.u,0.s) (success)
Tactic call abstract-regression-quadratic ran for 0.001 secs (0.001u,0.s) (success)
Tactic call close-abstract-regression-quadratic ran for 0. secs (0.u,0.s)
Params: n= 7
Tactic call ssr-rewrite!-regression-quadratic ran for 0. secs (0.u,0.s) (success)
Tactic call ssr-rewrite?-noop-regression-linear ran for 0. secs (0.u,0.s) (success)
Tactic call abstract-regression-quadratic ran for 0.001 secs (0.u,0.001s) (success)
Tactic call close-abstract-regression-quadratic ran for 0. secs (0.u,0.s)
Params: n= 8
Tactic call ssr-rewrite!-regression-quadratic ran for 0. secs (0.u,0.s) (success)
Tactic call ssr-rewrite?-noop-regression-linear ran for 0. secs (0.u,0.s) (success)
Tactic call abstract-regression-quadratic ran for 0.001 secs (0.001u,0.s) (success)
Tactic call close-abstract-regression-quadratic ran for 0. secs (0.u,0.s)
Params: n= 9
Tactic call ssr-rewrite!-regression-quadratic ran for 0.001 secs (0.001u,0.s) (success)
Tactic call ssr-rewrite?-noop-regression-linear ran for 0. secs (0.u,0.s) (success)
Tactic call abstract-regression-quadratic ran for 0.002 secs (0.002u,0.s) (success)
Tactic call close-abstract-regression-quadratic ran for 0. secs (0.u,0.s)
Params: n= 10
Tactic call ssr-rewrite!-regression-quadratic ran for 0.001 secs (0.001u,0.s) (success)
Tactic call ssr-rewrite?-noop-regression-linear ran for 0. secs (0.u,0.s) (success)
Tactic call abstract-regression-quadratic ran for 0.002 secs (0.001u,0.s) (success)
Tactic call close-abstract-regression-quadratic ran for 0. secs (0.u,0.s)
Params: n= 11
Tactic call ssr-rewrite!-regression-quadratic ran for 0.001 secs (0.001u,0.s) (success)
Tactic call ssr-rewrite?-noop-regression-linear ran for 0. secs (0.u,0.s) (success)
Tactic call abstract-regression-quadratic ran for 0.002 secs (0.002u,0.s) (success)
Tactic call close-abstract-regression-quadratic ran for 0. secs (0.u,0.s)
Params: n= 12
Tactic call ssr-rewrite!-regression-quadratic ran for 0.001 secs (0.001u,0.s) (success)
Tactic call ssr-rewrite?-noop-regression-linear ran for 0. secs (0.u,0.s) (success)
Tactic call abstract-regression-quadratic ran for 0.002 secs (0.001u,0.s) (success)
Tactic call close-abstract-regression-quadratic ran for 0.001 secs (0.u,0.s)
Params: n= 13
Tactic call ssr-rewrite!-regression-quadratic ran for 0.001 secs (0.001u,0.s) (success)
Tactic call ssr-rewrite?-noop-regression-linear ran for 0. secs (0.u,0.s) (success)
Tactic call abstract-regression-quadratic ran for 0.003 secs (0.002u,0.s) (success)
Tactic call close-abstract-regression-quadratic ran for 0.001 secs (0.u,0.s)
Params: n= 14
Tactic call ssr-rewrite!-regression-quadratic ran for 0.002 secs (0.002u,0.s) (success)
Tactic call ssr-rewrite?-noop-regression-linear ran for 0. secs (0.u,0.s) (success)
Tactic call abstract-regression-quadratic ran for 0.003 secs (0.002u,0.s) (success)
Tactic call close-abstract-regression-quadratic ran for 0.001 secs (0.u,0.s)
Params: n= 15
Tactic call ssr-rewrite!-regression-quadratic ran for 0.002 secs (0.002u,0.s) (success)
Tactic call ssr-rewrite?-noop-regression-linear ran for 0. secs (0.u,0.s) (success)
Tactic call abstract-regression-quadratic ran for 0.003 secs (0.002u,0.s) (success)
Tactic call close-abstract-regression-quadratic ran for 0.001 secs (0.u,0.s)
Params: n= 16
Tactic call ssr-rewrite!-regression-quadratic ran for 0.002 secs (0.002u,0.s) (success)
Tactic call ssr-rewrite?-noop-regression-linear ran for 0. secs (0.u,0.s) (success)
Tactic call abstract-regression-quadratic ran for 0.004 secs (0.004u,0.s) (success)
Tactic call close-abstract-regression-quadratic ran for 0.001 secs (0.001u,0.s)
Params: n= 17
Tactic call ssr-rewrite!-regression-quadratic ran for 0.002 secs (0.001u,0.s) (success)
Tactic call ssr-rewrite?-noop-regression-linear ran for 0. secs (0.u,0.s) (success)
Tactic call abstract-regression-quadratic ran for 0.004 secs (0.002u,0.001s) (success)
Tactic call close-abstract-regression-quadratic ran for 0.001 secs (0.u,0.s)
Params: n= 18
Tactic call ssr-rewrite!-regression-quadratic ran for 0.002 secs (0.002u,0.s) (success)
Tactic call ssr-rewrite?-noop-regression-linear ran for 0. secs (0.u,0.s) (success)
Tactic call abstract-regression-quadratic ran for 0.004 secs (0.004u,0.s) (success)
Tactic call close-abstract-regression-quadratic ran for 0.001 secs (0.001u,0.s)
Params: n= 19
Tactic call ssr-rewrite!-regression-quadratic ran for 0.002 secs (0.002u,0.s) (success)
Tactic call ssr-rewrite?-noop-regression-linear ran for 0. secs (0.u,0.s) (success)
Tactic call abstract-regression-quadratic ran for 0.004 secs (0.004u,0.s) (success)
Tactic call close-abstract-regression-quadratic ran for 0.001 secs (0.001u,0.s)
Params: n= 20
Tactic call ssr-rewrite!-regression-quadratic ran for 0.002 secs (0.002u,0.s) (success)
Tactic call ssr-rewrite?-noop-regression-linear ran for 0. secs (0.u,0.s) (success)
Tactic call abstract-regression-quadratic ran for 0.004 secs (0.004u,0.s) (success)
Tactic call close-abstract-regression-quadratic ran for 0.001 secs (0.001u,0.s)
Params: n= 21
Tactic call ssr-rewrite!-regression-quadratic ran for 0.002 secs (0.002u,0.s) (success)
Tactic call ssr-rewrite?-noop-regression-linear ran for 0. secs (0.u,0.s) (success)
Tactic call abstract-regression-quadratic ran for 0.005 secs (0.005u,0.s) (success)
Tactic call close-abstract-regression-quadratic ran for 0.001 secs (0.001u,0.s)
Params: n= 22
Tactic call ssr-rewrite!-regression-quadratic ran for 0.003 secs (0.003u,0.s) (success)
Tactic call ssr-rewrite?-noop-regression-linear ran for 0. secs (0.u,0.s) (success)
Tactic call abstract-regression-quadratic ran for 0.005 secs (0.005u,0.s) (success)
Tactic call close-abstract-regression-quadratic ran for 0.001 secs (0.001u,0.s)
Params: n= 23
Tactic call ssr-rewrite!-regression-quadratic ran for 0.003 secs (0.003u,0.s) (success)
Tactic call ssr-rewrite?-noop-regression-linear ran for 0. secs (0.u,0.s) (success)
Tactic call abstract-regression-quadratic ran for 0.005 secs (0.005u,0.s) (success)
Tactic call close-abstract-regression-quadratic ran for 0.002 secs (0.002u,0.s)
Params: n= 24
Tactic call ssr-rewrite!-regression-quadratic ran for 0.003 secs (0.003u,0.s) (success)
Tactic call ssr-rewrite?-noop-regression-linear ran for 0. secs (0.u,0.s) (success)
Tactic call abstract-regression-quadratic ran for 0.021 secs (0.021u,0.s) (success)
Tactic call close-abstract-regression-quadratic ran for 0.018 secs (0.018u,0.s)
Params: n= 25
Tactic call ssr-rewrite!-regression-quadratic ran for 0.003 secs (0.003u,0.s) (success)
Tactic call ssr-rewrite?-noop-regression-linear ran for 0. secs (0.u,0.s) (success)
Tactic call abstract-regression-quadratic ran for 0.006 secs (0.005u,0.s) (success)
Tactic call close-abstract-regression-quadratic ran for 0.002 secs (0.001u,0.s)
Params: n= 26
Tactic call ssr-rewrite!-regression-quadratic ran for 0.004 secs (0.004u,0.s) (success)
Tactic call ssr-rewrite?-noop-regression-linear ran for 0. secs (0.u,0.s) (success)
Tactic call abstract-regression-quadratic ran for 0.007 secs (0.007u,0.s) (success)
Tactic call close-abstract-regression-quadratic ran for 0.002 secs (0.002u,0.s)
Params: n= 27
Tactic call ssr-rewrite!-regression-quadratic ran for 0.004 secs (0.004u,0.s) (success)
Tactic call ssr-rewrite?-noop-regression-linear ran for 0. secs (0.u,0.s) (success)
Tactic call abstract-regression-quadratic ran for 0.007 secs (0.007u,0.s) (success)
Tactic call close-abstract-regression-quadratic ran for 0.002 secs (0.002u,0.s)
Params: n= 28
Tactic call ssr-rewrite!-regression-quadratic ran for 0.004 secs (0.004u,0.s) (success)
Tactic call ssr-rewrite?-noop-regression-linear ran for 0. secs (0.u,0.s) (success)
Tactic call abstract-regression-quadratic ran for 0.008 secs (0.008u,0.s) (success)
Tactic call close-abstract-regression-quadratic ran for 0.003 secs (0.003u,0.s)
Params: n= 29
Tactic call ssr-rewrite!-regression-quadratic ran for 0.005 secs (0.005u,0.s) (success)
Tactic call ssr-rewrite?-noop-regression-linear ran for 0. secs (0.u,0.s) (success)
Tactic call abstract-regression-quadratic ran for 0.009 secs (0.009u,0.s) (success)
Tactic call close-abstract-regression-quadratic ran for 0.003 secs (0.003u,0.s)
Params: n= 30
Tactic call ssr-rewrite!-regression-quadratic ran for 0.005 secs (0.005u,0.s) (success)
Tactic call ssr-rewrite?-noop-regression-linear ran for 0. secs (0.u,0.s) (success)
Tactic call abstract-regression-quadratic ran for 0.009 secs (0.009u,0.s) (success)
Tactic call close-abstract-regression-quadratic ran for 0.003 secs (0.003u,0.s)
Params: n= 31
Tactic call ssr-rewrite!-regression-quadratic ran for 0.005 secs (0.005u,0.s) (success)
Tactic call ssr-rewrite?-noop-regression-linear ran for 0. secs (0.u,0.s) (success)
Tactic call abstract-regression-quadratic ran for 0.009 secs (0.009u,0.s) (success)
Tactic call close-abstract-regression-quadratic ran for 0.003 secs (0.003u,0.s)
Params: n= 32
Tactic call ssr-rewrite!-regression-quadratic ran for 0.005 secs (0.005u,0.s) (success)
Tactic call ssr-rewrite?-noop-regression-linear ran for 0. secs (0.u,0.s) (success)
Tactic call abstract-regression-quadratic ran for 0.01 secs (0.01u,0.s) (success)
Tactic call close-abstract-regression-quadratic ran for 0.004 secs (0.004u,0.s)
Params: n= 33
Tactic call ssr-rewrite!-regression-quadratic ran for 0.006 secs (0.006u,0.s) (success)
Tactic call ssr-rewrite?-noop-regression-linear ran for 0. secs (0.u,0.s) (success)
Tactic call abstract-regression-quadratic ran for 0.01 secs (0.01u,0.s) (success)
Tactic call close-abstract-regression-quadratic ran for 0.004 secs (0.004u,0.s)
Params: n= 34
Tactic call ssr-rewrite!-regression-quadratic ran for 0.006 secs (0.006u,0.s) (success)
Tactic call ssr-rewrite?-noop-regression-linear ran for 0. secs (0.u,0.s) (success)
Tactic call abstract-regression-quadratic ran for 0.011 secs (0.011u,0.s) (success)
Tactic call close-abstract-regression-quadratic ran for 0.004 secs (0.004u,0.s)
Params: n= 35
Tactic call ssr-rewrite!-regression-quadratic ran for 0.006 secs (0.006u,0.s) (success)
Tactic call ssr-rewrite?-noop-regression-linear ran for 0. secs (0.u,0.s) (success)
Tactic call abstract-regression-quadratic ran for 0.011 secs (0.011u,0.s) (success)
Tactic call close-abstract-regression-quadratic ran for 0.004 secs (0.004u,0.s)
Params: n= 36
Tactic call ssr-rewrite!-regression-quadratic ran for 0.007 secs (0.007u,0.s) (success)
Tactic call ssr-rewrite?-noop-regression-linear ran for 0. secs (0.u,0.s) (success)
Tactic call abstract-regression-quadratic ran for 0.013 secs (0.013u,0.s) (success)
Tactic call close-abstract-regression-quadratic ran for 0.004 secs (0.004u,0.s)
Params: n= 37
Tactic call ssr-rewrite!-regression-quadratic ran for 0.007 secs (0.007u,0.s) (success)
Tactic call ssr-rewrite?-noop-regression-linear ran for 0. secs (0.u,0.s) (success)
Tactic call abstract-regression-quadratic ran for 0.013 secs (0.013u,0.s) (success)
Tactic call close-abstract-regression-quadratic ran for 0.005 secs (0.005u,0.s)
Params: n= 38
Tactic call ssr-rewrite!-regression-quadratic ran for 0.007 secs (0.007u,0.s) (success)
Tactic call ssr-rewrite?-noop-regression-linear ran for 0. secs (0.u,0.s) (success)
Tactic call abstract-regression-quadratic ran for 0.017 secs (0.017u,0.s) (success)
Tactic call close-abstract-regression-quadratic ran for 0.009 secs (0.009u,0.s)
Params: n= 39
Tactic call ssr-rewrite!-regression-quadratic ran for 0.008 secs (0.008u,0.s) (success)
Tactic call ssr-rewrite?-noop-regression-linear ran for 0. secs (0.u,0.s) (success)
Tactic call abstract-regression-quadratic ran for 0.014 secs (0.014u,0.s) (success)
Tactic call close-abstract-regression-quadratic ran for 0.005 secs (0.005u,0.s)
Params: n= 40
Tactic call ssr-rewrite!-regression-quadratic ran for 0.008 secs (0.008u,0.s) (success)
Tactic call ssr-rewrite?-noop-regression-linear ran for 0. secs (0.u,0.s) (success)
Tactic call abstract-regression-quadratic ran for 0.014 secs (0.014u,0.s) (success)
Tactic call close-abstract-regression-quadratic ran for 0.006 secs (0.006u,0.s)
Params: n= 41
Tactic call ssr-rewrite!-regression-quadratic ran for 0.008 secs (0.008u,0.s) (success)
Tactic call ssr-rewrite?-noop-regression-linear ran for 0. secs (0.u,0.s) (success)
Tactic call abstract-regression-quadratic ran for 0.015 secs (0.015u,0.s) (success)
Tactic call close-abstract-regression-quadratic ran for 0.006 secs (0.006u,0.s)
Params: n= 42
Tactic call ssr-rewrite!-regression-quadratic ran for 0.009 secs (0.009u,0.s) (success)
Tactic call ssr-rewrite?-noop-regression-linear ran for 0. secs (0.u,0.s) (success)
Tactic call abstract-regression-quadratic ran for 0.016 secs (0.015u,0.s) (success)
Tactic call close-abstract-regression-quadratic ran for 0.006 secs (0.006u,0.s)
Params: n= 43
Tactic call ssr-rewrite!-regression-quadratic ran for 0.014 secs (0.014u,0.s) (success)
Tactic call ssr-rewrite?-noop-regression-linear ran for 0. secs (0.u,0.s) (success)
Tactic call abstract-regression-quadratic ran for 0.022 secs (0.022u,0.s) (success)
Tactic call close-abstract-regression-quadratic ran for 0.006 secs (0.006u,0.s)
Params: n= 44
Tactic call ssr-rewrite!-regression-quadratic ran for 0.009 secs (0.009u,0.s) (success)
Tactic call ssr-rewrite?-noop-regression-linear ran for 0. secs (0.u,0.s) (success)
Tactic call abstract-regression-quadratic ran for 0.017 secs (0.017u,0.s) (success)
Tactic call close-abstract-regression-quadratic ran for 0.007 secs (0.007u,0.s)
Params: n= 45
Tactic call ssr-rewrite!-regression-quadratic ran for 0.01 secs (0.01u,0.s) (success)
Tactic call ssr-rewrite?-noop-regression-linear ran for 0. secs (0.u,0.s) (success)
Tactic call abstract-regression-quadratic ran for 0.018 secs (0.018u,0.s) (success)
Tactic call close-abstract-regression-quadratic ran for 0.007 secs (0.007u,0.s)
Params: n= 46
Tactic call ssr-rewrite!-regression-quadratic ran for 0.01 secs (0.01u,0.s) (success)
Tactic call ssr-rewrite?-noop-regression-linear ran for 0. secs (0.u,0.s) (success)
Tactic call abstract-regression-quadratic ran for 0.019 secs (0.019u,0.s) (success)
Tactic call close-abstract-regression-quadratic ran for 0.008 secs (0.008u,0.s)
Params: n= 47
Tactic call ssr-rewrite!-regression-quadratic ran for 0.011 secs (0.011u,0.s) (success)
Tactic call ssr-rewrite?-noop-regression-linear ran for 0. secs (0.u,0.s) (success)
Tactic call abstract-regression-quadratic ran for 0.019 secs (0.019u,0.s) (success)
Tactic call close-abstract-regression-quadratic ran for 0.008 secs (0.008u,0.s)
Params: n= 48
Tactic call ssr-rewrite!-regression-quadratic ran for 0.011 secs (0.011u,0.s) (success)
Tactic call ssr-rewrite?-noop-regression-linear ran for 0.055 secs (0.055u,0.s) (success)
Tactic call abstract-regression-quadratic ran for 0.076 secs (0.076u,0.s) (success)
Tactic call close-abstract-regression-quadratic ran for 0.008 secs (0.008u,0.s)
Params: n= 49
Tactic call ssr-rewrite!-regression-quadratic ran for 0.011 secs (0.011u,0.s) (success)
Tactic call ssr-rewrite?-noop-regression-linear ran for 0. secs (0.u,0.s) (success)
Tactic call abstract-regression-quadratic ran for 0.021 secs (0.021u,0.s) (success)
Tactic call close-abstract-regression-quadratic ran for 0.008 secs (0.008u,0.s)
Params: n= 51
Tactic call ssr-rewrite!-regression-quadratic ran for 0.013 secs (0.013u,0.s) (success)
Tactic call ssr-rewrite?-noop-regression-linear ran for 0. secs (0.u,0.s) (success)
Tactic call abstract-regression-quadratic ran for 0.023 secs (0.023u,0.s) (success)
Tactic call close-abstract-regression-quadratic ran for 0.009 secs (0.009u,0.s)
Params: n= 52
Tactic call ssr-rewrite!-regression-quadratic ran for 0.013 secs (0.013u,0.s) (success)
Tactic call ssr-rewrite?-noop-regression-linear ran for 0. secs (0.u,0.s) (success)
Tactic call abstract-regression-quadratic ran for 0.054 secs (0.054u,0.s) (success)
Tactic call close-abstract-regression-quadratic ran for 0.01 secs (0.01u,0.s)
Params: n= 53
Tactic call ssr-rewrite!-regression-quadratic ran for 0.013 secs (0.013u,0.s) (success)
Tactic call ssr-rewrite?-noop-regression-linear ran for 0. secs (0.u,0.s) (success)
Tactic call abstract-regression-quadratic ran for 0.025 secs (0.025u,0.s) (success)
Tactic call close-abstract-regression-quadratic ran for 0.011 secs (0.011u,0.s)
Params: n= 54
Tactic call ssr-rewrite!-regression-quadratic ran for 0.014 secs (0.014u,0.s) (success)
Tactic call ssr-rewrite?-noop-regression-linear ran for 0. secs (0.u,0.s) (success)
Tactic call abstract-regression-quadratic ran for 0.025 secs (0.025u,0.s) (success)
Tactic call close-abstract-regression-quadratic ran for 0.01 secs (0.01u,0.s)
Params: n= 55
Tactic call ssr-rewrite!-regression-quadratic ran for 0.03 secs (0.03u,0.s) (success)
Tactic call ssr-rewrite?-noop-regression-linear ran for 0. secs (0.u,0.s) (success)
Tactic call abstract-regression-quadratic ran for 0.042 secs (0.042u,0.s) (success)
Tactic call close-abstract-regression-quadratic ran for 0.011 secs (0.011u,0.s)
Params: n= 56
Tactic call ssr-rewrite!-regression-quadratic ran for 0.016 secs (0.015u,0.s) (success)
Tactic call ssr-rewrite?-noop-regression-linear ran for 0. secs (0.u,0.s) (success)
Tactic call abstract-regression-quadratic ran for 0.029 secs (0.028u,0.s) (success)
Tactic call close-abstract-regression-quadratic ran for 0.012 secs (0.012u,0.s)
Params: n= 57
Tactic call ssr-rewrite!-regression-quadratic ran for 0.015 secs (0.015u,0.s) (success)
Tactic call ssr-rewrite?-noop-regression-linear ran for 0. secs (0.u,0.s) (success)
Tactic call abstract-regression-quadratic ran for 0.027 secs (0.027u,0.s) (success)
Tactic call close-abstract-regression-quadratic ran for 0.011 secs (0.011u,0.s)
Params: n= 58
Tactic call ssr-rewrite!-regression-quadratic ran for 0.015 secs (0.015u,0.s) (success)
Tactic call ssr-rewrite?-noop-regression-linear ran for 0. secs (0.u,0.s) (success)
Tactic call abstract-regression-quadratic ran for 0.029 secs (0.029u,0.s) (success)
Tactic call close-abstract-regression-quadratic ran for 0.013 secs (0.013u,0.s)
Params: n= 59
Tactic call ssr-rewrite!-regression-quadratic ran for 0.016 secs (0.016u,0.s) (success)
Tactic call ssr-rewrite?-noop-regression-linear ran for 0. secs (0.u,0.s) (success)
Tactic call abstract-regression-quadratic ran for 0.034 secs (0.034u,0.s) (success)
Tactic call close-abstract-regression-quadratic ran for 0.017 secs (0.017u,0.s)
Params: n= 60
Tactic call ssr-rewrite!-regression-quadratic ran for 0.017 secs (0.017u,0.s) (success)
Tactic call ssr-rewrite?-noop-regression-linear ran for 0. secs (0.u,0.s) (success)
Tactic call abstract-regression-quadratic ran for 0.032 secs (0.032u,0.s) (success)
Tactic call close-abstract-regression-quadratic ran for 0.014 secs (0.014u,0.s)
Params: n= 61
Tactic call ssr-rewrite!-regression-quadratic ran for 0.017 secs (0.017u,0.s) (success)
Tactic call ssr-rewrite?-noop-regression-linear ran for 0. secs (0.u,0.s) (success)
Tactic call abstract-regression-quadratic ran for 0.038 secs (0.038u,0.s) (success)
Tactic call close-abstract-regression-quadratic ran for 0.02 secs (0.02u,0.s)
Params: n= 62
Tactic call ssr-rewrite!-regression-quadratic ran for 0.018 secs (0.018u,0.s) (success)
Tactic call ssr-rewrite?-noop-regression-linear ran for 0. secs (0.u,0.s) (success)
Tactic call abstract-regression-quadratic ran for 0.033 secs (0.033u,0.s) (success)
Tactic call close-abstract-regression-quadratic ran for 0.014 secs (0.014u,0.s)
Params: n= 63
Tactic call ssr-rewrite!-regression-quadratic ran for 0.018 secs (0.018u,0.s) (success)
Tactic call ssr-rewrite?-noop-regression-linear ran for 0. secs (0.u,0.s) (success)
Tactic call abstract-regression-quadratic ran for 0.034 secs (0.034u,0.s) (success)
Tactic call close-abstract-regression-quadratic ran for 0.015 secs (0.015u,0.s)
Params: n= 64
Tactic call ssr-rewrite!-regression-quadratic ran for 0.019 secs (0.019u,0.s) (success)
Tactic call ssr-rewrite?-noop-regression-linear ran for 0. secs (0.u,0.s) (success)
Tactic call abstract-regression-quadratic ran for 0.095 secs (0.095u,0.s) (success)
Tactic call close-abstract-regression-quadratic ran for 0.075 secs (0.075u,0.s)
Params: n= 65
Tactic call ssr-rewrite!-regression-quadratic ran for 0.019 secs (0.019u,0.s) (success)
Tactic call ssr-rewrite?-noop-regression-linear ran for 0. secs (0.u,0.s) (success)
Tactic call abstract-regression-quadratic ran for 0.036 secs (0.036u,0.s) (success)
Tactic call close-abstract-regression-quadratic ran for 0.016 secs (0.016u,0.s)
Params: n= 66
Tactic call ssr-rewrite!-regression-quadratic ran for 0.02 secs (0.02u,0.s) (success)
Tactic call ssr-rewrite?-noop-regression-linear ran for 0. secs (0.u,0.s) (success)
Tactic call abstract-regression-quadratic ran for 0.067 secs (0.067u,0.s) (success)
Tactic call close-abstract-regression-quadratic ran for 0.045 secs (0.045u,0.s)
Params: n= 67
Tactic call ssr-rewrite!-regression-quadratic ran for 0.02 secs (0.02u,0.s) (success)
Tactic call ssr-rewrite?-noop-regression-linear ran for 0. secs (0.u,0.s) (success)
Tactic call abstract-regression-quadratic ran for 0.04 secs (0.04u,0.s) (success)
Tactic call close-abstract-regression-quadratic ran for 0.018 secs (0.018u,0.s)
Params: n= 68
Tactic call ssr-rewrite!-regression-quadratic ran for 0.038 secs (0.038u,0.s) (success)
Tactic call ssr-rewrite?-noop-regression-linear ran for 0. secs (0.u,0.s) (success)
Tactic call abstract-regression-quadratic ran for 0.056 secs (0.056u,0.s) (success)
Tactic call close-abstract-regression-quadratic ran for 0.017 secs (0.017u,0.s)
Params: n= 69
Tactic call ssr-rewrite!-regression-quadratic ran for 0.024 secs (0.024u,0.s) (success)
Tactic call ssr-rewrite?-noop-regression-linear ran for 0. secs (0.u,0.s) (success)
Tactic call abstract-regression-quadratic ran for 0.041 secs (0.041u,0.s) (success)
Tactic call close-abstract-regression-quadratic ran for 0.016 secs (0.016u,0.s)
Params: n= 70
Tactic call ssr-rewrite!-regression-quadratic ran for 0.022 secs (0.022u,0.s) (success)
Tactic call ssr-rewrite?-noop-regression-linear ran for 0. secs (0.u,0.s) (success)
Tactic call abstract-regression-quadratic ran for 0.042 secs (0.042u,0.s) (success)
Tactic call close-abstract-regression-quadratic ran for 0.019 secs (0.019u,0.s)
Params: n= 71
Tactic call ssr-rewrite!-regression-quadratic ran for 0.023 secs (0.023u,0.s) (success)
Tactic call ssr-rewrite?-noop-regression-linear ran for 0. secs (0.u,0.s) (success)
Tactic call abstract-regression-quadratic ran for 0.043 secs (0.043u,0.s) (success)
Tactic call close-abstract-regression-quadratic ran for 0.019 secs (0.019u,0.s)
Params: n= 72
Tactic call ssr-rewrite!-regression-quadratic ran for 0.026 secs (0.026u,0.s) (success)
Tactic call ssr-rewrite?-noop-regression-linear ran for 0. secs (0.u,0.s) (success)
Tactic call abstract-regression-quadratic ran for 0.045 secs (0.045u,0.s) (success)
Tactic call close-abstract-regression-quadratic ran for 0.017 secs (0.017u,0.s)
Params: n= 73
Tactic call ssr-rewrite!-regression-quadratic ran for 0.024 secs (0.024u,0.s) (success)
Tactic call ssr-rewrite?-noop-regression-linear ran for 0. secs (0.u,0.s) (success)
Tactic call abstract-regression-quadratic ran for 0.046 secs (0.046u,0.s) (success)
Tactic call close-abstract-regression-quadratic ran for 0.02 secs (0.02u,0.s)
Params: n= 74
Tactic call ssr-rewrite!-regression-quadratic ran for 0.025 secs (0.025u,0.s) (success)
Tactic call ssr-rewrite?-noop-regression-linear ran for 0. secs (0.u,0.s) (success)
Tactic call abstract-regression-quadratic ran for 0.046 secs (0.046u,0.s) (success)
Tactic call close-abstract-regression-quadratic ran for 0.02 secs (0.02u,0.s)
Params: n= 75
Tactic call ssr-rewrite!-regression-quadratic ran for 0.028 secs (0.027u,0.s) (success)
Tactic call ssr-rewrite?-noop-regression-linear ran for 0. secs (0.u,0.s) (success)
Tactic call abstract-regression-quadratic ran for 0.048 secs (0.047u,0.s) (success)
Tactic call close-abstract-regression-quadratic ran for 0.019 secs (0.019u,0.s)
Params: n= 76
Tactic call ssr-rewrite!-regression-quadratic ran for 0.027 secs (0.027u,0.s) (success)
Tactic call ssr-rewrite?-noop-regression-linear ran for 0. secs (0.u,0.s) (success)
Tactic call abstract-regression-quadratic ran for 0.05 secs (0.05u,0.s) (success)
Tactic call close-abstract-regression-quadratic ran for 0.022 secs (0.022u,0.s)
Params: n= 77
Tactic call ssr-rewrite!-regression-quadratic ran for 0.027 secs (0.027u,0.s) (success)
Tactic call ssr-rewrite?-noop-regression-linear ran for 0. secs (0.u,0.s) (success)
Tactic call abstract-regression-quadratic ran for 0.049 secs (0.049u,0.s) (success)
Tactic call close-abstract-regression-quadratic ran for 0.021 secs (0.021u,0.s)
Params: n= 78
Tactic call ssr-rewrite!-regression-quadratic ran for 0.028 secs (0.028u,0.s) (success)
Tactic call ssr-rewrite?-noop-regression-linear ran for 0. secs (0.u,0.s) (success)
Tactic call abstract-regression-quadratic ran for 0.051 secs (0.051u,0.s) (success)
Tactic call close-abstract-regression-quadratic ran for 0.021 secs (0.021u,0.s)
Params: n= 79
Tactic call ssr-rewrite!-regression-quadratic ran for 0.03 secs (0.03u,0.s) (success)
Tactic call ssr-rewrite?-noop-regression-linear ran for 0. secs (0.u,0.s) (success)
Tactic call abstract-regression-quadratic ran for 0.053 secs (0.053u,0.s) (success)
Tactic call close-abstract-regression-quadratic ran for 0.021 secs (0.021u,0.s)
Params: n= 80
Tactic call ssr-rewrite!-regression-quadratic ran for 0.029 secs (0.029u,0.s) (success)
Tactic call ssr-rewrite?-noop-regression-linear ran for 0. secs (0.u,0.s) (success)
Tactic call abstract-regression-quadratic ran for 0.055 secs (0.055u,0.s) (success)
Tactic call close-abstract-regression-quadratic ran for 0.024 secs (0.024u,0.s)
Params: n= 81
Tactic call ssr-rewrite!-regression-quadratic ran for 0.03 secs (0.03u,0.s) (success)
Tactic call ssr-rewrite?-noop-regression-linear ran for 0. secs (0.u,0.s) (success)
Tactic call abstract-regression-quadratic ran for 0.056 secs (0.056u,0.s) (success)
Tactic call close-abstract-regression-quadratic ran for 0.025 secs (0.025u,0.s)
Params: n= 82
Tactic call ssr-rewrite!-regression-quadratic ran for 0.031 secs (0.031u,0.s) (success)
Tactic call ssr-rewrite?-noop-regression-linear ran for 0. secs (0.u,0.s) (success)
Tactic call abstract-regression-quadratic ran for 0.057 secs (0.057u,0.s) (success)
Tactic call close-abstract-regression-quadratic ran for 0.024 secs (0.024u,0.s)
Params: n= 83
Tactic call ssr-rewrite!-regression-quadratic ran for 0.031 secs (0.03u,0.001s) (success)
Tactic call ssr-rewrite?-noop-regression-linear ran for 0. secs (0.u,0.s) (success)
Tactic call abstract-regression-quadratic ran for 0.057 secs (0.056u,0.001s) (success)
Tactic call close-abstract-regression-quadratic ran for 0.024 secs (0.024u,0.s)
Params: n= 84
Tactic call ssr-rewrite!-regression-quadratic ran for 0.033 secs (0.033u,0.s) (success)
Tactic call ssr-rewrite?-noop-regression-linear ran for 0. secs (0.u,0.s) (success)
Tactic call abstract-regression-quadratic ran for 0.06 secs (0.06u,0.s) (success)
Tactic call close-abstract-regression-quadratic ran for 0.025 secs (0.025u,0.s)
Params: n= 85
Tactic call ssr-rewrite!-regression-quadratic ran for 0.035 secs (0.035u,0.s) (success)
Tactic call ssr-rewrite?-noop-regression-linear ran for 0. secs (0.u,0.s) (success)
Tactic call abstract-regression-quadratic ran for 0.062 secs (0.061u,0.s) (success)
Tactic call close-abstract-regression-quadratic ran for 0.025 secs (0.025u,0.s)
Params: n= 86
Tactic call ssr-rewrite!-regression-quadratic ran for 0.038 secs (0.038u,0.s) (success)
Tactic call ssr-rewrite?-noop-regression-linear ran for 0. secs (0.u,0.s) (success)
Tactic call abstract-regression-quadratic ran for 0.065 secs (0.065u,0.s) (success)
Tactic call close-abstract-regression-quadratic ran for 0.026 secs (0.026u,0.s)
Params: n= 87
Tactic call ssr-rewrite!-regression-quadratic ran for 0.034 secs (0.033u,0.s) (success)
Tactic call ssr-rewrite?-noop-regression-linear ran for 0. secs (0.u,0.s) (success)
Tactic call abstract-regression-quadratic ran for 0.065 secs (0.064u,0.s) (success)
Tactic call close-abstract-regression-quadratic ran for 0.03 secs (0.029u,0.s)
Params: n= 88
Tactic call ssr-rewrite!-regression-quadratic ran for 0.036 secs (0.036u,0.s) (success)
Tactic call ssr-rewrite?-noop-regression-linear ran for 0. secs (0.u,0.s) (success)
Tactic call abstract-regression-quadratic ran for 0.066 secs (0.065u,0.s) (success)
Tactic call close-abstract-regression-quadratic ran for 0.029 secs (0.028u,0.001s)
Params: n= 89
Tactic call ssr-rewrite!-regression-quadratic ran for 0.036 secs (0.036u,0.s) (success)
Tactic call ssr-rewrite?-noop-regression-linear ran for 0. secs (0.u,0.s) (success)
Tactic call abstract-regression-quadratic ran for 0.067 secs (0.067u,0.s) (success)
Tactic call close-abstract-regression-quadratic ran for 0.03 secs (0.03u,0.s)
Params: n= 90
Tactic call ssr-rewrite!-regression-quadratic ran for 0.037 secs (0.037u,0.s) (success)
Tactic call ssr-rewrite?-noop-regression-linear ran for 0. secs (0.u,0.s) (success)
Tactic call abstract-regression-quadratic ran for 0.069 secs (0.069u,0.s) (success)
Tactic call close-abstract-regression-quadratic ran for 0.03 secs (0.03u,0.s)
Params: n= 91
Tactic call ssr-rewrite!-regression-quadratic ran for 0.038 secs (0.038u,0.s) (success)
Tactic call ssr-rewrite?-noop-regression-linear ran for 0. secs (0.u,0.s) (success)
Tactic call abstract-regression-quadratic ran for 0.068 secs (0.068u,0.s) (success)
Tactic call close-abstract-regression-quadratic ran for 0.029 secs (0.029u,0.s)
Params: n= 92
Tactic call ssr-rewrite!-regression-quadratic ran for 0.038 secs (0.038u,0.s) (success)
Tactic call ssr-rewrite?-noop-regression-linear ran for 0. secs (0.u,0.s) (success)
Tactic call abstract-regression-quadratic ran for 0.075 secs (0.074u,0.s) (success)
Tactic call close-abstract-regression-quadratic ran for 0.036 secs (0.035u,0.s)
Params: n= 93
Tactic call ssr-rewrite!-regression-quadratic ran for 0.044 secs (0.044u,0.s) (success)
Tactic call ssr-rewrite?-noop-regression-linear ran for 0. secs (0.u,0.s) (success)
Tactic call abstract-regression-quadratic ran for 0.079 secs (0.079u,0.s) (success)
Tactic call close-abstract-regression-quadratic ran for 0.034 secs (0.034u,0.s)
Params: n= 94
Tactic call ssr-rewrite!-regression-quadratic ran for 0.044 secs (0.044u,0.s) (success)
Tactic call ssr-rewrite?-noop-regression-linear ran for 0. secs (0.u,0.s) (success)
Tactic call abstract-regression-quadratic ran for 0.08 secs (0.08u,0.s) (success)
Tactic call close-abstract-regression-quadratic ran for 0.035 secs (0.035u,0.s)
Params: n= 95
Tactic call ssr-rewrite!-regression-quadratic ran for 0.044 secs (0.044u,0.s) (success)
Tactic call ssr-rewrite?-noop-regression-linear ran for 0. secs (0.u,0.s) (success)
Tactic call abstract-regression-quadratic ran for 0.08 secs (0.08u,0.s) (success)
Tactic call close-abstract-regression-quadratic ran for 0.034 secs (0.034u,0.s)
Params: n= 96
Tactic call ssr-rewrite!-regression-quadratic ran for 0.045 secs (0.045u,0.s) (success)
Tactic call ssr-rewrite?-noop-regression-linear ran for 0. secs (0.u,0.s) (success)
Tactic call abstract-regression-quadratic ran for 0.083 secs (0.082u,0.001s) (success)
Tactic call close-abstract-regression-quadratic ran for 0.036 secs (0.036u,0.s)
Params: n= 97
Tactic call ssr-rewrite!-regression-quadratic ran for 0.053 secs (0.053u,0.s) (success)
Tactic call ssr-rewrite?-noop-regression-linear ran for 0. secs (0.u,0.s) (success)
Tactic call abstract-regression-quadratic ran for 0.094 secs (0.094u,0.s) (success)
Tactic call close-abstract-regression-quadratic ran for 0.04 secs (0.04u,0.s)
Params: n= 98
Tactic call ssr-rewrite!-regression-quadratic ran for 0.045 secs (0.045u,0.s) (success)
Tactic call ssr-rewrite?-noop-regression-linear ran for 0. secs (0.u,0.s) (success)
Tactic call abstract-regression-quadratic ran for 0.084 secs (0.084u,0.s) (success)
Tactic call close-abstract-regression-quadratic ran for 0.038 secs (0.038u,0.s)
Params: n= 99
Tactic call ssr-rewrite!-regression-quadratic ran for 0.044 secs (0.044u,0.s) (success)
Tactic call ssr-rewrite?-noop-regression-linear ran for 0. secs (0.u,0.s) (success)
Tactic call abstract-regression-quadratic ran for 0.083 secs (0.083u,0.s) (success)
Tactic call close-abstract-regression-quadratic ran for 0.038 secs (0.038u,0.s)
Params: n= 110
Tactic call ssr-rewrite!-regression-quadratic ran for 0.055 secs (0.055u,0.s) (success)
Tactic call ssr-rewrite?-noop-regression-linear ran for 0. secs (0.u,0.s) (success)
Tactic call abstract-regression-quadratic ran for 0.108 secs (0.108u,0.s) (success)
Tactic call close-abstract-regression-quadratic ran for 0.051 secs (0.051u,0.s)
Params: n= 120
Tactic call ssr-rewrite!-regression-quadratic ran for 0.066 secs (0.066u,0.s) (success)
Tactic call ssr-rewrite?-noop-regression-linear ran for 0. secs (0.u,0.s) (success)
Tactic call abstract-regression-quadratic ran for 0.127 secs (0.125u,0.001s) (success)
Tactic call close-abstract-regression-quadratic ran for 0.059 secs (0.058u,0.s)
Params: n= 130
Tactic call ssr-rewrite!-regression-quadratic ran for 0.083 secs (0.082u,0.s) (success)
Tactic call ssr-rewrite?-noop-regression-linear ran for 0. secs (0.u,0.s) (success)
Tactic call abstract-regression-quadratic ran for 0.154 secs (0.153u,0.001s) (success)
Tactic call close-abstract-regression-quadratic ran for 0.069 secs (0.069u,0.s)
Params: n= 140
Tactic call ssr-rewrite!-regression-quadratic ran for 0.095 secs (0.094u,0.s) (success)
Tactic call ssr-rewrite?-noop-regression-linear ran for 0. secs (0.u,0.s) (success)
Tactic call abstract-regression-quadratic ran for 0.182 secs (0.181u,0.s) (success)
Tactic call close-abstract-regression-quadratic ran for 0.085 secs (0.085u,0.s)
Params: n= 160
Tactic call ssr-rewrite!-regression-quadratic ran for 0.117 secs (0.116u,0.001s) (success)
Tactic call ssr-rewrite?-noop-regression-linear ran for 0. secs (0.u,0.s) (success)
Tactic call abstract-regression-quadratic ran for 0.208 secs (0.206u,0.002s) (success)
Tactic call close-abstract-regression-quadratic ran for 0.089 secs (0.088u,0.001s)
Params: n= 170
Tactic call ssr-rewrite!-regression-quadratic ran for 0.126 secs (0.126u,0.s) (success)
Tactic call ssr-rewrite?-noop-regression-linear ran for 0. secs (0.u,0.s) (success)
Tactic call abstract-regression-quadratic ran for 0.235 secs (0.234u,0.s) (success)
Tactic call close-abstract-regression-quadratic ran for 0.107 secs (0.106u,0.s)
Params: n= 180
Tactic call ssr-rewrite!-regression-quadratic ran for 0.154 secs (0.154u,0.s) (success)
Tactic call ssr-rewrite?-noop-regression-linear ran for 0. secs (0.u,0.s) (success)
Tactic call abstract-regression-quadratic ran for 0.272 secs (0.272u,0.s) (success)
Tactic call close-abstract-regression-quadratic ran for 0.116 secs (0.116u,0.s)
Params: n= 190
Tactic call ssr-rewrite!-regression-quadratic ran for 0.166 secs (0.165u,0.s) (success)
Tactic call ssr-rewrite?-noop-regression-linear ran for 0. secs (0.u,0.s) (success)
Tactic call abstract-regression-quadratic ran for 0.309 secs (0.309u,0.s) (success)
Tactic call close-abstract-regression-quadratic ran for 0.142 secs (0.142u,0.s)
Params: n= 210
Tactic call ssr-rewrite!-regression-quadratic ran for 0.206 secs (0.206u,0.s) (success)
Tactic call ssr-rewrite?-noop-regression-linear ran for 0. secs (0.u,0.s) (success)
Tactic call abstract-regression-quadratic ran for 0.395 secs (0.394u,0.s) (success)
Tactic call close-abstract-regression-quadratic ran for 0.187 secs (0.186u,0.s)
Params: n= 220
Tactic call ssr-rewrite!-regression-quadratic ran for 0.233 secs (0.231u,0.002s) (success)
Tactic call ssr-rewrite?-noop-regression-linear ran for 0. secs (0.u,0.s) (success)
Tactic call abstract-regression-quadratic ran for 0.426 secs (0.423u,0.002s) (success)
Tactic call close-abstract-regression-quadratic ran for 0.191 secs (0.19u,0.s)
Params: n= 230
Tactic call ssr-rewrite!-regression-quadratic ran for 0.23 secs (0.229u,0.s) (success)
Tactic call ssr-rewrite?-noop-regression-linear ran for 0. secs (0.u,0.s) (success)
Tactic call abstract-regression-quadratic ran for 0.423 secs (0.421u,0.001s) (success)
Tactic call close-abstract-regression-quadratic ran for 0.191 secs (0.19u,0.s)
Params: n= 240
Tactic call ssr-rewrite!-regression-quadratic ran for 0.273 secs (0.271u,0.002s) (success)
Tactic call ssr-rewrite?-noop-regression-linear ran for 0. secs (0.u,0.s) (success)
Tactic call abstract-regression-quadratic ran for 0.483 secs (0.481u,0.002s) (success)
Tactic call close-abstract-regression-quadratic ran for 0.208 secs (0.208u,0.s)
Params: n= 260
Tactic call ssr-rewrite!-regression-quadratic ran for 0.306 secs (0.306u,0.s) (success)
Tactic call ssr-rewrite?-noop-regression-linear ran for 0. secs (0.u,0.s) (success)
Tactic call abstract-regression-quadratic ran for 0.581 secs (0.581u,0.s) (success)
Tactic call close-abstract-regression-quadratic ran for 0.274 secs (0.274u,0.s)
Params: n= 270
Tactic call ssr-rewrite!-regression-quadratic ran for 0.345 secs (0.345u,0.s) (success)
Tactic call ssr-rewrite?-noop-regression-linear ran for 0. secs (0.u,0.s) (success)
Tactic call abstract-regression-quadratic ran for 0.617 secs (0.617u,0.s) (success)
Tactic call close-abstract-regression-quadratic ran for 0.27 secs (0.27u,0.s)
Params: n= 280
Tactic call ssr-rewrite!-regression-quadratic ran for 0.348 secs (0.348u,0.s) (success)
Tactic call ssr-rewrite?-noop-regression-linear ran for 0. secs (0.u,0.s) (success)
Tactic call abstract-regression-quadratic ran for 0.635 secs (0.635u,0.s) (success)
Tactic call close-abstract-regression-quadratic ran for 0.285 secs (0.285u,0.s)
Params: n= 290
Tactic call ssr-rewrite!-regression-quadratic ran for 0.38 secs (0.38u,0.s) (success)
Tactic call ssr-rewrite?-noop-regression-linear ran for 0. secs (0.u,0.s) (success)
Tactic call abstract-regression-quadratic ran for 0.716 secs (0.715u,0.s) (success)
Tactic call close-abstract-regression-quadratic ran for 0.334 secs (0.334u,0.s)
Params: n= 310
Tactic call ssr-rewrite!-regression-quadratic ran for 0.436 secs (0.436u,0.s) (success)
Tactic call ssr-rewrite?-noop-regression-linear ran for 0. secs (0.u,0.s) (success)
Tactic call abstract-regression-quadratic ran for 0.777 secs (0.776u,0.s) (success)
Tactic call close-abstract-regression-quadratic ran for 0.339 secs (0.339u,0.s)
Params: n= 320
Tactic call ssr-rewrite!-regression-quadratic ran for 0.46 secs (0.458u,0.001s) (success)
Tactic call ssr-rewrite?-noop-regression-linear ran for 0. secs (0.u,0.s) (success)
Tactic call abstract-regression-quadratic ran for 0.826 secs (0.824u,0.001s) (success)
Tactic call close-abstract-regression-quadratic ran for 0.364 secs (0.364u,0.s)
Params: n= 330
Tactic call ssr-rewrite!-regression-quadratic ran for 0.517 secs (0.517u,0.s) (success)
Tactic call ssr-rewrite?-noop-regression-linear ran for 0. secs (0.u,0.s) (success)
Tactic call abstract-regression-quadratic ran for 0.94 secs (0.94u,0.s) (success)
Tactic call close-abstract-regression-quadratic ran for 0.421 secs (0.421u,0.s)
Params: n= 340
Tactic call ssr-rewrite!-regression-quadratic ran for 0.513 secs (0.513u,0.s) (success)
Tactic call ssr-rewrite?-noop-regression-linear ran for 0. secs (0.u,0.s) (success)
Tactic call abstract-regression-quadratic ran for 0.937 secs (0.936u,0.s) (success)
Tactic call close-abstract-regression-quadratic ran for 0.422 secs (0.422u,0.s)
Params: n= 360
Tactic call ssr-rewrite!-regression-quadratic ran for 0.607 secs (0.606u,0.s) (success)
Tactic call ssr-rewrite?-noop-regression-linear ran for 0. secs (0.u,0.s) (success)
Tactic call abstract-regression-quadratic ran for 1.103 secs (1.102u,0.s) (success)
Tactic call close-abstract-regression-quadratic ran for 0.494 secs (0.494u,0.s)
Params: n= 370
Tactic call ssr-rewrite!-regression-quadratic ran for 0.614 secs (0.614u,0.s) (success)
Tactic call ssr-rewrite?-noop-regression-linear ran for 0. secs (0.u,0.s) (success)
Tactic call abstract-regression-quadratic ran for 1.115 secs (1.115u,0.s) (success)
Tactic call close-abstract-regression-quadratic ran for 0.499 secs (0.499u,0.s)
Params: n= 380
Tactic call ssr-rewrite!-regression-quadratic ran for 0.683 secs (0.683u,0.s) (success)
Tactic call ssr-rewrite?-noop-regression-linear ran for 0. secs (0.u,0.s) (success)
Tactic call abstract-regression-quadratic ran for 1.219 secs (1.218u,0.s) (success)
Tactic call close-abstract-regression-quadratic ran for 0.534 secs (0.533u,0.s)
Params: n= 390
Tactic call ssr-rewrite!-regression-quadratic ran for 0.681 secs (0.681u,0.s) (success)
Tactic call ssr-rewrite?-noop-regression-linear ran for 0. secs (0.u,0.s) (success)
Tactic call abstract-regression-quadratic ran for 1.233 secs (1.233u,0.s) (success)
Tactic call close-abstract-regression-quadratic ran for 0.55 secs (0.55u,0.s)
