Params: n= 4
Tactic call rewrite_strat-bottomup ran for 0.002 secs (0.002u,0.s) (success)
Tactic call rewrite_strat-bottomup-noop ran for 0. secs (0.u,0.s) (success)
Tactic call abstract+rewrite_strat-bottomup ran for 0.003 secs (0.003u,0.s) (success)
Tactic call close-abstract+rewrite_strat-bottomup ran for 0. secs (0.u,0.s)
Params: n= 5
Tactic call rewrite_strat-bottomup ran for 0.001 secs (0.001u,0.s) (success)
Tactic call rewrite_strat-bottomup-noop ran for 0. secs (0.u,0.s) (success)
Tactic call abstract+rewrite_strat-bottomup ran for 0.002 secs (0.001u,0.s) (success)
Tactic call close-abstract+rewrite_strat-bottomup ran for 0. secs (0.u,0.s)
Params: n= 6
Tactic call rewrite_strat-bottomup ran for 0.001 secs (0.u,0.001s) (success)
Tactic call rewrite_strat-bottomup-noop ran for 0. secs (0.u,0.s) (success)
Tactic call abstract+rewrite_strat-bottomup ran for 0.002 secs (0.u,0.002s) (success)
Tactic call close-abstract+rewrite_strat-bottomup ran for 0. secs (0.u,0.s)
Params: n= 7
Tactic call rewrite_strat-bottomup ran for 0.002 secs (0.002u,0.s) (success)
Tactic call rewrite_strat-bottomup-noop ran for 0. secs (0.u,0.s) (success)
Tactic call abstract+rewrite_strat-bottomup ran for 0.003 secs (0.003u,0.s) (success)
Tactic call close-abstract+rewrite_strat-bottomup ran for 0. secs (0.u,0.s)
Params: n= 8
Tactic call rewrite_strat-bottomup ran for 0.002 secs (0.002u,0.s) (success)
Tactic call rewrite_strat-bottomup-noop ran for 0. secs (0.u,0.s) (success)
Tactic call abstract+rewrite_strat-bottomup ran for 0.003 secs (0.003u,0.s) (success)
Tactic call close-abstract+rewrite_strat-bottomup ran for 0. secs (0.u,0.s)
Params: n= 9
Tactic call rewrite_strat-bottomup ran for 0.003 secs (0.003u,0.s) (success)
Tactic call rewrite_strat-bottomup-noop ran for 0. secs (0.u,0.s) (success)
Tactic call abstract+rewrite_strat-bottomup ran for 0.004 secs (0.004u,0.s) (success)
Tactic call close-abstract+rewrite_strat-bottomup ran for 0. secs (0.u,0.s)
Params: n= 10
Tactic call rewrite_strat-bottomup ran for 0.003 secs (0.003u,0.s) (success)
Tactic call rewrite_strat-bottomup-noop ran for 0. secs (0.u,0.s) (success)
Tactic call abstract+rewrite_strat-bottomup ran for 0.045 secs (0.045u,0.s) (success)
Tactic call close-abstract+rewrite_strat-bottomup ran for 0.041 secs (0.041u,0.s)
Params: n= 11
Tactic call rewrite_strat-bottomup ran for 0.003 secs (0.003u,0.s) (success)
Tactic call rewrite_strat-bottomup-noop ran for 0. secs (0.u,0.s) (success)
Tactic call abstract+rewrite_strat-bottomup ran for 0.004 secs (0.004u,0.s) (success)
Tactic call close-abstract+rewrite_strat-bottomup ran for 0. secs (0.u,0.s)
Params: n= 12
Tactic call rewrite_strat-bottomup ran for 0.003 secs (0.003u,0.s) (success)
Tactic call rewrite_strat-bottomup-noop ran for 0. secs (0.u,0.s) (success)
Tactic call abstract+rewrite_strat-bottomup ran for 0.004 secs (0.004u,0.s) (success)
Tactic call close-abstract+rewrite_strat-bottomup ran for 0. secs (0.u,0.s)
Params: n= 13
Tactic call rewrite_strat-bottomup ran for 0.003 secs (0.003u,0.s) (success)
Tactic call rewrite_strat-bottomup-noop ran for 0. secs (0.u,0.s) (success)
Tactic call abstract+rewrite_strat-bottomup ran for 0.005 secs (0.005u,0.s) (success)
Tactic call close-abstract+rewrite_strat-bottomup ran for 0. secs (0.u,0.s)
Params: n= 14
Tactic call rewrite_strat-bottomup ran for 0.004 secs (0.004u,0.s) (success)
Tactic call rewrite_strat-bottomup-noop ran for 0. secs (0.u,0.s) (success)
Tactic call abstract+rewrite_strat-bottomup ran for 0.005 secs (0.005u,0.s) (success)
Tactic call close-abstract+rewrite_strat-bottomup ran for 0. secs (0.u,0.s)
Params: n= 15
Tactic call rewrite_strat-bottomup ran for 0.004 secs (0.004u,0.s) (success)
Tactic call rewrite_strat-bottomup-noop ran for 0. secs (0.u,0.s) (success)
Tactic call abstract+rewrite_strat-bottomup ran for 0.006 secs (0.006u,0.s) (success)
Tactic call close-abstract+rewrite_strat-bottomup ran for 0.001 secs (0.001u,0.s)
Params: n= 16
Tactic call rewrite_strat-bottomup ran for 0.005 secs (0.005u,0.s) (success)
Tactic call rewrite_strat-bottomup-noop ran for 0. secs (0.u,0.s) (success)
Tactic call abstract+rewrite_strat-bottomup ran for 0.021 secs (0.021u,0.s) (success)
Tactic call close-abstract+rewrite_strat-bottomup ran for 0.015 secs (0.015u,0.s)
Params: n= 17
Tactic call rewrite_strat-bottomup ran for 0.005 secs (0.005u,0.s) (success)
Tactic call rewrite_strat-bottomup-noop ran for 0. secs (0.u,0.s) (success)
Tactic call abstract+rewrite_strat-bottomup ran for 0.007 secs (0.007u,0.s) (success)
Tactic call close-abstract+rewrite_strat-bottomup ran for 0.001 secs (0.001u,0.s)
Params: n= 18
Tactic call rewrite_strat-bottomup ran for 0.006 secs (0.006u,0.s) (success)
Tactic call rewrite_strat-bottomup-noop ran for 0. secs (0.u,0.s) (success)
Tactic call abstract+rewrite_strat-bottomup ran for 0.007 secs (0.007u,0.s) (success)
Tactic call close-abstract+rewrite_strat-bottomup ran for 0.001 secs (0.001u,0.s)
Params: n= 19
Tactic call rewrite_strat-bottomup ran for 0.006 secs (0.006u,0.s) (success)
Tactic call rewrite_strat-bottomup-noop ran for 0. secs (0.u,0.s) (success)
Tactic call abstract+rewrite_strat-bottomup ran for 0.008 secs (0.008u,0.s) (success)
Tactic call close-abstract+rewrite_strat-bottomup ran for 0.001 secs (0.001u,0.s)
Params: n= 20
Tactic call rewrite_strat-bottomup ran for 0.008 secs (0.008u,0.s) (success)
Tactic call rewrite_strat-bottomup-noop ran for 0. secs (0.u,0.s) (success)
Tactic call abstract+rewrite_strat-bottomup ran for 0.009 secs (0.009u,0.s) (success)
Tactic call close-abstract+rewrite_strat-bottomup ran for 0.001 secs (0.001u,0.s)
Params: n= 21
Tactic call rewrite_strat-bottomup ran for 0.007 secs (0.007u,0.s) (success)
Tactic call rewrite_strat-bottomup-noop ran for 0. secs (0.u,0.s) (success)
Tactic call abstract+rewrite_strat-bottomup ran for 0.009 secs (0.009u,0.s) (success)
Tactic call close-abstract+rewrite_strat-bottomup ran for 0.001 secs (0.001u,0.s)
Params: n= 22
Tactic call rewrite_strat-bottomup ran for 0.008 secs (0.008u,0.s) (success)
Tactic call rewrite_strat-bottomup-noop ran for 0. secs (0.u,0.s) (success)
Tactic call abstract+rewrite_strat-bottomup ran for 0.01 secs (0.01u,0.s) (success)
Tactic call close-abstract+rewrite_strat-bottomup ran for 0.001 secs (0.001u,0.s)
Params: n= 23
Tactic call rewrite_strat-bottomup ran for 0.008 secs (0.008u,0.s) (success)
Tactic call rewrite_strat-bottomup-noop ran for 0. secs (0.u,0.s) (success)
Tactic call abstract+rewrite_strat-bottomup ran for 0.011 secs (0.011u,0.s) (success)
Tactic call close-abstract+rewrite_strat-bottomup ran for 0.001 secs (0.001u,0.s)
Params: n= 24
Tactic call rewrite_strat-bottomup ran for 0.009 secs (0.009u,0.s) (success)
Tactic call rewrite_strat-bottomup-noop ran for 0. secs (0.u,0.s) (success)
Tactic call abstract+rewrite_strat-bottomup ran for 0.012 secs (0.012u,0.s) (success)
Tactic call close-abstract+rewrite_strat-bottomup ran for 0.002 secs (0.002u,0.s)
Params: n= 25
Tactic call rewrite_strat-bottomup ran for 0.01 secs (0.01u,0.s) (success)
Tactic call rewrite_strat-bottomup-noop ran for 0. secs (0.u,0.s) (success)
Tactic call abstract+rewrite_strat-bottomup ran for 0.012 secs (0.012u,0.s) (success)
Tactic call close-abstract+rewrite_strat-bottomup ran for 0.002 secs (0.002u,0.s)
Params: n= 26
Tactic call rewrite_strat-bottomup ran for 0.011 secs (0.011u,0.s) (success)
Tactic call rewrite_strat-bottomup-noop ran for 0. secs (0.u,0.s) (success)
Tactic call abstract+rewrite_strat-bottomup ran for 0.013 secs (0.013u,0.s) (success)
Tactic call close-abstract+rewrite_strat-bottomup ran for 0.002 secs (0.002u,0.s)
Params: n= 27
Tactic call rewrite_strat-bottomup ran for 0.011 secs (0.011u,0.s) (success)
Tactic call rewrite_strat-bottomup-noop ran for 0. secs (0.u,0.s) (success)
Tactic call abstract+rewrite_strat-bottomup ran for 0.014 secs (0.014u,0.s) (success)
Tactic call close-abstract+rewrite_strat-bottomup ran for 0.002 secs (0.002u,0.s)
Params: n= 28
Tactic call rewrite_strat-bottomup ran for 0.016 secs (0.016u,0.s) (success)
Tactic call rewrite_strat-bottomup-noop ran for 0. secs (0.u,0.s) (success)
Tactic call abstract+rewrite_strat-bottomup ran for 0.019 secs (0.019u,0.s) (success)
Tactic call close-abstract+rewrite_strat-bottomup ran for 0.002 secs (0.002u,0.s)
Params: n= 29
Tactic call rewrite_strat-bottomup ran for 0.013 secs (0.013u,0.s) (success)
Tactic call rewrite_strat-bottomup-noop ran for 0. secs (0.u,0.s) (success)
Tactic call abstract+rewrite_strat-bottomup ran for 0.017 secs (0.017u,0.s) (success)
Tactic call close-abstract+rewrite_strat-bottomup ran for 0.002 secs (0.002u,0.s)
Params: n= 30
Tactic call rewrite_strat-bottomup ran for 0.014 secs (0.014u,0.s) (success)
Tactic call rewrite_strat-bottomup-noop ran for 0. secs (0.u,0.s) (success)
Tactic call abstract+rewrite_strat-bottomup ran for 0.017 secs (0.017u,0.s) (success)
Tactic call close-abstract+rewrite_strat-bottomup ran for 0.003 secs (0.003u,0.s)
Params: n= 31
Tactic call rewrite_strat-bottomup ran for 0.014 secs (0.014u,0.s) (success)
Tactic call rewrite_strat-bottomup-noop ran for 0. secs (0.u,0.s) (success)
Tactic call abstract+rewrite_strat-bottomup ran for 0.018 secs (0.018u,0.s) (success)
Tactic call close-abstract+rewrite_strat-bottomup ran for 0.003 secs (0.003u,0.s)
Params: n= 32
Tactic call rewrite_strat-bottomup ran for 0.021 secs (0.021u,0.s) (success)
Tactic call rewrite_strat-bottomup-noop ran for 0. secs (0.u,0.s) (success)
Tactic call abstract+rewrite_strat-bottomup ran for 0.025 secs (0.025u,0.s) (success)
Tactic call close-abstract+rewrite_strat-bottomup ran for 0.003 secs (0.003u,0.s)
Params: n= 33
Tactic call rewrite_strat-bottomup ran for 0.015 secs (0.015u,0.s) (success)
Tactic call rewrite_strat-bottomup-noop ran for 0. secs (0.u,0.s) (success)
Tactic call abstract+rewrite_strat-bottomup ran for 0.019 secs (0.019u,0.s) (success)
Tactic call close-abstract+rewrite_strat-bottomup ran for 0.003 secs (0.003u,0.s)
Params: n= 34
Tactic call rewrite_strat-bottomup ran for 0.016 secs (0.016u,0.s) (success)
Tactic call rewrite_strat-bottomup-noop ran for 0. secs (0.u,0.s) (success)
Tactic call abstract+rewrite_strat-bottomup ran for 0.021 secs (0.021u,0.s) (success)
Tactic call close-abstract+rewrite_strat-bottomup ran for 0.003 secs (0.003u,0.s)
Params: n= 35
Tactic call rewrite_strat-bottomup ran for 0.017 secs (0.017u,0.s) (success)
Tactic call rewrite_strat-bottomup-noop ran for 0. secs (0.u,0.s) (success)
Tactic call abstract+rewrite_strat-bottomup ran for 0.022 secs (0.022u,0.s) (success)
Tactic call close-abstract+rewrite_strat-bottomup ran for 0.003 secs (0.003u,0.s)
Params: n= 36
Tactic call rewrite_strat-bottomup ran for 0.077 secs (0.077u,0.s) (success)
Tactic call rewrite_strat-bottomup-noop ran for 0. secs (0.u,0.s) (success)
Tactic call abstract+rewrite_strat-bottomup ran for 0.082 secs (0.082u,0.s) (success)
Tactic call close-abstract+rewrite_strat-bottomup ran for 0.004 secs (0.004u,0.s)
Params: n= 37
Tactic call rewrite_strat-bottomup ran for 0.018 secs (0.018u,0.s) (success)
Tactic call rewrite_strat-bottomup-noop ran for 0. secs (0.u,0.s) (success)
Tactic call abstract+rewrite_strat-bottomup ran for 0.024 secs (0.024u,0.s) (success)
Tactic call close-abstract+rewrite_strat-bottomup ran for 0.005 secs (0.005u,0.s)
Params: n= 38
Tactic call rewrite_strat-bottomup ran for 0.02 secs (0.02u,0.s) (success)
Tactic call rewrite_strat-bottomup-noop ran for 0. secs (0.u,0.s) (success)
Tactic call abstract+rewrite_strat-bottomup ran for 0.025 secs (0.025u,0.s) (success)
Tactic call close-abstract+rewrite_strat-bottomup ran for 0.004 secs (0.004u,0.s)
Params: n= 39
Tactic call rewrite_strat-bottomup ran for 0.05 secs (0.05u,0.s) (success)
Tactic call rewrite_strat-bottomup-noop ran for 0. secs (0.u,0.s) (success)
Tactic call abstract+rewrite_strat-bottomup ran for 0.056 secs (0.056u,0.s) (success)
Tactic call close-abstract+rewrite_strat-bottomup ran for 0.004 secs (0.004u,0.s)
Params: n= 40
Tactic call rewrite_strat-bottomup ran for 0.022 secs (0.021u,0.s) (success)
Tactic call rewrite_strat-bottomup-noop ran for 0. secs (0.u,0.s) (success)
Tactic call abstract+rewrite_strat-bottomup ran for 0.027 secs (0.027u,0.s) (success)
Tactic call close-abstract+rewrite_strat-bottomup ran for 0.004 secs (0.004u,0.s)
Params: n= 41
Tactic call rewrite_strat-bottomup ran for 0.037 secs (0.037u,0.s) (success)
Tactic call rewrite_strat-bottomup-noop ran for 0. secs (0.u,0.s) (success)
Tactic call abstract+rewrite_strat-bottomup ran for 0.043 secs (0.043u,0.s) (success)
Tactic call close-abstract+rewrite_strat-bottomup ran for 0.005 secs (0.005u,0.s)
Params: n= 42
Tactic call rewrite_strat-bottomup ran for 0.025 secs (0.025u,0.s) (success)
Tactic call rewrite_strat-bottomup-noop ran for 0. secs (0.u,0.s) (success)
Tactic call abstract+rewrite_strat-bottomup ran for 0.031 secs (0.031u,0.s) (success)
Tactic call close-abstract+rewrite_strat-bottomup ran for 0.005 secs (0.005u,0.s)
Params: n= 43
Tactic call rewrite_strat-bottomup ran for 0.024 secs (0.024u,0.s) (success)
Tactic call rewrite_strat-bottomup-noop ran for 0. secs (0.u,0.s) (success)
Tactic call abstract+rewrite_strat-bottomup ran for 0.03 secs (0.03u,0.s) (success)
Tactic call close-abstract+rewrite_strat-bottomup ran for 0.005 secs (0.005u,0.s)
Params: n= 44
Tactic call rewrite_strat-bottomup ran for 0.026 secs (0.026u,0.s) (success)
Tactic call rewrite_strat-bottomup-noop ran for 0. secs (0.u,0.s) (success)
Tactic call abstract+rewrite_strat-bottomup ran for 0.033 secs (0.033u,0.s) (success)
Tactic call close-abstract+rewrite_strat-bottomup ran for 0.005 secs (0.005u,0.s)
Params: n= 45
Tactic call rewrite_strat-bottomup ran for 0.031 secs (0.031u,0.s) (success)
Tactic call rewrite_strat-bottomup-noop ran for 0. secs (0.u,0.s) (success)
Tactic call abstract+rewrite_strat-bottomup ran for 0.038 secs (0.038u,0.s) (success)
Tactic call close-abstract+rewrite_strat-bottomup ran for 0.006 secs (0.006u,0.s)
Params: n= 46
Tactic call rewrite_strat-bottomup ran for 0.028 secs (0.028u,0.s) (success)
Tactic call rewrite_strat-bottomup-noop ran for 0. secs (0.u,0.s) (success)
Tactic call abstract+rewrite_strat-bottomup ran for 0.035 secs (0.035u,0.s) (success)
Tactic call close-abstract+rewrite_strat-bottomup ran for 0.006 secs (0.006u,0.s)
Params: n= 47
Tactic call rewrite_strat-bottomup ran for 0.034 secs (0.034u,0.s) (success)
Tactic call rewrite_strat-bottomup-noop ran for 0. secs (0.u,0.s) (success)
Tactic call abstract+rewrite_strat-bottomup ran for 0.041 secs (0.041u,0.s) (success)
Tactic call close-abstract+rewrite_strat-bottomup ran for 0.006 secs (0.006u,0.s)
Params: n= 48
Tactic call rewrite_strat-bottomup ran for 0.029 secs (0.029u,0.s) (success)
Tactic call rewrite_strat-bottomup-noop ran for 0. secs (0.u,0.s) (success)
Tactic call abstract+rewrite_strat-bottomup ran for 0.038 secs (0.038u,0.s) (success)
Tactic call close-abstract+rewrite_strat-bottomup ran for 0.007 secs (0.007u,0.s)
Params: n= 49
Tactic call rewrite_strat-bottomup ran for 0.089 secs (0.089u,0.s) (success)
Tactic call rewrite_strat-bottomup-noop ran for 0. secs (0.u,0.s) (success)
Tactic call abstract+rewrite_strat-bottomup ran for 0.097 secs (0.097u,0.s) (success)
Tactic call close-abstract+rewrite_strat-bottomup ran for 0.007 secs (0.007u,0.s)
Params: n= 51
Tactic call rewrite_strat-bottomup ran for 0.035 secs (0.035u,0.s) (success)
Tactic call rewrite_strat-bottomup-noop ran for 0. secs (0.u,0.s) (success)
Tactic call abstract+rewrite_strat-bottomup ran for 0.043 secs (0.043u,0.s) (success)
Tactic call close-abstract+rewrite_strat-bottomup ran for 0.007 secs (0.007u,0.s)
Params: n= 52
Tactic call rewrite_strat-bottomup ran for 0.063 secs (0.063u,0.s) (success)
Tactic call rewrite_strat-bottomup-noop ran for 0. secs (0.u,0.s) (success)
Tactic call abstract+rewrite_strat-bottomup ran for 0.073 secs (0.073u,0.s) (success)
Tactic call close-abstract+rewrite_strat-bottomup ran for 0.008 secs (0.008u,0.s)
Params: n= 53
Tactic call rewrite_strat-bottomup ran for 0.05 secs (0.05u,0.s) (success)
Tactic call rewrite_strat-bottomup-noop ran for 0. secs (0.u,0.s) (success)
Tactic call abstract+rewrite_strat-bottomup ran for 0.059 secs (0.059u,0.s) (success)
Tactic call close-abstract+rewrite_strat-bottomup ran for 0.008 secs (0.008u,0.s)
Params: n= 54
Tactic call rewrite_strat-bottomup ran for 0.036 secs (0.036u,0.s) (success)
Tactic call rewrite_strat-bottomup-noop ran for 0. secs (0.u,0.s) (success)
Tactic call abstract+rewrite_strat-bottomup ran for 0.046 secs (0.046u,0.s) (success)
Tactic call close-abstract+rewrite_strat-bottomup ran for 0.008 secs (0.008u,0.s)
Params: n= 55
Tactic call rewrite_strat-bottomup ran for 0.039 secs (0.039u,0.s) (success)
Tactic call rewrite_strat-bottomup-noop ran for 0. secs (0.u,0.s) (success)
Tactic call abstract+rewrite_strat-bottomup ran for 0.048 secs (0.048u,0.s) (success)
Tactic call close-abstract+rewrite_strat-bottomup ran for 0.008 secs (0.008u,0.s)
Params: n= 56
Tactic call rewrite_strat-bottomup ran for 0.039 secs (0.039u,0.s) (success)
Tactic call rewrite_strat-bottomup-noop ran for 0. secs (0.u,0.s) (success)
Tactic call abstract+rewrite_strat-bottomup ran for 0.052 secs (0.051u,0.s) (success)
Tactic call close-abstract+rewrite_strat-bottomup ran for 0.011 secs (0.011u,0.s)
Params: n= 57
Tactic call rewrite_strat-bottomup ran for 0.04 secs (0.04u,0.s) (success)
Tactic call rewrite_strat-bottomup-noop ran for 0. secs (0.u,0.s) (success)
Tactic call abstract+rewrite_strat-bottomup ran for 0.05 secs (0.05u,0.s) (success)
Tactic call close-abstract+rewrite_strat-bottomup ran for 0.009 secs (0.009u,0.s)
Params: n= 58
Tactic call rewrite_strat-bottomup ran for 0.041 secs (0.041u,0.s) (success)
Tactic call rewrite_strat-bottomup-noop ran for 0. secs (0.u,0.s) (success)
Tactic call abstract+rewrite_strat-bottomup ran for 0.051 secs (0.051u,0.s) (success)
Tactic call close-abstract+rewrite_strat-bottomup ran for 0.009 secs (0.009u,0.s)
Params: n= 59
Tactic call rewrite_strat-bottomup ran for 0.042 secs (0.042u,0.s) (success)
Tactic call rewrite_strat-bottomup-noop ran for 0. secs (0.u,0.s) (success)
Tactic call abstract+rewrite_strat-bottomup ran for 0.054 secs (0.054u,0.s) (success)
Tactic call close-abstract+rewrite_strat-bottomup ran for 0.01 secs (0.01u,0.s)
Params: n= 60
Tactic call rewrite_strat-bottomup ran for 0.046 secs (0.046u,0.s) (success)
Tactic call rewrite_strat-bottomup-noop ran for 0. secs (0.u,0.s) (success)
Tactic call abstract+rewrite_strat-bottomup ran for 0.059 secs (0.059u,0.s) (success)
Tactic call close-abstract+rewrite_strat-bottomup ran for 0.011 secs (0.011u,0.s)
Params: n= 61
Tactic call rewrite_strat-bottomup ran for 0.045 secs (0.045u,0.s) (success)
Tactic call rewrite_strat-bottomup-noop ran for 0. secs (0.u,0.s) (success)
Tactic call abstract+rewrite_strat-bottomup ran for 0.057 secs (0.057u,0.s) (success)
Tactic call close-abstract+rewrite_strat-bottomup ran for 0.01 secs (0.01u,0.s)
Params: n= 62
Tactic call rewrite_strat-bottomup ran for 0.051 secs (0.051u,0.s) (success)
Tactic call rewrite_strat-bottomup-noop ran for 0. secs (0.u,0.s) (success)
Tactic call abstract+rewrite_strat-bottomup ran for 0.062 secs (0.062u,0.s) (success)
Tactic call close-abstract+rewrite_strat-bottomup ran for 0.01 secs (0.01u,0.s)
Params: n= 63
Tactic call rewrite_strat-bottomup ran for 0.052 secs (0.052u,0.s) (success)
Tactic call rewrite_strat-bottomup-noop ran for 0. secs (0.u,0.s) (success)
Tactic call abstract+rewrite_strat-bottomup ran for 0.064 secs (0.064u,0.s) (success)
Tactic call close-abstract+rewrite_strat-bottomup ran for 0.011 secs (0.011u,0.s)
Params: n= 64
Tactic call rewrite_strat-bottomup ran for 0.053 secs (0.053u,0.s) (success)
Tactic call rewrite_strat-bottomup-noop ran for 0. secs (0.u,0.s) (success)
Tactic call abstract+rewrite_strat-bottomup ran for 0.066 secs (0.066u,0.s) (success)
Tactic call close-abstract+rewrite_strat-bottomup ran for 0.011 secs (0.011u,0.s)
Params: n= 65
Tactic call rewrite_strat-bottomup ran for 0.054 secs (0.054u,0.s) (success)
Tactic call rewrite_strat-bottomup-noop ran for 0. secs (0.u,0.s) (success)
Tactic call abstract+rewrite_strat-bottomup ran for 0.067 secs (0.067u,0.s) (success)
Tactic call close-abstract+rewrite_strat-bottomup ran for 0.011 secs (0.011u,0.s)
Params: n= 66
Tactic call rewrite_strat-bottomup ran for 0.056 secs (0.052u,0.003s) (success)
Tactic call rewrite_strat-bottomup-noop ran for 0. secs (0.u,0.s) (success)
Tactic call abstract+rewrite_strat-bottomup ran for 0.069 secs (0.066u,0.003s) (success)
Tactic call close-abstract+rewrite_strat-bottomup ran for 0.012 secs (0.012u,0.s)
Params: n= 67
Tactic call rewrite_strat-bottomup ran for 0.057 secs (0.057u,0.s) (success)
Tactic call rewrite_strat-bottomup-noop ran for 0. secs (0.u,0.s) (success)
Tactic call abstract+rewrite_strat-bottomup ran for 0.071 secs (0.071u,0.s) (success)
Tactic call close-abstract+rewrite_strat-bottomup ran for 0.013 secs (0.013u,0.s)
Params: n= 68
Tactic call rewrite_strat-bottomup ran for 0.058 secs (0.058u,0.s) (success)
Tactic call rewrite_strat-bottomup-noop ran for 0. secs (0.u,0.s) (success)
Tactic call abstract+rewrite_strat-bottomup ran for 0.073 secs (0.073u,0.s) (success)
Tactic call close-abstract+rewrite_strat-bottomup ran for 0.014 secs (0.014u,0.s)
Params: n= 69
Tactic call rewrite_strat-bottomup ran for 0.058 secs (0.058u,0.s) (success)
Tactic call rewrite_strat-bottomup-noop ran for 0. secs (0.u,0.s) (success)
Tactic call abstract+rewrite_strat-bottomup ran for 0.073 secs (0.073u,0.s) (success)
Tactic call close-abstract+rewrite_strat-bottomup ran for 0.013 secs (0.013u,0.s)
Params: n= 70
Tactic call rewrite_strat-bottomup ran for 0.057 secs (0.057u,0.s) (success)
Tactic call rewrite_strat-bottomup-noop ran for 0. secs (0.u,0.s) (success)
Tactic call abstract+rewrite_strat-bottomup ran for 0.074 secs (0.07u,0.003s) (success)
Tactic call close-abstract+rewrite_strat-bottomup ran for 0.015 secs (0.012u,0.003s)
Params: n= 71
Tactic call rewrite_strat-bottomup ran for 0.061 secs (0.061u,0.s) (success)
Tactic call rewrite_strat-bottomup-noop ran for 0. secs (0.u,0.s) (success)
Tactic call abstract+rewrite_strat-bottomup ran for 0.078 secs (0.078u,0.s) (success)
Tactic call close-abstract+rewrite_strat-bottomup ran for 0.016 secs (0.016u,0.s)
Params: n= 72
Tactic call rewrite_strat-bottomup ran for 0.064 secs (0.064u,0.s) (success)
Tactic call rewrite_strat-bottomup-noop ran for 0. secs (0.u,0.s) (success)
Tactic call abstract+rewrite_strat-bottomup ran for 0.079 secs (0.079u,0.s) (success)
Tactic call close-abstract+rewrite_strat-bottomup ran for 0.014 secs (0.014u,0.s)
Params: n= 73
Tactic call rewrite_strat-bottomup ran for 0.067 secs (0.067u,0.s) (success)
Tactic call rewrite_strat-bottomup-noop ran for 0. secs (0.u,0.s) (success)
Tactic call abstract+rewrite_strat-bottomup ran for 0.086 secs (0.086u,0.s) (success)
Tactic call close-abstract+rewrite_strat-bottomup ran for 0.017 secs (0.017u,0.s)
Params: n= 74
Tactic call rewrite_strat-bottomup ran for 0.066 secs (0.066u,0.s) (success)
Tactic call rewrite_strat-bottomup-noop ran for 0. secs (0.u,0.s) (success)
Tactic call abstract+rewrite_strat-bottomup ran for 0.091 secs (0.091u,0.s) (success)
Tactic call close-abstract+rewrite_strat-bottomup ran for 0.024 secs (0.024u,0.s)
Params: n= 75
Tactic call rewrite_strat-bottomup ran for 0.073 secs (0.073u,0.s) (success)
Tactic call rewrite_strat-bottomup-noop ran for 0. secs (0.u,0.s) (success)
Tactic call abstract+rewrite_strat-bottomup ran for 0.09 secs (0.09u,0.s) (success)
Tactic call close-abstract+rewrite_strat-bottomup ran for 0.015 secs (0.015u,0.s)
Params: n= 76
Tactic call rewrite_strat-bottomup ran for 0.067 secs (0.067u,0.s) (success)
Tactic call rewrite_strat-bottomup-noop ran for 0. secs (0.u,0.s) (success)
Tactic call abstract+rewrite_strat-bottomup ran for 0.086 secs (0.086u,0.s) (success)
Tactic call close-abstract+rewrite_strat-bottomup ran for 0.017 secs (0.017u,0.s)
Params: n= 77
Tactic call rewrite_strat-bottomup ran for 0.075 secs (0.075u,0.s) (success)
Tactic call rewrite_strat-bottomup-noop ran for 0. secs (0.u,0.s) (success)
Tactic call abstract+rewrite_strat-bottomup ran for 0.095 secs (0.091u,0.003s) (success)
Tactic call close-abstract+rewrite_strat-bottomup ran for 0.019 secs (0.015u,0.003s)
Params: n= 78
Tactic call rewrite_strat-bottomup ran for 0.074 secs (0.073u,0.s) (success)
Tactic call rewrite_strat-bottomup-noop ran for 0. secs (0.u,0.s) (success)
Tactic call abstract+rewrite_strat-bottomup ran for 0.094 secs (0.094u,0.s) (success)
Tactic call close-abstract+rewrite_strat-bottomup ran for 0.019 secs (0.019u,0.s)
Params: n= 79
Tactic call rewrite_strat-bottomup ran for 0.079 secs (0.079u,0.s) (success)
Tactic call rewrite_strat-bottomup-noop ran for 0. secs (0.u,0.s) (success)
Tactic call abstract+rewrite_strat-bottomup ran for 0.101 secs (0.101u,0.s) (success)
Tactic call close-abstract+rewrite_strat-bottomup ran for 0.021 secs (0.021u,0.s)
Params: n= 80
Tactic call rewrite_strat-bottomup ran for 0.078 secs (0.075u,0.003s) (success)
Tactic call rewrite_strat-bottomup-noop ran for 0. secs (0.u,0.s) (success)
Tactic call abstract+rewrite_strat-bottomup ran for 0.099 secs (0.095u,0.003s) (success)
Tactic call close-abstract+rewrite_strat-bottomup ran for 0.019 secs (0.019u,0.s)
Params: n= 81
Tactic call rewrite_strat-bottomup ran for 0.082 secs (0.082u,0.s) (success)
Tactic call rewrite_strat-bottomup-noop ran for 0. secs (0.u,0.s) (success)
Tactic call abstract+rewrite_strat-bottomup ran for 0.105 secs (0.105u,0.s) (success)
Tactic call close-abstract+rewrite_strat-bottomup ran for 0.021 secs (0.021u,0.s)
Params: n= 82
Tactic call rewrite_strat-bottomup ran for 0.08 secs (0.08u,0.s) (success)
Tactic call rewrite_strat-bottomup-noop ran for 0. secs (0.u,0.s) (success)
Tactic call abstract+rewrite_strat-bottomup ran for 0.102 secs (0.098u,0.003s) (success)
Tactic call close-abstract+rewrite_strat-bottomup ran for 0.02 secs (0.016u,0.003s)
Params: n= 83
Tactic call rewrite_strat-bottomup ran for 0.085 secs (0.081u,0.004s) (success)
Tactic call rewrite_strat-bottomup-noop ran for 0. secs (0.u,0.s) (success)
Tactic call abstract+rewrite_strat-bottomup ran for 0.108 secs (0.104u,0.004s) (success)
Tactic call close-abstract+rewrite_strat-bottomup ran for 0.021 secs (0.021u,0.s)
Params: n= 84
Tactic call rewrite_strat-bottomup ran for 0.088 secs (0.084u,0.003s) (success)
Tactic call rewrite_strat-bottomup-noop ran for 0. secs (0.u,0.s) (success)
Tactic call abstract+rewrite_strat-bottomup ran for 0.108 secs (0.105u,0.003s) (success)
Tactic call close-abstract+rewrite_strat-bottomup ran for 0.019 secs (0.019u,0.s)
Params: n= 85
Tactic call rewrite_strat-bottomup ran for 0.093 secs (0.093u,0.s) (success)
Tactic call rewrite_strat-bottomup-noop ran for 0. secs (0.u,0.s) (success)
Tactic call abstract+rewrite_strat-bottomup ran for 0.117 secs (0.113u,0.004s) (success)
Tactic call close-abstract+rewrite_strat-bottomup ran for 0.022 secs (0.018u,0.003s)
Params: n= 86
Tactic call rewrite_strat-bottomup ran for 0.096 secs (0.096u,0.s) (success)
Tactic call rewrite_strat-bottomup-noop ran for 0. secs (0.u,0.s) (success)
Tactic call abstract+rewrite_strat-bottomup ran for 0.121 secs (0.121u,0.s) (success)
Tactic call close-abstract+rewrite_strat-bottomup ran for 0.024 secs (0.024u,0.s)
Params: n= 87
Tactic call rewrite_strat-bottomup ran for 0.094 secs (0.094u,0.s) (success)
Tactic call rewrite_strat-bottomup-noop ran for 0. secs (0.u,0.s) (success)
Tactic call abstract+rewrite_strat-bottomup ran for 0.121 secs (0.121u,0.s) (success)
Tactic call close-abstract+rewrite_strat-bottomup ran for 0.025 secs (0.025u,0.s)
Params: n= 88
Tactic call rewrite_strat-bottomup ran for 0.089 secs (0.089u,0.s) (success)
Tactic call rewrite_strat-bottomup-noop ran for 0. secs (0.u,0.s) (success)
Tactic call abstract+rewrite_strat-bottomup ran for 0.113 secs (0.113u,0.s) (success)
Tactic call close-abstract+rewrite_strat-bottomup ran for 0.023 secs (0.023u,0.s)
Params: n= 89
Tactic call rewrite_strat-bottomup ran for 0.102 secs (0.102u,0.s) (success)
Tactic call rewrite_strat-bottomup-noop ran for 0. secs (0.u,0.s) (success)
Tactic call abstract+rewrite_strat-bottomup ran for 0.128 secs (0.128u,0.s) (success)
Tactic call close-abstract+rewrite_strat-bottomup ran for 0.024 secs (0.024u,0.s)
Params: n= 90
Tactic call rewrite_strat-bottomup ran for 0.11 secs (0.11u,0.s) (success)
Tactic call rewrite_strat-bottomup-noop ran for 0. secs (0.u,0.s) (success)
Tactic call abstract+rewrite_strat-bottomup ran for 0.136 secs (0.136u,0.s) (success)
Tactic call close-abstract+rewrite_strat-bottomup ran for 0.025 secs (0.025u,0.s)
Params: n= 91
Tactic call rewrite_strat-bottomup ran for 0.099 secs (0.099u,0.s) (success)
Tactic call rewrite_strat-bottomup-noop ran for 0. secs (0.u,0.s) (success)
Tactic call abstract+rewrite_strat-bottomup ran for 0.122 secs (0.122u,0.s) (success)
Tactic call close-abstract+rewrite_strat-bottomup ran for 0.022 secs (0.022u,0.s)
Params: n= 92
Tactic call rewrite_strat-bottomup ran for 0.104 secs (0.1u,0.003s) (success)
Tactic call rewrite_strat-bottomup-noop ran for 0. secs (0.u,0.s) (success)
Tactic call abstract+rewrite_strat-bottomup ran for 0.129 secs (0.125u,0.003s) (success)
Tactic call close-abstract+rewrite_strat-bottomup ran for 0.023 secs (0.023u,0.s)
Params: n= 93
Tactic call rewrite_strat-bottomup ran for 0.105 secs (0.105u,0.s) (success)
Tactic call rewrite_strat-bottomup-noop ran for 0. secs (0.u,0.s) (success)
Tactic call abstract+rewrite_strat-bottomup ran for 0.131 secs (0.131u,0.s) (success)
Tactic call close-abstract+rewrite_strat-bottomup ran for 0.024 secs (0.024u,0.s)
Params: n= 94
Tactic call rewrite_strat-bottomup ran for 0.104 secs (0.104u,0.s) (success)
Tactic call rewrite_strat-bottomup-noop ran for 0. secs (0.u,0.s) (success)
Tactic call abstract+rewrite_strat-bottomup ran for 0.131 secs (0.131u,0.s) (success)
Tactic call close-abstract+rewrite_strat-bottomup ran for 0.024 secs (0.024u,0.s)
Params: n= 95
Tactic call rewrite_strat-bottomup ran for 0.106 secs (0.106u,0.s) (success)
Tactic call rewrite_strat-bottomup-noop ran for 0.001 secs (0.001u,0.s) (success)
Tactic call abstract+rewrite_strat-bottomup ran for 0.132 secs (0.132u,0.s) (success)
Tactic call close-abstract+rewrite_strat-bottomup ran for 0.024 secs (0.024u,0.s)
Params: n= 96
Tactic call rewrite_strat-bottomup ran for 0.11 secs (0.11u,0.s) (success)
Tactic call rewrite_strat-bottomup-noop ran for 0. secs (0.u,0.s) (success)
Tactic call abstract+rewrite_strat-bottomup ran for 0.136 secs (0.136u,0.s) (success)
Tactic call close-abstract+rewrite_strat-bottomup ran for 0.025 secs (0.025u,0.s)
Params: n= 97
Tactic call rewrite_strat-bottomup ran for 0.119 secs (0.119u,0.s) (success)
Tactic call rewrite_strat-bottomup-noop ran for 0. secs (0.u,0.s) (success)
Tactic call abstract+rewrite_strat-bottomup ran for 0.149 secs (0.149u,0.s) (success)
Tactic call close-abstract+rewrite_strat-bottomup ran for 0.028 secs (0.028u,0.s)
Params: n= 98
Tactic call rewrite_strat-bottomup ran for 0.112 secs (0.112u,0.s) (success)
Tactic call rewrite_strat-bottomup-noop ran for 0. secs (0.u,0.s) (success)
Tactic call abstract+rewrite_strat-bottomup ran for 0.141 secs (0.141u,0.s) (success)
Tactic call close-abstract+rewrite_strat-bottomup ran for 0.028 secs (0.028u,0.s)
Params: n= 99
Tactic call rewrite_strat-bottomup ran for 0.117 secs (0.117u,0.s) (success)
Tactic call rewrite_strat-bottomup-noop ran for 0. secs (0.u,0.s) (success)
Tactic call abstract+rewrite_strat-bottomup ran for 0.146 secs (0.146u,0.s) (success)
Tactic call close-abstract+rewrite_strat-bottomup ran for 0.027 secs (0.027u,0.s)
Params: n= 110
Tactic call rewrite_strat-bottomup ran for 0.135 secs (0.135u,0.s) (success)
Tactic call rewrite_strat-bottomup-noop ran for 0. secs (0.u,0.s) (success)
Tactic call abstract+rewrite_strat-bottomup ran for 0.174 secs (0.174u,0.s) (success)
Tactic call close-abstract+rewrite_strat-bottomup ran for 0.038 secs (0.038u,0.s)
Params: n= 120
Tactic call rewrite_strat-bottomup ran for 0.16 secs (0.159u,0.s) (success)
Tactic call rewrite_strat-bottomup-noop ran for 0. secs (0.u,0.s) (success)
Tactic call abstract+rewrite_strat-bottomup ran for 0.202 secs (0.202u,0.s) (success)
Tactic call close-abstract+rewrite_strat-bottomup ran for 0.041 secs (0.041u,0.s)
Params: n= 130
Tactic call rewrite_strat-bottomup ran for 0.202 secs (0.202u,0.s) (success)
Tactic call rewrite_strat-bottomup-noop ran for 0. secs (0.u,0.s) (success)
Tactic call abstract+rewrite_strat-bottomup ran for 0.263 secs (0.263u,0.s) (success)
Tactic call close-abstract+rewrite_strat-bottomup ran for 0.059 secs (0.059u,0.s)
Params: n= 140
Tactic call rewrite_strat-bottomup ran for 0.234 secs (0.23u,0.003s) (success)
Tactic call rewrite_strat-bottomup-noop ran for 0. secs (0.u,0.s) (success)
Tactic call abstract+rewrite_strat-bottomup ran for 0.292 secs (0.288u,0.003s) (success)
Tactic call close-abstract+rewrite_strat-bottomup ran for 0.056 secs (0.056u,0.s)
Params: n= 160
Tactic call rewrite_strat-bottomup ran for 0.318 secs (0.318u,0.s) (success)
Tactic call rewrite_strat-bottomup-noop ran for 0. secs (0.u,0.s) (success)
Tactic call abstract+rewrite_strat-bottomup ran for 0.403 secs (0.403u,0.s) (success)
Tactic call close-abstract+rewrite_strat-bottomup ran for 0.083 secs (0.083u,0.s)
Params: n= 170
Tactic call rewrite_strat-bottomup ran for 0.345 secs (0.345u,0.s) (success)
Tactic call rewrite_strat-bottomup-noop ran for 0. secs (0.u,0.s) (success)
Tactic call abstract+rewrite_strat-bottomup ran for 0.426 secs (0.426u,0.s) (success)
Tactic call close-abstract+rewrite_strat-bottomup ran for 0.079 secs (0.079u,0.s)
Params: n= 180
Tactic call rewrite_strat-bottomup ran for 0.36 secs (0.36u,0.s) (success)
Tactic call rewrite_strat-bottomup-noop ran for 0. secs (0.u,0.s) (success)
Tactic call abstract+rewrite_strat-bottomup ran for 0.472 secs (0.472u,0.s) (success)
Tactic call close-abstract+rewrite_strat-bottomup ran for 0.11 secs (0.11u,0.s)
Params: n= 190
Tactic call rewrite_strat-bottomup ran for 0.416 secs (0.416u,0.s) (success)
Tactic call rewrite_strat-bottomup-noop ran for 0. secs (0.u,0.s) (success)
Tactic call abstract+rewrite_strat-bottomup ran for 0.535 secs (0.534u,0.s) (success)
Tactic call close-abstract+rewrite_strat-bottomup ran for 0.117 secs (0.117u,0.s)
Params: n= 210
Tactic call rewrite_strat-bottomup ran for 0.575 secs (0.575u,0.s) (success)
Tactic call rewrite_strat-bottomup-noop ran for 0.001 secs (0.001u,0.s) (success)
Tactic call abstract+rewrite_strat-bottomup ran for 0.71 secs (0.71u,0.s) (success)
Tactic call close-abstract+rewrite_strat-bottomup ran for 0.132 secs (0.132u,0.s)
Params: n= 220
Tactic call rewrite_strat-bottomup ran for 0.551 secs (0.547u,0.003s) (success)
Tactic call rewrite_strat-bottomup-noop ran for 0.001 secs (0.001u,0.s) (success)
Tactic call abstract+rewrite_strat-bottomup ran for 0.69 secs (0.686u,0.003s) (success)
Tactic call close-abstract+rewrite_strat-bottomup ran for 0.137 secs (0.137u,0.s)
Params: n= 230
Tactic call rewrite_strat-bottomup ran for 0.603 secs (0.603u,0.s) (success)
Tactic call rewrite_strat-bottomup-noop ran for 0.001 secs (0.001u,0.s) (success)
Tactic call abstract+rewrite_strat-bottomup ran for 0.751 secs (0.751u,0.s) (success)
Tactic call close-abstract+rewrite_strat-bottomup ran for 0.145 secs (0.145u,0.s)
Params: n= 240
Tactic call rewrite_strat-bottomup ran for 0.748 secs (0.744u,0.003s) (success)
Tactic call rewrite_strat-bottomup-noop ran for 0.001 secs (0.001u,0.s) (success)
Tactic call abstract+rewrite_strat-bottomup ran for 0.922 secs (0.918u,0.003s) (success)
Tactic call close-abstract+rewrite_strat-bottomup ran for 0.171 secs (0.171u,0.s)
Params: n= 260
Tactic call rewrite_strat-bottomup ran for 0.812 secs (0.807u,0.003s) (success)
Tactic call rewrite_strat-bottomup-noop ran for 0.001 secs (0.001u,0.s) (success)
Tactic call abstract+rewrite_strat-bottomup ran for 1.001 secs (0.997u,0.004s) (success)
Tactic call close-abstract+rewrite_strat-bottomup ran for 0.187 secs (0.187u,0.s)
Params: n= 270
Tactic call rewrite_strat-bottomup ran for 0.927 secs (0.927u,0.s) (success)
Tactic call rewrite_strat-bottomup-noop ran for 0.001 secs (0.001u,0.s) (success)
Tactic call abstract+rewrite_strat-bottomup ran for 1.14 secs (1.139u,0.s) (success)
Tactic call close-abstract+rewrite_strat-bottomup ran for 0.209 secs (0.209u,0.s)
Params: n= 280
Tactic call rewrite_strat-bottomup ran for 0.924 secs (0.924u,0.s) (success)
Tactic call rewrite_strat-bottomup-noop ran for 0.001 secs (0.001u,0.s) (success)
Tactic call abstract+rewrite_strat-bottomup ran for 1.159 secs (1.159u,0.s) (success)
Tactic call close-abstract+rewrite_strat-bottomup ran for 0.231 secs (0.231u,0.s)
Params: n= 290
Tactic call rewrite_strat-bottomup ran for 1.013 secs (1.013u,0.s) (success)
Tactic call rewrite_strat-bottomup-noop ran for 0.001 secs (0.001u,0.s) (success)
Tactic call abstract+rewrite_strat-bottomup ran for 1.245 secs (1.244u,0.s) (success)
Tactic call close-abstract+rewrite_strat-bottomup ran for 0.228 secs (0.228u,0.s)
Params: n= 310
Tactic call rewrite_strat-bottomup ran for 1.103 secs (1.103u,0.s) (success)
Tactic call rewrite_strat-bottomup-noop ran for 0.001 secs (0.001u,0.s) (success)
Tactic call abstract+rewrite_strat-bottomup ran for 1.387 secs (1.387u,0.s) (success)
Tactic call close-abstract+rewrite_strat-bottomup ran for 0.281 secs (0.281u,0.s)
Params: n= 320
Tactic call rewrite_strat-bottomup ran for 1.214 secs (1.214u,0.s) (success)
Tactic call rewrite_strat-bottomup-noop ran for 0.007 secs (0.007u,0.s) (success)
Tactic call abstract+rewrite_strat-bottomup ran for 1.521 secs (1.52u,0.s) (success)
Tactic call close-abstract+rewrite_strat-bottomup ran for 0.298 secs (0.298u,0.s)
Params: n= 330
Tactic call rewrite_strat-bottomup ran for 1.335 secs (1.335u,0.s) (success)
Tactic call rewrite_strat-bottomup-noop ran for 0.001 secs (0.001u,0.s) (success)
Tactic call abstract+rewrite_strat-bottomup ran for 1.643 secs (1.642u,0.s) (success)
Tactic call close-abstract+rewrite_strat-bottomup ran for 0.304 secs (0.304u,0.s)
Params: n= 340
Tactic call rewrite_strat-bottomup ran for 1.316 secs (1.316u,0.s) (success)
Tactic call rewrite_strat-bottomup-noop ran for 0.006 secs (0.006u,0.s) (success)
Tactic call abstract+rewrite_strat-bottomup ran for 1.624 secs (1.624u,0.s) (success)
Tactic call close-abstract+rewrite_strat-bottomup ran for 0.3 secs (0.3u,0.s)
Params: n= 360
Tactic call rewrite_strat-bottomup ran for 1.585 secs (1.585u,0.s) (success)
Tactic call rewrite_strat-bottomup-noop ran for 0.001 secs (0.001u,0.s) (success)
Tactic call abstract+rewrite_strat-bottomup ran for 1.947 secs (1.947u,0.s) (success)
Tactic call close-abstract+rewrite_strat-bottomup ran for 0.359 secs (0.359u,0.s)
Params: n= 370
Tactic call rewrite_strat-bottomup ran for 1.658 secs (1.658u,0.s) (success)
Tactic call rewrite_strat-bottomup-noop ran for 0.001 secs (0.001u,0.s) (success)
Tactic call abstract+rewrite_strat-bottomup ran for 2.064 secs (2.06u,0.003s) (success)
Tactic call close-abstract+rewrite_strat-bottomup ran for 0.403 secs (0.399u,0.003s)
Params: n= 380
Tactic call rewrite_strat-bottomup ran for 1.752 secs (1.751u,0.s) (success)
Tactic call rewrite_strat-bottomup-noop ran for 0.001 secs (0.001u,0.s) (success)
Tactic call abstract+rewrite_strat-bottomup ran for 2.171 secs (2.171u,0.s) (success)
Tactic call close-abstract+rewrite_strat-bottomup ran for 0.416 secs (0.416u,0.s)
Params: n= 390
Tactic call rewrite_strat-bottomup ran for 1.813 secs (1.808u,0.003s) (success)
Tactic call rewrite_strat-bottomup-noop ran for 0.005 secs (0.005u,0.s) (success)
Tactic call abstract+rewrite_strat-bottomup ran for 2.255 secs (2.251u,0.003s) (success)
Tactic call close-abstract+rewrite_strat-bottomup ran for 0.435 secs (0.435u,0.s)
