Params: n= 3674
native_compute: Conversion to native code done in 0.00015
native_compute: Compilation done in 0.07039
native_compute: Evaluation done in 0.04503
native_compute: Reification done in 0.00298
Tactic call native_compute(1)-regression-quadratic ran for 0.206 secs (0.121u,0.015s) (success)
native_compute: Conversion to native code done in 0.00015
native_compute: Compilation done in 0.07049
native_compute: Evaluation done in 0.03131
native_compute: Reification done in 0.00853
Tactic call native_compute(2)-regression-quadratic ran for 0.11 secs (0.04u,0.s) (success)
Params: n= 7346
native_compute: Conversion to native code done in 0.00013
native_compute: Compilation done in 0.07138
native_compute: Evaluation done in 0.12655
native_compute: Reification done in 0.00576
Tactic call native_compute(1)-regression-quadratic ran for 0.203 secs (0.133u,0.s) (success)
native_compute: Conversion to native code done in 0.00015
native_compute: Compilation done in 0.07028
native_compute: Evaluation done in 0.13956
native_compute: Reification done in 0.00592
Tactic call native_compute(2)-regression-quadratic ran for 0.216 secs (0.146u,0.s) (success)
Params: n= 11017
native_compute: Conversion to native code done in 0.00013
native_compute: Compilation done in 0.07074
native_compute: Evaluation done in 0.38762
native_compute: Reification done in 0.00882
Tactic call native_compute(1)-regression-quadratic ran for 0.467 secs (0.397u,0.s) (success)
native_compute: Conversion to native code done in 0.00015
native_compute: Compilation done in 0.07026
native_compute: Evaluation done in 0.32511
native_compute: Reification done in 0.00871
Tactic call native_compute(2)-regression-quadratic ran for 0.404 secs (0.334u,0.s) (success)
Params: n= 14689
native_compute: Conversion to native code done in 0.00013
native_compute: Compilation done in 0.07028
native_compute: Evaluation done in 0.84992
native_compute: Reification done in 0.01204
Tactic call native_compute(1)-regression-quadratic ran for 0.932 secs (0.855u,0.007s) (success)
native_compute: Conversion to native code done in 0.00015
native_compute: Compilation done in 0.06941
native_compute: Evaluation done in 0.49833
native_compute: Reification done in 0.01147
Tactic call native_compute(2)-regression-quadratic ran for 0.579 secs (0.51u,0.s) (success)
Params: n= 18361
native_compute: Conversion to native code done in 0.00013
native_compute: Compilation done in 0.07037
native_compute: Evaluation done in 0.90990
native_compute: Reification done in 0.01399
Tactic call native_compute(1)-regression-quadratic ran for 0.994 secs (0.92u,0.003s) (success)
native_compute: Conversion to native code done in 0.00015
native_compute: Compilation done in 0.07031
native_compute: Evaluation done in 0.78016
native_compute: Reification done in 0.01456
Tactic call native_compute(2)-regression-quadratic ran for 0.865 secs (0.791u,0.003s) (success)
