Params: n= 10
Tactic call repeat-setoid_rewrite-regression-cubic ran for 0.01 secs (0.007u,0.003s) (success)
Tactic call noop-repeat-setoid_rewrite-regression-cubic ran for 0.002 secs (0.002u,0.s) (success)
Params: n= 20
Tactic call repeat-setoid_rewrite-regression-cubic ran for 0.022 secs (0.013u,0.008s) (success)
Tactic call noop-repeat-setoid_rewrite-regression-cubic ran for 0.005 secs (0.u,0.005s) (success)
Params: n= 30
Tactic call repeat-setoid_rewrite-regression-cubic ran for 0.067 secs (0.062u,0.005s) (success)
Tactic call noop-repeat-setoid_rewrite-regression-cubic ran for 0.008 secs (0.008u,0.s) (success)
Params: n= 40
Tactic call repeat-setoid_rewrite-regression-cubic ran for 0.051 secs (0.051u,0.s) (success)
Tactic call noop-repeat-setoid_rewrite-regression-cubic ran for 0.011 secs (0.011u,0.s) (success)
Params: n= 60
Tactic call repeat-setoid_rewrite-regression-cubic ran for 0.107 secs (0.107u,0.s) (success)
Tactic call noop-repeat-setoid_rewrite-regression-cubic ran for 0.02 secs (0.02u,0.s) (success)
Params: n= 70
Tactic call repeat-setoid_rewrite-regression-cubic ran for 0.151 secs (0.151u,0.s) (success)
Tactic call noop-repeat-setoid_rewrite-regression-cubic ran for 0.03 secs (0.03u,0.s) (success)
Params: n= 80
Tactic call repeat-setoid_rewrite-regression-cubic ran for 0.199 secs (0.195u,0.004s) (success)
Tactic call noop-repeat-setoid_rewrite-regression-cubic ran for 0.033 secs (0.033u,0.s) (success)
Params: n= 90
Tactic call repeat-setoid_rewrite-regression-cubic ran for 0.249 secs (0.245u,0.003s) (success)
Tactic call noop-repeat-setoid_rewrite-regression-cubic ran for 0.041 secs (0.041u,0.s) (success)
Params: n= 110
Tactic call repeat-setoid_rewrite-regression-cubic ran for 0.364 secs (0.364u,0.s) (success)
Tactic call noop-repeat-setoid_rewrite-regression-cubic ran for 0.057 secs (0.057u,0.s) (success)
Params: n= 120
Tactic call repeat-setoid_rewrite-regression-cubic ran for 0.403 secs (0.403u,0.s) (success)
Tactic call noop-repeat-setoid_rewrite-regression-cubic ran for 0.067 secs (0.067u,0.s) (success)
Params: n= 130
Tactic call repeat-setoid_rewrite-regression-cubic ran for 0.487 secs (0.487u,0.s) (success)
Tactic call noop-repeat-setoid_rewrite-regression-cubic ran for 0.078 secs (0.078u,0.s) (success)
Params: n= 140
Tactic call repeat-setoid_rewrite-regression-cubic ran for 0.57 secs (0.566u,0.003s) (success)
Tactic call noop-repeat-setoid_rewrite-regression-cubic ran for 0.093 secs (0.093u,0.s) (success)
Params: n= 160
Tactic call repeat-setoid_rewrite-regression-cubic ran for 0.801 secs (0.801u,0.s) (success)
Tactic call noop-repeat-setoid_rewrite-regression-cubic ran for 0.118 secs (0.118u,0.s) (success)
Params: n= 170
Tactic call repeat-setoid_rewrite-regression-cubic ran for 0.837 secs (0.837u,0.s) (success)
Tactic call noop-repeat-setoid_rewrite-regression-cubic ran for 0.13 secs (0.13u,0.s) (success)
Params: n= 180
Tactic call repeat-setoid_rewrite-regression-cubic ran for 0.983 secs (0.979u,0.003s) (success)
Tactic call noop-repeat-setoid_rewrite-regression-cubic ran for 0.146 secs (0.146u,0.s) (success)
Params: n= 190
Tactic call repeat-setoid_rewrite-regression-cubic ran for 1.066 secs (1.062u,0.003s) (success)
Tactic call noop-repeat-setoid_rewrite-regression-cubic ran for 0.163 secs (0.163u,0.s) (success)
Params: n= 210
Tactic call repeat-setoid_rewrite-regression-cubic ran for 1.39 secs (1.39u,0.s) (success)
Tactic call noop-repeat-setoid_rewrite-regression-cubic ran for 0.201 secs (0.201u,0.s) (success)
Params: n= 220
Tactic call repeat-setoid_rewrite-regression-cubic ran for 1.478 secs (1.478u,0.s) (success)
Tactic call noop-repeat-setoid_rewrite-regression-cubic ran for 0.217 secs (0.213u,0.003s) (success)
Params: n= 230
Tactic call repeat-setoid_rewrite-regression-cubic ran for 1.724 secs (1.724u,0.s) (success)
Tactic call noop-repeat-setoid_rewrite-regression-cubic ran for 0.245 secs (0.245u,0.s) (success)
Params: n= 240
Tactic call repeat-setoid_rewrite-regression-cubic ran for 1.927 secs (1.923u,0.003s) (success)
Tactic call noop-repeat-setoid_rewrite-regression-cubic ran for 0.26 secs (0.26u,0.s) (success)
Params: n= 250
Tactic call repeat-setoid_rewrite-regression-cubic ran for 2.146 secs (2.146u,0.s) (success)
Tactic call noop-repeat-setoid_rewrite-regression-cubic ran for 0.288 secs (0.288u,0.s) (success)
Params: n= 300
Tactic call repeat-setoid_rewrite-regression-cubic ran for 3.319 secs (3.319u,0.s) (success)
Tactic call noop-repeat-setoid_rewrite-regression-cubic ran for 0.419 secs (0.419u,0.s) (success)
Params: n= 400
Tactic call repeat-setoid_rewrite-regression-cubic ran for 6.465 secs (6.461u,0.003s) (success)
Tactic call noop-repeat-setoid_rewrite-regression-cubic ran for 0.765 secs (0.765u,0.s) (success)
