Params: n= 10
Tactic call setoid_rewrite-regression-cubic ran for 0.007 secs (0.007u,0.s) (success)
Tactic call abstract+setoid_rewrite-regression-cubic ran for 0.009 secs (0.008u,0.s) (success)
Tactic call close-abstract+setoid_rewrite-regression-quadratic ran for 0.001 secs (0.001u,0.s)
Params: n= 20
Tactic call setoid_rewrite-regression-cubic ran for 0.016 secs (0.012u,0.004s) (success)
Tactic call abstract+setoid_rewrite-regression-cubic ran for 0.021 secs (0.014u,0.007s) (success)
Tactic call close-abstract+setoid_rewrite-regression-quadratic ran for 0.005 secs (0.002u,0.002s)
Params: n= 30
Tactic call setoid_rewrite-regression-cubic ran for 0.063 secs (0.059u,0.003s) (success)
Tactic call abstract+setoid_rewrite-regression-cubic ran for 0.07 secs (0.066u,0.003s) (success)
Tactic call close-abstract+setoid_rewrite-regression-quadratic ran for 0.007 secs (0.007u,0.s)
Params: n= 40
Tactic call setoid_rewrite-regression-cubic ran for 0.039 secs (0.039u,0.s) (success)
Tactic call abstract+setoid_rewrite-regression-cubic ran for 0.055 secs (0.054u,0.s) (success)
Tactic call close-abstract+setoid_rewrite-regression-quadratic ran for 0.015 secs (0.014u,0.s)
Params: n= 60
Tactic call setoid_rewrite-regression-cubic ran for 0.087 secs (0.087u,0.s) (success)
Tactic call abstract+setoid_rewrite-regression-cubic ran for 0.114 secs (0.114u,0.s) (success)
Tactic call close-abstract+setoid_rewrite-regression-quadratic ran for 0.026 secs (0.026u,0.s)
Params: n= 70
Tactic call setoid_rewrite-regression-cubic ran for 0.113 secs (0.113u,0.s) (success)
Tactic call abstract+setoid_rewrite-regression-cubic ran for 0.159 secs (0.159u,0.s) (success)
Tactic call close-abstract+setoid_rewrite-regression-quadratic ran for 0.045 secs (0.045u,0.s)
Params: n= 80
Tactic call setoid_rewrite-regression-cubic ran for 0.16 secs (0.16u,0.s) (success)
Tactic call abstract+setoid_rewrite-regression-cubic ran for 0.206 secs (0.206u,0.s) (success)
Tactic call close-abstract+setoid_rewrite-regression-quadratic ran for 0.045 secs (0.045u,0.s)
Params: n= 90
Tactic call setoid_rewrite-regression-cubic ran for 0.207 secs (0.207u,0.s) (success)
Tactic call abstract+setoid_rewrite-regression-cubic ran for 0.264 secs (0.264u,0.s) (success)
Tactic call close-abstract+setoid_rewrite-regression-quadratic ran for 0.056 secs (0.056u,0.s)
Params: n= 110
Tactic call setoid_rewrite-regression-cubic ran for 0.308 secs (0.304u,0.003s) (success)
Tactic call abstract+setoid_rewrite-regression-cubic ran for 0.386 secs (0.382u,0.003s) (success)
Tactic call close-abstract+setoid_rewrite-regression-quadratic ran for 0.077 secs (0.077u,0.s)
Params: n= 120
Tactic call setoid_rewrite-regression-cubic ran for 0.332 secs (0.332u,0.s) (success)
Tactic call abstract+setoid_rewrite-regression-cubic ran for 0.423 secs (0.423u,0.s) (success)
Tactic call close-abstract+setoid_rewrite-regression-quadratic ran for 0.09 secs (0.09u,0.s)
Params: n= 130
Tactic call setoid_rewrite-regression-cubic ran for 0.404 secs (0.403u,0.s) (success)
Tactic call abstract+setoid_rewrite-regression-cubic ran for 0.508 secs (0.508u,0.s) (success)
Tactic call close-abstract+setoid_rewrite-regression-quadratic ran for 0.104 secs (0.104u,0.s)
Params: n= 140
Tactic call setoid_rewrite-regression-cubic ran for 0.46 secs (0.457u,0.003s) (success)
Tactic call abstract+setoid_rewrite-regression-cubic ran for 0.586 secs (0.582u,0.003s) (success)
Tactic call close-abstract+setoid_rewrite-regression-quadratic ran for 0.125 secs (0.125u,0.s)
Params: n= 160
Tactic call setoid_rewrite-regression-cubic ran for 0.662 secs (0.662u,0.s) (success)
Tactic call abstract+setoid_rewrite-regression-cubic ran for 0.82 secs (0.82u,0.s) (success)
Tactic call close-abstract+setoid_rewrite-regression-quadratic ran for 0.157 secs (0.157u,0.s)
Params: n= 170
Tactic call setoid_rewrite-regression-cubic ran for 0.752 secs (0.751u,0.s) (success)
Tactic call abstract+setoid_rewrite-regression-cubic ran for 0.929 secs (0.929u,0.s) (success)
Tactic call close-abstract+setoid_rewrite-regression-quadratic ran for 0.177 secs (0.177u,0.s)
Params: n= 180
Tactic call setoid_rewrite-regression-cubic ran for 0.772 secs (0.764u,0.007s) (success)
Tactic call abstract+setoid_rewrite-regression-cubic ran for 0.969 secs (0.961u,0.007s) (success)
Tactic call close-abstract+setoid_rewrite-regression-quadratic ran for 0.196 secs (0.196u,0.s)
Params: n= 190
Tactic call setoid_rewrite-regression-cubic ran for 0.91 secs (0.91u,0.s) (success)
Tactic call abstract+setoid_rewrite-regression-cubic ran for 1.13 secs (1.13u,0.s) (success)
Tactic call close-abstract+setoid_rewrite-regression-quadratic ran for 0.219 secs (0.219u,0.s)
Params: n= 210
Tactic call setoid_rewrite-regression-cubic ran for 1.224 secs (1.22u,0.003s) (success)
Tactic call abstract+setoid_rewrite-regression-cubic ran for 1.491 secs (1.487u,0.004s) (success)
Tactic call close-abstract+setoid_rewrite-regression-quadratic ran for 0.266 secs (0.266u,0.s)
Params: n= 220
Tactic call setoid_rewrite-regression-cubic ran for 1.325 secs (1.325u,0.s) (success)
Tactic call abstract+setoid_rewrite-regression-cubic ran for 1.618 secs (1.617u,0.s) (success)
Tactic call close-abstract+setoid_rewrite-regression-quadratic ran for 0.292 secs (0.292u,0.s)
Params: n= 230
Tactic call setoid_rewrite-regression-cubic ran for 1.567 secs (1.567u,0.s) (success)
Tactic call abstract+setoid_rewrite-regression-cubic ran for 1.892 secs (1.892u,0.s) (success)
Tactic call close-abstract+setoid_rewrite-regression-quadratic ran for 0.324 secs (0.324u,0.s)
Params: n= 240
Tactic call setoid_rewrite-regression-cubic ran for 1.628 secs (1.628u,0.s) (success)
Tactic call abstract+setoid_rewrite-regression-cubic ran for 1.975 secs (1.975u,0.s) (success)
Tactic call close-abstract+setoid_rewrite-regression-quadratic ran for 0.346 secs (0.346u,0.s)
Params: n= 250
Tactic call setoid_rewrite-regression-cubic ran for 1.797 secs (1.797u,0.s) (success)
Tactic call abstract+setoid_rewrite-regression-cubic ran for 2.17 secs (2.17u,0.s) (success)
Tactic call close-abstract+setoid_rewrite-regression-quadratic ran for 0.372 secs (0.372u,0.s)
Params: n= 300
Tactic call setoid_rewrite-regression-cubic ran for 3.054 secs (3.054u,0.s) (success)
Tactic call abstract+setoid_rewrite-regression-cubic ran for 3.59 secs (3.59u,0.s) (success)
Tactic call close-abstract+setoid_rewrite-regression-quadratic ran for 0.535 secs (0.535u,0.s)
Params: n= 400
Tactic call setoid_rewrite-regression-cubic ran for 7.308 secs (7.307u,0.s) (success)
Tactic call abstract+setoid_rewrite-regression-cubic ran for 8.267 secs (8.266u,0.s) (success)
Tactic call close-abstract+setoid_rewrite-regression-quadratic ran for 0.958 secs (0.957u,0.s)
