Params: n= 4
Tactic call reify-regression-cubic ran for 0.004 secs (0.004u,0.s)
Tactic call abstract-regression-linear ran for 0. secs (0.u,0.s) (success)
Params: n= 5
Tactic call reify-regression-cubic ran for 0.005 secs (0.005u,0.s)
Tactic call abstract-regression-linear ran for 0. secs (0.u,0.s) (success)
Params: n= 6
Tactic call reify-regression-cubic ran for 0.006 secs (0.006u,0.s)
Tactic call abstract-regression-linear ran for 0. secs (0.u,0.s) (success)
Params: n= 7
Tactic call reify-regression-cubic ran for 0.007 secs (0.007u,0.s)
Tactic call abstract-regression-linear ran for 0. secs (0.u,0.s) (success)
Params: n= 8
Tactic call reify-regression-cubic ran for 0.044 secs (0.043u,0.s)
Tactic call abstract-regression-linear ran for 0. secs (0.u,0.s) (success)
Params: n= 9
Tactic call reify-regression-cubic ran for 0.009 secs (0.009u,0.s)
Tactic call abstract-regression-linear ran for 0. secs (0.u,0.s) (success)
Params: n= 10
Tactic call reify-regression-cubic ran for 0.01 secs (0.01u,0.s)
Tactic call abstract-regression-linear ran for 0. secs (0.u,0.s) (success)
Params: n= 11
Tactic call reify-regression-cubic ran for 0.012 secs (0.012u,0.s)
Tactic call abstract-regression-linear ran for 0. secs (0.u,0.s) (success)
Params: n= 12
Tactic call reify-regression-cubic ran for 0.016 secs (0.015u,0.s)
Tactic call abstract-regression-linear ran for 0. secs (0.u,0.s) (success)
Params: n= 13
Tactic call reify-regression-cubic ran for 0.016 secs (0.016u,0.s)
Tactic call abstract-regression-linear ran for 0. secs (0.u,0.s) (success)
Params: n= 14
Tactic call reify-regression-cubic ran for 0.018 secs (0.018u,0.s)
Tactic call abstract-regression-linear ran for 0. secs (0.u,0.s) (success)
Params: n= 15
Tactic call reify-regression-cubic ran for 0.023 secs (0.023u,0.s)
Tactic call abstract-regression-linear ran for 0. secs (0.u,0.s) (success)
Params: n= 16
Tactic call reify-regression-cubic ran for 0.023 secs (0.023u,0.s)
Tactic call abstract-regression-linear ran for 0. secs (0.u,0.s) (success)
Params: n= 17
Tactic call reify-regression-cubic ran for 0.027 secs (0.027u,0.s)
Tactic call abstract-regression-linear ran for 0. secs (0.u,0.s) (success)
Params: n= 18
Tactic call reify-regression-cubic ran for 0.029 secs (0.029u,0.s)
Tactic call abstract-regression-linear ran for 0. secs (0.u,0.s) (success)
Params: n= 19
Tactic call reify-regression-cubic ran for 0.036 secs (0.036u,0.s)
Tactic call abstract-regression-linear ran for 0. secs (0.u,0.s) (success)
Params: n= 20
Tactic call reify-regression-cubic ran for 0.037 secs (0.037u,0.s)
Tactic call abstract-regression-linear ran for 0. secs (0.u,0.s) (success)
Params: n= 21
Tactic call reify-regression-cubic ran for 0.039 secs (0.039u,0.s)
Tactic call abstract-regression-linear ran for 0. secs (0.u,0.s) (success)
Params: n= 22
Tactic call reify-regression-cubic ran for 0.046 secs (0.046u,0.s)
Tactic call abstract-regression-linear ran for 0. secs (0.u,0.s) (success)
Params: n= 23
Tactic call reify-regression-cubic ran for 0.049 secs (0.049u,0.s)
Tactic call abstract-regression-linear ran for 0. secs (0.u,0.s) (success)
Params: n= 24
Tactic call reify-regression-cubic ran for 0.055 secs (0.055u,0.s)
Tactic call abstract-regression-linear ran for 0. secs (0.u,0.s) (success)
Params: n= 25
Tactic call reify-regression-cubic ran for 0.058 secs (0.057u,0.s)
Tactic call abstract-regression-linear ran for 0. secs (0.u,0.s) (success)
Params: n= 26
Tactic call reify-regression-cubic ran for 0.064 secs (0.064u,0.s)
Tactic call abstract-regression-linear ran for 0. secs (0.u,0.s) (success)
Params: n= 27
Tactic call reify-regression-cubic ran for 0.068 secs (0.067u,0.s)
Tactic call abstract-regression-linear ran for 0. secs (0.u,0.s) (success)
Params: n= 28
Tactic call reify-regression-cubic ran for 0.078 secs (0.077u,0.s)
Tactic call abstract-regression-linear ran for 0. secs (0.u,0.s) (success)
Params: n= 29
Tactic call reify-regression-cubic ran for 0.084 secs (0.084u,0.s)
Tactic call abstract-regression-linear ran for 0. secs (0.u,0.s) (success)
Params: n= 30
Tactic call reify-regression-cubic ran for 0.089 secs (0.089u,0.s)
Tactic call abstract-regression-linear ran for 0. secs (0.u,0.s) (success)
Params: n= 31
Tactic call reify-regression-cubic ran for 0.094 secs (0.094u,0.s)
Tactic call abstract-regression-linear ran for 0. secs (0.u,0.s) (success)
Params: n= 32
Tactic call reify-regression-cubic ran for 0.106 secs (0.106u,0.s)
Tactic call abstract-regression-linear ran for 0. secs (0.u,0.s) (success)
Params: n= 33
Tactic call reify-regression-cubic ran for 0.115 secs (0.115u,0.s)
Tactic call abstract-regression-linear ran for 0. secs (0.u,0.s) (success)
Params: n= 34
Tactic call reify-regression-cubic ran for 0.127 secs (0.127u,0.s)
Tactic call abstract-regression-linear ran for 0. secs (0.u,0.s) (success)
Params: n= 35
Tactic call reify-regression-cubic ran for 0.134 secs (0.134u,0.s)
Tactic call abstract-regression-linear ran for 0. secs (0.u,0.s) (success)
Params: n= 36
Tactic call reify-regression-cubic ran for 0.143 secs (0.143u,0.s)
Tactic call abstract-regression-linear ran for 0. secs (0.u,0.s) (success)
Params: n= 37
Tactic call reify-regression-cubic ran for 0.15 secs (0.15u,0.s)
Tactic call abstract-regression-linear ran for 0. secs (0.u,0.s) (success)
Params: n= 38
Tactic call reify-regression-cubic ran for 0.165 secs (0.165u,0.s)
Tactic call abstract-regression-linear ran for 0. secs (0.u,0.s) (success)
Params: n= 39
Tactic call reify-regression-cubic ran for 0.167 secs (0.167u,0.s)
Tactic call abstract-regression-linear ran for 0. secs (0.u,0.s) (success)
Params: n= 40
Tactic call reify-regression-cubic ran for 0.175 secs (0.175u,0.s)
Tactic call abstract-regression-linear ran for 0.001 secs (0.001u,0.s) (success)
Params: n= 41
Tactic call reify-regression-cubic ran for 0.186 secs (0.186u,0.s)
Tactic call abstract-regression-linear ran for 0.001 secs (0.001u,0.s) (success)
Params: n= 42
Tactic call reify-regression-cubic ran for 0.199 secs (0.199u,0.s)
Tactic call abstract-regression-linear ran for 0.001 secs (0.001u,0.s) (success)
Params: n= 43
Tactic call reify-regression-cubic ran for 0.212 secs (0.211u,0.s)
Tactic call abstract-regression-linear ran for 0.001 secs (0.001u,0.s) (success)
Params: n= 44
Tactic call reify-regression-cubic ran for 0.226 secs (0.226u,0.s)
Tactic call abstract-regression-linear ran for 0.001 secs (0.001u,0.s) (success)
Params: n= 45
Tactic call reify-regression-cubic ran for 0.24 secs (0.24u,0.s)
Tactic call abstract-regression-linear ran for 0.001 secs (0.001u,0.s) (success)
Params: n= 46
Tactic call reify-regression-cubic ran for 0.256 secs (0.256u,0.s)
Tactic call abstract-regression-linear ran for 0.001 secs (0.001u,0.s) (success)
Params: n= 47
Tactic call reify-regression-cubic ran for 0.27 secs (0.27u,0.s)
Tactic call abstract-regression-linear ran for 0.001 secs (0.001u,0.s) (success)
Params: n= 48
Tactic call reify-regression-cubic ran for 0.286 secs (0.286u,0.s)
Tactic call abstract-regression-linear ran for 0.001 secs (0.001u,0.s) (success)
Params: n= 49
Tactic call reify-regression-cubic ran for 0.304 secs (0.304u,0.s)
Tactic call abstract-regression-linear ran for 0.001 secs (0.001u,0.s) (success)
Params: n= 50
Tactic call reify-regression-cubic ran for 0.33 secs (0.33u,0.s)
Tactic call abstract-regression-linear ran for 0.001 secs (0.001u,0.s) (success)
Params: n= 51
Tactic call reify-regression-cubic ran for 0.347 secs (0.347u,0.s)
Tactic call abstract-regression-linear ran for 0.001 secs (0.001u,0.s) (success)
Params: n= 52
Tactic call reify-regression-cubic ran for 0.371 secs (0.371u,0.s)
Tactic call abstract-regression-linear ran for 0.001 secs (0.001u,0.s) (success)
Params: n= 53
Tactic call reify-regression-cubic ran for 0.384 secs (0.383u,0.s)
Tactic call abstract-regression-linear ran for 0.001 secs (0.001u,0.s) (success)
Params: n= 54
Tactic call reify-regression-cubic ran for 0.413 secs (0.412u,0.s)
Tactic call abstract-regression-linear ran for 0.001 secs (0.001u,0.s) (success)
Params: n= 55
Tactic call reify-regression-cubic ran for 0.433 secs (0.433u,0.s)
Tactic call abstract-regression-linear ran for 0.001 secs (0.001u,0.s) (success)
Params: n= 56
Tactic call reify-regression-cubic ran for 0.437 secs (0.437u,0.s)
Tactic call abstract-regression-linear ran for 0.001 secs (0.001u,0.s) (success)
Params: n= 57
Tactic call reify-regression-cubic ran for 0.465 secs (0.463u,0.001s)
Tactic call abstract-regression-linear ran for 0.001 secs (0.001u,0.s) (success)
Params: n= 58
Tactic call reify-regression-cubic ran for 0.493 secs (0.493u,0.s)
Tactic call abstract-regression-linear ran for 0.001 secs (0.001u,0.s) (success)
Params: n= 59
Tactic call reify-regression-cubic ran for 0.516 secs (0.516u,0.s)
Tactic call abstract-regression-linear ran for 0.001 secs (0.001u,0.s) (success)
Params: n= 60
Tactic call reify-regression-cubic ran for 0.541 secs (0.541u,0.s)
Tactic call abstract-regression-linear ran for 0.001 secs (0.001u,0.s) (success)
Params: n= 61
Tactic call reify-regression-cubic ran for 0.562 secs (0.561u,0.s)
Tactic call abstract-regression-linear ran for 0.001 secs (0.001u,0.s) (success)
Params: n= 62
Tactic call reify-regression-cubic ran for 0.592 secs (0.592u,0.s)
Tactic call abstract-regression-linear ran for 0.001 secs (0.001u,0.s) (success)
Params: n= 63
Tactic call reify-regression-cubic ran for 0.621 secs (0.621u,0.s)
Tactic call abstract-regression-linear ran for 0.001 secs (0.001u,0.s) (success)
Params: n= 64
Tactic call reify-regression-cubic ran for 0.653 secs (0.652u,0.s)
Tactic call abstract-regression-linear ran for 0.001 secs (0.001u,0.s) (success)
Params: n= 65
Tactic call reify-regression-cubic ran for 0.685 secs (0.685u,0.s)
Tactic call abstract-regression-linear ran for 0.005 secs (0.005u,0.s) (success)
Params: n= 66
Tactic call reify-regression-cubic ran for 0.721 secs (0.719u,0.001s)
Tactic call abstract-regression-linear ran for 0.001 secs (0.001u,0.s) (success)
Params: n= 67
Tactic call reify-regression-cubic ran for 0.751 secs (0.749u,0.001s)
Tactic call abstract-regression-linear ran for 0.001 secs (0.001u,0.s) (success)
Params: n= 68
Tactic call reify-regression-cubic ran for 0.774 secs (0.774u,0.s)
Tactic call abstract-regression-linear ran for 0.001 secs (0.001u,0.s) (success)
Params: n= 69
Tactic call reify-regression-cubic ran for 0.798 secs (0.798u,0.s)
Tactic call abstract-regression-linear ran for 0.001 secs (0.001u,0.s) (success)
Params: n= 70
Tactic call reify-regression-cubic ran for 0.837 secs (0.837u,0.s)
Tactic call abstract-regression-linear ran for 0.001 secs (0.001u,0.s) (success)
Params: n= 71
Tactic call reify-regression-cubic ran for 0.886 secs (0.886u,0.s)
Tactic call abstract-regression-linear ran for 0.001 secs (0.001u,0.s) (success)
Params: n= 72
Tactic call reify-regression-cubic ran for 0.933 secs (0.933u,0.s)
Tactic call abstract-regression-linear ran for 0.001 secs (0.001u,0.s) (success)
Params: n= 73
Tactic call reify-regression-cubic ran for 0.974 secs (0.974u,0.s)
Tactic call abstract-regression-linear ran for 0.001 secs (0.001u,0.s) (success)
Params: n= 74
Tactic call reify-regression-cubic ran for 1.024 secs (1.024u,0.s)
Tactic call abstract-regression-linear ran for 0.001 secs (0.001u,0.s) (success)
Params: n= 75
Tactic call reify-regression-cubic ran for 1.049 secs (1.049u,0.s)
Tactic call abstract-regression-linear ran for 0.001 secs (0.001u,0.s) (success)
Params: n= 76
Tactic call reify-regression-cubic ran for 1.074 secs (1.074u,0.s)
Tactic call abstract-regression-linear ran for 0.001 secs (0.001u,0.s) (success)
Params: n= 77
Tactic call reify-regression-cubic ran for 1.122 secs (1.122u,0.s)
Tactic call abstract-regression-linear ran for 0.001 secs (0.001u,0.s) (success)
Params: n= 78
Tactic call reify-regression-cubic ran for 1.167 secs (1.167u,0.s)
Tactic call abstract-regression-linear ran for 0.002 secs (0.002u,0.s) (success)
Params: n= 79
Tactic call reify-regression-cubic ran for 1.211 secs (1.211u,0.s)
Tactic call abstract-regression-linear ran for 0.001 secs (0.001u,0.s) (success)
Params: n= 80
Tactic call reify-regression-cubic ran for 1.277 secs (1.277u,0.s)
Tactic call abstract-regression-linear ran for 0.001 secs (0.001u,0.s) (success)
Params: n= 81
Tactic call reify-regression-cubic ran for 1.342 secs (1.342u,0.s)
Tactic call abstract-regression-linear ran for 0.002 secs (0.002u,0.s) (success)
Params: n= 82
Tactic call reify-regression-cubic ran for 1.387 secs (1.387u,0.s)
Tactic call abstract-regression-linear ran for 0.002 secs (0.002u,0.s) (success)
Params: n= 83
Tactic call reify-regression-cubic ran for 1.419 secs (1.419u,0.s)
Tactic call abstract-regression-linear ran for 0.001 secs (0.001u,0.s) (success)
Params: n= 84
Tactic call reify-regression-cubic ran for 1.47 secs (1.47u,0.s)
Tactic call abstract-regression-linear ran for 0.001 secs (0.001u,0.s) (success)
Params: n= 85
Tactic call reify-regression-cubic ran for 1.532 secs (1.532u,0.s)
Tactic call abstract-regression-linear ran for 0.001 secs (0.001u,0.s) (success)
Params: n= 86
Tactic call reify-regression-cubic ran for 1.599 secs (1.599u,0.s)
Tactic call abstract-regression-linear ran for 0.002 secs (0.002u,0.s) (success)
Params: n= 87
Tactic call reify-regression-cubic ran for 1.683 secs (1.682u,0.s)
Tactic call abstract-regression-linear ran for 0.002 secs (0.002u,0.s) (success)
Params: n= 88
Tactic call reify-regression-cubic ran for 1.755 secs (1.754u,0.s)
Tactic call abstract-regression-linear ran for 0.002 secs (0.002u,0.s) (success)
Params: n= 89
Tactic call reify-regression-cubic ran for 1.828 secs (1.828u,0.s)
Tactic call abstract-regression-linear ran for 0.002 secs (0.002u,0.s) (success)
Params: n= 90
Tactic call reify-regression-cubic ran for 1.853 secs (1.853u,0.s)
Tactic call abstract-regression-linear ran for 0.002 secs (0.002u,0.s) (success)
Params: n= 91
Tactic call reify-regression-cubic ran for 1.922 secs (1.922u,0.s)
Tactic call abstract-regression-linear ran for 0.002 secs (0.002u,0.s) (success)
Params: n= 92
Tactic call reify-regression-cubic ran for 1.989 secs (1.989u,0.s)
Tactic call abstract-regression-linear ran for 0.002 secs (0.002u,0.s) (success)
Params: n= 93
Tactic call reify-regression-cubic ran for 2.092 secs (2.092u,0.s)
Tactic call abstract-regression-linear ran for 0.002 secs (0.002u,0.s) (success)
Params: n= 94
Tactic call reify-regression-cubic ran for 2.147 secs (2.147u,0.s)
Tactic call abstract-regression-linear ran for 0.002 secs (0.002u,0.s) (success)
Params: n= 95
Tactic call reify-regression-cubic ran for 2.206 secs (2.206u,0.s)
Tactic call abstract-regression-linear ran for 0.002 secs (0.002u,0.s) (success)
Params: n= 96
Tactic call reify-regression-cubic ran for 2.27 secs (2.27u,0.s)
Tactic call abstract-regression-linear ran for 0.002 secs (0.002u,0.s) (success)
Params: n= 97
Tactic call reify-regression-cubic ran for 2.387 secs (2.386u,0.s)
Tactic call abstract-regression-linear ran for 0.002 secs (0.002u,0.s) (success)
Params: n= 98
Tactic call reify-regression-cubic ran for 2.493 secs (2.493u,0.s)
Tactic call abstract-regression-linear ran for 0.002 secs (0.002u,0.s) (success)
Params: n= 99
Tactic call reify-regression-cubic ran for 2.519 secs (2.519u,0.s)
Tactic call abstract-regression-linear ran for 0.002 secs (0.002u,0.s) (success)
Params: n= 100
Tactic call reify-regression-cubic ran for 2.579 secs (2.579u,0.s)
Tactic call abstract-regression-linear ran for 0.002 secs (0.002u,0.s) (success)
