Params: n= 10
Tactic call repeat-rewrite_strat-bottomup-regression-cubic ran for 0.04 secs (0.02u,0.02s) (success)
Tactic call noop-repeat-rewrite_strat-bottomup-regression-cubic ran for 0.002 secs (0.002u,0.s) (success)
Tactic call abstract+repeat-rewrite_strat-bottomup-regression-cubic ran for 0.079 secs (0.047u,0.031s) (success)
Tactic call close-abstract+repeat-rewrite_strat-bottomup-regression-quadratic ran for 0.037 secs (0.025u,0.011s)
Params: n= 20
Tactic call repeat-rewrite_strat-bottomup-regression-cubic ran for 0.112 secs (0.112u,0.s) (success)
Tactic call noop-repeat-rewrite_strat-bottomup-regression-cubic ran for 0.003 secs (0.003u,0.s) (success)
Tactic call abstract+repeat-rewrite_strat-bottomup-regression-cubic ran for 0.12 secs (0.12u,0.s) (success)
Tactic call close-abstract+repeat-rewrite_strat-bottomup-regression-quadratic ran for 0.003 secs (0.003u,0.s)
Params: n= 30
Tactic call repeat-rewrite_strat-bottomup-regression-cubic ran for 0.278 secs (0.278u,0.s) (success)
Tactic call noop-repeat-rewrite_strat-bottomup-regression-cubic ran for 0.006 secs (0.006u,0.s) (success)
Tactic call abstract+repeat-rewrite_strat-bottomup-regression-cubic ran for 0.292 secs (0.291u,0.s) (success)
Tactic call close-abstract+repeat-rewrite_strat-bottomup-regression-quadratic ran for 0.007 secs (0.007u,0.s)
Params: n= 40
Tactic call repeat-rewrite_strat-bottomup-regression-cubic ran for 0.543 secs (0.543u,0.s) (success)
Tactic call noop-repeat-rewrite_strat-bottomup-regression-cubic ran for 0.009 secs (0.009u,0.s) (success)
Tactic call abstract+repeat-rewrite_strat-bottomup-regression-cubic ran for 0.565 secs (0.565u,0.s) (success)
Tactic call close-abstract+repeat-rewrite_strat-bottomup-regression-quadratic ran for 0.011 secs (0.011u,0.s)
