Params: n= 50
Tactic call rewrite_strat-topdown ran for 0.062 secs (0.05u,0.011s) (success)
Tactic call rewrite_strat-topdown-noop ran for 0. secs (0.u,0.s) (success)
Tactic call abstract+rewrite_strat-topdown ran for 0.075 secs (0.063u,0.011s) (success)
Tactic call close-abstract+rewrite_strat-topdown ran for 0.011 secs (0.011u,0.s)
Params: n= 100
Tactic call rewrite_strat-topdown ran for 0.07 secs (0.069u,0.s) (success)
Tactic call rewrite_strat-topdown-noop ran for 0. secs (0.u,0.s) (success)
Tactic call abstract+rewrite_strat-topdown ran for 0.116 secs (0.115u,0.s) (success)
Tactic call close-abstract+rewrite_strat-topdown ran for 0.044 secs (0.044u,0.s)
Params: n= 150
Tactic call rewrite_strat-topdown ran for 0.16 secs (0.16u,0.s) (success)
Tactic call rewrite_strat-topdown-noop ran for 0.001 secs (0.001u,0.s) (success)
Tactic call abstract+rewrite_strat-topdown ran for 0.276 secs (0.276u,0.s) (success)
Tactic call close-abstract+rewrite_strat-topdown ran for 0.114 secs (0.114u,0.s)
Params: n= 200
Tactic call rewrite_strat-topdown ran for 0.299 secs (0.295u,0.003s) (success)
Tactic call rewrite_strat-topdown-noop ran for 0.008 secs (0.008u,0.s) (success)
Tactic call abstract+rewrite_strat-topdown ran for 0.503 secs (0.499u,0.003s) (success)
Tactic call close-abstract+rewrite_strat-topdown ran for 0.195 secs (0.194u,0.s)
Params: n= 250
Tactic call rewrite_strat-topdown ran for 0.447 secs (0.447u,0.s) (success)
Tactic call rewrite_strat-topdown-noop ran for 0.003 secs (0.003u,0.s) (success)
Tactic call abstract+rewrite_strat-topdown ran for 0.721 secs (0.721u,0.s) (success)
Tactic call close-abstract+rewrite_strat-topdown ran for 0.269 secs (0.269u,0.s)
Params: n= 300
Tactic call rewrite_strat-topdown ran for 0.671 secs (0.663u,0.007s) (success)
Tactic call rewrite_strat-topdown-noop ran for 0.005 secs (0.005u,0.s) (success)
Tactic call abstract+rewrite_strat-topdown ran for 1.074 secs (1.066u,0.007s) (success)
Tactic call close-abstract+rewrite_strat-topdown ran for 0.397 secs (0.397u,0.s)
Params: n= 350
Tactic call rewrite_strat-topdown ran for 1.026 secs (1.018u,0.007s) (success)
Tactic call rewrite_strat-topdown-noop ran for 0.006 secs (0.006u,0.s) (success)
Tactic call abstract+rewrite_strat-topdown ran for 1.55 secs (1.542u,0.007s) (success)
Tactic call close-abstract+rewrite_strat-topdown ran for 0.517 secs (0.517u,0.s)
Params: n= 400
Tactic call rewrite_strat-topdown ran for 1.292 secs (1.288u,0.003s) (success)
Tactic call rewrite_strat-topdown-noop ran for 0.008 secs (0.008u,0.s) (success)
Tactic call abstract+rewrite_strat-topdown ran for 2.039 secs (2.035u,0.003s) (success)
Tactic call close-abstract+rewrite_strat-topdown ran for 0.738 secs (0.738u,0.s)
