Params: n= 50
Tactic call ssr-rewrite!-regression-quadratic ran for 0.025 secs (0.025u,0.s) (success)
Tactic call ssr-rewrite?-noop-regression-linear ran for 0. secs (0.u,0.s) (success)
Tactic call abstract-regression-quadratic ran for 0.058 secs (0.057u,0.s) (success)
Tactic call close-abstract-regression-quadratic ran for 0.032 secs (0.032u,0.s)
Params: n= 100
Tactic call ssr-rewrite!-regression-quadratic ran for 0.105 secs (0.105u,0.s) (success)
Tactic call ssr-rewrite?-noop-regression-linear ran for 0. secs (0.u,0.s) (success)
Tactic call abstract-regression-quadratic ran for 0.248 secs (0.248u,0.s) (success)
Tactic call close-abstract-regression-quadratic ran for 0.142 secs (0.142u,0.s)
Params: n= 150
Tactic call ssr-rewrite!-regression-quadratic ran for 0.35 secs (0.35u,0.s) (success)
Tactic call ssr-rewrite?-noop-regression-linear ran for 0. secs (0.u,0.s) (success)
Tactic call abstract-regression-quadratic ran for 0.652 secs (0.648u,0.003s) (success)
Tactic call close-abstract-regression-quadratic ran for 0.3 secs (0.296u,0.003s)
Params: n= 200
Tactic call ssr-rewrite!-regression-quadratic ran for 0.526 secs (0.522u,0.004s) (success)
Tactic call ssr-rewrite?-noop-regression-linear ran for 0. secs (0.u,0.s) (success)
Tactic call abstract-regression-quadratic ran for 1.191 secs (1.187u,0.004s) (success)
Tactic call close-abstract-regression-quadratic ran for 0.663 secs (0.663u,0.s)
Params: n= 250
Tactic call ssr-rewrite!-regression-quadratic ran for 0.667 secs (0.667u,0.s) (success)
Tactic call ssr-rewrite?-noop-regression-linear ran for 0. secs (0.u,0.s) (success)
Tactic call abstract-regression-quadratic ran for 1.573 secs (1.573u,0.s) (success)
Tactic call close-abstract-regression-quadratic ran for 0.904 secs (0.904u,0.s)
Params: n= 300
Tactic call ssr-rewrite!-regression-quadratic ran for 0.927 secs (0.923u,0.003s) (success)
Tactic call ssr-rewrite?-noop-regression-linear ran for 0. secs (0.u,0.s) (success)
Tactic call abstract-regression-quadratic ran for 2.087 secs (2.079u,0.007s) (success)
Tactic call close-abstract-regression-quadratic ran for 1.158 secs (1.154u,0.003s)
Params: n= 350
Tactic call ssr-rewrite!-regression-quadratic ran for 1.281 secs (1.269u,0.011s) (success)
Tactic call ssr-rewrite?-noop-regression-linear ran for 0. secs (0.u,0.s) (success)
Tactic call abstract-regression-quadratic ran for 2.882 secs (2.858u,0.023s) (success)
Tactic call close-abstract-regression-quadratic ran for 1.599 secs (1.587u,0.011s)
Params: n= 400
Tactic call ssr-rewrite!-regression-quadratic ran for 1.622 secs (1.614u,0.008s) (success)
Tactic call ssr-rewrite?-noop-regression-linear ran for 0. secs (0.u,0.s) (success)
Tactic call abstract-regression-quadratic ran for 3.841 secs (3.829u,0.012s) (success)
Tactic call close-abstract-regression-quadratic ran for 2.218 secs (2.214u,0.003s)
