Params: n= 5
Tactic call cbv for CanonicalStructuresHOAS with big ran for 0. secs (0.u,0.s) (success)
Tactic call pre for CanonicalStructuresHOAS with big ran for 0. secs (0.u,0.s) (success)
Tactic call actual reif for CanonicalStructuresHOAS with big ran for 0.003 secs (0.003u,0.s)
Tactic call eval lazy for CanonicalStructuresHOAS with big ran for 0. secs (0.u,0.s)
Tactic call postprocess for CanonicalStructuresHOAS with big ran for 0. secs (0.u,0.s)
Tactic call norm reif for CanonicalStructuresHOAS with big ran for 0.003 secs (0.003u,0.s)
Tactic call intros _ for CanonicalStructuresHOAS with big ran for 0. secs (0.u,0.s) (success)
Tactic call lazy beta iota for CanonicalStructuresHOAS with big ran for 0. secs (0.u,0.s) (success)
Tactic call reif for CanonicalStructuresHOAS with big ran for 0.004 secs (0.004u,0.s) (success)
Tactic call post for CanonicalStructuresHOAS with big ran for 0. secs (0.u,0.s) (success)
Params: n= 6
Tactic call cbv for CanonicalStructuresHOAS with big ran for 0. secs (0.u,0.s) (success)
Tactic call pre for CanonicalStructuresHOAS with big ran for 0. secs (0.u,0.s) (success)
Tactic call actual reif for CanonicalStructuresHOAS with big ran for 0.004 secs (0.004u,0.s)
Tactic call eval lazy for CanonicalStructuresHOAS with big ran for 0. secs (0.u,0.s)
Tactic call postprocess for CanonicalStructuresHOAS with big ran for 0. secs (0.u,0.s)
Tactic call norm reif for CanonicalStructuresHOAS with big ran for 0.004 secs (0.004u,0.s)
Tactic call intros _ for CanonicalStructuresHOAS with big ran for 0. secs (0.u,0.s) (success)
Tactic call lazy beta iota for CanonicalStructuresHOAS with big ran for 0. secs (0.u,0.s) (success)
Tactic call reif for CanonicalStructuresHOAS with big ran for 0.005 secs (0.005u,0.s) (success)
Tactic call post for CanonicalStructuresHOAS with big ran for 0. secs (0.u,0.s) (success)
Params: n= 7
Tactic call cbv for CanonicalStructuresHOAS with big ran for 0. secs (0.u,0.s) (success)
Tactic call pre for CanonicalStructuresHOAS with big ran for 0. secs (0.u,0.s) (success)
Tactic call actual reif for CanonicalStructuresHOAS with big ran for 0.005 secs (0.005u,0.s)
Tactic call eval lazy for CanonicalStructuresHOAS with big ran for 0. secs (0.u,0.s)
Tactic call postprocess for CanonicalStructuresHOAS with big ran for 0. secs (0.u,0.s)
Tactic call norm reif for CanonicalStructuresHOAS with big ran for 0.006 secs (0.006u,0.s)
Tactic call intros _ for CanonicalStructuresHOAS with big ran for 0. secs (0.u,0.s) (success)
Tactic call lazy beta iota for CanonicalStructuresHOAS with big ran for 0. secs (0.u,0.s) (success)
Tactic call reif for CanonicalStructuresHOAS with big ran for 0.006 secs (0.006u,0.s) (success)
Tactic call post for CanonicalStructuresHOAS with big ran for 0. secs (0.u,0.s) (success)
Params: n= 8
Tactic call cbv for CanonicalStructuresHOAS with big ran for 0. secs (0.u,0.s) (success)
Tactic call pre for CanonicalStructuresHOAS with big ran for 0. secs (0.u,0.s) (success)
Tactic call actual reif for CanonicalStructuresHOAS with big ran for 0.045 secs (0.045u,0.s)
Tactic call eval lazy for CanonicalStructuresHOAS with big ran for 0. secs (0.u,0.s)
Tactic call postprocess for CanonicalStructuresHOAS with big ran for 0. secs (0.u,0.s)
Tactic call norm reif for CanonicalStructuresHOAS with big ran for 0.046 secs (0.046u,0.s)
Tactic call intros _ for CanonicalStructuresHOAS with big ran for 0. secs (0.u,0.s) (success)
Tactic call lazy beta iota for CanonicalStructuresHOAS with big ran for 0. secs (0.u,0.s) (success)
Tactic call reif for CanonicalStructuresHOAS with big ran for 0.046 secs (0.046u,0.s) (success)
Tactic call post for CanonicalStructuresHOAS with big ran for 0. secs (0.u,0.s) (success)
Params: n= 9
Tactic call cbv for CanonicalStructuresHOAS with big ran for 0. secs (0.u,0.s) (success)
Tactic call pre for CanonicalStructuresHOAS with big ran for 0. secs (0.u,0.s) (success)
Tactic call actual reif for CanonicalStructuresHOAS with big ran for 0.007 secs (0.007u,0.s)
Tactic call eval lazy for CanonicalStructuresHOAS with big ran for 0. secs (0.u,0.s)
Tactic call postprocess for CanonicalStructuresHOAS with big ran for 0. secs (0.u,0.s)
Tactic call norm reif for CanonicalStructuresHOAS with big ran for 0.007 secs (0.007u,0.s)
Tactic call intros _ for CanonicalStructuresHOAS with big ran for 0. secs (0.u,0.s) (success)
Tactic call lazy beta iota for CanonicalStructuresHOAS with big ran for 0. secs (0.u,0.s) (success)
Tactic call reif for CanonicalStructuresHOAS with big ran for 0.007 secs (0.007u,0.s) (success)
Tactic call post for CanonicalStructuresHOAS with big ran for 0. secs (0.u,0.s) (success)
Params: n= 10
Tactic call cbv for CanonicalStructuresHOAS with big ran for 0. secs (0.u,0.s) (success)
Tactic call pre for CanonicalStructuresHOAS with big ran for 0. secs (0.u,0.s) (success)
Tactic call actual reif for CanonicalStructuresHOAS with big ran for 0.008 secs (0.008u,0.s)
Tactic call eval lazy for CanonicalStructuresHOAS with big ran for 0. secs (0.u,0.s)
Tactic call postprocess for CanonicalStructuresHOAS with big ran for 0. secs (0.u,0.s)
Tactic call norm reif for CanonicalStructuresHOAS with big ran for 0.008 secs (0.008u,0.s)
Tactic call intros _ for CanonicalStructuresHOAS with big ran for 0. secs (0.u,0.s) (success)
Tactic call lazy beta iota for CanonicalStructuresHOAS with big ran for 0. secs (0.u,0.s) (success)
Tactic call reif for CanonicalStructuresHOAS with big ran for 0.008 secs (0.008u,0.s) (success)
Tactic call post for CanonicalStructuresHOAS with big ran for 0. secs (0.u,0.s) (success)
Params: n= 11
Tactic call cbv for CanonicalStructuresHOAS with big ran for 0. secs (0.u,0.s) (success)
Tactic call pre for CanonicalStructuresHOAS with big ran for 0. secs (0.u,0.s) (success)
Tactic call actual reif for CanonicalStructuresHOAS with big ran for 0.01 secs (0.01u,0.s)
Tactic call eval lazy for CanonicalStructuresHOAS with big ran for 0. secs (0.u,0.s)
Tactic call postprocess for CanonicalStructuresHOAS with big ran for 0. secs (0.u,0.s)
Tactic call norm reif for CanonicalStructuresHOAS with big ran for 0.01 secs (0.01u,0.s)
Tactic call intros _ for CanonicalStructuresHOAS with big ran for 0. secs (0.u,0.s) (success)
Tactic call lazy beta iota for CanonicalStructuresHOAS with big ran for 0. secs (0.u,0.s) (success)
Tactic call reif for CanonicalStructuresHOAS with big ran for 0.01 secs (0.01u,0.s) (success)
Tactic call post for CanonicalStructuresHOAS with big ran for 0. secs (0.u,0.s) (success)
Params: n= 12
Tactic call cbv for CanonicalStructuresHOAS with big ran for 0. secs (0.u,0.s) (success)
Tactic call pre for CanonicalStructuresHOAS with big ran for 0. secs (0.u,0.s) (success)
Tactic call actual reif for CanonicalStructuresHOAS with big ran for 0.013 secs (0.013u,0.s)
Tactic call eval lazy for CanonicalStructuresHOAS with big ran for 0. secs (0.u,0.s)
Tactic call postprocess for CanonicalStructuresHOAS with big ran for 0. secs (0.u,0.s)
Tactic call norm reif for CanonicalStructuresHOAS with big ran for 0.013 secs (0.013u,0.s)
Tactic call intros _ for CanonicalStructuresHOAS with big ran for 0. secs (0.u,0.s) (success)
Tactic call lazy beta iota for CanonicalStructuresHOAS with big ran for 0. secs (0.u,0.s) (success)
Tactic call reif for CanonicalStructuresHOAS with big ran for 0.013 secs (0.013u,0.s) (success)
Tactic call post for CanonicalStructuresHOAS with big ran for 0. secs (0.u,0.s) (success)
Params: n= 13
Tactic call cbv for CanonicalStructuresHOAS with big ran for 0. secs (0.u,0.s) (success)
Tactic call pre for CanonicalStructuresHOAS with big ran for 0. secs (0.u,0.s) (success)
Tactic call actual reif for CanonicalStructuresHOAS with big ran for 0.014 secs (0.014u,0.s)
Tactic call eval lazy for CanonicalStructuresHOAS with big ran for 0. secs (0.u,0.s)
Tactic call postprocess for CanonicalStructuresHOAS with big ran for 0. secs (0.u,0.s)
Tactic call norm reif for CanonicalStructuresHOAS with big ran for 0.014 secs (0.014u,0.s)
Tactic call intros _ for CanonicalStructuresHOAS with big ran for 0. secs (0.u,0.s) (success)
Tactic call lazy beta iota for CanonicalStructuresHOAS with big ran for 0. secs (0.u,0.s) (success)
Tactic call reif for CanonicalStructuresHOAS with big ran for 0.014 secs (0.014u,0.s) (success)
Tactic call post for CanonicalStructuresHOAS with big ran for 0. secs (0.u,0.s) (success)
Params: n= 14
Tactic call cbv for CanonicalStructuresHOAS with big ran for 0. secs (0.u,0.s) (success)
Tactic call pre for CanonicalStructuresHOAS with big ran for 0. secs (0.u,0.s) (success)
Tactic call actual reif for CanonicalStructuresHOAS with big ran for 0.016 secs (0.016u,0.s)
Tactic call eval lazy for CanonicalStructuresHOAS with big ran for 0. secs (0.u,0.s)
Tactic call postprocess for CanonicalStructuresHOAS with big ran for 0. secs (0.u,0.s)
Tactic call norm reif for CanonicalStructuresHOAS with big ran for 0.016 secs (0.016u,0.s)
Tactic call intros _ for CanonicalStructuresHOAS with big ran for 0. secs (0.u,0.s) (success)
Tactic call lazy beta iota for CanonicalStructuresHOAS with big ran for 0. secs (0.u,0.s) (success)
Tactic call reif for CanonicalStructuresHOAS with big ran for 0.016 secs (0.016u,0.s) (success)
Tactic call post for CanonicalStructuresHOAS with big ran for 0. secs (0.u,0.s) (success)
Params: n= 15
Tactic call cbv for CanonicalStructuresHOAS with big ran for 0. secs (0.u,0.s) (success)
Tactic call pre for CanonicalStructuresHOAS with big ran for 0. secs (0.u,0.s) (success)
Tactic call actual reif for CanonicalStructuresHOAS with big ran for 0.02 secs (0.02u,0.s)
Tactic call eval lazy for CanonicalStructuresHOAS with big ran for 0. secs (0.u,0.s)
Tactic call postprocess for CanonicalStructuresHOAS with big ran for 0. secs (0.u,0.s)
Tactic call norm reif for CanonicalStructuresHOAS with big ran for 0.02 secs (0.02u,0.s)
Tactic call intros _ for CanonicalStructuresHOAS with big ran for 0. secs (0.u,0.s) (success)
Tactic call lazy beta iota for CanonicalStructuresHOAS with big ran for 0. secs (0.u,0.s) (success)
Tactic call reif for CanonicalStructuresHOAS with big ran for 0.02 secs (0.02u,0.s) (success)
Tactic call post for CanonicalStructuresHOAS with big ran for 0. secs (0.u,0.s) (success)
Params: n= 16
Tactic call cbv for CanonicalStructuresHOAS with big ran for 0. secs (0.u,0.s) (success)
Tactic call pre for CanonicalStructuresHOAS with big ran for 0. secs (0.u,0.s) (success)
Tactic call actual reif for CanonicalStructuresHOAS with big ran for 0.023 secs (0.023u,0.s)
Tactic call eval lazy for CanonicalStructuresHOAS with big ran for 0. secs (0.u,0.s)
Tactic call postprocess for CanonicalStructuresHOAS with big ran for 0. secs (0.u,0.s)
Tactic call norm reif for CanonicalStructuresHOAS with big ran for 0.023 secs (0.023u,0.s)
Tactic call intros _ for CanonicalStructuresHOAS with big ran for 0. secs (0.u,0.s) (success)
Tactic call lazy beta iota for CanonicalStructuresHOAS with big ran for 0. secs (0.u,0.s) (success)
Tactic call reif for CanonicalStructuresHOAS with big ran for 0.023 secs (0.023u,0.s) (success)
Tactic call post for CanonicalStructuresHOAS with big ran for 0. secs (0.u,0.s) (success)
Params: n= 17
Tactic call cbv for CanonicalStructuresHOAS with big ran for 0. secs (0.u,0.s) (success)
Tactic call pre for CanonicalStructuresHOAS with big ran for 0. secs (0.u,0.s) (success)
Tactic call actual reif for CanonicalStructuresHOAS with big ran for 0.025 secs (0.025u,0.s)
Tactic call eval lazy for CanonicalStructuresHOAS with big ran for 0. secs (0.u,0.s)
Tactic call postprocess for CanonicalStructuresHOAS with big ran for 0. secs (0.u,0.s)
Tactic call norm reif for CanonicalStructuresHOAS with big ran for 0.025 secs (0.025u,0.s)
Tactic call intros _ for CanonicalStructuresHOAS with big ran for 0. secs (0.u,0.s) (success)
Tactic call lazy beta iota for CanonicalStructuresHOAS with big ran for 0. secs (0.u,0.s) (success)
Tactic call reif for CanonicalStructuresHOAS with big ran for 0.025 secs (0.025u,0.s) (success)
Tactic call post for CanonicalStructuresHOAS with big ran for 0. secs (0.u,0.s) (success)
Params: n= 18
Tactic call cbv for CanonicalStructuresHOAS with big ran for 0. secs (0.u,0.s) (success)
Tactic call pre for CanonicalStructuresHOAS with big ran for 0. secs (0.u,0.s) (success)
Tactic call actual reif for CanonicalStructuresHOAS with big ran for 0.029 secs (0.029u,0.s)
Tactic call eval lazy for CanonicalStructuresHOAS with big ran for 0. secs (0.u,0.s)
Tactic call postprocess for CanonicalStructuresHOAS with big ran for 0. secs (0.u,0.s)
Tactic call norm reif for CanonicalStructuresHOAS with big ran for 0.029 secs (0.029u,0.s)
Tactic call intros _ for CanonicalStructuresHOAS with big ran for 0. secs (0.u,0.s) (success)
Tactic call lazy beta iota for CanonicalStructuresHOAS with big ran for 0. secs (0.u,0.s) (success)
Tactic call reif for CanonicalStructuresHOAS with big ran for 0.029 secs (0.029u,0.s) (success)
Tactic call post for CanonicalStructuresHOAS with big ran for 0. secs (0.u,0.s) (success)
Params: n= 19
Tactic call cbv for CanonicalStructuresHOAS with big ran for 0. secs (0.u,0.s) (success)
Tactic call pre for CanonicalStructuresHOAS with big ran for 0. secs (0.u,0.s) (success)
Tactic call actual reif for CanonicalStructuresHOAS with big ran for 0.033 secs (0.033u,0.s)
Tactic call eval lazy for CanonicalStructuresHOAS with big ran for 0. secs (0.u,0.s)
Tactic call postprocess for CanonicalStructuresHOAS with big ran for 0. secs (0.u,0.s)
Tactic call norm reif for CanonicalStructuresHOAS with big ran for 0.033 secs (0.033u,0.s)
Tactic call intros _ for CanonicalStructuresHOAS with big ran for 0. secs (0.u,0.s) (success)
Tactic call lazy beta iota for CanonicalStructuresHOAS with big ran for 0. secs (0.u,0.s) (success)
Tactic call reif for CanonicalStructuresHOAS with big ran for 0.033 secs (0.033u,0.s) (success)
Tactic call post for CanonicalStructuresHOAS with big ran for 0. secs (0.u,0.s) (success)
Params: n= 20
Tactic call cbv for CanonicalStructuresHOAS with big ran for 0. secs (0.u,0.s) (success)
Tactic call pre for CanonicalStructuresHOAS with big ran for 0. secs (0.u,0.s) (success)
Tactic call actual reif for CanonicalStructuresHOAS with big ran for 0.037 secs (0.037u,0.s)
Tactic call eval lazy for CanonicalStructuresHOAS with big ran for 0. secs (0.u,0.s)
Tactic call postprocess for CanonicalStructuresHOAS with big ran for 0. secs (0.u,0.s)
Tactic call norm reif for CanonicalStructuresHOAS with big ran for 0.037 secs (0.037u,0.s)
Tactic call intros _ for CanonicalStructuresHOAS with big ran for 0. secs (0.u,0.s) (success)
Tactic call lazy beta iota for CanonicalStructuresHOAS with big ran for 0. secs (0.u,0.s) (success)
Tactic call reif for CanonicalStructuresHOAS with big ran for 0.038 secs (0.038u,0.s) (success)
Tactic call post for CanonicalStructuresHOAS with big ran for 0. secs (0.u,0.s) (success)
Params: n= 21
Tactic call cbv for CanonicalStructuresHOAS with big ran for 0. secs (0.u,0.s) (success)
Tactic call pre for CanonicalStructuresHOAS with big ran for 0. secs (0.u,0.s) (success)
Tactic call actual reif for CanonicalStructuresHOAS with big ran for 0.041 secs (0.041u,0.s)
Tactic call eval lazy for CanonicalStructuresHOAS with big ran for 0. secs (0.u,0.s)
Tactic call postprocess for CanonicalStructuresHOAS with big ran for 0. secs (0.u,0.s)
Tactic call norm reif for CanonicalStructuresHOAS with big ran for 0.042 secs (0.042u,0.s)
Tactic call intros _ for CanonicalStructuresHOAS with big ran for 0. secs (0.u,0.s) (success)
Tactic call lazy beta iota for CanonicalStructuresHOAS with big ran for 0. secs (0.u,0.s) (success)
Tactic call reif for CanonicalStructuresHOAS with big ran for 0.042 secs (0.042u,0.s) (success)
Tactic call post for CanonicalStructuresHOAS with big ran for 0. secs (0.u,0.s) (success)
Params: n= 22
Tactic call cbv for CanonicalStructuresHOAS with big ran for 0. secs (0.u,0.s) (success)
Tactic call pre for CanonicalStructuresHOAS with big ran for 0. secs (0.u,0.s) (success)
Tactic call actual reif for CanonicalStructuresHOAS with big ran for 0.047 secs (0.047u,0.s)
Tactic call eval lazy for CanonicalStructuresHOAS with big ran for 0. secs (0.u,0.s)
Tactic call postprocess for CanonicalStructuresHOAS with big ran for 0. secs (0.u,0.s)
Tactic call norm reif for CanonicalStructuresHOAS with big ran for 0.047 secs (0.047u,0.s)
Tactic call intros _ for CanonicalStructuresHOAS with big ran for 0. secs (0.u,0.s) (success)
Tactic call lazy beta iota for CanonicalStructuresHOAS with big ran for 0. secs (0.u,0.s) (success)
Tactic call reif for CanonicalStructuresHOAS with big ran for 0.047 secs (0.047u,0.s) (success)
Tactic call post for CanonicalStructuresHOAS with big ran for 0. secs (0.u,0.s) (success)
Params: n= 23
Tactic call cbv for CanonicalStructuresHOAS with big ran for 0. secs (0.u,0.s) (success)
Tactic call pre for CanonicalStructuresHOAS with big ran for 0. secs (0.u,0.s) (success)
Tactic call actual reif for CanonicalStructuresHOAS with big ran for 0.051 secs (0.051u,0.s)
Tactic call eval lazy for CanonicalStructuresHOAS with big ran for 0. secs (0.u,0.s)
Tactic call postprocess for CanonicalStructuresHOAS with big ran for 0. secs (0.u,0.s)
Tactic call norm reif for CanonicalStructuresHOAS with big ran for 0.052 secs (0.052u,0.s)
Tactic call intros _ for CanonicalStructuresHOAS with big ran for 0. secs (0.u,0.s) (success)
Tactic call lazy beta iota for CanonicalStructuresHOAS with big ran for 0. secs (0.u,0.s) (success)
Tactic call reif for CanonicalStructuresHOAS with big ran for 0.052 secs (0.052u,0.s) (success)
Tactic call post for CanonicalStructuresHOAS with big ran for 0. secs (0.u,0.s) (success)
Params: n= 24
Tactic call cbv for CanonicalStructuresHOAS with big ran for 0. secs (0.u,0.s) (success)
Tactic call pre for CanonicalStructuresHOAS with big ran for 0. secs (0.u,0.s) (success)
Tactic call actual reif for CanonicalStructuresHOAS with big ran for 0.057 secs (0.057u,0.s)
Tactic call eval lazy for CanonicalStructuresHOAS with big ran for 0. secs (0.u,0.s)
Tactic call postprocess for CanonicalStructuresHOAS with big ran for 0. secs (0.u,0.s)
Tactic call norm reif for CanonicalStructuresHOAS with big ran for 0.058 secs (0.058u,0.s)
Tactic call intros _ for CanonicalStructuresHOAS with big ran for 0. secs (0.u,0.s) (success)
Tactic call lazy beta iota for CanonicalStructuresHOAS with big ran for 0. secs (0.u,0.s) (success)
Tactic call reif for CanonicalStructuresHOAS with big ran for 0.058 secs (0.058u,0.s) (success)
Tactic call post for CanonicalStructuresHOAS with big ran for 0. secs (0.u,0.s) (success)
Params: n= 25
Tactic call cbv for CanonicalStructuresHOAS with big ran for 0. secs (0.u,0.s) (success)
Tactic call pre for CanonicalStructuresHOAS with big ran for 0. secs (0.u,0.s) (success)
Tactic call actual reif for CanonicalStructuresHOAS with big ran for 0.063 secs (0.063u,0.s)
Tactic call eval lazy for CanonicalStructuresHOAS with big ran for 0. secs (0.u,0.s)
Tactic call postprocess for CanonicalStructuresHOAS with big ran for 0. secs (0.u,0.s)
Tactic call norm reif for CanonicalStructuresHOAS with big ran for 0.064 secs (0.064u,0.s)
Tactic call intros _ for CanonicalStructuresHOAS with big ran for 0. secs (0.u,0.s) (success)
Tactic call lazy beta iota for CanonicalStructuresHOAS with big ran for 0. secs (0.u,0.s) (success)
Tactic call reif for CanonicalStructuresHOAS with big ran for 0.064 secs (0.064u,0.s) (success)
Tactic call post for CanonicalStructuresHOAS with big ran for 0. secs (0.u,0.s) (success)
Params: n= 26
Tactic call cbv for CanonicalStructuresHOAS with big ran for 0. secs (0.u,0.s) (success)
Tactic call pre for CanonicalStructuresHOAS with big ran for 0. secs (0.u,0.s) (success)
Tactic call actual reif for CanonicalStructuresHOAS with big ran for 0.07 secs (0.07u,0.s)
Tactic call eval lazy for CanonicalStructuresHOAS with big ran for 0. secs (0.u,0.s)
Tactic call postprocess for CanonicalStructuresHOAS with big ran for 0. secs (0.u,0.s)
Tactic call norm reif for CanonicalStructuresHOAS with big ran for 0.07 secs (0.07u,0.s)
Tactic call intros _ for CanonicalStructuresHOAS with big ran for 0. secs (0.u,0.s) (success)
Tactic call lazy beta iota for CanonicalStructuresHOAS with big ran for 0. secs (0.u,0.s) (success)
Tactic call reif for CanonicalStructuresHOAS with big ran for 0.07 secs (0.07u,0.s) (success)
Tactic call post for CanonicalStructuresHOAS with big ran for 0. secs (0.u,0.s) (success)
Params: n= 27
Tactic call cbv for CanonicalStructuresHOAS with big ran for 0. secs (0.u,0.s) (success)
Tactic call pre for CanonicalStructuresHOAS with big ran for 0. secs (0.u,0.s) (success)
Tactic call actual reif for CanonicalStructuresHOAS with big ran for 0.078 secs (0.078u,0.s)
Tactic call eval lazy for CanonicalStructuresHOAS with big ran for 0. secs (0.u,0.s)
Tactic call postprocess for CanonicalStructuresHOAS with big ran for 0. secs (0.u,0.s)
Tactic call norm reif for CanonicalStructuresHOAS with big ran for 0.079 secs (0.079u,0.s)
Tactic call intros _ for CanonicalStructuresHOAS with big ran for 0. secs (0.u,0.s) (success)
Tactic call lazy beta iota for CanonicalStructuresHOAS with big ran for 0. secs (0.u,0.s) (success)
Tactic call reif for CanonicalStructuresHOAS with big ran for 0.079 secs (0.079u,0.s) (success)
Tactic call post for CanonicalStructuresHOAS with big ran for 0. secs (0.u,0.s) (success)
Params: n= 28
Tactic call cbv for CanonicalStructuresHOAS with big ran for 0. secs (0.u,0.s) (success)
Tactic call pre for CanonicalStructuresHOAS with big ran for 0. secs (0.u,0.s) (success)
Tactic call actual reif for CanonicalStructuresHOAS with big ran for 0.086 secs (0.086u,0.s)
Tactic call eval lazy for CanonicalStructuresHOAS with big ran for 0. secs (0.u,0.s)
Tactic call postprocess for CanonicalStructuresHOAS with big ran for 0. secs (0.u,0.s)
Tactic call norm reif for CanonicalStructuresHOAS with big ran for 0.086 secs (0.086u,0.s)
Tactic call intros _ for CanonicalStructuresHOAS with big ran for 0. secs (0.u,0.s) (success)
Tactic call lazy beta iota for CanonicalStructuresHOAS with big ran for 0. secs (0.u,0.s) (success)
Tactic call reif for CanonicalStructuresHOAS with big ran for 0.087 secs (0.087u,0.s) (success)
Tactic call post for CanonicalStructuresHOAS with big ran for 0. secs (0.u,0.s) (success)
Params: n= 29
Tactic call cbv for CanonicalStructuresHOAS with big ran for 0. secs (0.u,0.s) (success)
Tactic call pre for CanonicalStructuresHOAS with big ran for 0. secs (0.u,0.s) (success)
Tactic call actual reif for CanonicalStructuresHOAS with big ran for 0.094 secs (0.094u,0.s)
Tactic call eval lazy for CanonicalStructuresHOAS with big ran for 0. secs (0.u,0.s)
Tactic call postprocess for CanonicalStructuresHOAS with big ran for 0. secs (0.u,0.s)
Tactic call norm reif for CanonicalStructuresHOAS with big ran for 0.095 secs (0.095u,0.s)
Tactic call intros _ for CanonicalStructuresHOAS with big ran for 0. secs (0.u,0.s) (success)
Tactic call lazy beta iota for CanonicalStructuresHOAS with big ran for 0. secs (0.u,0.s) (success)
Tactic call reif for CanonicalStructuresHOAS with big ran for 0.095 secs (0.095u,0.s) (success)
Tactic call post for CanonicalStructuresHOAS with big ran for 0. secs (0.u,0.s) (success)
Params: n= 30
Tactic call cbv for CanonicalStructuresHOAS with big ran for 0. secs (0.u,0.s) (success)
Tactic call pre for CanonicalStructuresHOAS with big ran for 0.001 secs (0.001u,0.s) (success)
Tactic call actual reif for CanonicalStructuresHOAS with big ran for 0.103 secs (0.103u,0.s)
Tactic call eval lazy for CanonicalStructuresHOAS with big ran for 0. secs (0.u,0.s)
Tactic call postprocess for CanonicalStructuresHOAS with big ran for 0. secs (0.u,0.s)
Tactic call norm reif for CanonicalStructuresHOAS with big ran for 0.103 secs (0.103u,0.s)
Tactic call intros _ for CanonicalStructuresHOAS with big ran for 0. secs (0.u,0.s) (success)
Tactic call lazy beta iota for CanonicalStructuresHOAS with big ran for 0. secs (0.u,0.s) (success)
Tactic call reif for CanonicalStructuresHOAS with big ran for 0.103 secs (0.103u,0.s) (success)
Tactic call post for CanonicalStructuresHOAS with big ran for 0. secs (0.u,0.s) (success)
