Params: n= 4
Tactic call rewrite_strat-topdown ran for 0.002 secs (0.002u,0.s) (success)
Tactic call rewrite_strat-topdown-noop ran for 0. secs (0.u,0.s) (success)
Tactic call abstract+rewrite_strat-topdown ran for 0.002 secs (0.002u,0.s) (success)
Tactic call close-abstract+rewrite_strat-topdown ran for 0. secs (0.u,0.s)
Params: n= 5
Tactic call rewrite_strat-topdown ran for 0. secs (0.u,0.s) (success)
Tactic call rewrite_strat-topdown-noop ran for 0. secs (0.u,0.s) (success)
Tactic call abstract+rewrite_strat-topdown ran for 0.001 secs (0.001u,0.s) (success)
Tactic call close-abstract+rewrite_strat-topdown ran for 0. secs (0.u,0.s)
Params: n= 6
Tactic call rewrite_strat-topdown ran for 0.001 secs (0.001u,0.s) (success)
Tactic call rewrite_strat-topdown-noop ran for 0. secs (0.u,0.s) (success)
Tactic call abstract+rewrite_strat-topdown ran for 0.001 secs (0.001u,0.s) (success)
Tactic call close-abstract+rewrite_strat-topdown ran for 0. secs (0.u,0.s)
Params: n= 7
Tactic call rewrite_strat-topdown ran for 0.001 secs (0.u,0.s) (success)
Tactic call rewrite_strat-topdown-noop ran for 0. secs (0.u,0.s) (success)
Tactic call abstract+rewrite_strat-topdown ran for 0.002 secs (0.u,0.001s) (success)
Tactic call close-abstract+rewrite_strat-topdown ran for 0. secs (0.u,0.s)
Params: n= 8
Tactic call rewrite_strat-topdown ran for 0.001 secs (0.u,0.001s) (success)
Tactic call rewrite_strat-topdown-noop ran for 0. secs (0.u,0.s) (success)
Tactic call abstract+rewrite_strat-topdown ran for 0.002 secs (0.001u,0.001s) (success)
Tactic call close-abstract+rewrite_strat-topdown ran for 0. secs (0.u,0.s)
Params: n= 9
Tactic call rewrite_strat-topdown ran for 0.001 secs (0.u,0.s) (success)
Tactic call rewrite_strat-topdown-noop ran for 0. secs (0.u,0.s) (success)
Tactic call abstract+rewrite_strat-topdown ran for 0.002 secs (0.001u,0.s) (success)
Tactic call close-abstract+rewrite_strat-topdown ran for 0. secs (0.u,0.s)
Params: n= 10
Tactic call rewrite_strat-topdown ran for 0.002 secs (0.001u,0.s) (success)
Tactic call rewrite_strat-topdown-noop ran for 0. secs (0.u,0.s) (success)
Tactic call abstract+rewrite_strat-topdown ran for 0.003 secs (0.002u,0.s) (success)
Tactic call close-abstract+rewrite_strat-topdown ran for 0. secs (0.u,0.s)
Params: n= 11
Tactic call rewrite_strat-topdown ran for 0.002 secs (0.002u,0.s) (success)
Tactic call rewrite_strat-topdown-noop ran for 0. secs (0.u,0.s) (success)
Tactic call abstract+rewrite_strat-topdown ran for 0.003 secs (0.003u,0.s) (success)
Tactic call close-abstract+rewrite_strat-topdown ran for 0. secs (0.u,0.s)
Params: n= 12
Tactic call rewrite_strat-topdown ran for 0.002 secs (0.001u,0.s) (success)
Tactic call rewrite_strat-topdown-noop ran for 0. secs (0.u,0.s) (success)
Tactic call abstract+rewrite_strat-topdown ran for 0.003 secs (0.002u,0.s) (success)
Tactic call close-abstract+rewrite_strat-topdown ran for 0. secs (0.u,0.s)
Params: n= 13
Tactic call rewrite_strat-topdown ran for 0.002 secs (0.001u,0.s) (success)
Tactic call rewrite_strat-topdown-noop ran for 0. secs (0.u,0.s) (success)
Tactic call abstract+rewrite_strat-topdown ran for 0.004 secs (0.003u,0.001s) (success)
Tactic call close-abstract+rewrite_strat-topdown ran for 0. secs (0.u,0.s)
Params: n= 14
Tactic call rewrite_strat-topdown ran for 0.003 secs (0.002u,0.s) (success)
Tactic call rewrite_strat-topdown-noop ran for 0. secs (0.u,0.s) (success)
Tactic call abstract+rewrite_strat-topdown ran for 0.004 secs (0.003u,0.s) (success)
Tactic call close-abstract+rewrite_strat-topdown ran for 0. secs (0.u,0.s)
Params: n= 15
Tactic call rewrite_strat-topdown ran for 0.038 secs (0.033u,0.005s) (success)
Tactic call rewrite_strat-topdown-noop ran for 0. secs (0.u,0.s) (success)
Tactic call abstract+rewrite_strat-topdown ran for 0.039 secs (0.034u,0.005s) (success)
Tactic call close-abstract+rewrite_strat-topdown ran for 0. secs (0.u,0.s)
Params: n= 16
Tactic call rewrite_strat-topdown ran for 0.002 secs (0.002u,0.s) (success)
Tactic call rewrite_strat-topdown-noop ran for 0. secs (0.u,0.s) (success)
Tactic call abstract+rewrite_strat-topdown ran for 0.003 secs (0.003u,0.s) (success)
Tactic call close-abstract+rewrite_strat-topdown ran for 0. secs (0.u,0.s)
Params: n= 17
Tactic call rewrite_strat-topdown ran for 0.003 secs (0.003u,0.s) (success)
Tactic call rewrite_strat-topdown-noop ran for 0. secs (0.u,0.s) (success)
Tactic call abstract+rewrite_strat-topdown ran for 0.004 secs (0.004u,0.s) (success)
Tactic call close-abstract+rewrite_strat-topdown ran for 0. secs (0.u,0.s)
Params: n= 18
Tactic call rewrite_strat-topdown ran for 0.003 secs (0.003u,0.s) (success)
Tactic call rewrite_strat-topdown-noop ran for 0. secs (0.u,0.s) (success)
Tactic call abstract+rewrite_strat-topdown ran for 0.004 secs (0.004u,0.s) (success)
Tactic call close-abstract+rewrite_strat-topdown ran for 0. secs (0.u,0.s)
Params: n= 19
Tactic call rewrite_strat-topdown ran for 0.003 secs (0.003u,0.s) (success)
Tactic call rewrite_strat-topdown-noop ran for 0. secs (0.u,0.s) (success)
Tactic call abstract+rewrite_strat-topdown ran for 0.004 secs (0.004u,0.s) (success)
Tactic call close-abstract+rewrite_strat-topdown ran for 0.001 secs (0.001u,0.s)
Params: n= 20
Tactic call rewrite_strat-topdown ran for 0.003 secs (0.003u,0.s) (success)
Tactic call rewrite_strat-topdown-noop ran for 0. secs (0.u,0.s) (success)
Tactic call abstract+rewrite_strat-topdown ran for 0.005 secs (0.005u,0.s) (success)
Tactic call close-abstract+rewrite_strat-topdown ran for 0.001 secs (0.001u,0.s)
Params: n= 21
Tactic call rewrite_strat-topdown ran for 0.004 secs (0.004u,0.s) (success)
Tactic call rewrite_strat-topdown-noop ran for 0. secs (0.u,0.s) (success)
Tactic call abstract+rewrite_strat-topdown ran for 0.005 secs (0.005u,0.s) (success)
Tactic call close-abstract+rewrite_strat-topdown ran for 0.001 secs (0.001u,0.s)
Params: n= 22
Tactic call rewrite_strat-topdown ran for 0.019 secs (0.019u,0.s) (success)
Tactic call rewrite_strat-topdown-noop ran for 0. secs (0.u,0.s) (success)
Tactic call abstract+rewrite_strat-topdown ran for 0.021 secs (0.021u,0.s) (success)
Tactic call close-abstract+rewrite_strat-topdown ran for 0.001 secs (0.001u,0.s)
Params: n= 23
Tactic call rewrite_strat-topdown ran for 0.004 secs (0.004u,0.s) (success)
Tactic call rewrite_strat-topdown-noop ran for 0. secs (0.u,0.s) (success)
Tactic call abstract+rewrite_strat-topdown ran for 0.006 secs (0.006u,0.s) (success)
Tactic call close-abstract+rewrite_strat-topdown ran for 0.001 secs (0.001u,0.s)
Params: n= 24
Tactic call rewrite_strat-topdown ran for 0.005 secs (0.005u,0.s) (success)
Tactic call rewrite_strat-topdown-noop ran for 0. secs (0.u,0.s) (success)
Tactic call abstract+rewrite_strat-topdown ran for 0.006 secs (0.006u,0.s) (success)
Tactic call close-abstract+rewrite_strat-topdown ran for 0.001 secs (0.001u,0.s)
Params: n= 25
Tactic call rewrite_strat-topdown ran for 0.005 secs (0.005u,0.s) (success)
Tactic call rewrite_strat-topdown-noop ran for 0. secs (0.u,0.s) (success)
Tactic call abstract+rewrite_strat-topdown ran for 0.007 secs (0.007u,0.s) (success)
Tactic call close-abstract+rewrite_strat-topdown ran for 0.001 secs (0.001u,0.s)
Params: n= 26
Tactic call rewrite_strat-topdown ran for 0.006 secs (0.006u,0.s) (success)
Tactic call rewrite_strat-topdown-noop ran for 0. secs (0.u,0.s) (success)
Tactic call abstract+rewrite_strat-topdown ran for 0.008 secs (0.008u,0.s) (success)
Tactic call close-abstract+rewrite_strat-topdown ran for 0.001 secs (0.001u,0.s)
Params: n= 27
Tactic call rewrite_strat-topdown ran for 0.006 secs (0.006u,0.s) (success)
Tactic call rewrite_strat-topdown-noop ran for 0. secs (0.u,0.s) (success)
Tactic call abstract+rewrite_strat-topdown ran for 0.008 secs (0.008u,0.s) (success)
Tactic call close-abstract+rewrite_strat-topdown ran for 0.001 secs (0.001u,0.s)
Params: n= 28
Tactic call rewrite_strat-topdown ran for 0.006 secs (0.006u,0.s) (success)
Tactic call rewrite_strat-topdown-noop ran for 0. secs (0.u,0.s) (success)
Tactic call abstract+rewrite_strat-topdown ran for 0.008 secs (0.008u,0.s) (success)
Tactic call close-abstract+rewrite_strat-topdown ran for 0.001 secs (0.001u,0.s)
Params: n= 29
Tactic call rewrite_strat-topdown ran for 0.006 secs (0.006u,0.s) (success)
Tactic call rewrite_strat-topdown-noop ran for 0. secs (0.u,0.s) (success)
Tactic call abstract+rewrite_strat-topdown ran for 0.009 secs (0.009u,0.s) (success)
Tactic call close-abstract+rewrite_strat-topdown ran for 0.001 secs (0.001u,0.s)
Params: n= 30
Tactic call rewrite_strat-topdown ran for 0.007 secs (0.007u,0.s) (success)
Tactic call rewrite_strat-topdown-noop ran for 0. secs (0.u,0.s) (success)
Tactic call abstract+rewrite_strat-topdown ran for 0.009 secs (0.009u,0.s) (success)
Tactic call close-abstract+rewrite_strat-topdown ran for 0.002 secs (0.002u,0.s)
Params: n= 31
Tactic call rewrite_strat-topdown ran for 0.007 secs (0.007u,0.s) (success)
Tactic call rewrite_strat-topdown-noop ran for 0. secs (0.u,0.s) (success)
Tactic call abstract+rewrite_strat-topdown ran for 0.01 secs (0.01u,0.s) (success)
Tactic call close-abstract+rewrite_strat-topdown ran for 0.002 secs (0.002u,0.s)
Params: n= 32
Tactic call rewrite_strat-topdown ran for 0.008 secs (0.007u,0.s) (success)
Tactic call rewrite_strat-topdown-noop ran for 0. secs (0.u,0.s) (success)
Tactic call abstract+rewrite_strat-topdown ran for 0.012 secs (0.01u,0.001s) (success)
Tactic call close-abstract+rewrite_strat-topdown ran for 0.003 secs (0.002u,0.s)
Params: n= 33
Tactic call rewrite_strat-topdown ran for 0.008 secs (0.008u,0.s) (success)
Tactic call rewrite_strat-topdown-noop ran for 0. secs (0.u,0.s) (success)
Tactic call abstract+rewrite_strat-topdown ran for 0.011 secs (0.011u,0.s) (success)
Tactic call close-abstract+rewrite_strat-topdown ran for 0.002 secs (0.002u,0.s)
Params: n= 34
Tactic call rewrite_strat-topdown ran for 0.009 secs (0.009u,0.s) (success)
Tactic call rewrite_strat-topdown-noop ran for 0. secs (0.u,0.s) (success)
Tactic call abstract+rewrite_strat-topdown ran for 0.012 secs (0.012u,0.s) (success)
Tactic call close-abstract+rewrite_strat-topdown ran for 0.002 secs (0.002u,0.s)
Params: n= 35
Tactic call rewrite_strat-topdown ran for 0.013 secs (0.013u,0.s) (success)
Tactic call rewrite_strat-topdown-noop ran for 0. secs (0.u,0.s) (success)
Tactic call abstract+rewrite_strat-topdown ran for 0.017 secs (0.017u,0.s) (success)
Tactic call close-abstract+rewrite_strat-topdown ran for 0.002 secs (0.002u,0.s)
Params: n= 36
Tactic call rewrite_strat-topdown ran for 0.01 secs (0.01u,0.s) (success)
Tactic call rewrite_strat-topdown-noop ran for 0. secs (0.u,0.s) (success)
Tactic call abstract+rewrite_strat-topdown ran for 0.013 secs (0.013u,0.s) (success)
Tactic call close-abstract+rewrite_strat-topdown ran for 0.002 secs (0.002u,0.s)
Params: n= 37
Tactic call rewrite_strat-topdown ran for 0.011 secs (0.011u,0.s) (success)
Tactic call rewrite_strat-topdown-noop ran for 0. secs (0.u,0.s) (success)
Tactic call abstract+rewrite_strat-topdown ran for 0.015 secs (0.015u,0.s) (success)
Tactic call close-abstract+rewrite_strat-topdown ran for 0.002 secs (0.002u,0.s)
Params: n= 38
Tactic call rewrite_strat-topdown ran for 0.01 secs (0.01u,0.s) (success)
Tactic call rewrite_strat-topdown-noop ran for 0. secs (0.u,0.s) (success)
Tactic call abstract+rewrite_strat-topdown ran for 0.014 secs (0.014u,0.s) (success)
Tactic call close-abstract+rewrite_strat-topdown ran for 0.003 secs (0.003u,0.s)
Params: n= 39
Tactic call rewrite_strat-topdown ran for 0.018 secs (0.018u,0.s) (success)
Tactic call rewrite_strat-topdown-noop ran for 0. secs (0.u,0.s) (success)
Tactic call abstract+rewrite_strat-topdown ran for 0.022 secs (0.022u,0.s) (success)
Tactic call close-abstract+rewrite_strat-topdown ran for 0.003 secs (0.003u,0.s)
Params: n= 40
Tactic call rewrite_strat-topdown ran for 0.012 secs (0.012u,0.s) (success)
Tactic call rewrite_strat-topdown-noop ran for 0. secs (0.u,0.s) (success)
Tactic call abstract+rewrite_strat-topdown ran for 0.016 secs (0.016u,0.s) (success)
Tactic call close-abstract+rewrite_strat-topdown ran for 0.003 secs (0.003u,0.s)
Params: n= 41
Tactic call rewrite_strat-topdown ran for 0.012 secs (0.012u,0.s) (success)
Tactic call rewrite_strat-topdown-noop ran for 0. secs (0.u,0.s) (success)
Tactic call abstract+rewrite_strat-topdown ran for 0.016 secs (0.016u,0.s) (success)
Tactic call close-abstract+rewrite_strat-topdown ran for 0.003 secs (0.003u,0.s)
Params: n= 42
Tactic call rewrite_strat-topdown ran for 0.012 secs (0.012u,0.s) (success)
Tactic call rewrite_strat-topdown-noop ran for 0. secs (0.u,0.s) (success)
Tactic call abstract+rewrite_strat-topdown ran for 0.017 secs (0.017u,0.s) (success)
Tactic call close-abstract+rewrite_strat-topdown ran for 0.003 secs (0.003u,0.s)
Params: n= 43
Tactic call rewrite_strat-topdown ran for 0.014 secs (0.013u,0.s) (success)
Tactic call rewrite_strat-topdown-noop ran for 0. secs (0.u,0.s) (success)
Tactic call abstract+rewrite_strat-topdown ran for 0.019 secs (0.018u,0.s) (success)
Tactic call close-abstract+rewrite_strat-topdown ran for 0.003 secs (0.003u,0.s)
Params: n= 44
Tactic call rewrite_strat-topdown ran for 0.014 secs (0.014u,0.s) (success)
Tactic call rewrite_strat-topdown-noop ran for 0. secs (0.u,0.s) (success)
Tactic call abstract+rewrite_strat-topdown ran for 0.082 secs (0.082u,0.s) (success)
Tactic call close-abstract+rewrite_strat-topdown ran for 0.067 secs (0.067u,0.s)
Params: n= 45
Tactic call rewrite_strat-topdown ran for 0.014 secs (0.014u,0.s) (success)
Tactic call rewrite_strat-topdown-noop ran for 0. secs (0.u,0.s) (success)
Tactic call abstract+rewrite_strat-topdown ran for 0.019 secs (0.019u,0.s) (success)
Tactic call close-abstract+rewrite_strat-topdown ran for 0.004 secs (0.004u,0.s)
Params: n= 46
Tactic call rewrite_strat-topdown ran for 0.015 secs (0.015u,0.s) (success)
Tactic call rewrite_strat-topdown-noop ran for 0. secs (0.u,0.s) (success)
Tactic call abstract+rewrite_strat-topdown ran for 0.02 secs (0.02u,0.s) (success)
Tactic call close-abstract+rewrite_strat-topdown ran for 0.004 secs (0.004u,0.s)
Params: n= 47
Tactic call rewrite_strat-topdown ran for 0.015 secs (0.015u,0.s) (success)
Tactic call rewrite_strat-topdown-noop ran for 0. secs (0.u,0.s) (success)
Tactic call abstract+rewrite_strat-topdown ran for 0.053 secs (0.053u,0.s) (success)
Tactic call close-abstract+rewrite_strat-topdown ran for 0.036 secs (0.036u,0.s)
Params: n= 48
Tactic call rewrite_strat-topdown ran for 0.016 secs (0.016u,0.s) (success)
Tactic call rewrite_strat-topdown-noop ran for 0. secs (0.u,0.s) (success)
Tactic call abstract+rewrite_strat-topdown ran for 0.021 secs (0.021u,0.s) (success)
Tactic call close-abstract+rewrite_strat-topdown ran for 0.004 secs (0.004u,0.s)
Params: n= 49
Tactic call rewrite_strat-topdown ran for 0.019 secs (0.019u,0.s) (success)
Tactic call rewrite_strat-topdown-noop ran for 0. secs (0.u,0.s) (success)
Tactic call abstract+rewrite_strat-topdown ran for 0.025 secs (0.025u,0.s) (success)
Tactic call close-abstract+rewrite_strat-topdown ran for 0.004 secs (0.004u,0.s)
Params: n= 51
Tactic call rewrite_strat-topdown ran for 0.029 secs (0.029u,0.s) (success)
Tactic call rewrite_strat-topdown-noop ran for 0. secs (0.u,0.s) (success)
Tactic call abstract+rewrite_strat-topdown ran for 0.035 secs (0.035u,0.s) (success)
Tactic call close-abstract+rewrite_strat-topdown ran for 0.005 secs (0.005u,0.s)
Params: n= 52
Tactic call rewrite_strat-topdown ran for 0.018 secs (0.018u,0.s) (success)
Tactic call rewrite_strat-topdown-noop ran for 0. secs (0.u,0.s) (success)
Tactic call abstract+rewrite_strat-topdown ran for 0.025 secs (0.025u,0.s) (success)
Tactic call close-abstract+rewrite_strat-topdown ran for 0.006 secs (0.006u,0.s)
Params: n= 53
Tactic call rewrite_strat-topdown ran for 0.019 secs (0.019u,0.s) (success)
Tactic call rewrite_strat-topdown-noop ran for 0. secs (0.u,0.s) (success)
Tactic call abstract+rewrite_strat-topdown ran for 0.026 secs (0.026u,0.s) (success)
Tactic call close-abstract+rewrite_strat-topdown ran for 0.005 secs (0.005u,0.s)
Params: n= 54
Tactic call rewrite_strat-topdown ran for 0.02 secs (0.02u,0.s) (success)
Tactic call rewrite_strat-topdown-noop ran for 0. secs (0.u,0.s) (success)
Tactic call abstract+rewrite_strat-topdown ran for 0.027 secs (0.027u,0.s) (success)
Tactic call close-abstract+rewrite_strat-topdown ran for 0.006 secs (0.006u,0.s)
Params: n= 55
Tactic call rewrite_strat-topdown ran for 0.021 secs (0.021u,0.s) (success)
Tactic call rewrite_strat-topdown-noop ran for 0. secs (0.u,0.s) (success)
Tactic call abstract+rewrite_strat-topdown ran for 0.028 secs (0.027u,0.s) (success)
Tactic call close-abstract+rewrite_strat-topdown ran for 0.005 secs (0.005u,0.s)
Params: n= 56
Tactic call rewrite_strat-topdown ran for 0.026 secs (0.026u,0.s) (success)
Tactic call rewrite_strat-topdown-noop ran for 0. secs (0.u,0.s) (success)
Tactic call abstract+rewrite_strat-topdown ran for 0.033 secs (0.033u,0.s) (success)
Tactic call close-abstract+rewrite_strat-topdown ran for 0.006 secs (0.006u,0.s)
Params: n= 57
Tactic call rewrite_strat-topdown ran for 0.023 secs (0.023u,0.s) (success)
Tactic call rewrite_strat-topdown-noop ran for 0. secs (0.u,0.s) (success)
Tactic call abstract+rewrite_strat-topdown ran for 0.031 secs (0.031u,0.s) (success)
Tactic call close-abstract+rewrite_strat-topdown ran for 0.006 secs (0.006u,0.s)
Params: n= 58
Tactic call rewrite_strat-topdown ran for 0.03 secs (0.03u,0.s) (success)
Tactic call rewrite_strat-topdown-noop ran for 0. secs (0.u,0.s) (success)
Tactic call abstract+rewrite_strat-topdown ran for 0.038 secs (0.037u,0.s) (success)
Tactic call close-abstract+rewrite_strat-topdown ran for 0.006 secs (0.006u,0.s)
Params: n= 59
Tactic call rewrite_strat-topdown ran for 0.023 secs (0.023u,0.s) (success)
Tactic call rewrite_strat-topdown-noop ran for 0. secs (0.u,0.s) (success)
Tactic call abstract+rewrite_strat-topdown ran for 0.031 secs (0.03u,0.s) (success)
Tactic call close-abstract+rewrite_strat-topdown ran for 0.006 secs (0.006u,0.s)
Params: n= 60
Tactic call rewrite_strat-topdown ran for 0.024 secs (0.024u,0.s) (success)
Tactic call rewrite_strat-topdown-noop ran for 0. secs (0.u,0.s) (success)
Tactic call abstract+rewrite_strat-topdown ran for 0.032 secs (0.032u,0.s) (success)
Tactic call close-abstract+rewrite_strat-topdown ran for 0.007 secs (0.007u,0.s)
Params: n= 61
Tactic call rewrite_strat-topdown ran for 0.086 secs (0.086u,0.s) (success)
Tactic call rewrite_strat-topdown-noop ran for 0. secs (0.u,0.s) (success)
Tactic call abstract+rewrite_strat-topdown ran for 0.094 secs (0.094u,0.s) (success)
Tactic call close-abstract+rewrite_strat-topdown ran for 0.007 secs (0.007u,0.s)
Params: n= 62
Tactic call rewrite_strat-topdown ran for 0.025 secs (0.025u,0.s) (success)
Tactic call rewrite_strat-topdown-noop ran for 0. secs (0.u,0.s) (success)
Tactic call abstract+rewrite_strat-topdown ran for 0.065 secs (0.065u,0.s) (success)
Tactic call close-abstract+rewrite_strat-topdown ran for 0.039 secs (0.039u,0.s)
Params: n= 63
Tactic call rewrite_strat-topdown ran for 0.026 secs (0.026u,0.s) (success)
Tactic call rewrite_strat-topdown-noop ran for 0. secs (0.u,0.s) (success)
Tactic call abstract+rewrite_strat-topdown ran for 0.035 secs (0.035u,0.s) (success)
Tactic call close-abstract+rewrite_strat-topdown ran for 0.008 secs (0.008u,0.s)
Params: n= 64
Tactic call rewrite_strat-topdown ran for 0.039 secs (0.039u,0.s) (success)
Tactic call rewrite_strat-topdown-noop ran for 0. secs (0.u,0.s) (success)
Tactic call abstract+rewrite_strat-topdown ran for 0.047 secs (0.047u,0.s) (success)
Tactic call close-abstract+rewrite_strat-topdown ran for 0.007 secs (0.007u,0.s)
Params: n= 65
Tactic call rewrite_strat-topdown ran for 0.028 secs (0.028u,0.s) (success)
Tactic call rewrite_strat-topdown-noop ran for 0. secs (0.u,0.s) (success)
Tactic call abstract+rewrite_strat-topdown ran for 0.037 secs (0.037u,0.s) (success)
Tactic call close-abstract+rewrite_strat-topdown ran for 0.007 secs (0.007u,0.s)
Params: n= 66
Tactic call rewrite_strat-topdown ran for 0.028 secs (0.028u,0.s) (success)
Tactic call rewrite_strat-topdown-noop ran for 0. secs (0.u,0.s) (success)
Tactic call abstract+rewrite_strat-topdown ran for 0.037 secs (0.037u,0.s) (success)
Tactic call close-abstract+rewrite_strat-topdown ran for 0.008 secs (0.008u,0.s)
Params: n= 67
Tactic call rewrite_strat-topdown ran for 0.03 secs (0.029u,0.s) (success)
Tactic call rewrite_strat-topdown-noop ran for 0. secs (0.u,0.s) (success)
Tactic call abstract+rewrite_strat-topdown ran for 0.04 secs (0.039u,0.s) (success)
Tactic call close-abstract+rewrite_strat-topdown ran for 0.009 secs (0.009u,0.s)
Params: n= 68
Tactic call rewrite_strat-topdown ran for 0.031 secs (0.031u,0.s) (success)
Tactic call rewrite_strat-topdown-noop ran for 0. secs (0.u,0.s) (success)
Tactic call abstract+rewrite_strat-topdown ran for 0.041 secs (0.041u,0.s) (success)
Tactic call close-abstract+rewrite_strat-topdown ran for 0.008 secs (0.008u,0.s)
Params: n= 69
Tactic call rewrite_strat-topdown ran for 0.031 secs (0.031u,0.s) (success)
Tactic call rewrite_strat-topdown-noop ran for 0. secs (0.u,0.s) (success)
Tactic call abstract+rewrite_strat-topdown ran for 0.041 secs (0.041u,0.s) (success)
Tactic call close-abstract+rewrite_strat-topdown ran for 0.008 secs (0.008u,0.s)
Params: n= 70
Tactic call rewrite_strat-topdown ran for 0.032 secs (0.032u,0.s) (success)
Tactic call rewrite_strat-topdown-noop ran for 0. secs (0.u,0.s) (success)
Tactic call abstract+rewrite_strat-topdown ran for 0.042 secs (0.042u,0.s) (success)
Tactic call close-abstract+rewrite_strat-topdown ran for 0.009 secs (0.009u,0.s)
Params: n= 71
Tactic call rewrite_strat-topdown ran for 0.033 secs (0.033u,0.s) (success)
Tactic call rewrite_strat-topdown-noop ran for 0. secs (0.u,0.s) (success)
Tactic call abstract+rewrite_strat-topdown ran for 0.043 secs (0.043u,0.s) (success)
Tactic call close-abstract+rewrite_strat-topdown ran for 0.008 secs (0.008u,0.s)
Params: n= 72
Tactic call rewrite_strat-topdown ran for 0.033 secs (0.033u,0.s) (success)
Tactic call rewrite_strat-topdown-noop ran for 0. secs (0.u,0.s) (success)
Tactic call abstract+rewrite_strat-topdown ran for 0.046 secs (0.046u,0.s) (success)
Tactic call close-abstract+rewrite_strat-topdown ran for 0.011 secs (0.011u,0.s)
Params: n= 73
Tactic call rewrite_strat-topdown ran for 0.034 secs (0.034u,0.s) (success)
Tactic call rewrite_strat-topdown-noop ran for 0. secs (0.u,0.s) (success)
Tactic call abstract+rewrite_strat-topdown ran for 0.045 secs (0.045u,0.s) (success)
Tactic call close-abstract+rewrite_strat-topdown ran for 0.01 secs (0.01u,0.s)
Params: n= 74
Tactic call rewrite_strat-topdown ran for 0.035 secs (0.035u,0.s) (success)
Tactic call rewrite_strat-topdown-noop ran for 0. secs (0.u,0.s) (success)
Tactic call abstract+rewrite_strat-topdown ran for 0.047 secs (0.047u,0.s) (success)
Tactic call close-abstract+rewrite_strat-topdown ran for 0.01 secs (0.01u,0.s)
Params: n= 75
Tactic call rewrite_strat-topdown ran for 0.036 secs (0.036u,0.s) (success)
Tactic call rewrite_strat-topdown-noop ran for 0. secs (0.u,0.s) (success)
Tactic call abstract+rewrite_strat-topdown ran for 0.047 secs (0.047u,0.s) (success)
Tactic call close-abstract+rewrite_strat-topdown ran for 0.009 secs (0.009u,0.s)
Params: n= 76
Tactic call rewrite_strat-topdown ran for 0.042 secs (0.041u,0.s) (success)
Tactic call rewrite_strat-topdown-noop ran for 0. secs (0.u,0.s) (success)
Tactic call abstract+rewrite_strat-topdown ran for 0.053 secs (0.052u,0.s) (success)
Tactic call close-abstract+rewrite_strat-topdown ran for 0.01 secs (0.01u,0.s)
Params: n= 77
Tactic call rewrite_strat-topdown ran for 0.038 secs (0.038u,0.s) (success)
Tactic call rewrite_strat-topdown-noop ran for 0. secs (0.u,0.s) (success)
Tactic call abstract+rewrite_strat-topdown ran for 0.051 secs (0.051u,0.s) (success)
Tactic call close-abstract+rewrite_strat-topdown ran for 0.012 secs (0.012u,0.s)
Params: n= 78
Tactic call rewrite_strat-topdown ran for 0.038 secs (0.038u,0.s) (success)
Tactic call rewrite_strat-topdown-noop ran for 0. secs (0.u,0.s) (success)
Tactic call abstract+rewrite_strat-topdown ran for 0.051 secs (0.051u,0.s) (success)
Tactic call close-abstract+rewrite_strat-topdown ran for 0.011 secs (0.011u,0.s)
Params: n= 79
Tactic call rewrite_strat-topdown ran for 0.039 secs (0.039u,0.s) (success)
Tactic call rewrite_strat-topdown-noop ran for 0. secs (0.u,0.s) (success)
Tactic call abstract+rewrite_strat-topdown ran for 0.053 secs (0.053u,0.s) (success)
Tactic call close-abstract+rewrite_strat-topdown ran for 0.012 secs (0.012u,0.s)
Params: n= 80
Tactic call rewrite_strat-topdown ran for 0.04 secs (0.04u,0.s) (success)
Tactic call rewrite_strat-topdown-noop ran for 0. secs (0.u,0.s) (success)
Tactic call abstract+rewrite_strat-topdown ran for 0.054 secs (0.054u,0.s) (success)
Tactic call close-abstract+rewrite_strat-topdown ran for 0.012 secs (0.012u,0.s)
Params: n= 81
Tactic call rewrite_strat-topdown ran for 0.043 secs (0.043u,0.s) (success)
Tactic call rewrite_strat-topdown-noop ran for 0. secs (0.u,0.s) (success)
Tactic call abstract+rewrite_strat-topdown ran for 0.057 secs (0.057u,0.s) (success)
Tactic call close-abstract+rewrite_strat-topdown ran for 0.013 secs (0.013u,0.s)
Params: n= 82
Tactic call rewrite_strat-topdown ran for 0.047 secs (0.046u,0.s) (success)
Tactic call rewrite_strat-topdown-noop ran for 0. secs (0.u,0.s) (success)
Tactic call abstract+rewrite_strat-topdown ran for 0.062 secs (0.06u,0.001s) (success)
Tactic call close-abstract+rewrite_strat-topdown ran for 0.013 secs (0.013u,0.s)
Params: n= 83
Tactic call rewrite_strat-topdown ran for 0.044 secs (0.044u,0.s) (success)
Tactic call rewrite_strat-topdown-noop ran for 0. secs (0.u,0.s) (success)
Tactic call abstract+rewrite_strat-topdown ran for 0.057 secs (0.057u,0.s) (success)
Tactic call close-abstract+rewrite_strat-topdown ran for 0.012 secs (0.012u,0.s)
Params: n= 84
Tactic call rewrite_strat-topdown ran for 0.048 secs (0.048u,0.s) (success)
Tactic call rewrite_strat-topdown-noop ran for 0. secs (0.u,0.s) (success)
Tactic call abstract+rewrite_strat-topdown ran for 0.062 secs (0.062u,0.s) (success)
Tactic call close-abstract+rewrite_strat-topdown ran for 0.013 secs (0.013u,0.s)
Params: n= 85
Tactic call rewrite_strat-topdown ran for 0.049 secs (0.049u,0.s) (success)
Tactic call rewrite_strat-topdown-noop ran for 0. secs (0.u,0.s) (success)
Tactic call abstract+rewrite_strat-topdown ran for 0.063 secs (0.063u,0.s) (success)
Tactic call close-abstract+rewrite_strat-topdown ran for 0.013 secs (0.013u,0.s)
Params: n= 86
Tactic call rewrite_strat-topdown ran for 0.049 secs (0.049u,0.s) (success)
Tactic call rewrite_strat-topdown-noop ran for 0. secs (0.u,0.s) (success)
Tactic call abstract+rewrite_strat-topdown ran for 0.064 secs (0.064u,0.s) (success)
Tactic call close-abstract+rewrite_strat-topdown ran for 0.013 secs (0.013u,0.s)
Params: n= 87
Tactic call rewrite_strat-topdown ran for 0.05 secs (0.05u,0.s) (success)
Tactic call rewrite_strat-topdown-noop ran for 0. secs (0.u,0.s) (success)
Tactic call abstract+rewrite_strat-topdown ran for 0.066 secs (0.066u,0.s) (success)
Tactic call close-abstract+rewrite_strat-topdown ran for 0.014 secs (0.014u,0.s)
Params: n= 88
Tactic call rewrite_strat-topdown ran for 0.054 secs (0.054u,0.s) (success)
Tactic call rewrite_strat-topdown-noop ran for 0. secs (0.u,0.s) (success)
Tactic call abstract+rewrite_strat-topdown ran for 0.072 secs (0.071u,0.s) (success)
Tactic call close-abstract+rewrite_strat-topdown ran for 0.015 secs (0.015u,0.s)
Params: n= 89
Tactic call rewrite_strat-topdown ran for 0.049 secs (0.049u,0.s) (success)
Tactic call rewrite_strat-topdown-noop ran for 0. secs (0.u,0.s) (success)
Tactic call abstract+rewrite_strat-topdown ran for 0.068 secs (0.068u,0.s) (success)
Tactic call close-abstract+rewrite_strat-topdown ran for 0.017 secs (0.017u,0.s)
Params: n= 90
Tactic call rewrite_strat-topdown ran for 0.064 secs (0.063u,0.s) (success)
Tactic call rewrite_strat-topdown-noop ran for 0. secs (0.u,0.s) (success)
Tactic call abstract+rewrite_strat-topdown ran for 0.08 secs (0.079u,0.s) (success)
Tactic call close-abstract+rewrite_strat-topdown ran for 0.014 secs (0.014u,0.s)
Params: n= 91
Tactic call rewrite_strat-topdown ran for 0.059 secs (0.059u,0.s) (success)
Tactic call rewrite_strat-topdown-noop ran for 0. secs (0.u,0.s) (success)
Tactic call abstract+rewrite_strat-topdown ran for 0.079 secs (0.079u,0.s) (success)
Tactic call close-abstract+rewrite_strat-topdown ran for 0.018 secs (0.018u,0.s)
Params: n= 92
Tactic call rewrite_strat-topdown ran for 0.058 secs (0.058u,0.s) (success)
Tactic call rewrite_strat-topdown-noop ran for 0. secs (0.u,0.s) (success)
Tactic call abstract+rewrite_strat-topdown ran for 0.083 secs (0.083u,0.s) (success)
Tactic call close-abstract+rewrite_strat-topdown ran for 0.023 secs (0.023u,0.s)
Params: n= 93
Tactic call rewrite_strat-topdown ran for 0.059 secs (0.059u,0.s) (success)
Tactic call rewrite_strat-topdown-noop ran for 0. secs (0.u,0.s) (success)
Tactic call abstract+rewrite_strat-topdown ran for 0.077 secs (0.077u,0.s) (success)
Tactic call close-abstract+rewrite_strat-topdown ran for 0.017 secs (0.017u,0.s)
Params: n= 94
Tactic call rewrite_strat-topdown ran for 0.055 secs (0.055u,0.s) (success)
Tactic call rewrite_strat-topdown-noop ran for 0. secs (0.u,0.s) (success)
Tactic call abstract+rewrite_strat-topdown ran for 0.075 secs (0.075u,0.s) (success)
Tactic call close-abstract+rewrite_strat-topdown ran for 0.018 secs (0.018u,0.s)
Params: n= 95
Tactic call rewrite_strat-topdown ran for 0.059 secs (0.059u,0.s) (success)
Tactic call rewrite_strat-topdown-noop ran for 0. secs (0.u,0.s) (success)
Tactic call abstract+rewrite_strat-topdown ran for 0.08 secs (0.08u,0.s) (success)
Tactic call close-abstract+rewrite_strat-topdown ran for 0.016 secs (0.016u,0.s)
Params: n= 96
Tactic call rewrite_strat-topdown ran for 0.064 secs (0.064u,0.s) (success)
Tactic call rewrite_strat-topdown-noop ran for 0. secs (0.u,0.s) (success)
Tactic call abstract+rewrite_strat-topdown ran for 0.085 secs (0.085u,0.s) (success)
Tactic call close-abstract+rewrite_strat-topdown ran for 0.02 secs (0.02u,0.s)
Params: n= 97
Tactic call rewrite_strat-topdown ran for 0.07 secs (0.069u,0.s) (success)
Tactic call rewrite_strat-topdown-noop ran for 0. secs (0.u,0.s) (success)
Tactic call abstract+rewrite_strat-topdown ran for 0.09 secs (0.089u,0.s) (success)
Tactic call close-abstract+rewrite_strat-topdown ran for 0.018 secs (0.018u,0.s)
Params: n= 98
Tactic call rewrite_strat-topdown ran for 0.06 secs (0.06u,0.s) (success)
Tactic call rewrite_strat-topdown-noop ran for 0. secs (0.u,0.s) (success)
Tactic call abstract+rewrite_strat-topdown ran for 0.082 secs (0.082u,0.s) (success)
Tactic call close-abstract+rewrite_strat-topdown ran for 0.02 secs (0.02u,0.s)
Params: n= 99
Tactic call rewrite_strat-topdown ran for 0.068 secs (0.068u,0.s) (success)
Tactic call rewrite_strat-topdown-noop ran for 0. secs (0.u,0.s) (success)
Tactic call abstract+rewrite_strat-topdown ran for 0.092 secs (0.092u,0.s) (success)
Tactic call close-abstract+rewrite_strat-topdown ran for 0.022 secs (0.022u,0.s)
Params: n= 110
Tactic call rewrite_strat-topdown ran for 0.084 secs (0.084u,0.s) (success)
Tactic call rewrite_strat-topdown-noop ran for 0. secs (0.u,0.s) (success)
Tactic call abstract+rewrite_strat-topdown ran for 0.11 secs (0.109u,0.s) (success)
Tactic call close-abstract+rewrite_strat-topdown ran for 0.024 secs (0.023u,0.s)
Params: n= 120
Tactic call rewrite_strat-topdown ran for 0.099 secs (0.099u,0.s) (success)
Tactic call rewrite_strat-topdown-noop ran for 0. secs (0.u,0.s) (success)
Tactic call abstract+rewrite_strat-topdown ran for 0.131 secs (0.13u,0.001s) (success)
Tactic call close-abstract+rewrite_strat-topdown ran for 0.03 secs (0.029u,0.001s)
Params: n= 130
Tactic call rewrite_strat-topdown ran for 0.116 secs (0.116u,0.s) (success)
Tactic call rewrite_strat-topdown-noop ran for 0. secs (0.u,0.s) (success)
Tactic call abstract+rewrite_strat-topdown ran for 0.152 secs (0.152u,0.s) (success)
Tactic call close-abstract+rewrite_strat-topdown ran for 0.034 secs (0.034u,0.s)
Params: n= 140
Tactic call rewrite_strat-topdown ran for 0.144 secs (0.143u,0.001s) (success)
Tactic call rewrite_strat-topdown-noop ran for 0. secs (0.u,0.s) (success)
Tactic call abstract+rewrite_strat-topdown ran for 0.188 secs (0.187u,0.001s) (success)
Tactic call close-abstract+rewrite_strat-topdown ran for 0.042 secs (0.042u,0.s)
Params: n= 160
Tactic call rewrite_strat-topdown ran for 0.169 secs (0.167u,0.001s) (success)
Tactic call rewrite_strat-topdown-noop ran for 0. secs (0.u,0.s) (success)
Tactic call abstract+rewrite_strat-topdown ran for 0.215 secs (0.213u,0.001s) (success)
Tactic call close-abstract+rewrite_strat-topdown ran for 0.044 secs (0.044u,0.s)
Params: n= 170
Tactic call rewrite_strat-topdown ran for 0.182 secs (0.181u,0.s) (success)
Tactic call rewrite_strat-topdown-noop ran for 0. secs (0.u,0.s) (success)
Tactic call abstract+rewrite_strat-topdown ran for 0.242 secs (0.241u,0.001s) (success)
Tactic call close-abstract+rewrite_strat-topdown ran for 0.058 secs (0.058u,0.s)
Params: n= 180
Tactic call rewrite_strat-topdown ran for 0.209 secs (0.209u,0.s) (success)
Tactic call rewrite_strat-topdown-noop ran for 0.001 secs (0.001u,0.s) (success)
Tactic call abstract+rewrite_strat-topdown ran for 0.277 secs (0.277u,0.s) (success)
Tactic call close-abstract+rewrite_strat-topdown ran for 0.065 secs (0.065u,0.s)
Params: n= 190
Tactic call rewrite_strat-topdown ran for 0.224 secs (0.224u,0.s) (success)
Tactic call rewrite_strat-topdown-noop ran for 0. secs (0.u,0.s) (success)
Tactic call abstract+rewrite_strat-topdown ran for 0.293 secs (0.293u,0.s) (success)
Tactic call close-abstract+rewrite_strat-topdown ran for 0.066 secs (0.066u,0.s)
Params: n= 210
Tactic call rewrite_strat-topdown ran for 0.328 secs (0.323u,0.004s) (success)
Tactic call rewrite_strat-topdown-noop ran for 0.001 secs (0.001u,0.s) (success)
Tactic call abstract+rewrite_strat-topdown ran for 0.421 secs (0.415u,0.005s) (success)
Tactic call close-abstract+rewrite_strat-topdown ran for 0.091 secs (0.09u,0.s)
Params: n= 220
Tactic call rewrite_strat-topdown ran for 0.361 secs (0.357u,0.003s) (success)
Tactic call rewrite_strat-topdown-noop ran for 0.001 secs (0.001u,0.s) (success)
Tactic call abstract+rewrite_strat-topdown ran for 0.447 secs (0.443u,0.003s) (success)
Tactic call close-abstract+rewrite_strat-topdown ran for 0.083 secs (0.083u,0.s)
Params: n= 230
Tactic call rewrite_strat-topdown ran for 0.36 secs (0.356u,0.003s) (success)
Tactic call rewrite_strat-topdown-noop ran for 0.001 secs (0.001u,0.s) (success)
Tactic call abstract+rewrite_strat-topdown ran for 0.458 secs (0.453u,0.004s) (success)
Tactic call close-abstract+rewrite_strat-topdown ran for 0.095 secs (0.095u,0.s)
Params: n= 240
Tactic call rewrite_strat-topdown ran for 0.368 secs (0.367u,0.s) (success)
Tactic call rewrite_strat-topdown-noop ran for 0.001 secs (0.001u,0.s) (success)
Tactic call abstract+rewrite_strat-topdown ran for 0.488 secs (0.487u,0.s) (success)
Tactic call close-abstract+rewrite_strat-topdown ran for 0.117 secs (0.117u,0.s)
Params: n= 260
Tactic call rewrite_strat-topdown ran for 0.476 secs (0.476u,0.s) (success)
Tactic call rewrite_strat-topdown-noop ran for 0.001 secs (0.001u,0.s) (success)
Tactic call abstract+rewrite_strat-topdown ran for 0.614 secs (0.613u,0.s) (success)
Tactic call close-abstract+rewrite_strat-topdown ran for 0.135 secs (0.134u,0.s)
Params: n= 270
Tactic call rewrite_strat-topdown ran for 0.481 secs (0.48u,0.s) (success)
Tactic call rewrite_strat-topdown-noop ran for 0.001 secs (0.001u,0.s) (success)
Tactic call abstract+rewrite_strat-topdown ran for 0.627 secs (0.626u,0.s) (success)
Tactic call close-abstract+rewrite_strat-topdown ran for 0.142 secs (0.142u,0.s)
Params: n= 280
Tactic call rewrite_strat-topdown ran for 0.526 secs (0.525u,0.s) (success)
Tactic call rewrite_strat-topdown-noop ran for 0.001 secs (0.001u,0.s) (success)
Tactic call abstract+rewrite_strat-topdown ran for 0.682 secs (0.681u,0.s) (success)
Tactic call close-abstract+rewrite_strat-topdown ran for 0.153 secs (0.153u,0.s)
Params: n= 290
Tactic call rewrite_strat-topdown ran for 0.571 secs (0.568u,0.001s) (success)
Tactic call rewrite_strat-topdown-noop ran for 0.007 secs (0.007u,0.s) (success)
Tactic call abstract+rewrite_strat-topdown ran for 0.738 secs (0.735u,0.001s) (success)
Tactic call close-abstract+rewrite_strat-topdown ran for 0.158 secs (0.158u,0.s)
Params: n= 310
Tactic call rewrite_strat-topdown ran for 0.598 secs (0.598u,0.s) (success)
Tactic call rewrite_strat-topdown-noop ran for 0.004 secs (0.004u,0.s) (success)
Tactic call abstract+rewrite_strat-topdown ran for 0.785 secs (0.785u,0.s) (success)
Tactic call close-abstract+rewrite_strat-topdown ran for 0.18 secs (0.18u,0.s)
Params: n= 320
Tactic call rewrite_strat-topdown ran for 0.7 secs (0.7u,0.s) (success)
Tactic call rewrite_strat-topdown-noop ran for 0.001 secs (0.001u,0.s) (success)
Tactic call abstract+rewrite_strat-topdown ran for 0.903 secs (0.903u,0.s) (success)
Tactic call close-abstract+rewrite_strat-topdown ran for 0.199 secs (0.199u,0.s)
Params: n= 330
Tactic call rewrite_strat-topdown ran for 0.718 secs (0.718u,0.s) (success)
Tactic call rewrite_strat-topdown-noop ran for 0.001 secs (0.001u,0.s) (success)
Tactic call abstract+rewrite_strat-topdown ran for 0.917 secs (0.917u,0.s) (success)
Tactic call close-abstract+rewrite_strat-topdown ran for 0.195 secs (0.195u,0.s)
Params: n= 340
Tactic call rewrite_strat-topdown ran for 0.841 secs (0.841u,0.s) (success)
Tactic call rewrite_strat-topdown-noop ran for 0.001 secs (0.001u,0.s) (success)
Tactic call abstract+rewrite_strat-topdown ran for 1.057 secs (1.057u,0.s) (success)
Tactic call close-abstract+rewrite_strat-topdown ran for 0.213 secs (0.213u,0.s)
Params: n= 360
Tactic call rewrite_strat-topdown ran for 0.827 secs (0.827u,0.s) (success)
Tactic call rewrite_strat-topdown-noop ran for 0.001 secs (0.u,0.s) (success)
Tactic call abstract+rewrite_strat-topdown ran for 1.054 secs (1.053u,0.s) (success)
Tactic call close-abstract+rewrite_strat-topdown ran for 0.223 secs (0.223u,0.s)
Params: n= 370
Tactic call rewrite_strat-topdown ran for 0.967 secs (0.967u,0.s) (success)
Tactic call rewrite_strat-topdown-noop ran for 0.001 secs (0.001u,0.s) (success)
Tactic call abstract+rewrite_strat-topdown ran for 1.209 secs (1.209u,0.s) (success)
Tactic call close-abstract+rewrite_strat-topdown ran for 0.239 secs (0.239u,0.s)
Params: n= 380
Tactic call rewrite_strat-topdown ran for 0.923 secs (0.923u,0.s) (success)
Tactic call rewrite_strat-topdown-noop ran for 0.001 secs (0.001u,0.s) (success)
Tactic call abstract+rewrite_strat-topdown ran for 1.203 secs (1.203u,0.s) (success)
Tactic call close-abstract+rewrite_strat-topdown ran for 0.276 secs (0.276u,0.s)
Params: n= 390
Tactic call rewrite_strat-topdown ran for 1.018 secs (1.015u,0.002s) (success)
Tactic call rewrite_strat-topdown-noop ran for 0.001 secs (0.001u,0.s) (success)
Tactic call abstract+rewrite_strat-topdown ran for 1.298 secs (1.293u,0.004s) (success)
Tactic call close-abstract+rewrite_strat-topdown ran for 0.276 secs (0.274u,0.001s)
