Params: n= 50
Tactic call build-thunk-regression-linear ran for 0.004 secs (0.004u,0.s) (success)
Tactic call eval-thunk-regression-linear ran for 0. secs (0.u,0.s) (success)
Tactic call build-eval-thunk-regression-linear ran for 0.004 secs (0.004u,0.s) (success)
Tactic call build-I-regression-linear ran for 0. secs (0.u,0.s) (success)
Tactic call check-I-regression-linear ran for 0. secs (0.u,0.s) (success)
Tactic call type-I-regression-linear ran for 0. secs (0.u,0.s) (success)
Tactic call build-admit-regression-linear ran for 0. secs (0.u,0.s) (success)
Tactic call check-admit-regression-quadratic ran for 0.001 secs (0.001u,0.s) (success)
Tactic call type-admit-regression-quadratic ran for 0.002 secs (0.002u,0.s) (success)
Tactic call build-admit-cast-regression-linear ran for 0. secs (0.u,0.s) (success)
Tactic call check-admit-cast-regression-quadratic ran for 0.001 secs (0.001u,0.s) (success)
Tactic call type-admit-cast-regression-quadratic ran for 0.001 secs (0.001u,0.s) (success)
Tactic call build-pf-cast-regression-linear ran for 0. secs (0.u,0.s) (success)
Tactic call check-pf-cast-regression-quadratic ran for 0.001 secs (0.001u,0.s) (success)
Tactic call type-pf-cast-regression-quadratic ran for 0.001 secs (0.001u,0.s) (success)
Tactic call refine-regression-quadratic-regression-linear ran for 0.001 secs (0.001u,0.s) (success)
Tactic call fast_rewrite-regression-quadratic ran for 0.019 secs (0.018u,0.s) (success)
Tactic call abstract-regression-quadratic ran for 0.023 secs (0.022u,0.001s) (success)
Tactic call close-abstract-regression-quadratic ran for 0.003 secs (0.003u,0.s)
Params: n= 100
Tactic call build-thunk-regression-linear ran for 0.009 secs (0.009u,0.s) (success)
Tactic call eval-thunk-regression-linear ran for 0. secs (0.u,0.s) (success)
Tactic call build-eval-thunk-regression-linear ran for 0.009 secs (0.009u,0.s) (success)
Tactic call build-I-regression-linear ran for 0. secs (0.u,0.s) (success)
Tactic call check-I-regression-linear ran for 0.002 secs (0.002u,0.s) (success)
Tactic call type-I-regression-linear ran for 0.002 secs (0.002u,0.s) (success)
Tactic call build-admit-regression-linear ran for 0. secs (0.u,0.s) (success)
Tactic call check-admit-regression-quadratic ran for 0.003 secs (0.003u,0.s) (success)
Tactic call type-admit-regression-quadratic ran for 0.003 secs (0.003u,0.s) (success)
Tactic call build-admit-cast-regression-linear ran for 0. secs (0.u,0.s) (success)
Tactic call check-admit-cast-regression-quadratic ran for 0.003 secs (0.003u,0.s) (success)
Tactic call type-admit-cast-regression-quadratic ran for 0.003 secs (0.003u,0.s) (success)
Tactic call build-pf-cast-regression-linear ran for 0. secs (0.u,0.s) (success)
Tactic call check-pf-cast-regression-quadratic ran for 0.003 secs (0.003u,0.s) (success)
Tactic call type-pf-cast-regression-quadratic ran for 0.003 secs (0.003u,0.s) (success)
Tactic call refine-regression-quadratic-regression-linear ran for 0.003 secs (0.003u,0.s) (success)
Tactic call fast_rewrite-regression-quadratic ran for 0.041 secs (0.041u,0.s) (success)
Tactic call abstract-regression-quadratic ran for 0.049 secs (0.049u,0.s) (success)
Tactic call close-abstract-regression-quadratic ran for 0.007 secs (0.007u,0.s)
Params: n= 150
Tactic call build-thunk-regression-linear ran for 0.013 secs (0.013u,0.s) (success)
Tactic call eval-thunk-regression-linear ran for 0. secs (0.u,0.s) (success)
Tactic call build-eval-thunk-regression-linear ran for 0.013 secs (0.013u,0.s) (success)
Tactic call build-I-regression-linear ran for 0.001 secs (0.001u,0.s) (success)
Tactic call check-I-regression-linear ran for 0.003 secs (0.003u,0.s) (success)
Tactic call type-I-regression-linear ran for 0.002 secs (0.002u,0.s) (success)
Tactic call build-admit-regression-linear ran for 0.009 secs (0.006u,0.003s) (success)
Tactic call check-admit-regression-quadratic ran for 0.005 secs (0.005u,0.s) (success)
Tactic call type-admit-regression-quadratic ran for 0.005 secs (0.005u,0.s) (success)
Tactic call build-admit-cast-regression-linear ran for 0.001 secs (0.001u,0.s) (success)
Tactic call check-admit-cast-regression-quadratic ran for 0.006 secs (0.006u,0.s) (success)
Tactic call type-admit-cast-regression-quadratic ran for 0.005 secs (0.005u,0.s) (success)
Tactic call build-pf-cast-regression-linear ran for 0.001 secs (0.001u,0.s) (success)
Tactic call check-pf-cast-regression-quadratic ran for 0.005 secs (0.005u,0.s) (success)
Tactic call type-pf-cast-regression-quadratic ran for 0.005 secs (0.005u,0.s) (success)
Tactic call refine-regression-quadratic-regression-linear ran for 0.005 secs (0.005u,0.s) (success)
Tactic call fast_rewrite-regression-quadratic ran for 0.072 secs (0.068u,0.003s) (success)
Tactic call abstract-regression-quadratic ran for 0.086 secs (0.082u,0.003s) (success)
Tactic call close-abstract-regression-quadratic ran for 0.014 secs (0.014u,0.s)
Params: n= 200
Tactic call build-thunk-regression-linear ran for 0.031 secs (0.031u,0.s) (success)
Tactic call eval-thunk-regression-linear ran for 0. secs (0.u,0.s) (success)
Tactic call build-eval-thunk-regression-linear ran for 0.031 secs (0.031u,0.s) (success)
Tactic call build-I-regression-linear ran for 0.001 secs (0.001u,0.s) (success)
Tactic call check-I-regression-linear ran for 0.003 secs (0.003u,0.s) (success)
Tactic call type-I-regression-linear ran for 0.003 secs (0.003u,0.s) (success)
Tactic call build-admit-regression-linear ran for 0.001 secs (0.001u,0.s) (success)
Tactic call check-admit-regression-quadratic ran for 0.009 secs (0.009u,0.s) (success)
Tactic call type-admit-regression-quadratic ran for 0.008 secs (0.008u,0.s) (success)
Tactic call build-admit-cast-regression-linear ran for 0.001 secs (0.001u,0.s) (success)
Tactic call check-admit-cast-regression-quadratic ran for 0.009 secs (0.009u,0.s) (success)
Tactic call type-admit-cast-regression-quadratic ran for 0.009 secs (0.009u,0.s) (success)
Tactic call build-pf-cast-regression-linear ran for 0.002 secs (0.002u,0.s) (success)
Tactic call check-pf-cast-regression-quadratic ran for 0.008 secs (0.008u,0.s) (success)
Tactic call type-pf-cast-regression-quadratic ran for 0.009 secs (0.009u,0.s) (success)
Tactic call refine-regression-quadratic-regression-linear ran for 0.009 secs (0.009u,0.s) (success)
Tactic call fast_rewrite-regression-quadratic ran for 0.112 secs (0.112u,0.s) (success)
Tactic call abstract-regression-quadratic ran for 0.137 secs (0.137u,0.s) (success)
Tactic call close-abstract-regression-quadratic ran for 0.024 secs (0.024u,0.s)
Params: n= 250
Tactic call build-thunk-regression-linear ran for 0.022 secs (0.022u,0.s) (success)
Tactic call eval-thunk-regression-linear ran for 0. secs (0.u,0.s) (success)
Tactic call build-eval-thunk-regression-linear ran for 0.022 secs (0.022u,0.s) (success)
Tactic call build-I-regression-linear ran for 0.001 secs (0.001u,0.s) (success)
Tactic call check-I-regression-linear ran for 0.005 secs (0.005u,0.s) (success)
Tactic call type-I-regression-linear ran for 0.004 secs (0.004u,0.s) (success)
Tactic call build-admit-regression-linear ran for 0.002 secs (0.002u,0.s) (success)
Tactic call check-admit-regression-quadratic ran for 0.028 secs (0.028u,0.s) (success)
Tactic call type-admit-regression-quadratic ran for 0.013 secs (0.013u,0.s) (success)
Tactic call build-admit-cast-regression-linear ran for 0.002 secs (0.002u,0.s) (success)
Tactic call check-admit-cast-regression-quadratic ran for 0.013 secs (0.013u,0.s) (success)
Tactic call type-admit-cast-regression-quadratic ran for 0.013 secs (0.013u,0.s) (success)
Tactic call build-pf-cast-regression-linear ran for 0.002 secs (0.002u,0.s) (success)
Tactic call check-pf-cast-regression-quadratic ran for 0.013 secs (0.013u,0.s) (success)
Tactic call type-pf-cast-regression-quadratic ran for 0.012 secs (0.012u,0.s) (success)
Tactic call refine-regression-quadratic-regression-linear ran for 0.012 secs (0.012u,0.s) (success)
Tactic call fast_rewrite-regression-quadratic ran for 0.148 secs (0.148u,0.s) (success)
Tactic call abstract-regression-quadratic ran for 0.183 secs (0.183u,0.s) (success)
Tactic call close-abstract-regression-quadratic ran for 0.034 secs (0.034u,0.s)
Params: n= 300
Tactic call build-thunk-regression-linear ran for 0.028 secs (0.028u,0.s) (success)
Tactic call eval-thunk-regression-linear ran for 0. secs (0.u,0.s) (success)
Tactic call build-eval-thunk-regression-linear ran for 0.028 secs (0.028u,0.s) (success)
Tactic call build-I-regression-linear ran for 0.002 secs (0.002u,0.s) (success)
Tactic call check-I-regression-linear ran for 0.005 secs (0.005u,0.s) (success)
Tactic call type-I-regression-linear ran for 0.01 secs (0.01u,0.s) (success)
Tactic call build-admit-regression-linear ran for 0.002 secs (0.002u,0.s) (success)
Tactic call check-admit-regression-quadratic ran for 0.016 secs (0.016u,0.s) (success)
Tactic call type-admit-regression-quadratic ran for 0.018 secs (0.018u,0.s) (success)
Tactic call build-admit-cast-regression-linear ran for 0.002 secs (0.002u,0.s) (success)
Tactic call check-admit-cast-regression-quadratic ran for 0.017 secs (0.017u,0.s) (success)
Tactic call type-admit-cast-regression-quadratic ran for 0.017 secs (0.017u,0.s) (success)
Tactic call build-pf-cast-regression-linear ran for 0.002 secs (0.002u,0.s) (success)
Tactic call check-pf-cast-regression-quadratic ran for 0.018 secs (0.018u,0.s) (success)
Tactic call type-pf-cast-regression-quadratic ran for 0.018 secs (0.018u,0.s) (success)
Tactic call refine-regression-quadratic-regression-linear ran for 0.124 secs (0.124u,0.s) (success)
Tactic call fast_rewrite-regression-quadratic ran for 0.285 secs (0.285u,0.s) (success)
Tactic call abstract-regression-quadratic ran for 0.331 secs (0.331u,0.s) (success)
Tactic call close-abstract-regression-quadratic ran for 0.045 secs (0.045u,0.s)
Params: n= 350
Tactic call build-thunk-regression-linear ran for 0.037 secs (0.037u,0.s) (success)
Tactic call eval-thunk-regression-linear ran for 0. secs (0.u,0.s) (success)
Tactic call build-eval-thunk-regression-linear ran for 0.037 secs (0.037u,0.s) (success)
Tactic call build-I-regression-linear ran for 0.002 secs (0.002u,0.s) (success)
Tactic call check-I-regression-linear ran for 0.006 secs (0.006u,0.s) (success)
Tactic call type-I-regression-linear ran for 0.006 secs (0.006u,0.s) (success)
Tactic call build-admit-regression-linear ran for 0.002 secs (0.002u,0.s) (success)
Tactic call check-admit-regression-quadratic ran for 0.024 secs (0.024u,0.s) (success)
Tactic call type-admit-regression-quadratic ran for 0.024 secs (0.024u,0.s) (success)
Tactic call build-admit-cast-regression-linear ran for 0.003 secs (0.003u,0.s) (success)
Tactic call check-admit-cast-regression-quadratic ran for 0.041 secs (0.041u,0.s) (success)
Tactic call type-admit-cast-regression-quadratic ran for 0.024 secs (0.024u,0.s) (success)
Tactic call build-pf-cast-regression-linear ran for 0.003 secs (0.003u,0.s) (success)
Tactic call check-pf-cast-regression-quadratic ran for 0.024 secs (0.024u,0.s) (success)
Tactic call type-pf-cast-regression-quadratic ran for 0.023 secs (0.023u,0.s) (success)
Tactic call refine-regression-quadratic-regression-linear ran for 0.025 secs (0.025u,0.s) (success)
Tactic call fast_rewrite-regression-quadratic ran for 0.251 secs (0.251u,0.s) (success)
Tactic call abstract-regression-quadratic ran for 0.316 secs (0.316u,0.s) (success)
Tactic call close-abstract-regression-quadratic ran for 0.065 secs (0.064u,0.s)
Params: n= 400
Tactic call build-thunk-regression-linear ran for 0.037 secs (0.037u,0.s) (success)
Tactic call eval-thunk-regression-linear ran for 0. secs (0.u,0.s) (success)
Tactic call build-eval-thunk-regression-linear ran for 0.038 secs (0.038u,0.s) (success)
Tactic call build-I-regression-linear ran for 0.003 secs (0.003u,0.s) (success)
Tactic call check-I-regression-linear ran for 0.007 secs (0.007u,0.s) (success)
Tactic call type-I-regression-linear ran for 0.008 secs (0.008u,0.s) (success)
Tactic call build-admit-regression-linear ran for 0.004 secs (0.004u,0.s) (success)
Tactic call check-admit-regression-quadratic ran for 0.033 secs (0.033u,0.s) (success)
Tactic call type-admit-regression-quadratic ran for 0.035 secs (0.035u,0.s) (success)
Tactic call build-admit-cast-regression-linear ran for 0.003 secs (0.003u,0.s) (success)
Tactic call check-admit-cast-regression-quadratic ran for 0.042 secs (0.042u,0.s) (success)
Tactic call type-admit-cast-regression-quadratic ran for 0.039 secs (0.039u,0.s) (success)
Tactic call build-pf-cast-regression-linear ran for 0.003 secs (0.003u,0.s) (success)
Tactic call check-pf-cast-regression-quadratic ran for 0.029 secs (0.029u,0.s) (success)
Tactic call type-pf-cast-regression-quadratic ran for 0.035 secs (0.035u,0.s) (success)
Tactic call refine-regression-quadratic-regression-linear ran for 0.03 secs (0.03u,0.s) (success)
Tactic call fast_rewrite-regression-quadratic ran for 0.316 secs (0.316u,0.s) (success)
Tactic call abstract-regression-quadratic ran for 0.406 secs (0.406u,0.s) (success)
Tactic call close-abstract-regression-quadratic ran for 0.09 secs (0.089u,0.s)
