Params: 0-nm= 16 , 1-n= 1 , 2-m= 16
Tactic call cps+simpl-regression-quadratic ran for 0.002 secs (0.u,0.002s) (success)
Params: 0-nm= 16 , 1-n= 4 , 2-m= 4
Tactic call cps+simpl-regression-quadratic ran for 0.001 secs (0.u,0.s) (success)
Params: 0-nm= 16 , 1-n= 16 , 2-m= 1
Tactic call cps+simpl-regression-quadratic ran for 0.001 secs (0.001u,0.s) (success)
Params: 0-nm= 27 , 1-n= 1 , 2-m= 27
Tactic call cps+simpl-regression-quadratic ran for 0.005 secs (0.005u,0.s) (success)
Params: 0-nm= 27 , 1-n= 27 , 2-m= 1
Tactic call cps+simpl-regression-quadratic ran for 0.002 secs (0.u,0.002s) (success)
Params: 0-nm= 30 , 1-n= 5 , 2-m= 6
Tactic call cps+simpl-regression-quadratic ran for 0.002 secs (0.u,0.001s) (success)
Params: 0-nm= 37 , 1-n= 1 , 2-m= 37
Tactic call cps+simpl-regression-quadratic ran for 0.007 secs (0.007u,0.s) (success)
Params: 0-nm= 37 , 1-n= 37 , 2-m= 1
Tactic call cps+simpl-regression-quadratic ran for 0.003 secs (0.003u,0.s) (success)
Params: 0-nm= 42 , 1-n= 6 , 2-m= 7
Tactic call cps+simpl-regression-quadratic ran for 0.003 secs (0.003u,0.s) (success)
Params: 0-nm= 48 , 1-n= 1 , 2-m= 48
Tactic call cps+simpl-regression-quadratic ran for 0.01 secs (0.007u,0.003s) (success)
Params: 0-nm= 48 , 1-n= 48 , 2-m= 1
Tactic call cps+simpl-regression-quadratic ran for 0.005 secs (0.004u,0.s) (success)
Params: 0-nm= 56 , 1-n= 7 , 2-m= 8
Tactic call cps+simpl-regression-quadratic ran for 0.003 secs (0.003u,0.s) (success)
Params: 0-nm= 58 , 1-n= 1 , 2-m= 58
Tactic call cps+simpl-regression-quadratic ran for 0.05 secs (0.046u,0.003s) (success)
Params: 0-nm= 58 , 1-n= 58 , 2-m= 1
Tactic call cps+simpl-regression-quadratic ran for 0.005 secs (0.005u,0.s) (success)
Params: 0-nm= 68 , 1-n= 1 , 2-m= 68
Tactic call cps+simpl-regression-quadratic ran for 0.014 secs (0.014u,0.s) (success)
Params: 0-nm= 68 , 1-n= 68 , 2-m= 1
Tactic call cps+simpl-regression-quadratic ran for 0.007 secs (0.007u,0.s) (success)
Params: 0-nm= 72 , 1-n= 8 , 2-m= 9
Tactic call cps+simpl-regression-quadratic ran for 0.003 secs (0.003u,0.s) (success)
Params: 0-nm= 79 , 1-n= 1 , 2-m= 79
Tactic call cps+simpl-regression-quadratic ran for 0.017 secs (0.017u,0.s) (success)
Params: 0-nm= 79 , 1-n= 79 , 2-m= 1
Tactic call cps+simpl-regression-quadratic ran for 0.008 secs (0.008u,0.s) (success)
Params: 0-nm= 89 , 1-n= 1 , 2-m= 89
Tactic call cps+simpl-regression-quadratic ran for 0.022 secs (0.022u,0.s) (success)
Params: 0-nm= 89 , 1-n= 89 , 2-m= 1
Tactic call cps+simpl-regression-quadratic ran for 0.009 secs (0.009u,0.s) (success)
Params: 0-nm= 90 , 1-n= 9 , 2-m= 10
Tactic call cps+simpl-regression-quadratic ran for 0.004 secs (0.004u,0.s) (success)
Params: 0-nm= 99 , 1-n= 1 , 2-m= 99
Tactic call cps+simpl-regression-quadratic ran for 0.025 secs (0.025u,0.s) (success)
Params: 0-nm= 99 , 1-n= 99 , 2-m= 1
Tactic call cps+simpl-regression-quadratic ran for 0.012 secs (0.012u,0.s) (success)
Params: 0-nm= 110 , 1-n= 1 , 2-m= 110
Tactic call cps+simpl-regression-quadratic ran for 0.03 secs (0.03u,0.s) (success)
Params: 0-nm= 110 , 1-n= 10 , 2-m= 11
Tactic call cps+simpl-regression-quadratic ran for 0.007 secs (0.007u,0.s) (success)
Params: 0-nm= 110 , 1-n= 110 , 2-m= 1
Tactic call cps+simpl-regression-quadratic ran for 0.014 secs (0.014u,0.s) (success)
Params: 0-nm= 120 , 1-n= 1 , 2-m= 120
Tactic call cps+simpl-regression-quadratic ran for 0.034 secs (0.034u,0.s) (success)
Params: 0-nm= 120 , 1-n= 120 , 2-m= 1
Tactic call cps+simpl-regression-quadratic ran for 0.016 secs (0.016u,0.s) (success)
Params: 0-nm= 131 , 1-n= 1 , 2-m= 131
Tactic call cps+simpl-regression-quadratic ran for 0.041 secs (0.041u,0.s) (success)
Params: 0-nm= 131 , 1-n= 131 , 2-m= 1
Tactic call cps+simpl-regression-quadratic ran for 0.021 secs (0.021u,0.s) (success)
Params: 0-nm= 132 , 1-n= 11 , 2-m= 12
Tactic call cps+simpl-regression-quadratic ran for 0.007 secs (0.007u,0.s) (success)
Params: 0-nm= 141 , 1-n= 1 , 2-m= 141
Tactic call cps+simpl-regression-quadratic ran for 0.045 secs (0.045u,0.s) (success)
Params: 0-nm= 141 , 1-n= 141 , 2-m= 1
Tactic call cps+simpl-regression-quadratic ran for 0.022 secs (0.022u,0.s) (success)
Params: 0-nm= 151 , 1-n= 1 , 2-m= 151
Tactic call cps+simpl-regression-quadratic ran for 0.05 secs (0.05u,0.s) (success)
Params: 0-nm= 151 , 1-n= 151 , 2-m= 1
Tactic call cps+simpl-regression-quadratic ran for 0.023 secs (0.023u,0.s) (success)
Params: 0-nm= 156 , 1-n= 12 , 2-m= 13
Tactic call cps+simpl-regression-quadratic ran for 0.008 secs (0.008u,0.s) (success)
Params: 0-nm= 162 , 1-n= 1 , 2-m= 162
Tactic call cps+simpl-regression-quadratic ran for 0.057 secs (0.057u,0.s) (success)
Params: 0-nm= 162 , 1-n= 162 , 2-m= 1
Tactic call cps+simpl-regression-quadratic ran for 0.027 secs (0.027u,0.s) (success)
Params: 0-nm= 172 , 1-n= 1 , 2-m= 172
Tactic call cps+simpl-regression-quadratic ran for 0.061 secs (0.061u,0.s) (success)
Params: 0-nm= 172 , 1-n= 172 , 2-m= 1
Tactic call cps+simpl-regression-quadratic ran for 0.028 secs (0.028u,0.s) (success)
Params: 0-nm= 182 , 1-n= 13 , 2-m= 14
Tactic call cps+simpl-regression-quadratic ran for 0.012 secs (0.012u,0.s) (success)
Params: 0-nm= 182 , 1-n= 1 , 2-m= 182
Tactic call cps+simpl-regression-quadratic ran for 0.066 secs (0.066u,0.s) (success)
Params: 0-nm= 182 , 1-n= 182 , 2-m= 1
Tactic call cps+simpl-regression-quadratic ran for 0.03 secs (0.03u,0.s) (success)
Params: 0-nm= 193 , 1-n= 1 , 2-m= 193
Tactic call cps+simpl-regression-quadratic ran for 0.076 secs (0.076u,0.s) (success)
Params: 0-nm= 193 , 1-n= 193 , 2-m= 1
Tactic call cps+simpl-regression-quadratic ran for 0.04 secs (0.04u,0.s) (success)
Params: 0-nm= 203 , 1-n= 1 , 2-m= 203
Tactic call cps+simpl-regression-quadratic ran for 0.086 secs (0.086u,0.s) (success)
Params: 0-nm= 203 , 1-n= 203 , 2-m= 1
Tactic call cps+simpl-regression-quadratic ran for 0.042 secs (0.042u,0.s) (success)
Params: 0-nm= 210 , 1-n= 14 , 2-m= 15
Tactic call cps+simpl-regression-quadratic ran for 0.011 secs (0.011u,0.s) (success)
Params: 0-nm= 214 , 1-n= 1 , 2-m= 214
Tactic call cps+simpl-regression-quadratic ran for 0.089 secs (0.089u,0.s) (success)
Params: 0-nm= 214 , 1-n= 214 , 2-m= 1
Tactic call cps+simpl-regression-quadratic ran for 0.043 secs (0.043u,0.s) (success)
Params: 0-nm= 224 , 1-n= 1 , 2-m= 224
Tactic call cps+simpl-regression-quadratic ran for 0.103 secs (0.103u,0.s) (success)
Params: 0-nm= 224 , 1-n= 224 , 2-m= 1
Tactic call cps+simpl-regression-quadratic ran for 0.047 secs (0.047u,0.s) (success)
Params: 0-nm= 234 , 1-n= 1 , 2-m= 234
Tactic call cps+simpl-regression-quadratic ran for 0.104 secs (0.104u,0.s) (success)
Params: 0-nm= 234 , 1-n= 234 , 2-m= 1
Tactic call cps+simpl-regression-quadratic ran for 0.048 secs (0.048u,0.s) (success)
Params: 0-nm= 240 , 1-n= 15 , 2-m= 16
Tactic call cps+simpl-regression-quadratic ran for 0.013 secs (0.013u,0.s) (success)
Params: 0-nm= 245 , 1-n= 1 , 2-m= 245
Tactic call cps+simpl-regression-quadratic ran for 0.113 secs (0.113u,0.s) (success)
Params: 0-nm= 245 , 1-n= 245 , 2-m= 1
Tactic call cps+simpl-regression-quadratic ran for 0.05 secs (0.05u,0.s) (success)
Params: 0-nm= 255 , 1-n= 1 , 2-m= 255
Tactic call cps+simpl-regression-quadratic ran for 0.117 secs (0.117u,0.s) (success)
Params: 0-nm= 255 , 1-n= 255 , 2-m= 1
Tactic call cps+simpl-regression-quadratic ran for 0.052 secs (0.052u,0.s) (success)
Params: 0-nm= 291 , 1-n= 1 , 2-m= 291
Tactic call cps+simpl-regression-quadratic ran for 0.162 secs (0.162u,0.s) (success)
Params: 0-nm= 291 , 1-n= 291 , 2-m= 1
Tactic call cps+simpl-regression-quadratic ran for 0.078 secs (0.078u,0.s) (success)
Params: 0-nm= 306 , 1-n= 17 , 2-m= 18
Tactic call cps+simpl-regression-quadratic ran for 0.017 secs (0.017u,0.s) (success)
Params: 0-nm= 328 , 1-n= 1 , 2-m= 328
Tactic call cps+simpl-regression-quadratic ran for 0.192 secs (0.192u,0.s) (success)
Params: 0-nm= 328 , 1-n= 328 , 2-m= 1
Tactic call cps+simpl-regression-quadratic ran for 0.094 secs (0.094u,0.s) (success)
Params: 0-nm= 342 , 1-n= 18 , 2-m= 19
Tactic call cps+simpl-regression-quadratic ran for 0.019 secs (0.019u,0.s) (success)
Params: 0-nm= 364 , 1-n= 1 , 2-m= 364
Tactic call cps+simpl-regression-quadratic ran for 0.227 secs (0.227u,0.s) (success)
Params: 0-nm= 364 , 1-n= 364 , 2-m= 1
Tactic call cps+simpl-regression-quadratic ran for 0.103 secs (0.103u,0.s) (success)
Params: 0-nm= 380 , 1-n= 19 , 2-m= 20
Tactic call cps+simpl-regression-quadratic ran for 0.021 secs (0.021u,0.s) (success)
Params: 0-nm= 400 , 1-n= 1 , 2-m= 400
Tactic call cps+simpl-regression-quadratic ran for 0.27 secs (0.266u,0.003s) (success)
Params: 0-nm= 400 , 1-n= 20 , 2-m= 20
Tactic call cps+simpl-regression-quadratic ran for 0.025 secs (0.025u,0.s) (success)
Params: 0-nm= 400 , 1-n= 400 , 2-m= 1
Tactic call cps+simpl-regression-quadratic ran for 0.156 secs (0.156u,0.s) (success)
Params: 0-nm= 436 , 1-n= 1 , 2-m= 436
Tactic call cps+simpl-regression-quadratic ran for 0.346 secs (0.346u,0.s) (success)
Params: 0-nm= 436 , 1-n= 436 , 2-m= 1
Tactic call cps+simpl-regression-quadratic ran for 0.167 secs (0.167u,0.s) (success)
Params: 0-nm= 462 , 1-n= 21 , 2-m= 22
Tactic call cps+simpl-regression-quadratic ran for 0.027 secs (0.027u,0.s) (success)
Params: 0-nm= 473 , 1-n= 1 , 2-m= 473
Tactic call cps+simpl-regression-quadratic ran for 0.379 secs (0.379u,0.s) (success)
Params: 0-nm= 473 , 1-n= 473 , 2-m= 1
Tactic call cps+simpl-regression-quadratic ran for 0.173 secs (0.173u,0.s) (success)
Params: 0-nm= 506 , 1-n= 22 , 2-m= 23
Tactic call cps+simpl-regression-quadratic ran for 0.03 secs (0.03u,0.s) (success)
Params: 0-nm= 509 , 1-n= 1 , 2-m= 509
Tactic call cps+simpl-regression-quadratic ran for 0.394 secs (0.394u,0.s) (success)
Params: 0-nm= 509 , 1-n= 509 , 2-m= 1
Tactic call cps+simpl-regression-quadratic ran for 0.183 secs (0.183u,0.s) (success)
Params: 0-nm= 636 , 1-n= 1 , 2-m= 636
Tactic call cps+simpl-regression-quadratic ran for 0.612 secs (0.608u,0.003s) (success)
Params: 0-nm= 636 , 1-n= 636 , 2-m= 1
Tactic call cps+simpl-regression-quadratic ran for 0.311 secs (0.307u,0.003s) (success)
Params: 0-nm= 650 , 1-n= 25 , 2-m= 26
Tactic call cps+simpl-regression-quadratic ran for 0.049 secs (0.049u,0.s) (success)
Params: 0-nm= 756 , 1-n= 27 , 2-m= 28
Tactic call cps+simpl-regression-quadratic ran for 0.048 secs (0.048u,0.s) (success)
Params: 0-nm= 763 , 1-n= 1 , 2-m= 763
Tactic call cps+simpl-regression-quadratic ran for 0.857 secs (0.857u,0.s) (success)
Params: 0-nm= 763 , 1-n= 763 , 2-m= 1
Tactic call cps+simpl-regression-quadratic ran for 0.384 secs (0.38u,0.003s) (success)
Params: 0-nm= 870 , 1-n= 29 , 2-m= 30
Tactic call cps+simpl-regression-quadratic ran for 0.061 secs (0.061u,0.s) (success)
Params: 0-nm= 890 , 1-n= 1 , 2-m= 890
Tactic call cps+simpl-regression-quadratic ran for 1.144 secs (1.14u,0.004s) (success)
Params: 0-nm= 890 , 1-n= 890 , 2-m= 1
Tactic call cps+simpl-regression-quadratic ran for 0.627 secs (0.619u,0.007s) (success)
Params: 0-nm= 992 , 1-n= 31 , 2-m= 32
Tactic call cps+simpl-regression-quadratic ran for 0.124 secs (0.124u,0.s) (success)
Params: 0-nm= 1017 , 1-n= 1 , 2-m= 1017
Tactic call cps+simpl-regression-quadratic ran for 1.517 secs (1.517u,0.s) (success)
Params: 0-nm= 1017 , 1-n= 1017 , 2-m= 1
Tactic call cps+simpl-regression-quadratic ran for 0.723 secs (0.715u,0.007s) (success)
Params: 0-nm= 1526 , 1-n= 1 , 2-m= 1526
Tactic call cps+simpl-regression-quadratic ran for 3.192 secs (3.192u,0.s) (success)
Params: 0-nm= 1526 , 1-n= 1526 , 2-m= 1
Tactic call cps+simpl-regression-quadratic ran for 1.589 secs (1.585u,0.003s) (success)
Params: 0-nm= 1560 , 1-n= 39 , 2-m= 40
Tactic call cps+simpl-regression-quadratic ran for 0.117 secs (0.117u,0.s) (success)
Params: 0-nm= 2034 , 1-n= 1 , 2-m= 2034
Tactic call cps+simpl-regression-quadratic ran for 5.666 secs (5.666u,0.s) (success)
Params: 0-nm= 2034 , 1-n= 2034 , 2-m= 1
Tactic call cps+simpl-regression-quadratic ran for 2.882 secs (2.854u,0.027s) (success)
Params: 0-nm= 2070 , 1-n= 45 , 2-m= 46
Tactic call cps+simpl-regression-quadratic ran for 0.174 secs (0.174u,0.s) (success)
