Params: n= 50
Tactic call build-thunk-regression-linear ran for 0.003 secs (0.003u,0.s) (success)
Tactic call eval-thunk-regression-linear ran for 0. secs (0.u,0.s) (success)
Tactic call build-eval-thunk-regression-linear ran for 0.004 secs (0.004u,0.s) (success)
Tactic call build-I-regression-linear ran for 0. secs (0.u,0.s) (success)
Tactic call check-I-regression-linear ran for 0. secs (0.u,0.s) (success)
Tactic call type-I-regression-linear ran for 0. secs (0.u,0.s) (success)
Tactic call build-admit-regression-linear ran for 0. secs (0.u,0.s) (success)
Tactic call check-admit-regression-quadratic ran for 0. secs (0.u,0.s) (success)
Tactic call type-admit-regression-quadratic ran for 0. secs (0.u,0.s) (success)
Tactic call build-admit-cast-regression-linear ran for 0. secs (0.u,0.s) (success)
Tactic call check-admit-cast-regression-quadratic ran for 0.001 secs (0.001u,0.s) (success)
Tactic call type-admit-cast-regression-quadratic ran for 0.001 secs (0.001u,0.s) (success)
Tactic call build-pf-cast-regression-linear ran for 0. secs (0.u,0.s) (success)
Tactic call check-pf-cast-regression-quadratic ran for 0.001 secs (0.001u,0.s) (success)
Tactic call type-pf-cast-regression-quadratic ran for 0.001 secs (0.001u,0.s) (success)
Tactic call refine-regression-quadratic-regression-linear ran for 0.001 secs (0.001u,0.s) (success)
Tactic call fast_rewrite-regression-quadratic ran for 0.014 secs (0.013u,0.s) (success)
Tactic call abstract-regression-quadratic ran for 0.016 secs (0.016u,0.s) (success)
Tactic call close-abstract-regression-quadratic ran for 0.002 secs (0.002u,0.s)
Params: n= 100
Tactic call build-thunk-regression-linear ran for 0.045 secs (0.045u,0.s) (success)
Tactic call eval-thunk-regression-linear ran for 0. secs (0.u,0.s) (success)
Tactic call build-eval-thunk-regression-linear ran for 0.046 secs (0.046u,0.s) (success)
Tactic call build-I-regression-linear ran for 0. secs (0.u,0.s) (success)
Tactic call check-I-regression-linear ran for 0.001 secs (0.001u,0.s) (success)
Tactic call type-I-regression-linear ran for 0.001 secs (0.001u,0.s) (success)
Tactic call build-admit-regression-linear ran for 0. secs (0.u,0.s) (success)
Tactic call check-admit-regression-quadratic ran for 0.002 secs (0.002u,0.s) (success)
Tactic call type-admit-regression-quadratic ran for 0.002 secs (0.002u,0.s) (success)
Tactic call build-admit-cast-regression-linear ran for 0. secs (0.u,0.s) (success)
Tactic call check-admit-cast-regression-quadratic ran for 0.002 secs (0.002u,0.s) (success)
Tactic call type-admit-cast-regression-quadratic ran for 0.002 secs (0.002u,0.s) (success)
Tactic call build-pf-cast-regression-linear ran for 0. secs (0.u,0.s) (success)
Tactic call check-pf-cast-regression-quadratic ran for 0.002 secs (0.002u,0.s) (success)
Tactic call type-pf-cast-regression-quadratic ran for 0.002 secs (0.002u,0.s) (success)
Tactic call refine-regression-quadratic-regression-linear ran for 0.002 secs (0.002u,0.s) (success)
Tactic call fast_rewrite-regression-quadratic ran for 0.064 secs (0.064u,0.s) (success)
Tactic call abstract-regression-quadratic ran for 0.069 secs (0.069u,0.s) (success)
Tactic call close-abstract-regression-quadratic ran for 0.004 secs (0.004u,0.s)
Params: n= 150
Tactic call build-thunk-regression-linear ran for 0.008 secs (0.008u,0.s) (success)
Tactic call eval-thunk-regression-linear ran for 0. secs (0.u,0.s) (success)
Tactic call build-eval-thunk-regression-linear ran for 0.008 secs (0.008u,0.s) (success)
Tactic call build-I-regression-linear ran for 0. secs (0.u,0.s) (success)
Tactic call check-I-regression-linear ran for 0.001 secs (0.001u,0.s) (success)
Tactic call type-I-regression-linear ran for 0.003 secs (0.u,0.003s) (success)
Tactic call build-admit-regression-linear ran for 0. secs (0.u,0.s) (success)
Tactic call check-admit-regression-quadratic ran for 0.004 secs (0.004u,0.s) (success)
Tactic call type-admit-regression-quadratic ran for 0.004 secs (0.004u,0.s) (success)
Tactic call build-admit-cast-regression-linear ran for 0. secs (0.u,0.s) (success)
Tactic call check-admit-cast-regression-quadratic ran for 0.004 secs (0.004u,0.s) (success)
Tactic call type-admit-cast-regression-quadratic ran for 0.004 secs (0.004u,0.s) (success)
Tactic call build-pf-cast-regression-linear ran for 0. secs (0.u,0.s) (success)
Tactic call check-pf-cast-regression-quadratic ran for 0.004 secs (0.004u,0.s) (success)
Tactic call type-pf-cast-regression-quadratic ran for 0.004 secs (0.004u,0.s) (success)
Tactic call refine-regression-quadratic-regression-linear ran for 0.005 secs (0.005u,0.s) (success)
Tactic call fast_rewrite-regression-quadratic ran for 0.05 secs (0.046u,0.003s) (success)
Tactic call abstract-regression-quadratic ran for 0.059 secs (0.055u,0.003s) (success)
Tactic call close-abstract-regression-quadratic ran for 0.009 secs (0.009u,0.s)
Params: n= 200
Tactic call build-thunk-regression-linear ran for 0.015 secs (0.015u,0.s) (success)
Tactic call eval-thunk-regression-linear ran for 0. secs (0.u,0.s) (success)
Tactic call build-eval-thunk-regression-linear ran for 0.015 secs (0.015u,0.s) (success)
Tactic call build-I-regression-linear ran for 0. secs (0.u,0.s) (success)
Tactic call check-I-regression-linear ran for 0.002 secs (0.002u,0.s) (success)
Tactic call type-I-regression-linear ran for 0.002 secs (0.001u,0.s) (success)
Tactic call build-admit-regression-linear ran for 0. secs (0.u,0.s) (success)
Tactic call check-admit-regression-quadratic ran for 0.006 secs (0.006u,0.s) (success)
Tactic call type-admit-regression-quadratic ran for 0.006 secs (0.006u,0.s) (success)
Tactic call build-admit-cast-regression-linear ran for 0. secs (0.u,0.s) (success)
Tactic call check-admit-cast-regression-quadratic ran for 0.007 secs (0.007u,0.s) (success)
Tactic call type-admit-cast-regression-quadratic ran for 0.006 secs (0.006u,0.s) (success)
Tactic call build-pf-cast-regression-linear ran for 0. secs (0.u,0.s) (success)
Tactic call check-pf-cast-regression-quadratic ran for 0.006 secs (0.006u,0.s) (success)
Tactic call type-pf-cast-regression-quadratic ran for 0.006 secs (0.006u,0.s) (success)
Tactic call refine-regression-quadratic-regression-linear ran for 0.006 secs (0.006u,0.s) (success)
Tactic call fast_rewrite-regression-quadratic ran for 0.067 secs (0.067u,0.s) (success)
Tactic call abstract-regression-quadratic ran for 0.083 secs (0.083u,0.s) (success)
Tactic call close-abstract-regression-quadratic ran for 0.015 secs (0.015u,0.s)
Params: n= 250
Tactic call build-thunk-regression-linear ran for 0.013 secs (0.013u,0.s) (success)
Tactic call eval-thunk-regression-linear ran for 0. secs (0.u,0.s) (success)
Tactic call build-eval-thunk-regression-linear ran for 0.014 secs (0.014u,0.s) (success)
Tactic call build-I-regression-linear ran for 0.001 secs (0.001u,0.s) (success)
Tactic call check-I-regression-linear ran for 0.002 secs (0.002u,0.s) (success)
Tactic call type-I-regression-linear ran for 0.002 secs (0.002u,0.s) (success)
Tactic call build-admit-regression-linear ran for 0.001 secs (0.001u,0.s) (success)
Tactic call check-admit-regression-quadratic ran for 0.011 secs (0.011u,0.s) (success)
Tactic call type-admit-regression-quadratic ran for 0.012 secs (0.012u,0.s) (success)
Tactic call build-admit-cast-regression-linear ran for 0.001 secs (0.001u,0.s) (success)
Tactic call check-admit-cast-regression-quadratic ran for 0.012 secs (0.012u,0.s) (success)
Tactic call type-admit-cast-regression-quadratic ran for 0.011 secs (0.011u,0.s) (success)
Tactic call build-pf-cast-regression-linear ran for 0.001 secs (0.001u,0.s) (success)
Tactic call check-pf-cast-regression-quadratic ran for 0.012 secs (0.012u,0.s) (success)
Tactic call type-pf-cast-regression-quadratic ran for 0.011 secs (0.011u,0.s) (success)
Tactic call refine-regression-quadratic-regression-linear ran for 0.009 secs (0.009u,0.s) (success)
Tactic call fast_rewrite-regression-quadratic ran for 0.104 secs (0.104u,0.s) (success)
Tactic call abstract-regression-quadratic ran for 0.127 secs (0.127u,0.s) (success)
Tactic call close-abstract-regression-quadratic ran for 0.022 secs (0.022u,0.s)
Params: n= 300
Tactic call build-thunk-regression-linear ran for 0.018 secs (0.018u,0.s) (success)
Tactic call eval-thunk-regression-linear ran for 0. secs (0.u,0.s) (success)
Tactic call build-eval-thunk-regression-linear ran for 0.018 secs (0.018u,0.s) (success)
Tactic call build-I-regression-linear ran for 0.001 secs (0.001u,0.s) (success)
Tactic call check-I-regression-linear ran for 0.003 secs (0.003u,0.s) (success)
Tactic call type-I-regression-linear ran for 0.003 secs (0.003u,0.s) (success)
Tactic call build-admit-regression-linear ran for 0.001 secs (0.001u,0.s) (success)
Tactic call check-admit-regression-quadratic ran for 0.014 secs (0.014u,0.s) (success)
Tactic call type-admit-regression-quadratic ran for 0.015 secs (0.015u,0.s) (success)
Tactic call build-admit-cast-regression-linear ran for 0.001 secs (0.001u,0.s) (success)
Tactic call check-admit-cast-regression-quadratic ran for 0.017 secs (0.017u,0.s) (success)
Tactic call type-admit-cast-regression-quadratic ran for 0.014 secs (0.014u,0.s) (success)
Tactic call build-pf-cast-regression-linear ran for 0.001 secs (0.001u,0.s) (success)
Tactic call check-pf-cast-regression-quadratic ran for 0.014 secs (0.014u,0.s) (success)
Tactic call type-pf-cast-regression-quadratic ran for 0.012 secs (0.012u,0.s) (success)
Tactic call refine-regression-quadratic-regression-linear ran for 0.016 secs (0.016u,0.s) (success)
Tactic call fast_rewrite-regression-quadratic ran for 0.136 secs (0.136u,0.s) (success)
Tactic call abstract-regression-quadratic ran for 0.167 secs (0.163u,0.004s) (success)
Tactic call close-abstract-regression-quadratic ran for 0.03 secs (0.026u,0.004s)
Params: n= 350
Tactic call build-thunk-regression-linear ran for 0.02 secs (0.02u,0.s) (success)
Tactic call eval-thunk-regression-linear ran for 0. secs (0.u,0.s) (success)
Tactic call build-eval-thunk-regression-linear ran for 0.02 secs (0.02u,0.s) (success)
Tactic call build-I-regression-linear ran for 0.001 secs (0.001u,0.s) (success)
Tactic call check-I-regression-linear ran for 0.003 secs (0.003u,0.s) (success)
Tactic call type-I-regression-linear ran for 0.003 secs (0.003u,0.s) (success)
Tactic call build-admit-regression-linear ran for 0.004 secs (0.004u,0.s) (success)
Tactic call check-admit-regression-quadratic ran for 0.018 secs (0.018u,0.s) (success)
Tactic call type-admit-regression-quadratic ran for 0.019 secs (0.019u,0.s) (success)
Tactic call build-admit-cast-regression-linear ran for 0.001 secs (0.001u,0.s) (success)
Tactic call check-admit-cast-regression-quadratic ran for 0.02 secs (0.02u,0.s) (success)
Tactic call type-admit-cast-regression-quadratic ran for 0.02 secs (0.02u,0.s) (success)
Tactic call build-pf-cast-regression-linear ran for 0.001 secs (0.001u,0.s) (success)
Tactic call check-pf-cast-regression-quadratic ran for 0.02 secs (0.02u,0.s) (success)
Tactic call type-pf-cast-regression-quadratic ran for 0.02 secs (0.02u,0.s) (success)
Tactic call refine-regression-quadratic-regression-linear ran for 0.02 secs (0.02u,0.s) (success)
Tactic call fast_rewrite-regression-quadratic ran for 0.179 secs (0.179u,0.s) (success)
Tactic call abstract-regression-quadratic ran for 0.219 secs (0.219u,0.s) (success)
Tactic call close-abstract-regression-quadratic ran for 0.04 secs (0.04u,0.s)
Params: n= 400
Tactic call build-thunk-regression-linear ran for 0.029 secs (0.029u,0.s) (success)
Tactic call eval-thunk-regression-linear ran for 0. secs (0.u,0.s) (success)
Tactic call build-eval-thunk-regression-linear ran for 0.03 secs (0.03u,0.s) (success)
Tactic call build-I-regression-linear ran for 0.001 secs (0.001u,0.s) (success)
Tactic call check-I-regression-linear ran for 0.004 secs (0.004u,0.s) (success)
Tactic call type-I-regression-linear ran for 0.004 secs (0.004u,0.s) (success)
Tactic call build-admit-regression-linear ran for 0.001 secs (0.001u,0.s) (success)
Tactic call check-admit-regression-quadratic ran for 0.027 secs (0.027u,0.s) (success)
Tactic call type-admit-regression-quadratic ran for 0.025 secs (0.025u,0.s) (success)
Tactic call build-admit-cast-regression-linear ran for 0.001 secs (0.001u,0.s) (success)
Tactic call check-admit-cast-regression-quadratic ran for 0.025 secs (0.025u,0.s) (success)
Tactic call type-admit-cast-regression-quadratic ran for 0.021 secs (0.021u,0.s) (success)
Tactic call build-pf-cast-regression-linear ran for 0.001 secs (0.001u,0.s) (success)
Tactic call check-pf-cast-regression-quadratic ran for 0.029 secs (0.029u,0.s) (success)
Tactic call type-pf-cast-regression-quadratic ran for 0.021 secs (0.021u,0.s) (success)
Tactic call refine-regression-quadratic-regression-linear ran for 0.028 secs (0.028u,0.s) (success)
Tactic call fast_rewrite-regression-quadratic ran for 0.224 secs (0.224u,0.s) (success)
Tactic call abstract-regression-quadratic ran for 0.282 secs (0.282u,0.s) (success)
Tactic call close-abstract-regression-quadratic ran for 0.057 secs (0.057u,0.s)
