Params: n= 116
native_compute: Conversion to native code done in 0.00015
native_compute: Compilation done in 0.08645
native_compute: Evaluation done in 0.00044
native_compute: Reification done in 0.00016
Tactic call native_compute(1)-regression-quadratic ran for 0.191 secs (0.07u,0.035s) (success)
native_compute: Conversion to native code done in 0.00015
native_compute: Compilation done in 0.08716
native_compute: Evaluation done in 0.00045
native_compute: Reification done in 0.00016
Tactic call native_compute(2)-regression-quadratic ran for 0.088 secs (0.u,0.001s) (success)
Params: n= 229
native_compute: Conversion to native code done in 0.00013
native_compute: Compilation done in 0.08618
native_compute: Evaluation done in 0.00057
native_compute: Reification done in 0.00025
Tactic call native_compute(1)-regression-quadratic ran for 0.087 secs (0.001u,0.s) (success)
native_compute: Conversion to native code done in 0.00019
native_compute: Compilation done in 0.08694
native_compute: Evaluation done in 0.00058
native_compute: Reification done in 0.00025
Tactic call native_compute(2)-regression-quadratic ran for 0.088 secs (0.001u,0.s) (success)
Params: n= 343
native_compute: Conversion to native code done in 0.00013
native_compute: Compilation done in 0.08724
native_compute: Evaluation done in 0.00077
native_compute: Reification done in 0.00033
Tactic call native_compute(1)-regression-quadratic ran for 0.088 secs (0.002u,0.s) (success)
native_compute: Conversion to native code done in 0.00015
native_compute: Compilation done in 0.08707
native_compute: Evaluation done in 0.00076
native_compute: Reification done in 0.00034
Tactic call native_compute(2)-regression-quadratic ran for 0.088 secs (0.002u,0.s) (success)
Params: n= 456
native_compute: Conversion to native code done in 0.00013
native_compute: Compilation done in 0.08937
native_compute: Evaluation done in 0.00100
native_compute: Reification done in 0.00043
Tactic call native_compute(1)-regression-quadratic ran for 0.091 secs (0.001u,0.s) (success)
native_compute: Conversion to native code done in 0.00016
native_compute: Compilation done in 0.08832
native_compute: Evaluation done in 0.00108
native_compute: Reification done in 0.00045
Tactic call native_compute(2)-regression-quadratic ran for 0.09 secs (0.002u,0.s) (success)
Params: n= 570
native_compute: Conversion to native code done in 0.00014
native_compute: Compilation done in 0.08680
native_compute: Evaluation done in 0.00128
native_compute: Reification done in 0.00052
Tactic call native_compute(1)-regression-quadratic ran for 0.088 secs (0.002u,0.s) (success)
native_compute: Conversion to native code done in 0.00015
native_compute: Compilation done in 0.08678
native_compute: Evaluation done in 0.00128
native_compute: Reification done in 0.00051
Tactic call native_compute(2)-regression-quadratic ran for 0.088 secs (0.002u,0.s) (success)
Params: n= 684
native_compute: Conversion to native code done in 0.00016
native_compute: Compilation done in 0.08649
native_compute: Evaluation done in 0.00183
native_compute: Reification done in 0.00062
Tactic call native_compute(1)-regression-quadratic ran for 0.089 secs (0.003u,0.s) (success)
native_compute: Conversion to native code done in 0.00015
native_compute: Compilation done in 0.08584
native_compute: Evaluation done in 0.00166
native_compute: Reification done in 0.00062
Tactic call native_compute(2)-regression-quadratic ran for 0.088 secs (0.003u,0.s) (success)
Params: n= 797
native_compute: Conversion to native code done in 0.00013
native_compute: Compilation done in 0.08595
native_compute: Evaluation done in 0.00202
native_compute: Reification done in 0.00070
Tactic call native_compute(1)-regression-quadratic ran for 0.088 secs (0.003u,0.s) (success)
native_compute: Conversion to native code done in 0.00016
native_compute: Compilation done in 0.08573
native_compute: Evaluation done in 0.01561
native_compute: Reification done in 0.00071
Tactic call native_compute(2)-regression-quadratic ran for 0.102 secs (0.017u,0.s) (success)
Params: n= 911
native_compute: Conversion to native code done in 0.00013
native_compute: Compilation done in 0.08747
native_compute: Evaluation done in 0.00252
native_compute: Reification done in 0.00080
Tactic call native_compute(1)-regression-quadratic ran for 0.091 secs (0.004u,0.s) (success)
native_compute: Conversion to native code done in 0.00016
native_compute: Compilation done in 0.08838
native_compute: Evaluation done in 0.00265
native_compute: Reification done in 0.00080
Tactic call native_compute(2)-regression-quadratic ran for 0.092 secs (0.004u,0.s) (success)
Params: n= 1025
native_compute: Conversion to native code done in 0.00013
native_compute: Compilation done in 0.08987
native_compute: Evaluation done in 0.00304
native_compute: Reification done in 0.00090
Tactic call native_compute(1)-regression-quadratic ran for 0.094 secs (0.005u,0.s) (success)
native_compute: Conversion to native code done in 0.00016
native_compute: Compilation done in 0.09010
native_compute: Evaluation done in 0.00309
native_compute: Reification done in 0.00088
Tactic call native_compute(2)-regression-quadratic ran for 0.094 secs (0.004u,0.s) (success)
Params: n= 1138
native_compute: Conversion to native code done in 0.00013
native_compute: Compilation done in 0.08920
native_compute: Evaluation done in 0.00362
native_compute: Reification done in 0.00101
Tactic call native_compute(1)-regression-quadratic ran for 0.094 secs (0.005u,0.s) (success)
native_compute: Conversion to native code done in 0.00016
native_compute: Compilation done in 0.08843
native_compute: Evaluation done in 0.00390
native_compute: Reification done in 0.00102
Tactic call native_compute(2)-regression-quadratic ran for 0.093 secs (0.005u,0.s) (success)
Params: n= 1252
native_compute: Conversion to native code done in 0.00013
native_compute: Compilation done in 0.08863
native_compute: Evaluation done in 0.00418
native_compute: Reification done in 0.00106
Tactic call native_compute(1)-regression-quadratic ran for 0.094 secs (0.006u,0.s) (success)
native_compute: Conversion to native code done in 0.00015
native_compute: Compilation done in 0.08856
native_compute: Evaluation done in 0.00420
native_compute: Reification done in 0.01238
Tactic call native_compute(2)-regression-quadratic ran for 0.105 secs (0.017u,0.s) (success)
Params: n= 1365
native_compute: Conversion to native code done in 0.00013
native_compute: Compilation done in 0.08764
native_compute: Evaluation done in 0.00509
native_compute: Reification done in 0.00155
Tactic call native_compute(1)-regression-quadratic ran for 0.094 secs (0.007u,0.s) (success)
native_compute: Conversion to native code done in 0.00016
native_compute: Compilation done in 0.08726
native_compute: Evaluation done in 0.00487
native_compute: Reification done in 0.00114
Tactic call native_compute(2)-regression-quadratic ran for 0.093 secs (0.007u,0.s) (success)
Params: n= 1479
native_compute: Conversion to native code done in 0.00013
native_compute: Compilation done in 0.08744
native_compute: Evaluation done in 0.00566
native_compute: Reification done in 0.00125
Tactic call native_compute(1)-regression-quadratic ran for 0.094 secs (0.008u,0.s) (success)
native_compute: Conversion to native code done in 0.00015
native_compute: Compilation done in 0.08653
native_compute: Evaluation done in 0.00557
native_compute: Reification done in 0.00122
Tactic call native_compute(2)-regression-quadratic ran for 0.093 secs (0.007u,0.s) (success)
Params: n= 1593
native_compute: Conversion to native code done in 0.00013
native_compute: Compilation done in 0.08756
native_compute: Evaluation done in 0.00645
native_compute: Reification done in 0.00134
Tactic call native_compute(1)-regression-quadratic ran for 0.095 secs (0.008u,0.s) (success)
native_compute: Conversion to native code done in 0.00016
native_compute: Compilation done in 0.09023
native_compute: Evaluation done in 0.00651
native_compute: Reification done in 0.00132
Tactic call native_compute(2)-regression-quadratic ran for 0.098 secs (0.008u,0.s) (success)
Params: n= 1706
native_compute: Conversion to native code done in 0.00013
native_compute: Compilation done in 0.08812
native_compute: Evaluation done in 0.00770
native_compute: Reification done in 0.00143
Tactic call native_compute(1)-regression-quadratic ran for 0.097 secs (0.007u,0.002s) (success)
native_compute: Conversion to native code done in 0.00016
native_compute: Compilation done in 0.08812
native_compute: Evaluation done in 0.00731
native_compute: Reification done in 0.00139
Tactic call native_compute(2)-regression-quadratic ran for 0.097 secs (0.009u,0.s) (success)
Params: n= 1820
native_compute: Conversion to native code done in 0.00013
native_compute: Compilation done in 0.08742
native_compute: Evaluation done in 0.00834
native_compute: Reification done in 0.00152
Tactic call native_compute(1)-regression-quadratic ran for 0.097 secs (0.008u,0.003s) (success)
native_compute: Conversion to native code done in 0.00015
native_compute: Compilation done in 0.08961
native_compute: Evaluation done in 0.01057
native_compute: Reification done in 0.00149
Tactic call native_compute(2)-regression-quadratic ran for 0.102 secs (0.013u,0.s) (success)
Params: n= 1933
native_compute: Conversion to native code done in 0.00013
native_compute: Compilation done in 0.08966
native_compute: Evaluation done in 0.00898
native_compute: Reification done in 0.00172
Tactic call native_compute(1)-regression-quadratic ran for 0.1 secs (0.012u,0.s) (success)
native_compute: Conversion to native code done in 0.00016
native_compute: Compilation done in 0.08834
native_compute: Evaluation done in 0.00904
native_compute: Reification done in 0.00159
Tactic call native_compute(2)-regression-quadratic ran for 0.099 secs (0.011u,0.s) (success)
Params: n= 2047
native_compute: Conversion to native code done in 0.00013
native_compute: Compilation done in 0.08920
native_compute: Evaluation done in 0.01557
native_compute: Reification done in 0.00167
Tactic call native_compute(1)-regression-quadratic ran for 0.106 secs (0.018u,0.s) (success)
native_compute: Conversion to native code done in 0.00018
native_compute: Compilation done in 0.08786
native_compute: Evaluation done in 0.01000
native_compute: Reification done in 0.00169
Tactic call native_compute(2)-regression-quadratic ran for 0.099 secs (0.009u,0.003s) (success)
Params: n= 2161
native_compute: Conversion to native code done in 0.00013
native_compute: Compilation done in 0.08879
native_compute: Evaluation done in 0.01145
native_compute: Reification done in 0.00177
Tactic call native_compute(1)-regression-quadratic ran for 0.102 secs (0.014u,0.s) (success)
native_compute: Conversion to native code done in 0.00016
native_compute: Compilation done in 0.09173
native_compute: Evaluation done in 0.01305
native_compute: Reification done in 0.00175
Tactic call native_compute(2)-regression-quadratic ran for 0.106 secs (0.012u,0.003s) (success)
Params: n= 2274
native_compute: Conversion to native code done in 0.00013
native_compute: Compilation done in 0.08978
native_compute: Evaluation done in 0.01233
native_compute: Reification done in 0.00185
Tactic call native_compute(1)-regression-quadratic ran for 0.104 secs (0.014u,0.s) (success)
native_compute: Conversion to native code done in 0.00016
native_compute: Compilation done in 0.08748
native_compute: Evaluation done in 0.01245
native_compute: Reification done in 0.00189
Tactic call native_compute(2)-regression-quadratic ran for 0.102 secs (0.015u,0.s) (success)
Params: n= 2388
native_compute: Conversion to native code done in 0.00013
native_compute: Compilation done in 0.08783
native_compute: Evaluation done in 0.02403
native_compute: Reification done in 0.00203
Tactic call native_compute(1)-regression-quadratic ran for 0.114 secs (0.027u,0.s) (success)
native_compute: Conversion to native code done in 0.00015
native_compute: Compilation done in 0.08906
native_compute: Evaluation done in 0.01355
native_compute: Reification done in 0.00199
Tactic call native_compute(2)-regression-quadratic ran for 0.104 secs (0.016u,0.s) (success)
Params: n= 2502
native_compute: Conversion to native code done in 0.00013
native_compute: Compilation done in 0.08964
native_compute: Evaluation done in 0.01495
native_compute: Reification done in 0.00208
Tactic call native_compute(1)-regression-quadratic ran for 0.107 secs (0.018u,0.s) (success)
native_compute: Conversion to native code done in 0.00015
native_compute: Compilation done in 0.09049
native_compute: Evaluation done in 0.01518
native_compute: Reification done in 0.00206
Tactic call native_compute(2)-regression-quadratic ran for 0.108 secs (0.018u,0.s) (success)
Params: n= 2615
native_compute: Conversion to native code done in 0.00013
native_compute: Compilation done in 0.08875
native_compute: Evaluation done in 0.01710
native_compute: Reification done in 0.00208
Tactic call native_compute(1)-regression-quadratic ran for 0.108 secs (0.02u,0.s) (success)
native_compute: Conversion to native code done in 0.00015
native_compute: Compilation done in 0.08903
native_compute: Evaluation done in 0.01647
native_compute: Reification done in 0.00210
Tactic call native_compute(2)-regression-quadratic ran for 0.107 secs (0.015u,0.003s) (success)
Params: n= 2729
native_compute: Conversion to native code done in 0.00017
native_compute: Compilation done in 0.08962
native_compute: Evaluation done in 0.09884
native_compute: Reification done in 0.00223
Tactic call native_compute(1)-regression-quadratic ran for 0.191 secs (0.102u,0.s) (success)
native_compute: Conversion to native code done in 0.00016
native_compute: Compilation done in 0.09049
native_compute: Evaluation done in 0.01771
native_compute: Reification done in 0.00230
Tactic call native_compute(2)-regression-quadratic ran for 0.11 secs (0.021u,0.s) (success)
Params: n= 2842
native_compute: Conversion to native code done in 0.00013
native_compute: Compilation done in 0.08986
native_compute: Evaluation done in 0.02015
native_compute: Reification done in 0.00235
Tactic call native_compute(1)-regression-quadratic ran for 0.112 secs (0.023u,0.s) (success)
native_compute: Conversion to native code done in 0.00015
native_compute: Compilation done in 0.09000
native_compute: Evaluation done in 0.01879
native_compute: Reification done in 0.00237
Tactic call native_compute(2)-regression-quadratic ran for 0.111 secs (0.022u,0.s) (success)
Params: n= 2956
native_compute: Conversion to native code done in 0.00013
native_compute: Compilation done in 0.09037
native_compute: Evaluation done in 0.06366
native_compute: Reification done in 0.00242
Tactic call native_compute(1)-regression-quadratic ran for 0.156 secs (0.064u,0.003s) (success)
native_compute: Conversion to native code done in 0.00016
native_compute: Compilation done in 0.08881
native_compute: Evaluation done in 0.02169
native_compute: Reification done in 0.00243
Tactic call native_compute(2)-regression-quadratic ran for 0.113 secs (0.024u,0.s) (success)
Params: n= 3070
native_compute: Conversion to native code done in 0.00013
native_compute: Compilation done in 0.08933
native_compute: Evaluation done in 0.02173
native_compute: Reification done in 0.00248
Tactic call native_compute(1)-regression-quadratic ran for 0.113 secs (0.026u,0.s) (success)
native_compute: Conversion to native code done in 0.00015
native_compute: Compilation done in 0.08870
native_compute: Evaluation done in 0.03264
native_compute: Reification done in 0.00254
Tactic call native_compute(2)-regression-quadratic ran for 0.124 secs (0.036u,0.s) (success)
Params: n= 3183
native_compute: Conversion to native code done in 0.00013
native_compute: Compilation done in 0.09189
native_compute: Evaluation done in 0.02341
native_compute: Reification done in 0.00255
Tactic call native_compute(1)-regression-quadratic ran for 0.118 secs (0.027u,0.s) (success)
native_compute: Conversion to native code done in 0.00016
native_compute: Compilation done in 0.08878
native_compute: Evaluation done in 0.02575
native_compute: Reification done in 0.00258
Tactic call native_compute(2)-regression-quadratic ran for 0.117 secs (0.029u,0.s) (success)
Params: n= 3297
native_compute: Conversion to native code done in 0.00013
native_compute: Compilation done in 0.08740
native_compute: Evaluation done in 0.02526
native_compute: Reification done in 0.00264
Tactic call native_compute(1)-regression-quadratic ran for 0.115 secs (0.028u,0.s) (success)
native_compute: Conversion to native code done in 0.00016
native_compute: Compilation done in 0.08793
native_compute: Evaluation done in 0.02649
native_compute: Reification done in 0.00261
Tactic call native_compute(2)-regression-quadratic ran for 0.117 secs (0.03u,0.s) (success)
Params: n= 3410
native_compute: Conversion to native code done in 0.00013
native_compute: Compilation done in 0.08906
native_compute: Evaluation done in 0.02729
native_compute: Reification done in 0.00271
Tactic call native_compute(1)-regression-quadratic ran for 0.119 secs (0.031u,0.s) (success)
native_compute: Conversion to native code done in 0.00016
native_compute: Compilation done in 0.08943
native_compute: Evaluation done in 0.03431
native_compute: Reification done in 0.00270
Tactic call native_compute(2)-regression-quadratic ran for 0.126 secs (0.038u,0.s) (success)
Params: n= 3524
native_compute: Conversion to native code done in 0.00013
native_compute: Compilation done in 0.08933
native_compute: Evaluation done in 0.03222
native_compute: Reification done in 0.00282
Tactic call native_compute(1)-regression-quadratic ran for 0.124 secs (0.036u,0.s) (success)
native_compute: Conversion to native code done in 0.00016
native_compute: Compilation done in 0.08945
native_compute: Evaluation done in 0.04001
native_compute: Reification done in 0.00288
Tactic call native_compute(2)-regression-quadratic ran for 0.132 secs (0.043u,0.s) (success)
Params: n= 3638
native_compute: Conversion to native code done in 0.00013
native_compute: Compilation done in 0.08893
native_compute: Evaluation done in 0.03009
native_compute: Reification done in 0.00302
Tactic call native_compute(1)-regression-quadratic ran for 0.122 secs (0.034u,0.s) (success)
native_compute: Conversion to native code done in 0.00016
native_compute: Compilation done in 0.08954
native_compute: Evaluation done in 0.03386
native_compute: Reification done in 0.00289
Tactic call native_compute(2)-regression-quadratic ran for 0.126 secs (0.037u,0.s) (success)
Params: n= 3751
native_compute: Conversion to native code done in 0.00013
native_compute: Compilation done in 0.08852
native_compute: Evaluation done in 0.03237
native_compute: Reification done in 0.08311
Tactic call native_compute(1)-regression-quadratic ran for 0.204 secs (0.116u,0.s) (success)
native_compute: Conversion to native code done in 0.00015
native_compute: Compilation done in 0.08942
native_compute: Evaluation done in 0.03134
native_compute: Reification done in 0.00303
Tactic call native_compute(2)-regression-quadratic ran for 0.124 secs (0.035u,0.s) (success)
Params: n= 3865
native_compute: Conversion to native code done in 0.00013
native_compute: Compilation done in 0.08769
native_compute: Evaluation done in 0.04155
native_compute: Reification done in 0.00320
Tactic call native_compute(1)-regression-quadratic ran for 0.132 secs (0.045u,0.s) (success)
native_compute: Conversion to native code done in 0.00016
native_compute: Compilation done in 0.08866
native_compute: Evaluation done in 0.07758
native_compute: Reification done in 0.00303
Tactic call native_compute(2)-regression-quadratic ran for 0.169 secs (0.078u,0.003s) (success)
Params: n= 3979
native_compute: Conversion to native code done in 0.00013
native_compute: Compilation done in 0.08946
native_compute: Evaluation done in 0.04379
native_compute: Reification done in 0.00324
Tactic call native_compute(1)-regression-quadratic ran for 0.136 secs (0.048u,0.s) (success)
native_compute: Conversion to native code done in 0.00015
native_compute: Compilation done in 0.09027
native_compute: Evaluation done in 0.04816
native_compute: Reification done in 0.00324
Tactic call native_compute(2)-regression-quadratic ran for 0.142 secs (0.052u,0.s) (success)
Params: n= 4092
native_compute: Conversion to native code done in 0.00013
native_compute: Compilation done in 0.08863
native_compute: Evaluation done in 0.04571
native_compute: Reification done in 0.00326
Tactic call native_compute(1)-regression-quadratic ran for 0.137 secs (0.049u,0.s) (success)
native_compute: Conversion to native code done in 0.00016
native_compute: Compilation done in 0.08754
native_compute: Evaluation done in 0.04106
native_compute: Reification done in 0.00323
Tactic call native_compute(2)-regression-quadratic ran for 0.132 secs (0.045u,0.s) (success)
Params: n= 4206
native_compute: Conversion to native code done in 0.00013
native_compute: Compilation done in 0.08735
native_compute: Evaluation done in 0.04485
native_compute: Reification done in 0.00336
Tactic call native_compute(1)-regression-quadratic ran for 0.135 secs (0.049u,0.s) (success)
native_compute: Conversion to native code done in 0.00016
native_compute: Compilation done in 0.08915
native_compute: Evaluation done in 0.04300
native_compute: Reification done in 0.00339
Tactic call native_compute(2)-regression-quadratic ran for 0.135 secs (0.047u,0.s) (success)
Params: n= 4319
native_compute: Conversion to native code done in 0.00013
native_compute: Compilation done in 0.08846
native_compute: Evaluation done in 0.04202
native_compute: Reification done in 0.00342
Tactic call native_compute(1)-regression-quadratic ran for 0.134 secs (0.046u,0.s) (success)
native_compute: Conversion to native code done in 0.00016
native_compute: Compilation done in 0.08863
native_compute: Evaluation done in 0.04695
native_compute: Reification done in 0.00344
Tactic call native_compute(2)-regression-quadratic ran for 0.139 secs (0.051u,0.s) (success)
Params: n= 4433
native_compute: Conversion to native code done in 0.00013
native_compute: Compilation done in 0.09019
native_compute: Evaluation done in 0.04520
native_compute: Reification done in 0.00345
Tactic call native_compute(1)-regression-quadratic ran for 0.139 secs (0.049u,0.s) (success)
native_compute: Conversion to native code done in 0.00015
native_compute: Compilation done in 0.08843
native_compute: Evaluation done in 0.04411
native_compute: Reification done in 0.00349
Tactic call native_compute(2)-regression-quadratic ran for 0.136 secs (0.045u,0.003s) (success)
Params: n= 4547
native_compute: Conversion to native code done in 0.00013
native_compute: Compilation done in 0.08744
native_compute: Evaluation done in 0.04767
native_compute: Reification done in 0.00358
Tactic call native_compute(1)-regression-quadratic ran for 0.139 secs (0.052u,0.s) (success)
native_compute: Conversion to native code done in 0.00016
native_compute: Compilation done in 0.08718
native_compute: Evaluation done in 0.04792
native_compute: Reification done in 0.00362
Tactic call native_compute(2)-regression-quadratic ran for 0.139 secs (0.048u,0.003s) (success)
Params: n= 4660
native_compute: Conversion to native code done in 0.00013
native_compute: Compilation done in 0.08849
native_compute: Evaluation done in 0.04976
native_compute: Reification done in 0.00366
Tactic call native_compute(1)-regression-quadratic ran for 0.142 secs (0.054u,0.s) (success)
native_compute: Conversion to native code done in 0.00016
native_compute: Compilation done in 0.08835
native_compute: Evaluation done in 0.05116
native_compute: Reification done in 0.00385
Tactic call native_compute(2)-regression-quadratic ran for 0.143 secs (0.055u,0.s) (success)
Params: n= 4774
native_compute: Conversion to native code done in 0.00013
native_compute: Compilation done in 0.08993
native_compute: Evaluation done in 0.05297
native_compute: Reification done in 0.00380
Tactic call native_compute(1)-regression-quadratic ran for 0.147 secs (0.057u,0.s) (success)
native_compute: Conversion to native code done in 0.00016
native_compute: Compilation done in 0.08875
native_compute: Evaluation done in 0.05199
native_compute: Reification done in 0.00378
Tactic call native_compute(2)-regression-quadratic ran for 0.144 secs (0.056u,0.s) (success)
Params: n= 4887
native_compute: Conversion to native code done in 0.00013
native_compute: Compilation done in 0.08922
native_compute: Evaluation done in 0.05580
native_compute: Reification done in 0.00380
Tactic call native_compute(1)-regression-quadratic ran for 0.149 secs (0.06u,0.s) (success)
native_compute: Conversion to native code done in 0.00015
native_compute: Compilation done in 0.08896
native_compute: Evaluation done in 0.05547
native_compute: Reification done in 0.00395
Tactic call native_compute(2)-regression-quadratic ran for 0.148 secs (0.06u,0.s) (success)
Params: n= 5001
native_compute: Conversion to native code done in 0.00013
native_compute: Compilation done in 0.08918
native_compute: Evaluation done in 0.05603
native_compute: Reification done in 0.00391
Tactic call native_compute(1)-regression-quadratic ran for 0.149 secs (0.061u,0.s) (success)
native_compute: Conversion to native code done in 0.00015
native_compute: Compilation done in 0.09067
native_compute: Evaluation done in 0.05656
native_compute: Reification done in 0.00396
Tactic call native_compute(2)-regression-quadratic ran for 0.151 secs (0.061u,0.s) (success)
Params: n= 5115
native_compute: Conversion to native code done in 0.00013
native_compute: Compilation done in 0.09049
native_compute: Evaluation done in 0.05977
native_compute: Reification done in 0.00411
Tactic call native_compute(1)-regression-quadratic ran for 0.154 secs (0.061u,0.003s) (success)
native_compute: Conversion to native code done in 0.00018
native_compute: Compilation done in 0.08981
native_compute: Evaluation done in 0.06197
native_compute: Reification done in 0.00478
Tactic call native_compute(2)-regression-quadratic ran for 0.156 secs (0.064u,0.003s) (success)
Params: n= 5228
native_compute: Conversion to native code done in 0.00013
native_compute: Compilation done in 0.09088
native_compute: Evaluation done in 0.06240
native_compute: Reification done in 0.00419
Tactic call native_compute(1)-regression-quadratic ran for 0.157 secs (0.067u,0.s) (success)
native_compute: Conversion to native code done in 0.00016
native_compute: Compilation done in 0.08952
native_compute: Evaluation done in 0.06409
native_compute: Reification done in 0.00409
Tactic call native_compute(2)-regression-quadratic ran for 0.158 secs (0.069u,0.s) (success)
Params: n= 5342
native_compute: Conversion to native code done in 0.00013
native_compute: Compilation done in 0.08902
native_compute: Evaluation done in 0.06490
native_compute: Reification done in 0.00420
Tactic call native_compute(1)-regression-quadratic ran for 0.158 secs (0.066u,0.003s) (success)
native_compute: Conversion to native code done in 0.00015
native_compute: Compilation done in 0.08931
native_compute: Evaluation done in 0.06177
native_compute: Reification done in 0.00678
Tactic call native_compute(2)-regression-quadratic ran for 0.158 secs (0.069u,0.s) (success)
Params: n= 5456
native_compute: Conversion to native code done in 0.00013
native_compute: Compilation done in 0.08949
native_compute: Evaluation done in 0.06727
native_compute: Reification done in 0.00425
Tactic call native_compute(1)-regression-quadratic ran for 0.161 secs (0.072u,0.s) (success)
native_compute: Conversion to native code done in 0.00016
native_compute: Compilation done in 0.08920
native_compute: Evaluation done in 0.07188
native_compute: Reification done in 0.00431
Tactic call native_compute(2)-regression-quadratic ran for 0.165 secs (0.073u,0.003s) (success)
Params: n= 5569
native_compute: Conversion to native code done in 0.00013
native_compute: Compilation done in 0.09094
native_compute: Evaluation done in 0.07053
native_compute: Reification done in 0.00516
Tactic call native_compute(1)-regression-quadratic ran for 0.166 secs (0.076u,0.s) (success)
native_compute: Conversion to native code done in 0.00015
native_compute: Compilation done in 0.09080
native_compute: Evaluation done in 0.06929
native_compute: Reification done in 0.00446
Tactic call native_compute(2)-regression-quadratic ran for 0.164 secs (0.074u,0.s) (success)
Params: n= 5683
native_compute: Conversion to native code done in 0.00013
native_compute: Compilation done in 0.09258
native_compute: Evaluation done in 0.07799
native_compute: Reification done in 0.00454
Tactic call native_compute(1)-regression-quadratic ran for 0.175 secs (0.083u,0.s) (success)
native_compute: Conversion to native code done in 0.00015
native_compute: Compilation done in 0.08949
native_compute: Evaluation done in 0.07726
native_compute: Reification done in 0.00459
Tactic call native_compute(2)-regression-quadratic ran for 0.171 secs (0.082u,0.s) (success)
Params: n= 5796
native_compute: Conversion to native code done in 0.00013
native_compute: Compilation done in 0.09044
native_compute: Evaluation done in 0.07639
native_compute: Reification done in 0.00462
Tactic call native_compute(1)-regression-quadratic ran for 0.171 secs (0.082u,0.s) (success)
native_compute: Conversion to native code done in 0.00016
native_compute: Compilation done in 0.08944
native_compute: Evaluation done in 0.07732
native_compute: Reification done in 0.00455
Tactic call native_compute(2)-regression-quadratic ran for 0.171 secs (0.082u,0.s) (success)
Params: n= 5910
native_compute: Conversion to native code done in 0.00013
native_compute: Compilation done in 0.09089
native_compute: Evaluation done in 0.08160
native_compute: Reification done in 0.00474
Tactic call native_compute(1)-regression-quadratic ran for 0.177 secs (0.087u,0.s) (success)
native_compute: Conversion to native code done in 0.00016
native_compute: Compilation done in 0.09224
native_compute: Evaluation done in 0.08314
native_compute: Reification done in 0.00474
Tactic call native_compute(2)-regression-quadratic ran for 0.18 secs (0.09u,0.s) (success)
Params: n= 6221
native_compute: Conversion to native code done in 0.00013
native_compute: Compilation done in 0.08850
native_compute: Evaluation done in 0.08953
native_compute: Reification done in 0.00503
Tactic call native_compute(1)-regression-quadratic ran for 0.183 secs (0.095u,0.s) (success)
native_compute: Conversion to native code done in 0.00016
native_compute: Compilation done in 0.08895
native_compute: Evaluation done in 0.09090
native_compute: Reification done in 0.00504
Tactic call native_compute(2)-regression-quadratic ran for 0.185 secs (0.093u,0.003s) (success)
Params: n= 6532
native_compute: Conversion to native code done in 0.00013
native_compute: Compilation done in 0.08877
native_compute: Evaluation done in 0.09638
native_compute: Reification done in 0.00516
Tactic call native_compute(1)-regression-quadratic ran for 0.19 secs (0.102u,0.s) (success)
native_compute: Conversion to native code done in 0.00015
native_compute: Compilation done in 0.08880
native_compute: Evaluation done in 0.09687
native_compute: Reification done in 0.00855
Tactic call native_compute(2)-regression-quadratic ran for 0.194 secs (0.102u,0.003s) (success)
Params: n= 6843
native_compute: Conversion to native code done in 0.00013
native_compute: Compilation done in 0.08819
native_compute: Evaluation done in 0.10592
native_compute: Reification done in 0.00553
Tactic call native_compute(1)-regression-quadratic ran for 0.199 secs (0.112u,0.s) (success)
native_compute: Conversion to native code done in 0.00016
native_compute: Compilation done in 0.09009
native_compute: Evaluation done in 0.10805
native_compute: Reification done in 0.00554
Tactic call native_compute(2)-regression-quadratic ran for 0.204 secs (0.114u,0.s) (success)
Params: n= 7154
native_compute: Conversion to native code done in 0.00013
native_compute: Compilation done in 0.09135
native_compute: Evaluation done in 0.11687
native_compute: Reification done in 0.00579
Tactic call native_compute(1)-regression-quadratic ran for 0.214 secs (0.119u,0.003s) (success)
native_compute: Conversion to native code done in 0.00016
native_compute: Compilation done in 0.08848
native_compute: Evaluation done in 0.11794
native_compute: Reification done in 0.00568
Tactic call native_compute(2)-regression-quadratic ran for 0.212 secs (0.124u,0.s) (success)
Params: n= 7465
native_compute: Conversion to native code done in 0.00013
native_compute: Compilation done in 0.09039
native_compute: Evaluation done in 0.12940
native_compute: Reification done in 0.00588
Tactic call native_compute(1)-regression-quadratic ran for 0.226 secs (0.136u,0.s) (success)
native_compute: Conversion to native code done in 0.00016
native_compute: Compilation done in 0.08980
native_compute: Evaluation done in 0.12443
native_compute: Reification done in 0.00577
Tactic call native_compute(2)-regression-quadratic ran for 0.22 secs (0.126u,0.003s) (success)
Params: n= 7776
native_compute: Conversion to native code done in 0.00013
native_compute: Compilation done in 0.08905
native_compute: Evaluation done in 0.13493
native_compute: Reification done in 0.00611
Tactic call native_compute(1)-regression-quadratic ran for 0.23 secs (0.142u,0.s) (success)
native_compute: Conversion to native code done in 0.00015
native_compute: Compilation done in 0.08914
native_compute: Evaluation done in 0.14000
native_compute: Reification done in 0.00617
Tactic call native_compute(2)-regression-quadratic ran for 0.235 secs (0.147u,0.s) (success)
Params: n= 8087
native_compute: Conversion to native code done in 0.00013
native_compute: Compilation done in 0.08912
native_compute: Evaluation done in 0.14470
native_compute: Reification done in 0.00643
Tactic call native_compute(1)-regression-quadratic ran for 0.24 secs (0.151u,0.s) (success)
native_compute: Conversion to native code done in 0.00016
native_compute: Compilation done in 0.09047
native_compute: Evaluation done in 0.14635
native_compute: Reification done in 0.00631
Tactic call native_compute(2)-regression-quadratic ran for 0.243 secs (0.153u,0.s) (success)
Params: n= 8398
native_compute: Conversion to native code done in 0.00013
native_compute: Compilation done in 0.08970
native_compute: Evaluation done in 0.15374
native_compute: Reification done in 0.00712
Tactic call native_compute(1)-regression-quadratic ran for 0.25 secs (0.161u,0.s) (success)
native_compute: Conversion to native code done in 0.00016
native_compute: Compilation done in 0.08895
native_compute: Evaluation done in 0.16224
native_compute: Reification done in 0.00666
Tactic call native_compute(2)-regression-quadratic ran for 0.258 secs (0.169u,0.s) (success)
Params: n= 8709
native_compute: Conversion to native code done in 0.00013
native_compute: Compilation done in 0.08825
native_compute: Evaluation done in 0.16755
native_compute: Reification done in 0.00691
Tactic call native_compute(1)-regression-quadratic ran for 0.263 secs (0.175u,0.s) (success)
native_compute: Conversion to native code done in 0.00016
native_compute: Compilation done in 0.08879
native_compute: Evaluation done in 0.16882
native_compute: Reification done in 0.00661
Tactic call native_compute(2)-regression-quadratic ran for 0.264 secs (0.172u,0.003s) (success)
Params: n= 9019
native_compute: Conversion to native code done in 0.00013
native_compute: Compilation done in 0.09116
native_compute: Evaluation done in 0.17940
native_compute: Reification done in 0.00790
Tactic call native_compute(1)-regression-quadratic ran for 0.278 secs (0.188u,0.s) (success)
native_compute: Conversion to native code done in 0.00016
native_compute: Compilation done in 0.08860
native_compute: Evaluation done in 0.18541
native_compute: Reification done in 0.00716
Tactic call native_compute(2)-regression-quadratic ran for 0.281 secs (0.193u,0.s) (success)
Params: n= 9330
native_compute: Conversion to native code done in 0.00013
native_compute: Compilation done in 0.08879
native_compute: Evaluation done in 0.19286
native_compute: Reification done in 0.00858
Tactic call native_compute(1)-regression-quadratic ran for 0.29 secs (0.198u,0.003s) (success)
native_compute: Conversion to native code done in 0.00015
native_compute: Compilation done in 0.09553
native_compute: Evaluation done in 0.19256
native_compute: Reification done in 0.00774
Tactic call native_compute(2)-regression-quadratic ran for 0.296 secs (0.201u,0.s) (success)
Params: n= 9641
native_compute: Conversion to native code done in 0.00013
native_compute: Compilation done in 0.08995
native_compute: Evaluation done in 0.20984
native_compute: Reification done in 0.00761
Tactic call native_compute(1)-regression-quadratic ran for 0.307 secs (0.218u,0.s) (success)
native_compute: Conversion to native code done in 0.00016
native_compute: Compilation done in 0.09002
native_compute: Evaluation done in 0.21176
native_compute: Reification done in 0.00844
Tactic call native_compute(2)-regression-quadratic ran for 0.31 secs (0.221u,0.s) (success)
Params: n= 9952
native_compute: Conversion to native code done in 0.00013
native_compute: Compilation done in 0.08896
native_compute: Evaluation done in 0.22270
native_compute: Reification done in 0.00879
Tactic call native_compute(1)-regression-quadratic ran for 0.32 secs (0.232u,0.s) (success)
native_compute: Conversion to native code done in 0.00016
native_compute: Compilation done in 0.09017
native_compute: Evaluation done in 0.21682
native_compute: Reification done in 0.00796
Tactic call native_compute(2)-regression-quadratic ran for 0.315 secs (0.225u,0.s) (success)
Params: n= 10263
native_compute: Conversion to native code done in 0.00013
native_compute: Compilation done in 0.08952
native_compute: Evaluation done in 0.23331
native_compute: Reification done in 0.00871
Tactic call native_compute(1)-regression-quadratic ran for 0.331 secs (0.242u,0.s) (success)
native_compute: Conversion to native code done in 0.00016
native_compute: Compilation done in 0.08933
native_compute: Evaluation done in 0.23595
native_compute: Reification done in 0.00879
Tactic call native_compute(2)-regression-quadratic ran for 0.334 secs (0.245u,0.s) (success)
Params: n= 10574
native_compute: Conversion to native code done in 0.00013
native_compute: Compilation done in 0.08868
native_compute: Evaluation done in 0.24454
native_compute: Reification done in 0.00837
Tactic call native_compute(1)-regression-quadratic ran for 0.341 secs (0.245u,0.007s) (success)
native_compute: Conversion to native code done in 0.00016
native_compute: Compilation done in 0.09028
native_compute: Evaluation done in 0.23753
native_compute: Reification done in 0.00807
Tactic call native_compute(2)-regression-quadratic ran for 0.336 secs (0.246u,0.s) (success)
Params: n= 10885
native_compute: Conversion to native code done in 0.00014
native_compute: Compilation done in 0.09309
native_compute: Evaluation done in 0.27216
native_compute: Reification done in 0.00859
Tactic call native_compute(1)-regression-quadratic ran for 0.374 secs (0.282u,0.s) (success)
native_compute: Conversion to native code done in 0.00018
native_compute: Compilation done in 0.09135
native_compute: Evaluation done in 0.25897
native_compute: Reification done in 0.00901
Tactic call native_compute(2)-regression-quadratic ran for 0.359 secs (0.269u,0.s) (success)
Params: n= 11196
native_compute: Conversion to native code done in 0.00013
native_compute: Compilation done in 0.08831
native_compute: Evaluation done in 0.27638
native_compute: Reification done in 0.00896
Tactic call native_compute(1)-regression-quadratic ran for 0.374 secs (0.286u,0.s) (success)
native_compute: Conversion to native code done in 0.00023
native_compute: Compilation done in 0.09020
native_compute: Evaluation done in 0.26303
native_compute: Reification done in 0.00899
Tactic call native_compute(2)-regression-quadratic ran for 0.362 secs (0.273u,0.s) (success)
Params: n= 11507
native_compute: Conversion to native code done in 0.00013
native_compute: Compilation done in 0.08920
native_compute: Evaluation done in 0.28600
native_compute: Reification done in 0.00897
Tactic call native_compute(1)-regression-quadratic ran for 0.384 secs (0.296u,0.s) (success)
native_compute: Conversion to native code done in 0.00015
native_compute: Compilation done in 0.09417
native_compute: Evaluation done in 0.28839
native_compute: Reification done in 0.00874
Tactic call native_compute(2)-regression-quadratic ran for 0.391 secs (0.298u,0.s) (success)
Params: n= 11818
native_compute: Conversion to native code done in 0.00013
native_compute: Compilation done in 0.08958
native_compute: Evaluation done in 0.30344
native_compute: Reification done in 0.00952
Tactic call native_compute(1)-regression-quadratic ran for 0.402 secs (0.31u,0.003s) (success)
native_compute: Conversion to native code done in 0.00015
native_compute: Compilation done in 0.08813
native_compute: Evaluation done in 0.33696
native_compute: Reification done in 0.00926
Tactic call native_compute(2)-regression-quadratic ran for 0.434 secs (0.347u,0.s) (success)
Params: n= 13000
native_compute: Conversion to native code done in 0.00013
native_compute: Compilation done in 0.09071
native_compute: Evaluation done in 0.46107
native_compute: Reification done in 0.00980
Tactic call native_compute(1)-regression-quadratic ran for 0.561 secs (0.472u,0.s) (success)
native_compute: Conversion to native code done in 0.00016
native_compute: Compilation done in 0.08942
native_compute: Evaluation done in 0.41723
native_compute: Reification done in 0.01117
Tactic call native_compute(2)-regression-quadratic ran for 0.518 secs (0.429u,0.s) (success)
Params: n= 14181
native_compute: Conversion to native code done in 0.00013
native_compute: Compilation done in 0.09038
native_compute: Evaluation done in 0.46306
native_compute: Reification done in 0.01120
Tactic call native_compute(1)-regression-quadratic ran for 0.564 secs (0.475u,0.s) (success)
native_compute: Conversion to native code done in 0.00016
native_compute: Compilation done in 0.09036
native_compute: Evaluation done in 0.46658
native_compute: Reification done in 0.01129
Tactic call native_compute(2)-regression-quadratic ran for 0.568 secs (0.478u,0.s) (success)
Params: n= 15363
native_compute: Conversion to native code done in 0.00013
native_compute: Compilation done in 0.08915
native_compute: Evaluation done in 0.50022
native_compute: Reification done in 0.01205
Tactic call native_compute(1)-regression-quadratic ran for 0.601 secs (0.509u,0.003s) (success)
native_compute: Conversion to native code done in 0.00021
native_compute: Compilation done in 0.09020
native_compute: Evaluation done in 0.51698
native_compute: Reification done in 0.01214
Tactic call native_compute(2)-regression-quadratic ran for 0.619 secs (0.53u,0.s) (success)
Params: n= 16544
native_compute: Conversion to native code done in 0.00013
native_compute: Compilation done in 0.09020
native_compute: Evaluation done in 0.58720
native_compute: Reification done in 0.01360
Tactic call native_compute(1)-regression-quadratic ran for 0.691 secs (0.598u,0.002s) (success)
native_compute: Conversion to native code done in 0.00016
native_compute: Compilation done in 0.09039
native_compute: Evaluation done in 0.57771
native_compute: Reification done in 0.01305
Tactic call native_compute(2)-regression-quadratic ran for 0.681 secs (0.591u,0.s) (success)
Params: n= 17726
native_compute: Conversion to native code done in 0.00014
native_compute: Compilation done in 0.09133
native_compute: Evaluation done in 0.66988
native_compute: Reification done in 0.01407
Tactic call native_compute(1)-regression-quadratic ran for 0.775 secs (0.684u,0.s) (success)
native_compute: Conversion to native code done in 0.00016
native_compute: Compilation done in 0.09065
native_compute: Evaluation done in 0.68797
native_compute: Reification done in 0.01410
Tactic call native_compute(2)-regression-quadratic ran for 0.793 secs (0.703u,0.s) (success)
Params: n= 18908
native_compute: Conversion to native code done in 0.00014
native_compute: Compilation done in 0.09197
native_compute: Evaluation done in 0.76666
native_compute: Reification done in 0.01574
Tactic call native_compute(1)-regression-quadratic ran for 0.874 secs (0.783u,0.s) (success)
native_compute: Conversion to native code done in 0.00016
native_compute: Compilation done in 0.09060
native_compute: Evaluation done in 0.76318
native_compute: Reification done in 0.01480
Tactic call native_compute(2)-regression-quadratic ran for 0.868 secs (0.778u,0.s) (success)
Params: n= 20089
native_compute: Conversion to native code done in 0.00013
native_compute: Compilation done in 0.08942
native_compute: Evaluation done in 0.86868
native_compute: Reification done in 0.01503
Tactic call native_compute(1)-regression-quadratic ran for 0.973 secs (0.88u,0.003s) (success)
native_compute: Conversion to native code done in 0.00016
native_compute: Compilation done in 0.09047
native_compute: Evaluation done in 0.87478
native_compute: Reification done in 0.01569
Tactic call native_compute(2)-regression-quadratic ran for 0.981 secs (0.883u,0.007s) (success)
Params: n= 21271
native_compute: Conversion to native code done in 0.00013
native_compute: Compilation done in 0.08962
native_compute: Evaluation done in 0.96356
native_compute: Reification done in 0.01717
Tactic call native_compute(1)-regression-quadratic ran for 1.07 secs (0.981u,0.s) (success)
native_compute: Conversion to native code done in 0.00019
native_compute: Compilation done in 0.09076
native_compute: Evaluation done in 0.94671
native_compute: Reification done in 0.01587
Tactic call native_compute(2)-regression-quadratic ran for 1.053 secs (0.959u,0.003s) (success)
Params: n= 22452
native_compute: Conversion to native code done in 0.00013
native_compute: Compilation done in 0.09112
native_compute: Evaluation done in 1.07734
native_compute: Reification done in 0.01767
Tactic call native_compute(1)-regression-quadratic ran for 1.186 secs (1.096u,0.s) (success)
native_compute: Conversion to native code done in 0.00016
native_compute: Compilation done in 0.09014
native_compute: Evaluation done in 1.07777
native_compute: Reification done in 0.01746
Tactic call native_compute(2)-regression-quadratic ran for 1.185 secs (1.084u,0.012s) (success)
Params: n= 23634
native_compute: Conversion to native code done in 0.00013
native_compute: Compilation done in 0.09046
native_compute: Evaluation done in 1.19061
native_compute: Reification done in 0.01842
Tactic call native_compute(1)-regression-quadratic ran for 1.299 secs (1.206u,0.003s) (success)
native_compute: Conversion to native code done in 0.00016
native_compute: Compilation done in 0.08874
native_compute: Evaluation done in 1.31070
native_compute: Reification done in 0.01776
Tactic call native_compute(2)-regression-quadratic ran for 1.417 secs (1.329u,0.s) (success)
Params: n= 28361
native_compute: Conversion to native code done in 0.00013
native_compute: Compilation done in 0.08954
native_compute: Evaluation done in 2.19792
native_compute: Reification done in 0.02540
Tactic call native_compute(1)-regression-quadratic ran for 2.313 secs (2.224u,0.s) (success)
native_compute: Conversion to native code done in 0.00019
native_compute: Compilation done in 0.08912
native_compute: Evaluation done in 1.97581
native_compute: Reification done in 0.02178
Tactic call native_compute(2)-regression-quadratic ran for 2.087 secs (1.998u,0.s) (success)
Params: n= 33087
native_compute: Conversion to native code done in 0.00013
native_compute: Compilation done in 0.08815
native_compute: Evaluation done in 2.84382
native_compute: Reification done in 0.02533
Tactic call native_compute(1)-regression-quadratic ran for 2.957 secs (2.865u,0.003s) (success)
native_compute: Conversion to native code done in 0.00016
native_compute: Compilation done in 0.08891
native_compute: Evaluation done in 2.62303
native_compute: Reification done in 0.02535
Tactic call native_compute(2)-regression-quadratic ran for 2.737 secs (2.649u,0.s) (success)
Params: n= 37814
native_compute: Conversion to native code done in 0.00013
native_compute: Compilation done in 0.08783
native_compute: Evaluation done in 3.57543
native_compute: Reification done in 0.02840
Tactic call native_compute(1)-regression-quadratic ran for 3.692 secs (3.604u,0.s) (success)
native_compute: Conversion to native code done in 0.00016
native_compute: Compilation done in 0.08875
native_compute: Evaluation done in 3.57586
native_compute: Reification done in 0.02848
Tactic call native_compute(2)-regression-quadratic ran for 3.693 secs (3.605u,0.s) (success)
Params: n= 42540
native_compute: Conversion to native code done in 0.00013
native_compute: Compilation done in 0.09067
native_compute: Evaluation done in 4.48488
native_compute: Reification done in 0.04501
Tactic call native_compute(1)-regression-quadratic ran for 4.62 secs (4.53u,0.s) (success)
native_compute: Conversion to native code done in 0.00016
native_compute: Compilation done in 0.08904
native_compute: Evaluation done in 3.92875
native_compute: Reification done in 0.03146
Tactic call native_compute(2)-regression-quadratic ran for 4.049 secs (3.96u,0.s) (success)
Params: n= 47267
native_compute: Conversion to native code done in 0.00013
native_compute: Compilation done in 0.08976
native_compute: Evaluation done in 5.90557
native_compute: Reification done in 0.03476
Tactic call native_compute(1)-regression-quadratic ran for 6.03 secs (5.941u,0.s) (success)
native_compute: Conversion to native code done in 0.00016
native_compute: Compilation done in 0.08824
native_compute: Evaluation done in 5.97446
native_compute: Reification done in 0.04132
Tactic call native_compute(2)-regression-quadratic ran for 6.104 secs (6.016u,0.s) (success)
