Params: n= 2
native_compute: Conversion to native code done in 0.00015
native_compute: Compilation done in 0.08425
native_compute: Evaluation done in 0.00037
native_compute: Reification done in 0.00005
Tactic call native_compute(1)-regression-quadratic ran for 0.194 secs (0.091u,0.02s) (success)
native_compute: Conversion to native code done in 0.00021
native_compute: Compilation done in 0.08314
native_compute: Evaluation done in 0.00040
native_compute: Reification done in 0.00005
Tactic call native_compute(2)-regression-quadratic ran for 0.083 secs (0.001u,0.s) (success)
Params: n= 3
native_compute: Conversion to native code done in 0.00013
native_compute: Compilation done in 0.08344
native_compute: Evaluation done in 0.00042
native_compute: Reification done in 0.00006
Tactic call native_compute(1)-regression-quadratic ran for 0.084 secs (0.001u,0.s) (success)
native_compute: Conversion to native code done in 0.00017
native_compute: Compilation done in 0.08380
native_compute: Evaluation done in 0.00037
native_compute: Reification done in 0.00005
Tactic call native_compute(2)-regression-quadratic ran for 0.084 secs (0.001u,0.s) (success)
Params: n= 4
native_compute: Conversion to native code done in 0.00013
native_compute: Compilation done in 0.08214
native_compute: Evaluation done in 0.00038
native_compute: Reification done in 0.00005
Tactic call native_compute(1)-regression-quadratic ran for 0.082 secs (0.001u,0.s) (success)
native_compute: Conversion to native code done in 0.00015
native_compute: Compilation done in 0.08279
native_compute: Evaluation done in 0.00037
native_compute: Reification done in 0.00005
Tactic call native_compute(2)-regression-quadratic ran for 0.083 secs (0.001u,0.s) (success)
Params: n= 5
native_compute: Conversion to native code done in 0.00012
native_compute: Compilation done in 0.08458
native_compute: Evaluation done in 0.00038
native_compute: Reification done in 0.00006
Tactic call native_compute(1)-regression-quadratic ran for 0.085 secs (0.001u,0.s) (success)
native_compute: Conversion to native code done in 0.00016
native_compute: Compilation done in 0.08588
native_compute: Evaluation done in 0.00040
native_compute: Reification done in 0.00006
Tactic call native_compute(2)-regression-quadratic ran for 0.086 secs (0.001u,0.s) (success)
Params: n= 6
native_compute: Conversion to native code done in 0.00013
native_compute: Compilation done in 0.08399
native_compute: Evaluation done in 0.00038
native_compute: Reification done in 0.00005
Tactic call native_compute(1)-regression-quadratic ran for 0.084 secs (0.001u,0.s) (success)
native_compute: Conversion to native code done in 0.00015
native_compute: Compilation done in 0.08411
native_compute: Evaluation done in 0.00040
native_compute: Reification done in 0.00006
Tactic call native_compute(2)-regression-quadratic ran for 0.084 secs (0.u,0.001s) (success)
Params: n= 7
native_compute: Conversion to native code done in 0.00013
native_compute: Compilation done in 0.08403
native_compute: Evaluation done in 0.00038
native_compute: Reification done in 0.00006
Tactic call native_compute(1)-regression-quadratic ran for 0.084 secs (0.u,0.s) (success)
native_compute: Conversion to native code done in 0.00015
native_compute: Compilation done in 0.08550
native_compute: Evaluation done in 0.00054
native_compute: Reification done in 0.00006
Tactic call native_compute(2)-regression-quadratic ran for 0.086 secs (0.001u,0.s) (success)
Params: n= 8
native_compute: Conversion to native code done in 0.00013
native_compute: Compilation done in 0.08430
native_compute: Evaluation done in 0.00038
native_compute: Reification done in 0.00006
Tactic call native_compute(1)-regression-quadratic ran for 0.085 secs (0.001u,0.s) (success)
native_compute: Conversion to native code done in 0.00016
native_compute: Compilation done in 0.08388
native_compute: Evaluation done in 0.00038
native_compute: Reification done in 0.00006
Tactic call native_compute(2)-regression-quadratic ran for 0.084 secs (0.001u,0.s) (success)
Params: n= 9
native_compute: Conversion to native code done in 0.00013
native_compute: Compilation done in 0.08267
native_compute: Evaluation done in 0.00038
native_compute: Reification done in 0.00006
Tactic call native_compute(1)-regression-quadratic ran for 0.083 secs (0.u,0.001s) (success)
native_compute: Conversion to native code done in 0.00016
native_compute: Compilation done in 0.08360
native_compute: Evaluation done in 0.00037
native_compute: Reification done in 0.00006
Tactic call native_compute(2)-regression-quadratic ran for 0.084 secs (0.u,0.001s) (success)
Params: n= 10
native_compute: Conversion to native code done in 0.00012
native_compute: Compilation done in 0.08485
native_compute: Evaluation done in 0.00038
native_compute: Reification done in 0.00006
Tactic call native_compute(1)-regression-quadratic ran for 0.085 secs (0.u,0.001s) (success)
native_compute: Conversion to native code done in 0.00015
native_compute: Compilation done in 0.08408
native_compute: Evaluation done in 0.00038
native_compute: Reification done in 0.00006
Tactic call native_compute(2)-regression-quadratic ran for 0.084 secs (0.u,0.001s) (success)
