Params: 0-nm= 5 , 1-n= 1 , 2-m= 5
Tactic call cps+native_compute-regression-quadratic ran for 0. secs (0.u,0.s) (success)
Params: 0-nm= 5 , 1-n= 5 , 2-m= 1
Tactic call cps+native_compute-regression-quadratic ran for 0. secs (0.u,0.s) (success)
Params: 0-nm= 306 , 1-n= 17 , 2-m= 18
Tactic call cps+native_compute-regression-quadratic ran for 0.001 secs (0.001u,0.s) (success)
Params: 0-nm= 307 , 1-n= 1 , 2-m= 307
Tactic call cps+native_compute-regression-quadratic ran for 0.001 secs (0.001u,0.s) (success)
Params: 0-nm= 307 , 1-n= 307 , 2-m= 1
Tactic call cps+native_compute-regression-quadratic ran for 0.001 secs (0.001u,0.s) (success)
Params: 0-nm= 600 , 1-n= 24 , 2-m= 25
Tactic call cps+native_compute-regression-quadratic ran for 0.002 secs (0.002u,0.s) (success)
Params: 0-nm= 609 , 1-n= 1 , 2-m= 609
Tactic call cps+native_compute-regression-quadratic ran for 0.002 secs (0.002u,0.s) (success)
Params: 0-nm= 609 , 1-n= 609 , 2-m= 1
Tactic call cps+native_compute-regression-quadratic ran for 0.003 secs (0.u,0.003s) (success)
Params: 0-nm= 910 , 1-n= 1 , 2-m= 910
Tactic call cps+native_compute-regression-quadratic ran for 0.003 secs (0.003u,0.s) (success)
Params: 0-nm= 910 , 1-n= 910 , 2-m= 1
Tactic call cps+native_compute-regression-quadratic ran for 0.004 secs (0.004u,0.s) (success)
Params: 0-nm= 930 , 1-n= 30 , 2-m= 31
Tactic call cps+native_compute-regression-quadratic ran for 0.003 secs (0.u,0.002s) (success)
Params: 0-nm= 1190 , 1-n= 34 , 2-m= 35
Tactic call cps+native_compute-regression-quadratic ran for 0.004 secs (0.004u,0.s) (success)
Params: 0-nm= 1212 , 1-n= 1 , 2-m= 1212
Tactic call cps+native_compute-regression-quadratic ran for 0.004 secs (0.004u,0.s) (success)
Params: 0-nm= 1212 , 1-n= 1212 , 2-m= 1
Tactic call cps+native_compute-regression-quadratic ran for 0.005 secs (0.005u,0.s) (success)
Params: 0-nm= 1482 , 1-n= 38 , 2-m= 39
Tactic call cps+native_compute-regression-quadratic ran for 0.044 secs (0.04u,0.003s) (success)
Params: 0-nm= 1513 , 1-n= 1 , 2-m= 1513
Tactic call cps+native_compute-regression-quadratic ran for 0.004 secs (0.004u,0.s) (success)
Params: 0-nm= 1513 , 1-n= 1513 , 2-m= 1
Tactic call cps+native_compute-regression-quadratic ran for 0.007 secs (0.003u,0.003s) (success)
Params: 0-nm= 1891 , 1-n= 1 , 2-m= 1891
Tactic call cps+native_compute-regression-quadratic ran for 0.006 secs (0.006u,0.s) (success)
Params: 0-nm= 1891 , 1-n= 1891 , 2-m= 1
Tactic call cps+native_compute-regression-quadratic ran for 0.008 secs (0.008u,0.s) (success)
Params: 0-nm= 1892 , 1-n= 43 , 2-m= 44
Tactic call cps+native_compute-regression-quadratic ran for 0.006 secs (0.006u,0.s) (success)
Params: 0-nm= 2256 , 1-n= 47 , 2-m= 48
Tactic call cps+native_compute-regression-quadratic ran for 0.007 secs (0.007u,0.s) (success)
Params: 0-nm= 2269 , 1-n= 1 , 2-m= 2269
Tactic call cps+native_compute-regression-quadratic ran for 0.011 secs (0.011u,0.s) (success)
Params: 0-nm= 2269 , 1-n= 2269 , 2-m= 1
Tactic call cps+native_compute-regression-quadratic ran for 0.009 secs (0.009u,0.s) (success)
Params: 0-nm= 2647 , 1-n= 1 , 2-m= 2647
Tactic call cps+native_compute-regression-quadratic ran for 0.009 secs (0.009u,0.s) (success)
Params: 0-nm= 2647 , 1-n= 2647 , 2-m= 1
Tactic call cps+native_compute-regression-quadratic ran for 0.011 secs (0.011u,0.s) (success)
Params: 0-nm= 2652 , 1-n= 51 , 2-m= 52
Tactic call cps+native_compute-regression-quadratic ran for 0.008 secs (0.008u,0.s) (success)
Params: 0-nm= 3025 , 1-n= 1 , 2-m= 3025
Tactic call cps+native_compute-regression-quadratic ran for 0.009 secs (0.009u,0.s) (success)
Params: 0-nm= 3025 , 1-n= 55 , 2-m= 55
Tactic call cps+native_compute-regression-quadratic ran for 0.009 secs (0.009u,0.s) (success)
Params: 0-nm= 3025 , 1-n= 3025 , 2-m= 1
Tactic call cps+native_compute-regression-quadratic ran for 0.013 secs (0.013u,0.s) (success)
Params: 0-nm= 3403 , 1-n= 1 , 2-m= 3403
Tactic call cps+native_compute-regression-quadratic ran for 0.011 secs (0.011u,0.s) (success)
Params: 0-nm= 3403 , 1-n= 3403 , 2-m= 1
Tactic call cps+native_compute-regression-quadratic ran for 0.022 secs (0.022u,0.s) (success)
Params: 0-nm= 3422 , 1-n= 58 , 2-m= 59
Tactic call cps+native_compute-regression-quadratic ran for 0.019 secs (0.019u,0.s) (success)
Params: 0-nm= 3781 , 1-n= 1 , 2-m= 3781
Tactic call cps+native_compute-regression-quadratic ran for 0.012 secs (0.012u,0.s) (success)
Params: 0-nm= 3781 , 1-n= 3781 , 2-m= 1
Tactic call cps+native_compute-regression-quadratic ran for 0.016 secs (0.016u,0.s) (success)
Params: 0-nm= 3782 , 1-n= 61 , 2-m= 62
Tactic call cps+native_compute-regression-quadratic ran for 0.011 secs (0.011u,0.s) (success)
Params: 0-nm= 4159 , 1-n= 1 , 2-m= 4159
Tactic call cps+native_compute-regression-quadratic ran for 0.027 secs (0.027u,0.s) (success)
Params: 0-nm= 4159 , 1-n= 4159 , 2-m= 1
Tactic call cps+native_compute-regression-quadratic ran for 0.019 secs (0.019u,0.s) (success)
Params: 0-nm= 4160 , 1-n= 64 , 2-m= 65
Tactic call cps+native_compute-regression-quadratic ran for 0.013 secs (0.013u,0.s) (success)
Params: 0-nm= 4537 , 1-n= 1 , 2-m= 4537
Tactic call cps+native_compute-regression-quadratic ran for 0.015 secs (0.015u,0.s) (success)
Params: 0-nm= 4537 , 1-n= 4537 , 2-m= 1
Tactic call cps+native_compute-regression-quadratic ran for 0.021 secs (0.021u,0.s) (success)
Params: 0-nm= 4556 , 1-n= 67 , 2-m= 68
Tactic call cps+native_compute-regression-quadratic ran for 0.014 secs (0.014u,0.s) (success)
Params: 0-nm= 5041 , 1-n= 1 , 2-m= 5041
Tactic call cps+native_compute-regression-quadratic ran for 0.024 secs (0.024u,0.s) (success)
Params: 0-nm= 5041 , 1-n= 71 , 2-m= 71
Tactic call cps+native_compute-regression-quadratic ran for 0.016 secs (0.016u,0.s) (success)
Params: 0-nm= 5041 , 1-n= 5041 , 2-m= 1
Tactic call cps+native_compute-regression-quadratic ran for 0.022 secs (0.022u,0.s) (success)
Params: 0-nm= 5546 , 1-n= 1 , 2-m= 5546
Tactic call cps+native_compute-regression-quadratic ran for 0.026 secs (0.026u,0.s) (success)
Params: 0-nm= 5546 , 1-n= 5546 , 2-m= 1
Tactic call cps+native_compute-regression-quadratic ran for 0.025 secs (0.025u,0.s) (success)
Params: 0-nm= 5550 , 1-n= 74 , 2-m= 75
Tactic call cps+native_compute-regression-quadratic ran for 0.036 secs (0.036u,0.s) (success)
Params: 0-nm= 6006 , 1-n= 77 , 2-m= 78
Tactic call cps+native_compute-regression-quadratic ran for 0.019 secs (0.019u,0.s) (success)
Params: 0-nm= 6050 , 1-n= 1 , 2-m= 6050
Tactic call cps+native_compute-regression-quadratic ran for 0.02 secs (0.02u,0.s) (success)
Params: 0-nm= 6050 , 1-n= 6050 , 2-m= 1
Tactic call cps+native_compute-regression-quadratic ran for 0.048 secs (0.048u,0.s) (success)
Params: 0-nm= 6480 , 1-n= 80 , 2-m= 81
Tactic call cps+native_compute-regression-quadratic ran for 0.021 secs (0.021u,0.s) (success)
Params: 0-nm= 6554 , 1-n= 1 , 2-m= 6554
Tactic call cps+native_compute-regression-quadratic ran for 0.033 secs (0.033u,0.s) (success)
Params: 0-nm= 6554 , 1-n= 6554 , 2-m= 1
Tactic call cps+native_compute-regression-quadratic ran for 0.03 secs (0.03u,0.s) (success)
Params: 0-nm= 7058 , 1-n= 1 , 2-m= 7058
Tactic call cps+native_compute-regression-quadratic ran for 0.069 secs (0.069u,0.s) (success)
Params: 0-nm= 7058 , 1-n= 7058 , 2-m= 1
Tactic call cps+native_compute-regression-quadratic ran for 0.033 secs (0.033u,0.s) (success)
Params: 0-nm= 7140 , 1-n= 84 , 2-m= 85
Tactic call cps+native_compute-regression-quadratic ran for 0.023 secs (0.023u,0.s) (success)
Params: 0-nm= 7482 , 1-n= 86 , 2-m= 87
Tactic call cps+native_compute-regression-quadratic ran for 0.024 secs (0.024u,0.s) (success)
Params: 0-nm= 7562 , 1-n= 1 , 2-m= 7562
Tactic call cps+native_compute-regression-quadratic ran for 0.04 secs (0.04u,0.s) (success)
Params: 0-nm= 7562 , 1-n= 7562 , 2-m= 1
Tactic call cps+native_compute-regression-quadratic ran for 0.035 secs (0.035u,0.s) (success)
Params: 0-nm= 8319 , 1-n= 1 , 2-m= 8319
Tactic call cps+native_compute-regression-quadratic ran for 0.064 secs (0.064u,0.s) (success)
Params: 0-nm= 8319 , 1-n= 8319 , 2-m= 1
Tactic call cps+native_compute-regression-quadratic ran for 0.038 secs (0.038u,0.s) (success)
Params: 0-nm= 8372 , 1-n= 91 , 2-m= 92
Tactic call cps+native_compute-regression-quadratic ran for 0.027 secs (0.027u,0.s) (success)
Params: 0-nm= 9075 , 1-n= 1 , 2-m= 9075
Tactic call cps+native_compute-regression-quadratic ran for 0.058 secs (0.054u,0.003s) (success)
Params: 0-nm= 9075 , 1-n= 9075 , 2-m= 1
Tactic call cps+native_compute-regression-quadratic ran for 0.043 secs (0.043u,0.s) (success)
Params: 0-nm= 9120 , 1-n= 95 , 2-m= 96
Tactic call cps+native_compute-regression-quadratic ran for 0.039 secs (0.039u,0.s) (success)
Params: 0-nm= 9831 , 1-n= 1 , 2-m= 9831
Tactic call cps+native_compute-regression-quadratic ran for 0.033 secs (0.033u,0.s) (success)
Params: 0-nm= 9831 , 1-n= 9831 , 2-m= 1
Tactic call cps+native_compute-regression-quadratic ran for 0.045 secs (0.045u,0.s) (success)
Params: 0-nm= 9900 , 1-n= 99 , 2-m= 100
Tactic call cps+native_compute-regression-quadratic ran for 0.051 secs (0.051u,0.s) (success)
Params: 0-nm= 10506 , 1-n= 102 , 2-m= 103
Tactic call cps+native_compute-regression-quadratic ran for 0.036 secs (0.036u,0.s) (success)
Params: 0-nm= 10588 , 1-n= 1 , 2-m= 10588
Tactic call cps+native_compute-regression-quadratic ran for 0.035 secs (0.035u,0.s) (success)
Params: 0-nm= 10588 , 1-n= 10588 , 2-m= 1
Tactic call cps+native_compute-regression-quadratic ran for 0.067 secs (0.067u,0.s) (success)
Params: 0-nm= 11342 , 1-n= 106 , 2-m= 107
Tactic call cps+native_compute-regression-quadratic ran for 0.046 secs (0.046u,0.s) (success)
Params: 0-nm= 11344 , 1-n= 1 , 2-m= 11344
Tactic call cps+native_compute-regression-quadratic ran for 0.086 secs (0.083u,0.003s) (success)
Params: 0-nm= 11344 , 1-n= 11344 , 2-m= 1
Tactic call cps+native_compute-regression-quadratic ran for 0.059 secs (0.059u,0.s) (success)
Params: 0-nm= 12100 , 1-n= 1 , 2-m= 12100
Tactic call cps+native_compute-regression-quadratic ran for 0.041 secs (0.041u,0.s) (success)
Params: 0-nm= 12100 , 1-n= 110 , 2-m= 110
Tactic call cps+native_compute-regression-quadratic ran for 0.047 secs (0.047u,0.s) (success)
Params: 0-nm= 12100 , 1-n= 12100 , 2-m= 1
Tactic call cps+native_compute-regression-quadratic ran for 0.058 secs (0.058u,0.s) (success)
