Params: n= 10
Tactic call noop-repeat-setoid_rewrite-regression-cubic ran for 0.004 secs (0.004u,0.s) (success)
Tactic call noop-repeat-rewrite_strat-topdown-regression-cubic ran for 0.003 secs (0.003u,0.s) (success)
Tactic call noop-repeat-rewrite_strat-bottomup-regression-cubic ran for 0.003 secs (0.002u,0.s) (success)
Params: n= 20
Tactic call noop-repeat-setoid_rewrite-regression-cubic ran for 0.054 secs (0.051u,0.002s) (success)
Tactic call noop-repeat-rewrite_strat-topdown-regression-cubic ran for 0.008 secs (0.008u,0.s) (success)
Tactic call noop-repeat-rewrite_strat-bottomup-regression-cubic ran for 0.008 secs (0.008u,0.s) (success)
Params: n= 30
Tactic call noop-repeat-setoid_rewrite-regression-cubic ran for 0.02 secs (0.02u,0.s) (success)
Tactic call noop-repeat-rewrite_strat-topdown-regression-cubic ran for 0.021 secs (0.021u,0.s) (success)
Tactic call noop-repeat-rewrite_strat-bottomup-regression-cubic ran for 0.02 secs (0.02u,0.s) (success)
Params: n= 40
Tactic call noop-repeat-setoid_rewrite-regression-cubic ran for 0.041 secs (0.041u,0.s) (success)
Tactic call noop-repeat-rewrite_strat-topdown-regression-cubic ran for 0.041 secs (0.041u,0.s) (success)
Tactic call noop-repeat-rewrite_strat-bottomup-regression-cubic ran for 0.04 secs (0.04u,0.s) (success)
Params: n= 60
Tactic call noop-repeat-setoid_rewrite-regression-cubic ran for 0.123 secs (0.123u,0.s) (success)
Tactic call noop-repeat-rewrite_strat-topdown-regression-cubic ran for 0.12 secs (0.12u,0.s) (success)
Tactic call noop-repeat-rewrite_strat-bottomup-regression-cubic ran for 0.12 secs (0.12u,0.s) (success)
Params: n= 70
Tactic call noop-repeat-setoid_rewrite-regression-cubic ran for 0.186 secs (0.186u,0.s) (success)
Tactic call noop-repeat-rewrite_strat-topdown-regression-cubic ran for 0.186 secs (0.186u,0.s) (success)
Tactic call noop-repeat-rewrite_strat-bottomup-regression-cubic ran for 0.185 secs (0.185u,0.s) (success)
Params: n= 80
Tactic call noop-repeat-setoid_rewrite-regression-cubic ran for 0.273 secs (0.273u,0.s) (success)
Tactic call noop-repeat-rewrite_strat-topdown-regression-cubic ran for 0.273 secs (0.273u,0.s) (success)
Tactic call noop-repeat-rewrite_strat-bottomup-regression-cubic ran for 0.271 secs (0.271u,0.s) (success)
Params: n= 90
Tactic call noop-repeat-setoid_rewrite-regression-cubic ran for 0.385 secs (0.384u,0.s) (success)
Tactic call noop-repeat-rewrite_strat-topdown-regression-cubic ran for 0.38 secs (0.38u,0.s) (success)
Tactic call noop-repeat-rewrite_strat-bottomup-regression-cubic ran for 0.382 secs (0.382u,0.s) (success)
Params: n= 110
Tactic call noop-repeat-setoid_rewrite-regression-cubic ran for 0.697 secs (0.697u,0.s) (success)
Tactic call noop-repeat-rewrite_strat-topdown-regression-cubic ran for 0.692 secs (0.692u,0.s) (success)
Tactic call noop-repeat-rewrite_strat-bottomup-regression-cubic ran for 0.691 secs (0.691u,0.s) (success)
Params: n= 120
Tactic call noop-repeat-setoid_rewrite-regression-cubic ran for 0.891 secs (0.891u,0.s) (success)
Tactic call noop-repeat-rewrite_strat-topdown-regression-cubic ran for 0.89 secs (0.89u,0.s) (success)
Tactic call noop-repeat-rewrite_strat-bottomup-regression-cubic ran for 0.895 secs (0.895u,0.s) (success)
Params: n= 130
Tactic call noop-repeat-setoid_rewrite-regression-cubic ran for 1.135 secs (1.135u,0.s) (success)
Tactic call noop-repeat-rewrite_strat-topdown-regression-cubic ran for 1.135 secs (1.135u,0.s) (success)
Tactic call noop-repeat-rewrite_strat-bottomup-regression-cubic ran for 1.134 secs (1.134u,0.s) (success)
Params: n= 140
Tactic call noop-repeat-setoid_rewrite-regression-cubic ran for 1.415 secs (1.415u,0.s) (success)
Tactic call noop-repeat-rewrite_strat-topdown-regression-cubic ran for 1.415 secs (1.415u,0.s) (success)
Tactic call noop-repeat-rewrite_strat-bottomup-regression-cubic ran for 1.423 secs (1.422u,0.s) (success)
Params: n= 160
Tactic call noop-repeat-setoid_rewrite-regression-cubic ran for 2.112 secs (2.112u,0.s) (success)
Tactic call noop-repeat-rewrite_strat-topdown-regression-cubic ran for 2.114 secs (2.113u,0.s) (success)
Tactic call noop-repeat-rewrite_strat-bottomup-regression-cubic ran for 2.106 secs (2.106u,0.s) (success)
Params: n= 170
Tactic call noop-repeat-setoid_rewrite-regression-cubic ran for 2.519 secs (2.519u,0.s) (success)
Tactic call noop-repeat-rewrite_strat-topdown-regression-cubic ran for 2.484 secs (2.484u,0.s) (success)
Tactic call noop-repeat-rewrite_strat-bottomup-regression-cubic ran for 2.493 secs (2.492u,0.s) (success)
Params: n= 180
Tactic call noop-repeat-setoid_rewrite-regression-cubic ran for 2.959 secs (2.959u,0.s) (success)
Tactic call noop-repeat-rewrite_strat-topdown-regression-cubic ran for 2.969 secs (2.968u,0.s) (success)
Tactic call noop-repeat-rewrite_strat-bottomup-regression-cubic ran for 3.015 secs (3.015u,0.s) (success)
Params: n= 190
Tactic call noop-repeat-setoid_rewrite-regression-cubic ran for 3.54 secs (3.54u,0.s) (success)
Tactic call noop-repeat-rewrite_strat-topdown-regression-cubic ran for 3.525 secs (3.525u,0.s) (success)
Tactic call noop-repeat-rewrite_strat-bottomup-regression-cubic ran for 3.553 secs (3.553u,0.s) (success)
