Params: n= 4
Tactic call ssr-rewrite!-regression-quadratic ran for 0. secs (0.u,0.s) (success)
Tactic call ssr-rewrite?-noop-regression-linear ran for 0. secs (0.u,0.s) (success)
Tactic call abstract-regression-quadratic ran for 0.001 secs (0.001u,0.s) (success)
Tactic call close-abstract-regression-quadratic ran for 0. secs (0.u,0.s)
Params: n= 5
Tactic call ssr-rewrite!-regression-quadratic ran for 0. secs (0.u,0.s) (success)
Tactic call ssr-rewrite?-noop-regression-linear ran for 0. secs (0.u,0.s) (success)
Tactic call abstract-regression-quadratic ran for 0.001 secs (0.001u,0.s) (success)
Tactic call close-abstract-regression-quadratic ran for 0. secs (0.u,0.s)
Params: n= 6
Tactic call ssr-rewrite!-regression-quadratic ran for 0. secs (0.u,0.s) (success)
Tactic call ssr-rewrite?-noop-regression-linear ran for 0. secs (0.u,0.s) (success)
Tactic call abstract-regression-quadratic ran for 0.001 secs (0.001u,0.s) (success)
Tactic call close-abstract-regression-quadratic ran for 0. secs (0.u,0.s)
Params: n= 7
Tactic call ssr-rewrite!-regression-quadratic ran for 0. secs (0.u,0.s) (success)
Tactic call ssr-rewrite?-noop-regression-linear ran for 0. secs (0.u,0.s) (success)
Tactic call abstract-regression-quadratic ran for 0.001 secs (0.001u,0.s) (success)
Tactic call close-abstract-regression-quadratic ran for 0. secs (0.u,0.s)
Params: n= 8
Tactic call ssr-rewrite!-regression-quadratic ran for 0.001 secs (0.001u,0.s) (success)
Tactic call ssr-rewrite?-noop-regression-linear ran for 0. secs (0.u,0.s) (success)
Tactic call abstract-regression-quadratic ran for 0.001 secs (0.001u,0.s) (success)
Tactic call close-abstract-regression-quadratic ran for 0. secs (0.u,0.s)
Params: n= 9
Tactic call ssr-rewrite!-regression-quadratic ran for 0.001 secs (0.001u,0.s) (success)
Tactic call ssr-rewrite?-noop-regression-linear ran for 0. secs (0.u,0.s) (success)
Tactic call abstract-regression-quadratic ran for 0.002 secs (0.002u,0.s) (success)
Tactic call close-abstract-regression-quadratic ran for 0. secs (0.u,0.s)
Params: n= 10
Tactic call ssr-rewrite!-regression-quadratic ran for 0.001 secs (0.001u,0.s) (success)
Tactic call ssr-rewrite?-noop-regression-linear ran for 0. secs (0.u,0.s) (success)
Tactic call abstract-regression-quadratic ran for 0.002 secs (0.002u,0.s) (success)
Tactic call close-abstract-regression-quadratic ran for 0. secs (0.u,0.s)
Params: n= 11
Tactic call ssr-rewrite!-regression-quadratic ran for 0.001 secs (0.001u,0.s) (success)
Tactic call ssr-rewrite?-noop-regression-linear ran for 0. secs (0.u,0.s) (success)
Tactic call abstract-regression-quadratic ran for 0.002 secs (0.002u,0.s) (success)
Tactic call close-abstract-regression-quadratic ran for 0. secs (0.u,0.s)
Params: n= 12
Tactic call ssr-rewrite!-regression-quadratic ran for 0.002 secs (0.001u,0.s) (success)
Tactic call ssr-rewrite?-noop-regression-linear ran for 0. secs (0.u,0.s) (success)
Tactic call abstract-regression-quadratic ran for 0.003 secs (0.002u,0.s) (success)
Tactic call close-abstract-regression-quadratic ran for 0. secs (0.u,0.s)
Params: n= 13
Tactic call ssr-rewrite!-regression-quadratic ran for 0.002 secs (0.002u,0.s) (success)
Tactic call ssr-rewrite?-noop-regression-linear ran for 0. secs (0.u,0.s) (success)
Tactic call abstract-regression-quadratic ran for 0.003 secs (0.003u,0.s) (success)
Tactic call close-abstract-regression-quadratic ran for 0.001 secs (0.001u,0.s)
Params: n= 14
Tactic call ssr-rewrite!-regression-quadratic ran for 0.002 secs (0.001u,0.s) (success)
Tactic call ssr-rewrite?-noop-regression-linear ran for 0. secs (0.u,0.s) (success)
Tactic call abstract-regression-quadratic ran for 0.003 secs (0.001u,0.001s) (success)
Tactic call close-abstract-regression-quadratic ran for 0.001 secs (0.u,0.001s)
Params: n= 15
Tactic call ssr-rewrite!-regression-quadratic ran for 0.002 secs (0.001u,0.001s) (success)
Tactic call ssr-rewrite?-noop-regression-linear ran for 0. secs (0.u,0.s) (success)
Tactic call abstract-regression-quadratic ran for 0.004 secs (0.003u,0.001s) (success)
Tactic call close-abstract-regression-quadratic ran for 0.001 secs (0.001u,0.s)
Params: n= 16
Tactic call ssr-rewrite!-regression-quadratic ran for 0.002 secs (0.002u,0.s) (success)
Tactic call ssr-rewrite?-noop-regression-linear ran for 0. secs (0.u,0.s) (success)
Tactic call abstract-regression-quadratic ran for 0.004 secs (0.002u,0.001s) (success)
Tactic call close-abstract-regression-quadratic ran for 0.001 secs (0.u,0.s)
Params: n= 17
Tactic call ssr-rewrite!-regression-quadratic ran for 0.003 secs (0.002u,0.s) (success)
Tactic call ssr-rewrite?-noop-regression-linear ran for 0. secs (0.u,0.s) (success)
Tactic call abstract-regression-quadratic ran for 0.041 secs (0.04u,0.s) (success)
Tactic call close-abstract-regression-quadratic ran for 0.038 secs (0.038u,0.s)
Params: n= 18
Tactic call ssr-rewrite!-regression-quadratic ran for 0.002 secs (0.002u,0.s) (success)
Tactic call ssr-rewrite?-noop-regression-linear ran for 0. secs (0.u,0.s) (success)
Tactic call abstract-regression-quadratic ran for 0.004 secs (0.004u,0.s) (success)
Tactic call close-abstract-regression-quadratic ran for 0.001 secs (0.001u,0.s)
Params: n= 19
Tactic call ssr-rewrite!-regression-quadratic ran for 0.003 secs (0.003u,0.s) (success)
Tactic call ssr-rewrite?-noop-regression-linear ran for 0. secs (0.u,0.s) (success)
Tactic call abstract-regression-quadratic ran for 0.004 secs (0.004u,0.s) (success)
Tactic call close-abstract-regression-quadratic ran for 0.001 secs (0.001u,0.s)
Params: n= 20
Tactic call ssr-rewrite!-regression-quadratic ran for 0.003 secs (0.003u,0.s) (success)
Tactic call ssr-rewrite?-noop-regression-linear ran for 0. secs (0.u,0.s) (success)
Tactic call abstract-regression-quadratic ran for 0.005 secs (0.005u,0.s) (success)
Tactic call close-abstract-regression-quadratic ran for 0.001 secs (0.001u,0.s)
Params: n= 21
Tactic call ssr-rewrite!-regression-quadratic ran for 0.003 secs (0.003u,0.s) (success)
Tactic call ssr-rewrite?-noop-regression-linear ran for 0. secs (0.u,0.s) (success)
Tactic call abstract-regression-quadratic ran for 0.005 secs (0.005u,0.s) (success)
Tactic call close-abstract-regression-quadratic ran for 0.001 secs (0.001u,0.s)
Params: n= 22
Tactic call ssr-rewrite!-regression-quadratic ran for 0.003 secs (0.003u,0.s) (success)
Tactic call ssr-rewrite?-noop-regression-linear ran for 0. secs (0.u,0.s) (success)
Tactic call abstract-regression-quadratic ran for 0.006 secs (0.006u,0.s) (success)
Tactic call close-abstract-regression-quadratic ran for 0.001 secs (0.001u,0.s)
Params: n= 23
Tactic call ssr-rewrite!-regression-quadratic ran for 0.004 secs (0.004u,0.s) (success)
Tactic call ssr-rewrite?-noop-regression-linear ran for 0. secs (0.u,0.s) (success)
Tactic call abstract-regression-quadratic ran for 0.006 secs (0.006u,0.s) (success)
Tactic call close-abstract-regression-quadratic ran for 0.002 secs (0.002u,0.s)
Params: n= 24
Tactic call ssr-rewrite!-regression-quadratic ran for 0.005 secs (0.005u,0.s) (success)
Tactic call ssr-rewrite?-noop-regression-linear ran for 0. secs (0.u,0.s) (success)
Tactic call abstract-regression-quadratic ran for 0.007 secs (0.007u,0.s) (success)
Tactic call close-abstract-regression-quadratic ran for 0.002 secs (0.002u,0.s)
Params: n= 25
Tactic call ssr-rewrite!-regression-quadratic ran for 0.004 secs (0.004u,0.s) (success)
Tactic call ssr-rewrite?-noop-regression-linear ran for 0. secs (0.u,0.s) (success)
Tactic call abstract-regression-quadratic ran for 0.007 secs (0.007u,0.s) (success)
Tactic call close-abstract-regression-quadratic ran for 0.002 secs (0.002u,0.s)
Params: n= 26
Tactic call ssr-rewrite!-regression-quadratic ran for 0.005 secs (0.005u,0.s) (success)
Tactic call ssr-rewrite?-noop-regression-linear ran for 0. secs (0.u,0.s) (success)
Tactic call abstract-regression-quadratic ran for 0.007 secs (0.007u,0.s) (success)
Tactic call close-abstract-regression-quadratic ran for 0.002 secs (0.002u,0.s)
Params: n= 27
Tactic call ssr-rewrite!-regression-quadratic ran for 0.005 secs (0.005u,0.s) (success)
Tactic call ssr-rewrite?-noop-regression-linear ran for 0. secs (0.u,0.s) (success)
Tactic call abstract-regression-quadratic ran for 0.008 secs (0.008u,0.s) (success)
Tactic call close-abstract-regression-quadratic ran for 0.002 secs (0.002u,0.s)
Params: n= 28
Tactic call ssr-rewrite!-regression-quadratic ran for 0.005 secs (0.005u,0.s) (success)
Tactic call ssr-rewrite?-noop-regression-linear ran for 0. secs (0.u,0.s) (success)
Tactic call abstract-regression-quadratic ran for 0.01 secs (0.01u,0.s) (success)
Tactic call close-abstract-regression-quadratic ran for 0.004 secs (0.004u,0.s)
Params: n= 29
Tactic call ssr-rewrite!-regression-quadratic ran for 0.006 secs (0.006u,0.s) (success)
Tactic call ssr-rewrite?-noop-regression-linear ran for 0. secs (0.u,0.s) (success)
Tactic call abstract-regression-quadratic ran for 0.009 secs (0.009u,0.s) (success)
Tactic call close-abstract-regression-quadratic ran for 0.003 secs (0.003u,0.s)
Params: n= 30
Tactic call ssr-rewrite!-regression-quadratic ran for 0.006 secs (0.006u,0.s) (success)
Tactic call ssr-rewrite?-noop-regression-linear ran for 0. secs (0.u,0.s) (success)
Tactic call abstract-regression-quadratic ran for 0.01 secs (0.01u,0.s) (success)
Tactic call close-abstract-regression-quadratic ran for 0.003 secs (0.003u,0.s)
Params: n= 31
Tactic call ssr-rewrite!-regression-quadratic ran for 0.007 secs (0.007u,0.s) (success)
Tactic call ssr-rewrite?-noop-regression-linear ran for 0. secs (0.u,0.s) (success)
Tactic call abstract-regression-quadratic ran for 0.011 secs (0.011u,0.s) (success)
Tactic call close-abstract-regression-quadratic ran for 0.003 secs (0.003u,0.s)
Params: n= 32
Tactic call ssr-rewrite!-regression-quadratic ran for 0.007 secs (0.007u,0.s) (success)
Tactic call ssr-rewrite?-noop-regression-linear ran for 0. secs (0.u,0.s) (success)
Tactic call abstract-regression-quadratic ran for 0.011 secs (0.011u,0.s) (success)
Tactic call close-abstract-regression-quadratic ran for 0.003 secs (0.003u,0.s)
Params: n= 33
Tactic call ssr-rewrite!-regression-quadratic ran for 0.007 secs (0.007u,0.s) (success)
Tactic call ssr-rewrite?-noop-regression-linear ran for 0. secs (0.u,0.s) (success)
Tactic call abstract-regression-quadratic ran for 0.012 secs (0.012u,0.s) (success)
Tactic call close-abstract-regression-quadratic ran for 0.003 secs (0.003u,0.s)
Params: n= 34
Tactic call ssr-rewrite!-regression-quadratic ran for 0.008 secs (0.008u,0.s) (success)
Tactic call ssr-rewrite?-noop-regression-linear ran for 0. secs (0.u,0.s) (success)
Tactic call abstract-regression-quadratic ran for 0.012 secs (0.012u,0.s) (success)
Tactic call close-abstract-regression-quadratic ran for 0.004 secs (0.004u,0.s)
Params: n= 35
Tactic call ssr-rewrite!-regression-quadratic ran for 0.01 secs (0.009u,0.s) (success)
Tactic call ssr-rewrite?-noop-regression-linear ran for 0. secs (0.u,0.s) (success)
Tactic call abstract-regression-quadratic ran for 0.014 secs (0.014u,0.s) (success)
Tactic call close-abstract-regression-quadratic ran for 0.004 secs (0.004u,0.s)
Params: n= 36
Tactic call ssr-rewrite!-regression-quadratic ran for 0.009 secs (0.009u,0.s) (success)
Tactic call ssr-rewrite?-noop-regression-linear ran for 0. secs (0.u,0.s) (success)
Tactic call abstract-regression-quadratic ran for 0.014 secs (0.014u,0.s) (success)
Tactic call close-abstract-regression-quadratic ran for 0.004 secs (0.004u,0.s)
Params: n= 37
Tactic call ssr-rewrite!-regression-quadratic ran for 0.01 secs (0.01u,0.s) (success)
Tactic call ssr-rewrite?-noop-regression-linear ran for 0. secs (0.u,0.s) (success)
Tactic call abstract-regression-quadratic ran for 0.015 secs (0.015u,0.s) (success)
Tactic call close-abstract-regression-quadratic ran for 0.004 secs (0.004u,0.s)
Params: n= 38
Tactic call ssr-rewrite!-regression-quadratic ran for 0.01 secs (0.01u,0.s) (success)
Tactic call ssr-rewrite?-noop-regression-linear ran for 0. secs (0.u,0.s) (success)
Tactic call abstract-regression-quadratic ran for 0.015 secs (0.015u,0.s) (success)
Tactic call close-abstract-regression-quadratic ran for 0.005 secs (0.005u,0.s)
Params: n= 39
Tactic call ssr-rewrite!-regression-quadratic ran for 0.01 secs (0.01u,0.s) (success)
Tactic call ssr-rewrite?-noop-regression-linear ran for 0. secs (0.u,0.s) (success)
Tactic call abstract-regression-quadratic ran for 0.019 secs (0.018u,0.s) (success)
Tactic call close-abstract-regression-quadratic ran for 0.008 secs (0.008u,0.s)
Params: n= 40
Tactic call ssr-rewrite!-regression-quadratic ran for 0.01 secs (0.01u,0.s) (success)
Tactic call ssr-rewrite?-noop-regression-linear ran for 0. secs (0.u,0.s) (success)
Tactic call abstract-regression-quadratic ran for 0.016 secs (0.016u,0.s) (success)
Tactic call close-abstract-regression-quadratic ran for 0.005 secs (0.005u,0.s)
Params: n= 41
Tactic call ssr-rewrite!-regression-quadratic ran for 0.011 secs (0.011u,0.s) (success)
Tactic call ssr-rewrite?-noop-regression-linear ran for 0. secs (0.u,0.s) (success)
Tactic call abstract-regression-quadratic ran for 0.018 secs (0.018u,0.s) (success)
Tactic call close-abstract-regression-quadratic ran for 0.006 secs (0.006u,0.s)
Params: n= 42
Tactic call ssr-rewrite!-regression-quadratic ran for 0.011 secs (0.011u,0.s) (success)
Tactic call ssr-rewrite?-noop-regression-linear ran for 0. secs (0.u,0.s) (success)
Tactic call abstract-regression-quadratic ran for 0.018 secs (0.018u,0.s) (success)
Tactic call close-abstract-regression-quadratic ran for 0.006 secs (0.006u,0.s)
Params: n= 43
Tactic call ssr-rewrite!-regression-quadratic ran for 0.012 secs (0.012u,0.s) (success)
Tactic call ssr-rewrite?-noop-regression-linear ran for 0. secs (0.u,0.s) (success)
Tactic call abstract-regression-quadratic ran for 0.021 secs (0.021u,0.s) (success)
Tactic call close-abstract-regression-quadratic ran for 0.008 secs (0.008u,0.s)
Params: n= 44
Tactic call ssr-rewrite!-regression-quadratic ran for 0.012 secs (0.012u,0.s) (success)
Tactic call ssr-rewrite?-noop-regression-linear ran for 0. secs (0.u,0.s) (success)
Tactic call abstract-regression-quadratic ran for 0.019 secs (0.019u,0.s) (success)
Tactic call close-abstract-regression-quadratic ran for 0.006 secs (0.006u,0.s)
Params: n= 45
Tactic call ssr-rewrite!-regression-quadratic ran for 0.014 secs (0.014u,0.s) (success)
Tactic call ssr-rewrite?-noop-regression-linear ran for 0. secs (0.u,0.s) (success)
Tactic call abstract-regression-quadratic ran for 0.021 secs (0.021u,0.s) (success)
Tactic call close-abstract-regression-quadratic ran for 0.006 secs (0.006u,0.s)
Params: n= 46
Tactic call ssr-rewrite!-regression-quadratic ran for 0.013 secs (0.013u,0.s) (success)
Tactic call ssr-rewrite?-noop-regression-linear ran for 0. secs (0.u,0.s) (success)
Tactic call abstract-regression-quadratic ran for 0.021 secs (0.021u,0.s) (success)
Tactic call close-abstract-regression-quadratic ran for 0.007 secs (0.007u,0.s)
Params: n= 47
Tactic call ssr-rewrite!-regression-quadratic ran for 0.014 secs (0.014u,0.s) (success)
Tactic call ssr-rewrite?-noop-regression-linear ran for 0. secs (0.u,0.s) (success)
Tactic call abstract-regression-quadratic ran for 0.022 secs (0.022u,0.s) (success)
Tactic call close-abstract-regression-quadratic ran for 0.007 secs (0.007u,0.s)
Params: n= 48
Tactic call ssr-rewrite!-regression-quadratic ran for 0.016 secs (0.016u,0.s) (success)
Tactic call ssr-rewrite?-noop-regression-linear ran for 0. secs (0.u,0.s) (success)
Tactic call abstract-regression-quadratic ran for 0.024 secs (0.024u,0.s) (success)
Tactic call close-abstract-regression-quadratic ran for 0.007 secs (0.007u,0.s)
Params: n= 49
Tactic call ssr-rewrite!-regression-quadratic ran for 0.015 secs (0.015u,0.s) (success)
Tactic call ssr-rewrite?-noop-regression-linear ran for 0. secs (0.u,0.s) (success)
Tactic call abstract-regression-quadratic ran for 0.026 secs (0.026u,0.s) (success)
Tactic call close-abstract-regression-quadratic ran for 0.01 secs (0.01u,0.s)
Params: n= 51
Tactic call ssr-rewrite!-regression-quadratic ran for 0.016 secs (0.016u,0.s) (success)
Tactic call ssr-rewrite?-noop-regression-linear ran for 0. secs (0.u,0.s) (success)
Tactic call abstract-regression-quadratic ran for 0.026 secs (0.026u,0.s) (success)
Tactic call close-abstract-regression-quadratic ran for 0.008 secs (0.008u,0.s)
Params: n= 52
Tactic call ssr-rewrite!-regression-quadratic ran for 0.018 secs (0.018u,0.s) (success)
Tactic call ssr-rewrite?-noop-regression-linear ran for 0. secs (0.u,0.s) (success)
Tactic call abstract-regression-quadratic ran for 0.027 secs (0.027u,0.s) (success)
Tactic call close-abstract-regression-quadratic ran for 0.009 secs (0.009u,0.s)
Params: n= 53
Tactic call ssr-rewrite!-regression-quadratic ran for 0.019 secs (0.019u,0.s) (success)
Tactic call ssr-rewrite?-noop-regression-linear ran for 0. secs (0.u,0.s) (success)
Tactic call abstract-regression-quadratic ran for 0.029 secs (0.029u,0.s) (success)
Tactic call close-abstract-regression-quadratic ran for 0.009 secs (0.009u,0.s)
Params: n= 54
Tactic call ssr-rewrite!-regression-quadratic ran for 0.018 secs (0.018u,0.s) (success)
Tactic call ssr-rewrite?-noop-regression-linear ran for 0. secs (0.u,0.s) (success)
Tactic call abstract-regression-quadratic ran for 0.03 secs (0.03u,0.s) (success)
Tactic call close-abstract-regression-quadratic ran for 0.009 secs (0.009u,0.s)
Params: n= 55
Tactic call ssr-rewrite!-regression-quadratic ran for 0.019 secs (0.019u,0.s) (success)
Tactic call ssr-rewrite?-noop-regression-linear ran for 0. secs (0.u,0.s) (success)
Tactic call abstract-regression-quadratic ran for 0.033 secs (0.033u,0.s) (success)
Tactic call close-abstract-regression-quadratic ran for 0.013 secs (0.013u,0.s)
Params: n= 56
Tactic call ssr-rewrite!-regression-quadratic ran for 0.02 secs (0.02u,0.s) (success)
Tactic call ssr-rewrite?-noop-regression-linear ran for 0. secs (0.u,0.s) (success)
Tactic call abstract-regression-quadratic ran for 0.032 secs (0.032u,0.s) (success)
Tactic call close-abstract-regression-quadratic ran for 0.011 secs (0.011u,0.s)
Params: n= 57
Tactic call ssr-rewrite!-regression-quadratic ran for 0.02 secs (0.02u,0.s) (success)
Tactic call ssr-rewrite?-noop-regression-linear ran for 0. secs (0.u,0.s) (success)
Tactic call abstract-regression-quadratic ran for 0.034 secs (0.034u,0.s) (success)
Tactic call close-abstract-regression-quadratic ran for 0.012 secs (0.012u,0.s)
Params: n= 58
Tactic call ssr-rewrite!-regression-quadratic ran for 0.021 secs (0.021u,0.s) (success)
Tactic call ssr-rewrite?-noop-regression-linear ran for 0. secs (0.u,0.s) (success)
Tactic call abstract-regression-quadratic ran for 0.034 secs (0.034u,0.s) (success)
Tactic call close-abstract-regression-quadratic ran for 0.012 secs (0.012u,0.s)
Params: n= 59
Tactic call ssr-rewrite!-regression-quadratic ran for 0.021 secs (0.021u,0.s) (success)
Tactic call ssr-rewrite?-noop-regression-linear ran for 0. secs (0.u,0.s) (success)
Tactic call abstract-regression-quadratic ran for 0.036 secs (0.036u,0.s) (success)
Tactic call close-abstract-regression-quadratic ran for 0.014 secs (0.014u,0.s)
Params: n= 60
Tactic call ssr-rewrite!-regression-quadratic ran for 0.022 secs (0.022u,0.s) (success)
Tactic call ssr-rewrite?-noop-regression-linear ran for 0. secs (0.u,0.s) (success)
Tactic call abstract-regression-quadratic ran for 0.036 secs (0.036u,0.s) (success)
Tactic call close-abstract-regression-quadratic ran for 0.013 secs (0.013u,0.s)
Params: n= 61
Tactic call ssr-rewrite!-regression-quadratic ran for 0.023 secs (0.023u,0.s) (success)
Tactic call ssr-rewrite?-noop-regression-linear ran for 0. secs (0.u,0.s) (success)
Tactic call abstract-regression-quadratic ran for 0.039 secs (0.039u,0.s) (success)
Tactic call close-abstract-regression-quadratic ran for 0.015 secs (0.015u,0.s)
Params: n= 62
Tactic call ssr-rewrite!-regression-quadratic ran for 0.024 secs (0.024u,0.s) (success)
Tactic call ssr-rewrite?-noop-regression-linear ran for 0. secs (0.u,0.s) (success)
Tactic call abstract-regression-quadratic ran for 0.038 secs (0.038u,0.s) (success)
Tactic call close-abstract-regression-quadratic ran for 0.013 secs (0.013u,0.s)
Params: n= 63
Tactic call ssr-rewrite!-regression-quadratic ran for 0.027 secs (0.027u,0.s) (success)
Tactic call ssr-rewrite?-noop-regression-linear ran for 0. secs (0.u,0.s) (success)
Tactic call abstract-regression-quadratic ran for 0.041 secs (0.041u,0.s) (success)
Tactic call close-abstract-regression-quadratic ran for 0.013 secs (0.013u,0.s)
Params: n= 64
Tactic call ssr-rewrite!-regression-quadratic ran for 0.027 secs (0.027u,0.s) (success)
Tactic call ssr-rewrite?-noop-regression-linear ran for 0. secs (0.u,0.s) (success)
Tactic call abstract-regression-quadratic ran for 0.041 secs (0.041u,0.s) (success)
Tactic call close-abstract-regression-quadratic ran for 0.013 secs (0.013u,0.s)
Params: n= 65
Tactic call ssr-rewrite!-regression-quadratic ran for 0.03 secs (0.03u,0.s) (success)
Tactic call ssr-rewrite?-noop-regression-linear ran for 0. secs (0.u,0.s) (success)
Tactic call abstract-regression-quadratic ran for 0.044 secs (0.044u,0.s) (success)
Tactic call close-abstract-regression-quadratic ran for 0.014 secs (0.014u,0.s)
Params: n= 66
Tactic call ssr-rewrite!-regression-quadratic ran for 0.028 secs (0.028u,0.s) (success)
Tactic call ssr-rewrite?-noop-regression-linear ran for 0. secs (0.u,0.s) (success)
Tactic call abstract-regression-quadratic ran for 0.044 secs (0.044u,0.s) (success)
Tactic call close-abstract-regression-quadratic ran for 0.015 secs (0.015u,0.s)
Params: n= 67
Tactic call ssr-rewrite!-regression-quadratic ran for 0.028 secs (0.028u,0.s) (success)
Tactic call ssr-rewrite?-noop-regression-linear ran for 0. secs (0.u,0.s) (success)
Tactic call abstract-regression-quadratic ran for 0.046 secs (0.046u,0.s) (success)
Tactic call close-abstract-regression-quadratic ran for 0.017 secs (0.017u,0.s)
Params: n= 68
Tactic call ssr-rewrite!-regression-quadratic ran for 0.032 secs (0.032u,0.s) (success)
Tactic call ssr-rewrite?-noop-regression-linear ran for 0. secs (0.u,0.s) (success)
Tactic call abstract-regression-quadratic ran for 0.048 secs (0.048u,0.s) (success)
Tactic call close-abstract-regression-quadratic ran for 0.015 secs (0.015u,0.s)
Params: n= 69
Tactic call ssr-rewrite!-regression-quadratic ran for 0.03 secs (0.03u,0.s) (success)
Tactic call ssr-rewrite?-noop-regression-linear ran for 0. secs (0.u,0.s) (success)
Tactic call abstract-regression-quadratic ran for 0.049 secs (0.049u,0.s) (success)
Tactic call close-abstract-regression-quadratic ran for 0.018 secs (0.018u,0.s)
Params: n= 70
Tactic call ssr-rewrite!-regression-quadratic ran for 0.03 secs (0.03u,0.s) (success)
Tactic call ssr-rewrite?-noop-regression-linear ran for 0. secs (0.u,0.s) (success)
Tactic call abstract-regression-quadratic ran for 0.049 secs (0.048u,0.s) (success)
Tactic call close-abstract-regression-quadratic ran for 0.018 secs (0.017u,0.s)
Params: n= 71
Tactic call ssr-rewrite!-regression-quadratic ran for 0.034 secs (0.034u,0.s) (success)
Tactic call ssr-rewrite?-noop-regression-linear ran for 0. secs (0.u,0.s) (success)
Tactic call abstract-regression-quadratic ran for 0.052 secs (0.052u,0.s) (success)
Tactic call close-abstract-regression-quadratic ran for 0.016 secs (0.016u,0.s)
Params: n= 72
Tactic call ssr-rewrite!-regression-quadratic ran for 0.031 secs (0.031u,0.s) (success)
Tactic call ssr-rewrite?-noop-regression-linear ran for 0. secs (0.u,0.s) (success)
Tactic call abstract-regression-quadratic ran for 0.05 secs (0.049u,0.s) (success)
Tactic call close-abstract-regression-quadratic ran for 0.018 secs (0.018u,0.s)
Params: n= 73
Tactic call ssr-rewrite!-regression-quadratic ran for 0.034 secs (0.034u,0.s) (success)
Tactic call ssr-rewrite?-noop-regression-linear ran for 0. secs (0.u,0.s) (success)
Tactic call abstract-regression-quadratic ran for 0.052 secs (0.052u,0.s) (success)
Tactic call close-abstract-regression-quadratic ran for 0.017 secs (0.017u,0.s)
Params: n= 74
Tactic call ssr-rewrite!-regression-quadratic ran for 0.036 secs (0.036u,0.s) (success)
Tactic call ssr-rewrite?-noop-regression-linear ran for 0. secs (0.u,0.s) (success)
Tactic call abstract-regression-quadratic ran for 0.056 secs (0.056u,0.s) (success)
Tactic call close-abstract-regression-quadratic ran for 0.019 secs (0.019u,0.s)
Params: n= 75
Tactic call ssr-rewrite!-regression-quadratic ran for 0.038 secs (0.038u,0.s) (success)
Tactic call ssr-rewrite?-noop-regression-linear ran for 0. secs (0.u,0.s) (success)
Tactic call abstract-regression-quadratic ran for 0.059 secs (0.059u,0.s) (success)
Tactic call close-abstract-regression-quadratic ran for 0.02 secs (0.02u,0.s)
Params: n= 76
Tactic call ssr-rewrite!-regression-quadratic ran for 0.04 secs (0.04u,0.s) (success)
Tactic call ssr-rewrite?-noop-regression-linear ran for 0. secs (0.u,0.s) (success)
Tactic call abstract-regression-quadratic ran for 0.06 secs (0.06u,0.s) (success)
Tactic call close-abstract-regression-quadratic ran for 0.019 secs (0.019u,0.s)
Params: n= 77
Tactic call ssr-rewrite!-regression-quadratic ran for 0.037 secs (0.037u,0.s) (success)
Tactic call ssr-rewrite?-noop-regression-linear ran for 0. secs (0.u,0.s) (success)
Tactic call abstract-regression-quadratic ran for 0.059 secs (0.059u,0.s) (success)
Tactic call close-abstract-regression-quadratic ran for 0.021 secs (0.021u,0.s)
Params: n= 78
Tactic call ssr-rewrite!-regression-quadratic ran for 0.038 secs (0.038u,0.s) (success)
Tactic call ssr-rewrite?-noop-regression-linear ran for 0. secs (0.u,0.s) (success)
Tactic call abstract-regression-quadratic ran for 0.062 secs (0.062u,0.s) (success)
Tactic call close-abstract-regression-quadratic ran for 0.023 secs (0.023u,0.s)
Params: n= 79
Tactic call ssr-rewrite!-regression-quadratic ran for 0.04 secs (0.04u,0.s) (success)
Tactic call ssr-rewrite?-noop-regression-linear ran for 0. secs (0.u,0.s) (success)
Tactic call abstract-regression-quadratic ran for 0.061 secs (0.061u,0.s) (success)
Tactic call close-abstract-regression-quadratic ran for 0.02 secs (0.02u,0.s)
Params: n= 80
Tactic call ssr-rewrite!-regression-quadratic ran for 0.048 secs (0.048u,0.s) (success)
Tactic call ssr-rewrite?-noop-regression-linear ran for 0. secs (0.u,0.s) (success)
Tactic call abstract-regression-quadratic ran for 0.069 secs (0.069u,0.s) (success)
Tactic call close-abstract-regression-quadratic ran for 0.02 secs (0.02u,0.s)
Params: n= 81
Tactic call ssr-rewrite!-regression-quadratic ran for 0.044 secs (0.044u,0.s) (success)
Tactic call ssr-rewrite?-noop-regression-linear ran for 0. secs (0.u,0.s) (success)
Tactic call abstract-regression-quadratic ran for 0.069 secs (0.069u,0.s) (success)
Tactic call close-abstract-regression-quadratic ran for 0.023 secs (0.023u,0.s)
Params: n= 82
Tactic call ssr-rewrite!-regression-quadratic ran for 0.044 secs (0.044u,0.s) (success)
Tactic call ssr-rewrite?-noop-regression-linear ran for 0. secs (0.u,0.s) (success)
Tactic call abstract-regression-quadratic ran for 0.069 secs (0.069u,0.s) (success)
Tactic call close-abstract-regression-quadratic ran for 0.024 secs (0.024u,0.s)
Params: n= 83
Tactic call ssr-rewrite!-regression-quadratic ran for 0.046 secs (0.046u,0.s) (success)
Tactic call ssr-rewrite?-noop-regression-linear ran for 0. secs (0.u,0.s) (success)
Tactic call abstract-regression-quadratic ran for 0.071 secs (0.071u,0.s) (success)
Tactic call close-abstract-regression-quadratic ran for 0.024 secs (0.024u,0.s)
Params: n= 84
Tactic call ssr-rewrite!-regression-quadratic ran for 0.043 secs (0.043u,0.s) (success)
Tactic call ssr-rewrite?-noop-regression-linear ran for 0. secs (0.u,0.s) (success)
Tactic call abstract-regression-quadratic ran for 0.069 secs (0.068u,0.s) (success)
Tactic call close-abstract-regression-quadratic ran for 0.025 secs (0.024u,0.s)
Params: n= 85
Tactic call ssr-rewrite!-regression-quadratic ran for 0.043 secs (0.043u,0.s) (success)
Tactic call ssr-rewrite?-noop-regression-linear ran for 0. secs (0.u,0.s) (success)
Tactic call abstract-regression-quadratic ran for 0.07 secs (0.07u,0.s) (success)
Tactic call close-abstract-regression-quadratic ran for 0.025 secs (0.025u,0.s)
Params: n= 86
Tactic call ssr-rewrite!-regression-quadratic ran for 0.045 secs (0.045u,0.s) (success)
Tactic call ssr-rewrite?-noop-regression-linear ran for 0. secs (0.u,0.s) (success)
Tactic call abstract-regression-quadratic ran for 0.072 secs (0.071u,0.s) (success)
Tactic call close-abstract-regression-quadratic ran for 0.026 secs (0.025u,0.s)
Params: n= 87
Tactic call ssr-rewrite!-regression-quadratic ran for 0.046 secs (0.046u,0.s) (success)
Tactic call ssr-rewrite?-noop-regression-linear ran for 0. secs (0.u,0.s) (success)
Tactic call abstract-regression-quadratic ran for 0.075 secs (0.075u,0.s) (success)
Tactic call close-abstract-regression-quadratic ran for 0.028 secs (0.028u,0.s)
Params: n= 88
Tactic call ssr-rewrite!-regression-quadratic ran for 0.052 secs (0.051u,0.s) (success)
Tactic call ssr-rewrite?-noop-regression-linear ran for 0. secs (0.u,0.s) (success)
Tactic call abstract-regression-quadratic ran for 0.078 secs (0.077u,0.001s) (success)
Tactic call close-abstract-regression-quadratic ran for 0.025 secs (0.025u,0.s)
Params: n= 89
Tactic call ssr-rewrite!-regression-quadratic ran for 0.052 secs (0.052u,0.s) (success)
Tactic call ssr-rewrite?-noop-regression-linear ran for 0. secs (0.u,0.s) (success)
Tactic call abstract-regression-quadratic ran for 0.079 secs (0.079u,0.s) (success)
Tactic call close-abstract-regression-quadratic ran for 0.026 secs (0.026u,0.s)
Params: n= 90
Tactic call ssr-rewrite!-regression-quadratic ran for 0.052 secs (0.051u,0.s) (success)
Tactic call ssr-rewrite?-noop-regression-linear ran for 0. secs (0.u,0.s) (success)
Tactic call abstract-regression-quadratic ran for 0.08 secs (0.079u,0.s) (success)
Tactic call close-abstract-regression-quadratic ran for 0.027 secs (0.027u,0.s)
Params: n= 91
Tactic call ssr-rewrite!-regression-quadratic ran for 0.051 secs (0.051u,0.s) (success)
Tactic call ssr-rewrite?-noop-regression-linear ran for 0. secs (0.u,0.s) (success)
Tactic call abstract-regression-quadratic ran for 0.079 secs (0.079u,0.s) (success)
Tactic call close-abstract-regression-quadratic ran for 0.027 secs (0.027u,0.s)
Params: n= 92
Tactic call ssr-rewrite!-regression-quadratic ran for 0.051 secs (0.051u,0.s) (success)
Tactic call ssr-rewrite?-noop-regression-linear ran for 0. secs (0.u,0.s) (success)
Tactic call abstract-regression-quadratic ran for 0.081 secs (0.08u,0.s) (success)
Tactic call close-abstract-regression-quadratic ran for 0.029 secs (0.028u,0.s)
Params: n= 93
Tactic call ssr-rewrite!-regression-quadratic ran for 0.052 secs (0.052u,0.s) (success)
Tactic call ssr-rewrite?-noop-regression-linear ran for 0. secs (0.u,0.s) (success)
Tactic call abstract-regression-quadratic ran for 0.084 secs (0.084u,0.s) (success)
Tactic call close-abstract-regression-quadratic ran for 0.03 secs (0.03u,0.s)
Params: n= 94
Tactic call ssr-rewrite!-regression-quadratic ran for 0.058 secs (0.058u,0.s) (success)
Tactic call ssr-rewrite?-noop-regression-linear ran for 0. secs (0.u,0.s) (success)
Tactic call abstract-regression-quadratic ran for 0.089 secs (0.089u,0.s) (success)
Tactic call close-abstract-regression-quadratic ran for 0.029 secs (0.029u,0.s)
Params: n= 95
Tactic call ssr-rewrite!-regression-quadratic ran for 0.056 secs (0.056u,0.s) (success)
Tactic call ssr-rewrite?-noop-regression-linear ran for 0. secs (0.u,0.s) (success)
Tactic call abstract-regression-quadratic ran for 0.087 secs (0.087u,0.s) (success)
Tactic call close-abstract-regression-quadratic ran for 0.03 secs (0.03u,0.s)
Params: n= 96
Tactic call ssr-rewrite!-regression-quadratic ran for 0.056 secs (0.056u,0.s) (success)
Tactic call ssr-rewrite?-noop-regression-linear ran for 0. secs (0.u,0.s) (success)
Tactic call abstract-regression-quadratic ran for 0.089 secs (0.089u,0.s) (success)
Tactic call close-abstract-regression-quadratic ran for 0.032 secs (0.032u,0.s)
Params: n= 97
Tactic call ssr-rewrite!-regression-quadratic ran for 0.06 secs (0.06u,0.s) (success)
Tactic call ssr-rewrite?-noop-regression-linear ran for 0. secs (0.u,0.s) (success)
Tactic call abstract-regression-quadratic ran for 0.096 secs (0.096u,0.s) (success)
Tactic call close-abstract-regression-quadratic ran for 0.034 secs (0.034u,0.s)
Params: n= 98
Tactic call ssr-rewrite!-regression-quadratic ran for 0.059 secs (0.059u,0.s) (success)
Tactic call ssr-rewrite?-noop-regression-linear ran for 0. secs (0.u,0.s) (success)
Tactic call abstract-regression-quadratic ran for 0.093 secs (0.093u,0.s) (success)
Tactic call close-abstract-regression-quadratic ran for 0.033 secs (0.033u,0.s)
Params: n= 99
Tactic call ssr-rewrite!-regression-quadratic ran for 0.07 secs (0.07u,0.s) (success)
Tactic call ssr-rewrite?-noop-regression-linear ran for 0. secs (0.u,0.s) (success)
Tactic call abstract-regression-quadratic ran for 0.111 secs (0.111u,0.s) (success)
Tactic call close-abstract-regression-quadratic ran for 0.039 secs (0.039u,0.s)
Params: n= 110
Tactic call ssr-rewrite!-regression-quadratic ran for 0.077 secs (0.077u,0.s) (success)
Tactic call ssr-rewrite?-noop-regression-linear ran for 0. secs (0.u,0.s) (success)
Tactic call abstract-regression-quadratic ran for 0.119 secs (0.119u,0.s) (success)
Tactic call close-abstract-regression-quadratic ran for 0.041 secs (0.041u,0.s)
Params: n= 120
Tactic call ssr-rewrite!-regression-quadratic ran for 0.101 secs (0.101u,0.s) (success)
Tactic call ssr-rewrite?-noop-regression-linear ran for 0. secs (0.u,0.s) (success)
Tactic call abstract-regression-quadratic ran for 0.151 secs (0.15u,0.s) (success)
Tactic call close-abstract-regression-quadratic ran for 0.048 secs (0.047u,0.s)
Params: n= 130
Tactic call ssr-rewrite!-regression-quadratic ran for 0.116 secs (0.116u,0.s) (success)
Tactic call ssr-rewrite?-noop-regression-linear ran for 0. secs (0.u,0.s) (success)
Tactic call abstract-regression-quadratic ran for 0.182 secs (0.182u,0.s) (success)
Tactic call close-abstract-regression-quadratic ran for 0.065 secs (0.065u,0.s)
Params: n= 140
Tactic call ssr-rewrite!-regression-quadratic ran for 0.121 secs (0.121u,0.s) (success)
Tactic call ssr-rewrite?-noop-regression-linear ran for 0. secs (0.u,0.s) (success)
Tactic call abstract-regression-quadratic ran for 0.195 secs (0.194u,0.s) (success)
Tactic call close-abstract-regression-quadratic ran for 0.072 secs (0.071u,0.s)
Params: n= 160
Tactic call ssr-rewrite!-regression-quadratic ran for 0.152 secs (0.152u,0.s) (success)
Tactic call ssr-rewrite?-noop-regression-linear ran for 0. secs (0.u,0.s) (success)
Tactic call abstract-regression-quadratic ran for 0.239 secs (0.239u,0.s) (success)
Tactic call close-abstract-regression-quadratic ran for 0.086 secs (0.086u,0.s)
Params: n= 170
Tactic call ssr-rewrite!-regression-quadratic ran for 0.172 secs (0.172u,0.s) (success)
Tactic call ssr-rewrite?-noop-regression-linear ran for 0. secs (0.u,0.s) (success)
Tactic call abstract-regression-quadratic ran for 0.277 secs (0.277u,0.s) (success)
Tactic call close-abstract-regression-quadratic ran for 0.103 secs (0.103u,0.s)
Params: n= 180
Tactic call ssr-rewrite!-regression-quadratic ran for 0.19 secs (0.19u,0.s) (success)
Tactic call ssr-rewrite?-noop-regression-linear ran for 0. secs (0.u,0.s) (success)
Tactic call abstract-regression-quadratic ran for 0.303 secs (0.303u,0.s) (success)
Tactic call close-abstract-regression-quadratic ran for 0.111 secs (0.111u,0.s)
Params: n= 190
Tactic call ssr-rewrite!-regression-quadratic ran for 0.216 secs (0.216u,0.s) (success)
Tactic call ssr-rewrite?-noop-regression-linear ran for 0. secs (0.u,0.s) (success)
Tactic call abstract-regression-quadratic ran for 0.352 secs (0.352u,0.s) (success)
Tactic call close-abstract-regression-quadratic ran for 0.135 secs (0.135u,0.s)
Params: n= 210
Tactic call ssr-rewrite!-regression-quadratic ran for 0.279 secs (0.279u,0.s) (success)
Tactic call ssr-rewrite?-noop-regression-linear ran for 0. secs (0.u,0.s) (success)
Tactic call abstract-regression-quadratic ran for 0.447 secs (0.447u,0.s) (success)
Tactic call close-abstract-regression-quadratic ran for 0.166 secs (0.166u,0.s)
Params: n= 220
Tactic call ssr-rewrite!-regression-quadratic ran for 0.283 secs (0.28u,0.002s) (success)
Tactic call ssr-rewrite?-noop-regression-linear ran for 0. secs (0.u,0.s) (success)
Tactic call abstract-regression-quadratic ran for 0.455 secs (0.45u,0.004s) (success)
Tactic call close-abstract-regression-quadratic ran for 0.167 secs (0.165u,0.001s)
Params: n= 230
Tactic call ssr-rewrite!-regression-quadratic ran for 0.313 secs (0.312u,0.s) (success)
Tactic call ssr-rewrite?-noop-regression-linear ran for 0. secs (0.u,0.s) (success)
Tactic call abstract-regression-quadratic ran for 0.494 secs (0.493u,0.001s) (success)
Tactic call close-abstract-regression-quadratic ran for 0.18 secs (0.18u,0.s)
Params: n= 240
Tactic call ssr-rewrite!-regression-quadratic ran for 0.346 secs (0.346u,0.s) (success)
Tactic call ssr-rewrite?-noop-regression-linear ran for 0. secs (0.u,0.s) (success)
Tactic call abstract-regression-quadratic ran for 0.574 secs (0.574u,0.s) (success)
Tactic call close-abstract-regression-quadratic ran for 0.226 secs (0.226u,0.s)
Params: n= 260
Tactic call ssr-rewrite!-regression-quadratic ran for 0.404 secs (0.404u,0.s) (success)
Tactic call ssr-rewrite?-noop-regression-linear ran for 0. secs (0.u,0.s) (success)
Tactic call abstract-regression-quadratic ran for 0.641 secs (0.641u,0.s) (success)
Tactic call close-abstract-regression-quadratic ran for 0.235 secs (0.235u,0.s)
Params: n= 270
Tactic call ssr-rewrite!-regression-quadratic ran for 0.429 secs (0.429u,0.s) (success)
Tactic call ssr-rewrite?-noop-regression-linear ran for 0. secs (0.u,0.s) (success)
Tactic call abstract-regression-quadratic ran for 0.679 secs (0.679u,0.s) (success)
Tactic call close-abstract-regression-quadratic ran for 0.248 secs (0.248u,0.s)
Params: n= 280
Tactic call ssr-rewrite!-regression-quadratic ran for 0.492 secs (0.492u,0.s) (success)
Tactic call ssr-rewrite?-noop-regression-linear ran for 0. secs (0.u,0.s) (success)
Tactic call abstract-regression-quadratic ran for 0.778 secs (0.778u,0.s) (success)
Tactic call close-abstract-regression-quadratic ran for 0.285 secs (0.285u,0.s)
Params: n= 290
Tactic call ssr-rewrite!-regression-quadratic ran for 0.502 secs (0.502u,0.s) (success)
Tactic call ssr-rewrite?-noop-regression-linear ran for 0. secs (0.u,0.s) (success)
Tactic call abstract-regression-quadratic ran for 0.788 secs (0.788u,0.s) (success)
Tactic call close-abstract-regression-quadratic ran for 0.281 secs (0.281u,0.s)
Params: n= 310
Tactic call ssr-rewrite!-regression-quadratic ran for 0.593 secs (0.593u,0.s) (success)
Tactic call ssr-rewrite?-noop-regression-linear ran for 0. secs (0.u,0.s) (success)
Tactic call abstract-regression-quadratic ran for 0.941 secs (0.941u,0.s) (success)
Tactic call close-abstract-regression-quadratic ran for 0.345 secs (0.345u,0.s)
Params: n= 320
Tactic call ssr-rewrite!-regression-quadratic ran for 0.596 secs (0.596u,0.s) (success)
Tactic call ssr-rewrite?-noop-regression-linear ran for 0. secs (0.u,0.s) (success)
Tactic call abstract-regression-quadratic ran for 0.944 secs (0.944u,0.s) (success)
Tactic call close-abstract-regression-quadratic ran for 0.345 secs (0.345u,0.s)
Params: n= 330
Tactic call ssr-rewrite!-regression-quadratic ran for 0.675 secs (0.675u,0.s) (success)
Tactic call ssr-rewrite?-noop-regression-linear ran for 0. secs (0.u,0.s) (success)
Tactic call abstract-regression-quadratic ran for 1.039 secs (1.037u,0.001s) (success)
Tactic call close-abstract-regression-quadratic ran for 0.362 secs (0.36u,0.001s)
Params: n= 340
Tactic call ssr-rewrite!-regression-quadratic ran for 0.674 secs (0.672u,0.002s) (success)
Tactic call ssr-rewrite?-noop-regression-linear ran for 0. secs (0.u,0.s) (success)
Tactic call abstract-regression-quadratic ran for 1.076 secs (1.073u,0.002s) (success)
Tactic call close-abstract-regression-quadratic ran for 0.4 secs (0.399u,0.s)
Params: n= 360
Tactic call ssr-rewrite!-regression-quadratic ran for 0.783 secs (0.783u,0.s) (success)
Tactic call ssr-rewrite?-noop-regression-linear ran for 0. secs (0.u,0.s) (success)
Tactic call abstract-regression-quadratic ran for 1.208 secs (1.204u,0.003s) (success)
Tactic call close-abstract-regression-quadratic ran for 0.423 secs (0.419u,0.003s)
Params: n= 370
Tactic call ssr-rewrite!-regression-quadratic ran for 0.801 secs (0.799u,0.002s) (success)
Tactic call ssr-rewrite?-noop-regression-linear ran for 0. secs (0.u,0.s) (success)
Tactic call abstract-regression-quadratic ran for 1.28 secs (1.278u,0.002s) (success)
Tactic call close-abstract-regression-quadratic ran for 0.478 secs (0.478u,0.s)
Params: n= 380
Tactic call ssr-rewrite!-regression-quadratic ran for 0.878 secs (0.878u,0.s) (success)
Tactic call ssr-rewrite?-noop-regression-linear ran for 0. secs (0.u,0.s) (success)
Tactic call abstract-regression-quadratic ran for 1.376 secs (1.373u,0.002s) (success)
Tactic call close-abstract-regression-quadratic ran for 0.496 secs (0.493u,0.002s)
Params: n= 390
Tactic call ssr-rewrite!-regression-quadratic ran for 0.88 secs (0.878u,0.002s) (success)
Tactic call ssr-rewrite?-noop-regression-linear ran for 0. secs (0.u,0.s) (success)
Tactic call abstract-regression-quadratic ran for 1.39 secs (1.388u,0.002s) (success)
Tactic call close-abstract-regression-quadratic ran for 0.508 secs (0.508u,0.s)
