Params: n= 50
Tactic call ssr-rewrite!-regression-quadratic ran for 0.02 secs (0.012u,0.008s) (success)
Tactic call ssr-rewrite?-noop-regression-linear ran for 0. secs (0.u,0.s) (success)
Tactic call abstract-regression-quadratic ran for 0.032 secs (0.023u,0.008s) (success)
Tactic call close-abstract-regression-quadratic ran for 0.011 secs (0.011u,0.s)
Params: n= 100
Tactic call ssr-rewrite!-regression-quadratic ran for 0.097 secs (0.089u,0.008s) (success)
Tactic call ssr-rewrite?-noop-regression-linear ran for 0. secs (0.u,0.s) (success)
Tactic call abstract-regression-quadratic ran for 0.135 secs (0.126u,0.008s) (success)
Tactic call close-abstract-regression-quadratic ran for 0.036 secs (0.036u,0.s)
Params: n= 150
Tactic call ssr-rewrite!-regression-quadratic ran for 0.142 secs (0.142u,0.s) (success)
Tactic call ssr-rewrite?-noop-regression-linear ran for 0. secs (0.u,0.s) (success)
Tactic call abstract-regression-quadratic ran for 0.229 secs (0.229u,0.s) (success)
Tactic call close-abstract-regression-quadratic ran for 0.086 secs (0.086u,0.s)
Params: n= 200
Tactic call ssr-rewrite!-regression-quadratic ran for 0.253 secs (0.253u,0.s) (success)
Tactic call ssr-rewrite?-noop-regression-linear ran for 0. secs (0.u,0.s) (success)
Tactic call abstract-regression-quadratic ran for 0.415 secs (0.415u,0.s) (success)
Tactic call close-abstract-regression-quadratic ran for 0.16 secs (0.16u,0.s)
Params: n= 250
Tactic call ssr-rewrite!-regression-quadratic ran for 0.362 secs (0.358u,0.003s) (success)
Tactic call ssr-rewrite?-noop-regression-linear ran for 0. secs (0.u,0.s) (success)
Tactic call abstract-regression-quadratic ran for 0.572 secs (0.564u,0.007s) (success)
Tactic call close-abstract-regression-quadratic ran for 0.209 secs (0.205u,0.003s)
Params: n= 300
Tactic call ssr-rewrite!-regression-quadratic ran for 0.542 secs (0.534u,0.007s) (success)
Tactic call ssr-rewrite?-noop-regression-linear ran for 0. secs (0.u,0.s) (success)
Tactic call abstract-regression-quadratic ran for 0.89 secs (0.882u,0.007s) (success)
Tactic call close-abstract-regression-quadratic ran for 0.347 secs (0.347u,0.s)
Params: n= 350
Tactic call ssr-rewrite!-regression-quadratic ran for 0.699 secs (0.699u,0.s) (success)
Tactic call ssr-rewrite?-noop-regression-linear ran for 0. secs (0.u,0.s) (success)
Tactic call abstract-regression-quadratic ran for 1.117 secs (1.117u,0.s) (success)
Tactic call close-abstract-regression-quadratic ran for 0.416 secs (0.416u,0.s)
Params: n= 400
Tactic call ssr-rewrite!-regression-quadratic ran for 0.976 secs (0.968u,0.007s) (success)
Tactic call ssr-rewrite?-noop-regression-linear ran for 0. secs (0.u,0.s) (success)
Tactic call abstract-regression-quadratic ran for 1.517 secs (1.505u,0.011s) (success)
Tactic call close-abstract-regression-quadratic ran for 0.539 secs (0.535u,0.003s)
