Params: n= 50
Tactic call rewrite_strat-topdown ran for 0.024 secs (0.02u,0.004s) (success)
Tactic call rewrite_strat-topdown-noop ran for 0. secs (0.u,0.s) (success)
Tactic call abstract+rewrite_strat-topdown ran for 0.031 secs (0.027u,0.004s) (success)
Tactic call close-abstract+rewrite_strat-topdown ran for 0.006 secs (0.006u,0.s)
Params: n= 100
Tactic call rewrite_strat-topdown ran for 0.119 secs (0.115u,0.003s) (success)
Tactic call rewrite_strat-topdown-noop ran for 0.001 secs (0.u,0.s) (success)
Tactic call abstract+rewrite_strat-topdown ran for 0.139 secs (0.135u,0.003s) (success)
Tactic call close-abstract+rewrite_strat-topdown ran for 0.018 secs (0.018u,0.s)
Params: n= 150
Tactic call rewrite_strat-topdown ran for 0.181 secs (0.181u,0.s) (success)
Tactic call rewrite_strat-topdown-noop ran for 0.001 secs (0.001u,0.s) (success)
Tactic call abstract+rewrite_strat-topdown ran for 0.229 secs (0.229u,0.s) (success)
Tactic call close-abstract+rewrite_strat-topdown ran for 0.045 secs (0.045u,0.s)
Params: n= 200
Tactic call rewrite_strat-topdown ran for 0.429 secs (0.428u,0.s) (success)
Tactic call rewrite_strat-topdown-noop ran for 0.002 secs (0.002u,0.s) (success)
Tactic call abstract+rewrite_strat-topdown ran for 0.509 secs (0.509u,0.s) (success)
Tactic call close-abstract+rewrite_strat-topdown ran for 0.077 secs (0.077u,0.s)
Params: n= 250
Tactic call rewrite_strat-topdown ran for 0.66 secs (0.656u,0.003s) (success)
Tactic call rewrite_strat-topdown-noop ran for 0.003 secs (0.003u,0.s) (success)
Tactic call abstract+rewrite_strat-topdown ran for 0.785 secs (0.781u,0.003s) (success)
Tactic call close-abstract+rewrite_strat-topdown ran for 0.12 secs (0.12u,0.s)
Params: n= 300
Tactic call rewrite_strat-topdown ran for 0.97 secs (0.958u,0.011s) (success)
Tactic call rewrite_strat-topdown-noop ran for 0.004 secs (0.004u,0.s) (success)
Tactic call abstract+rewrite_strat-topdown ran for 1.134 secs (1.122u,0.011s) (success)
Tactic call close-abstract+rewrite_strat-topdown ran for 0.157 secs (0.157u,0.s)
Params: n= 350
Tactic call rewrite_strat-topdown ran for 1.327 secs (1.315u,0.011s) (success)
Tactic call rewrite_strat-topdown-noop ran for 0.006 secs (0.006u,0.s) (success)
Tactic call abstract+rewrite_strat-topdown ran for 1.566 secs (1.554u,0.011s) (success)
Tactic call close-abstract+rewrite_strat-topdown ran for 0.231 secs (0.231u,0.s)
Params: n= 400
Tactic call rewrite_strat-topdown ran for 1.805 secs (1.805u,0.s) (success)
Tactic call rewrite_strat-topdown-noop ran for 0.008 secs (0.008u,0.s) (success)
Tactic call abstract+rewrite_strat-topdown ran for 2.105 secs (2.105u,0.s) (success)
Tactic call close-abstract+rewrite_strat-topdown ran for 0.29 secs (0.29u,0.s)
