Params: n= 31
Tactic call cbv for CanonicalStructuresPHOAS with big ran for 0. secs (0.u,0.s) (success)
Tactic call pre for CanonicalStructuresPHOAS with big ran for 0.001 secs (0.u,0.s) (success)
Tactic call actual reif for CanonicalStructuresPHOAS with big ran for 0.33 secs (0.325u,0.004s)
Tactic call eval lazy for CanonicalStructuresPHOAS with big ran for 0. secs (0.u,0.s)
Tactic call postprocess for CanonicalStructuresPHOAS with big ran for 0. secs (0.u,0.s)
Tactic call norm reif for CanonicalStructuresPHOAS with big ran for 0.331 secs (0.326u,0.004s)
Tactic call intros _ for CanonicalStructuresPHOAS with big ran for 0. secs (0.u,0.s) (success)
Tactic call lazy beta iota for CanonicalStructuresPHOAS with big ran for 0. secs (0.u,0.s) (success)
Tactic call reif for CanonicalStructuresPHOAS with big ran for 0.331 secs (0.326u,0.004s) (success)
Tactic call post for CanonicalStructuresPHOAS with big ran for 0. secs (0.u,0.s) (success)
Params: n= 32
Tactic call cbv for CanonicalStructuresPHOAS with big ran for 0. secs (0.u,0.s) (success)
Tactic call pre for CanonicalStructuresPHOAS with big ran for 0.001 secs (0.001u,0.s) (success)
Tactic call actual reif for CanonicalStructuresPHOAS with big ran for 0.391 secs (0.391u,0.s)
Tactic call eval lazy for CanonicalStructuresPHOAS with big ran for 0. secs (0.u,0.s)
Tactic call postprocess for CanonicalStructuresPHOAS with big ran for 0. secs (0.u,0.s)
Tactic call norm reif for CanonicalStructuresPHOAS with big ran for 0.392 secs (0.391u,0.s)
Tactic call intros _ for CanonicalStructuresPHOAS with big ran for 0. secs (0.u,0.s) (success)
Tactic call lazy beta iota for CanonicalStructuresPHOAS with big ran for 0. secs (0.u,0.s) (success)
Tactic call reif for CanonicalStructuresPHOAS with big ran for 0.392 secs (0.392u,0.s) (success)
Tactic call post for CanonicalStructuresPHOAS with big ran for 0. secs (0.u,0.s) (success)
Params: n= 33
Tactic call cbv for CanonicalStructuresPHOAS with big ran for 0. secs (0.u,0.s) (success)
Tactic call pre for CanonicalStructuresPHOAS with big ran for 0.001 secs (0.001u,0.s) (success)
Tactic call actual reif for CanonicalStructuresPHOAS with big ran for 0.343 secs (0.343u,0.s)
Tactic call eval lazy for CanonicalStructuresPHOAS with big ran for 0. secs (0.u,0.s)
Tactic call postprocess for CanonicalStructuresPHOAS with big ran for 0. secs (0.u,0.s)
Tactic call norm reif for CanonicalStructuresPHOAS with big ran for 0.344 secs (0.344u,0.s)
Tactic call intros _ for CanonicalStructuresPHOAS with big ran for 0. secs (0.u,0.s) (success)
Tactic call lazy beta iota for CanonicalStructuresPHOAS with big ran for 0. secs (0.u,0.s) (success)
Tactic call reif for CanonicalStructuresPHOAS with big ran for 0.344 secs (0.344u,0.s) (success)
Tactic call post for CanonicalStructuresPHOAS with big ran for 0. secs (0.u,0.s) (success)
Params: n= 34
Tactic call cbv for CanonicalStructuresPHOAS with big ran for 0. secs (0.u,0.s) (success)
Tactic call pre for CanonicalStructuresPHOAS with big ran for 0.001 secs (0.001u,0.s) (success)
Tactic call actual reif for CanonicalStructuresPHOAS with big ran for 0.458 secs (0.458u,0.s)
Tactic call eval lazy for CanonicalStructuresPHOAS with big ran for 0. secs (0.u,0.s)
Tactic call postprocess for CanonicalStructuresPHOAS with big ran for 0. secs (0.u,0.s)
Tactic call norm reif for CanonicalStructuresPHOAS with big ran for 0.459 secs (0.459u,0.s)
Tactic call intros _ for CanonicalStructuresPHOAS with big ran for 0. secs (0.u,0.s) (success)
Tactic call lazy beta iota for CanonicalStructuresPHOAS with big ran for 0. secs (0.u,0.s) (success)
Tactic call reif for CanonicalStructuresPHOAS with big ran for 0.46 secs (0.46u,0.s) (success)
Tactic call post for CanonicalStructuresPHOAS with big ran for 0. secs (0.u,0.s) (success)
Params: n= 35
Tactic call cbv for CanonicalStructuresPHOAS with big ran for 0. secs (0.u,0.s) (success)
Tactic call pre for CanonicalStructuresPHOAS with big ran for 0.001 secs (0.001u,0.s) (success)
Tactic call actual reif for CanonicalStructuresPHOAS with big ran for 0.39 secs (0.39u,0.s)
Tactic call eval lazy for CanonicalStructuresPHOAS with big ran for 0. secs (0.u,0.s)
Tactic call postprocess for CanonicalStructuresPHOAS with big ran for 0. secs (0.u,0.s)
Tactic call norm reif for CanonicalStructuresPHOAS with big ran for 0.391 secs (0.391u,0.s)
Tactic call intros _ for CanonicalStructuresPHOAS with big ran for 0. secs (0.u,0.s) (success)
Tactic call lazy beta iota for CanonicalStructuresPHOAS with big ran for 0. secs (0.u,0.s) (success)
Tactic call reif for CanonicalStructuresPHOAS with big ran for 0.391 secs (0.391u,0.s) (success)
Tactic call post for CanonicalStructuresPHOAS with big ran for 0. secs (0.u,0.s) (success)
Params: n= 36
Tactic call cbv for CanonicalStructuresPHOAS with big ran for 0. secs (0.u,0.s) (success)
Tactic call pre for CanonicalStructuresPHOAS with big ran for 0.001 secs (0.001u,0.s) (success)
Tactic call actual reif for CanonicalStructuresPHOAS with big ran for 0.417 secs (0.413u,0.003s)
Tactic call eval lazy for CanonicalStructuresPHOAS with big ran for 0. secs (0.u,0.s)
Tactic call postprocess for CanonicalStructuresPHOAS with big ran for 0. secs (0.u,0.s)
Tactic call norm reif for CanonicalStructuresPHOAS with big ran for 0.418 secs (0.414u,0.003s)
Tactic call intros _ for CanonicalStructuresPHOAS with big ran for 0. secs (0.u,0.s) (success)
Tactic call lazy beta iota for CanonicalStructuresPHOAS with big ran for 0. secs (0.u,0.s) (success)
Tactic call reif for CanonicalStructuresPHOAS with big ran for 0.418 secs (0.414u,0.003s) (success)
Tactic call post for CanonicalStructuresPHOAS with big ran for 0. secs (0.u,0.s) (success)
Params: n= 37
Tactic call cbv for CanonicalStructuresPHOAS with big ran for 0. secs (0.u,0.s) (success)
Tactic call pre for CanonicalStructuresPHOAS with big ran for 0.001 secs (0.001u,0.s) (success)
Tactic call actual reif for CanonicalStructuresPHOAS with big ran for 0.449 secs (0.448u,0.s)
Tactic call eval lazy for CanonicalStructuresPHOAS with big ran for 0. secs (0.u,0.s)
Tactic call postprocess for CanonicalStructuresPHOAS with big ran for 0. secs (0.u,0.s)
Tactic call norm reif for CanonicalStructuresPHOAS with big ran for 0.45 secs (0.45u,0.s)
Tactic call intros _ for CanonicalStructuresPHOAS with big ran for 0. secs (0.u,0.s) (success)
Tactic call lazy beta iota for CanonicalStructuresPHOAS with big ran for 0. secs (0.u,0.s) (success)
Tactic call reif for CanonicalStructuresPHOAS with big ran for 0.45 secs (0.45u,0.s) (success)
Tactic call post for CanonicalStructuresPHOAS with big ran for 0. secs (0.u,0.s) (success)
Params: n= 38
Tactic call cbv for CanonicalStructuresPHOAS with big ran for 0. secs (0.u,0.s) (success)
Tactic call pre for CanonicalStructuresPHOAS with big ran for 0.001 secs (0.001u,0.s) (success)
Tactic call actual reif for CanonicalStructuresPHOAS with big ran for 0.483 secs (0.483u,0.s)
Tactic call eval lazy for CanonicalStructuresPHOAS with big ran for 0. secs (0.u,0.s)
Tactic call postprocess for CanonicalStructuresPHOAS with big ran for 0. secs (0.u,0.s)
Tactic call norm reif for CanonicalStructuresPHOAS with big ran for 0.485 secs (0.485u,0.s)
Tactic call intros _ for CanonicalStructuresPHOAS with big ran for 0. secs (0.u,0.s) (success)
Tactic call lazy beta iota for CanonicalStructuresPHOAS with big ran for 0. secs (0.u,0.s) (success)
Tactic call reif for CanonicalStructuresPHOAS with big ran for 0.485 secs (0.485u,0.s) (success)
Tactic call post for CanonicalStructuresPHOAS with big ran for 0. secs (0.u,0.s) (success)
Params: n= 39
Tactic call cbv for CanonicalStructuresPHOAS with big ran for 0. secs (0.u,0.s) (success)
Tactic call pre for CanonicalStructuresPHOAS with big ran for 0.001 secs (0.001u,0.s) (success)
Tactic call actual reif for CanonicalStructuresPHOAS with big ran for 0.533 secs (0.529u,0.003s)
Tactic call eval lazy for CanonicalStructuresPHOAS with big ran for 0. secs (0.u,0.s)
Tactic call postprocess for CanonicalStructuresPHOAS with big ran for 0. secs (0.u,0.s)
Tactic call norm reif for CanonicalStructuresPHOAS with big ran for 0.534 secs (0.53u,0.003s)
Tactic call intros _ for CanonicalStructuresPHOAS with big ran for 0. secs (0.u,0.s) (success)
Tactic call lazy beta iota for CanonicalStructuresPHOAS with big ran for 0. secs (0.u,0.s) (success)
Tactic call reif for CanonicalStructuresPHOAS with big ran for 0.534 secs (0.531u,0.003s) (success)
Tactic call post for CanonicalStructuresPHOAS with big ran for 0. secs (0.u,0.s) (success)
Params: n= 40
Tactic call cbv for CanonicalStructuresPHOAS with big ran for 0. secs (0.u,0.s) (success)
Tactic call pre for CanonicalStructuresPHOAS with big ran for 0.001 secs (0.001u,0.s) (success)
Tactic call actual reif for CanonicalStructuresPHOAS with big ran for 0.58 secs (0.58u,0.s)
Tactic call eval lazy for CanonicalStructuresPHOAS with big ran for 0. secs (0.u,0.s)
Tactic call postprocess for CanonicalStructuresPHOAS with big ran for 0. secs (0.u,0.s)
Tactic call norm reif for CanonicalStructuresPHOAS with big ran for 0.581 secs (0.581u,0.s)
Tactic call intros _ for CanonicalStructuresPHOAS with big ran for 0. secs (0.u,0.s) (success)
Tactic call lazy beta iota for CanonicalStructuresPHOAS with big ran for 0. secs (0.u,0.s) (success)
Tactic call reif for CanonicalStructuresPHOAS with big ran for 0.581 secs (0.581u,0.s) (success)
Tactic call post for CanonicalStructuresPHOAS with big ran for 0. secs (0.u,0.s) (success)
Params: n= 41
Tactic call cbv for CanonicalStructuresPHOAS with big ran for 0. secs (0.u,0.s) (success)
Tactic call pre for CanonicalStructuresPHOAS with big ran for 0.001 secs (0.001u,0.s) (success)
Tactic call actual reif for CanonicalStructuresPHOAS with big ran for 0.622 secs (0.618u,0.003s)
Tactic call eval lazy for CanonicalStructuresPHOAS with big ran for 0. secs (0.u,0.s)
Tactic call postprocess for CanonicalStructuresPHOAS with big ran for 0. secs (0.u,0.s)
Tactic call norm reif for CanonicalStructuresPHOAS with big ran for 0.624 secs (0.62u,0.003s)
Tactic call intros _ for CanonicalStructuresPHOAS with big ran for 0. secs (0.u,0.s) (success)
Tactic call lazy beta iota for CanonicalStructuresPHOAS with big ran for 0. secs (0.u,0.s) (success)
Tactic call reif for CanonicalStructuresPHOAS with big ran for 0.624 secs (0.62u,0.003s) (success)
Tactic call post for CanonicalStructuresPHOAS with big ran for 0. secs (0.u,0.s) (success)
Params: n= 42
Tactic call cbv for CanonicalStructuresPHOAS with big ran for 0. secs (0.u,0.s) (success)
Tactic call pre for CanonicalStructuresPHOAS with big ran for 0.001 secs (0.001u,0.s) (success)
Tactic call actual reif for CanonicalStructuresPHOAS with big ran for 0.665 secs (0.665u,0.s)
Tactic call eval lazy for CanonicalStructuresPHOAS with big ran for 0. secs (0.u,0.s)
Tactic call postprocess for CanonicalStructuresPHOAS with big ran for 0. secs (0.u,0.s)
Tactic call norm reif for CanonicalStructuresPHOAS with big ran for 0.666 secs (0.666u,0.s)
Tactic call intros _ for CanonicalStructuresPHOAS with big ran for 0. secs (0.u,0.s) (success)
Tactic call lazy beta iota for CanonicalStructuresPHOAS with big ran for 0. secs (0.u,0.s) (success)
Tactic call reif for CanonicalStructuresPHOAS with big ran for 0.667 secs (0.667u,0.s) (success)
Tactic call post for CanonicalStructuresPHOAS with big ran for 0. secs (0.u,0.s) (success)
Params: n= 43
Tactic call cbv for CanonicalStructuresPHOAS with big ran for 0. secs (0.u,0.s) (success)
Tactic call pre for CanonicalStructuresPHOAS with big ran for 0.001 secs (0.001u,0.s) (success)
Tactic call actual reif for CanonicalStructuresPHOAS with big ran for 0.715 secs (0.715u,0.s)
Tactic call eval lazy for CanonicalStructuresPHOAS with big ran for 0. secs (0.u,0.s)
Tactic call postprocess for CanonicalStructuresPHOAS with big ran for 0. secs (0.u,0.s)
Tactic call norm reif for CanonicalStructuresPHOAS with big ran for 0.717 secs (0.717u,0.s)
Tactic call intros _ for CanonicalStructuresPHOAS with big ran for 0. secs (0.u,0.s) (success)
Tactic call lazy beta iota for CanonicalStructuresPHOAS with big ran for 0. secs (0.u,0.s) (success)
Tactic call reif for CanonicalStructuresPHOAS with big ran for 0.717 secs (0.717u,0.s) (success)
Tactic call post for CanonicalStructuresPHOAS with big ran for 0. secs (0.u,0.s) (success)
Params: n= 44
Tactic call cbv for CanonicalStructuresPHOAS with big ran for 0. secs (0.u,0.s) (success)
Tactic call pre for CanonicalStructuresPHOAS with big ran for 0.001 secs (0.001u,0.s) (success)
Tactic call actual reif for CanonicalStructuresPHOAS with big ran for 0.769 secs (0.765u,0.003s)
Tactic call eval lazy for CanonicalStructuresPHOAS with big ran for 0.001 secs (0.001u,0.s)
Tactic call postprocess for CanonicalStructuresPHOAS with big ran for 0. secs (0.u,0.s)
Tactic call norm reif for CanonicalStructuresPHOAS with big ran for 0.77 secs (0.766u,0.003s)
Tactic call intros _ for CanonicalStructuresPHOAS with big ran for 0. secs (0.u,0.s) (success)
Tactic call lazy beta iota for CanonicalStructuresPHOAS with big ran for 0. secs (0.u,0.s) (success)
Tactic call reif for CanonicalStructuresPHOAS with big ran for 0.771 secs (0.766u,0.003s) (success)
Tactic call post for CanonicalStructuresPHOAS with big ran for 0. secs (0.u,0.s) (success)
Params: n= 45
Tactic call cbv for CanonicalStructuresPHOAS with big ran for 0. secs (0.u,0.s) (success)
Tactic call pre for CanonicalStructuresPHOAS with big ran for 0.001 secs (0.001u,0.s) (success)
Tactic call actual reif for CanonicalStructuresPHOAS with big ran for 0.812 secs (0.812u,0.s)
Tactic call eval lazy for CanonicalStructuresPHOAS with big ran for 0. secs (0.u,0.s)
Tactic call postprocess for CanonicalStructuresPHOAS with big ran for 0. secs (0.u,0.s)
Tactic call norm reif for CanonicalStructuresPHOAS with big ran for 0.814 secs (0.814u,0.s)
Tactic call intros _ for CanonicalStructuresPHOAS with big ran for 0. secs (0.u,0.s) (success)
Tactic call lazy beta iota for CanonicalStructuresPHOAS with big ran for 0. secs (0.u,0.s) (success)
Tactic call reif for CanonicalStructuresPHOAS with big ran for 0.814 secs (0.814u,0.s) (success)
Tactic call post for CanonicalStructuresPHOAS with big ran for 0. secs (0.u,0.s) (success)
Params: n= 46
Tactic call cbv for CanonicalStructuresPHOAS with big ran for 0. secs (0.u,0.s) (success)
Tactic call pre for CanonicalStructuresPHOAS with big ran for 0.001 secs (0.001u,0.s) (success)
Tactic call actual reif for CanonicalStructuresPHOAS with big ran for 0.858 secs (0.854u,0.003s)
Tactic call eval lazy for CanonicalStructuresPHOAS with big ran for 0.001 secs (0.001u,0.s)
Tactic call postprocess for CanonicalStructuresPHOAS with big ran for 0. secs (0.u,0.s)
Tactic call norm reif for CanonicalStructuresPHOAS with big ran for 0.86 secs (0.855u,0.004s)
Tactic call intros _ for CanonicalStructuresPHOAS with big ran for 0. secs (0.u,0.s) (success)
Tactic call lazy beta iota for CanonicalStructuresPHOAS with big ran for 0. secs (0.u,0.s) (success)
Tactic call reif for CanonicalStructuresPHOAS with big ran for 0.86 secs (0.856u,0.004s) (success)
Tactic call post for CanonicalStructuresPHOAS with big ran for 0. secs (0.u,0.s) (success)
Params: n= 47
Tactic call cbv for CanonicalStructuresPHOAS with big ran for 0. secs (0.u,0.s) (success)
Tactic call pre for CanonicalStructuresPHOAS with big ran for 0.001 secs (0.001u,0.s) (success)
Tactic call actual reif for CanonicalStructuresPHOAS with big ran for 0.908 secs (0.904u,0.003s)
Tactic call eval lazy for CanonicalStructuresPHOAS with big ran for 0.001 secs (0.001u,0.s)
Tactic call postprocess for CanonicalStructuresPHOAS with big ran for 0. secs (0.u,0.s)
Tactic call norm reif for CanonicalStructuresPHOAS with big ran for 0.91 secs (0.906u,0.003s)
Tactic call intros _ for CanonicalStructuresPHOAS with big ran for 0. secs (0.u,0.s) (success)
Tactic call lazy beta iota for CanonicalStructuresPHOAS with big ran for 0. secs (0.u,0.s) (success)
Tactic call reif for CanonicalStructuresPHOAS with big ran for 0.911 secs (0.906u,0.003s) (success)
Tactic call post for CanonicalStructuresPHOAS with big ran for 0. secs (0.u,0.s) (success)
Params: n= 48
Tactic call cbv for CanonicalStructuresPHOAS with big ran for 0. secs (0.u,0.s) (success)
Tactic call pre for CanonicalStructuresPHOAS with big ran for 0.001 secs (0.001u,0.s) (success)
Tactic call actual reif for CanonicalStructuresPHOAS with big ran for 0.974 secs (0.974u,0.s)
Tactic call eval lazy for CanonicalStructuresPHOAS with big ran for 0. secs (0.u,0.s)
Tactic call postprocess for CanonicalStructuresPHOAS with big ran for 0. secs (0.u,0.s)
Tactic call norm reif for CanonicalStructuresPHOAS with big ran for 0.975 secs (0.975u,0.s)
Tactic call intros _ for CanonicalStructuresPHOAS with big ran for 0. secs (0.u,0.s) (success)
Tactic call lazy beta iota for CanonicalStructuresPHOAS with big ran for 0. secs (0.u,0.s) (success)
Tactic call reif for CanonicalStructuresPHOAS with big ran for 0.976 secs (0.975u,0.s) (success)
Tactic call post for CanonicalStructuresPHOAS with big ran for 0. secs (0.u,0.s) (success)
Params: n= 49
Tactic call cbv for CanonicalStructuresPHOAS with big ran for 0. secs (0.u,0.s) (success)
Tactic call pre for CanonicalStructuresPHOAS with big ran for 0.001 secs (0.001u,0.s) (success)
Tactic call actual reif for CanonicalStructuresPHOAS with big ran for 1.055 secs (1.055u,0.s)
Tactic call eval lazy for CanonicalStructuresPHOAS with big ran for 0.001 secs (0.001u,0.s)
Tactic call postprocess for CanonicalStructuresPHOAS with big ran for 0. secs (0.u,0.s)
Tactic call norm reif for CanonicalStructuresPHOAS with big ran for 1.057 secs (1.056u,0.s)
Tactic call intros _ for CanonicalStructuresPHOAS with big ran for 0. secs (0.u,0.s) (success)
Tactic call lazy beta iota for CanonicalStructuresPHOAS with big ran for 0. secs (0.u,0.s) (success)
Tactic call reif for CanonicalStructuresPHOAS with big ran for 1.057 secs (1.057u,0.s) (success)
Tactic call post for CanonicalStructuresPHOAS with big ran for 0. secs (0.u,0.s) (success)
Params: n= 50
Tactic call cbv for CanonicalStructuresPHOAS with big ran for 0. secs (0.u,0.s) (success)
Tactic call pre for CanonicalStructuresPHOAS with big ran for 0.001 secs (0.001u,0.s) (success)
Tactic call actual reif for CanonicalStructuresPHOAS with big ran for 1.127 secs (1.127u,0.s)
Tactic call eval lazy for CanonicalStructuresPHOAS with big ran for 0.001 secs (0.001u,0.s)
Tactic call postprocess for CanonicalStructuresPHOAS with big ran for 0. secs (0.u,0.s)
Tactic call norm reif for CanonicalStructuresPHOAS with big ran for 1.129 secs (1.129u,0.s)
Tactic call intros _ for CanonicalStructuresPHOAS with big ran for 0. secs (0.u,0.s) (success)
Tactic call lazy beta iota for CanonicalStructuresPHOAS with big ran for 0. secs (0.u,0.s) (success)
Tactic call reif for CanonicalStructuresPHOAS with big ran for 1.129 secs (1.129u,0.s) (success)
Tactic call post for CanonicalStructuresPHOAS with big ran for 0. secs (0.u,0.s) (success)
Params: n= 51
Tactic call cbv for CanonicalStructuresPHOAS with big ran for 0. secs (0.u,0.s) (success)
Tactic call pre for CanonicalStructuresPHOAS with big ran for 0.001 secs (0.001u,0.s) (success)
Tactic call actual reif for CanonicalStructuresPHOAS with big ran for 1.178 secs (1.178u,0.s)
Tactic call eval lazy for CanonicalStructuresPHOAS with big ran for 0.001 secs (0.001u,0.s)
Tactic call postprocess for CanonicalStructuresPHOAS with big ran for 0. secs (0.u,0.s)
Tactic call norm reif for CanonicalStructuresPHOAS with big ran for 1.18 secs (1.18u,0.s)
Tactic call intros _ for CanonicalStructuresPHOAS with big ran for 0. secs (0.u,0.s) (success)
Tactic call lazy beta iota for CanonicalStructuresPHOAS with big ran for 0. secs (0.u,0.s) (success)
Tactic call reif for CanonicalStructuresPHOAS with big ran for 1.181 secs (1.18u,0.s) (success)
Tactic call post for CanonicalStructuresPHOAS with big ran for 0. secs (0.u,0.s) (success)
Params: n= 52
Tactic call cbv for CanonicalStructuresPHOAS with big ran for 0. secs (0.u,0.s) (success)
Tactic call pre for CanonicalStructuresPHOAS with big ran for 0.001 secs (0.001u,0.s) (success)
Tactic call actual reif for CanonicalStructuresPHOAS with big ran for 1.241 secs (1.241u,0.s)
Tactic call eval lazy for CanonicalStructuresPHOAS with big ran for 0.001 secs (0.001u,0.s)
Tactic call postprocess for CanonicalStructuresPHOAS with big ran for 0. secs (0.u,0.s)
Tactic call norm reif for CanonicalStructuresPHOAS with big ran for 1.244 secs (1.243u,0.s)
Tactic call intros _ for CanonicalStructuresPHOAS with big ran for 0. secs (0.u,0.s) (success)
Tactic call lazy beta iota for CanonicalStructuresPHOAS with big ran for 0. secs (0.u,0.s) (success)
Tactic call reif for CanonicalStructuresPHOAS with big ran for 1.244 secs (1.244u,0.s) (success)
Tactic call post for CanonicalStructuresPHOAS with big ran for 0. secs (0.u,0.s) (success)
Params: n= 53
Tactic call cbv for CanonicalStructuresPHOAS with big ran for 0. secs (0.u,0.s) (success)
Tactic call pre for CanonicalStructuresPHOAS with big ran for 0.001 secs (0.001u,0.s) (success)
Tactic call actual reif for CanonicalStructuresPHOAS with big ran for 1.308 secs (1.308u,0.s)
Tactic call eval lazy for CanonicalStructuresPHOAS with big ran for 0.001 secs (0.001u,0.s)
Tactic call postprocess for CanonicalStructuresPHOAS with big ran for 0. secs (0.u,0.s)
Tactic call norm reif for CanonicalStructuresPHOAS with big ran for 1.31 secs (1.31u,0.s)
Tactic call intros _ for CanonicalStructuresPHOAS with big ran for 0. secs (0.u,0.s) (success)
Tactic call lazy beta iota for CanonicalStructuresPHOAS with big ran for 0. secs (0.u,0.s) (success)
Tactic call reif for CanonicalStructuresPHOAS with big ran for 1.311 secs (1.311u,0.s) (success)
Tactic call post for CanonicalStructuresPHOAS with big ran for 0. secs (0.u,0.s) (success)
Params: n= 54
Tactic call cbv for CanonicalStructuresPHOAS with big ran for 0. secs (0.u,0.s) (success)
Tactic call pre for CanonicalStructuresPHOAS with big ran for 0.001 secs (0.001u,0.s) (success)
Tactic call actual reif for CanonicalStructuresPHOAS with big ran for 1.37 secs (1.37u,0.s)
Tactic call eval lazy for CanonicalStructuresPHOAS with big ran for 0.001 secs (0.001u,0.s)
Tactic call postprocess for CanonicalStructuresPHOAS with big ran for 0. secs (0.u,0.s)
Tactic call norm reif for CanonicalStructuresPHOAS with big ran for 1.372 secs (1.372u,0.s)
Tactic call intros _ for CanonicalStructuresPHOAS with big ran for 0. secs (0.u,0.s) (success)
Tactic call lazy beta iota for CanonicalStructuresPHOAS with big ran for 0. secs (0.u,0.s) (success)
Tactic call reif for CanonicalStructuresPHOAS with big ran for 1.373 secs (1.373u,0.s) (success)
Tactic call post for CanonicalStructuresPHOAS with big ran for 0. secs (0.u,0.s) (success)
Params: n= 55
Tactic call cbv for CanonicalStructuresPHOAS with big ran for 0. secs (0.u,0.s) (success)
Tactic call pre for CanonicalStructuresPHOAS with big ran for 0.001 secs (0.001u,0.s) (success)
Tactic call actual reif for CanonicalStructuresPHOAS with big ran for 1.464 secs (1.464u,0.s)
Tactic call eval lazy for CanonicalStructuresPHOAS with big ran for 0.001 secs (0.001u,0.s)
Tactic call postprocess for CanonicalStructuresPHOAS with big ran for 0. secs (0.u,0.s)
Tactic call norm reif for CanonicalStructuresPHOAS with big ran for 1.466 secs (1.466u,0.s)
Tactic call intros _ for CanonicalStructuresPHOAS with big ran for 0. secs (0.u,0.s) (success)
Tactic call lazy beta iota for CanonicalStructuresPHOAS with big ran for 0. secs (0.u,0.s) (success)
Tactic call reif for CanonicalStructuresPHOAS with big ran for 1.466 secs (1.466u,0.s) (success)
Tactic call post for CanonicalStructuresPHOAS with big ran for 0. secs (0.u,0.s) (success)
Params: n= 56
Tactic call cbv for CanonicalStructuresPHOAS with big ran for 0. secs (0.u,0.s) (success)
Tactic call pre for CanonicalStructuresPHOAS with big ran for 0.001 secs (0.001u,0.s) (success)
Tactic call actual reif for CanonicalStructuresPHOAS with big ran for 1.564 secs (1.564u,0.s)
Tactic call eval lazy for CanonicalStructuresPHOAS with big ran for 0.001 secs (0.001u,0.s)
Tactic call postprocess for CanonicalStructuresPHOAS with big ran for 0. secs (0.u,0.s)
Tactic call norm reif for CanonicalStructuresPHOAS with big ran for 1.566 secs (1.566u,0.s)
Tactic call intros _ for CanonicalStructuresPHOAS with big ran for 0. secs (0.u,0.s) (success)
Tactic call lazy beta iota for CanonicalStructuresPHOAS with big ran for 0. secs (0.u,0.s) (success)
Tactic call reif for CanonicalStructuresPHOAS with big ran for 1.566 secs (1.566u,0.s) (success)
Tactic call post for CanonicalStructuresPHOAS with big ran for 0. secs (0.u,0.s) (success)
Params: n= 57
Tactic call cbv for CanonicalStructuresPHOAS with big ran for 0. secs (0.u,0.s) (success)
Tactic call pre for CanonicalStructuresPHOAS with big ran for 0.001 secs (0.001u,0.s) (success)
Tactic call actual reif for CanonicalStructuresPHOAS with big ran for 1.632 secs (1.632u,0.s)
Tactic call eval lazy for CanonicalStructuresPHOAS with big ran for 0.001 secs (0.001u,0.s)
Tactic call postprocess for CanonicalStructuresPHOAS with big ran for 0. secs (0.u,0.s)
Tactic call norm reif for CanonicalStructuresPHOAS with big ran for 1.634 secs (1.634u,0.s)
Tactic call intros _ for CanonicalStructuresPHOAS with big ran for 0. secs (0.u,0.s) (success)
Tactic call lazy beta iota for CanonicalStructuresPHOAS with big ran for 0. secs (0.u,0.s) (success)
Tactic call reif for CanonicalStructuresPHOAS with big ran for 1.635 secs (1.635u,0.s) (success)
Tactic call post for CanonicalStructuresPHOAS with big ran for 0. secs (0.u,0.s) (success)
Params: n= 58
Tactic call cbv for CanonicalStructuresPHOAS with big ran for 0. secs (0.u,0.s) (success)
Tactic call pre for CanonicalStructuresPHOAS with big ran for 0.001 secs (0.001u,0.s) (success)
Tactic call actual reif for CanonicalStructuresPHOAS with big ran for 1.673 secs (1.673u,0.s)
Tactic call eval lazy for CanonicalStructuresPHOAS with big ran for 0.001 secs (0.001u,0.s)
Tactic call postprocess for CanonicalStructuresPHOAS with big ran for 0. secs (0.u,0.s)
Tactic call norm reif for CanonicalStructuresPHOAS with big ran for 1.675 secs (1.675u,0.s)
Tactic call intros _ for CanonicalStructuresPHOAS with big ran for 0. secs (0.u,0.s) (success)
Tactic call lazy beta iota for CanonicalStructuresPHOAS with big ran for 0. secs (0.u,0.s) (success)
Tactic call reif for CanonicalStructuresPHOAS with big ran for 1.676 secs (1.676u,0.s) (success)
Tactic call post for CanonicalStructuresPHOAS with big ran for 0. secs (0.u,0.s) (success)
Params: n= 59
Tactic call cbv for CanonicalStructuresPHOAS with big ran for 0. secs (0.u,0.s) (success)
Tactic call pre for CanonicalStructuresPHOAS with big ran for 0.001 secs (0.001u,0.s) (success)
Tactic call actual reif for CanonicalStructuresPHOAS with big ran for 1.784 secs (1.784u,0.s)
Tactic call eval lazy for CanonicalStructuresPHOAS with big ran for 0.001 secs (0.001u,0.s)
Tactic call postprocess for CanonicalStructuresPHOAS with big ran for 0. secs (0.u,0.s)
Tactic call norm reif for CanonicalStructuresPHOAS with big ran for 1.786 secs (1.786u,0.s)
Tactic call intros _ for CanonicalStructuresPHOAS with big ran for 0. secs (0.u,0.s) (success)
Tactic call lazy beta iota for CanonicalStructuresPHOAS with big ran for 0. secs (0.u,0.s) (success)
Tactic call reif for CanonicalStructuresPHOAS with big ran for 1.787 secs (1.787u,0.s) (success)
Tactic call post for CanonicalStructuresPHOAS with big ran for 0. secs (0.u,0.s) (success)
Params: n= 60
Tactic call cbv for CanonicalStructuresPHOAS with big ran for 0. secs (0.u,0.s) (success)
Tactic call pre for CanonicalStructuresPHOAS with big ran for 0.001 secs (0.001u,0.s) (success)
Tactic call actual reif for CanonicalStructuresPHOAS with big ran for 1.92 secs (1.92u,0.s)
Tactic call eval lazy for CanonicalStructuresPHOAS with big ran for 0.001 secs (0.001u,0.s)
Tactic call postprocess for CanonicalStructuresPHOAS with big ran for 0. secs (0.u,0.s)
Tactic call norm reif for CanonicalStructuresPHOAS with big ran for 1.922 secs (1.922u,0.s)
Tactic call intros _ for CanonicalStructuresPHOAS with big ran for 0. secs (0.u,0.s) (success)
Tactic call lazy beta iota for CanonicalStructuresPHOAS with big ran for 0. secs (0.u,0.s) (success)
Tactic call reif for CanonicalStructuresPHOAS with big ran for 1.923 secs (1.923u,0.s) (success)
Tactic call post for CanonicalStructuresPHOAS with big ran for 0. secs (0.u,0.s) (success)
