Params: n= 41
Tactic call cbv for TypeClassesPHOAS with big ran for 0. secs (0.u,0.s) (success)
Tactic call pre for TypeClassesPHOAS with big ran for 0. secs (0.u,0.s) (success)
Tactic call actual reif for TypeClassesPHOAS with big ran for 0.181 secs (0.17u,0.011s)
Tactic call eval lazy for TypeClassesPHOAS with big ran for 0. secs (0.u,0.s)
Tactic call norm reif for TypeClassesPHOAS with big ran for 0.181 secs (0.17u,0.011s)
Tactic call lazy beta iota for TypeClassesPHOAS with big ran for 0. secs (0.u,0.s) (success)
Tactic call reif for TypeClassesPHOAS with big ran for 0.182 secs (0.17u,0.011s) (success)
Tactic call post for TypeClassesPHOAS with big ran for 0. secs (0.u,0.s) (success)
Params: n= 42
Tactic call cbv for TypeClassesPHOAS with big ran for 0. secs (0.u,0.s) (success)
Tactic call pre for TypeClassesPHOAS with big ran for 0. secs (0.u,0.s) (success)
Tactic call actual reif for TypeClassesPHOAS with big ran for 0.15 secs (0.15u,0.s)
Tactic call eval lazy for TypeClassesPHOAS with big ran for 0. secs (0.u,0.s)
Tactic call norm reif for TypeClassesPHOAS with big ran for 0.151 secs (0.151u,0.s)
Tactic call lazy beta iota for TypeClassesPHOAS with big ran for 0. secs (0.u,0.s) (success)
Tactic call reif for TypeClassesPHOAS with big ran for 0.151 secs (0.151u,0.s) (success)
Tactic call post for TypeClassesPHOAS with big ran for 0. secs (0.u,0.s) (success)
Params: n= 43
Tactic call cbv for TypeClassesPHOAS with big ran for 0. secs (0.u,0.s) (success)
Tactic call pre for TypeClassesPHOAS with big ran for 0. secs (0.u,0.s) (success)
Tactic call actual reif for TypeClassesPHOAS with big ran for 0.15 secs (0.15u,0.s)
Tactic call eval lazy for TypeClassesPHOAS with big ran for 0. secs (0.u,0.s)
Tactic call norm reif for TypeClassesPHOAS with big ran for 0.151 secs (0.151u,0.s)
Tactic call lazy beta iota for TypeClassesPHOAS with big ran for 0. secs (0.u,0.s) (success)
Tactic call reif for TypeClassesPHOAS with big ran for 0.151 secs (0.151u,0.s) (success)
Tactic call post for TypeClassesPHOAS with big ran for 0. secs (0.u,0.s) (success)
Params: n= 44
Tactic call cbv for TypeClassesPHOAS with big ran for 0. secs (0.u,0.s) (success)
Tactic call pre for TypeClassesPHOAS with big ran for 0. secs (0.u,0.s) (success)
Tactic call actual reif for TypeClassesPHOAS with big ran for 0.157 secs (0.157u,0.s)
Tactic call eval lazy for TypeClassesPHOAS with big ran for 0. secs (0.u,0.s)
Tactic call norm reif for TypeClassesPHOAS with big ran for 0.157 secs (0.157u,0.s)
Tactic call lazy beta iota for TypeClassesPHOAS with big ran for 0. secs (0.u,0.s) (success)
Tactic call reif for TypeClassesPHOAS with big ran for 0.158 secs (0.158u,0.s) (success)
Tactic call post for TypeClassesPHOAS with big ran for 0. secs (0.u,0.s) (success)
Params: n= 45
Tactic call cbv for TypeClassesPHOAS with big ran for 0. secs (0.u,0.s) (success)
Tactic call pre for TypeClassesPHOAS with big ran for 0. secs (0.u,0.s) (success)
Tactic call actual reif for TypeClassesPHOAS with big ran for 0.185 secs (0.185u,0.s)
Tactic call eval lazy for TypeClassesPHOAS with big ran for 0. secs (0.u,0.s)
Tactic call norm reif for TypeClassesPHOAS with big ran for 0.185 secs (0.185u,0.s)
Tactic call lazy beta iota for TypeClassesPHOAS with big ran for 0. secs (0.u,0.s) (success)
Tactic call reif for TypeClassesPHOAS with big ran for 0.186 secs (0.186u,0.s) (success)
Tactic call post for TypeClassesPHOAS with big ran for 0. secs (0.u,0.s) (success)
Params: n= 46
Tactic call cbv for TypeClassesPHOAS with big ran for 0. secs (0.u,0.s) (success)
Tactic call pre for TypeClassesPHOAS with big ran for 0. secs (0.u,0.s) (success)
Tactic call actual reif for TypeClassesPHOAS with big ran for 0.178 secs (0.174u,0.003s)
Tactic call eval lazy for TypeClassesPHOAS with big ran for 0. secs (0.u,0.s)
Tactic call norm reif for TypeClassesPHOAS with big ran for 0.178 secs (0.175u,0.003s)
Tactic call lazy beta iota for TypeClassesPHOAS with big ran for 0. secs (0.u,0.s) (success)
Tactic call reif for TypeClassesPHOAS with big ran for 0.178 secs (0.175u,0.003s) (success)
Tactic call post for TypeClassesPHOAS with big ran for 0. secs (0.u,0.s) (success)
Params: n= 47
Tactic call cbv for TypeClassesPHOAS with big ran for 0. secs (0.u,0.s) (success)
Tactic call pre for TypeClassesPHOAS with big ran for 0. secs (0.u,0.s) (success)
Tactic call actual reif for TypeClassesPHOAS with big ran for 0.201 secs (0.201u,0.s)
Tactic call eval lazy for TypeClassesPHOAS with big ran for 0. secs (0.u,0.s)
Tactic call norm reif for TypeClassesPHOAS with big ran for 0.201 secs (0.201u,0.s)
Tactic call lazy beta iota for TypeClassesPHOAS with big ran for 0. secs (0.u,0.s) (success)
Tactic call reif for TypeClassesPHOAS with big ran for 0.201 secs (0.201u,0.s) (success)
Tactic call post for TypeClassesPHOAS with big ran for 0. secs (0.u,0.s) (success)
Params: n= 48
Tactic call cbv for TypeClassesPHOAS with big ran for 0. secs (0.u,0.s) (success)
Tactic call pre for TypeClassesPHOAS with big ran for 0. secs (0.u,0.s) (success)
Tactic call actual reif for TypeClassesPHOAS with big ran for 0.194 secs (0.194u,0.s)
Tactic call eval lazy for TypeClassesPHOAS with big ran for 0. secs (0.u,0.s)
Tactic call norm reif for TypeClassesPHOAS with big ran for 0.194 secs (0.194u,0.s)
Tactic call lazy beta iota for TypeClassesPHOAS with big ran for 0. secs (0.u,0.s) (success)
Tactic call reif for TypeClassesPHOAS with big ran for 0.195 secs (0.195u,0.s) (success)
Tactic call post for TypeClassesPHOAS with big ran for 0. secs (0.u,0.s) (success)
Params: n= 49
Tactic call cbv for TypeClassesPHOAS with big ran for 0. secs (0.u,0.s) (success)
Tactic call pre for TypeClassesPHOAS with big ran for 0. secs (0.u,0.s) (success)
Tactic call actual reif for TypeClassesPHOAS with big ran for 0.221 secs (0.221u,0.s)
Tactic call eval lazy for TypeClassesPHOAS with big ran for 0. secs (0.u,0.s)
Tactic call norm reif for TypeClassesPHOAS with big ran for 0.221 secs (0.221u,0.s)
Tactic call lazy beta iota for TypeClassesPHOAS with big ran for 0. secs (0.u,0.s) (success)
Tactic call reif for TypeClassesPHOAS with big ran for 0.221 secs (0.221u,0.s) (success)
Tactic call post for TypeClassesPHOAS with big ran for 0. secs (0.u,0.s) (success)
Params: n= 50
Tactic call cbv for TypeClassesPHOAS with big ran for 0. secs (0.u,0.s) (success)
Tactic call pre for TypeClassesPHOAS with big ran for 0. secs (0.u,0.s) (success)
Tactic call actual reif for TypeClassesPHOAS with big ran for 0.213 secs (0.213u,0.s)
Tactic call eval lazy for TypeClassesPHOAS with big ran for 0. secs (0.u,0.s)
Tactic call norm reif for TypeClassesPHOAS with big ran for 0.213 secs (0.213u,0.s)
Tactic call lazy beta iota for TypeClassesPHOAS with big ran for 0. secs (0.u,0.s) (success)
Tactic call reif for TypeClassesPHOAS with big ran for 0.214 secs (0.214u,0.s) (success)
Tactic call post for TypeClassesPHOAS with big ran for 0. secs (0.u,0.s) (success)
Params: n= 51
Tactic call cbv for TypeClassesPHOAS with big ran for 0. secs (0.u,0.s) (success)
Tactic call pre for TypeClassesPHOAS with big ran for 0. secs (0.u,0.s) (success)
Tactic call actual reif for TypeClassesPHOAS with big ran for 0.22 secs (0.22u,0.s)
Tactic call eval lazy for TypeClassesPHOAS with big ran for 0. secs (0.u,0.s)
Tactic call norm reif for TypeClassesPHOAS with big ran for 0.22 secs (0.22u,0.s)
Tactic call lazy beta iota for TypeClassesPHOAS with big ran for 0. secs (0.u,0.s) (success)
Tactic call reif for TypeClassesPHOAS with big ran for 0.22 secs (0.22u,0.s) (success)
Tactic call post for TypeClassesPHOAS with big ran for 0. secs (0.u,0.s) (success)
Params: n= 52
Tactic call cbv for TypeClassesPHOAS with big ran for 0. secs (0.u,0.s) (success)
Tactic call pre for TypeClassesPHOAS with big ran for 0. secs (0.u,0.s) (success)
Tactic call actual reif for TypeClassesPHOAS with big ran for 0.231 secs (0.231u,0.s)
Tactic call eval lazy for TypeClassesPHOAS with big ran for 0. secs (0.u,0.s)
Tactic call norm reif for TypeClassesPHOAS with big ran for 0.232 secs (0.232u,0.s)
Tactic call lazy beta iota for TypeClassesPHOAS with big ran for 0. secs (0.u,0.s) (success)
Tactic call reif for TypeClassesPHOAS with big ran for 0.232 secs (0.232u,0.s) (success)
Tactic call post for TypeClassesPHOAS with big ran for 0. secs (0.u,0.s) (success)
Params: n= 53
Tactic call cbv for TypeClassesPHOAS with big ran for 0. secs (0.u,0.s) (success)
Tactic call pre for TypeClassesPHOAS with big ran for 0. secs (0.u,0.s) (success)
Tactic call actual reif for TypeClassesPHOAS with big ran for 0.243 secs (0.243u,0.s)
Tactic call eval lazy for TypeClassesPHOAS with big ran for 0. secs (0.u,0.s)
Tactic call norm reif for TypeClassesPHOAS with big ran for 0.243 secs (0.243u,0.s)
Tactic call lazy beta iota for TypeClassesPHOAS with big ran for 0. secs (0.u,0.s) (success)
Tactic call reif for TypeClassesPHOAS with big ran for 0.243 secs (0.243u,0.s) (success)
Tactic call post for TypeClassesPHOAS with big ran for 0. secs (0.u,0.s) (success)
Params: n= 54
Tactic call cbv for TypeClassesPHOAS with big ran for 0. secs (0.u,0.s) (success)
Tactic call pre for TypeClassesPHOAS with big ran for 0. secs (0.u,0.s) (success)
Tactic call actual reif for TypeClassesPHOAS with big ran for 0.257 secs (0.257u,0.s)
Tactic call eval lazy for TypeClassesPHOAS with big ran for 0. secs (0.u,0.s)
Tactic call norm reif for TypeClassesPHOAS with big ran for 0.257 secs (0.257u,0.s)
Tactic call lazy beta iota for TypeClassesPHOAS with big ran for 0. secs (0.u,0.s) (success)
Tactic call reif for TypeClassesPHOAS with big ran for 0.257 secs (0.257u,0.s) (success)
Tactic call post for TypeClassesPHOAS with big ran for 0. secs (0.u,0.s) (success)
Params: n= 55
Tactic call cbv for TypeClassesPHOAS with big ran for 0. secs (0.u,0.s) (success)
Tactic call pre for TypeClassesPHOAS with big ran for 0. secs (0.u,0.s) (success)
Tactic call actual reif for TypeClassesPHOAS with big ran for 0.272 secs (0.272u,0.s)
Tactic call eval lazy for TypeClassesPHOAS with big ran for 0. secs (0.u,0.s)
Tactic call norm reif for TypeClassesPHOAS with big ran for 0.272 secs (0.272u,0.s)
Tactic call lazy beta iota for TypeClassesPHOAS with big ran for 0. secs (0.u,0.s) (success)
Tactic call reif for TypeClassesPHOAS with big ran for 0.272 secs (0.272u,0.s) (success)
Tactic call post for TypeClassesPHOAS with big ran for 0. secs (0.u,0.s) (success)
Params: n= 56
Tactic call cbv for TypeClassesPHOAS with big ran for 0. secs (0.u,0.s) (success)
Tactic call pre for TypeClassesPHOAS with big ran for 0. secs (0.u,0.s) (success)
Tactic call actual reif for TypeClassesPHOAS with big ran for 0.282 secs (0.278u,0.003s)
Tactic call eval lazy for TypeClassesPHOAS with big ran for 0. secs (0.u,0.s)
Tactic call norm reif for TypeClassesPHOAS with big ran for 0.283 secs (0.279u,0.003s)
Tactic call lazy beta iota for TypeClassesPHOAS with big ran for 0. secs (0.u,0.s) (success)
Tactic call reif for TypeClassesPHOAS with big ran for 0.283 secs (0.279u,0.003s) (success)
Tactic call post for TypeClassesPHOAS with big ran for 0. secs (0.u,0.s) (success)
Params: n= 57
Tactic call cbv for TypeClassesPHOAS with big ran for 0. secs (0.u,0.s) (success)
Tactic call pre for TypeClassesPHOAS with big ran for 0. secs (0.u,0.s) (success)
Tactic call actual reif for TypeClassesPHOAS with big ran for 0.296 secs (0.296u,0.s)
Tactic call eval lazy for TypeClassesPHOAS with big ran for 0. secs (0.u,0.s)
Tactic call norm reif for TypeClassesPHOAS with big ran for 0.296 secs (0.296u,0.s)
Tactic call lazy beta iota for TypeClassesPHOAS with big ran for 0. secs (0.u,0.s) (success)
Tactic call reif for TypeClassesPHOAS with big ran for 0.296 secs (0.296u,0.s) (success)
Tactic call post for TypeClassesPHOAS with big ran for 0. secs (0.u,0.s) (success)
Params: n= 58
Tactic call cbv for TypeClassesPHOAS with big ran for 0. secs (0.u,0.s) (success)
Tactic call pre for TypeClassesPHOAS with big ran for 0. secs (0.u,0.s) (success)
Tactic call actual reif for TypeClassesPHOAS with big ran for 0.315 secs (0.311u,0.003s)
Tactic call eval lazy for TypeClassesPHOAS with big ran for 0. secs (0.u,0.s)
Tactic call norm reif for TypeClassesPHOAS with big ran for 0.316 secs (0.312u,0.004s)
Tactic call lazy beta iota for TypeClassesPHOAS with big ran for 0. secs (0.u,0.s) (success)
Tactic call reif for TypeClassesPHOAS with big ran for 0.316 secs (0.312u,0.004s) (success)
Tactic call post for TypeClassesPHOAS with big ran for 0. secs (0.u,0.s) (success)
Params: n= 59
Tactic call cbv for TypeClassesPHOAS with big ran for 0. secs (0.u,0.s) (success)
Tactic call pre for TypeClassesPHOAS with big ran for 0. secs (0.u,0.s) (success)
Tactic call actual reif for TypeClassesPHOAS with big ran for 0.34 secs (0.339u,0.s)
Tactic call eval lazy for TypeClassesPHOAS with big ran for 0. secs (0.u,0.s)
Tactic call norm reif for TypeClassesPHOAS with big ran for 0.34 secs (0.34u,0.s)
Tactic call lazy beta iota for TypeClassesPHOAS with big ran for 0. secs (0.u,0.s) (success)
Tactic call reif for TypeClassesPHOAS with big ran for 0.34 secs (0.34u,0.s) (success)
Tactic call post for TypeClassesPHOAS with big ran for 0. secs (0.u,0.s) (success)
Params: n= 60
Tactic call cbv for TypeClassesPHOAS with big ran for 0. secs (0.u,0.s) (success)
Tactic call pre for TypeClassesPHOAS with big ran for 0. secs (0.u,0.s) (success)
Tactic call actual reif for TypeClassesPHOAS with big ran for 0.348 secs (0.344u,0.004s)
Tactic call eval lazy for TypeClassesPHOAS with big ran for 0. secs (0.u,0.s)
Tactic call norm reif for TypeClassesPHOAS with big ran for 0.348 secs (0.344u,0.004s)
Tactic call lazy beta iota for TypeClassesPHOAS with big ran for 0. secs (0.u,0.s) (success)
Tactic call reif for TypeClassesPHOAS with big ran for 0.349 secs (0.345u,0.004s) (success)
Tactic call post for TypeClassesPHOAS with big ran for 0. secs (0.u,0.s) (success)
Params: n= 61
Tactic call cbv for TypeClassesPHOAS with big ran for 0. secs (0.u,0.s) (success)
Tactic call pre for TypeClassesPHOAS with big ran for 0. secs (0.u,0.s) (success)
Tactic call actual reif for TypeClassesPHOAS with big ran for 0.355 secs (0.355u,0.s)
Tactic call eval lazy for TypeClassesPHOAS with big ran for 0. secs (0.u,0.s)
Tactic call norm reif for TypeClassesPHOAS with big ran for 0.355 secs (0.355u,0.s)
Tactic call lazy beta iota for TypeClassesPHOAS with big ran for 0. secs (0.u,0.s) (success)
Tactic call reif for TypeClassesPHOAS with big ran for 0.356 secs (0.356u,0.s) (success)
Tactic call post for TypeClassesPHOAS with big ran for 0. secs (0.u,0.s) (success)
Params: n= 62
Tactic call cbv for TypeClassesPHOAS with big ran for 0. secs (0.u,0.s) (success)
Tactic call pre for TypeClassesPHOAS with big ran for 0. secs (0.u,0.s) (success)
Tactic call actual reif for TypeClassesPHOAS with big ran for 0.369 secs (0.369u,0.s)
Tactic call eval lazy for TypeClassesPHOAS with big ran for 0. secs (0.u,0.s)
Tactic call norm reif for TypeClassesPHOAS with big ran for 0.369 secs (0.369u,0.s)
Tactic call lazy beta iota for TypeClassesPHOAS with big ran for 0. secs (0.u,0.s) (success)
Tactic call reif for TypeClassesPHOAS with big ran for 0.369 secs (0.369u,0.s) (success)
Tactic call post for TypeClassesPHOAS with big ran for 0. secs (0.u,0.s) (success)
Params: n= 63
Tactic call cbv for TypeClassesPHOAS with big ran for 0. secs (0.u,0.s) (success)
Tactic call pre for TypeClassesPHOAS with big ran for 0. secs (0.u,0.s) (success)
Tactic call actual reif for TypeClassesPHOAS with big ran for 0.387 secs (0.387u,0.s)
Tactic call eval lazy for TypeClassesPHOAS with big ran for 0. secs (0.u,0.s)
Tactic call norm reif for TypeClassesPHOAS with big ran for 0.388 secs (0.387u,0.s)
Tactic call lazy beta iota for TypeClassesPHOAS with big ran for 0. secs (0.u,0.s) (success)
Tactic call reif for TypeClassesPHOAS with big ran for 0.388 secs (0.388u,0.s) (success)
Tactic call post for TypeClassesPHOAS with big ran for 0. secs (0.u,0.s) (success)
Params: n= 64
Tactic call cbv for TypeClassesPHOAS with big ran for 0. secs (0.u,0.s) (success)
Tactic call pre for TypeClassesPHOAS with big ran for 0. secs (0.u,0.s) (success)
Tactic call actual reif for TypeClassesPHOAS with big ran for 0.403 secs (0.403u,0.s)
Tactic call eval lazy for TypeClassesPHOAS with big ran for 0. secs (0.u,0.s)
Tactic call norm reif for TypeClassesPHOAS with big ran for 0.403 secs (0.403u,0.s)
Tactic call lazy beta iota for TypeClassesPHOAS with big ran for 0. secs (0.u,0.s) (success)
Tactic call reif for TypeClassesPHOAS with big ran for 0.403 secs (0.403u,0.s) (success)
Tactic call post for TypeClassesPHOAS with big ran for 0. secs (0.u,0.s) (success)
Params: n= 65
Tactic call cbv for TypeClassesPHOAS with big ran for 0. secs (0.u,0.s) (success)
Tactic call pre for TypeClassesPHOAS with big ran for 0. secs (0.u,0.s) (success)
Tactic call actual reif for TypeClassesPHOAS with big ran for 0.419 secs (0.419u,0.s)
Tactic call eval lazy for TypeClassesPHOAS with big ran for 0. secs (0.u,0.s)
Tactic call norm reif for TypeClassesPHOAS with big ran for 0.419 secs (0.419u,0.s)
Tactic call lazy beta iota for TypeClassesPHOAS with big ran for 0. secs (0.u,0.s) (success)
Tactic call reif for TypeClassesPHOAS with big ran for 0.419 secs (0.419u,0.s) (success)
Tactic call post for TypeClassesPHOAS with big ran for 0. secs (0.u,0.s) (success)
Params: n= 66
Tactic call cbv for TypeClassesPHOAS with big ran for 0. secs (0.u,0.s) (success)
Tactic call pre for TypeClassesPHOAS with big ran for 0. secs (0.u,0.s) (success)
Tactic call actual reif for TypeClassesPHOAS with big ran for 0.432 secs (0.432u,0.s)
Tactic call eval lazy for TypeClassesPHOAS with big ran for 0. secs (0.u,0.s)
Tactic call norm reif for TypeClassesPHOAS with big ran for 0.433 secs (0.433u,0.s)
Tactic call lazy beta iota for TypeClassesPHOAS with big ran for 0. secs (0.u,0.s) (success)
Tactic call reif for TypeClassesPHOAS with big ran for 0.433 secs (0.433u,0.s) (success)
Tactic call post for TypeClassesPHOAS with big ran for 0. secs (0.u,0.s) (success)
Params: n= 67
Tactic call cbv for TypeClassesPHOAS with big ran for 0. secs (0.u,0.s) (success)
Tactic call pre for TypeClassesPHOAS with big ran for 0. secs (0.u,0.s) (success)
Tactic call actual reif for TypeClassesPHOAS with big ran for 0.469 secs (0.469u,0.s)
Tactic call eval lazy for TypeClassesPHOAS with big ran for 0. secs (0.u,0.s)
Tactic call norm reif for TypeClassesPHOAS with big ran for 0.469 secs (0.469u,0.s)
Tactic call lazy beta iota for TypeClassesPHOAS with big ran for 0. secs (0.u,0.s) (success)
Tactic call reif for TypeClassesPHOAS with big ran for 0.469 secs (0.469u,0.s) (success)
Tactic call post for TypeClassesPHOAS with big ran for 0. secs (0.u,0.s) (success)
Params: n= 68
Tactic call cbv for TypeClassesPHOAS with big ran for 0. secs (0.u,0.s) (success)
Tactic call pre for TypeClassesPHOAS with big ran for 0. secs (0.u,0.s) (success)
Tactic call actual reif for TypeClassesPHOAS with big ran for 0.504 secs (0.502u,0.s)
Tactic call eval lazy for TypeClassesPHOAS with big ran for 0. secs (0.u,0.s)
Tactic call norm reif for TypeClassesPHOAS with big ran for 0.504 secs (0.502u,0.s)
Tactic call lazy beta iota for TypeClassesPHOAS with big ran for 0. secs (0.u,0.s) (success)
Tactic call reif for TypeClassesPHOAS with big ran for 0.504 secs (0.503u,0.s) (success)
Tactic call post for TypeClassesPHOAS with big ran for 0. secs (0.u,0.s) (success)
Params: n= 69
Tactic call cbv for TypeClassesPHOAS with big ran for 0. secs (0.u,0.s) (success)
Tactic call pre for TypeClassesPHOAS with big ran for 0. secs (0.u,0.s) (success)
Tactic call actual reif for TypeClassesPHOAS with big ran for 0.5 secs (0.5u,0.s)
Tactic call eval lazy for TypeClassesPHOAS with big ran for 0. secs (0.u,0.s)
Tactic call norm reif for TypeClassesPHOAS with big ran for 0.5 secs (0.5u,0.s)
Tactic call lazy beta iota for TypeClassesPHOAS with big ran for 0. secs (0.u,0.s) (success)
Tactic call reif for TypeClassesPHOAS with big ran for 0.5 secs (0.5u,0.s) (success)
Tactic call post for TypeClassesPHOAS with big ran for 0. secs (0.u,0.s) (success)
Params: n= 70
Tactic call cbv for TypeClassesPHOAS with big ran for 0. secs (0.u,0.s) (success)
Tactic call pre for TypeClassesPHOAS with big ran for 0. secs (0.u,0.s) (success)
Tactic call actual reif for TypeClassesPHOAS with big ran for 0.524 secs (0.52u,0.003s)
Tactic call eval lazy for TypeClassesPHOAS with big ran for 0. secs (0.u,0.s)
Tactic call norm reif for TypeClassesPHOAS with big ran for 0.524 secs (0.52u,0.003s)
Tactic call lazy beta iota for TypeClassesPHOAS with big ran for 0. secs (0.u,0.s) (success)
Tactic call reif for TypeClassesPHOAS with big ran for 0.525 secs (0.521u,0.003s) (success)
Tactic call post for TypeClassesPHOAS with big ran for 0. secs (0.u,0.s) (success)
Params: n= 71
Tactic call cbv for TypeClassesPHOAS with big ran for 0. secs (0.u,0.s) (success)
Tactic call pre for TypeClassesPHOAS with big ran for 0. secs (0.u,0.s) (success)
Tactic call actual reif for TypeClassesPHOAS with big ran for 0.497 secs (0.497u,0.s)
Tactic call eval lazy for TypeClassesPHOAS with big ran for 0. secs (0.u,0.s)
Tactic call norm reif for TypeClassesPHOAS with big ran for 0.497 secs (0.497u,0.s)
Tactic call lazy beta iota for TypeClassesPHOAS with big ran for 0. secs (0.u,0.s) (success)
Tactic call reif for TypeClassesPHOAS with big ran for 0.497 secs (0.497u,0.s) (success)
Tactic call post for TypeClassesPHOAS with big ran for 0. secs (0.u,0.s) (success)
Params: n= 72
Tactic call cbv for TypeClassesPHOAS with big ran for 0. secs (0.u,0.s) (success)
Tactic call pre for TypeClassesPHOAS with big ran for 0. secs (0.u,0.s) (success)
Tactic call actual reif for TypeClassesPHOAS with big ran for 0.52 secs (0.52u,0.s)
Tactic call eval lazy for TypeClassesPHOAS with big ran for 0. secs (0.u,0.s)
Tactic call norm reif for TypeClassesPHOAS with big ran for 0.52 secs (0.52u,0.s)
Tactic call lazy beta iota for TypeClassesPHOAS with big ran for 0. secs (0.u,0.s) (success)
Tactic call reif for TypeClassesPHOAS with big ran for 0.52 secs (0.52u,0.s) (success)
Tactic call post for TypeClassesPHOAS with big ran for 0. secs (0.u,0.s) (success)
Params: n= 73
Tactic call cbv for TypeClassesPHOAS with big ran for 0. secs (0.u,0.s) (success)
Tactic call pre for TypeClassesPHOAS with big ran for 0. secs (0.u,0.s) (success)
Tactic call actual reif for TypeClassesPHOAS with big ran for 0.548 secs (0.548u,0.s)
Tactic call eval lazy for TypeClassesPHOAS with big ran for 0. secs (0.u,0.s)
Tactic call norm reif for TypeClassesPHOAS with big ran for 0.549 secs (0.549u,0.s)
Tactic call lazy beta iota for TypeClassesPHOAS with big ran for 0. secs (0.u,0.s) (success)
Tactic call reif for TypeClassesPHOAS with big ran for 0.549 secs (0.549u,0.s) (success)
Tactic call post for TypeClassesPHOAS with big ran for 0. secs (0.u,0.s) (success)
Params: n= 74
Tactic call cbv for TypeClassesPHOAS with big ran for 0. secs (0.u,0.s) (success)
Tactic call pre for TypeClassesPHOAS with big ran for 0. secs (0.u,0.s) (success)
Tactic call actual reif for TypeClassesPHOAS with big ran for 0.562 secs (0.562u,0.s)
Tactic call eval lazy for TypeClassesPHOAS with big ran for 0. secs (0.u,0.s)
Tactic call norm reif for TypeClassesPHOAS with big ran for 0.563 secs (0.563u,0.s)
Tactic call lazy beta iota for TypeClassesPHOAS with big ran for 0. secs (0.u,0.s) (success)
Tactic call reif for TypeClassesPHOAS with big ran for 0.563 secs (0.563u,0.s) (success)
Tactic call post for TypeClassesPHOAS with big ran for 0. secs (0.u,0.s) (success)
Params: n= 75
Tactic call cbv for TypeClassesPHOAS with big ran for 0. secs (0.u,0.s) (success)
Tactic call pre for TypeClassesPHOAS with big ran for 0. secs (0.u,0.s) (success)
Tactic call actual reif for TypeClassesPHOAS with big ran for 0.611 secs (0.611u,0.s)
Tactic call eval lazy for TypeClassesPHOAS with big ran for 0. secs (0.u,0.s)
Tactic call norm reif for TypeClassesPHOAS with big ran for 0.611 secs (0.611u,0.s)
Tactic call lazy beta iota for TypeClassesPHOAS with big ran for 0. secs (0.u,0.s) (success)
Tactic call reif for TypeClassesPHOAS with big ran for 0.611 secs (0.611u,0.s) (success)
Tactic call post for TypeClassesPHOAS with big ran for 0. secs (0.u,0.s) (success)
Params: n= 76
Tactic call cbv for TypeClassesPHOAS with big ran for 0. secs (0.u,0.s) (success)
Tactic call pre for TypeClassesPHOAS with big ran for 0. secs (0.u,0.s) (success)
Tactic call actual reif for TypeClassesPHOAS with big ran for 0.668 secs (0.668u,0.s)
Tactic call eval lazy for TypeClassesPHOAS with big ran for 0. secs (0.u,0.s)
Tactic call norm reif for TypeClassesPHOAS with big ran for 0.668 secs (0.668u,0.s)
Tactic call lazy beta iota for TypeClassesPHOAS with big ran for 0. secs (0.u,0.s) (success)
Tactic call reif for TypeClassesPHOAS with big ran for 0.668 secs (0.668u,0.s) (success)
Tactic call post for TypeClassesPHOAS with big ran for 0. secs (0.u,0.s) (success)
Params: n= 77
Tactic call cbv for TypeClassesPHOAS with big ran for 0. secs (0.u,0.s) (success)
Tactic call pre for TypeClassesPHOAS with big ran for 0. secs (0.u,0.s) (success)
Tactic call actual reif for TypeClassesPHOAS with big ran for 0.685 secs (0.685u,0.s)
Tactic call eval lazy for TypeClassesPHOAS with big ran for 0. secs (0.u,0.s)
Tactic call norm reif for TypeClassesPHOAS with big ran for 0.685 secs (0.685u,0.s)
Tactic call lazy beta iota for TypeClassesPHOAS with big ran for 0. secs (0.u,0.s) (success)
Tactic call reif for TypeClassesPHOAS with big ran for 0.686 secs (0.685u,0.s) (success)
Tactic call post for TypeClassesPHOAS with big ran for 0. secs (0.u,0.s) (success)
Params: n= 78
Tactic call cbv for TypeClassesPHOAS with big ran for 0. secs (0.u,0.s) (success)
Tactic call pre for TypeClassesPHOAS with big ran for 0. secs (0.u,0.s) (success)
Tactic call actual reif for TypeClassesPHOAS with big ran for 0.675 secs (0.675u,0.s)
Tactic call eval lazy for TypeClassesPHOAS with big ran for 0. secs (0.u,0.s)
Tactic call norm reif for TypeClassesPHOAS with big ran for 0.675 secs (0.675u,0.s)
Tactic call lazy beta iota for TypeClassesPHOAS with big ran for 0. secs (0.u,0.s) (success)
Tactic call reif for TypeClassesPHOAS with big ran for 0.675 secs (0.675u,0.s) (success)
Tactic call post for TypeClassesPHOAS with big ran for 0. secs (0.u,0.s) (success)
Params: n= 79
Tactic call cbv for TypeClassesPHOAS with big ran for 0. secs (0.u,0.s) (success)
Tactic call pre for TypeClassesPHOAS with big ran for 0. secs (0.u,0.s) (success)
Tactic call actual reif for TypeClassesPHOAS with big ran for 0.707 secs (0.707u,0.s)
Tactic call eval lazy for TypeClassesPHOAS with big ran for 0. secs (0.u,0.s)
Tactic call norm reif for TypeClassesPHOAS with big ran for 0.707 secs (0.707u,0.s)
Tactic call lazy beta iota for TypeClassesPHOAS with big ran for 0. secs (0.u,0.s) (success)
Tactic call reif for TypeClassesPHOAS with big ran for 0.707 secs (0.707u,0.s) (success)
Tactic call post for TypeClassesPHOAS with big ran for 0. secs (0.u,0.s) (success)
Params: n= 80
Tactic call cbv for TypeClassesPHOAS with big ran for 0. secs (0.u,0.s) (success)
Tactic call pre for TypeClassesPHOAS with big ran for 0. secs (0.u,0.s) (success)
Tactic call actual reif for TypeClassesPHOAS with big ran for 0.733 secs (0.733u,0.s)
Tactic call eval lazy for TypeClassesPHOAS with big ran for 0. secs (0.u,0.s)
Tactic call norm reif for TypeClassesPHOAS with big ran for 0.733 secs (0.733u,0.s)
Tactic call lazy beta iota for TypeClassesPHOAS with big ran for 0. secs (0.u,0.s) (success)
Tactic call reif for TypeClassesPHOAS with big ran for 0.734 secs (0.734u,0.s) (success)
Tactic call post for TypeClassesPHOAS with big ran for 0. secs (0.u,0.s) (success)
Params: n= 81
Tactic call cbv for TypeClassesPHOAS with big ran for 0. secs (0.u,0.s) (success)
Tactic call pre for TypeClassesPHOAS with big ran for 0. secs (0.u,0.s) (success)
Tactic call actual reif for TypeClassesPHOAS with big ran for 0.75 secs (0.75u,0.s)
Tactic call eval lazy for TypeClassesPHOAS with big ran for 0. secs (0.u,0.s)
Tactic call norm reif for TypeClassesPHOAS with big ran for 0.751 secs (0.751u,0.s)
Tactic call lazy beta iota for TypeClassesPHOAS with big ran for 0. secs (0.u,0.s) (success)
Tactic call reif for TypeClassesPHOAS with big ran for 0.751 secs (0.751u,0.s) (success)
Tactic call post for TypeClassesPHOAS with big ran for 0. secs (0.u,0.s) (success)
Params: n= 82
Tactic call cbv for TypeClassesPHOAS with big ran for 0. secs (0.u,0.s) (success)
Tactic call pre for TypeClassesPHOAS with big ran for 0. secs (0.u,0.s) (success)
Tactic call actual reif for TypeClassesPHOAS with big ran for 0.795 secs (0.795u,0.s)
Tactic call eval lazy for TypeClassesPHOAS with big ran for 0. secs (0.u,0.s)
Tactic call norm reif for TypeClassesPHOAS with big ran for 0.795 secs (0.795u,0.s)
Tactic call lazy beta iota for TypeClassesPHOAS with big ran for 0. secs (0.u,0.s) (success)
Tactic call reif for TypeClassesPHOAS with big ran for 0.795 secs (0.795u,0.s) (success)
Tactic call post for TypeClassesPHOAS with big ran for 0. secs (0.u,0.s) (success)
Params: n= 83
Tactic call cbv for TypeClassesPHOAS with big ran for 0. secs (0.u,0.s) (success)
Tactic call pre for TypeClassesPHOAS with big ran for 0. secs (0.u,0.s) (success)
Tactic call actual reif for TypeClassesPHOAS with big ran for 0.854 secs (0.854u,0.s)
Tactic call eval lazy for TypeClassesPHOAS with big ran for 0. secs (0.u,0.s)
Tactic call norm reif for TypeClassesPHOAS with big ran for 0.855 secs (0.854u,0.s)
Tactic call lazy beta iota for TypeClassesPHOAS with big ran for 0. secs (0.u,0.s) (success)
Tactic call reif for TypeClassesPHOAS with big ran for 0.855 secs (0.855u,0.s) (success)
Tactic call post for TypeClassesPHOAS with big ran for 0. secs (0.u,0.s) (success)
Params: n= 84
Tactic call cbv for TypeClassesPHOAS with big ran for 0. secs (0.u,0.s) (success)
Tactic call pre for TypeClassesPHOAS with big ran for 0. secs (0.u,0.s) (success)
Tactic call actual reif for TypeClassesPHOAS with big ran for 0.846 secs (0.845u,0.s)
Tactic call eval lazy for TypeClassesPHOAS with big ran for 0. secs (0.u,0.s)
Tactic call norm reif for TypeClassesPHOAS with big ran for 0.846 secs (0.846u,0.s)
Tactic call lazy beta iota for TypeClassesPHOAS with big ran for 0. secs (0.u,0.s) (success)
Tactic call reif for TypeClassesPHOAS with big ran for 0.846 secs (0.846u,0.s) (success)
Tactic call post for TypeClassesPHOAS with big ran for 0. secs (0.u,0.s) (success)
Params: n= 85
Tactic call cbv for TypeClassesPHOAS with big ran for 0. secs (0.u,0.s) (success)
Tactic call pre for TypeClassesPHOAS with big ran for 0. secs (0.u,0.s) (success)
Tactic call actual reif for TypeClassesPHOAS with big ran for 0.871 secs (0.871u,0.s)
Tactic call eval lazy for TypeClassesPHOAS with big ran for 0. secs (0.u,0.s)
Tactic call norm reif for TypeClassesPHOAS with big ran for 0.871 secs (0.871u,0.s)
Tactic call lazy beta iota for TypeClassesPHOAS with big ran for 0. secs (0.u,0.s) (success)
Tactic call reif for TypeClassesPHOAS with big ran for 0.871 secs (0.871u,0.s) (success)
Tactic call post for TypeClassesPHOAS with big ran for 0. secs (0.u,0.s) (success)
