Params: n= 1
Tactic call cbv for TypeClassesBodyHOAS with big ran for 0. secs (0.u,0.s) (success)
Tactic call pre for TypeClassesBodyHOAS with big ran for 0. secs (0.u,0.s) (success)
Tactic call actual reif for TypeClassesBodyHOAS with big ran for 0. secs (0.u,0.s)
Tactic call eval lazy for TypeClassesBodyHOAS with big ran for 0. secs (0.u,0.s)
Tactic call norm reif for TypeClassesBodyHOAS with big ran for 0. secs (0.u,0.s)
Tactic call lazy beta iota for TypeClassesBodyHOAS with big ran for 0. secs (0.u,0.s) (success)
Tactic call transitivity (Denote rv) for TypeClassesBodyHOAS with big ran for 0. secs (0.u,0.s) (success)
Tactic call reif for TypeClassesBodyHOAS with big ran for 0. secs (0.u,0.s) (success)
Tactic call post for TypeClassesBodyHOAS with big ran for 0. secs (0.u,0.s) (success)
Params: n= 2
Tactic call cbv for TypeClassesBodyHOAS with big ran for 0. secs (0.u,0.s) (success)
Tactic call pre for TypeClassesBodyHOAS with big ran for 0. secs (0.u,0.s) (success)
Tactic call actual reif for TypeClassesBodyHOAS with big ran for 0. secs (0.u,0.s)
Tactic call eval lazy for TypeClassesBodyHOAS with big ran for 0. secs (0.u,0.s)
Tactic call norm reif for TypeClassesBodyHOAS with big ran for 0. secs (0.u,0.s)
Tactic call lazy beta iota for TypeClassesBodyHOAS with big ran for 0. secs (0.u,0.s) (success)
Tactic call transitivity (Denote rv) for TypeClassesBodyHOAS with big ran for 0. secs (0.u,0.s) (success)
Tactic call reif for TypeClassesBodyHOAS with big ran for 0. secs (0.u,0.s) (success)
Tactic call post for TypeClassesBodyHOAS with big ran for 0. secs (0.u,0.s) (success)
Params: n= 3
Tactic call cbv for TypeClassesBodyHOAS with big ran for 0. secs (0.u,0.s) (success)
Tactic call pre for TypeClassesBodyHOAS with big ran for 0. secs (0.u,0.s) (success)
Tactic call actual reif for TypeClassesBodyHOAS with big ran for 0. secs (0.u,0.s)
Tactic call eval lazy for TypeClassesBodyHOAS with big ran for 0. secs (0.u,0.s)
Tactic call norm reif for TypeClassesBodyHOAS with big ran for 0. secs (0.u,0.s)
Tactic call lazy beta iota for TypeClassesBodyHOAS with big ran for 0. secs (0.u,0.s) (success)
Tactic call transitivity (Denote rv) for TypeClassesBodyHOAS with big ran for 0. secs (0.u,0.s) (success)
Tactic call reif for TypeClassesBodyHOAS with big ran for 0. secs (0.u,0.s) (success)
Tactic call post for TypeClassesBodyHOAS with big ran for 0. secs (0.u,0.s) (success)
Params: n= 4
Tactic call cbv for TypeClassesBodyHOAS with big ran for 0. secs (0.u,0.s) (success)
Tactic call pre for TypeClassesBodyHOAS with big ran for 0. secs (0.u,0.s) (success)
Tactic call actual reif for TypeClassesBodyHOAS with big ran for 0. secs (0.u,0.s)
Tactic call eval lazy for TypeClassesBodyHOAS with big ran for 0. secs (0.u,0.s)
Tactic call norm reif for TypeClassesBodyHOAS with big ran for 0. secs (0.u,0.s)
Tactic call lazy beta iota for TypeClassesBodyHOAS with big ran for 0. secs (0.u,0.s) (success)
Tactic call transitivity (Denote rv) for TypeClassesBodyHOAS with big ran for 0. secs (0.u,0.s) (success)
Tactic call reif for TypeClassesBodyHOAS with big ran for 0.001 secs (0.u,0.s) (success)
Tactic call post for TypeClassesBodyHOAS with big ran for 0. secs (0.u,0.s) (success)
