Params: n= 50
Tactic call build-thunk-regression-linear ran for 0.003 secs (0.003u,0.s) (success)
Tactic call eval-thunk-regression-linear ran for 0. secs (0.u,0.s) (success)
Tactic call build-eval-thunk-regression-linear ran for 0.003 secs (0.003u,0.s) (success)
Tactic call build-I-regression-linear ran for 0. secs (0.u,0.s) (success)
Tactic call check-I-regression-linear ran for 0. secs (0.u,0.s) (success)
Tactic call type-I-regression-linear ran for 0. secs (0.u,0.s) (success)
Tactic call build-admit-regression-linear ran for 0. secs (0.u,0.s) (success)
Tactic call check-admit-regression-quadratic ran for 0.001 secs (0.u,0.s) (success)
Tactic call type-admit-regression-quadratic ran for 0. secs (0.u,0.s) (success)
Tactic call build-admit-cast-regression-linear ran for 0. secs (0.u,0.s) (success)
Tactic call check-admit-cast-regression-quadratic ran for 0.001 secs (0.u,0.001s) (success)
Tactic call type-admit-cast-regression-quadratic ran for 0.001 secs (0.u,0.001s) (success)
Tactic call build-pf-cast-regression-linear ran for 0. secs (0.u,0.s) (success)
Tactic call check-pf-cast-regression-quadratic ran for 0.001 secs (0.001u,0.s) (success)
Tactic call type-pf-cast-regression-quadratic ran for 0.001 secs (0.001u,0.s) (success)
Tactic call refine-regression-quadratic-regression-linear ran for 0.001 secs (0.001u,0.s) (success)
Tactic call fast_rewrite-regression-quadratic ran for 0.013 secs (0.009u,0.004s) (success)
Tactic call abstract-regression-quadratic ran for 0.015 secs (0.011u,0.004s) (success)
Tactic call close-abstract-regression-quadratic ran for 0.001 secs (0.001u,0.s)
Params: n= 100
Tactic call build-thunk-regression-linear ran for 0.007 secs (0.007u,0.s) (success)
Tactic call eval-thunk-regression-linear ran for 0. secs (0.u,0.s) (success)
Tactic call build-eval-thunk-regression-linear ran for 0.007 secs (0.007u,0.s) (success)
Tactic call build-I-regression-linear ran for 0. secs (0.u,0.s) (success)
Tactic call check-I-regression-linear ran for 0.001 secs (0.001u,0.s) (success)
Tactic call type-I-regression-linear ran for 0.001 secs (0.u,0.001s) (success)
Tactic call build-admit-regression-linear ran for 0. secs (0.u,0.s) (success)
Tactic call check-admit-regression-quadratic ran for 0.002 secs (0.u,0.002s) (success)
Tactic call type-admit-regression-quadratic ran for 0.002 secs (0.002u,0.s) (success)
Tactic call build-admit-cast-regression-linear ran for 0. secs (0.u,0.s) (success)
Tactic call check-admit-cast-regression-quadratic ran for 0.003 secs (0.003u,0.s) (success)
Tactic call type-admit-cast-regression-quadratic ran for 0.003 secs (0.003u,0.s) (success)
Tactic call build-pf-cast-regression-linear ran for 0. secs (0.u,0.s) (success)
Tactic call check-pf-cast-regression-quadratic ran for 0.035 secs (0.035u,0.s) (success)
Tactic call type-pf-cast-regression-quadratic ran for 0.002 secs (0.002u,0.s) (success)
Tactic call refine-regression-quadratic-regression-linear ran for 0.002 secs (0.002u,0.s) (success)
Tactic call fast_rewrite-regression-quadratic ran for 0.065 secs (0.061u,0.004s) (success)
Tactic call abstract-regression-quadratic ran for 0.07 secs (0.065u,0.004s) (success)
Tactic call close-abstract-regression-quadratic ran for 0.004 secs (0.004u,0.s)
Params: n= 150
Tactic call build-thunk-regression-linear ran for 0.008 secs (0.008u,0.s) (success)
Tactic call eval-thunk-regression-linear ran for 0. secs (0.u,0.s) (success)
Tactic call build-eval-thunk-regression-linear ran for 0.008 secs (0.008u,0.s) (success)
Tactic call build-I-regression-linear ran for 0. secs (0.u,0.s) (success)
Tactic call check-I-regression-linear ran for 0.001 secs (0.001u,0.s) (success)
Tactic call type-I-regression-linear ran for 0.001 secs (0.001u,0.s) (success)
Tactic call build-admit-regression-linear ran for 0. secs (0.u,0.s) (success)
Tactic call check-admit-regression-quadratic ran for 0.005 secs (0.005u,0.s) (success)
Tactic call type-admit-regression-quadratic ran for 0.004 secs (0.004u,0.s) (success)
Tactic call build-admit-cast-regression-linear ran for 0. secs (0.u,0.s) (success)
Tactic call check-admit-cast-regression-quadratic ran for 0.004 secs (0.004u,0.s) (success)
Tactic call type-admit-cast-regression-quadratic ran for 0.005 secs (0.005u,0.s) (success)
Tactic call build-pf-cast-regression-linear ran for 0. secs (0.u,0.s) (success)
Tactic call check-pf-cast-regression-quadratic ran for 0.005 secs (0.005u,0.s) (success)
Tactic call type-pf-cast-regression-quadratic ran for 0.018 secs (0.018u,0.s) (success)
Tactic call refine-regression-quadratic-regression-linear ran for 0.005 secs (0.005u,0.s) (success)
Tactic call fast_rewrite-regression-quadratic ran for 0.063 secs (0.063u,0.s) (success)
Tactic call abstract-regression-quadratic ran for 0.071 secs (0.071u,0.s) (success)
Tactic call close-abstract-regression-quadratic ran for 0.008 secs (0.008u,0.s)
Params: n= 200
Tactic call build-thunk-regression-linear ran for 0.011 secs (0.011u,0.s) (success)
Tactic call eval-thunk-regression-linear ran for 0. secs (0.u,0.s) (success)
Tactic call build-eval-thunk-regression-linear ran for 0.011 secs (0.011u,0.s) (success)
Tactic call build-I-regression-linear ran for 0. secs (0.u,0.s) (success)
Tactic call check-I-regression-linear ran for 0.002 secs (0.002u,0.s) (success)
Tactic call type-I-regression-linear ran for 0.001 secs (0.001u,0.s) (success)
Tactic call build-admit-regression-linear ran for 0. secs (0.u,0.s) (success)
Tactic call check-admit-regression-quadratic ran for 0.006 secs (0.006u,0.s) (success)
Tactic call type-admit-regression-quadratic ran for 0.008 secs (0.008u,0.s) (success)
Tactic call build-admit-cast-regression-linear ran for 0. secs (0.u,0.s) (success)
Tactic call check-admit-cast-regression-quadratic ran for 0.006 secs (0.006u,0.s) (success)
Tactic call type-admit-cast-regression-quadratic ran for 0.006 secs (0.006u,0.s) (success)
Tactic call build-pf-cast-regression-linear ran for 0. secs (0.u,0.s) (success)
Tactic call check-pf-cast-regression-quadratic ran for 0.006 secs (0.006u,0.s) (success)
Tactic call type-pf-cast-regression-quadratic ran for 0.006 secs (0.006u,0.s) (success)
Tactic call refine-regression-quadratic-regression-linear ran for 0.006 secs (0.006u,0.s) (success)
Tactic call fast_rewrite-regression-quadratic ran for 0.066 secs (0.066u,0.s) (success)
Tactic call abstract-regression-quadratic ran for 0.08 secs (0.08u,0.s) (success)
Tactic call close-abstract-regression-quadratic ran for 0.013 secs (0.013u,0.s)
Params: n= 250
Tactic call build-thunk-regression-linear ran for 0.013 secs (0.013u,0.s) (success)
Tactic call eval-thunk-regression-linear ran for 0. secs (0.u,0.s) (success)
Tactic call build-eval-thunk-regression-linear ran for 0.014 secs (0.014u,0.s) (success)
Tactic call build-I-regression-linear ran for 0. secs (0.u,0.s) (success)
Tactic call check-I-regression-linear ran for 0.002 secs (0.002u,0.s) (success)
Tactic call type-I-regression-linear ran for 0.002 secs (0.002u,0.s) (success)
Tactic call build-admit-regression-linear ran for 0. secs (0.u,0.s) (success)
Tactic call check-admit-regression-quadratic ran for 0.009 secs (0.009u,0.s) (success)
Tactic call type-admit-regression-quadratic ran for 0.009 secs (0.009u,0.s) (success)
Tactic call build-admit-cast-regression-linear ran for 0. secs (0.u,0.s) (success)
Tactic call check-admit-cast-regression-quadratic ran for 0.009 secs (0.009u,0.s) (success)
Tactic call type-admit-cast-regression-quadratic ran for 0.009 secs (0.009u,0.s) (success)
Tactic call build-pf-cast-regression-linear ran for 0. secs (0.u,0.s) (success)
Tactic call check-pf-cast-regression-quadratic ran for 0.011 secs (0.008u,0.002s) (success)
Tactic call type-pf-cast-regression-quadratic ran for 0.009 secs (0.009u,0.s) (success)
Tactic call refine-regression-quadratic-regression-linear ran for 0.01 secs (0.01u,0.s) (success)
Tactic call fast_rewrite-regression-quadratic ran for 0.092 secs (0.089u,0.003s) (success)
Tactic call abstract-regression-quadratic ran for 0.112 secs (0.109u,0.003s) (success)
Tactic call close-abstract-regression-quadratic ran for 0.02 secs (0.02u,0.s)
Params: n= 300
Tactic call build-thunk-regression-linear ran for 0.02 secs (0.02u,0.s) (success)
Tactic call eval-thunk-regression-linear ran for 0. secs (0.u,0.s) (success)
Tactic call build-eval-thunk-regression-linear ran for 0.02 secs (0.02u,0.s) (success)
Tactic call build-I-regression-linear ran for 0.001 secs (0.001u,0.s) (success)
Tactic call check-I-regression-linear ran for 0.003 secs (0.003u,0.s) (success)
Tactic call type-I-regression-linear ran for 0.002 secs (0.002u,0.s) (success)
Tactic call build-admit-regression-linear ran for 0.001 secs (0.001u,0.s) (success)
Tactic call check-admit-regression-quadratic ran for 0.013 secs (0.013u,0.s) (success)
Tactic call type-admit-regression-quadratic ran for 0.012 secs (0.012u,0.s) (success)
Tactic call build-admit-cast-regression-linear ran for 0.001 secs (0.001u,0.s) (success)
Tactic call check-admit-cast-regression-quadratic ran for 0.014 secs (0.014u,0.s) (success)
Tactic call type-admit-cast-regression-quadratic ran for 0.013 secs (0.013u,0.s) (success)
Tactic call build-pf-cast-regression-linear ran for 0.003 secs (0.003u,0.s) (success)
Tactic call check-pf-cast-regression-quadratic ran for 0.013 secs (0.013u,0.s) (success)
Tactic call type-pf-cast-regression-quadratic ran for 0.013 secs (0.013u,0.s) (success)
Tactic call refine-regression-quadratic-regression-linear ran for 0.013 secs (0.013u,0.s) (success)
Tactic call fast_rewrite-regression-quadratic ran for 0.127 secs (0.127u,0.s) (success)
Tactic call abstract-regression-quadratic ran for 0.155 secs (0.155u,0.s) (success)
Tactic call close-abstract-regression-quadratic ran for 0.028 secs (0.028u,0.s)
Params: n= 350
Tactic call build-thunk-regression-linear ran for 0.026 secs (0.026u,0.s) (success)
Tactic call eval-thunk-regression-linear ran for 0. secs (0.u,0.s) (success)
Tactic call build-eval-thunk-regression-linear ran for 0.027 secs (0.027u,0.s) (success)
Tactic call build-I-regression-linear ran for 0.001 secs (0.001u,0.s) (success)
Tactic call check-I-regression-linear ran for 0.003 secs (0.003u,0.s) (success)
Tactic call type-I-regression-linear ran for 0.003 secs (0.003u,0.s) (success)
Tactic call build-admit-regression-linear ran for 0.001 secs (0.001u,0.s) (success)
Tactic call check-admit-regression-quadratic ran for 0.017 secs (0.017u,0.s) (success)
Tactic call type-admit-regression-quadratic ran for 0.017 secs (0.017u,0.s) (success)
Tactic call build-admit-cast-regression-linear ran for 0.001 secs (0.001u,0.s) (success)
Tactic call check-admit-cast-regression-quadratic ran for 0.017 secs (0.017u,0.s) (success)
Tactic call type-admit-cast-regression-quadratic ran for 0.018 secs (0.018u,0.s) (success)
Tactic call build-pf-cast-regression-linear ran for 0.001 secs (0.001u,0.s) (success)
Tactic call check-pf-cast-regression-quadratic ran for 0.017 secs (0.017u,0.s) (success)
Tactic call type-pf-cast-regression-quadratic ran for 0.017 secs (0.017u,0.s) (success)
Tactic call refine-regression-quadratic-regression-linear ran for 0.017 secs (0.017u,0.s) (success)
Tactic call fast_rewrite-regression-quadratic ran for 0.164 secs (0.164u,0.s) (success)
Tactic call abstract-regression-quadratic ran for 0.204 secs (0.204u,0.s) (success)
Tactic call close-abstract-regression-quadratic ran for 0.039 secs (0.039u,0.s)
Params: n= 400
Tactic call build-thunk-regression-linear ran for 0.078 secs (0.078u,0.s) (success)
Tactic call eval-thunk-regression-linear ran for 0. secs (0.u,0.s) (success)
Tactic call build-eval-thunk-regression-linear ran for 0.078 secs (0.078u,0.s) (success)
Tactic call build-I-regression-linear ran for 0.001 secs (0.001u,0.s) (success)
Tactic call check-I-regression-linear ran for 0.004 secs (0.004u,0.s) (success)
Tactic call type-I-regression-linear ran for 0.003 secs (0.003u,0.s) (success)
Tactic call build-admit-regression-linear ran for 0.001 secs (0.001u,0.s) (success)
Tactic call check-admit-regression-quadratic ran for 0.02 secs (0.02u,0.s) (success)
Tactic call type-admit-regression-quadratic ran for 0.023 secs (0.023u,0.s) (success)
Tactic call build-admit-cast-regression-linear ran for 0.003 secs (0.003u,0.s) (success)
Tactic call check-admit-cast-regression-quadratic ran for 0.021 secs (0.021u,0.s) (success)
Tactic call type-admit-cast-regression-quadratic ran for 0.021 secs (0.021u,0.s) (success)
Tactic call build-pf-cast-regression-linear ran for 0.001 secs (0.001u,0.s) (success)
Tactic call check-pf-cast-regression-quadratic ran for 0.021 secs (0.021u,0.s) (success)
Tactic call type-pf-cast-regression-quadratic ran for 0.021 secs (0.021u,0.s) (success)
Tactic call refine-regression-quadratic-regression-linear ran for 0.021 secs (0.021u,0.s) (success)
Tactic call fast_rewrite-regression-quadratic ran for 0.248 secs (0.248u,0.s) (success)
Tactic call abstract-regression-quadratic ran for 0.326 secs (0.326u,0.s) (success)
Tactic call close-abstract-regression-quadratic ran for 0.077 secs (0.077u,0.s)
