Params: n= 4
Tactic call reify-regression-cubic ran for 0.003 secs (0.003u,0.s)
Tactic call abstract-regression-linear ran for 0. secs (0.u,0.s) (success)
Params: n= 5
Tactic call reify-regression-cubic ran for 0.004 secs (0.004u,0.s)
Tactic call abstract-regression-linear ran for 0. secs (0.u,0.s) (success)
Params: n= 6
Tactic call reify-regression-cubic ran for 0.005 secs (0.002u,0.003s)
Tactic call abstract-regression-linear ran for 0. secs (0.u,0.s) (success)
Params: n= 7
Tactic call reify-regression-cubic ran for 0.006 secs (0.005u,0.s)
Tactic call abstract-regression-linear ran for 0. secs (0.u,0.s) (success)
Params: n= 8
Tactic call reify-regression-cubic ran for 0.006 secs (0.006u,0.s)
Tactic call abstract-regression-linear ran for 0. secs (0.u,0.s) (success)
Params: n= 9
Tactic call reify-regression-cubic ran for 0.047 secs (0.047u,0.s)
Tactic call abstract-regression-linear ran for 0. secs (0.u,0.s) (success)
Params: n= 10
Tactic call reify-regression-cubic ran for 0.007 secs (0.007u,0.s)
Tactic call abstract-regression-linear ran for 0. secs (0.u,0.s) (success)
Params: n= 11
Tactic call reify-regression-cubic ran for 0.008 secs (0.008u,0.s)
Tactic call abstract-regression-linear ran for 0. secs (0.u,0.s) (success)
Params: n= 12
Tactic call reify-regression-cubic ran for 0.008 secs (0.008u,0.s)
Tactic call abstract-regression-linear ran for 0. secs (0.u,0.s) (success)
Params: n= 13
Tactic call reify-regression-cubic ran for 0.009 secs (0.009u,0.s)
Tactic call abstract-regression-linear ran for 0. secs (0.u,0.s) (success)
Params: n= 14
Tactic call reify-regression-cubic ran for 0.024 secs (0.024u,0.s)
Tactic call abstract-regression-linear ran for 0. secs (0.u,0.s) (success)
Params: n= 15
Tactic call reify-regression-cubic ran for 0.011 secs (0.011u,0.s)
Tactic call abstract-regression-linear ran for 0. secs (0.u,0.s) (success)
Params: n= 16
Tactic call reify-regression-cubic ran for 0.012 secs (0.012u,0.s)
Tactic call abstract-regression-linear ran for 0. secs (0.u,0.s) (success)
Params: n= 17
Tactic call reify-regression-cubic ran for 0.015 secs (0.011u,0.003s)
Tactic call abstract-regression-linear ran for 0. secs (0.u,0.s) (success)
Params: n= 18
Tactic call reify-regression-cubic ran for 0.015 secs (0.015u,0.s)
Tactic call abstract-regression-linear ran for 0.001 secs (0.001u,0.s) (success)
Params: n= 19
Tactic call reify-regression-cubic ran for 0.016 secs (0.016u,0.s)
Tactic call abstract-regression-linear ran for 0.001 secs (0.001u,0.s) (success)
Params: n= 20
Tactic call reify-regression-cubic ran for 0.017 secs (0.017u,0.s)
Tactic call abstract-regression-linear ran for 0.001 secs (0.001u,0.s) (success)
Params: n= 21
Tactic call reify-regression-cubic ran for 0.018 secs (0.018u,0.s)
Tactic call abstract-regression-linear ran for 0.001 secs (0.001u,0.s) (success)
Params: n= 22
Tactic call reify-regression-cubic ran for 0.021 secs (0.021u,0.s)
Tactic call abstract-regression-linear ran for 0.001 secs (0.001u,0.s) (success)
Params: n= 23
Tactic call reify-regression-cubic ran for 0.021 secs (0.021u,0.s)
Tactic call abstract-regression-linear ran for 0.001 secs (0.001u,0.s) (success)
Params: n= 24
Tactic call reify-regression-cubic ran for 0.027 secs (0.027u,0.s)
Tactic call abstract-regression-linear ran for 0.001 secs (0.001u,0.s) (success)
Params: n= 25
Tactic call reify-regression-cubic ran for 0.024 secs (0.024u,0.s)
Tactic call abstract-regression-linear ran for 0.001 secs (0.001u,0.s) (success)
Params: n= 26
Tactic call reify-regression-cubic ran for 0.026 secs (0.026u,0.s)
Tactic call abstract-regression-linear ran for 0.001 secs (0.001u,0.s) (success)
Params: n= 27
Tactic call reify-regression-cubic ran for 0.035 secs (0.035u,0.s)
Tactic call abstract-regression-linear ran for 0.001 secs (0.001u,0.s) (success)
Params: n= 28
Tactic call reify-regression-cubic ran for 0.029 secs (0.029u,0.s)
Tactic call abstract-regression-linear ran for 0.001 secs (0.001u,0.s) (success)
Params: n= 29
Tactic call reify-regression-cubic ran for 0.029 secs (0.029u,0.s)
Tactic call abstract-regression-linear ran for 0.001 secs (0.001u,0.s) (success)
Params: n= 30
Tactic call reify-regression-cubic ran for 0.033 secs (0.033u,0.s)
Tactic call abstract-regression-linear ran for 0.001 secs (0.001u,0.s) (success)
Params: n= 31
Tactic call reify-regression-cubic ran for 0.092 secs (0.092u,0.s)
Tactic call abstract-regression-linear ran for 0.001 secs (0.001u,0.s) (success)
Params: n= 32
Tactic call reify-regression-cubic ran for 0.037 secs (0.037u,0.s)
Tactic call abstract-regression-linear ran for 0.001 secs (0.001u,0.s) (success)
Params: n= 33
Tactic call reify-regression-cubic ran for 0.065 secs (0.065u,0.s)
Tactic call abstract-regression-linear ran for 0.001 secs (0.001u,0.s) (success)
Params: n= 34
Tactic call reify-regression-cubic ran for 0.039 secs (0.039u,0.s)
Tactic call abstract-regression-linear ran for 0.003 secs (0.003u,0.s) (success)
Params: n= 35
Tactic call reify-regression-cubic ran for 0.041 secs (0.041u,0.s)
Tactic call abstract-regression-linear ran for 0.016 secs (0.016u,0.s) (success)
Params: n= 36
Tactic call reify-regression-cubic ran for 0.044 secs (0.044u,0.s)
Tactic call abstract-regression-linear ran for 0.001 secs (0.001u,0.s) (success)
Params: n= 37
Tactic call reify-regression-cubic ran for 0.044 secs (0.044u,0.s)
Tactic call abstract-regression-linear ran for 0.001 secs (0.001u,0.s) (success)
Params: n= 38
Tactic call reify-regression-cubic ran for 0.049 secs (0.046u,0.003s)
Tactic call abstract-regression-linear ran for 0.001 secs (0.001u,0.s) (success)
Params: n= 39
Tactic call reify-regression-cubic ran for 0.054 secs (0.05u,0.004s)
Tactic call abstract-regression-linear ran for 0.001 secs (0.001u,0.s) (success)
Params: n= 40
Tactic call reify-regression-cubic ran for 0.051 secs (0.051u,0.s)
Tactic call abstract-regression-linear ran for 0.001 secs (0.001u,0.s) (success)
Params: n= 41
Tactic call reify-regression-cubic ran for 0.059 secs (0.059u,0.s)
Tactic call abstract-regression-linear ran for 0.001 secs (0.001u,0.s) (success)
Params: n= 42
Tactic call reify-regression-cubic ran for 0.058 secs (0.054u,0.003s)
Tactic call abstract-regression-linear ran for 0.001 secs (0.u,0.001s) (success)
Params: n= 43
Tactic call reify-regression-cubic ran for 0.115 secs (0.114u,0.001s)
Tactic call abstract-regression-linear ran for 0.002 secs (0.002u,0.s) (success)
Params: n= 44
Tactic call reify-regression-cubic ran for 0.094 secs (0.094u,0.s)
Tactic call abstract-regression-linear ran for 0.002 secs (0.002u,0.s) (success)
Params: n= 45
Tactic call reify-regression-cubic ran for 0.066 secs (0.066u,0.s)
Tactic call abstract-regression-linear ran for 0.002 secs (0.002u,0.s) (success)
Params: n= 46
Tactic call reify-regression-cubic ran for 0.079 secs (0.079u,0.s)
Tactic call abstract-regression-linear ran for 0.002 secs (0.002u,0.s) (success)
Params: n= 47
Tactic call reify-regression-cubic ran for 0.067 secs (0.067u,0.s)
Tactic call abstract-regression-linear ran for 0.002 secs (0.002u,0.s) (success)
Params: n= 48
Tactic call reify-regression-cubic ran for 0.071 secs (0.071u,0.s)
Tactic call abstract-regression-linear ran for 0.002 secs (0.002u,0.s) (success)
Params: n= 49
Tactic call reify-regression-cubic ran for 0.073 secs (0.073u,0.s)
Tactic call abstract-regression-linear ran for 0.002 secs (0.002u,0.s) (success)
Params: n= 50
Tactic call reify-regression-cubic ran for 0.075 secs (0.075u,0.s)
Tactic call abstract-regression-linear ran for 0.002 secs (0.002u,0.s) (success)
Params: n= 51
Tactic call reify-regression-cubic ran for 0.079 secs (0.079u,0.s)
Tactic call abstract-regression-linear ran for 0.002 secs (0.002u,0.s) (success)
Params: n= 52
Tactic call reify-regression-cubic ran for 0.082 secs (0.082u,0.s)
Tactic call abstract-regression-linear ran for 0.003 secs (0.003u,0.s) (success)
Params: n= 53
Tactic call reify-regression-cubic ran for 0.087 secs (0.087u,0.s)
Tactic call abstract-regression-linear ran for 0.003 secs (0.003u,0.s) (success)
Params: n= 54
Tactic call reify-regression-cubic ran for 0.089 secs (0.089u,0.s)
Tactic call abstract-regression-linear ran for 0.002 secs (0.u,0.002s) (success)
Params: n= 55
Tactic call reify-regression-cubic ran for 0.092 secs (0.091u,0.001s)
Tactic call abstract-regression-linear ran for 0.002 secs (0.002u,0.s) (success)
Params: n= 56
Tactic call reify-regression-cubic ran for 0.094 secs (0.094u,0.s)
Tactic call abstract-regression-linear ran for 0.002 secs (0.002u,0.s) (success)
Params: n= 57
Tactic call reify-regression-cubic ran for 0.096 secs (0.096u,0.s)
Tactic call abstract-regression-linear ran for 0.002 secs (0.002u,0.s) (success)
Params: n= 58
Tactic call reify-regression-cubic ran for 0.1 secs (0.1u,0.s)
Tactic call abstract-regression-linear ran for 0.002 secs (0.002u,0.s) (success)
Params: n= 59
Tactic call reify-regression-cubic ran for 0.107 secs (0.107u,0.s)
Tactic call abstract-regression-linear ran for 0.002 secs (0.002u,0.s) (success)
Params: n= 60
Tactic call reify-regression-cubic ran for 0.109 secs (0.105u,0.003s)
Tactic call abstract-regression-linear ran for 0.003 secs (0.003u,0.s) (success)
Params: n= 61
Tactic call reify-regression-cubic ran for 0.112 secs (0.112u,0.s)
Tactic call abstract-regression-linear ran for 0.002 secs (0.002u,0.s) (success)
Params: n= 62
Tactic call reify-regression-cubic ran for 0.13 secs (0.13u,0.s)
Tactic call abstract-regression-linear ran for 0.002 secs (0.002u,0.s) (success)
Params: n= 63
Tactic call reify-regression-cubic ran for 0.119 secs (0.119u,0.s)
Tactic call abstract-regression-linear ran for 0.002 secs (0.002u,0.s) (success)
Params: n= 64
Tactic call reify-regression-cubic ran for 0.123 secs (0.123u,0.s)
Tactic call abstract-regression-linear ran for 0.002 secs (0.002u,0.s) (success)
Params: n= 65
Tactic call reify-regression-cubic ran for 0.14 secs (0.14u,0.s)
Tactic call abstract-regression-linear ran for 0.002 secs (0.002u,0.s) (success)
Params: n= 66
Tactic call reify-regression-cubic ran for 0.131 secs (0.131u,0.s)
Tactic call abstract-regression-linear ran for 0.003 secs (0.003u,0.s) (success)
Params: n= 67
Tactic call reify-regression-cubic ran for 0.142 secs (0.142u,0.s)
Tactic call abstract-regression-linear ran for 0.003 secs (0.003u,0.s) (success)
Params: n= 68
Tactic call reify-regression-cubic ran for 0.138 secs (0.138u,0.s)
Tactic call abstract-regression-linear ran for 0.003 secs (0.003u,0.s) (success)
Params: n= 69
Tactic call reify-regression-cubic ran for 0.151 secs (0.151u,0.s)
Tactic call abstract-regression-linear ran for 0.003 secs (0.003u,0.s) (success)
Params: n= 70
Tactic call reify-regression-cubic ran for 0.145 secs (0.145u,0.s)
Tactic call abstract-regression-linear ran for 0.01 secs (0.01u,0.s) (success)
Params: n= 71
Tactic call reify-regression-cubic ran for 0.152 secs (0.152u,0.s)
Tactic call abstract-regression-linear ran for 0.003 secs (0.003u,0.s) (success)
Params: n= 72
Tactic call reify-regression-cubic ran for 0.163 secs (0.163u,0.s)
Tactic call abstract-regression-linear ran for 0.003 secs (0.003u,0.s) (success)
Params: n= 73
Tactic call reify-regression-cubic ran for 0.162 secs (0.162u,0.s)
Tactic call abstract-regression-linear ran for 0.003 secs (0.003u,0.s) (success)
Params: n= 74
Tactic call reify-regression-cubic ran for 0.16 secs (0.16u,0.s)
Tactic call abstract-regression-linear ran for 0.003 secs (0.003u,0.s) (success)
Params: n= 75
Tactic call reify-regression-cubic ran for 0.166 secs (0.166u,0.s)
Tactic call abstract-regression-linear ran for 0.003 secs (0.003u,0.s) (success)
Params: n= 76
Tactic call reify-regression-cubic ran for 0.171 secs (0.167u,0.003s)
Tactic call abstract-regression-linear ran for 0.003 secs (0.003u,0.s) (success)
Params: n= 77
Tactic call reify-regression-cubic ran for 0.171 secs (0.171u,0.s)
Tactic call abstract-regression-linear ran for 0.003 secs (0.003u,0.s) (success)
Params: n= 78
Tactic call reify-regression-cubic ran for 0.183 secs (0.183u,0.s)
Tactic call abstract-regression-linear ran for 0.003 secs (0.003u,0.s) (success)
Params: n= 79
Tactic call reify-regression-cubic ran for 0.18 secs (0.18u,0.s)
Tactic call abstract-regression-linear ran for 0.003 secs (0.003u,0.s) (success)
Params: n= 80
Tactic call reify-regression-cubic ran for 0.187 secs (0.187u,0.s)
Tactic call abstract-regression-linear ran for 0.003 secs (0.003u,0.s) (success)
Params: n= 81
Tactic call reify-regression-cubic ran for 0.188 secs (0.188u,0.s)
Tactic call abstract-regression-linear ran for 0.003 secs (0.003u,0.s) (success)
Params: n= 82
Tactic call reify-regression-cubic ran for 0.192 secs (0.192u,0.s)
Tactic call abstract-regression-linear ran for 0.003 secs (0.003u,0.s) (success)
Params: n= 83
Tactic call reify-regression-cubic ran for 0.211 secs (0.207u,0.003s)
Tactic call abstract-regression-linear ran for 0.003 secs (0.003u,0.s) (success)
Params: n= 84
Tactic call reify-regression-cubic ran for 0.217 secs (0.217u,0.s)
Tactic call abstract-regression-linear ran for 0.003 secs (0.003u,0.s) (success)
Params: n= 85
Tactic call reify-regression-cubic ran for 0.214 secs (0.214u,0.s)
Tactic call abstract-regression-linear ran for 0.003 secs (0.003u,0.s) (success)
Params: n= 86
Tactic call reify-regression-cubic ran for 0.228 secs (0.228u,0.s)
Tactic call abstract-regression-linear ran for 0.003 secs (0.003u,0.s) (success)
Params: n= 87
Tactic call reify-regression-cubic ran for 0.234 secs (0.234u,0.s)
Tactic call abstract-regression-linear ran for 0.003 secs (0.003u,0.s) (success)
Params: n= 88
Tactic call reify-regression-cubic ran for 0.238 secs (0.238u,0.s)
Tactic call abstract-regression-linear ran for 0.003 secs (0.003u,0.s) (success)
Params: n= 89
Tactic call reify-regression-cubic ran for 0.242 secs (0.238u,0.003s)
Tactic call abstract-regression-linear ran for 0.003 secs (0.003u,0.s) (success)
Params: n= 90
Tactic call reify-regression-cubic ran for 0.234 secs (0.234u,0.s)
Tactic call abstract-regression-linear ran for 0.003 secs (0.003u,0.s) (success)
Params: n= 91
Tactic call reify-regression-cubic ran for 0.237 secs (0.233u,0.003s)
Tactic call abstract-regression-linear ran for 0.003 secs (0.003u,0.s) (success)
Params: n= 92
Tactic call reify-regression-cubic ran for 0.255 secs (0.251u,0.003s)
Tactic call abstract-regression-linear ran for 0.003 secs (0.003u,0.s) (success)
Params: n= 93
Tactic call reify-regression-cubic ran for 0.245 secs (0.245u,0.s)
Tactic call abstract-regression-linear ran for 0.003 secs (0.003u,0.s) (success)
Params: n= 94
Tactic call reify-regression-cubic ran for 0.251 secs (0.251u,0.s)
Tactic call abstract-regression-linear ran for 0.004 secs (0.004u,0.s) (success)
Params: n= 95
Tactic call reify-regression-cubic ran for 0.272 secs (0.272u,0.s)
Tactic call abstract-regression-linear ran for 0.004 secs (0.004u,0.s) (success)
Params: n= 96
Tactic call reify-regression-cubic ran for 0.284 secs (0.284u,0.s)
Tactic call abstract-regression-linear ran for 0.004 secs (0.004u,0.s) (success)
Params: n= 97
Tactic call reify-regression-cubic ran for 0.284 secs (0.284u,0.s)
Tactic call abstract-regression-linear ran for 0.004 secs (0.004u,0.s) (success)
Params: n= 98
Tactic call reify-regression-cubic ran for 0.296 secs (0.296u,0.s)
Tactic call abstract-regression-linear ran for 0.004 secs (0.004u,0.s) (success)
Params: n= 99
Tactic call reify-regression-cubic ran for 0.299 secs (0.299u,0.s)
Tactic call abstract-regression-linear ran for 0.004 secs (0.004u,0.s) (success)
Params: n= 100
Tactic call reify-regression-cubic ran for 0.296 secs (0.296u,0.s)
Tactic call abstract-regression-linear ran for 0.004 secs (0.004u,0.s) (success)
