Params: n= 4
Tactic call rewrite!-regression-quadratic ran for 0. secs (0.u,0.s) (success)
Tactic call rewrite?-noop-regression-linear ran for 0. secs (0.u,0.s) (success)
Tactic call abstract+rewrite!-regression-quadratic ran for 0.001 secs (0.001u,0.s) (success)
Tactic call close-abstract+rewrite!-regression-quadratic ran for 0. secs (0.u,0.s)
Params: n= 5
Tactic call rewrite!-regression-quadratic ran for 0. secs (0.u,0.s) (success)
Tactic call rewrite?-noop-regression-linear ran for 0. secs (0.u,0.s) (success)
Tactic call abstract+rewrite!-regression-quadratic ran for 0.001 secs (0.001u,0.s) (success)
Tactic call close-abstract+rewrite!-regression-quadratic ran for 0. secs (0.u,0.s)
Params: n= 6
Tactic call rewrite!-regression-quadratic ran for 0.001 secs (0.001u,0.s) (success)
Tactic call rewrite?-noop-regression-linear ran for 0. secs (0.u,0.s) (success)
Tactic call abstract+rewrite!-regression-quadratic ran for 0.001 secs (0.001u,0.s) (success)
Tactic call close-abstract+rewrite!-regression-quadratic ran for 0. secs (0.u,0.s)
Params: n= 7
Tactic call rewrite!-regression-quadratic ran for 0.001 secs (0.001u,0.s) (success)
Tactic call rewrite?-noop-regression-linear ran for 0. secs (0.u,0.s) (success)
Tactic call abstract+rewrite!-regression-quadratic ran for 0.001 secs (0.001u,0.s) (success)
Tactic call close-abstract+rewrite!-regression-quadratic ran for 0. secs (0.u,0.s)
Params: n= 8
Tactic call rewrite!-regression-quadratic ran for 0.001 secs (0.u,0.001s) (success)
Tactic call rewrite?-noop-regression-linear ran for 0. secs (0.u,0.s) (success)
Tactic call abstract+rewrite!-regression-quadratic ran for 0.002 secs (0.u,0.002s) (success)
Tactic call close-abstract+rewrite!-regression-quadratic ran for 0. secs (0.u,0.s)
Params: n= 9
Tactic call rewrite!-regression-quadratic ran for 0.001 secs (0.001u,0.s) (success)
Tactic call rewrite?-noop-regression-linear ran for 0. secs (0.u,0.s) (success)
Tactic call abstract+rewrite!-regression-quadratic ran for 0.002 secs (0.001u,0.s) (success)
Tactic call close-abstract+rewrite!-regression-quadratic ran for 0. secs (0.u,0.s)
Params: n= 10
Tactic call rewrite!-regression-quadratic ran for 0.001 secs (0.001u,0.s) (success)
Tactic call rewrite?-noop-regression-linear ran for 0. secs (0.u,0.s) (success)
Tactic call abstract+rewrite!-regression-quadratic ran for 0.002 secs (0.002u,0.s) (success)
Tactic call close-abstract+rewrite!-regression-quadratic ran for 0. secs (0.u,0.s)
Params: n= 11
Tactic call rewrite!-regression-quadratic ran for 0.002 secs (0.002u,0.s) (success)
Tactic call rewrite?-noop-regression-linear ran for 0. secs (0.u,0.s) (success)
Tactic call abstract+rewrite!-regression-quadratic ran for 0.003 secs (0.003u,0.s) (success)
Tactic call close-abstract+rewrite!-regression-quadratic ran for 0. secs (0.u,0.s)
Params: n= 12
Tactic call rewrite!-regression-quadratic ran for 0.002 secs (0.002u,0.s) (success)
Tactic call rewrite?-noop-regression-linear ran for 0. secs (0.u,0.s) (success)
Tactic call abstract+rewrite!-regression-quadratic ran for 0.003 secs (0.003u,0.s) (success)
Tactic call close-abstract+rewrite!-regression-quadratic ran for 0.001 secs (0.001u,0.s)
Params: n= 13
Tactic call rewrite!-regression-quadratic ran for 0.002 secs (0.002u,0.s) (success)
Tactic call rewrite?-noop-regression-linear ran for 0.038 secs (0.03u,0.007s) (success)
Tactic call abstract+rewrite!-regression-quadratic ran for 0.042 secs (0.034u,0.007s) (success)
Tactic call close-abstract+rewrite!-regression-quadratic ran for 0.001 secs (0.u,0.s)
Params: n= 14
Tactic call rewrite!-regression-quadratic ran for 0.002 secs (0.002u,0.s) (success)
Tactic call rewrite?-noop-regression-linear ran for 0. secs (0.u,0.s) (success)
Tactic call abstract+rewrite!-regression-quadratic ran for 0.003 secs (0.003u,0.s) (success)
Tactic call close-abstract+rewrite!-regression-quadratic ran for 0.001 secs (0.001u,0.s)
Params: n= 15
Tactic call rewrite!-regression-quadratic ran for 0.002 secs (0.002u,0.s) (success)
Tactic call rewrite?-noop-regression-linear ran for 0. secs (0.u,0.s) (success)
Tactic call abstract+rewrite!-regression-quadratic ran for 0.004 secs (0.004u,0.s) (success)
Tactic call close-abstract+rewrite!-regression-quadratic ran for 0.001 secs (0.001u,0.s)
Params: n= 16
Tactic call rewrite!-regression-quadratic ran for 0.002 secs (0.002u,0.s) (success)
Tactic call rewrite?-noop-regression-linear ran for 0. secs (0.u,0.s) (success)
Tactic call abstract+rewrite!-regression-quadratic ran for 0.004 secs (0.004u,0.s) (success)
Tactic call close-abstract+rewrite!-regression-quadratic ran for 0.001 secs (0.001u,0.s)
Params: n= 17
Tactic call rewrite!-regression-quadratic ran for 0.003 secs (0.003u,0.s) (success)
Tactic call rewrite?-noop-regression-linear ran for 0. secs (0.u,0.s) (success)
Tactic call abstract+rewrite!-regression-quadratic ran for 0.005 secs (0.005u,0.s) (success)
Tactic call close-abstract+rewrite!-regression-quadratic ran for 0.001 secs (0.001u,0.s)
Params: n= 18
Tactic call rewrite!-regression-quadratic ran for 0.003 secs (0.003u,0.s) (success)
Tactic call rewrite?-noop-regression-linear ran for 0. secs (0.u,0.s) (success)
Tactic call abstract+rewrite!-regression-quadratic ran for 0.005 secs (0.005u,0.s) (success)
Tactic call close-abstract+rewrite!-regression-quadratic ran for 0.001 secs (0.001u,0.s)
Params: n= 19
Tactic call rewrite!-regression-quadratic ran for 0.003 secs (0.003u,0.s) (success)
Tactic call rewrite?-noop-regression-linear ran for 0. secs (0.u,0.s) (success)
Tactic call abstract+rewrite!-regression-quadratic ran for 0.005 secs (0.005u,0.s) (success)
Tactic call close-abstract+rewrite!-regression-quadratic ran for 0.001 secs (0.001u,0.s)
Params: n= 20
Tactic call rewrite!-regression-quadratic ran for 0.004 secs (0.004u,0.s) (success)
Tactic call rewrite?-noop-regression-linear ran for 0. secs (0.u,0.s) (success)
Tactic call abstract+rewrite!-regression-quadratic ran for 0.006 secs (0.006u,0.s) (success)
Tactic call close-abstract+rewrite!-regression-quadratic ran for 0.002 secs (0.002u,0.s)
Params: n= 21
Tactic call rewrite!-regression-quadratic ran for 0.006 secs (0.006u,0.s) (success)
Tactic call rewrite?-noop-regression-linear ran for 0. secs (0.u,0.s) (success)
Tactic call abstract+rewrite!-regression-quadratic ran for 0.008 secs (0.008u,0.s) (success)
Tactic call close-abstract+rewrite!-regression-quadratic ran for 0.002 secs (0.002u,0.s)
Params: n= 22
Tactic call rewrite!-regression-quadratic ran for 0.004 secs (0.004u,0.s) (success)
Tactic call rewrite?-noop-regression-linear ran for 0. secs (0.u,0.s) (success)
Tactic call abstract+rewrite!-regression-quadratic ran for 0.007 secs (0.007u,0.s) (success)
Tactic call close-abstract+rewrite!-regression-quadratic ran for 0.002 secs (0.002u,0.s)
Params: n= 23
Tactic call rewrite!-regression-quadratic ran for 0.005 secs (0.005u,0.s) (success)
Tactic call rewrite?-noop-regression-linear ran for 0. secs (0.u,0.s) (success)
Tactic call abstract+rewrite!-regression-quadratic ran for 0.008 secs (0.008u,0.s) (success)
Tactic call close-abstract+rewrite!-regression-quadratic ran for 0.002 secs (0.002u,0.s)
Params: n= 24
Tactic call rewrite!-regression-quadratic ran for 0.005 secs (0.005u,0.s) (success)
Tactic call rewrite?-noop-regression-linear ran for 0. secs (0.u,0.s) (success)
Tactic call abstract+rewrite!-regression-quadratic ran for 0.008 secs (0.008u,0.s) (success)
Tactic call close-abstract+rewrite!-regression-quadratic ran for 0.003 secs (0.003u,0.s)
Params: n= 25
Tactic call rewrite!-regression-quadratic ran for 0.005 secs (0.005u,0.s) (success)
Tactic call rewrite?-noop-regression-linear ran for 0. secs (0.u,0.s) (success)
Tactic call abstract+rewrite!-regression-quadratic ran for 0.009 secs (0.009u,0.s) (success)
Tactic call close-abstract+rewrite!-regression-quadratic ran for 0.003 secs (0.003u,0.s)
Params: n= 26
Tactic call rewrite!-regression-quadratic ran for 0.008 secs (0.008u,0.s) (success)
Tactic call rewrite?-noop-regression-linear ran for 0. secs (0.u,0.s) (success)
Tactic call abstract+rewrite!-regression-quadratic ran for 0.012 secs (0.012u,0.s) (success)
Tactic call close-abstract+rewrite!-regression-quadratic ran for 0.003 secs (0.003u,0.s)
Params: n= 27
Tactic call rewrite!-regression-quadratic ran for 0.006 secs (0.006u,0.s) (success)
Tactic call rewrite?-noop-regression-linear ran for 0. secs (0.u,0.s) (success)
Tactic call abstract+rewrite!-regression-quadratic ran for 0.01 secs (0.01u,0.s) (success)
Tactic call close-abstract+rewrite!-regression-quadratic ran for 0.003 secs (0.003u,0.s)
Params: n= 28
Tactic call rewrite!-regression-quadratic ran for 0.006 secs (0.006u,0.s) (success)
Tactic call rewrite?-noop-regression-linear ran for 0. secs (0.u,0.s) (success)
Tactic call abstract+rewrite!-regression-quadratic ran for 0.011 secs (0.011u,0.s) (success)
Tactic call close-abstract+rewrite!-regression-quadratic ran for 0.003 secs (0.003u,0.s)
Params: n= 29
Tactic call rewrite!-regression-quadratic ran for 0.007 secs (0.007u,0.s) (success)
Tactic call rewrite?-noop-regression-linear ran for 0. secs (0.u,0.s) (success)
Tactic call abstract+rewrite!-regression-quadratic ran for 0.013 secs (0.013u,0.s) (success)
Tactic call close-abstract+rewrite!-regression-quadratic ran for 0.005 secs (0.005u,0.s)
Params: n= 30
Tactic call rewrite!-regression-quadratic ran for 0.007 secs (0.007u,0.s) (success)
Tactic call rewrite?-noop-regression-linear ran for 0. secs (0.u,0.s) (success)
Tactic call abstract+rewrite!-regression-quadratic ran for 0.012 secs (0.012u,0.s) (success)
Tactic call close-abstract+rewrite!-regression-quadratic ran for 0.004 secs (0.004u,0.s)
Params: n= 31
Tactic call rewrite!-regression-quadratic ran for 0.008 secs (0.008u,0.s) (success)
Tactic call rewrite?-noop-regression-linear ran for 0. secs (0.u,0.s) (success)
Tactic call abstract+rewrite!-regression-quadratic ran for 0.013 secs (0.013u,0.s) (success)
Tactic call close-abstract+rewrite!-regression-quadratic ran for 0.004 secs (0.004u,0.s)
Params: n= 32
Tactic call rewrite!-regression-quadratic ran for 0.008 secs (0.008u,0.s) (success)
Tactic call rewrite?-noop-regression-linear ran for 0. secs (0.u,0.s) (success)
Tactic call abstract+rewrite!-regression-quadratic ran for 0.016 secs (0.013u,0.003s) (success)
Tactic call close-abstract+rewrite!-regression-quadratic ran for 0.007 secs (0.003u,0.003s)
Params: n= 33
Tactic call rewrite!-regression-quadratic ran for 0.009 secs (0.009u,0.s) (success)
Tactic call rewrite?-noop-regression-linear ran for 0. secs (0.u,0.s) (success)
Tactic call abstract+rewrite!-regression-quadratic ran for 0.015 secs (0.014u,0.s) (success)
Tactic call close-abstract+rewrite!-regression-quadratic ran for 0.005 secs (0.005u,0.s)
Params: n= 34
Tactic call rewrite!-regression-quadratic ran for 0.009 secs (0.009u,0.s) (success)
Tactic call rewrite?-noop-regression-linear ran for 0. secs (0.u,0.s) (success)
Tactic call abstract+rewrite!-regression-quadratic ran for 0.015 secs (0.015u,0.s) (success)
Tactic call close-abstract+rewrite!-regression-quadratic ran for 0.005 secs (0.005u,0.s)
Params: n= 35
Tactic call rewrite!-regression-quadratic ran for 0.011 secs (0.011u,0.s) (success)
Tactic call rewrite?-noop-regression-linear ran for 0. secs (0.u,0.s) (success)
Tactic call abstract+rewrite!-regression-quadratic ran for 0.018 secs (0.018u,0.s) (success)
Tactic call close-abstract+rewrite!-regression-quadratic ran for 0.005 secs (0.005u,0.s)
Params: n= 36
Tactic call rewrite!-regression-quadratic ran for 0.01 secs (0.01u,0.s) (success)
Tactic call rewrite?-noop-regression-linear ran for 0. secs (0.u,0.s) (success)
Tactic call abstract+rewrite!-regression-quadratic ran for 0.017 secs (0.017u,0.s) (success)
Tactic call close-abstract+rewrite!-regression-quadratic ran for 0.006 secs (0.006u,0.s)
Params: n= 37
Tactic call rewrite!-regression-quadratic ran for 0.011 secs (0.011u,0.s) (success)
Tactic call rewrite?-noop-regression-linear ran for 0. secs (0.u,0.s) (success)
Tactic call abstract+rewrite!-regression-quadratic ran for 0.021 secs (0.021u,0.s) (success)
Tactic call close-abstract+rewrite!-regression-quadratic ran for 0.009 secs (0.009u,0.s)
Params: n= 38
Tactic call rewrite!-regression-quadratic ran for 0.011 secs (0.011u,0.s) (success)
Tactic call rewrite?-noop-regression-linear ran for 0. secs (0.u,0.s) (success)
Tactic call abstract+rewrite!-regression-quadratic ran for 0.019 secs (0.019u,0.s) (success)
Tactic call close-abstract+rewrite!-regression-quadratic ran for 0.006 secs (0.006u,0.s)
Params: n= 39
Tactic call rewrite!-regression-quadratic ran for 0.012 secs (0.012u,0.s) (success)
Tactic call rewrite?-noop-regression-linear ran for 0. secs (0.u,0.s) (success)
Tactic call abstract+rewrite!-regression-quadratic ran for 0.021 secs (0.021u,0.s) (success)
Tactic call close-abstract+rewrite!-regression-quadratic ran for 0.008 secs (0.008u,0.s)
Params: n= 40
Tactic call rewrite!-regression-quadratic ran for 0.013 secs (0.013u,0.s) (success)
Tactic call rewrite?-noop-regression-linear ran for 0. secs (0.u,0.s) (success)
Tactic call abstract+rewrite!-regression-quadratic ran for 0.021 secs (0.021u,0.s) (success)
Tactic call close-abstract+rewrite!-regression-quadratic ran for 0.007 secs (0.007u,0.s)
Params: n= 41
Tactic call rewrite!-regression-quadratic ran for 0.016 secs (0.016u,0.s) (success)
Tactic call rewrite?-noop-regression-linear ran for 0. secs (0.u,0.s) (success)
Tactic call abstract+rewrite!-regression-quadratic ran for 0.024 secs (0.024u,0.s) (success)
Tactic call close-abstract+rewrite!-regression-quadratic ran for 0.007 secs (0.007u,0.s)
Params: n= 42
Tactic call rewrite!-regression-quadratic ran for 0.014 secs (0.014u,0.s) (success)
Tactic call rewrite?-noop-regression-linear ran for 0. secs (0.u,0.s) (success)
Tactic call abstract+rewrite!-regression-quadratic ran for 0.023 secs (0.023u,0.s) (success)
Tactic call close-abstract+rewrite!-regression-quadratic ran for 0.008 secs (0.008u,0.s)
Params: n= 43
Tactic call rewrite!-regression-quadratic ran for 0.015 secs (0.015u,0.s) (success)
Tactic call rewrite?-noop-regression-linear ran for 0. secs (0.u,0.s) (success)
Tactic call abstract+rewrite!-regression-quadratic ran for 0.025 secs (0.025u,0.s) (success)
Tactic call close-abstract+rewrite!-regression-quadratic ran for 0.008 secs (0.008u,0.s)
Params: n= 44
Tactic call rewrite!-regression-quadratic ran for 0.015 secs (0.015u,0.s) (success)
Tactic call rewrite?-noop-regression-linear ran for 0. secs (0.u,0.s) (success)
Tactic call abstract+rewrite!-regression-quadratic ran for 0.025 secs (0.025u,0.s) (success)
Tactic call close-abstract+rewrite!-regression-quadratic ran for 0.009 secs (0.009u,0.s)
Params: n= 45
Tactic call rewrite!-regression-quadratic ran for 0.016 secs (0.016u,0.s) (success)
Tactic call rewrite?-noop-regression-linear ran for 0. secs (0.u,0.s) (success)
Tactic call abstract+rewrite!-regression-quadratic ran for 0.026 secs (0.026u,0.s) (success)
Tactic call close-abstract+rewrite!-regression-quadratic ran for 0.009 secs (0.009u,0.s)
Params: n= 46
Tactic call rewrite!-regression-quadratic ran for 0.017 secs (0.017u,0.s) (success)
Tactic call rewrite?-noop-regression-linear ran for 0. secs (0.u,0.s) (success)
Tactic call abstract+rewrite!-regression-quadratic ran for 0.028 secs (0.028u,0.s) (success)
Tactic call close-abstract+rewrite!-regression-quadratic ran for 0.009 secs (0.009u,0.s)
Params: n= 47
Tactic call rewrite!-regression-quadratic ran for 0.017 secs (0.017u,0.s) (success)
Tactic call rewrite?-noop-regression-linear ran for 0. secs (0.u,0.s) (success)
Tactic call abstract+rewrite!-regression-quadratic ran for 0.03 secs (0.03u,0.s) (success)
Tactic call close-abstract+rewrite!-regression-quadratic ran for 0.011 secs (0.011u,0.s)
Params: n= 48
Tactic call rewrite!-regression-quadratic ran for 0.017 secs (0.017u,0.s) (success)
Tactic call rewrite?-noop-regression-linear ran for 0. secs (0.u,0.s) (success)
Tactic call abstract+rewrite!-regression-quadratic ran for 0.029 secs (0.029u,0.s) (success)
Tactic call close-abstract+rewrite!-regression-quadratic ran for 0.01 secs (0.01u,0.s)
Params: n= 49
Tactic call rewrite!-regression-quadratic ran for 0.019 secs (0.019u,0.s) (success)
Tactic call rewrite?-noop-regression-linear ran for 0. secs (0.u,0.s) (success)
Tactic call abstract+rewrite!-regression-quadratic ran for 0.031 secs (0.031u,0.s) (success)
Tactic call close-abstract+rewrite!-regression-quadratic ran for 0.011 secs (0.011u,0.s)
Params: n= 51
Tactic call rewrite!-regression-quadratic ran for 0.022 secs (0.022u,0.s) (success)
Tactic call rewrite?-noop-regression-linear ran for 0. secs (0.u,0.s) (success)
Tactic call abstract+rewrite!-regression-quadratic ran for 0.035 secs (0.035u,0.s) (success)
Tactic call close-abstract+rewrite!-regression-quadratic ran for 0.012 secs (0.012u,0.s)
Params: n= 52
Tactic call rewrite!-regression-quadratic ran for 0.02 secs (0.02u,0.s) (success)
Tactic call rewrite?-noop-regression-linear ran for 0. secs (0.u,0.s) (success)
Tactic call abstract+rewrite!-regression-quadratic ran for 0.035 secs (0.035u,0.s) (success)
Tactic call close-abstract+rewrite!-regression-quadratic ran for 0.013 secs (0.013u,0.s)
Params: n= 53
Tactic call rewrite!-regression-quadratic ran for 0.021 secs (0.021u,0.s) (success)
Tactic call rewrite?-noop-regression-linear ran for 0. secs (0.u,0.s) (success)
Tactic call abstract+rewrite!-regression-quadratic ran for 0.037 secs (0.037u,0.s) (success)
Tactic call close-abstract+rewrite!-regression-quadratic ran for 0.015 secs (0.015u,0.s)
Params: n= 54
Tactic call rewrite!-regression-quadratic ran for 0.022 secs (0.022u,0.s) (success)
Tactic call rewrite?-noop-regression-linear ran for 0. secs (0.u,0.s) (success)
Tactic call abstract+rewrite!-regression-quadratic ran for 0.036 secs (0.036u,0.s) (success)
Tactic call close-abstract+rewrite!-regression-quadratic ran for 0.013 secs (0.013u,0.s)
Params: n= 55
Tactic call rewrite!-regression-quadratic ran for 0.022 secs (0.022u,0.s) (success)
Tactic call rewrite?-noop-regression-linear ran for 0. secs (0.u,0.s) (success)
Tactic call abstract+rewrite!-regression-quadratic ran for 0.038 secs (0.038u,0.s) (success)
Tactic call close-abstract+rewrite!-regression-quadratic ran for 0.014 secs (0.014u,0.s)
Params: n= 56
Tactic call rewrite!-regression-quadratic ran for 0.024 secs (0.024u,0.s) (success)
Tactic call rewrite?-noop-regression-linear ran for 0. secs (0.u,0.s) (success)
Tactic call abstract+rewrite!-regression-quadratic ran for 0.04 secs (0.04u,0.s) (success)
Tactic call close-abstract+rewrite!-regression-quadratic ran for 0.014 secs (0.014u,0.s)
Params: n= 57
Tactic call rewrite!-regression-quadratic ran for 0.025 secs (0.025u,0.s) (success)
Tactic call rewrite?-noop-regression-linear ran for 0. secs (0.u,0.s) (success)
Tactic call abstract+rewrite!-regression-quadratic ran for 0.041 secs (0.041u,0.s) (success)
Tactic call close-abstract+rewrite!-regression-quadratic ran for 0.015 secs (0.015u,0.s)
Params: n= 58
Tactic call rewrite!-regression-quadratic ran for 0.026 secs (0.026u,0.s) (success)
Tactic call rewrite?-noop-regression-linear ran for 0. secs (0.u,0.s) (success)
Tactic call abstract+rewrite!-regression-quadratic ran for 0.043 secs (0.043u,0.s) (success)
Tactic call close-abstract+rewrite!-regression-quadratic ran for 0.015 secs (0.015u,0.s)
Params: n= 59
Tactic call rewrite!-regression-quadratic ran for 0.026 secs (0.026u,0.s) (success)
Tactic call rewrite?-noop-regression-linear ran for 0. secs (0.u,0.s) (success)
Tactic call abstract+rewrite!-regression-quadratic ran for 0.045 secs (0.045u,0.s) (success)
Tactic call close-abstract+rewrite!-regression-quadratic ran for 0.017 secs (0.017u,0.s)
Params: n= 60
Tactic call rewrite!-regression-quadratic ran for 0.026 secs (0.026u,0.s) (success)
Tactic call rewrite?-noop-regression-linear ran for 0. secs (0.u,0.s) (success)
Tactic call abstract+rewrite!-regression-quadratic ran for 0.045 secs (0.045u,0.s) (success)
Tactic call close-abstract+rewrite!-regression-quadratic ran for 0.017 secs (0.017u,0.s)
Params: n= 61
Tactic call rewrite!-regression-quadratic ran for 0.027 secs (0.027u,0.s) (success)
Tactic call rewrite?-noop-regression-linear ran for 0. secs (0.u,0.s) (success)
Tactic call abstract+rewrite!-regression-quadratic ran for 0.047 secs (0.047u,0.s) (success)
Tactic call close-abstract+rewrite!-regression-quadratic ran for 0.018 secs (0.018u,0.s)
Params: n= 62
Tactic call rewrite!-regression-quadratic ran for 0.03 secs (0.03u,0.s) (success)
Tactic call rewrite?-noop-regression-linear ran for 0. secs (0.u,0.s) (success)
Tactic call abstract+rewrite!-regression-quadratic ran for 0.048 secs (0.048u,0.s) (success)
Tactic call close-abstract+rewrite!-regression-quadratic ran for 0.017 secs (0.017u,0.s)
Params: n= 63
Tactic call rewrite!-regression-quadratic ran for 0.033 secs (0.033u,0.s) (success)
Tactic call rewrite?-noop-regression-linear ran for 0. secs (0.u,0.s) (success)
Tactic call abstract+rewrite!-regression-quadratic ran for 0.052 secs (0.052u,0.s) (success)
Tactic call close-abstract+rewrite!-regression-quadratic ran for 0.018 secs (0.018u,0.s)
Params: n= 64
Tactic call rewrite!-regression-quadratic ran for 0.031 secs (0.031u,0.s) (success)
Tactic call rewrite?-noop-regression-linear ran for 0. secs (0.u,0.s) (success)
Tactic call abstract+rewrite!-regression-quadratic ran for 0.051 secs (0.051u,0.s) (success)
Tactic call close-abstract+rewrite!-regression-quadratic ran for 0.019 secs (0.019u,0.s)
Params: n= 65
Tactic call rewrite!-regression-quadratic ran for 0.033 secs (0.033u,0.s) (success)
Tactic call rewrite?-noop-regression-linear ran for 0. secs (0.u,0.s) (success)
Tactic call abstract+rewrite!-regression-quadratic ran for 0.054 secs (0.054u,0.s) (success)
Tactic call close-abstract+rewrite!-regression-quadratic ran for 0.02 secs (0.02u,0.s)
Params: n= 66
Tactic call rewrite!-regression-quadratic ran for 0.033 secs (0.033u,0.s) (success)
Tactic call rewrite?-noop-regression-linear ran for 0. secs (0.u,0.s) (success)
Tactic call abstract+rewrite!-regression-quadratic ran for 0.055 secs (0.055u,0.s) (success)
Tactic call close-abstract+rewrite!-regression-quadratic ran for 0.02 secs (0.02u,0.s)
Params: n= 67
Tactic call rewrite!-regression-quadratic ran for 0.034 secs (0.034u,0.s) (success)
Tactic call rewrite?-noop-regression-linear ran for 0. secs (0.u,0.s) (success)
Tactic call abstract+rewrite!-regression-quadratic ran for 0.056 secs (0.056u,0.s) (success)
Tactic call close-abstract+rewrite!-regression-quadratic ran for 0.02 secs (0.02u,0.s)
Params: n= 68
Tactic call rewrite!-regression-quadratic ran for 0.037 secs (0.037u,0.s) (success)
Tactic call rewrite?-noop-regression-linear ran for 0. secs (0.u,0.s) (success)
Tactic call abstract+rewrite!-regression-quadratic ran for 0.06 secs (0.06u,0.s) (success)
Tactic call close-abstract+rewrite!-regression-quadratic ran for 0.022 secs (0.022u,0.s)
Params: n= 69
Tactic call rewrite!-regression-quadratic ran for 0.037 secs (0.037u,0.s) (success)
Tactic call rewrite?-noop-regression-linear ran for 0. secs (0.u,0.s) (success)
Tactic call abstract+rewrite!-regression-quadratic ran for 0.06 secs (0.06u,0.s) (success)
Tactic call close-abstract+rewrite!-regression-quadratic ran for 0.022 secs (0.022u,0.s)
Params: n= 70
Tactic call rewrite!-regression-quadratic ran for 0.037 secs (0.037u,0.s) (success)
Tactic call rewrite?-noop-regression-linear ran for 0. secs (0.u,0.s) (success)
Tactic call abstract+rewrite!-regression-quadratic ran for 0.063 secs (0.063u,0.s) (success)
Tactic call close-abstract+rewrite!-regression-quadratic ran for 0.024 secs (0.024u,0.s)
Params: n= 71
Tactic call rewrite!-regression-quadratic ran for 0.039 secs (0.039u,0.s) (success)
Tactic call rewrite?-noop-regression-linear ran for 0. secs (0.u,0.s) (success)
Tactic call abstract+rewrite!-regression-quadratic ran for 0.063 secs (0.063u,0.s) (success)
Tactic call close-abstract+rewrite!-regression-quadratic ran for 0.023 secs (0.023u,0.s)
Params: n= 72
Tactic call rewrite!-regression-quadratic ran for 0.041 secs (0.041u,0.s) (success)
Tactic call rewrite?-noop-regression-linear ran for 0. secs (0.u,0.s) (success)
Tactic call abstract+rewrite!-regression-quadratic ran for 0.067 secs (0.067u,0.s) (success)
Tactic call close-abstract+rewrite!-regression-quadratic ran for 0.024 secs (0.024u,0.s)
Params: n= 73
Tactic call rewrite!-regression-quadratic ran for 0.04 secs (0.04u,0.s) (success)
Tactic call rewrite?-noop-regression-linear ran for 0. secs (0.u,0.s) (success)
Tactic call abstract+rewrite!-regression-quadratic ran for 0.066 secs (0.066u,0.s) (success)
Tactic call close-abstract+rewrite!-regression-quadratic ran for 0.024 secs (0.024u,0.s)
Params: n= 74
Tactic call rewrite!-regression-quadratic ran for 0.04 secs (0.04u,0.s) (success)
Tactic call rewrite?-noop-regression-linear ran for 0. secs (0.u,0.s) (success)
Tactic call abstract+rewrite!-regression-quadratic ran for 0.068 secs (0.068u,0.s) (success)
Tactic call close-abstract+rewrite!-regression-quadratic ran for 0.026 secs (0.026u,0.s)
Params: n= 75
Tactic call rewrite!-regression-quadratic ran for 0.042 secs (0.042u,0.s) (success)
Tactic call rewrite?-noop-regression-linear ran for 0. secs (0.u,0.s) (success)
Tactic call abstract+rewrite!-regression-quadratic ran for 0.072 secs (0.072u,0.s) (success)
Tactic call close-abstract+rewrite!-regression-quadratic ran for 0.028 secs (0.028u,0.s)
Params: n= 76
Tactic call rewrite!-regression-quadratic ran for 0.044 secs (0.044u,0.s) (success)
Tactic call rewrite?-noop-regression-linear ran for 0. secs (0.u,0.s) (success)
Tactic call abstract+rewrite!-regression-quadratic ran for 0.072 secs (0.072u,0.s) (success)
Tactic call close-abstract+rewrite!-regression-quadratic ran for 0.026 secs (0.026u,0.s)
Params: n= 77
Tactic call rewrite!-regression-quadratic ran for 0.047 secs (0.047u,0.s) (success)
Tactic call rewrite?-noop-regression-linear ran for 0.003 secs (0.003u,0.s) (success)
Tactic call abstract+rewrite!-regression-quadratic ran for 0.078 secs (0.078u,0.s) (success)
Tactic call close-abstract+rewrite!-regression-quadratic ran for 0.027 secs (0.027u,0.s)
Params: n= 78
Tactic call rewrite!-regression-quadratic ran for 0.048 secs (0.048u,0.s) (success)
Tactic call rewrite?-noop-regression-linear ran for 0. secs (0.u,0.s) (success)
Tactic call abstract+rewrite!-regression-quadratic ran for 0.079 secs (0.079u,0.s) (success)
Tactic call close-abstract+rewrite!-regression-quadratic ran for 0.029 secs (0.029u,0.s)
Params: n= 79
Tactic call rewrite!-regression-quadratic ran for 0.049 secs (0.049u,0.s) (success)
Tactic call rewrite?-noop-regression-linear ran for 0. secs (0.u,0.s) (success)
Tactic call abstract+rewrite!-regression-quadratic ran for 0.08 secs (0.08u,0.s) (success)
Tactic call close-abstract+rewrite!-regression-quadratic ran for 0.03 secs (0.03u,0.s)
Params: n= 80
Tactic call rewrite!-regression-quadratic ran for 0.049 secs (0.049u,0.s) (success)
Tactic call rewrite?-noop-regression-linear ran for 0. secs (0.u,0.s) (success)
Tactic call abstract+rewrite!-regression-quadratic ran for 0.08 secs (0.08u,0.s) (success)
Tactic call close-abstract+rewrite!-regression-quadratic ran for 0.03 secs (0.03u,0.s)
Params: n= 81
Tactic call rewrite!-regression-quadratic ran for 0.048 secs (0.048u,0.s) (success)
Tactic call rewrite?-noop-regression-linear ran for 0. secs (0.u,0.s) (success)
Tactic call abstract+rewrite!-regression-quadratic ran for 0.08 secs (0.08u,0.s) (success)
Tactic call close-abstract+rewrite!-regression-quadratic ran for 0.03 secs (0.03u,0.s)
Params: n= 82
Tactic call rewrite!-regression-quadratic ran for 0.049 secs (0.049u,0.s) (success)
Tactic call rewrite?-noop-regression-linear ran for 0. secs (0.u,0.s) (success)
Tactic call abstract+rewrite!-regression-quadratic ran for 0.082 secs (0.082u,0.s) (success)
Tactic call close-abstract+rewrite!-regression-quadratic ran for 0.031 secs (0.031u,0.s)
Params: n= 83
Tactic call rewrite!-regression-quadratic ran for 0.051 secs (0.051u,0.s) (success)
Tactic call rewrite?-noop-regression-linear ran for 0. secs (0.u,0.s) (success)
Tactic call abstract+rewrite!-regression-quadratic ran for 0.086 secs (0.086u,0.s) (success)
Tactic call close-abstract+rewrite!-regression-quadratic ran for 0.033 secs (0.033u,0.s)
Params: n= 84
Tactic call rewrite!-regression-quadratic ran for 0.054 secs (0.054u,0.s) (success)
Tactic call rewrite?-noop-regression-linear ran for 0. secs (0.u,0.s) (success)
Tactic call abstract+rewrite!-regression-quadratic ran for 0.088 secs (0.088u,0.s) (success)
Tactic call close-abstract+rewrite!-regression-quadratic ran for 0.032 secs (0.032u,0.s)
Params: n= 85
Tactic call rewrite!-regression-quadratic ran for 0.055 secs (0.055u,0.s) (success)
Tactic call rewrite?-noop-regression-linear ran for 0. secs (0.u,0.s) (success)
Tactic call abstract+rewrite!-regression-quadratic ran for 0.091 secs (0.091u,0.s) (success)
Tactic call close-abstract+rewrite!-regression-quadratic ran for 0.034 secs (0.034u,0.s)
Params: n= 86
Tactic call rewrite!-regression-quadratic ran for 0.056 secs (0.056u,0.s) (success)
Tactic call rewrite?-noop-regression-linear ran for 0. secs (0.u,0.s) (success)
Tactic call abstract+rewrite!-regression-quadratic ran for 0.093 secs (0.093u,0.s) (success)
Tactic call close-abstract+rewrite!-regression-quadratic ran for 0.035 secs (0.035u,0.s)
Params: n= 87
Tactic call rewrite!-regression-quadratic ran for 0.058 secs (0.058u,0.s) (success)
Tactic call rewrite?-noop-regression-linear ran for 0. secs (0.u,0.s) (success)
Tactic call abstract+rewrite!-regression-quadratic ran for 0.095 secs (0.095u,0.s) (success)
Tactic call close-abstract+rewrite!-regression-quadratic ran for 0.035 secs (0.035u,0.s)
Params: n= 88
Tactic call rewrite!-regression-quadratic ran for 0.062 secs (0.062u,0.s) (success)
Tactic call rewrite?-noop-regression-linear ran for 0. secs (0.u,0.s) (success)
Tactic call abstract+rewrite!-regression-quadratic ran for 0.099 secs (0.099u,0.s) (success)
Tactic call close-abstract+rewrite!-regression-quadratic ran for 0.035 secs (0.035u,0.s)
Params: n= 89
Tactic call rewrite!-regression-quadratic ran for 0.06 secs (0.06u,0.s) (success)
Tactic call rewrite?-noop-regression-linear ran for 0. secs (0.u,0.s) (success)
Tactic call abstract+rewrite!-regression-quadratic ran for 0.103 secs (0.103u,0.s) (success)
Tactic call close-abstract+rewrite!-regression-quadratic ran for 0.041 secs (0.041u,0.s)
Params: n= 90
Tactic call rewrite!-regression-quadratic ran for 0.06 secs (0.06u,0.s) (success)
Tactic call rewrite?-noop-regression-linear ran for 0. secs (0.u,0.s) (success)
Tactic call abstract+rewrite!-regression-quadratic ran for 0.11 secs (0.11u,0.s) (success)
Tactic call close-abstract+rewrite!-regression-quadratic ran for 0.049 secs (0.049u,0.s)
Params: n= 91
Tactic call rewrite!-regression-quadratic ran for 0.063 secs (0.063u,0.s) (success)
Tactic call rewrite?-noop-regression-linear ran for 0. secs (0.u,0.s) (success)
Tactic call abstract+rewrite!-regression-quadratic ran for 0.103 secs (0.103u,0.s) (success)
Tactic call close-abstract+rewrite!-regression-quadratic ran for 0.038 secs (0.038u,0.s)
Params: n= 92
Tactic call rewrite!-regression-quadratic ran for 0.06 secs (0.06u,0.s) (success)
Tactic call rewrite?-noop-regression-linear ran for 0. secs (0.u,0.s) (success)
Tactic call abstract+rewrite!-regression-quadratic ran for 0.101 secs (0.101u,0.s) (success)
Tactic call close-abstract+rewrite!-regression-quadratic ran for 0.039 secs (0.039u,0.s)
Params: n= 93
Tactic call rewrite!-regression-quadratic ran for 0.066 secs (0.066u,0.s) (success)
Tactic call rewrite?-noop-regression-linear ran for 0. secs (0.u,0.s) (success)
Tactic call abstract+rewrite!-regression-quadratic ran for 0.106 secs (0.106u,0.s) (success)
Tactic call close-abstract+rewrite!-regression-quadratic ran for 0.038 secs (0.038u,0.s)
Params: n= 94
Tactic call rewrite!-regression-quadratic ran for 0.064 secs (0.064u,0.s) (success)
Tactic call rewrite?-noop-regression-linear ran for 0. secs (0.u,0.s) (success)
Tactic call abstract+rewrite!-regression-quadratic ran for 0.105 secs (0.105u,0.s) (success)
Tactic call close-abstract+rewrite!-regression-quadratic ran for 0.038 secs (0.038u,0.s)
Params: n= 95
Tactic call rewrite!-regression-quadratic ran for 0.066 secs (0.066u,0.s) (success)
Tactic call rewrite?-noop-regression-linear ran for 0. secs (0.u,0.s) (success)
Tactic call abstract+rewrite!-regression-quadratic ran for 0.108 secs (0.108u,0.s) (success)
Tactic call close-abstract+rewrite!-regression-quadratic ran for 0.041 secs (0.041u,0.s)
Params: n= 96
Tactic call rewrite!-regression-quadratic ran for 0.069 secs (0.069u,0.s) (success)
Tactic call rewrite?-noop-regression-linear ran for 0. secs (0.u,0.s) (success)
Tactic call abstract+rewrite!-regression-quadratic ran for 0.111 secs (0.111u,0.s) (success)
Tactic call close-abstract+rewrite!-regression-quadratic ran for 0.04 secs (0.04u,0.s)
Params: n= 97
Tactic call rewrite!-regression-quadratic ran for 0.07 secs (0.07u,0.s) (success)
Tactic call rewrite?-noop-regression-linear ran for 0. secs (0.u,0.s) (success)
Tactic call abstract+rewrite!-regression-quadratic ran for 0.114 secs (0.114u,0.s) (success)
Tactic call close-abstract+rewrite!-regression-quadratic ran for 0.042 secs (0.042u,0.s)
Params: n= 98
Tactic call rewrite!-regression-quadratic ran for 0.071 secs (0.071u,0.s) (success)
Tactic call rewrite?-noop-regression-linear ran for 0. secs (0.u,0.s) (success)
Tactic call abstract+rewrite!-regression-quadratic ran for 0.116 secs (0.116u,0.s) (success)
Tactic call close-abstract+rewrite!-regression-quadratic ran for 0.043 secs (0.043u,0.s)
Params: n= 99
Tactic call rewrite!-regression-quadratic ran for 0.075 secs (0.07u,0.003s) (success)
Tactic call rewrite?-noop-regression-linear ran for 0. secs (0.u,0.s) (success)
Tactic call abstract+rewrite!-regression-quadratic ran for 0.12 secs (0.116u,0.003s) (success)
Tactic call close-abstract+rewrite!-regression-quadratic ran for 0.043 secs (0.043u,0.s)
Params: n= 110
Tactic call rewrite!-regression-quadratic ran for 0.087 secs (0.087u,0.s) (success)
Tactic call rewrite?-noop-regression-linear ran for 0.001 secs (0.001u,0.s) (success)
Tactic call abstract+rewrite!-regression-quadratic ran for 0.144 secs (0.144u,0.s) (success)
Tactic call close-abstract+rewrite!-regression-quadratic ran for 0.054 secs (0.054u,0.s)
Params: n= 120
Tactic call rewrite!-regression-quadratic ran for 0.106 secs (0.106u,0.s) (success)
Tactic call rewrite?-noop-regression-linear ran for 0.001 secs (0.001u,0.s) (success)
Tactic call abstract+rewrite!-regression-quadratic ran for 0.172 secs (0.172u,0.s) (success)
Tactic call close-abstract+rewrite!-regression-quadratic ran for 0.064 secs (0.064u,0.s)
Params: n= 130
Tactic call rewrite!-regression-quadratic ran for 0.127 secs (0.127u,0.s) (success)
Tactic call rewrite?-noop-regression-linear ran for 0.003 secs (0.003u,0.s) (success)
Tactic call abstract+rewrite!-regression-quadratic ran for 0.206 secs (0.206u,0.s) (success)
Tactic call close-abstract+rewrite!-regression-quadratic ran for 0.074 secs (0.074u,0.s)
Params: n= 140
Tactic call rewrite!-regression-quadratic ran for 0.147 secs (0.143u,0.003s) (success)
Tactic call rewrite?-noop-regression-linear ran for 0.001 secs (0.001u,0.s) (success)
Tactic call abstract+rewrite!-regression-quadratic ran for 0.237 secs (0.233u,0.003s) (success)
Tactic call close-abstract+rewrite!-regression-quadratic ran for 0.088 secs (0.088u,0.s)
Params: n= 160
Tactic call rewrite!-regression-quadratic ran for 0.193 secs (0.193u,0.s) (success)
Tactic call rewrite?-noop-regression-linear ran for 0.001 secs (0.001u,0.s) (success)
Tactic call abstract+rewrite!-regression-quadratic ran for 0.322 secs (0.322u,0.s) (success)
Tactic call close-abstract+rewrite!-regression-quadratic ran for 0.125 secs (0.125u,0.s)
Params: n= 170
Tactic call rewrite!-regression-quadratic ran for 0.234 secs (0.234u,0.s) (success)
Tactic call rewrite?-noop-regression-linear ran for 0.001 secs (0.001u,0.s) (success)
Tactic call abstract+rewrite!-regression-quadratic ran for 0.381 secs (0.381u,0.s) (success)
Tactic call close-abstract+rewrite!-regression-quadratic ran for 0.144 secs (0.144u,0.s)
Params: n= 180
Tactic call rewrite!-regression-quadratic ran for 0.266 secs (0.266u,0.s) (success)
Tactic call rewrite?-noop-regression-linear ran for 0.001 secs (0.001u,0.s) (success)
Tactic call abstract+rewrite!-regression-quadratic ran for 0.425 secs (0.425u,0.s) (success)
Tactic call close-abstract+rewrite!-regression-quadratic ran for 0.156 secs (0.156u,0.s)
Params: n= 190
Tactic call rewrite!-regression-quadratic ran for 0.296 secs (0.296u,0.s) (success)
Tactic call rewrite?-noop-regression-linear ran for 0.002 secs (0.002u,0.s) (success)
Tactic call abstract+rewrite!-regression-quadratic ran for 0.48 secs (0.48u,0.s) (success)
Tactic call close-abstract+rewrite!-regression-quadratic ran for 0.18 secs (0.18u,0.s)
Params: n= 210
Tactic call rewrite!-regression-quadratic ran for 0.351 secs (0.351u,0.s) (success)
Tactic call rewrite?-noop-regression-linear ran for 0.002 secs (0.002u,0.s) (success)
Tactic call abstract+rewrite!-regression-quadratic ran for 0.55 secs (0.55u,0.s) (success)
Tactic call close-abstract+rewrite!-regression-quadratic ran for 0.195 secs (0.195u,0.s)
Params: n= 220
Tactic call rewrite!-regression-quadratic ran for 0.392 secs (0.392u,0.s) (success)
Tactic call rewrite?-noop-regression-linear ran for 0.002 secs (0.002u,0.s) (success)
Tactic call abstract+rewrite!-regression-quadratic ran for 0.613 secs (0.609u,0.003s) (success)
Tactic call close-abstract+rewrite!-regression-quadratic ran for 0.217 secs (0.213u,0.003s)
Params: n= 230
Tactic call rewrite!-regression-quadratic ran for 0.433 secs (0.425u,0.007s) (success)
Tactic call rewrite?-noop-regression-linear ran for 0.002 secs (0.002u,0.s) (success)
Tactic call abstract+rewrite!-regression-quadratic ran for 0.691 secs (0.683u,0.008s) (success)
Tactic call close-abstract+rewrite!-regression-quadratic ran for 0.253 secs (0.253u,0.s)
Params: n= 240
Tactic call rewrite!-regression-quadratic ran for 0.496 secs (0.496u,0.s) (success)
Tactic call rewrite?-noop-regression-linear ran for 0.002 secs (0.002u,0.s) (success)
Tactic call abstract+rewrite!-regression-quadratic ran for 0.784 secs (0.784u,0.s) (success)
Tactic call close-abstract+rewrite!-regression-quadratic ran for 0.283 secs (0.283u,0.s)
Params: n= 260
Tactic call rewrite!-regression-quadratic ran for 0.57 secs (0.57u,0.s) (success)
Tactic call rewrite?-noop-regression-linear ran for 0.003 secs (0.003u,0.s) (success)
Tactic call abstract+rewrite!-regression-quadratic ran for 0.883 secs (0.883u,0.s) (success)
Tactic call close-abstract+rewrite!-regression-quadratic ran for 0.308 secs (0.308u,0.s)
Params: n= 270
Tactic call rewrite!-regression-quadratic ran for 0.595 secs (0.595u,0.s) (success)
Tactic call rewrite?-noop-regression-linear ran for 0.003 secs (0.003u,0.s) (success)
Tactic call abstract+rewrite!-regression-quadratic ran for 0.923 secs (0.923u,0.s) (success)
Tactic call close-abstract+rewrite!-regression-quadratic ran for 0.323 secs (0.323u,0.s)
Params: n= 280
Tactic call rewrite!-regression-quadratic ran for 0.64 secs (0.64u,0.s) (success)
Tactic call rewrite?-noop-regression-linear ran for 0.003 secs (0.003u,0.s) (success)
Tactic call abstract+rewrite!-regression-quadratic ran for 1.029 secs (1.029u,0.s) (success)
Tactic call close-abstract+rewrite!-regression-quadratic ran for 0.384 secs (0.384u,0.s)
Params: n= 290
Tactic call rewrite!-regression-quadratic ran for 0.739 secs (0.739u,0.s) (success)
Tactic call rewrite?-noop-regression-linear ran for 0.003 secs (0.003u,0.s) (success)
Tactic call abstract+rewrite!-regression-quadratic ran for 1.147 secs (1.146u,0.s) (success)
Tactic call close-abstract+rewrite!-regression-quadratic ran for 0.396 secs (0.396u,0.s)
Params: n= 310
Tactic call rewrite!-regression-quadratic ran for 0.841 secs (0.841u,0.s) (success)
Tactic call rewrite?-noop-regression-linear ran for 0.006 secs (0.006u,0.s) (success)
Tactic call abstract+rewrite!-regression-quadratic ran for 1.285 secs (1.284u,0.s) (success)
Tactic call close-abstract+rewrite!-regression-quadratic ran for 0.435 secs (0.435u,0.s)
Params: n= 320
Tactic call rewrite!-regression-quadratic ran for 0.871 secs (0.871u,0.s) (success)
Tactic call rewrite?-noop-regression-linear ran for 0.004 secs (0.004u,0.s) (success)
Tactic call abstract+rewrite!-regression-quadratic ran for 1.379 secs (1.379u,0.s) (success)
Tactic call close-abstract+rewrite!-regression-quadratic ran for 0.502 secs (0.502u,0.s)
Params: n= 330
Tactic call rewrite!-regression-quadratic ran for 1.001 secs (1.001u,0.s) (success)
Tactic call rewrite?-noop-regression-linear ran for 0.004 secs (0.004u,0.s) (success)
Tactic call abstract+rewrite!-regression-quadratic ran for 1.499 secs (1.495u,0.003s) (success)
Tactic call close-abstract+rewrite!-regression-quadratic ran for 0.491 secs (0.487u,0.003s)
Params: n= 340
Tactic call rewrite!-regression-quadratic ran for 1.044 secs (1.044u,0.s) (success)
Tactic call rewrite?-noop-regression-linear ran for 0.006 secs (0.006u,0.s) (success)
Tactic call abstract+rewrite!-regression-quadratic ran for 1.571 secs (1.571u,0.s) (success)
Tactic call close-abstract+rewrite!-regression-quadratic ran for 0.519 secs (0.519u,0.s)
Params: n= 360
Tactic call rewrite!-regression-quadratic ran for 1.2 secs (1.2u,0.s) (success)
Tactic call rewrite?-noop-regression-linear ran for 0.005 secs (0.005u,0.s) (success)
Tactic call abstract+rewrite!-regression-quadratic ran for 1.857 secs (1.857u,0.s) (success)
Tactic call close-abstract+rewrite!-regression-quadratic ran for 0.65 secs (0.65u,0.s)
Params: n= 370
Tactic call rewrite!-regression-quadratic ran for 1.266 secs (1.266u,0.s) (success)
Tactic call rewrite?-noop-regression-linear ran for 0.005 secs (0.005u,0.s) (success)
Tactic call abstract+rewrite!-regression-quadratic ran for 1.893 secs (1.893u,0.s) (success)
Tactic call close-abstract+rewrite!-regression-quadratic ran for 0.62 secs (0.62u,0.s)
Params: n= 380
Tactic call rewrite!-regression-quadratic ran for 1.347 secs (1.347u,0.s) (success)
Tactic call rewrite?-noop-regression-linear ran for 0.006 secs (0.006u,0.s) (success)
Tactic call abstract+rewrite!-regression-quadratic ran for 2.077 secs (2.077u,0.s) (success)
Tactic call close-abstract+rewrite!-regression-quadratic ran for 0.723 secs (0.723u,0.s)
Params: n= 390
Tactic call rewrite!-regression-quadratic ran for 1.454 secs (1.453u,0.s) (success)
Tactic call rewrite?-noop-regression-linear ran for 0.006 secs (0.006u,0.s) (success)
Tactic call abstract+rewrite!-regression-quadratic ran for 2.152 secs (2.152u,0.s) (success)
Tactic call close-abstract+rewrite!-regression-quadratic ran for 0.691 secs (0.69u,0.s)
