Params: n= 10
Tactic call repeat-setoid_rewrite-regression-cubic ran for 0.011 secs (0.009u,0.001s) (success)
Tactic call noop-repeat-setoid_rewrite-regression-cubic ran for 0.003 secs (0.003u,0.s) (success)
Params: n= 20
Tactic call repeat-setoid_rewrite-regression-cubic ran for 0.026 secs (0.026u,0.s) (success)
Tactic call noop-repeat-setoid_rewrite-regression-cubic ran for 0.008 secs (0.008u,0.s) (success)
Params: n= 30
Tactic call repeat-setoid_rewrite-regression-cubic ran for 0.06 secs (0.06u,0.s) (success)
Tactic call noop-repeat-setoid_rewrite-regression-cubic ran for 0.02 secs (0.02u,0.s) (success)
Params: n= 40
Tactic call repeat-setoid_rewrite-regression-cubic ran for 0.112 secs (0.112u,0.s) (success)
Tactic call noop-repeat-setoid_rewrite-regression-cubic ran for 0.042 secs (0.042u,0.s) (success)
Params: n= 60
Tactic call repeat-setoid_rewrite-regression-cubic ran for 0.305 secs (0.305u,0.s) (success)
Tactic call noop-repeat-setoid_rewrite-regression-cubic ran for 0.121 secs (0.121u,0.s) (success)
Params: n= 70
Tactic call repeat-setoid_rewrite-regression-cubic ran for 0.459 secs (0.458u,0.s) (success)
Tactic call noop-repeat-setoid_rewrite-regression-cubic ran for 0.187 secs (0.187u,0.s) (success)
Params: n= 80
Tactic call repeat-setoid_rewrite-regression-cubic ran for 0.655 secs (0.655u,0.s) (success)
Tactic call noop-repeat-setoid_rewrite-regression-cubic ran for 0.275 secs (0.275u,0.s) (success)
Params: n= 90
Tactic call repeat-setoid_rewrite-regression-cubic ran for 0.904 secs (0.904u,0.s) (success)
Tactic call noop-repeat-setoid_rewrite-regression-cubic ran for 0.383 secs (0.383u,0.s) (success)
Params: n= 110
Tactic call repeat-setoid_rewrite-regression-cubic ran for 1.548 secs (1.545u,0.001s) (success)
Tactic call noop-repeat-setoid_rewrite-regression-cubic ran for 0.69 secs (0.69u,0.s) (success)
Params: n= 120
Tactic call repeat-setoid_rewrite-regression-cubic ran for 1.901 secs (1.9u,0.s) (success)
Tactic call noop-repeat-setoid_rewrite-regression-cubic ran for 0.866 secs (0.866u,0.s) (success)
Params: n= 130
Tactic call repeat-setoid_rewrite-regression-cubic ran for 2.373 secs (2.371u,0.001s) (success)
Tactic call noop-repeat-setoid_rewrite-regression-cubic ran for 1.099 secs (1.099u,0.s) (success)
Params: n= 140
Tactic call repeat-setoid_rewrite-regression-cubic ran for 2.997 secs (2.993u,0.003s) (success)
Tactic call noop-repeat-setoid_rewrite-regression-cubic ran for 1.415 secs (1.415u,0.s) (success)
Params: n= 160
Tactic call repeat-setoid_rewrite-regression-cubic ran for 4.455 secs (4.451u,0.003s) (success)
Tactic call noop-repeat-setoid_rewrite-regression-cubic ran for 2.099 secs (2.098u,0.001s) (success)
Params: n= 170
Tactic call repeat-setoid_rewrite-regression-cubic ran for 5.23 secs (5.228u,0.001s) (success)
Tactic call noop-repeat-setoid_rewrite-regression-cubic ran for 2.452 secs (2.452u,0.s) (success)
Params: n= 180
Tactic call repeat-setoid_rewrite-regression-cubic ran for 6.087 secs (6.085u,0.s) (success)
Tactic call noop-repeat-setoid_rewrite-regression-cubic ran for 2.917 secs (2.916u,0.001s) (success)
Params: n= 190
Tactic call repeat-setoid_rewrite-regression-cubic ran for 7.224 secs (7.223u,0.s) (success)
Tactic call noop-repeat-setoid_rewrite-regression-cubic ran for 3.531 secs (3.53u,0.s) (success)
Params: n= 210
Tactic call repeat-setoid_rewrite-regression-cubic ran for 9.709 secs (9.705u,0.003s) (success)
Tactic call noop-repeat-setoid_rewrite-regression-cubic ran for 4.644 secs (4.643u,0.s) (success)
Params: n= 220
Tactic call repeat-setoid_rewrite-regression-cubic ran for 11.012 secs (11.012u,0.s) (success)
Tactic call noop-repeat-setoid_rewrite-regression-cubic ran for 5.465 secs (5.463u,0.s) (success)
Params: n= 230
Tactic call repeat-setoid_rewrite-regression-cubic ran for 12.744 secs (12.743u,0.s) (success)
Tactic call noop-repeat-setoid_rewrite-regression-cubic ran for 6.138 secs (6.137u,0.s) (success)
Params: n= 240
Tactic call repeat-setoid_rewrite-regression-cubic ran for 14.428 secs (14.428u,0.s) (success)
Tactic call noop-repeat-setoid_rewrite-regression-cubic ran for 7.206 secs (7.206u,0.s) (success)
Params: n= 250
Tactic call repeat-setoid_rewrite-regression-cubic ran for 16.363 secs (16.36u,0.003s) (success)
Tactic call noop-repeat-setoid_rewrite-regression-cubic ran for 7.957 secs (7.957u,0.s) (success)
Params: n= 300
Tactic call repeat-setoid_rewrite-regression-cubic ran for 28.041 secs (28.037u,0.003s) (success)
Tactic call noop-repeat-setoid_rewrite-regression-cubic ran for 14.221 secs (14.221u,0.s) (success)
Params: n= 400
Tactic call repeat-setoid_rewrite-regression-cubic ran for 67.377 secs (67.365u,0.008s) (success)
Tactic call noop-repeat-setoid_rewrite-regression-cubic ran for 34.081 secs (34.078u,0.001s) (success)
