Params: n= 10
Tactic call setoid_rewrite-regression-cubic ran for 0.008 secs (0.004u,0.004s) (success)
Tactic call abstract+setoid_rewrite-regression-cubic ran for 0.011 secs (0.007u,0.004s) (success)
Tactic call close-abstract+setoid_rewrite-regression-quadratic ran for 0.002 secs (0.002u,0.s)
Params: n= 20
Tactic call setoid_rewrite-regression-cubic ran for 0.064 secs (0.064u,0.s) (success)
Tactic call abstract+setoid_rewrite-regression-cubic ran for 0.071 secs (0.07u,0.s) (success)
Tactic call close-abstract+setoid_rewrite-regression-quadratic ran for 0.006 secs (0.005u,0.s)
Params: n= 30
Tactic call setoid_rewrite-regression-cubic ran for 0.039 secs (0.039u,0.s) (success)
Tactic call abstract+setoid_rewrite-regression-cubic ran for 0.053 secs (0.053u,0.s) (success)
Tactic call close-abstract+setoid_rewrite-regression-quadratic ran for 0.012 secs (0.012u,0.s)
Params: n= 40
Tactic call setoid_rewrite-regression-cubic ran for 0.075 secs (0.075u,0.s) (success)
Tactic call abstract+setoid_rewrite-regression-cubic ran for 0.096 secs (0.096u,0.s) (success)
Tactic call close-abstract+setoid_rewrite-regression-quadratic ran for 0.021 secs (0.021u,0.s)
Params: n= 60
Tactic call setoid_rewrite-regression-cubic ran for 0.189 secs (0.189u,0.s) (success)
Tactic call abstract+setoid_rewrite-regression-cubic ran for 0.242 secs (0.242u,0.s) (success)
Tactic call close-abstract+setoid_rewrite-regression-quadratic ran for 0.052 secs (0.052u,0.s)
Params: n= 70
Tactic call setoid_rewrite-regression-cubic ran for 0.268 secs (0.268u,0.s) (success)
Tactic call abstract+setoid_rewrite-regression-cubic ran for 0.338 secs (0.338u,0.s) (success)
Tactic call close-abstract+setoid_rewrite-regression-quadratic ran for 0.069 secs (0.069u,0.s)
Params: n= 80
Tactic call setoid_rewrite-regression-cubic ran for 0.39 secs (0.39u,0.s) (success)
Tactic call abstract+setoid_rewrite-regression-cubic ran for 0.471 secs (0.471u,0.s) (success)
Tactic call close-abstract+setoid_rewrite-regression-quadratic ran for 0.08 secs (0.08u,0.s)
Params: n= 90
Tactic call setoid_rewrite-regression-cubic ran for 0.524 secs (0.524u,0.s) (success)
Tactic call abstract+setoid_rewrite-regression-cubic ran for 0.623 secs (0.623u,0.s) (success)
Tactic call close-abstract+setoid_rewrite-regression-quadratic ran for 0.098 secs (0.098u,0.s)
Params: n= 110
Tactic call setoid_rewrite-regression-cubic ran for 0.881 secs (0.873u,0.007s) (success)
Tactic call abstract+setoid_rewrite-regression-cubic ran for 1.022 secs (1.014u,0.007s) (success)
Tactic call close-abstract+setoid_rewrite-regression-quadratic ran for 0.14 secs (0.14u,0.s)
Params: n= 120
Tactic call setoid_rewrite-regression-cubic ran for 1.061 secs (1.061u,0.s) (success)
Tactic call abstract+setoid_rewrite-regression-cubic ran for 1.221 secs (1.221u,0.s) (success)
Tactic call close-abstract+setoid_rewrite-regression-quadratic ran for 0.159 secs (0.159u,0.s)
Params: n= 130
Tactic call setoid_rewrite-regression-cubic ran for 1.311 secs (1.311u,0.s) (success)
Tactic call abstract+setoid_rewrite-regression-cubic ran for 1.498 secs (1.498u,0.s) (success)
Tactic call close-abstract+setoid_rewrite-regression-quadratic ran for 0.186 secs (0.186u,0.s)
Params: n= 140
Tactic call setoid_rewrite-regression-cubic ran for 1.627 secs (1.623u,0.003s) (success)
Tactic call abstract+setoid_rewrite-regression-cubic ran for 1.853 secs (1.849u,0.003s) (success)
Tactic call close-abstract+setoid_rewrite-regression-quadratic ran for 0.225 secs (0.225u,0.s)
Params: n= 160
Tactic call setoid_rewrite-regression-cubic ran for 2.481 secs (2.481u,0.s) (success)
Tactic call abstract+setoid_rewrite-regression-cubic ran for 2.774 secs (2.774u,0.s) (success)
Tactic call close-abstract+setoid_rewrite-regression-quadratic ran for 0.293 secs (0.293u,0.s)
Params: n= 170
Tactic call setoid_rewrite-regression-cubic ran for 2.888 secs (2.883u,0.003s) (success)
Tactic call abstract+setoid_rewrite-regression-cubic ran for 3.202 secs (3.198u,0.004s) (success)
Tactic call close-abstract+setoid_rewrite-regression-quadratic ran for 0.313 secs (0.313u,0.s)
Params: n= 180
Tactic call setoid_rewrite-regression-cubic ran for 3.278 secs (3.273u,0.003s) (success)
Tactic call abstract+setoid_rewrite-regression-cubic ran for 3.63 secs (3.626u,0.003s) (success)
Tactic call close-abstract+setoid_rewrite-regression-quadratic ran for 0.351 secs (0.351u,0.s)
Params: n= 190
Tactic call setoid_rewrite-regression-cubic ran for 3.856 secs (3.856u,0.s) (success)
Tactic call abstract+setoid_rewrite-regression-cubic ran for 4.27 secs (4.269u,0.s) (success)
Tactic call close-abstract+setoid_rewrite-regression-quadratic ran for 0.412 secs (0.412u,0.s)
Params: n= 210
Tactic call setoid_rewrite-regression-cubic ran for 5.358 secs (5.353u,0.003s) (success)
Tactic call abstract+setoid_rewrite-regression-cubic ran for 5.83 secs (5.826u,0.003s) (success)
Tactic call close-abstract+setoid_rewrite-regression-quadratic ran for 0.472 secs (0.472u,0.s)
Params: n= 220
Tactic call setoid_rewrite-regression-cubic ran for 5.793 secs (5.792u,0.s) (success)
Tactic call abstract+setoid_rewrite-regression-cubic ran for 6.31 secs (6.31u,0.s) (success)
Tactic call close-abstract+setoid_rewrite-regression-quadratic ran for 0.516 secs (0.516u,0.s)
Params: n= 230
Tactic call setoid_rewrite-regression-cubic ran for 6.816 secs (6.815u,0.s) (success)
Tactic call abstract+setoid_rewrite-regression-cubic ran for 7.382 secs (7.382u,0.s) (success)
Tactic call close-abstract+setoid_rewrite-regression-quadratic ran for 0.565 secs (0.565u,0.s)
Params: n= 240
Tactic call setoid_rewrite-regression-cubic ran for 7.488 secs (7.488u,0.s) (success)
Tactic call abstract+setoid_rewrite-regression-cubic ran for 8.107 secs (8.106u,0.s) (success)
Tactic call close-abstract+setoid_rewrite-regression-quadratic ran for 0.618 secs (0.618u,0.s)
Params: n= 250
Tactic call setoid_rewrite-regression-cubic ran for 8.652 secs (8.651u,0.s) (success)
Tactic call abstract+setoid_rewrite-regression-cubic ran for 9.318 secs (9.318u,0.s) (success)
Tactic call close-abstract+setoid_rewrite-regression-quadratic ran for 0.666 secs (0.666u,0.s)
Params: n= 300
Tactic call setoid_rewrite-regression-cubic ran for 14.651 secs (14.651u,0.s) (success)
Tactic call abstract+setoid_rewrite-regression-cubic ran for 15.601 secs (15.6u,0.s) (success)
Tactic call close-abstract+setoid_rewrite-regression-quadratic ran for 0.949 secs (0.949u,0.s)
Params: n= 400
Tactic call setoid_rewrite-regression-cubic ran for 35.161 secs (35.147u,0.011s) (success)
Tactic call abstract+setoid_rewrite-regression-cubic ran for 36.83 secs (36.816u,0.011s) (success)
Tactic call close-abstract+setoid_rewrite-regression-quadratic ran for 1.668 secs (1.668u,0.s)
