Params: n= 1
Tactic call lazy-regression-linear ran for 0.006 secs (0.005u,0.s) (success)
Tactic call intros-regression-linear ran for 0.001 secs (0.001u,0.s) (success)
Tactic call destruct-and-regression-linear ran for 0.005 secs (0.003u,0.002s) (success)
Tactic call destruct-and-regression-linear ran for 0. secs (0.u,0.s) (failure after 1 backtracking)
Tactic call case-and-regression-linear ran for 0. secs (0.u,0.s) (success)
Tactic call case-clear-intros-and-regression-linear ran for 0. secs (0.u,0.s) (success)
Tactic call case-and-regression-linear ran for 0. secs (0.u,0.s) (failure after 1 backtracking)
Tactic call case-clear-intros-and-regression-linear ran for 0. secs (0.u,0.s) (failure after 1 backtracking)
Tactic call destruct-or-regression-linear ran for 0.005 secs (0.004u,0.001s) (success)
Tactic call destruct-or-regression-linear ran for 0. secs (0.u,0.s) (failure after 1 backtracking)
Tactic call case-or-regression-linear ran for 0. secs (0.u,0.s) (success)
Tactic call case-clear-intros-or-regression-linear ran for 0. secs (0.u,0.s) (success)
Tactic call case-or-regression-linear ran for 0. secs (0.u,0.s) (failure after 1 backtracking)
Tactic call case-clear-intros-or-regression-linear ran for 0. secs (0.u,0.s) (failure after 1 backtracking)
Params: n= 2
Tactic call lazy-regression-linear ran for 0.056 secs (0.05u,0.005s) (success)
Tactic call intros-regression-linear ran for 0.004 secs (0.004u,0.s) (success)
Tactic call destruct-and-regression-linear ran for 0.009 secs (0.009u,0.s) (success)
Tactic call destruct-and-regression-linear ran for 0. secs (0.u,0.s) (failure after 1 backtracking)
Tactic call case-and-regression-linear ran for 0.001 secs (0.001u,0.s) (success)
Tactic call case-clear-intros-and-regression-linear ran for 0.001 secs (0.001u,0.s) (success)
Tactic call case-and-regression-linear ran for 0. secs (0.u,0.s) (failure after 1 backtracking)
Tactic call case-clear-intros-and-regression-linear ran for 0. secs (0.u,0.s) (failure after 1 backtracking)
Tactic call destruct-or-regression-linear ran for 0.009 secs (0.009u,0.s) (success)
Tactic call destruct-or-regression-linear ran for 0. secs (0.u,0.s) (failure after 1 backtracking)
Tactic call case-or-regression-linear ran for 0.001 secs (0.001u,0.s) (success)
Tactic call case-clear-intros-or-regression-linear ran for 0.001 secs (0.001u,0.s) (success)
Tactic call case-or-regression-linear ran for 0. secs (0.u,0.s) (failure after 1 backtracking)
Tactic call case-clear-intros-or-regression-linear ran for 0. secs (0.u,0.s) (failure after 1 backtracking)
Params: n= 3
Tactic call lazy-regression-linear ran for 0.014 secs (0.014u,0.s) (success)
Tactic call intros-regression-linear ran for 0.01 secs (0.01u,0.s) (success)
Tactic call destruct-and-regression-linear ran for 0.017 secs (0.017u,0.s) (success)
Tactic call destruct-and-regression-linear ran for 0. secs (0.u,0.s) (failure after 1 backtracking)
Tactic call case-and-regression-linear ran for 0.003 secs (0.003u,0.s) (success)
Tactic call case-clear-intros-and-regression-linear ran for 0.003 secs (0.003u,0.s) (success)
Tactic call case-and-regression-linear ran for 0. secs (0.u,0.s) (failure after 1 backtracking)
Tactic call case-clear-intros-and-regression-linear ran for 0. secs (0.u,0.s) (failure after 1 backtracking)
Tactic call destruct-or-regression-linear ran for 0.017 secs (0.017u,0.s) (success)
Tactic call destruct-or-regression-linear ran for 0. secs (0.u,0.s) (failure after 1 backtracking)
Tactic call case-or-regression-linear ran for 0.003 secs (0.003u,0.s) (success)
Tactic call case-clear-intros-or-regression-linear ran for 0.003 secs (0.003u,0.s) (success)
Tactic call case-or-regression-linear ran for 0. secs (0.u,0.s) (failure after 1 backtracking)
Tactic call case-clear-intros-or-regression-linear ran for 0. secs (0.u,0.s) (failure after 1 backtracking)
