Params: n= 5
native_compute: Conversion to native code done in 0.00003
native_compute: Compilation done in 0.05597
native_compute: Evaluation done in 0.00080
native_compute: Reification done in 0.00008
Tactic call identity native_compute on PHOAS with big ran for 0.058 secs (0.004u,0.s) (success)
Params: n= 6
native_compute: Conversion to native code done in 0.00003
native_compute: Compilation done in 0.05257
native_compute: Evaluation done in 0.00070
native_compute: Reification done in 0.00009
Tactic call identity native_compute on PHOAS with big ran for 0.053 secs (0.002u,0.s) (success)
Params: n= 7
native_compute: Conversion to native code done in 0.00003
native_compute: Compilation done in 0.05705
native_compute: Evaluation done in 0.00076
native_compute: Reification done in 0.00009
Tactic call identity native_compute on PHOAS with big ran for 0.058 secs (0.u,0.003s) (success)
Params: n= 8
native_compute: Conversion to native code done in 0.00004
native_compute: Compilation done in 0.05480
native_compute: Evaluation done in 0.00075
native_compute: Reification done in 0.00010
Tactic call identity native_compute on PHOAS with big ran for 0.055 secs (0.u,0.003s) (success)
Params: n= 9
native_compute: Conversion to native code done in 0.00004
native_compute: Compilation done in 0.05574
native_compute: Evaluation done in 0.00123
native_compute: Reification done in 0.00010
Tactic call identity native_compute on PHOAS with big ran for 0.057 secs (0.001u,0.002s) (success)
Params: n= 10
native_compute: Conversion to native code done in 0.00004
native_compute: Compilation done in 0.05336
native_compute: Evaluation done in 0.00130
native_compute: Reification done in 0.00010
Tactic call identity native_compute on PHOAS with big ran for 0.055 secs (0.002u,0.001s) (success)
Params: n= 11
native_compute: Conversion to native code done in 0.00004
native_compute: Compilation done in 0.05409
native_compute: Evaluation done in 0.00121
native_compute: Reification done in 0.00010
Tactic call identity native_compute on PHOAS with big ran for 0.055 secs (0.003u,0.s) (success)
Params: n= 12
native_compute: Conversion to native code done in 0.00004
native_compute: Compilation done in 0.05501
native_compute: Evaluation done in 0.00132
native_compute: Reification done in 0.00012
Tactic call identity native_compute on PHOAS with big ran for 0.056 secs (0.003u,0.s) (success)
Params: n= 13
native_compute: Conversion to native code done in 0.00004
native_compute: Compilation done in 0.05861
native_compute: Evaluation done in 0.00137
native_compute: Reification done in 0.00012
Tactic call identity native_compute on PHOAS with big ran for 0.06 secs (0.003u,0.s) (success)
Params: n= 14
native_compute: Conversion to native code done in 0.00005
native_compute: Compilation done in 0.05624
native_compute: Evaluation done in 0.00121
native_compute: Reification done in 0.00012
Tactic call identity native_compute on PHOAS with big ran for 0.057 secs (0.001u,0.002s) (success)
Params: n= 15
native_compute: Conversion to native code done in 0.00005
native_compute: Compilation done in 0.05597
native_compute: Evaluation done in 0.00123
native_compute: Reification done in 0.00012
Tactic call identity native_compute on PHOAS with big ran for 0.057 secs (0.003u,0.s) (success)
Params: n= 16
native_compute: Conversion to native code done in 0.00005
native_compute: Compilation done in 0.06412
native_compute: Evaluation done in 0.00123
native_compute: Reification done in 0.00013
Tactic call identity native_compute on PHOAS with big ran for 0.065 secs (0.u,0.003s) (success)
Params: n= 17
native_compute: Conversion to native code done in 0.00005
native_compute: Compilation done in 0.05951
native_compute: Evaluation done in 0.00074
native_compute: Reification done in 0.00015
Tactic call identity native_compute on PHOAS with big ran for 0.06 secs (0.u,0.003s) (success)
Params: n= 18
native_compute: Conversion to native code done in 0.00015
native_compute: Compilation done in 0.05995
native_compute: Evaluation done in 0.00119
native_compute: Reification done in 0.00016
Tactic call identity native_compute on PHOAS with big ran for 0.061 secs (0.004u,0.s) (success)
Params: n= 19
native_compute: Conversion to native code done in 0.00055
native_compute: Compilation done in 0.06111
native_compute: Evaluation done in 0.00074
native_compute: Reification done in 0.00017
Tactic call identity native_compute on PHOAS with big ran for 0.062 secs (0.003u,0.s) (success)
Params: n= 20
native_compute: Conversion to native code done in 0.00006
native_compute: Compilation done in 0.06141
native_compute: Evaluation done in 0.00076
native_compute: Reification done in 0.00065
Tactic call identity native_compute on PHOAS with big ran for 0.063 secs (0.u,0.003s) (success)
Params: n= 21
native_compute: Conversion to native code done in 0.00006
native_compute: Compilation done in 0.05994
native_compute: Evaluation done in 0.00122
native_compute: Reification done in 0.00015
Tactic call identity native_compute on PHOAS with big ran for 0.061 secs (0.001u,0.002s) (success)
Params: n= 22
native_compute: Conversion to native code done in 0.00006
native_compute: Compilation done in 0.06180
native_compute: Evaluation done in 0.00075
native_compute: Reification done in 0.00018
Tactic call identity native_compute on PHOAS with big ran for 0.062 secs (0.u,0.003s) (success)
Params: n= 23
native_compute: Conversion to native code done in 0.00006
native_compute: Compilation done in 0.06238
native_compute: Evaluation done in 0.00075
native_compute: Reification done in 0.00086
Tactic call identity native_compute on PHOAS with big ran for 0.064 secs (0.u,0.003s) (success)
Params: n= 24
native_compute: Conversion to native code done in 0.00007
native_compute: Compilation done in 0.06063
native_compute: Evaluation done in 0.00126
native_compute: Reification done in 0.00018
Tactic call identity native_compute on PHOAS with big ran for 0.062 secs (0.u,0.003s) (success)
Params: n= 25
native_compute: Conversion to native code done in 0.00011
native_compute: Compilation done in 0.06267
native_compute: Evaluation done in 0.00076
native_compute: Reification done in 0.00019
Tactic call identity native_compute on PHOAS with big ran for 0.063 secs (0.u,0.003s) (success)
Params: n= 26
native_compute: Conversion to native code done in 0.00007
native_compute: Compilation done in 0.06352
native_compute: Evaluation done in 0.00125
native_compute: Reification done in 0.00023
Tactic call identity native_compute on PHOAS with big ran for 0.065 secs (0.u,0.003s) (success)
Params: n= 27
native_compute: Conversion to native code done in 0.00007
native_compute: Compilation done in 0.06958
native_compute: Evaluation done in 0.00077
native_compute: Reification done in 0.00021
Tactic call identity native_compute on PHOAS with big ran for 0.07 secs (0.u,0.002s) (success)
Params: n= 28
native_compute: Conversion to native code done in 0.00008
native_compute: Compilation done in 0.06525
native_compute: Evaluation done in 0.00125
native_compute: Reification done in 0.00019
Tactic call identity native_compute on PHOAS with big ran for 0.067 secs (0.u,0.003s) (success)
Params: n= 29
native_compute: Conversion to native code done in 0.00008
native_compute: Compilation done in 0.06764
native_compute: Evaluation done in 0.00080
native_compute: Reification done in 0.00022
Tactic call identity native_compute on PHOAS with big ran for 0.068 secs (0.001u,0.002s) (success)
Params: n= 30
native_compute: Conversion to native code done in 0.00008
native_compute: Compilation done in 0.06624
native_compute: Evaluation done in 0.00227
native_compute: Reification done in 0.00021
Tactic call identity native_compute on PHOAS with big ran for 0.068 secs (0.002u,0.001s) (success)
Params: n= 31
native_compute: Conversion to native code done in 0.00008
native_compute: Compilation done in 0.06525
native_compute: Evaluation done in 0.00083
native_compute: Reification done in 0.00024
Tactic call identity native_compute on PHOAS with big ran for 0.066 secs (0.u,0.004s) (success)
Params: n= 32
native_compute: Conversion to native code done in 0.00008
native_compute: Compilation done in 0.06695
native_compute: Evaluation done in 0.00083
native_compute: Reification done in 0.00024
Tactic call identity native_compute on PHOAS with big ran for 0.068 secs (0.u,0.004s) (success)
Params: n= 33
native_compute: Conversion to native code done in 0.00064
native_compute: Compilation done in 0.06784
native_compute: Evaluation done in 0.00140
native_compute: Reification done in 0.00090
Tactic call identity native_compute on PHOAS with big ran for 0.07 secs (0.004u,0.s) (success)
Params: n= 34
native_compute: Conversion to native code done in 0.00009
native_compute: Compilation done in 0.06749
native_compute: Evaluation done in 0.00080
native_compute: Reification done in 0.00044
Tactic call identity native_compute on PHOAS with big ran for 0.069 secs (0.004u,0.s) (success)
Params: n= 35
native_compute: Conversion to native code done in 0.00013
native_compute: Compilation done in 0.07074
native_compute: Evaluation done in 0.00088
native_compute: Reification done in 0.00028
Tactic call identity native_compute on PHOAS with big ran for 0.072 secs (0.001u,0.003s) (success)
Params: n= 36
native_compute: Conversion to native code done in 0.00009
native_compute: Compilation done in 0.07329
native_compute: Evaluation done in 0.00126
native_compute: Reification done in 0.00024
Tactic call identity native_compute on PHOAS with big ran for 0.075 secs (0.004u,0.s) (success)
Params: n= 37
native_compute: Conversion to native code done in 0.00010
native_compute: Compilation done in 0.07100
native_compute: Evaluation done in 0.00093
native_compute: Reification done in 0.00048
Tactic call identity native_compute on PHOAS with big ran for 0.072 secs (0.004u,0.s) (success)
Params: n= 38
native_compute: Conversion to native code done in 0.00015
native_compute: Compilation done in 0.06851
native_compute: Evaluation done in 0.00072
native_compute: Reification done in 0.00028
Tactic call identity native_compute on PHOAS with big ran for 0.069 secs (0.002u,0.001s) (success)
Params: n= 39
native_compute: Conversion to native code done in 0.00021
native_compute: Compilation done in 0.06879
native_compute: Evaluation done in 0.00074
native_compute: Reification done in 0.00029
Tactic call identity native_compute on PHOAS with big ran for 0.07 secs (0.004u,0.s) (success)
Params: n= 40
native_compute: Conversion to native code done in 0.00011
native_compute: Compilation done in 0.06804
native_compute: Evaluation done in 0.00079
native_compute: Reification done in 0.00029
Tactic call identity native_compute on PHOAS with big ran for 0.069 secs (0.001u,0.002s) (success)
Params: n= 41
native_compute: Conversion to native code done in 0.00012
native_compute: Compilation done in 0.06729
native_compute: Evaluation done in 0.00083
native_compute: Reification done in 0.00029
Tactic call identity native_compute on PHOAS with big ran for 0.068 secs (0.003u,0.s) (success)
Params: n= 42
native_compute: Conversion to native code done in 0.00012
native_compute: Compilation done in 0.06827
native_compute: Evaluation done in 0.00150
native_compute: Reification done in 0.00036
Tactic call identity native_compute on PHOAS with big ran for 0.07 secs (0.004u,0.s) (success)
Params: n= 43
native_compute: Conversion to native code done in 0.00012
native_compute: Compilation done in 0.07402
native_compute: Evaluation done in 0.00074
native_compute: Reification done in 0.00036
Tactic call identity native_compute on PHOAS with big ran for 0.075 secs (0.003u,0.s) (success)
Params: n= 44
native_compute: Conversion to native code done in 0.00012
native_compute: Compilation done in 0.07163
native_compute: Evaluation done in 0.00074
native_compute: Reification done in 0.00031
Tactic call identity native_compute on PHOAS with big ran for 0.072 secs (0.u,0.005s) (success)
Params: n= 45
native_compute: Conversion to native code done in 0.00013
native_compute: Compilation done in 0.07202
native_compute: Evaluation done in 0.00077
native_compute: Reification done in 0.00032
Tactic call identity native_compute on PHOAS with big ran for 0.073 secs (0.u,0.004s) (success)
Params: n= 46
native_compute: Conversion to native code done in 0.00013
native_compute: Compilation done in 0.07147
native_compute: Evaluation done in 0.00076
native_compute: Reification done in 0.00031
Tactic call identity native_compute on PHOAS with big ran for 0.072 secs (0.003u,0.s) (success)
Params: n= 47
native_compute: Conversion to native code done in 0.00013
native_compute: Compilation done in 0.08207
native_compute: Evaluation done in 0.00075
native_compute: Reification done in 0.00033
Tactic call identity native_compute on PHOAS with big ran for 0.083 secs (0.u,0.004s) (success)
Params: n= 48
native_compute: Conversion to native code done in 0.00013
native_compute: Compilation done in 0.07775
native_compute: Evaluation done in 0.00077
native_compute: Reification done in 0.00034
Tactic call identity native_compute on PHOAS with big ran for 0.079 secs (0.u,0.003s) (success)
Params: n= 49
native_compute: Conversion to native code done in 0.00014
native_compute: Compilation done in 0.07523
native_compute: Evaluation done in 0.00077
native_compute: Reification done in 0.00036
Tactic call identity native_compute on PHOAS with big ran for 0.076 secs (0.u,0.004s) (success)
Params: n= 50
native_compute: Conversion to native code done in 0.00015
native_compute: Compilation done in 0.08106
native_compute: Evaluation done in 0.00089
native_compute: Reification done in 0.00036
Tactic call identity native_compute on PHOAS with big ran for 0.082 secs (0.004u,0.s) (success)
Params: n= 51
native_compute: Conversion to native code done in 0.00014
native_compute: Compilation done in 0.08574
native_compute: Evaluation done in 0.00078
native_compute: Reification done in 0.00037
Tactic call identity native_compute on PHOAS with big ran for 0.087 secs (0.005u,0.s) (success)
Params: n= 52
native_compute: Conversion to native code done in 0.00014
native_compute: Compilation done in 0.07425
native_compute: Evaluation done in 0.00081
native_compute: Reification done in 0.00039
Tactic call identity native_compute on PHOAS with big ran for 0.075 secs (0.004u,0.s) (success)
Params: n= 53
native_compute: Conversion to native code done in 0.00014
native_compute: Compilation done in 0.07590
native_compute: Evaluation done in 0.00085
native_compute: Reification done in 0.00036
Tactic call identity native_compute on PHOAS with big ran for 0.077 secs (0.004u,0.s) (success)
Params: n= 54
native_compute: Conversion to native code done in 0.00016
native_compute: Compilation done in 0.07756
native_compute: Evaluation done in 0.00089
native_compute: Reification done in 0.00038
Tactic call identity native_compute on PHOAS with big ran for 0.079 secs (0.002u,0.001s) (success)
Params: n= 55
native_compute: Conversion to native code done in 0.00015
native_compute: Compilation done in 0.08423
native_compute: Evaluation done in 0.00078
native_compute: Reification done in 0.00038
Tactic call identity native_compute on PHOAS with big ran for 0.085 secs (0.u,0.004s) (success)
Params: n= 56
native_compute: Conversion to native code done in 0.00015
native_compute: Compilation done in 0.07601
native_compute: Evaluation done in 0.00079
native_compute: Reification done in 0.00038
Tactic call identity native_compute on PHOAS with big ran for 0.077 secs (0.u,0.004s) (success)
Params: n= 57
native_compute: Conversion to native code done in 0.00016
native_compute: Compilation done in 0.07968
native_compute: Evaluation done in 0.00093
native_compute: Reification done in 0.00047
Tactic call identity native_compute on PHOAS with big ran for 0.081 secs (0.u,0.004s) (success)
Params: n= 58
native_compute: Conversion to native code done in 0.00015
native_compute: Compilation done in 0.07870
native_compute: Evaluation done in 0.00083
native_compute: Reification done in 0.00039
Tactic call identity native_compute on PHOAS with big ran for 0.08 secs (0.004u,0.s) (success)
Params: n= 59
native_compute: Conversion to native code done in 0.00016
native_compute: Compilation done in 0.07793
native_compute: Evaluation done in 0.00085
native_compute: Reification done in 0.00040
Tactic call identity native_compute on PHOAS with big ran for 0.079 secs (0.002u,0.001s) (success)
Params: n= 60
native_compute: Conversion to native code done in 0.00015
native_compute: Compilation done in 0.07771
native_compute: Evaluation done in 0.00098
native_compute: Reification done in 0.00041
Tactic call identity native_compute on PHOAS with big ran for 0.079 secs (0.001u,0.002s) (success)
Params: n= 61
native_compute: Conversion to native code done in 0.00016
native_compute: Compilation done in 0.07659
native_compute: Evaluation done in 0.00088
native_compute: Reification done in 0.00043
Tactic call identity native_compute on PHOAS with big ran for 0.078 secs (0.u,0.004s) (success)
Params: n= 62
native_compute: Conversion to native code done in 0.00015
native_compute: Compilation done in 0.07593
native_compute: Evaluation done in 0.00084
native_compute: Reification done in 0.00043
Tactic call identity native_compute on PHOAS with big ran for 0.077 secs (0.004u,0.s) (success)
Params: n= 63
native_compute: Conversion to native code done in 0.00017
native_compute: Compilation done in 0.08053
native_compute: Evaluation done in 0.00096
native_compute: Reification done in 0.00043
Tactic call identity native_compute on PHOAS with big ran for 0.082 secs (0.005u,0.s) (success)
Params: n= 64
native_compute: Conversion to native code done in 0.00017
native_compute: Compilation done in 0.07962
native_compute: Evaluation done in 0.00084
native_compute: Reification done in 0.00044
Tactic call identity native_compute on PHOAS with big ran for 0.081 secs (0.001u,0.003s) (success)
Params: n= 65
native_compute: Conversion to native code done in 0.00017
native_compute: Compilation done in 0.08355
native_compute: Evaluation done in 0.00084
native_compute: Reification done in 0.00044
Tactic call identity native_compute on PHOAS with big ran for 0.085 secs (0.004u,0.s) (success)
Params: n= 66
native_compute: Conversion to native code done in 0.00018
native_compute: Compilation done in 0.08023
native_compute: Evaluation done in 0.00083
native_compute: Reification done in 0.00043
Tactic call identity native_compute on PHOAS with big ran for 0.081 secs (0.001u,0.003s) (success)
Params: n= 67
native_compute: Conversion to native code done in 0.00072
native_compute: Compilation done in 0.08419
native_compute: Evaluation done in 0.00089
native_compute: Reification done in 0.00045
Tactic call identity native_compute on PHOAS with big ran for 0.086 secs (0.004u,0.s) (success)
Params: n= 68
native_compute: Conversion to native code done in 0.00018
native_compute: Compilation done in 0.09587
native_compute: Evaluation done in 0.00088
native_compute: Reification done in 0.00047
Tactic call identity native_compute on PHOAS with big ran for 0.097 secs (0.004u,0.s) (success)
Params: n= 69
native_compute: Conversion to native code done in 0.00019
native_compute: Compilation done in 0.09172
native_compute: Evaluation done in 0.00089
native_compute: Reification done in 0.00054
Tactic call identity native_compute on PHOAS with big ran for 0.093 secs (0.004u,0.005s) (success)
Params: n= 70
native_compute: Conversion to native code done in 0.00019
native_compute: Compilation done in 0.09193
native_compute: Evaluation done in 0.00098
native_compute: Reification done in 0.00048
Tactic call identity native_compute on PHOAS with big ran for 0.093 secs (0.005u,0.s) (success)
Params: n= 71
native_compute: Conversion to native code done in 0.00019
native_compute: Compilation done in 0.08912
native_compute: Evaluation done in 0.00095
native_compute: Reification done in 0.00047
Tactic call identity native_compute on PHOAS with big ran for 0.09 secs (0.006u,0.s) (success)
Params: n= 72
native_compute: Conversion to native code done in 0.00019
native_compute: Compilation done in 0.08891
native_compute: Evaluation done in 0.00122
native_compute: Reification done in 0.00058
Tactic call identity native_compute on PHOAS with big ran for 0.091 secs (0.003u,0.001s) (success)
Params: n= 73
native_compute: Conversion to native code done in 0.00019
native_compute: Compilation done in 0.09573
native_compute: Evaluation done in 0.00087
native_compute: Reification done in 0.00048
Tactic call identity native_compute on PHOAS with big ran for 0.097 secs (0.u,0.004s) (success)
Params: n= 74
native_compute: Conversion to native code done in 0.00024
native_compute: Compilation done in 0.08817
native_compute: Evaluation done in 0.00087
native_compute: Reification done in 0.00048
Tactic call identity native_compute on PHOAS with big ran for 0.089 secs (0.004u,0.s) (success)
Params: n= 75
native_compute: Conversion to native code done in 0.00019
native_compute: Compilation done in 0.08685
native_compute: Evaluation done in 0.00086
native_compute: Reification done in 0.00048
Tactic call identity native_compute on PHOAS with big ran for 0.088 secs (0.004u,0.s) (success)
Params: n= 76
native_compute: Conversion to native code done in 0.00026
native_compute: Compilation done in 0.08914
native_compute: Evaluation done in 0.00091
native_compute: Reification done in 0.00052
Tactic call identity native_compute on PHOAS with big ran for 0.091 secs (0.004u,0.s) (success)
Params: n= 77
native_compute: Conversion to native code done in 0.00021
native_compute: Compilation done in 0.08500
native_compute: Evaluation done in 0.00091
native_compute: Reification done in 0.00050
Tactic call identity native_compute on PHOAS with big ran for 0.086 secs (0.002u,0.003s) (success)
Params: n= 78
native_compute: Conversion to native code done in 0.00020
native_compute: Compilation done in 0.09627
native_compute: Evaluation done in 0.00120
native_compute: Reification done in 0.00053
Tactic call identity native_compute on PHOAS with big ran for 0.098 secs (0.005u,0.s) (success)
Params: n= 79
native_compute: Conversion to native code done in 0.00020
native_compute: Compilation done in 0.09164
native_compute: Evaluation done in 0.00089
native_compute: Reification done in 0.00052
Tactic call identity native_compute on PHOAS with big ran for 0.093 secs (0.001u,0.003s) (success)
Params: n= 80
native_compute: Conversion to native code done in 0.00021
native_compute: Compilation done in 0.09060
native_compute: Evaluation done in 0.00099
native_compute: Reification done in 0.00054
Tactic call identity native_compute on PHOAS with big ran for 0.092 secs (0.003u,0.001s) (success)
Params: n= 81
native_compute: Conversion to native code done in 0.00021
native_compute: Compilation done in 0.09030
native_compute: Evaluation done in 0.00091
native_compute: Reification done in 0.00054
Tactic call identity native_compute on PHOAS with big ran for 0.092 secs (0.u,0.004s) (success)
Params: n= 82
native_compute: Conversion to native code done in 0.00022
native_compute: Compilation done in 0.08927
native_compute: Evaluation done in 0.00094
native_compute: Reification done in 0.00054
Tactic call identity native_compute on PHOAS with big ran for 0.091 secs (0.004u,0.s) (success)
Params: n= 83
native_compute: Conversion to native code done in 0.00023
native_compute: Compilation done in 0.08977
native_compute: Evaluation done in 0.00094
native_compute: Reification done in 0.00055
Tactic call identity native_compute on PHOAS with big ran for 0.091 secs (0.005u,0.s) (success)
Params: n= 84
native_compute: Conversion to native code done in 0.00084
native_compute: Compilation done in 0.09469
native_compute: Evaluation done in 0.00091
native_compute: Reification done in 0.00059
Tactic call identity native_compute on PHOAS with big ran for 0.097 secs (0.006u,0.s) (success)
Params: n= 85
native_compute: Conversion to native code done in 0.00022
native_compute: Compilation done in 0.11052
native_compute: Evaluation done in 0.00094
native_compute: Reification done in 0.00055
Tactic call identity native_compute on PHOAS with big ran for 0.112 secs (0.u,0.006s) (success)
Params: n= 86
native_compute: Conversion to native code done in 0.00022
native_compute: Compilation done in 0.09263
native_compute: Evaluation done in 0.00092
native_compute: Reification done in 0.00065
Tactic call identity native_compute on PHOAS with big ran for 0.094 secs (0.006u,0.s) (success)
Params: n= 87
native_compute: Conversion to native code done in 0.00032
native_compute: Compilation done in 0.09109
native_compute: Evaluation done in 0.00098
native_compute: Reification done in 0.00060
Tactic call identity native_compute on PHOAS with big ran for 0.093 secs (0.003u,0.002s) (success)
Params: n= 88
native_compute: Conversion to native code done in 0.00022
native_compute: Compilation done in 0.10268
native_compute: Evaluation done in 0.00095
native_compute: Reification done in 0.00060
Tactic call identity native_compute on PHOAS with big ran for 0.104 secs (0.005u,0.s) (success)
Params: n= 89
native_compute: Conversion to native code done in 0.00024
native_compute: Compilation done in 0.09337
native_compute: Evaluation done in 0.00090
native_compute: Reification done in 0.00059
Tactic call identity native_compute on PHOAS with big ran for 0.095 secs (0.005u,0.s) (success)
Params: n= 90
native_compute: Conversion to native code done in 0.00024
native_compute: Compilation done in 0.09301
native_compute: Evaluation done in 0.00109
native_compute: Reification done in 0.00063
Tactic call identity native_compute on PHOAS with big ran for 0.095 secs (0.005u,0.s) (success)
Params: n= 91
native_compute: Conversion to native code done in 0.00024
native_compute: Compilation done in 0.10100
native_compute: Evaluation done in 0.00097
native_compute: Reification done in 0.00060
Tactic call identity native_compute on PHOAS with big ran for 0.102 secs (0.u,0.006s) (success)
Params: n= 92
native_compute: Conversion to native code done in 0.00025
native_compute: Compilation done in 0.09624
native_compute: Evaluation done in 0.00098
native_compute: Reification done in 0.00061
Tactic call identity native_compute on PHOAS with big ran for 0.098 secs (0.002u,0.003s) (success)
Params: n= 93
native_compute: Conversion to native code done in 0.00024
native_compute: Compilation done in 0.09841
native_compute: Evaluation done in 0.00097
native_compute: Reification done in 0.00060
Tactic call identity native_compute on PHOAS with big ran for 0.1 secs (0.001u,0.004s) (success)
Params: n= 94
native_compute: Conversion to native code done in 0.00025
native_compute: Compilation done in 0.11280
native_compute: Evaluation done in 0.00094
native_compute: Reification done in 0.00071
Tactic call identity native_compute on PHOAS with big ran for 0.114 secs (0.001u,0.004s) (success)
Params: n= 95
native_compute: Conversion to native code done in 0.00027
native_compute: Compilation done in 0.10012
native_compute: Evaluation done in 0.00118
native_compute: Reification done in 0.00062
Tactic call identity native_compute on PHOAS with big ran for 0.102 secs (0.002u,0.003s) (success)
Params: n= 96
native_compute: Conversion to native code done in 0.00025
native_compute: Compilation done in 0.10310
native_compute: Evaluation done in 0.00096
native_compute: Reification done in 0.00062
Tactic call identity native_compute on PHOAS with big ran for 0.105 secs (0.005u,0.s) (success)
Params: n= 97
native_compute: Conversion to native code done in 0.00026
native_compute: Compilation done in 0.09800
native_compute: Evaluation done in 0.00150
native_compute: Reification done in 0.00078
Tactic call identity native_compute on PHOAS with big ran for 0.1 secs (0.004u,0.002s) (success)
Params: n= 98
native_compute: Conversion to native code done in 0.00049
native_compute: Compilation done in 0.10170
native_compute: Evaluation done in 0.00097
native_compute: Reification done in 0.00066
Tactic call identity native_compute on PHOAS with big ran for 0.104 secs (0.005u,0.s) (success)
Params: n= 99
native_compute: Conversion to native code done in 0.00032
native_compute: Compilation done in 0.10159
native_compute: Evaluation done in 0.00097
native_compute: Reification done in 0.00066
Tactic call identity native_compute on PHOAS with big ran for 0.103 secs (0.005u,0.s) (success)
Params: n= 100
native_compute: Conversion to native code done in 0.00026
native_compute: Compilation done in 0.10006
native_compute: Evaluation done in 0.00102
native_compute: Reification done in 0.00064
Tactic call identity native_compute on PHOAS with big ran for 0.102 secs (0.002u,0.003s) (success)
Params: n= 101
native_compute: Conversion to native code done in 0.00027
native_compute: Compilation done in 0.09801
native_compute: Evaluation done in 0.00099
native_compute: Reification done in 0.00064
Tactic call identity native_compute on PHOAS with big ran for 0.1 secs (0.003u,0.003s) (success)
Params: n= 102
native_compute: Conversion to native code done in 0.00026
native_compute: Compilation done in 0.10845
native_compute: Evaluation done in 0.00124
native_compute: Reification done in 0.00066
Tactic call identity native_compute on PHOAS with big ran for 0.11 secs (0.003u,0.003s) (success)
Params: n= 103
native_compute: Conversion to native code done in 0.00031
native_compute: Compilation done in 0.10291
native_compute: Evaluation done in 0.00114
native_compute: Reification done in 0.00066
Tactic call identity native_compute on PHOAS with big ran for 0.105 secs (0.004u,0.001s) (success)
Params: n= 104
native_compute: Conversion to native code done in 0.00028
native_compute: Compilation done in 0.11773
native_compute: Evaluation done in 0.00100
native_compute: Reification done in 0.00066
Tactic call identity native_compute on PHOAS with big ran for 0.119 secs (0.015u,0.007s) (success)
Params: n= 105
native_compute: Conversion to native code done in 0.00027
native_compute: Compilation done in 0.10339
native_compute: Evaluation done in 0.00098
native_compute: Reification done in 0.00069
Tactic call identity native_compute on PHOAS with big ran for 0.105 secs (0.006u,0.s) (success)
Params: n= 106
native_compute: Conversion to native code done in 0.00027
native_compute: Compilation done in 0.09739
native_compute: Evaluation done in 0.00102
native_compute: Reification done in 0.00081
Tactic call identity native_compute on PHOAS with big ran for 0.099 secs (0.003u,0.002s) (success)
Params: n= 107
native_compute: Conversion to native code done in 0.00029
native_compute: Compilation done in 0.10990
native_compute: Evaluation done in 0.00104
native_compute: Reification done in 0.00073
Tactic call identity native_compute on PHOAS with big ran for 0.112 secs (0.003u,0.003s) (success)
Params: n= 108
native_compute: Conversion to native code done in 0.00029
native_compute: Compilation done in 0.10571
native_compute: Evaluation done in 0.00173
native_compute: Reification done in 0.00181
Tactic call identity native_compute on PHOAS with big ran for 0.109 secs (0.008u,0.s) (success)
Params: n= 109
native_compute: Conversion to native code done in 0.00033
native_compute: Compilation done in 0.10642
native_compute: Evaluation done in 0.00099
native_compute: Reification done in 0.00070
Tactic call identity native_compute on PHOAS with big ran for 0.108 secs (0.005u,0.005s) (success)
Params: n= 110
native_compute: Conversion to native code done in 0.00028
native_compute: Compilation done in 0.10481
native_compute: Evaluation done in 0.00102
native_compute: Reification done in 0.00069
Tactic call identity native_compute on PHOAS with big ran for 0.106 secs (0.002u,0.003s) (success)
Params: n= 111
native_compute: Conversion to native code done in 0.00029
native_compute: Compilation done in 0.10615
native_compute: Evaluation done in 0.00108
native_compute: Reification done in 0.00079
Tactic call identity native_compute on PHOAS with big ran for 0.108 secs (0.004u,0.002s) (success)
Params: n= 112
native_compute: Conversion to native code done in 0.00028
native_compute: Compilation done in 0.10696
native_compute: Evaluation done in 0.00109
native_compute: Reification done in 0.00073
Tactic call identity native_compute on PHOAS with big ran for 0.109 secs (0.005u,0.001s) (success)
Params: n= 113
native_compute: Conversion to native code done in 0.00046
native_compute: Compilation done in 0.11194
native_compute: Evaluation done in 0.00103
native_compute: Reification done in 0.00071
Tactic call identity native_compute on PHOAS with big ran for 0.114 secs (0.009u,0.s) (success)
Params: n= 114
native_compute: Conversion to native code done in 0.00029
native_compute: Compilation done in 0.10542
native_compute: Evaluation done in 0.00119
native_compute: Reification done in 0.00072
Tactic call identity native_compute on PHOAS with big ran for 0.107 secs (0.005u,0.001s) (success)
Params: n= 115
native_compute: Conversion to native code done in 0.00034
native_compute: Compilation done in 0.10537
native_compute: Evaluation done in 0.00109
native_compute: Reification done in 0.00075
Tactic call identity native_compute on PHOAS with big ran for 0.107 secs (0.003u,0.003s) (success)
Params: n= 116
native_compute: Conversion to native code done in 0.00040
native_compute: Compilation done in 0.11766
native_compute: Evaluation done in 0.00106
native_compute: Reification done in 0.00076
Tactic call identity native_compute on PHOAS with big ran for 0.12 secs (0.004u,0.002s) (success)
Params: n= 117
native_compute: Conversion to native code done in 0.00050
native_compute: Compilation done in 0.10796
native_compute: Evaluation done in 0.00108
native_compute: Reification done in 0.00073
Tactic call identity native_compute on PHOAS with big ran for 0.11 secs (0.005u,0.s) (success)
Params: n= 118
native_compute: Conversion to native code done in 0.00031
native_compute: Compilation done in 0.11530
native_compute: Evaluation done in 0.00132
native_compute: Reification done in 0.00120
Tactic call identity native_compute on PHOAS with big ran for 0.118 secs (0.003u,0.004s) (success)
Params: n= 119
native_compute: Conversion to native code done in 0.00032
native_compute: Compilation done in 0.11994
native_compute: Evaluation done in 0.00122
native_compute: Reification done in 0.00080
Tactic call identity native_compute on PHOAS with big ran for 0.122 secs (0.007u,0.004s) (success)
Params: n= 120
native_compute: Conversion to native code done in 0.00032
native_compute: Compilation done in 0.11225
native_compute: Evaluation done in 0.00112
native_compute: Reification done in 0.00076
Tactic call identity native_compute on PHOAS with big ran for 0.114 secs (0.003u,0.003s) (success)
Params: n= 121
native_compute: Conversion to native code done in 0.00032
native_compute: Compilation done in 0.10990
native_compute: Evaluation done in 0.00107
native_compute: Reification done in 0.00075
Tactic call identity native_compute on PHOAS with big ran for 0.112 secs (0.005u,0.001s) (success)
Params: n= 122
native_compute: Conversion to native code done in 0.00032
native_compute: Compilation done in 0.11644
native_compute: Evaluation done in 0.00108
native_compute: Reification done in 0.00077
Tactic call identity native_compute on PHOAS with big ran for 0.118 secs (0.002u,0.003s) (success)
Params: n= 123
native_compute: Conversion to native code done in 0.00036
native_compute: Compilation done in 0.11341
native_compute: Evaluation done in 0.00117
native_compute: Reification done in 0.00078
Tactic call identity native_compute on PHOAS with big ran for 0.115 secs (0.003u,0.003s) (success)
Params: n= 124
native_compute: Conversion to native code done in 0.00032
native_compute: Compilation done in 0.11768
native_compute: Evaluation done in 0.00199
native_compute: Reification done in 0.00079
Tactic call identity native_compute on PHOAS with big ran for 0.12 secs (0.004u,0.002s) (success)
Params: n= 125
native_compute: Conversion to native code done in 0.00033
native_compute: Compilation done in 0.11461
native_compute: Evaluation done in 0.00116
native_compute: Reification done in 0.00080
Tactic call identity native_compute on PHOAS with big ran for 0.117 secs (0.005u,0.001s) (success)
Params: n= 126
native_compute: Conversion to native code done in 0.00033
native_compute: Compilation done in 0.12060
native_compute: Evaluation done in 0.00116
native_compute: Reification done in 0.00079
Tactic call identity native_compute on PHOAS with big ran for 0.123 secs (0.003u,0.004s) (success)
Params: n= 127
native_compute: Conversion to native code done in 0.00034
native_compute: Compilation done in 0.12273
native_compute: Evaluation done in 0.00117
native_compute: Reification done in 0.00084
Tactic call identity native_compute on PHOAS with big ran for 0.125 secs (0.004u,0.002s) (success)
Params: n= 128
native_compute: Conversion to native code done in 0.00034
native_compute: Compilation done in 0.11441
native_compute: Evaluation done in 0.00115
native_compute: Reification done in 0.00082
Tactic call identity native_compute on PHOAS with big ran for 0.116 secs (0.003u,0.003s) (success)
Params: n= 129
native_compute: Conversion to native code done in 0.00034
native_compute: Compilation done in 0.11669
native_compute: Evaluation done in 0.00112
native_compute: Reification done in 0.00080
Tactic call identity native_compute on PHOAS with big ran for 0.119 secs (0.003u,0.003s) (success)
Params: n= 130
native_compute: Conversion to native code done in 0.00034
native_compute: Compilation done in 0.11796
native_compute: Evaluation done in 0.00133
native_compute: Reification done in 0.00080
Tactic call identity native_compute on PHOAS with big ran for 0.12 secs (0.004u,0.002s) (success)
Params: n= 131
native_compute: Conversion to native code done in 0.00035
native_compute: Compilation done in 0.12362
native_compute: Evaluation done in 0.00187
native_compute: Reification done in 0.00081
Tactic call identity native_compute on PHOAS with big ran for 0.126 secs (0.006u,0.002s) (success)
Params: n= 132
native_compute: Conversion to native code done in 0.00033
native_compute: Compilation done in 0.11963
native_compute: Evaluation done in 0.00115
native_compute: Reification done in 0.00092
Tactic call identity native_compute on PHOAS with big ran for 0.122 secs (0.006u,0.s) (success)
Params: n= 133
native_compute: Conversion to native code done in 0.00035
native_compute: Compilation done in 0.14188
native_compute: Evaluation done in 0.00121
native_compute: Reification done in 0.00084
Tactic call identity native_compute on PHOAS with big ran for 0.144 secs (0.018u,0.011s) (success)
Params: n= 134
native_compute: Conversion to native code done in 0.00035
native_compute: Compilation done in 0.12515
native_compute: Evaluation done in 0.00120
native_compute: Reification done in 0.00086
Tactic call identity native_compute on PHOAS with big ran for 0.127 secs (0.006u,0.001s) (success)
Params: n= 135
native_compute: Conversion to native code done in 0.00035
native_compute: Compilation done in 0.12428
native_compute: Evaluation done in 0.00129
native_compute: Reification done in 0.00090
Tactic call identity native_compute on PHOAS with big ran for 0.127 secs (0.005u,0.002s) (success)
Params: n= 136
native_compute: Conversion to native code done in 0.00036
native_compute: Compilation done in 0.11667
native_compute: Evaluation done in 0.00187
native_compute: Reification done in 0.00087
Tactic call identity native_compute on PHOAS with big ran for 0.119 secs (0.u,0.008s) (success)
Params: n= 137
native_compute: Conversion to native code done in 0.00036
native_compute: Compilation done in 0.12187
native_compute: Evaluation done in 0.00128
native_compute: Reification done in 0.00094
Tactic call identity native_compute on PHOAS with big ran for 0.124 secs (0.004u,0.002s) (success)
Params: n= 138
native_compute: Conversion to native code done in 0.00037
native_compute: Compilation done in 0.12192
native_compute: Evaluation done in 0.00189
native_compute: Reification done in 0.00086
Tactic call identity native_compute on PHOAS with big ran for 0.125 secs (0.006u,0.001s) (success)
Params: n= 139
native_compute: Conversion to native code done in 0.00036
native_compute: Compilation done in 0.12156
native_compute: Evaluation done in 0.00122
native_compute: Reification done in 0.00105
Tactic call identity native_compute on PHOAS with big ran for 0.124 secs (0.004u,0.002s) (success)
Params: n= 140
native_compute: Conversion to native code done in 0.00037
native_compute: Compilation done in 0.11788
native_compute: Evaluation done in 0.00120
native_compute: Reification done in 0.00090
Tactic call identity native_compute on PHOAS with big ran for 0.12 secs (0.003u,0.003s) (success)
Params: n= 141
native_compute: Conversion to native code done in 0.00036
native_compute: Compilation done in 0.12771
native_compute: Evaluation done in 0.00137
native_compute: Reification done in 0.00087
Tactic call identity native_compute on PHOAS with big ran for 0.13 secs (0.005u,0.002s) (success)
Params: n= 142
native_compute: Conversion to native code done in 0.00037
native_compute: Compilation done in 0.12456
native_compute: Evaluation done in 0.00129
native_compute: Reification done in 0.00093
Tactic call identity native_compute on PHOAS with big ran for 0.127 secs (0.007u,0.s) (success)
Params: n= 143
native_compute: Conversion to native code done in 0.00038
native_compute: Compilation done in 0.12405
native_compute: Evaluation done in 0.00146
native_compute: Reification done in 0.00093
Tactic call identity native_compute on PHOAS with big ran for 0.127 secs (0.001u,0.006s) (success)
Params: n= 144
native_compute: Conversion to native code done in 0.00037
native_compute: Compilation done in 0.12465
native_compute: Evaluation done in 0.00126
native_compute: Reification done in 0.00087
Tactic call identity native_compute on PHOAS with big ran for 0.127 secs (0.001u,0.006s) (success)
Params: n= 145
native_compute: Conversion to native code done in 0.00037
native_compute: Compilation done in 0.12379
native_compute: Evaluation done in 0.00138
native_compute: Reification done in 0.00271
Tactic call identity native_compute on PHOAS with big ran for 0.128 secs (0.006u,0.003s) (success)
Params: n= 146
native_compute: Conversion to native code done in 0.00038
native_compute: Compilation done in 0.12562
native_compute: Evaluation done in 0.00127
native_compute: Reification done in 0.00091
Tactic call identity native_compute on PHOAS with big ran for 0.128 secs (0.008u,0.s) (success)
Params: n= 147
native_compute: Conversion to native code done in 0.00038
native_compute: Compilation done in 0.12843
native_compute: Evaluation done in 0.00142
native_compute: Reification done in 0.00093
Tactic call identity native_compute on PHOAS with big ran for 0.131 secs (0.007u,0.s) (success)
Params: n= 148
native_compute: Conversion to native code done in 0.00039
native_compute: Compilation done in 0.12660
native_compute: Evaluation done in 0.00129
native_compute: Reification done in 0.00092
Tactic call identity native_compute on PHOAS with big ran for 0.129 secs (0.006u,0.001s) (success)
Params: n= 149
native_compute: Conversion to native code done in 0.00040
native_compute: Compilation done in 0.13225
native_compute: Evaluation done in 0.00136
native_compute: Reification done in 0.00126
Tactic call identity native_compute on PHOAS with big ran for 0.135 secs (0.008u,0.s) (success)
Params: n= 150
native_compute: Conversion to native code done in 0.00039
native_compute: Compilation done in 0.12528
native_compute: Evaluation done in 0.00135
native_compute: Reification done in 0.00094
Tactic call identity native_compute on PHOAS with big ran for 0.128 secs (0.007u,0.s) (success)
Params: n= 151
native_compute: Conversion to native code done in 0.00041
native_compute: Compilation done in 0.12537
native_compute: Evaluation done in 0.00133
native_compute: Reification done in 0.00096
Tactic call identity native_compute on PHOAS with big ran for 0.128 secs (0.004u,0.003s) (success)
Params: n= 152
native_compute: Conversion to native code done in 0.00061
native_compute: Compilation done in 0.12873
native_compute: Evaluation done in 0.00131
native_compute: Reification done in 0.00102
Tactic call identity native_compute on PHOAS with big ran for 0.131 secs (0.008u,0.s) (success)
Params: n= 153
native_compute: Conversion to native code done in 0.00040
native_compute: Compilation done in 0.13017
native_compute: Evaluation done in 0.00134
native_compute: Reification done in 0.00112
Tactic call identity native_compute on PHOAS with big ran for 0.133 secs (0.008u,0.s) (success)
Params: n= 154
native_compute: Conversion to native code done in 0.00040
native_compute: Compilation done in 0.12627
native_compute: Evaluation done in 0.00213
native_compute: Reification done in 0.00099
Tactic call identity native_compute on PHOAS with big ran for 0.129 secs (0.006u,0.002s) (success)
Params: n= 155
native_compute: Conversion to native code done in 0.00040
native_compute: Compilation done in 0.13043
native_compute: Evaluation done in 0.00130
native_compute: Reification done in 0.00096
Tactic call identity native_compute on PHOAS with big ran for 0.133 secs (0.004u,0.004s) (success)
Params: n= 156
native_compute: Conversion to native code done in 0.00041
native_compute: Compilation done in 0.13916
native_compute: Evaluation done in 0.00141
native_compute: Reification done in 0.00102
Tactic call identity native_compute on PHOAS with big ran for 0.142 secs (0.007u,0.s) (success)
Params: n= 157
native_compute: Conversion to native code done in 0.00051
native_compute: Compilation done in 0.14780
native_compute: Evaluation done in 0.00137
native_compute: Reification done in 0.00100
Tactic call identity native_compute on PHOAS with big ran for 0.15 secs (0.009u,0.s) (success)
Params: n= 158
native_compute: Conversion to native code done in 0.00044
native_compute: Compilation done in 0.13369
native_compute: Evaluation done in 0.00133
native_compute: Reification done in 0.00104
Tactic call identity native_compute on PHOAS with big ran for 0.136 secs (0.005u,0.002s) (success)
Params: n= 159
native_compute: Conversion to native code done in 0.00042
native_compute: Compilation done in 0.12880
native_compute: Evaluation done in 0.00133
native_compute: Reification done in 0.00095
Tactic call identity native_compute on PHOAS with big ran for 0.131 secs (0.008u,0.s) (success)
Params: n= 160
native_compute: Conversion to native code done in 0.00040
native_compute: Compilation done in 0.13166
native_compute: Evaluation done in 0.00141
native_compute: Reification done in 0.00131
Tactic call identity native_compute on PHOAS with big ran for 0.135 secs (0.008u,0.s) (success)
Params: n= 161
native_compute: Conversion to native code done in 0.00043
native_compute: Compilation done in 0.13396
native_compute: Evaluation done in 0.00137
native_compute: Reification done in 0.00101
Tactic call identity native_compute on PHOAS with big ran for 0.136 secs (0.004u,0.004s) (success)
Params: n= 162
native_compute: Conversion to native code done in 0.00043
native_compute: Compilation done in 0.13014
native_compute: Evaluation done in 0.00158
native_compute: Reification done in 0.00111
Tactic call identity native_compute on PHOAS with big ran for 0.133 secs (0.008u,0.s) (success)
Params: n= 163
native_compute: Conversion to native code done in 0.00041
native_compute: Compilation done in 0.12968
native_compute: Evaluation done in 0.00134
native_compute: Reification done in 0.00103
Tactic call identity native_compute on PHOAS with big ran for 0.132 secs (0.004u,0.003s) (success)
Params: n= 164
native_compute: Conversion to native code done in 0.00042
native_compute: Compilation done in 0.14595
native_compute: Evaluation done in 0.00159
native_compute: Reification done in 0.00104
Tactic call identity native_compute on PHOAS with big ran for 0.149 secs (0.008u,0.s) (success)
Params: n= 165
native_compute: Conversion to native code done in 0.00043
native_compute: Compilation done in 0.13698
native_compute: Evaluation done in 0.00143
native_compute: Reification done in 0.00109
Tactic call identity native_compute on PHOAS with big ran for 0.14 secs (0.004u,0.003s) (success)
Params: n= 166
native_compute: Conversion to native code done in 0.00045
native_compute: Compilation done in 0.13667
native_compute: Evaluation done in 0.00139
native_compute: Reification done in 0.00109
Tactic call identity native_compute on PHOAS with big ran for 0.139 secs (0.009u,0.s) (success)
Params: n= 167
native_compute: Conversion to native code done in 0.00044
native_compute: Compilation done in 0.13881
native_compute: Evaluation done in 0.00141
native_compute: Reification done in 0.00114
Tactic call identity native_compute on PHOAS with big ran for 0.142 secs (0.007u,0.001s) (success)
Params: n= 168
native_compute: Conversion to native code done in 0.00044
native_compute: Compilation done in 0.20616
native_compute: Evaluation done in 0.00148
native_compute: Reification done in 0.00105
Tactic call identity native_compute on PHOAS with big ran for 0.209 secs (0.072u,0.006s) (success)
Params: n= 169
native_compute: Conversion to native code done in 0.00044
native_compute: Compilation done in 0.13676
native_compute: Evaluation done in 0.00142
native_compute: Reification done in 0.00111
Tactic call identity native_compute on PHOAS with big ran for 0.139 secs (0.001u,0.006s) (success)
Params: n= 170
native_compute: Conversion to native code done in 0.00046
native_compute: Compilation done in 0.13874
native_compute: Evaluation done in 0.00151
native_compute: Reification done in 0.00106
Tactic call identity native_compute on PHOAS with big ran for 0.141 secs (0.009u,0.s) (success)
Params: n= 171
native_compute: Conversion to native code done in 0.00044
native_compute: Compilation done in 0.13894
native_compute: Evaluation done in 0.00166
native_compute: Reification done in 0.00110
Tactic call identity native_compute on PHOAS with big ran for 0.142 secs (0.006u,0.002s) (success)
Params: n= 172
native_compute: Conversion to native code done in 0.00051
native_compute: Compilation done in 0.13588
native_compute: Evaluation done in 0.00163
native_compute: Reification done in 0.00107
Tactic call identity native_compute on PHOAS with big ran for 0.139 secs (0.006u,0.003s) (success)
Params: n= 173
native_compute: Conversion to native code done in 0.00045
native_compute: Compilation done in 0.13847
native_compute: Evaluation done in 0.00146
native_compute: Reification done in 0.00113
Tactic call identity native_compute on PHOAS with big ran for 0.141 secs (0.005u,0.002s) (success)
Params: n= 174
native_compute: Conversion to native code done in 0.00045
native_compute: Compilation done in 0.14163
native_compute: Evaluation done in 0.00152
native_compute: Reification done in 0.00108
Tactic call identity native_compute on PHOAS with big ran for 0.144 secs (0.008u,0.s) (success)
Params: n= 175
native_compute: Conversion to native code done in 0.00056
native_compute: Compilation done in 0.14281
native_compute: Evaluation done in 0.00148
native_compute: Reification done in 0.00107
Tactic call identity native_compute on PHOAS with big ran for 0.146 secs (0.005u,0.003s) (success)
Params: n= 176
native_compute: Conversion to native code done in 0.00046
native_compute: Compilation done in 0.14307
native_compute: Evaluation done in 0.00153
native_compute: Reification done in 0.00115
Tactic call identity native_compute on PHOAS with big ran for 0.146 secs (0.006u,0.003s) (success)
Params: n= 177
native_compute: Conversion to native code done in 0.00046
native_compute: Compilation done in 0.14445
native_compute: Evaluation done in 0.00170
native_compute: Reification done in 0.00112
Tactic call identity native_compute on PHOAS with big ran for 0.147 secs (0.006u,0.003s) (success)
Params: n= 178
native_compute: Conversion to native code done in 0.00046
native_compute: Compilation done in 0.14544
native_compute: Evaluation done in 0.00323
native_compute: Reification done in 0.00123
Tactic call identity native_compute on PHOAS with big ran for 0.15 secs (0.007u,0.003s) (success)
Params: n= 179
native_compute: Conversion to native code done in 0.00047
native_compute: Compilation done in 0.14491
native_compute: Evaluation done in 0.00153
native_compute: Reification done in 0.00114
Tactic call identity native_compute on PHOAS with big ran for 0.148 secs (0.004u,0.004s) (success)
Params: n= 180
native_compute: Conversion to native code done in 0.00049
native_compute: Compilation done in 0.14802
native_compute: Evaluation done in 0.00160
native_compute: Reification done in 0.00112
Tactic call identity native_compute on PHOAS with big ran for 0.151 secs (0.008u,0.s) (success)
Params: n= 181
native_compute: Conversion to native code done in 0.00048
native_compute: Compilation done in 0.14425
native_compute: Evaluation done in 0.00152
native_compute: Reification done in 0.00119
Tactic call identity native_compute on PHOAS with big ran for 0.147 secs (0.009u,0.s) (success)
Params: n= 182
native_compute: Conversion to native code done in 0.00047
native_compute: Compilation done in 0.14348
native_compute: Evaluation done in 0.00154
native_compute: Reification done in 0.00119
Tactic call identity native_compute on PHOAS with big ran for 0.146 secs (0.006u,0.002s) (success)
Params: n= 183
native_compute: Conversion to native code done in 0.00050
native_compute: Compilation done in 0.14730
native_compute: Evaluation done in 0.00154
native_compute: Reification done in 0.00116
Tactic call identity native_compute on PHOAS with big ran for 0.15 secs (0.006u,0.003s) (success)
Params: n= 184
native_compute: Conversion to native code done in 0.00048
native_compute: Compilation done in 0.15098
native_compute: Evaluation done in 0.00157
native_compute: Reification done in 0.00133
Tactic call identity native_compute on PHOAS with big ran for 0.154 secs (0.011u,0.s) (success)
Params: n= 185
native_compute: Conversion to native code done in 0.00048
native_compute: Compilation done in 0.14530
native_compute: Evaluation done in 0.00173
native_compute: Reification done in 0.00114
Tactic call identity native_compute on PHOAS with big ran for 0.148 secs (0.006u,0.003s) (success)
Params: n= 186
native_compute: Conversion to native code done in 0.00066
native_compute: Compilation done in 0.14473
native_compute: Evaluation done in 0.00159
native_compute: Reification done in 0.00117
Tactic call identity native_compute on PHOAS with big ran for 0.148 secs (0.004u,0.004s) (success)
Params: n= 187
native_compute: Conversion to native code done in 0.00049
native_compute: Compilation done in 0.14977
native_compute: Evaluation done in 0.00171
native_compute: Reification done in 0.00117
Tactic call identity native_compute on PHOAS with big ran for 0.153 secs (0.009u,0.s) (success)
Params: n= 188
native_compute: Conversion to native code done in 0.00051
native_compute: Compilation done in 0.17794
native_compute: Evaluation done in 0.00155
native_compute: Reification done in 0.00193
Tactic call identity native_compute on PHOAS with big ran for 0.182 secs (0.038u,0.003s) (success)
Params: n= 189
native_compute: Conversion to native code done in 0.00049
native_compute: Compilation done in 0.14712
native_compute: Evaluation done in 0.00157
native_compute: Reification done in 0.00196
Tactic call identity native_compute on PHOAS with big ran for 0.151 secs (0.006u,0.003s) (success)
Params: n= 190
native_compute: Conversion to native code done in 0.00051
native_compute: Compilation done in 0.15187
native_compute: Evaluation done in 0.00162
native_compute: Reification done in 0.00137
Tactic call identity native_compute on PHOAS with big ran for 0.155 secs (0.006u,0.003s) (success)
Params: n= 191
native_compute: Conversion to native code done in 0.00056
native_compute: Compilation done in 0.15579
native_compute: Evaluation done in 0.00160
native_compute: Reification done in 0.00119
Tactic call identity native_compute on PHOAS with big ran for 0.159 secs (0.008u,0.s) (success)
Params: n= 192
native_compute: Conversion to native code done in 0.00050
native_compute: Compilation done in 0.14571
native_compute: Evaluation done in 0.00206
native_compute: Reification done in 0.00116
Tactic call identity native_compute on PHOAS with big ran for 0.149 secs (0.009u,0.s) (success)
Params: n= 193
native_compute: Conversion to native code done in 0.00049
native_compute: Compilation done in 0.15230
native_compute: Evaluation done in 0.00170
native_compute: Reification done in 0.00117
Tactic call identity native_compute on PHOAS with big ran for 0.155 secs (0.006u,0.003s) (success)
Params: n= 194
native_compute: Conversion to native code done in 0.00066
native_compute: Compilation done in 0.14853
native_compute: Evaluation done in 0.00161
native_compute: Reification done in 0.00131
Tactic call identity native_compute on PHOAS with big ran for 0.152 secs (0.009u,0.s) (success)
Params: n= 195
native_compute: Conversion to native code done in 0.00050
native_compute: Compilation done in 0.14759
native_compute: Evaluation done in 0.00160
native_compute: Reification done in 0.00123
Tactic call identity native_compute on PHOAS with big ran for 0.151 secs (0.009u,0.s) (success)
Params: n= 196
native_compute: Conversion to native code done in 0.00049
native_compute: Compilation done in 0.14935
native_compute: Evaluation done in 0.00166
native_compute: Reification done in 0.00115
Tactic call identity native_compute on PHOAS with big ran for 0.152 secs (0.006u,0.003s) (success)
Params: n= 197
native_compute: Conversion to native code done in 0.00067
native_compute: Compilation done in 0.14546
native_compute: Evaluation done in 0.00164
native_compute: Reification done in 0.00341
Tactic call identity native_compute on PHOAS with big ran for 0.151 secs (0.012u,0.s) (success)
Params: n= 198
native_compute: Conversion to native code done in 0.00053
native_compute: Compilation done in 0.14965
native_compute: Evaluation done in 0.00185
native_compute: Reification done in 0.00122
Tactic call identity native_compute on PHOAS with big ran for 0.153 secs (0.007u,0.003s) (success)
Params: n= 199
native_compute: Conversion to native code done in 0.00054
native_compute: Compilation done in 0.15206
native_compute: Evaluation done in 0.00516
native_compute: Reification done in 0.00128
Tactic call identity native_compute on PHOAS with big ran for 0.159 secs (0.012u,0.s) (success)
Params: n= 200
native_compute: Conversion to native code done in 0.00054
native_compute: Compilation done in 0.15138
native_compute: Evaluation done in 0.00167
native_compute: Reification done in 0.00122
Tactic call identity native_compute on PHOAS with big ran for 0.155 secs (0.005u,0.004s) (success)
