Params: n= 4
Tactic call lazy-regression-linear ran for 0.011 secs (0.011u,0.s) (success)
Tactic call intros-regression-linear ran for 0.014 secs (0.011u,0.003s) (success)
Tactic call destruct-and-regression-linear ran for 0. secs (0.u,0.s) (success)
Tactic call case-and-regression-linear ran for 0. secs (0.u,0.s) (success)
Tactic call case-clear-intros-and-regression-linear ran for 0. secs (0.u,0.s) (success)
Tactic call destruct-or-regression-linear ran for 0. secs (0.u,0.s) (success)
Tactic call case-or-regression-linear ran for 0. secs (0.u,0.s) (success)
Tactic call case-clear-intros-or-regression-linear ran for 0. secs (0.u,0.s) (success)
Params: n= 5
Tactic call lazy-regression-linear ran for 0.06 secs (0.052u,0.008s) (success)
Tactic call intros-regression-linear ran for 0.01 secs (0.01u,0.s) (success)
Tactic call destruct-and-regression-linear ran for 0. secs (0.u,0.s) (success)
Tactic call case-and-regression-linear ran for 0. secs (0.u,0.s) (success)
Tactic call case-clear-intros-and-regression-linear ran for 0. secs (0.u,0.s) (success)
Tactic call destruct-or-regression-linear ran for 0. secs (0.u,0.s) (success)
Tactic call case-or-regression-linear ran for 0. secs (0.u,0.s) (success)
Tactic call case-clear-intros-or-regression-linear ran for 0. secs (0.u,0.s) (success)
Params: n= 6
Tactic call lazy-regression-linear ran for 0.012 secs (0.012u,0.s) (success)
Tactic call intros-regression-linear ran for 0.019 secs (0.019u,0.s) (success)
Tactic call destruct-and-regression-linear ran for 0. secs (0.u,0.s) (success)
Tactic call case-and-regression-linear ran for 0. secs (0.u,0.s) (success)
Tactic call case-clear-intros-and-regression-linear ran for 0. secs (0.u,0.s) (success)
Tactic call destruct-or-regression-linear ran for 0. secs (0.u,0.s) (success)
Tactic call case-or-regression-linear ran for 0. secs (0.u,0.s) (success)
Tactic call case-clear-intros-or-regression-linear ran for 0. secs (0.u,0.s) (success)
Params: n= 7
Tactic call lazy-regression-linear ran for 0.027 secs (0.027u,0.s) (success)
Tactic call intros-regression-linear ran for 0.024 secs (0.024u,0.s) (success)
Tactic call destruct-and-regression-linear ran for 0. secs (0.u,0.s) (success)
Tactic call case-and-regression-linear ran for 0. secs (0.u,0.s) (success)
Tactic call case-clear-intros-and-regression-linear ran for 0. secs (0.u,0.s) (success)
Tactic call destruct-or-regression-linear ran for 0. secs (0.u,0.s) (success)
Tactic call case-or-regression-linear ran for 0. secs (0.u,0.s) (success)
Tactic call case-clear-intros-or-regression-linear ran for 0. secs (0.u,0.s) (success)
Params: n= 8
Tactic call lazy-regression-linear ran for 0.023 secs (0.023u,0.s) (success)
Tactic call intros-regression-linear ran for 0.023 secs (0.023u,0.s) (success)
Tactic call destruct-and-regression-linear ran for 0. secs (0.u,0.s) (success)
Tactic call case-and-regression-linear ran for 0. secs (0.u,0.s) (success)
Tactic call case-clear-intros-and-regression-linear ran for 0. secs (0.u,0.s) (success)
Tactic call destruct-or-regression-linear ran for 0. secs (0.u,0.s) (success)
Tactic call case-or-regression-linear ran for 0. secs (0.u,0.s) (success)
Tactic call case-clear-intros-or-regression-linear ran for 0. secs (0.u,0.s) (success)
Params: n= 9
Tactic call lazy-regression-linear ran for 0.019 secs (0.019u,0.s) (success)
Tactic call intros-regression-linear ran for 0.032 secs (0.032u,0.s) (success)
Tactic call destruct-and-regression-linear ran for 0. secs (0.u,0.s) (success)
Tactic call case-and-regression-linear ran for 0. secs (0.u,0.s) (success)
Tactic call case-clear-intros-and-regression-linear ran for 0. secs (0.u,0.s) (success)
Tactic call destruct-or-regression-linear ran for 0. secs (0.u,0.s) (success)
Tactic call case-or-regression-linear ran for 0. secs (0.u,0.s) (success)
Tactic call case-clear-intros-or-regression-linear ran for 0. secs (0.u,0.s) (success)
Params: n= 10
Tactic call lazy-regression-linear ran for 0.028 secs (0.028u,0.s) (success)
Tactic call intros-regression-linear ran for 0.031 secs (0.031u,0.s) (success)
Tactic call destruct-and-regression-linear ran for 0. secs (0.u,0.s) (success)
Tactic call case-and-regression-linear ran for 0. secs (0.u,0.s) (success)
Tactic call case-clear-intros-and-regression-linear ran for 0. secs (0.u,0.s) (success)
Tactic call destruct-or-regression-linear ran for 0. secs (0.u,0.s) (success)
Tactic call case-or-regression-linear ran for 0. secs (0.u,0.s) (success)
Tactic call case-clear-intros-or-regression-linear ran for 0. secs (0.u,0.s) (success)
