Params: n= 41
Tactic call cbv for TypeClassesPHOAS with big ran for 0. secs (0.u,0.s) (success)
Tactic call pre for TypeClassesPHOAS with big ran for 0. secs (0.u,0.s) (success)
Tactic call actual reif for TypeClassesPHOAS with big ran for 0.218 secs (0.211u,0.007s)
Tactic call eval lazy for TypeClassesPHOAS with big ran for 0. secs (0.u,0.s)
Tactic call norm reif for TypeClassesPHOAS with big ran for 0.219 secs (0.211u,0.007s)
Tactic call lazy beta iota for TypeClassesPHOAS with big ran for 0. secs (0.u,0.s) (success)
Tactic call reif for TypeClassesPHOAS with big ran for 0.219 secs (0.211u,0.007s) (success)
Tactic call post for TypeClassesPHOAS with big ran for 0. secs (0.u,0.s) (success)
Params: n= 42
Tactic call cbv for TypeClassesPHOAS with big ran for 0. secs (0.u,0.s) (success)
Tactic call pre for TypeClassesPHOAS with big ran for 0. secs (0.u,0.s) (success)
Tactic call actual reif for TypeClassesPHOAS with big ran for 0.23 secs (0.226u,0.003s)
Tactic call eval lazy for TypeClassesPHOAS with big ran for 0. secs (0.u,0.s)
Tactic call norm reif for TypeClassesPHOAS with big ran for 0.23 secs (0.227u,0.003s)
Tactic call lazy beta iota for TypeClassesPHOAS with big ran for 0. secs (0.u,0.s) (success)
Tactic call reif for TypeClassesPHOAS with big ran for 0.231 secs (0.227u,0.003s) (success)
Tactic call post for TypeClassesPHOAS with big ran for 0. secs (0.u,0.s) (success)
Params: n= 43
Tactic call cbv for TypeClassesPHOAS with big ran for 0. secs (0.u,0.s) (success)
Tactic call pre for TypeClassesPHOAS with big ran for 0. secs (0.u,0.s) (success)
Tactic call actual reif for TypeClassesPHOAS with big ran for 0.348 secs (0.348u,0.s)
Tactic call eval lazy for TypeClassesPHOAS with big ran for 0. secs (0.u,0.s)
Tactic call norm reif for TypeClassesPHOAS with big ran for 0.349 secs (0.349u,0.s)
Tactic call lazy beta iota for TypeClassesPHOAS with big ran for 0. secs (0.u,0.s) (success)
Tactic call reif for TypeClassesPHOAS with big ran for 0.349 secs (0.349u,0.s) (success)
Tactic call post for TypeClassesPHOAS with big ran for 0. secs (0.u,0.s) (success)
Params: n= 44
Tactic call cbv for TypeClassesPHOAS with big ran for 0. secs (0.u,0.s) (success)
Tactic call pre for TypeClassesPHOAS with big ran for 0. secs (0.u,0.s) (success)
Tactic call actual reif for TypeClassesPHOAS with big ran for 0.266 secs (0.266u,0.s)
Tactic call eval lazy for TypeClassesPHOAS with big ran for 0. secs (0.u,0.s)
Tactic call norm reif for TypeClassesPHOAS with big ran for 0.266 secs (0.266u,0.s)
Tactic call lazy beta iota for TypeClassesPHOAS with big ran for 0. secs (0.u,0.s) (success)
Tactic call reif for TypeClassesPHOAS with big ran for 0.266 secs (0.266u,0.s) (success)
Tactic call post for TypeClassesPHOAS with big ran for 0. secs (0.u,0.s) (success)
Params: n= 45
Tactic call cbv for TypeClassesPHOAS with big ran for 0. secs (0.u,0.s) (success)
Tactic call pre for TypeClassesPHOAS with big ran for 0. secs (0.u,0.s) (success)
Tactic call actual reif for TypeClassesPHOAS with big ran for 0.261 secs (0.261u,0.s)
Tactic call eval lazy for TypeClassesPHOAS with big ran for 0. secs (0.u,0.s)
Tactic call norm reif for TypeClassesPHOAS with big ran for 0.262 secs (0.262u,0.s)
Tactic call lazy beta iota for TypeClassesPHOAS with big ran for 0. secs (0.u,0.s) (success)
Tactic call reif for TypeClassesPHOAS with big ran for 0.262 secs (0.262u,0.s) (success)
Tactic call post for TypeClassesPHOAS with big ran for 0. secs (0.u,0.s) (success)
Params: n= 46
Tactic call cbv for TypeClassesPHOAS with big ran for 0. secs (0.u,0.s) (success)
Tactic call pre for TypeClassesPHOAS with big ran for 0. secs (0.u,0.s) (success)
Tactic call actual reif for TypeClassesPHOAS with big ran for 0.396 secs (0.388u,0.007s)
Tactic call eval lazy for TypeClassesPHOAS with big ran for 0. secs (0.u,0.s)
Tactic call norm reif for TypeClassesPHOAS with big ran for 0.396 secs (0.389u,0.007s)
Tactic call lazy beta iota for TypeClassesPHOAS with big ran for 0. secs (0.u,0.s) (success)
Tactic call reif for TypeClassesPHOAS with big ran for 0.397 secs (0.389u,0.007s) (success)
Tactic call post for TypeClassesPHOAS with big ran for 0. secs (0.u,0.s) (success)
Params: n= 47
Tactic call cbv for TypeClassesPHOAS with big ran for 0. secs (0.u,0.s) (success)
Tactic call pre for TypeClassesPHOAS with big ran for 0. secs (0.u,0.s) (success)
Tactic call actual reif for TypeClassesPHOAS with big ran for 0.302 secs (0.302u,0.s)
Tactic call eval lazy for TypeClassesPHOAS with big ran for 0. secs (0.u,0.s)
Tactic call norm reif for TypeClassesPHOAS with big ran for 0.303 secs (0.303u,0.s)
Tactic call lazy beta iota for TypeClassesPHOAS with big ran for 0. secs (0.u,0.s) (success)
Tactic call reif for TypeClassesPHOAS with big ran for 0.303 secs (0.303u,0.s) (success)
Tactic call post for TypeClassesPHOAS with big ran for 0. secs (0.u,0.s) (success)
Params: n= 48
Tactic call cbv for TypeClassesPHOAS with big ran for 0. secs (0.u,0.s) (success)
Tactic call pre for TypeClassesPHOAS with big ran for 0. secs (0.u,0.s) (success)
Tactic call actual reif for TypeClassesPHOAS with big ran for 0.313 secs (0.305u,0.008s)
Tactic call eval lazy for TypeClassesPHOAS with big ran for 0. secs (0.u,0.s)
Tactic call norm reif for TypeClassesPHOAS with big ran for 0.313 secs (0.305u,0.008s)
Tactic call lazy beta iota for TypeClassesPHOAS with big ran for 0. secs (0.u,0.s) (success)
Tactic call reif for TypeClassesPHOAS with big ran for 0.313 secs (0.305u,0.008s) (success)
Tactic call post for TypeClassesPHOAS with big ran for 0. secs (0.u,0.s) (success)
Params: n= 49
Tactic call cbv for TypeClassesPHOAS with big ran for 0. secs (0.u,0.s) (success)
Tactic call pre for TypeClassesPHOAS with big ran for 0. secs (0.u,0.s) (success)
Tactic call actual reif for TypeClassesPHOAS with big ran for 0.436 secs (0.432u,0.003s)
Tactic call eval lazy for TypeClassesPHOAS with big ran for 0. secs (0.u,0.s)
Tactic call norm reif for TypeClassesPHOAS with big ran for 0.436 secs (0.432u,0.003s)
Tactic call lazy beta iota for TypeClassesPHOAS with big ran for 0. secs (0.u,0.s) (success)
Tactic call reif for TypeClassesPHOAS with big ran for 0.436 secs (0.432u,0.003s) (success)
Tactic call post for TypeClassesPHOAS with big ran for 0. secs (0.u,0.s) (success)
Params: n= 50
Tactic call cbv for TypeClassesPHOAS with big ran for 0. secs (0.u,0.s) (success)
Tactic call pre for TypeClassesPHOAS with big ran for 0. secs (0.u,0.s) (success)
Tactic call actual reif for TypeClassesPHOAS with big ran for 0.368 secs (0.368u,0.s)
Tactic call eval lazy for TypeClassesPHOAS with big ran for 0. secs (0.u,0.s)
Tactic call norm reif for TypeClassesPHOAS with big ran for 0.369 secs (0.369u,0.s)
Tactic call lazy beta iota for TypeClassesPHOAS with big ran for 0. secs (0.u,0.s) (success)
Tactic call reif for TypeClassesPHOAS with big ran for 0.369 secs (0.369u,0.s) (success)
Tactic call post for TypeClassesPHOAS with big ran for 0. secs (0.u,0.s) (success)
Params: n= 51
Tactic call cbv for TypeClassesPHOAS with big ran for 0. secs (0.u,0.s) (success)
Tactic call pre for TypeClassesPHOAS with big ran for 0. secs (0.u,0.s) (success)
Tactic call actual reif for TypeClassesPHOAS with big ran for 0.355 secs (0.355u,0.s)
Tactic call eval lazy for TypeClassesPHOAS with big ran for 0. secs (0.u,0.s)
Tactic call norm reif for TypeClassesPHOAS with big ran for 0.355 secs (0.355u,0.s)
Tactic call lazy beta iota for TypeClassesPHOAS with big ran for 0. secs (0.u,0.s) (success)
Tactic call reif for TypeClassesPHOAS with big ran for 0.356 secs (0.356u,0.s) (success)
Tactic call post for TypeClassesPHOAS with big ran for 0. secs (0.u,0.s) (success)
Params: n= 52
Tactic call cbv for TypeClassesPHOAS with big ran for 0. secs (0.u,0.s) (success)
Tactic call pre for TypeClassesPHOAS with big ran for 0. secs (0.u,0.s) (success)
Tactic call actual reif for TypeClassesPHOAS with big ran for 0.367 secs (0.367u,0.s)
Tactic call eval lazy for TypeClassesPHOAS with big ran for 0. secs (0.u,0.s)
Tactic call norm reif for TypeClassesPHOAS with big ran for 0.367 secs (0.367u,0.s)
Tactic call lazy beta iota for TypeClassesPHOAS with big ran for 0. secs (0.u,0.s) (success)
Tactic call reif for TypeClassesPHOAS with big ran for 0.368 secs (0.368u,0.s) (success)
Tactic call post for TypeClassesPHOAS with big ran for 0. secs (0.u,0.s) (success)
Params: n= 53
Tactic call cbv for TypeClassesPHOAS with big ran for 0. secs (0.u,0.s) (success)
Tactic call pre for TypeClassesPHOAS with big ran for 0. secs (0.u,0.s) (success)
Tactic call actual reif for TypeClassesPHOAS with big ran for 0.399 secs (0.399u,0.s)
Tactic call eval lazy for TypeClassesPHOAS with big ran for 0. secs (0.u,0.s)
Tactic call norm reif for TypeClassesPHOAS with big ran for 0.399 secs (0.399u,0.s)
Tactic call lazy beta iota for TypeClassesPHOAS with big ran for 0. secs (0.u,0.s) (success)
Tactic call reif for TypeClassesPHOAS with big ran for 0.399 secs (0.399u,0.s) (success)
Tactic call post for TypeClassesPHOAS with big ran for 0. secs (0.u,0.s) (success)
Params: n= 54
Tactic call cbv for TypeClassesPHOAS with big ran for 0. secs (0.u,0.s) (success)
Tactic call pre for TypeClassesPHOAS with big ran for 0. secs (0.u,0.s) (success)
Tactic call actual reif for TypeClassesPHOAS with big ran for 0.374 secs (0.374u,0.s)
Tactic call eval lazy for TypeClassesPHOAS with big ran for 0. secs (0.u,0.s)
Tactic call norm reif for TypeClassesPHOAS with big ran for 0.375 secs (0.375u,0.s)
Tactic call lazy beta iota for TypeClassesPHOAS with big ran for 0. secs (0.u,0.s) (success)
Tactic call reif for TypeClassesPHOAS with big ran for 0.375 secs (0.375u,0.s) (success)
Tactic call post for TypeClassesPHOAS with big ran for 0. secs (0.u,0.s) (success)
Params: n= 55
Tactic call cbv for TypeClassesPHOAS with big ran for 0. secs (0.u,0.s) (success)
Tactic call pre for TypeClassesPHOAS with big ran for 0. secs (0.u,0.s) (success)
Tactic call actual reif for TypeClassesPHOAS with big ran for 0.417 secs (0.413u,0.003s)
Tactic call eval lazy for TypeClassesPHOAS with big ran for 0. secs (0.u,0.s)
Tactic call norm reif for TypeClassesPHOAS with big ran for 0.417 secs (0.413u,0.003s)
Tactic call lazy beta iota for TypeClassesPHOAS with big ran for 0. secs (0.u,0.s) (success)
Tactic call reif for TypeClassesPHOAS with big ran for 0.418 secs (0.414u,0.003s) (success)
Tactic call post for TypeClassesPHOAS with big ran for 0. secs (0.u,0.s) (success)
Params: n= 56
Tactic call cbv for TypeClassesPHOAS with big ran for 0. secs (0.u,0.s) (success)
Tactic call pre for TypeClassesPHOAS with big ran for 0. secs (0.u,0.s) (success)
Tactic call actual reif for TypeClassesPHOAS with big ran for 0.44 secs (0.427u,0.011s)
Tactic call eval lazy for TypeClassesPHOAS with big ran for 0. secs (0.u,0.s)
Tactic call norm reif for TypeClassesPHOAS with big ran for 0.44 secs (0.427u,0.011s)
Tactic call lazy beta iota for TypeClassesPHOAS with big ran for 0. secs (0.u,0.s) (success)
Tactic call reif for TypeClassesPHOAS with big ran for 0.44 secs (0.428u,0.011s) (success)
Tactic call post for TypeClassesPHOAS with big ran for 0. secs (0.u,0.s) (success)
Params: n= 57
Tactic call cbv for TypeClassesPHOAS with big ran for 0. secs (0.u,0.s) (success)
Tactic call pre for TypeClassesPHOAS with big ran for 0. secs (0.u,0.s) (success)
Tactic call actual reif for TypeClassesPHOAS with big ran for 0.447 secs (0.447u,0.s)
Tactic call eval lazy for TypeClassesPHOAS with big ran for 0. secs (0.u,0.s)
Tactic call norm reif for TypeClassesPHOAS with big ran for 0.448 secs (0.448u,0.s)
Tactic call lazy beta iota for TypeClassesPHOAS with big ran for 0. secs (0.u,0.s) (success)
Tactic call reif for TypeClassesPHOAS with big ran for 0.448 secs (0.448u,0.s) (success)
Tactic call post for TypeClassesPHOAS with big ran for 0. secs (0.u,0.s) (success)
Params: n= 58
Tactic call cbv for TypeClassesPHOAS with big ran for 0. secs (0.u,0.s) (success)
Tactic call pre for TypeClassesPHOAS with big ran for 0. secs (0.u,0.s) (success)
Tactic call actual reif for TypeClassesPHOAS with big ran for 0.471 secs (0.471u,0.s)
Tactic call eval lazy for TypeClassesPHOAS with big ran for 0. secs (0.u,0.s)
Tactic call norm reif for TypeClassesPHOAS with big ran for 0.471 secs (0.471u,0.s)
Tactic call lazy beta iota for TypeClassesPHOAS with big ran for 0. secs (0.u,0.s) (success)
Tactic call reif for TypeClassesPHOAS with big ran for 0.472 secs (0.472u,0.s) (success)
Tactic call post for TypeClassesPHOAS with big ran for 0. secs (0.u,0.s) (success)
Params: n= 59
Tactic call cbv for TypeClassesPHOAS with big ran for 0. secs (0.u,0.s) (success)
Tactic call pre for TypeClassesPHOAS with big ran for 0. secs (0.u,0.s) (success)
Tactic call actual reif for TypeClassesPHOAS with big ran for 0.501 secs (0.5u,0.s)
Tactic call eval lazy for TypeClassesPHOAS with big ran for 0. secs (0.u,0.s)
Tactic call norm reif for TypeClassesPHOAS with big ran for 0.501 secs (0.501u,0.s)
Tactic call lazy beta iota for TypeClassesPHOAS with big ran for 0. secs (0.u,0.s) (success)
Tactic call reif for TypeClassesPHOAS with big ran for 0.501 secs (0.501u,0.s) (success)
Tactic call post for TypeClassesPHOAS with big ran for 0. secs (0.u,0.s) (success)
Params: n= 60
Tactic call cbv for TypeClassesPHOAS with big ran for 0. secs (0.u,0.s) (success)
Tactic call pre for TypeClassesPHOAS with big ran for 0. secs (0.u,0.s) (success)
Tactic call actual reif for TypeClassesPHOAS with big ran for 0.524 secs (0.524u,0.s)
Tactic call eval lazy for TypeClassesPHOAS with big ran for 0. secs (0.u,0.s)
Tactic call norm reif for TypeClassesPHOAS with big ran for 0.524 secs (0.524u,0.s)
Tactic call lazy beta iota for TypeClassesPHOAS with big ran for 0. secs (0.u,0.s) (success)
Tactic call reif for TypeClassesPHOAS with big ran for 0.525 secs (0.525u,0.s) (success)
Tactic call post for TypeClassesPHOAS with big ran for 0. secs (0.u,0.s) (success)
Params: n= 61
Tactic call cbv for TypeClassesPHOAS with big ran for 0. secs (0.u,0.s) (success)
Tactic call pre for TypeClassesPHOAS with big ran for 0. secs (0.u,0.s) (success)
Tactic call actual reif for TypeClassesPHOAS with big ran for 0.513 secs (0.509u,0.003s)
Tactic call eval lazy for TypeClassesPHOAS with big ran for 0. secs (0.u,0.s)
Tactic call norm reif for TypeClassesPHOAS with big ran for 0.513 secs (0.509u,0.003s)
Tactic call lazy beta iota for TypeClassesPHOAS with big ran for 0. secs (0.u,0.s) (success)
Tactic call reif for TypeClassesPHOAS with big ran for 0.513 secs (0.509u,0.003s) (success)
Tactic call post for TypeClassesPHOAS with big ran for 0. secs (0.u,0.s) (success)
Params: n= 62
Tactic call cbv for TypeClassesPHOAS with big ran for 0. secs (0.u,0.s) (success)
Tactic call pre for TypeClassesPHOAS with big ran for 0. secs (0.u,0.s) (success)
Tactic call actual reif for TypeClassesPHOAS with big ran for 0.541 secs (0.537u,0.003s)
Tactic call eval lazy for TypeClassesPHOAS with big ran for 0. secs (0.u,0.s)
Tactic call norm reif for TypeClassesPHOAS with big ran for 0.541 secs (0.537u,0.003s)
Tactic call lazy beta iota for TypeClassesPHOAS with big ran for 0. secs (0.u,0.s) (success)
Tactic call reif for TypeClassesPHOAS with big ran for 0.542 secs (0.538u,0.003s) (success)
Tactic call post for TypeClassesPHOAS with big ran for 0. secs (0.u,0.s) (success)
Params: n= 63
Tactic call cbv for TypeClassesPHOAS with big ran for 0. secs (0.u,0.s) (success)
Tactic call pre for TypeClassesPHOAS with big ran for 0. secs (0.u,0.s) (success)
Tactic call actual reif for TypeClassesPHOAS with big ran for 0.546 secs (0.546u,0.s)
Tactic call eval lazy for TypeClassesPHOAS with big ran for 0. secs (0.u,0.s)
Tactic call norm reif for TypeClassesPHOAS with big ran for 0.546 secs (0.546u,0.s)
Tactic call lazy beta iota for TypeClassesPHOAS with big ran for 0. secs (0.u,0.s) (success)
Tactic call reif for TypeClassesPHOAS with big ran for 0.547 secs (0.547u,0.s) (success)
Tactic call post for TypeClassesPHOAS with big ran for 0. secs (0.u,0.s) (success)
Params: n= 64
Tactic call cbv for TypeClassesPHOAS with big ran for 0. secs (0.u,0.s) (success)
Tactic call pre for TypeClassesPHOAS with big ran for 0. secs (0.u,0.s) (success)
Tactic call actual reif for TypeClassesPHOAS with big ran for 0.588 secs (0.584u,0.004s)
Tactic call eval lazy for TypeClassesPHOAS with big ran for 0. secs (0.u,0.s)
Tactic call norm reif for TypeClassesPHOAS with big ran for 0.588 secs (0.584u,0.004s)
Tactic call lazy beta iota for TypeClassesPHOAS with big ran for 0. secs (0.u,0.s) (success)
Tactic call reif for TypeClassesPHOAS with big ran for 0.589 secs (0.585u,0.004s) (success)
Tactic call post for TypeClassesPHOAS with big ran for 0. secs (0.u,0.s) (success)
Params: n= 65
Tactic call cbv for TypeClassesPHOAS with big ran for 0. secs (0.u,0.s) (success)
Tactic call pre for TypeClassesPHOAS with big ran for 0. secs (0.u,0.s) (success)
Tactic call actual reif for TypeClassesPHOAS with big ran for 0.619 secs (0.619u,0.s)
Tactic call eval lazy for TypeClassesPHOAS with big ran for 0. secs (0.u,0.s)
Tactic call norm reif for TypeClassesPHOAS with big ran for 0.619 secs (0.619u,0.s)
Tactic call lazy beta iota for TypeClassesPHOAS with big ran for 0. secs (0.u,0.s) (success)
Tactic call reif for TypeClassesPHOAS with big ran for 0.62 secs (0.62u,0.s) (success)
Tactic call post for TypeClassesPHOAS with big ran for 0. secs (0.u,0.s) (success)
Params: n= 66
Tactic call cbv for TypeClassesPHOAS with big ran for 0. secs (0.u,0.s) (success)
Tactic call pre for TypeClassesPHOAS with big ran for 0. secs (0.u,0.s) (success)
Tactic call actual reif for TypeClassesPHOAS with big ran for 0.664 secs (0.663u,0.s)
Tactic call eval lazy for TypeClassesPHOAS with big ran for 0. secs (0.u,0.s)
Tactic call norm reif for TypeClassesPHOAS with big ran for 0.664 secs (0.664u,0.s)
Tactic call lazy beta iota for TypeClassesPHOAS with big ran for 0. secs (0.u,0.s) (success)
Tactic call reif for TypeClassesPHOAS with big ran for 0.664 secs (0.664u,0.s) (success)
Tactic call post for TypeClassesPHOAS with big ran for 0. secs (0.u,0.s) (success)
Params: n= 67
Tactic call cbv for TypeClassesPHOAS with big ran for 0. secs (0.u,0.s) (success)
Tactic call pre for TypeClassesPHOAS with big ran for 0. secs (0.u,0.s) (success)
Tactic call actual reif for TypeClassesPHOAS with big ran for 0.663 secs (0.663u,0.s)
Tactic call eval lazy for TypeClassesPHOAS with big ran for 0. secs (0.u,0.s)
Tactic call norm reif for TypeClassesPHOAS with big ran for 0.664 secs (0.664u,0.s)
Tactic call lazy beta iota for TypeClassesPHOAS with big ran for 0. secs (0.u,0.s) (success)
Tactic call reif for TypeClassesPHOAS with big ran for 0.664 secs (0.664u,0.s) (success)
Tactic call post for TypeClassesPHOAS with big ran for 0. secs (0.u,0.s) (success)
Params: n= 68
Tactic call cbv for TypeClassesPHOAS with big ran for 0. secs (0.u,0.s) (success)
Tactic call pre for TypeClassesPHOAS with big ran for 0. secs (0.u,0.s) (success)
Tactic call actual reif for TypeClassesPHOAS with big ran for 0.745 secs (0.745u,0.s)
Tactic call eval lazy for TypeClassesPHOAS with big ran for 0. secs (0.u,0.s)
Tactic call norm reif for TypeClassesPHOAS with big ran for 0.746 secs (0.746u,0.s)
Tactic call lazy beta iota for TypeClassesPHOAS with big ran for 0. secs (0.u,0.s) (success)
Tactic call reif for TypeClassesPHOAS with big ran for 0.746 secs (0.746u,0.s) (success)
Tactic call post for TypeClassesPHOAS with big ran for 0. secs (0.u,0.s) (success)
Params: n= 69
Tactic call cbv for TypeClassesPHOAS with big ran for 0. secs (0.u,0.s) (success)
Tactic call pre for TypeClassesPHOAS with big ran for 0. secs (0.u,0.s) (success)
Tactic call actual reif for TypeClassesPHOAS with big ran for 0.724 secs (0.72u,0.003s)
Tactic call eval lazy for TypeClassesPHOAS with big ran for 0. secs (0.u,0.s)
Tactic call norm reif for TypeClassesPHOAS with big ran for 0.724 secs (0.72u,0.003s)
Tactic call lazy beta iota for TypeClassesPHOAS with big ran for 0. secs (0.u,0.s) (success)
Tactic call reif for TypeClassesPHOAS with big ran for 0.724 secs (0.72u,0.003s) (success)
Tactic call post for TypeClassesPHOAS with big ran for 0. secs (0.u,0.s) (success)
Params: n= 70
Tactic call cbv for TypeClassesPHOAS with big ran for 0. secs (0.u,0.s) (success)
Tactic call pre for TypeClassesPHOAS with big ran for 0. secs (0.u,0.s) (success)
Tactic call actual reif for TypeClassesPHOAS with big ran for 0.715 secs (0.707u,0.007s)
Tactic call eval lazy for TypeClassesPHOAS with big ran for 0. secs (0.u,0.s)
Tactic call norm reif for TypeClassesPHOAS with big ran for 0.715 secs (0.707u,0.007s)
Tactic call lazy beta iota for TypeClassesPHOAS with big ran for 0. secs (0.u,0.s) (success)
Tactic call reif for TypeClassesPHOAS with big ran for 0.716 secs (0.708u,0.007s) (success)
Tactic call post for TypeClassesPHOAS with big ran for 0. secs (0.u,0.s) (success)
Params: n= 71
Tactic call cbv for TypeClassesPHOAS with big ran for 0. secs (0.u,0.s) (success)
Tactic call pre for TypeClassesPHOAS with big ran for 0. secs (0.u,0.s) (success)
Tactic call actual reif for TypeClassesPHOAS with big ran for 0.748 secs (0.74u,0.008s)
Tactic call eval lazy for TypeClassesPHOAS with big ran for 0. secs (0.u,0.s)
Tactic call norm reif for TypeClassesPHOAS with big ran for 0.748 secs (0.74u,0.008s)
Tactic call lazy beta iota for TypeClassesPHOAS with big ran for 0. secs (0.u,0.s) (success)
Tactic call reif for TypeClassesPHOAS with big ran for 0.749 secs (0.741u,0.008s) (success)
Tactic call post for TypeClassesPHOAS with big ran for 0. secs (0.u,0.s) (success)
Params: n= 72
Tactic call cbv for TypeClassesPHOAS with big ran for 0. secs (0.u,0.s) (success)
Tactic call pre for TypeClassesPHOAS with big ran for 0. secs (0.u,0.s) (success)
Tactic call actual reif for TypeClassesPHOAS with big ran for 0.774 secs (0.774u,0.s)
Tactic call eval lazy for TypeClassesPHOAS with big ran for 0. secs (0.u,0.s)
Tactic call norm reif for TypeClassesPHOAS with big ran for 0.775 secs (0.775u,0.s)
Tactic call lazy beta iota for TypeClassesPHOAS with big ran for 0. secs (0.u,0.s) (success)
Tactic call reif for TypeClassesPHOAS with big ran for 0.775 secs (0.775u,0.s) (success)
Tactic call post for TypeClassesPHOAS with big ran for 0. secs (0.u,0.s) (success)
Params: n= 73
Tactic call cbv for TypeClassesPHOAS with big ran for 0. secs (0.u,0.s) (success)
Tactic call pre for TypeClassesPHOAS with big ran for 0. secs (0.u,0.s) (success)
Tactic call actual reif for TypeClassesPHOAS with big ran for 0.796 secs (0.796u,0.s)
Tactic call eval lazy for TypeClassesPHOAS with big ran for 0. secs (0.u,0.s)
Tactic call norm reif for TypeClassesPHOAS with big ran for 0.797 secs (0.797u,0.s)
Tactic call lazy beta iota for TypeClassesPHOAS with big ran for 0. secs (0.u,0.s) (success)
Tactic call reif for TypeClassesPHOAS with big ran for 0.797 secs (0.797u,0.s) (success)
Tactic call post for TypeClassesPHOAS with big ran for 0. secs (0.u,0.s) (success)
Params: n= 74
Tactic call cbv for TypeClassesPHOAS with big ran for 0. secs (0.u,0.s) (success)
Tactic call pre for TypeClassesPHOAS with big ran for 0. secs (0.u,0.s) (success)
Tactic call actual reif for TypeClassesPHOAS with big ran for 0.885 secs (0.885u,0.s)
Tactic call eval lazy for TypeClassesPHOAS with big ran for 0. secs (0.u,0.s)
Tactic call norm reif for TypeClassesPHOAS with big ran for 0.885 secs (0.885u,0.s)
Tactic call lazy beta iota for TypeClassesPHOAS with big ran for 0. secs (0.u,0.s) (success)
Tactic call reif for TypeClassesPHOAS with big ran for 0.885 secs (0.885u,0.s) (success)
Tactic call post for TypeClassesPHOAS with big ran for 0. secs (0.u,0.s) (success)
Params: n= 75
Tactic call cbv for TypeClassesPHOAS with big ran for 0. secs (0.u,0.s) (success)
Tactic call pre for TypeClassesPHOAS with big ran for 0. secs (0.u,0.s) (success)
Tactic call actual reif for TypeClassesPHOAS with big ran for 0.893 secs (0.893u,0.s)
Tactic call eval lazy for TypeClassesPHOAS with big ran for 0. secs (0.u,0.s)
Tactic call norm reif for TypeClassesPHOAS with big ran for 0.894 secs (0.894u,0.s)
Tactic call lazy beta iota for TypeClassesPHOAS with big ran for 0. secs (0.u,0.s) (success)
Tactic call reif for TypeClassesPHOAS with big ran for 0.894 secs (0.894u,0.s) (success)
Tactic call post for TypeClassesPHOAS with big ran for 0. secs (0.u,0.s) (success)
Params: n= 76
Tactic call cbv for TypeClassesPHOAS with big ran for 0. secs (0.u,0.s) (success)
Tactic call pre for TypeClassesPHOAS with big ran for 0. secs (0.u,0.s) (success)
Tactic call actual reif for TypeClassesPHOAS with big ran for 0.904 secs (0.904u,0.s)
Tactic call eval lazy for TypeClassesPHOAS with big ran for 0. secs (0.u,0.s)
Tactic call norm reif for TypeClassesPHOAS with big ran for 0.905 secs (0.905u,0.s)
Tactic call lazy beta iota for TypeClassesPHOAS with big ran for 0. secs (0.u,0.s) (success)
Tactic call reif for TypeClassesPHOAS with big ran for 0.905 secs (0.905u,0.s) (success)
Tactic call post for TypeClassesPHOAS with big ran for 0. secs (0.u,0.s) (success)
Params: n= 77
Tactic call cbv for TypeClassesPHOAS with big ran for 0. secs (0.u,0.s) (success)
Tactic call pre for TypeClassesPHOAS with big ran for 0. secs (0.u,0.s) (success)
Tactic call actual reif for TypeClassesPHOAS with big ran for 0.907 secs (0.907u,0.s)
Tactic call eval lazy for TypeClassesPHOAS with big ran for 0. secs (0.u,0.s)
Tactic call norm reif for TypeClassesPHOAS with big ran for 0.907 secs (0.907u,0.s)
Tactic call lazy beta iota for TypeClassesPHOAS with big ran for 0. secs (0.u,0.s) (success)
Tactic call reif for TypeClassesPHOAS with big ran for 0.908 secs (0.908u,0.s) (success)
Tactic call post for TypeClassesPHOAS with big ran for 0. secs (0.u,0.s) (success)
Params: n= 78
Tactic call cbv for TypeClassesPHOAS with big ran for 0. secs (0.u,0.s) (success)
Tactic call pre for TypeClassesPHOAS with big ran for 0. secs (0.u,0.s) (success)
Tactic call actual reif for TypeClassesPHOAS with big ran for 0.912 secs (0.908u,0.003s)
Tactic call eval lazy for TypeClassesPHOAS with big ran for 0. secs (0.u,0.s)
Tactic call norm reif for TypeClassesPHOAS with big ran for 0.913 secs (0.909u,0.003s)
Tactic call lazy beta iota for TypeClassesPHOAS with big ran for 0. secs (0.u,0.s) (success)
Tactic call reif for TypeClassesPHOAS with big ran for 0.913 secs (0.909u,0.003s) (success)
Tactic call post for TypeClassesPHOAS with big ran for 0. secs (0.u,0.s) (success)
Params: n= 79
Tactic call cbv for TypeClassesPHOAS with big ran for 0. secs (0.u,0.s) (success)
Tactic call pre for TypeClassesPHOAS with big ran for 0. secs (0.u,0.s) (success)
Tactic call actual reif for TypeClassesPHOAS with big ran for 0.978 secs (0.974u,0.003s)
Tactic call eval lazy for TypeClassesPHOAS with big ran for 0. secs (0.u,0.s)
Tactic call norm reif for TypeClassesPHOAS with big ran for 0.979 secs (0.975u,0.003s)
Tactic call lazy beta iota for TypeClassesPHOAS with big ran for 0. secs (0.u,0.s) (success)
Tactic call reif for TypeClassesPHOAS with big ran for 0.979 secs (0.975u,0.003s) (success)
Tactic call post for TypeClassesPHOAS with big ran for 0. secs (0.u,0.s) (success)
Params: n= 80
Tactic call cbv for TypeClassesPHOAS with big ran for 0. secs (0.u,0.s) (success)
Tactic call pre for TypeClassesPHOAS with big ran for 0. secs (0.u,0.s) (success)
Tactic call actual reif for TypeClassesPHOAS with big ran for 1.008 secs (1.008u,0.s)
Tactic call eval lazy for TypeClassesPHOAS with big ran for 0. secs (0.u,0.s)
Tactic call norm reif for TypeClassesPHOAS with big ran for 1.008 secs (1.008u,0.s)
Tactic call lazy beta iota for TypeClassesPHOAS with big ran for 0. secs (0.u,0.s) (success)
Tactic call reif for TypeClassesPHOAS with big ran for 1.009 secs (1.008u,0.s) (success)
Tactic call post for TypeClassesPHOAS with big ran for 0. secs (0.u,0.s) (success)
Params: n= 81
Tactic call cbv for TypeClassesPHOAS with big ran for 0. secs (0.u,0.s) (success)
Tactic call pre for TypeClassesPHOAS with big ran for 0. secs (0.u,0.s) (success)
Tactic call actual reif for TypeClassesPHOAS with big ran for 1.029 secs (1.025u,0.003s)
Tactic call eval lazy for TypeClassesPHOAS with big ran for 0. secs (0.u,0.s)
Tactic call norm reif for TypeClassesPHOAS with big ran for 1.03 secs (1.025u,0.003s)
Tactic call lazy beta iota for TypeClassesPHOAS with big ran for 0. secs (0.u,0.s) (success)
Tactic call reif for TypeClassesPHOAS with big ran for 1.03 secs (1.026u,0.003s) (success)
Tactic call post for TypeClassesPHOAS with big ran for 0. secs (0.u,0.s) (success)
Params: n= 82
Tactic call cbv for TypeClassesPHOAS with big ran for 0. secs (0.u,0.s) (success)
Tactic call pre for TypeClassesPHOAS with big ran for 0. secs (0.u,0.s) (success)
Tactic call actual reif for TypeClassesPHOAS with big ran for 1.088 secs (1.088u,0.s)
Tactic call eval lazy for TypeClassesPHOAS with big ran for 0. secs (0.u,0.s)
Tactic call norm reif for TypeClassesPHOAS with big ran for 1.089 secs (1.089u,0.s)
Tactic call lazy beta iota for TypeClassesPHOAS with big ran for 0. secs (0.u,0.s) (success)
Tactic call reif for TypeClassesPHOAS with big ran for 1.089 secs (1.089u,0.s) (success)
Tactic call post for TypeClassesPHOAS with big ran for 0. secs (0.u,0.s) (success)
Params: n= 83
Tactic call cbv for TypeClassesPHOAS with big ran for 0. secs (0.u,0.s) (success)
Tactic call pre for TypeClassesPHOAS with big ran for 0. secs (0.u,0.s) (success)
Tactic call actual reif for TypeClassesPHOAS with big ran for 1.138 secs (1.138u,0.s)
Tactic call eval lazy for TypeClassesPHOAS with big ran for 0. secs (0.u,0.s)
Tactic call norm reif for TypeClassesPHOAS with big ran for 1.138 secs (1.138u,0.s)
Tactic call lazy beta iota for TypeClassesPHOAS with big ran for 0. secs (0.u,0.s) (success)
Tactic call reif for TypeClassesPHOAS with big ran for 1.139 secs (1.139u,0.s) (success)
Tactic call post for TypeClassesPHOAS with big ran for 0. secs (0.u,0.s) (success)
Params: n= 84
Tactic call cbv for TypeClassesPHOAS with big ran for 0. secs (0.u,0.s) (success)
Tactic call pre for TypeClassesPHOAS with big ran for 0. secs (0.u,0.s) (success)
Tactic call actual reif for TypeClassesPHOAS with big ran for 1.131 secs (1.127u,0.003s)
Tactic call eval lazy for TypeClassesPHOAS with big ran for 0. secs (0.u,0.s)
Tactic call norm reif for TypeClassesPHOAS with big ran for 1.132 secs (1.127u,0.003s)
Tactic call lazy beta iota for TypeClassesPHOAS with big ran for 0. secs (0.u,0.s) (success)
Tactic call reif for TypeClassesPHOAS with big ran for 1.132 secs (1.128u,0.003s) (success)
Tactic call post for TypeClassesPHOAS with big ran for 0. secs (0.u,0.s) (success)
Params: n= 85
Tactic call cbv for TypeClassesPHOAS with big ran for 0. secs (0.u,0.s) (success)
Tactic call pre for TypeClassesPHOAS with big ran for 0. secs (0.u,0.s) (success)
Tactic call actual reif for TypeClassesPHOAS with big ran for 1.193 secs (1.193u,0.s)
Tactic call eval lazy for TypeClassesPHOAS with big ran for 0. secs (0.u,0.s)
Tactic call norm reif for TypeClassesPHOAS with big ran for 1.193 secs (1.193u,0.s)
Tactic call lazy beta iota for TypeClassesPHOAS with big ran for 0. secs (0.u,0.s) (success)
Tactic call reif for TypeClassesPHOAS with big ran for 1.193 secs (1.193u,0.s) (success)
Tactic call post for TypeClassesPHOAS with big ran for 0. secs (0.u,0.s) (success)
