Params: n= 50
Tactic call ssr-rewrite!-regression-quadratic ran for 0.013 secs (0.013u,0.s) (success)
Tactic call ssr-rewrite?-noop-regression-linear ran for 0. secs (0.u,0.s) (success)
Tactic call abstract-regression-quadratic ran for 0.027 secs (0.023u,0.003s) (success)
Tactic call close-abstract-regression-quadratic ran for 0.012 secs (0.008u,0.003s)
Params: n= 100
Tactic call ssr-rewrite!-regression-quadratic ran for 0.084 secs (0.081u,0.003s) (success)
Tactic call ssr-rewrite?-noop-regression-linear ran for 0. secs (0.u,0.s) (success)
Tactic call abstract-regression-quadratic ran for 0.123 secs (0.119u,0.003s) (success)
Tactic call close-abstract-regression-quadratic ran for 0.038 secs (0.037u,0.s)
Params: n= 150
Tactic call ssr-rewrite!-regression-quadratic ran for 0.091 secs (0.091u,0.s) (success)
Tactic call ssr-rewrite?-noop-regression-linear ran for 0. secs (0.u,0.s) (success)
Tactic call abstract-regression-quadratic ran for 0.178 secs (0.177u,0.s) (success)
Tactic call close-abstract-regression-quadratic ran for 0.086 secs (0.086u,0.s)
Params: n= 200
Tactic call ssr-rewrite!-regression-quadratic ran for 0.244 secs (0.243u,0.s) (success)
Tactic call ssr-rewrite?-noop-regression-linear ran for 0. secs (0.u,0.s) (success)
Tactic call abstract-regression-quadratic ran for 0.397 secs (0.397u,0.s) (success)
Tactic call close-abstract-regression-quadratic ran for 0.152 secs (0.152u,0.s)
Params: n= 250
Tactic call ssr-rewrite!-regression-quadratic ran for 0.347 secs (0.347u,0.s) (success)
Tactic call ssr-rewrite?-noop-regression-linear ran for 0. secs (0.u,0.s) (success)
Tactic call abstract-regression-quadratic ran for 0.585 secs (0.585u,0.s) (success)
Tactic call close-abstract-regression-quadratic ran for 0.236 secs (0.236u,0.s)
Params: n= 300
Tactic call ssr-rewrite!-regression-quadratic ran for 0.437 secs (0.437u,0.s) (success)
Tactic call ssr-rewrite?-noop-regression-linear ran for 0. secs (0.u,0.s) (success)
Tactic call abstract-regression-quadratic ran for 0.766 secs (0.762u,0.003s) (success)
Tactic call close-abstract-regression-quadratic ran for 0.327 secs (0.323u,0.003s)
Params: n= 350
Tactic call ssr-rewrite!-regression-quadratic ran for 0.478 secs (0.474u,0.003s) (success)
Tactic call ssr-rewrite?-noop-regression-linear ran for 0. secs (0.u,0.s) (success)
Tactic call abstract-regression-quadratic ran for 0.925 secs (0.917u,0.007s) (success)
Tactic call close-abstract-regression-quadratic ran for 0.446 secs (0.441u,0.004s)
Params: n= 400
Tactic call ssr-rewrite!-regression-quadratic ran for 0.684 secs (0.68u,0.003s) (success)
Tactic call ssr-rewrite?-noop-regression-linear ran for 0. secs (0.u,0.s) (success)
Tactic call abstract-regression-quadratic ran for 1.273 secs (1.265u,0.008s) (success)
Tactic call close-abstract-regression-quadratic ran for 0.588 secs (0.584u,0.004s)
