Params: n= 10
Tactic call setoid_rewrite-regression-cubic ran for 0.008 secs (0.006u,0.001s) (success)
Tactic call abstract+setoid_rewrite-regression-cubic ran for 0.011 secs (0.007u,0.003s) (success)
Tactic call close-abstract+setoid_rewrite-regression-quadratic ran for 0.003 secs (0.001u,0.002s)
Params: n= 20
Tactic call setoid_rewrite-regression-cubic ran for 0.064 secs (0.05u,0.013s) (success)
Tactic call abstract+setoid_rewrite-regression-cubic ran for 0.071 secs (0.057u,0.014s) (success)
Tactic call close-abstract+setoid_rewrite-regression-quadratic ran for 0.006 secs (0.006u,0.s)
Params: n= 30
Tactic call setoid_rewrite-regression-cubic ran for 0.038 secs (0.038u,0.s) (success)
Tactic call abstract+setoid_rewrite-regression-cubic ran for 0.052 secs (0.052u,0.s) (success)
Tactic call close-abstract+setoid_rewrite-regression-quadratic ran for 0.013 secs (0.013u,0.s)
Params: n= 40
Tactic call setoid_rewrite-regression-cubic ran for 0.074 secs (0.073u,0.s) (success)
Tactic call abstract+setoid_rewrite-regression-cubic ran for 0.096 secs (0.096u,0.s) (success)
Tactic call close-abstract+setoid_rewrite-regression-quadratic ran for 0.022 secs (0.022u,0.s)
Params: n= 60
Tactic call setoid_rewrite-regression-cubic ran for 0.189 secs (0.188u,0.s) (success)
Tactic call abstract+setoid_rewrite-regression-cubic ran for 0.244 secs (0.243u,0.s) (success)
Tactic call close-abstract+setoid_rewrite-regression-quadratic ran for 0.054 secs (0.054u,0.s)
Params: n= 70
Tactic call setoid_rewrite-regression-cubic ran for 0.262 secs (0.262u,0.s) (success)
Tactic call abstract+setoid_rewrite-regression-cubic ran for 0.335 secs (0.335u,0.s) (success)
Tactic call close-abstract+setoid_rewrite-regression-quadratic ran for 0.071 secs (0.071u,0.s)
Params: n= 80
Tactic call setoid_rewrite-regression-cubic ran for 0.362 secs (0.361u,0.s) (success)
Tactic call abstract+setoid_rewrite-regression-cubic ran for 0.454 secs (0.453u,0.s) (success)
Tactic call close-abstract+setoid_rewrite-regression-quadratic ran for 0.091 secs (0.091u,0.s)
Params: n= 90
Tactic call setoid_rewrite-regression-cubic ran for 0.508 secs (0.507u,0.s) (success)
Tactic call abstract+setoid_rewrite-regression-cubic ran for 0.613 secs (0.611u,0.s) (success)
Tactic call close-abstract+setoid_rewrite-regression-quadratic ran for 0.104 secs (0.103u,0.s)
Params: n= 110
Tactic call setoid_rewrite-regression-cubic ran for 0.854 secs (0.853u,0.s) (success)
Tactic call abstract+setoid_rewrite-regression-cubic ran for 0.996 secs (0.995u,0.s) (success)
Tactic call close-abstract+setoid_rewrite-regression-quadratic ran for 0.141 secs (0.141u,0.s)
Params: n= 120
Tactic call setoid_rewrite-regression-cubic ran for 1.01 secs (1.009u,0.001s) (success)
Tactic call abstract+setoid_rewrite-regression-cubic ran for 1.178 secs (1.176u,0.002s) (success)
Tactic call close-abstract+setoid_rewrite-regression-quadratic ran for 0.167 secs (0.166u,0.s)
Params: n= 130
Tactic call setoid_rewrite-regression-cubic ran for 1.254 secs (1.252u,0.001s) (success)
Tactic call abstract+setoid_rewrite-regression-cubic ran for 1.453 secs (1.451u,0.001s) (success)
Tactic call close-abstract+setoid_rewrite-regression-quadratic ran for 0.198 secs (0.198u,0.s)
Params: n= 140
Tactic call setoid_rewrite-regression-cubic ran for 1.608 secs (1.606u,0.001s) (success)
Tactic call abstract+setoid_rewrite-regression-cubic ran for 1.846 secs (1.844u,0.001s) (success)
Tactic call close-abstract+setoid_rewrite-regression-quadratic ran for 0.237 secs (0.237u,0.s)
Params: n= 160
Tactic call setoid_rewrite-regression-cubic ran for 2.373 secs (2.372u,0.s) (success)
Tactic call abstract+setoid_rewrite-regression-cubic ran for 2.666 secs (2.665u,0.s) (success)
Tactic call close-abstract+setoid_rewrite-regression-quadratic ran for 0.292 secs (0.292u,0.s)
Params: n= 170
Tactic call setoid_rewrite-regression-cubic ran for 2.669 secs (2.665u,0.003s) (success)
Tactic call abstract+setoid_rewrite-regression-cubic ran for 3. secs (2.996u,0.003s) (success)
Tactic call close-abstract+setoid_rewrite-regression-quadratic ran for 0.329 secs (0.329u,0.s)
Params: n= 180
Tactic call setoid_rewrite-regression-cubic ran for 3.132 secs (3.132u,0.s) (success)
Tactic call abstract+setoid_rewrite-regression-cubic ran for 3.521 secs (3.521u,0.s) (success)
Tactic call close-abstract+setoid_rewrite-regression-quadratic ran for 0.388 secs (0.388u,0.s)
Params: n= 190
Tactic call setoid_rewrite-regression-cubic ran for 3.86 secs (3.86u,0.s) (success)
Tactic call abstract+setoid_rewrite-regression-cubic ran for 4.27 secs (4.27u,0.s) (success)
Tactic call close-abstract+setoid_rewrite-regression-quadratic ran for 0.409 secs (0.409u,0.s)
Params: n= 210
Tactic call setoid_rewrite-regression-cubic ran for 4.833 secs (4.829u,0.003s) (success)
Tactic call abstract+setoid_rewrite-regression-cubic ran for 5.328 secs (5.324u,0.003s) (success)
Tactic call close-abstract+setoid_rewrite-regression-quadratic ran for 0.494 secs (0.494u,0.s)
Params: n= 220
Tactic call setoid_rewrite-regression-cubic ran for 5.629 secs (5.629u,0.s) (success)
Tactic call abstract+setoid_rewrite-regression-cubic ran for 6.201 secs (6.201u,0.s) (success)
Tactic call close-abstract+setoid_rewrite-regression-quadratic ran for 0.571 secs (0.57u,0.s)
Params: n= 230
Tactic call setoid_rewrite-regression-cubic ran for 6.393 secs (6.392u,0.s) (success)
Tactic call abstract+setoid_rewrite-regression-cubic ran for 6.984 secs (6.984u,0.s) (success)
Tactic call close-abstract+setoid_rewrite-regression-quadratic ran for 0.591 secs (0.59u,0.s)
Params: n= 240
Tactic call setoid_rewrite-regression-cubic ran for 7.337 secs (7.337u,0.s) (success)
Tactic call abstract+setoid_rewrite-regression-cubic ran for 7.984 secs (7.983u,0.s) (success)
Tactic call close-abstract+setoid_rewrite-regression-quadratic ran for 0.645 secs (0.645u,0.s)
Params: n= 250
Tactic call setoid_rewrite-regression-cubic ran for 8.065 secs (8.065u,0.s) (success)
Tactic call abstract+setoid_rewrite-regression-cubic ran for 8.796 secs (8.795u,0.001s) (success)
Tactic call close-abstract+setoid_rewrite-regression-quadratic ran for 0.73 secs (0.729u,0.001s)
Params: n= 300
Tactic call setoid_rewrite-regression-cubic ran for 14.52 secs (14.516u,0.004s) (success)
Tactic call abstract+setoid_rewrite-regression-cubic ran for 15.58 secs (15.576u,0.004s) (success)
Tactic call close-abstract+setoid_rewrite-regression-quadratic ran for 1.059 secs (1.059u,0.s)
Params: n= 400
Tactic call setoid_rewrite-regression-cubic ran for 33.879 secs (33.869u,0.008s) (success)
Tactic call abstract+setoid_rewrite-regression-cubic ran for 35.729 secs (35.72u,0.008s) (success)
Tactic call close-abstract+setoid_rewrite-regression-quadratic ran for 1.849 secs (1.849u,0.s)
