Params: n= 4
Tactic call lazy-regression-linear ran for 0.013 secs (0.013u,0.s) (success)
Tactic call intros-regression-linear ran for 0.014 secs (0.014u,0.s) (success)
Tactic call destruct-and-regression-linear ran for 0. secs (0.u,0.s) (success)
Tactic call case-and-regression-linear ran for 0. secs (0.u,0.s) (success)
Tactic call case-clear-intros-and-regression-linear ran for 0. secs (0.u,0.s) (success)
Tactic call destruct-or-regression-linear ran for 0. secs (0.u,0.s) (success)
Tactic call case-or-regression-linear ran for 0. secs (0.u,0.s) (success)
Tactic call case-clear-intros-or-regression-linear ran for 0. secs (0.u,0.s) (success)
Params: n= 5
Tactic call lazy-regression-linear ran for 0.062 secs (0.062u,0.s) (success)
Tactic call intros-regression-linear ran for 0.012 secs (0.012u,0.s) (success)
Tactic call destruct-and-regression-linear ran for 0. secs (0.u,0.s) (success)
Tactic call case-and-regression-linear ran for 0. secs (0.u,0.s) (success)
Tactic call case-clear-intros-and-regression-linear ran for 0. secs (0.u,0.s) (success)
Tactic call destruct-or-regression-linear ran for 0. secs (0.u,0.s) (success)
Tactic call case-or-regression-linear ran for 0. secs (0.u,0.s) (success)
Tactic call case-clear-intros-or-regression-linear ran for 0. secs (0.u,0.s) (success)
Params: n= 6
Tactic call lazy-regression-linear ran for 0.015 secs (0.015u,0.s) (success)
Tactic call intros-regression-linear ran for 0.037 secs (0.037u,0.s) (success)
Tactic call destruct-and-regression-linear ran for 0. secs (0.u,0.s) (success)
Tactic call case-and-regression-linear ran for 0. secs (0.u,0.s) (success)
Tactic call case-clear-intros-and-regression-linear ran for 0. secs (0.u,0.s) (success)
Tactic call destruct-or-regression-linear ran for 0. secs (0.u,0.s) (success)
Tactic call case-or-regression-linear ran for 0. secs (0.u,0.s) (success)
Tactic call case-clear-intros-or-regression-linear ran for 0. secs (0.u,0.s) (success)
Params: n= 7
Tactic call lazy-regression-linear ran for 0.018 secs (0.018u,0.s) (success)
Tactic call intros-regression-linear ran for 0.025 secs (0.025u,0.s) (success)
Tactic call destruct-and-regression-linear ran for 0. secs (0.u,0.s) (success)
Tactic call case-and-regression-linear ran for 0. secs (0.u,0.s) (success)
Tactic call case-clear-intros-and-regression-linear ran for 0. secs (0.u,0.s) (success)
Tactic call destruct-or-regression-linear ran for 0. secs (0.u,0.s) (success)
Tactic call case-or-regression-linear ran for 0. secs (0.u,0.s) (success)
Tactic call case-clear-intros-or-regression-linear ran for 0. secs (0.u,0.s) (success)
Params: n= 8
Tactic call lazy-regression-linear ran for 0.024 secs (0.024u,0.s) (success)
Tactic call intros-regression-linear ran for 0.029 secs (0.029u,0.s) (success)
Tactic call destruct-and-regression-linear ran for 0. secs (0.u,0.s) (success)
Tactic call case-and-regression-linear ran for 0. secs (0.u,0.s) (success)
Tactic call case-clear-intros-and-regression-linear ran for 0. secs (0.u,0.s) (success)
Tactic call destruct-or-regression-linear ran for 0. secs (0.u,0.s) (success)
Tactic call case-or-regression-linear ran for 0. secs (0.u,0.s) (success)
Tactic call case-clear-intros-or-regression-linear ran for 0. secs (0.u,0.s) (success)
Params: n= 9
Tactic call lazy-regression-linear ran for 0.023 secs (0.023u,0.s) (success)
Tactic call intros-regression-linear ran for 0.036 secs (0.036u,0.s) (success)
Tactic call destruct-and-regression-linear ran for 0. secs (0.u,0.s) (success)
Tactic call case-and-regression-linear ran for 0. secs (0.u,0.s) (success)
Tactic call case-clear-intros-and-regression-linear ran for 0. secs (0.u,0.s) (success)
Tactic call destruct-or-regression-linear ran for 0. secs (0.u,0.s) (success)
Tactic call case-or-regression-linear ran for 0. secs (0.u,0.s) (success)
Tactic call case-clear-intros-or-regression-linear ran for 0.033 secs (0.03u,0.003s) (success)
Params: n= 10
Tactic call lazy-regression-linear ran for 0.027 secs (0.027u,0.s) (success)
Tactic call intros-regression-linear ran for 0.06 secs (0.06u,0.s) (success)
Tactic call destruct-and-regression-linear ran for 0. secs (0.u,0.s) (success)
Tactic call case-and-regression-linear ran for 0. secs (0.u,0.s) (success)
Tactic call case-clear-intros-and-regression-linear ran for 0. secs (0.u,0.s) (success)
Tactic call destruct-or-regression-linear ran for 0. secs (0.u,0.s) (success)
Tactic call case-or-regression-linear ran for 0. secs (0.u,0.s) (success)
Tactic call case-clear-intros-or-regression-linear ran for 0. secs (0.u,0.s) (success)
