Params: n= 10
Tactic call repeat-setoid_rewrite-regression-cubic ran for 0.02 secs (0.02u,0.s) (success)
Tactic call noop-repeat-setoid_rewrite-regression-cubic ran for 0.006 secs (0.006u,0.s) (success)
Params: n= 20
Tactic call repeat-setoid_rewrite-regression-cubic ran for 0.056 secs (0.056u,0.s) (success)
Tactic call noop-repeat-setoid_rewrite-regression-cubic ran for 0.02 secs (0.02u,0.s) (success)
Params: n= 30
Tactic call repeat-setoid_rewrite-regression-cubic ran for 0.129 secs (0.125u,0.003s) (success)
Tactic call noop-repeat-setoid_rewrite-regression-cubic ran for 0.061 secs (0.06u,0.s) (success)
Params: n= 40
Tactic call repeat-setoid_rewrite-regression-cubic ran for 0.238 secs (0.238u,0.s) (success)
Tactic call noop-repeat-setoid_rewrite-regression-cubic ran for 0.184 secs (0.184u,0.s) (success)
Params: n= 60
Tactic call repeat-setoid_rewrite-regression-cubic ran for 0.625 secs (0.624u,0.s) (success)
Tactic call noop-repeat-setoid_rewrite-regression-cubic ran for 0.387 secs (0.386u,0.s) (success)
Params: n= 70
Tactic call repeat-setoid_rewrite-regression-cubic ran for 1.061 secs (1.061u,0.s) (success)
Tactic call noop-repeat-setoid_rewrite-regression-cubic ran for 0.372 secs (0.372u,0.s) (success)
Params: n= 80
Tactic call repeat-setoid_rewrite-regression-cubic ran for 1.206 secs (1.202u,0.003s) (success)
Tactic call noop-repeat-setoid_rewrite-regression-cubic ran for 0.55 secs (0.548u,0.s) (success)
Params: n= 90
Tactic call repeat-setoid_rewrite-regression-cubic ran for 1.777 secs (1.775u,0.s) (success)
Tactic call noop-repeat-setoid_rewrite-regression-cubic ran for 0.771 secs (0.771u,0.s) (success)
Params: n= 110
Tactic call repeat-setoid_rewrite-regression-cubic ran for 2.914 secs (2.913u,0.s) (success)
Tactic call noop-repeat-setoid_rewrite-regression-cubic ran for 1.287 secs (1.287u,0.s) (success)
Params: n= 120
Tactic call repeat-setoid_rewrite-regression-cubic ran for 3.798 secs (3.793u,0.004s) (success)
Tactic call noop-repeat-setoid_rewrite-regression-cubic ran for 1.79 secs (1.79u,0.s) (success)
Params: n= 130
Tactic call repeat-setoid_rewrite-regression-cubic ran for 4.859 secs (4.851u,0.007s) (success)
Tactic call noop-repeat-setoid_rewrite-regression-cubic ran for 2.283 secs (2.283u,0.s) (success)
Params: n= 140
Tactic call repeat-setoid_rewrite-regression-cubic ran for 5.984 secs (5.971u,0.012s) (success)
Tactic call noop-repeat-setoid_rewrite-regression-cubic ran for 2.794 secs (2.794u,0.s) (success)
Params: n= 160
Tactic call repeat-setoid_rewrite-regression-cubic ran for 8.532 secs (8.524u,0.007s) (success)
Tactic call noop-repeat-setoid_rewrite-regression-cubic ran for 4.123 secs (4.123u,0.s) (success)
Params: n= 170
Tactic call repeat-setoid_rewrite-regression-cubic ran for 10.147 secs (10.138u,0.007s) (success)
Tactic call noop-repeat-setoid_rewrite-regression-cubic ran for 4.976 secs (4.975u,0.s) (success)
Params: n= 180
Tactic call repeat-setoid_rewrite-regression-cubic ran for 12.657 secs (12.641u,0.011s) (success)
Tactic call noop-repeat-setoid_rewrite-regression-cubic ran for 6.087 secs (6.086u,0.s) (success)
Params: n= 190
Tactic call repeat-setoid_rewrite-regression-cubic ran for 14.266 secs (14.256u,0.007s) (success)
Tactic call noop-repeat-setoid_rewrite-regression-cubic ran for 7.022 secs (7.021u,0.s) (success)
Params: n= 210
Tactic call repeat-setoid_rewrite-regression-cubic ran for 19.544 secs (19.541u,0.s) (success)
Tactic call noop-repeat-setoid_rewrite-regression-cubic ran for 9.985 secs (9.965u,0.015s) (success)
Params: n= 220
Tactic call repeat-setoid_rewrite-regression-cubic ran for 22.76 secs (22.745u,0.011s) (success)
Tactic call noop-repeat-setoid_rewrite-regression-cubic ran for 11.134 secs (11.133u,0.s) (success)
Params: n= 230
Tactic call repeat-setoid_rewrite-regression-cubic ran for 25.743 secs (25.725u,0.011s) (success)
Tactic call noop-repeat-setoid_rewrite-regression-cubic ran for 13.755 secs (13.745u,0.008s) (success)
Params: n= 240
Tactic call repeat-setoid_rewrite-regression-cubic ran for 29.595 secs (29.592u,0.s) (success)
Tactic call noop-repeat-setoid_rewrite-regression-cubic ran for 14.414 secs (14.401u,0.008s) (success)
Params: n= 250
Tactic call repeat-setoid_rewrite-regression-cubic ran for 33.137 secs (33.129u,0.003s) (success)
Tactic call noop-repeat-setoid_rewrite-regression-cubic ran for 16.995 secs (16.989u,0.003s) (success)
Params: n= 300
Tactic call repeat-setoid_rewrite-regression-cubic ran for 59.641 secs (59.611u,0.019s) (success)
Tactic call noop-repeat-setoid_rewrite-regression-cubic ran for 29.874 secs (29.839u,0.028s) (success)
Params: n= 400
Tactic call repeat-setoid_rewrite-regression-cubic ran for 143.252 secs (143.183u,0.043s) (success)
Tactic call noop-repeat-setoid_rewrite-regression-cubic ran for 73.244 secs (73.153u,0.076s) (success)
