Params: n= 50
Tactic call rewrite_strat-topdown ran for 0.02 secs (0.016u,0.004s) (success)
Tactic call rewrite_strat-topdown-noop ran for 0. secs (0.u,0.s) (success)
Tactic call abstract+rewrite_strat-topdown ran for 0.07 secs (0.062u,0.007s) (success)
Tactic call close-abstract+rewrite_strat-topdown ran for 0.049 secs (0.046u,0.002s)
Params: n= 100
Tactic call rewrite_strat-topdown ran for 0.062 secs (0.062u,0.s) (success)
Tactic call rewrite_strat-topdown-noop ran for 0. secs (0.u,0.s) (success)
Tactic call abstract+rewrite_strat-topdown ran for 0.114 secs (0.114u,0.s) (success)
Tactic call close-abstract+rewrite_strat-topdown ran for 0.051 secs (0.051u,0.s)
Params: n= 150
Tactic call rewrite_strat-topdown ran for 0.149 secs (0.149u,0.s) (success)
Tactic call rewrite_strat-topdown-noop ran for 0.001 secs (0.001u,0.s) (success)
Tactic call abstract+rewrite_strat-topdown ran for 0.266 secs (0.266u,0.s) (success)
Tactic call close-abstract+rewrite_strat-topdown ran for 0.114 secs (0.114u,0.s)
Params: n= 200
Tactic call rewrite_strat-topdown ran for 0.301 secs (0.297u,0.003s) (success)
Tactic call rewrite_strat-topdown-noop ran for 0.002 secs (0.002u,0.s) (success)
Tactic call abstract+rewrite_strat-topdown ran for 0.51 secs (0.506u,0.003s) (success)
Tactic call close-abstract+rewrite_strat-topdown ran for 0.205 secs (0.205u,0.s)
Params: n= 250
Tactic call rewrite_strat-topdown ran for 0.426 secs (0.426u,0.s) (success)
Tactic call rewrite_strat-topdown-noop ran for 0.003 secs (0.003u,0.s) (success)
Tactic call abstract+rewrite_strat-topdown ran for 0.71 secs (0.71u,0.s) (success)
Tactic call close-abstract+rewrite_strat-topdown ran for 0.279 secs (0.279u,0.s)
Params: n= 300
Tactic call rewrite_strat-topdown ran for 0.609 secs (0.609u,0.s) (success)
Tactic call rewrite_strat-topdown-noop ran for 0.005 secs (0.005u,0.s) (success)
Tactic call abstract+rewrite_strat-topdown ran for 1.079 secs (1.079u,0.s) (success)
Tactic call close-abstract+rewrite_strat-topdown ran for 0.464 secs (0.464u,0.s)
Params: n= 350
Tactic call rewrite_strat-topdown ran for 0.882 secs (0.882u,0.s) (success)
Tactic call rewrite_strat-topdown-noop ran for 0.006 secs (0.006u,0.s) (success)
Tactic call abstract+rewrite_strat-topdown ran for 1.436 secs (1.432u,0.003s) (success)
Tactic call close-abstract+rewrite_strat-topdown ran for 0.546 secs (0.542u,0.003s)
Params: n= 400
Tactic call rewrite_strat-topdown ran for 1.323 secs (1.319u,0.003s) (success)
Tactic call rewrite_strat-topdown-noop ran for 0.008 secs (0.008u,0.s) (success)
Tactic call abstract+rewrite_strat-topdown ran for 2.025 secs (2.021u,0.004s) (success)
Tactic call close-abstract+rewrite_strat-topdown ran for 0.692 secs (0.692u,0.s)
