Params: n= 31
Tactic call cbv for CanonicalStructuresHOAS with big ran for 0. secs (0.u,0.s) (success)
Tactic call pre for CanonicalStructuresHOAS with big ran for 0.001 secs (0.001u,0.s) (success)
Tactic call actual reif for CanonicalStructuresHOAS with big ran for 0.151 secs (0.127u,0.024s)
Tactic call eval lazy for CanonicalStructuresHOAS with big ran for 0. secs (0.u,0.s)
Tactic call postprocess for CanonicalStructuresHOAS with big ran for 0. secs (0.u,0.s)
Tactic call norm reif for CanonicalStructuresHOAS with big ran for 0.151 secs (0.127u,0.024s)
Tactic call intros _ for CanonicalStructuresHOAS with big ran for 0. secs (0.u,0.s) (success)
Tactic call lazy beta iota for CanonicalStructuresHOAS with big ran for 0. secs (0.u,0.s) (success)
Tactic call reif for CanonicalStructuresHOAS with big ran for 0.152 secs (0.127u,0.024s) (success)
Tactic call post for CanonicalStructuresHOAS with big ran for 0. secs (0.u,0.s) (success)
Params: n= 32
Tactic call cbv for CanonicalStructuresHOAS with big ran for 0. secs (0.u,0.s) (success)
Tactic call pre for CanonicalStructuresHOAS with big ran for 0. secs (0.u,0.s) (success)
Tactic call actual reif for CanonicalStructuresHOAS with big ran for 0.11 secs (0.109u,0.001s)
Tactic call eval lazy for CanonicalStructuresHOAS with big ran for 0. secs (0.u,0.s)
Tactic call postprocess for CanonicalStructuresHOAS with big ran for 0. secs (0.u,0.s)
Tactic call norm reif for CanonicalStructuresHOAS with big ran for 0.111 secs (0.109u,0.001s)
Tactic call intros _ for CanonicalStructuresHOAS with big ran for 0. secs (0.u,0.s) (success)
Tactic call lazy beta iota for CanonicalStructuresHOAS with big ran for 0. secs (0.u,0.s) (success)
Tactic call reif for CanonicalStructuresHOAS with big ran for 0.111 secs (0.11u,0.001s) (success)
Tactic call post for CanonicalStructuresHOAS with big ran for 0. secs (0.u,0.s) (success)
Params: n= 33
Tactic call cbv for CanonicalStructuresHOAS with big ran for 0. secs (0.u,0.s) (success)
Tactic call pre for CanonicalStructuresHOAS with big ran for 0.001 secs (0.u,0.s) (success)
Tactic call actual reif for CanonicalStructuresHOAS with big ran for 0.119 secs (0.119u,0.s)
Tactic call eval lazy for CanonicalStructuresHOAS with big ran for 0. secs (0.u,0.s)
Tactic call postprocess for CanonicalStructuresHOAS with big ran for 0. secs (0.u,0.s)
Tactic call norm reif for CanonicalStructuresHOAS with big ran for 0.119 secs (0.119u,0.s)
Tactic call intros _ for CanonicalStructuresHOAS with big ran for 0. secs (0.u,0.s) (success)
Tactic call lazy beta iota for CanonicalStructuresHOAS with big ran for 0. secs (0.u,0.s) (success)
Tactic call reif for CanonicalStructuresHOAS with big ran for 0.119 secs (0.119u,0.s) (success)
Tactic call post for CanonicalStructuresHOAS with big ran for 0.001 secs (0.001u,0.s) (success)
Params: n= 34
Tactic call cbv for CanonicalStructuresHOAS with big ran for 0. secs (0.u,0.s) (success)
Tactic call pre for CanonicalStructuresHOAS with big ran for 0.001 secs (0.001u,0.s) (success)
Tactic call actual reif for CanonicalStructuresHOAS with big ran for 0.133 secs (0.133u,0.s)
Tactic call eval lazy for CanonicalStructuresHOAS with big ran for 0. secs (0.u,0.s)
Tactic call postprocess for CanonicalStructuresHOAS with big ran for 0. secs (0.u,0.s)
Tactic call norm reif for CanonicalStructuresHOAS with big ran for 0.134 secs (0.133u,0.s)
Tactic call intros _ for CanonicalStructuresHOAS with big ran for 0. secs (0.u,0.s) (success)
Tactic call lazy beta iota for CanonicalStructuresHOAS with big ran for 0. secs (0.u,0.s) (success)
Tactic call reif for CanonicalStructuresHOAS with big ran for 0.134 secs (0.134u,0.s) (success)
Tactic call post for CanonicalStructuresHOAS with big ran for 0. secs (0.u,0.s) (success)
Params: n= 35
Tactic call cbv for CanonicalStructuresHOAS with big ran for 0. secs (0.u,0.s) (success)
Tactic call pre for CanonicalStructuresHOAS with big ran for 0.001 secs (0.001u,0.s) (success)
Tactic call actual reif for CanonicalStructuresHOAS with big ran for 0.144 secs (0.144u,0.s)
Tactic call eval lazy for CanonicalStructuresHOAS with big ran for 0. secs (0.u,0.s)
Tactic call postprocess for CanonicalStructuresHOAS with big ran for 0. secs (0.u,0.s)
Tactic call norm reif for CanonicalStructuresHOAS with big ran for 0.145 secs (0.145u,0.s)
Tactic call intros _ for CanonicalStructuresHOAS with big ran for 0. secs (0.u,0.s) (success)
Tactic call lazy beta iota for CanonicalStructuresHOAS with big ran for 0. secs (0.u,0.s) (success)
Tactic call reif for CanonicalStructuresHOAS with big ran for 0.145 secs (0.145u,0.s) (success)
Tactic call post for CanonicalStructuresHOAS with big ran for 0. secs (0.u,0.s) (success)
Params: n= 36
Tactic call cbv for CanonicalStructuresHOAS with big ran for 0. secs (0.u,0.s) (success)
Tactic call pre for CanonicalStructuresHOAS with big ran for 0.001 secs (0.001u,0.s) (success)
Tactic call actual reif for CanonicalStructuresHOAS with big ran for 0.157 secs (0.157u,0.s)
Tactic call eval lazy for CanonicalStructuresHOAS with big ran for 0. secs (0.u,0.s)
Tactic call postprocess for CanonicalStructuresHOAS with big ran for 0. secs (0.u,0.s)
Tactic call norm reif for CanonicalStructuresHOAS with big ran for 0.158 secs (0.158u,0.s)
Tactic call intros _ for CanonicalStructuresHOAS with big ran for 0. secs (0.u,0.s) (success)
Tactic call lazy beta iota for CanonicalStructuresHOAS with big ran for 0. secs (0.u,0.s) (success)
Tactic call reif for CanonicalStructuresHOAS with big ran for 0.158 secs (0.158u,0.s) (success)
Tactic call post for CanonicalStructuresHOAS with big ran for 0. secs (0.u,0.s) (success)
Params: n= 37
Tactic call cbv for CanonicalStructuresHOAS with big ran for 0. secs (0.u,0.s) (success)
Tactic call pre for CanonicalStructuresHOAS with big ran for 0.001 secs (0.001u,0.s) (success)
Tactic call actual reif for CanonicalStructuresHOAS with big ran for 0.164 secs (0.164u,0.s)
Tactic call eval lazy for CanonicalStructuresHOAS with big ran for 0. secs (0.u,0.s)
Tactic call postprocess for CanonicalStructuresHOAS with big ran for 0. secs (0.u,0.s)
Tactic call norm reif for CanonicalStructuresHOAS with big ran for 0.165 secs (0.165u,0.s)
Tactic call intros _ for CanonicalStructuresHOAS with big ran for 0. secs (0.u,0.s) (success)
Tactic call lazy beta iota for CanonicalStructuresHOAS with big ran for 0. secs (0.u,0.s) (success)
Tactic call reif for CanonicalStructuresHOAS with big ran for 0.165 secs (0.165u,0.s) (success)
Tactic call post for CanonicalStructuresHOAS with big ran for 0. secs (0.u,0.s) (success)
Params: n= 38
Tactic call cbv for CanonicalStructuresHOAS with big ran for 0. secs (0.u,0.s) (success)
Tactic call pre for CanonicalStructuresHOAS with big ran for 0.001 secs (0.001u,0.s) (success)
Tactic call actual reif for CanonicalStructuresHOAS with big ran for 0.174 secs (0.171u,0.003s)
Tactic call eval lazy for CanonicalStructuresHOAS with big ran for 0. secs (0.u,0.s)
Tactic call postprocess for CanonicalStructuresHOAS with big ran for 0. secs (0.u,0.s)
Tactic call norm reif for CanonicalStructuresHOAS with big ran for 0.175 secs (0.171u,0.003s)
Tactic call intros _ for CanonicalStructuresHOAS with big ran for 0. secs (0.u,0.s) (success)
Tactic call lazy beta iota for CanonicalStructuresHOAS with big ran for 0. secs (0.u,0.s) (success)
Tactic call reif for CanonicalStructuresHOAS with big ran for 0.175 secs (0.171u,0.003s) (success)
Tactic call post for CanonicalStructuresHOAS with big ran for 0. secs (0.u,0.s) (success)
Params: n= 39
Tactic call cbv for CanonicalStructuresHOAS with big ran for 0. secs (0.u,0.s) (success)
Tactic call pre for CanonicalStructuresHOAS with big ran for 0.001 secs (0.001u,0.s) (success)
Tactic call actual reif for CanonicalStructuresHOAS with big ran for 0.193 secs (0.193u,0.s)
Tactic call eval lazy for CanonicalStructuresHOAS with big ran for 0. secs (0.u,0.s)
Tactic call postprocess for CanonicalStructuresHOAS with big ran for 0. secs (0.u,0.s)
Tactic call norm reif for CanonicalStructuresHOAS with big ran for 0.193 secs (0.193u,0.s)
Tactic call intros _ for CanonicalStructuresHOAS with big ran for 0. secs (0.u,0.s) (success)
Tactic call lazy beta iota for CanonicalStructuresHOAS with big ran for 0. secs (0.u,0.s) (success)
Tactic call reif for CanonicalStructuresHOAS with big ran for 0.193 secs (0.193u,0.s) (success)
Tactic call post for CanonicalStructuresHOAS with big ran for 0. secs (0.u,0.s) (success)
Params: n= 40
Tactic call cbv for CanonicalStructuresHOAS with big ran for 0. secs (0.u,0.s) (success)
Tactic call pre for CanonicalStructuresHOAS with big ran for 0.001 secs (0.001u,0.s) (success)
Tactic call actual reif for CanonicalStructuresHOAS with big ran for 0.205 secs (0.205u,0.s)
Tactic call eval lazy for CanonicalStructuresHOAS with big ran for 0. secs (0.u,0.s)
Tactic call postprocess for CanonicalStructuresHOAS with big ran for 0. secs (0.u,0.s)
Tactic call norm reif for CanonicalStructuresHOAS with big ran for 0.206 secs (0.205u,0.s)
Tactic call intros _ for CanonicalStructuresHOAS with big ran for 0. secs (0.u,0.s) (success)
Tactic call lazy beta iota for CanonicalStructuresHOAS with big ran for 0. secs (0.u,0.s) (success)
Tactic call reif for CanonicalStructuresHOAS with big ran for 0.206 secs (0.206u,0.s) (success)
Tactic call post for CanonicalStructuresHOAS with big ran for 0. secs (0.u,0.s) (success)
Params: n= 41
Tactic call cbv for CanonicalStructuresHOAS with big ran for 0. secs (0.u,0.s) (success)
Tactic call pre for CanonicalStructuresHOAS with big ran for 0.001 secs (0.001u,0.s) (success)
Tactic call actual reif for CanonicalStructuresHOAS with big ran for 0.218 secs (0.214u,0.003s)
Tactic call eval lazy for CanonicalStructuresHOAS with big ran for 0. secs (0.u,0.s)
Tactic call postprocess for CanonicalStructuresHOAS with big ran for 0. secs (0.u,0.s)
Tactic call norm reif for CanonicalStructuresHOAS with big ran for 0.219 secs (0.215u,0.003s)
Tactic call intros _ for CanonicalStructuresHOAS with big ran for 0. secs (0.u,0.s) (success)
Tactic call lazy beta iota for CanonicalStructuresHOAS with big ran for 0. secs (0.u,0.s) (success)
Tactic call reif for CanonicalStructuresHOAS with big ran for 0.219 secs (0.215u,0.003s) (success)
Tactic call post for CanonicalStructuresHOAS with big ran for 0. secs (0.u,0.s) (success)
Params: n= 42
Tactic call cbv for CanonicalStructuresHOAS with big ran for 0. secs (0.u,0.s) (success)
Tactic call pre for CanonicalStructuresHOAS with big ran for 0.001 secs (0.001u,0.s) (success)
Tactic call actual reif for CanonicalStructuresHOAS with big ran for 0.237 secs (0.237u,0.s)
Tactic call eval lazy for CanonicalStructuresHOAS with big ran for 0. secs (0.u,0.s)
Tactic call postprocess for CanonicalStructuresHOAS with big ran for 0. secs (0.u,0.s)
Tactic call norm reif for CanonicalStructuresHOAS with big ran for 0.237 secs (0.237u,0.s)
Tactic call intros _ for CanonicalStructuresHOAS with big ran for 0. secs (0.u,0.s) (success)
Tactic call lazy beta iota for CanonicalStructuresHOAS with big ran for 0. secs (0.u,0.s) (success)
Tactic call reif for CanonicalStructuresHOAS with big ran for 0.237 secs (0.237u,0.s) (success)
Tactic call post for CanonicalStructuresHOAS with big ran for 0. secs (0.u,0.s) (success)
Params: n= 43
Tactic call cbv for CanonicalStructuresHOAS with big ran for 0. secs (0.u,0.s) (success)
Tactic call pre for CanonicalStructuresHOAS with big ran for 0.001 secs (0.001u,0.s) (success)
Tactic call actual reif for CanonicalStructuresHOAS with big ran for 0.248 secs (0.248u,0.s)
Tactic call eval lazy for CanonicalStructuresHOAS with big ran for 0. secs (0.u,0.s)
Tactic call postprocess for CanonicalStructuresHOAS with big ran for 0. secs (0.u,0.s)
Tactic call norm reif for CanonicalStructuresHOAS with big ran for 0.248 secs (0.248u,0.s)
Tactic call intros _ for CanonicalStructuresHOAS with big ran for 0. secs (0.u,0.s) (success)
Tactic call lazy beta iota for CanonicalStructuresHOAS with big ran for 0. secs (0.u,0.s) (success)
Tactic call reif for CanonicalStructuresHOAS with big ran for 0.248 secs (0.248u,0.s) (success)
Tactic call post for CanonicalStructuresHOAS with big ran for 0. secs (0.u,0.s) (success)
Params: n= 44
Tactic call cbv for CanonicalStructuresHOAS with big ran for 0. secs (0.u,0.s) (success)
Tactic call pre for CanonicalStructuresHOAS with big ran for 0.001 secs (0.001u,0.s) (success)
Tactic call actual reif for CanonicalStructuresHOAS with big ran for 0.263 secs (0.263u,0.s)
Tactic call eval lazy for CanonicalStructuresHOAS with big ran for 0. secs (0.u,0.s)
Tactic call postprocess for CanonicalStructuresHOAS with big ran for 0. secs (0.u,0.s)
Tactic call norm reif for CanonicalStructuresHOAS with big ran for 0.263 secs (0.263u,0.s)
Tactic call intros _ for CanonicalStructuresHOAS with big ran for 0. secs (0.u,0.s) (success)
Tactic call lazy beta iota for CanonicalStructuresHOAS with big ran for 0. secs (0.u,0.s) (success)
Tactic call reif for CanonicalStructuresHOAS with big ran for 0.264 secs (0.264u,0.s) (success)
Tactic call post for CanonicalStructuresHOAS with big ran for 0. secs (0.u,0.s) (success)
Params: n= 45
Tactic call cbv for CanonicalStructuresHOAS with big ran for 0. secs (0.u,0.s) (success)
Tactic call pre for CanonicalStructuresHOAS with big ran for 0.001 secs (0.001u,0.s) (success)
Tactic call actual reif for CanonicalStructuresHOAS with big ran for 0.28 secs (0.28u,0.s)
Tactic call eval lazy for CanonicalStructuresHOAS with big ran for 0. secs (0.u,0.s)
Tactic call postprocess for CanonicalStructuresHOAS with big ran for 0. secs (0.u,0.s)
Tactic call norm reif for CanonicalStructuresHOAS with big ran for 0.281 secs (0.281u,0.s)
Tactic call intros _ for CanonicalStructuresHOAS with big ran for 0. secs (0.u,0.s) (success)
Tactic call lazy beta iota for CanonicalStructuresHOAS with big ran for 0. secs (0.u,0.s) (success)
Tactic call reif for CanonicalStructuresHOAS with big ran for 0.281 secs (0.281u,0.s) (success)
Tactic call post for CanonicalStructuresHOAS with big ran for 0. secs (0.u,0.s) (success)
Params: n= 46
Tactic call cbv for CanonicalStructuresHOAS with big ran for 0. secs (0.u,0.s) (success)
Tactic call pre for CanonicalStructuresHOAS with big ran for 0.001 secs (0.001u,0.s) (success)
Tactic call actual reif for CanonicalStructuresHOAS with big ran for 0.301 secs (0.301u,0.s)
Tactic call eval lazy for CanonicalStructuresHOAS with big ran for 0. secs (0.u,0.s)
Tactic call postprocess for CanonicalStructuresHOAS with big ran for 0. secs (0.u,0.s)
Tactic call norm reif for CanonicalStructuresHOAS with big ran for 0.302 secs (0.302u,0.s)
Tactic call intros _ for CanonicalStructuresHOAS with big ran for 0. secs (0.u,0.s) (success)
Tactic call lazy beta iota for CanonicalStructuresHOAS with big ran for 0. secs (0.u,0.s) (success)
Tactic call reif for CanonicalStructuresHOAS with big ran for 0.302 secs (0.302u,0.s) (success)
Tactic call post for CanonicalStructuresHOAS with big ran for 0. secs (0.u,0.s) (success)
Params: n= 47
Tactic call cbv for CanonicalStructuresHOAS with big ran for 0. secs (0.u,0.s) (success)
Tactic call pre for CanonicalStructuresHOAS with big ran for 0.001 secs (0.001u,0.s) (success)
Tactic call actual reif for CanonicalStructuresHOAS with big ran for 0.322 secs (0.322u,0.s)
Tactic call eval lazy for CanonicalStructuresHOAS with big ran for 0. secs (0.u,0.s)
Tactic call postprocess for CanonicalStructuresHOAS with big ran for 0. secs (0.u,0.s)
Tactic call norm reif for CanonicalStructuresHOAS with big ran for 0.322 secs (0.322u,0.s)
Tactic call intros _ for CanonicalStructuresHOAS with big ran for 0. secs (0.u,0.s) (success)
Tactic call lazy beta iota for CanonicalStructuresHOAS with big ran for 0. secs (0.u,0.s) (success)
Tactic call reif for CanonicalStructuresHOAS with big ran for 0.323 secs (0.323u,0.s) (success)
Tactic call post for CanonicalStructuresHOAS with big ran for 0. secs (0.u,0.s) (success)
Params: n= 48
Tactic call cbv for CanonicalStructuresHOAS with big ran for 0. secs (0.u,0.s) (success)
Tactic call pre for CanonicalStructuresHOAS with big ran for 0.001 secs (0.001u,0.s) (success)
Tactic call actual reif for CanonicalStructuresHOAS with big ran for 0.336 secs (0.336u,0.s)
Tactic call eval lazy for CanonicalStructuresHOAS with big ran for 0. secs (0.u,0.s)
Tactic call postprocess for CanonicalStructuresHOAS with big ran for 0. secs (0.u,0.s)
Tactic call norm reif for CanonicalStructuresHOAS with big ran for 0.337 secs (0.337u,0.s)
Tactic call intros _ for CanonicalStructuresHOAS with big ran for 0. secs (0.u,0.s) (success)
Tactic call lazy beta iota for CanonicalStructuresHOAS with big ran for 0. secs (0.u,0.s) (success)
Tactic call reif for CanonicalStructuresHOAS with big ran for 0.337 secs (0.337u,0.s) (success)
Tactic call post for CanonicalStructuresHOAS with big ran for 0. secs (0.u,0.s) (success)
Params: n= 49
Tactic call cbv for CanonicalStructuresHOAS with big ran for 0. secs (0.u,0.s) (success)
Tactic call pre for CanonicalStructuresHOAS with big ran for 0.001 secs (0.001u,0.s) (success)
Tactic call actual reif for CanonicalStructuresHOAS with big ran for 0.358 secs (0.358u,0.s)
Tactic call eval lazy for CanonicalStructuresHOAS with big ran for 0. secs (0.u,0.s)
Tactic call postprocess for CanonicalStructuresHOAS with big ran for 0. secs (0.u,0.s)
Tactic call norm reif for CanonicalStructuresHOAS with big ran for 0.358 secs (0.358u,0.s)
Tactic call intros _ for CanonicalStructuresHOAS with big ran for 0. secs (0.u,0.s) (success)
Tactic call lazy beta iota for CanonicalStructuresHOAS with big ran for 0. secs (0.u,0.s) (success)
Tactic call reif for CanonicalStructuresHOAS with big ran for 0.358 secs (0.358u,0.s) (success)
Tactic call post for CanonicalStructuresHOAS with big ran for 0. secs (0.u,0.s) (success)
Params: n= 50
Tactic call cbv for CanonicalStructuresHOAS with big ran for 0. secs (0.u,0.s) (success)
Tactic call pre for CanonicalStructuresHOAS with big ran for 0.001 secs (0.001u,0.s) (success)
Tactic call actual reif for CanonicalStructuresHOAS with big ran for 0.377 secs (0.377u,0.s)
Tactic call eval lazy for CanonicalStructuresHOAS with big ran for 0. secs (0.u,0.s)
Tactic call postprocess for CanonicalStructuresHOAS with big ran for 0. secs (0.u,0.s)
Tactic call norm reif for CanonicalStructuresHOAS with big ran for 0.378 secs (0.378u,0.s)
Tactic call intros _ for CanonicalStructuresHOAS with big ran for 0. secs (0.u,0.s) (success)
Tactic call lazy beta iota for CanonicalStructuresHOAS with big ran for 0. secs (0.u,0.s) (success)
Tactic call reif for CanonicalStructuresHOAS with big ran for 0.378 secs (0.378u,0.s) (success)
Tactic call post for CanonicalStructuresHOAS with big ran for 0. secs (0.u,0.s) (success)
Params: n= 51
Tactic call cbv for CanonicalStructuresHOAS with big ran for 0. secs (0.u,0.s) (success)
Tactic call pre for CanonicalStructuresHOAS with big ran for 0.001 secs (0.001u,0.s) (success)
Tactic call actual reif for CanonicalStructuresHOAS with big ran for 0.404 secs (0.404u,0.s)
Tactic call eval lazy for CanonicalStructuresHOAS with big ran for 0. secs (0.u,0.s)
Tactic call postprocess for CanonicalStructuresHOAS with big ran for 0. secs (0.u,0.s)
Tactic call norm reif for CanonicalStructuresHOAS with big ran for 0.404 secs (0.404u,0.s)
Tactic call intros _ for CanonicalStructuresHOAS with big ran for 0. secs (0.u,0.s) (success)
Tactic call lazy beta iota for CanonicalStructuresHOAS with big ran for 0. secs (0.u,0.s) (success)
Tactic call reif for CanonicalStructuresHOAS with big ran for 0.404 secs (0.404u,0.s) (success)
Tactic call post for CanonicalStructuresHOAS with big ran for 0. secs (0.u,0.s) (success)
Params: n= 52
Tactic call cbv for CanonicalStructuresHOAS with big ran for 0. secs (0.u,0.s) (success)
Tactic call pre for CanonicalStructuresHOAS with big ran for 0.001 secs (0.001u,0.s) (success)
Tactic call actual reif for CanonicalStructuresHOAS with big ran for 0.421 secs (0.421u,0.s)
Tactic call eval lazy for CanonicalStructuresHOAS with big ran for 0. secs (0.u,0.s)
Tactic call postprocess for CanonicalStructuresHOAS with big ran for 0. secs (0.u,0.s)
Tactic call norm reif for CanonicalStructuresHOAS with big ran for 0.421 secs (0.421u,0.s)
Tactic call intros _ for CanonicalStructuresHOAS with big ran for 0. secs (0.u,0.s) (success)
Tactic call lazy beta iota for CanonicalStructuresHOAS with big ran for 0. secs (0.u,0.s) (success)
Tactic call reif for CanonicalStructuresHOAS with big ran for 0.422 secs (0.422u,0.s) (success)
Tactic call post for CanonicalStructuresHOAS with big ran for 0. secs (0.u,0.s) (success)
Params: n= 53
Tactic call cbv for CanonicalStructuresHOAS with big ran for 0. secs (0.u,0.s) (success)
Tactic call pre for CanonicalStructuresHOAS with big ran for 0.001 secs (0.001u,0.s) (success)
Tactic call actual reif for CanonicalStructuresHOAS with big ran for 0.443 secs (0.439u,0.003s)
Tactic call eval lazy for CanonicalStructuresHOAS with big ran for 0. secs (0.u,0.s)
Tactic call postprocess for CanonicalStructuresHOAS with big ran for 0. secs (0.u,0.s)
Tactic call norm reif for CanonicalStructuresHOAS with big ran for 0.443 secs (0.439u,0.003s)
Tactic call intros _ for CanonicalStructuresHOAS with big ran for 0. secs (0.u,0.s) (success)
Tactic call lazy beta iota for CanonicalStructuresHOAS with big ran for 0. secs (0.u,0.s) (success)
Tactic call reif for CanonicalStructuresHOAS with big ran for 0.443 secs (0.439u,0.003s) (success)
Tactic call post for CanonicalStructuresHOAS with big ran for 0. secs (0.u,0.s) (success)
Params: n= 54
Tactic call cbv for CanonicalStructuresHOAS with big ran for 0. secs (0.u,0.s) (success)
Tactic call pre for CanonicalStructuresHOAS with big ran for 0.001 secs (0.001u,0.s) (success)
Tactic call actual reif for CanonicalStructuresHOAS with big ran for 0.45 secs (0.45u,0.s)
Tactic call eval lazy for CanonicalStructuresHOAS with big ran for 0. secs (0.u,0.s)
Tactic call postprocess for CanonicalStructuresHOAS with big ran for 0. secs (0.u,0.s)
Tactic call norm reif for CanonicalStructuresHOAS with big ran for 0.45 secs (0.45u,0.s)
Tactic call intros _ for CanonicalStructuresHOAS with big ran for 0. secs (0.u,0.s) (success)
Tactic call lazy beta iota for CanonicalStructuresHOAS with big ran for 0. secs (0.u,0.s) (success)
Tactic call reif for CanonicalStructuresHOAS with big ran for 0.45 secs (0.45u,0.s) (success)
Tactic call post for CanonicalStructuresHOAS with big ran for 0. secs (0.u,0.s) (success)
Params: n= 55
Tactic call cbv for CanonicalStructuresHOAS with big ran for 0. secs (0.u,0.s) (success)
Tactic call pre for CanonicalStructuresHOAS with big ran for 0.001 secs (0.001u,0.s) (success)
Tactic call actual reif for CanonicalStructuresHOAS with big ran for 0.471 secs (0.471u,0.s)
Tactic call eval lazy for CanonicalStructuresHOAS with big ran for 0. secs (0.u,0.s)
Tactic call postprocess for CanonicalStructuresHOAS with big ran for 0. secs (0.u,0.s)
Tactic call norm reif for CanonicalStructuresHOAS with big ran for 0.472 secs (0.472u,0.s)
Tactic call intros _ for CanonicalStructuresHOAS with big ran for 0. secs (0.u,0.s) (success)
Tactic call lazy beta iota for CanonicalStructuresHOAS with big ran for 0. secs (0.u,0.s) (success)
Tactic call reif for CanonicalStructuresHOAS with big ran for 0.472 secs (0.472u,0.s) (success)
Tactic call post for CanonicalStructuresHOAS with big ran for 0. secs (0.u,0.s) (success)
Params: n= 56
Tactic call cbv for CanonicalStructuresHOAS with big ran for 0. secs (0.u,0.s) (success)
Tactic call pre for CanonicalStructuresHOAS with big ran for 0.001 secs (0.001u,0.s) (success)
Tactic call actual reif for CanonicalStructuresHOAS with big ran for 0.501 secs (0.501u,0.s)
Tactic call eval lazy for CanonicalStructuresHOAS with big ran for 0. secs (0.u,0.s)
Tactic call postprocess for CanonicalStructuresHOAS with big ran for 0. secs (0.u,0.s)
Tactic call norm reif for CanonicalStructuresHOAS with big ran for 0.502 secs (0.501u,0.s)
Tactic call intros _ for CanonicalStructuresHOAS with big ran for 0. secs (0.u,0.s) (success)
Tactic call lazy beta iota for CanonicalStructuresHOAS with big ran for 0. secs (0.u,0.s) (success)
Tactic call reif for CanonicalStructuresHOAS with big ran for 0.502 secs (0.502u,0.s) (success)
Tactic call post for CanonicalStructuresHOAS with big ran for 0. secs (0.u,0.s) (success)
Params: n= 57
Tactic call cbv for CanonicalStructuresHOAS with big ran for 0. secs (0.u,0.s) (success)
Tactic call pre for CanonicalStructuresHOAS with big ran for 0.001 secs (0.001u,0.s) (success)
Tactic call actual reif for CanonicalStructuresHOAS with big ran for 0.524 secs (0.524u,0.s)
Tactic call eval lazy for CanonicalStructuresHOAS with big ran for 0. secs (0.u,0.s)
Tactic call postprocess for CanonicalStructuresHOAS with big ran for 0. secs (0.u,0.s)
Tactic call norm reif for CanonicalStructuresHOAS with big ran for 0.524 secs (0.524u,0.s)
Tactic call intros _ for CanonicalStructuresHOAS with big ran for 0. secs (0.u,0.s) (success)
Tactic call lazy beta iota for CanonicalStructuresHOAS with big ran for 0. secs (0.u,0.s) (success)
Tactic call reif for CanonicalStructuresHOAS with big ran for 0.524 secs (0.524u,0.s) (success)
Tactic call post for CanonicalStructuresHOAS with big ran for 0. secs (0.u,0.s) (success)
Params: n= 58
Tactic call cbv for CanonicalStructuresHOAS with big ran for 0. secs (0.u,0.s) (success)
Tactic call pre for CanonicalStructuresHOAS with big ran for 0.001 secs (0.001u,0.s) (success)
Tactic call actual reif for CanonicalStructuresHOAS with big ran for 0.546 secs (0.546u,0.s)
Tactic call eval lazy for CanonicalStructuresHOAS with big ran for 0. secs (0.u,0.s)
Tactic call postprocess for CanonicalStructuresHOAS with big ran for 0. secs (0.u,0.s)
Tactic call norm reif for CanonicalStructuresHOAS with big ran for 0.547 secs (0.547u,0.s)
Tactic call intros _ for CanonicalStructuresHOAS with big ran for 0. secs (0.u,0.s) (success)
Tactic call lazy beta iota for CanonicalStructuresHOAS with big ran for 0. secs (0.u,0.s) (success)
Tactic call reif for CanonicalStructuresHOAS with big ran for 0.547 secs (0.547u,0.s) (success)
Tactic call post for CanonicalStructuresHOAS with big ran for 0. secs (0.u,0.s) (success)
Params: n= 59
Tactic call cbv for CanonicalStructuresHOAS with big ran for 0. secs (0.u,0.s) (success)
Tactic call pre for CanonicalStructuresHOAS with big ran for 0.001 secs (0.001u,0.s) (success)
Tactic call actual reif for CanonicalStructuresHOAS with big ran for 0.581 secs (0.576u,0.003s)
Tactic call eval lazy for CanonicalStructuresHOAS with big ran for 0. secs (0.u,0.s)
Tactic call postprocess for CanonicalStructuresHOAS with big ran for 0. secs (0.u,0.s)
Tactic call norm reif for CanonicalStructuresHOAS with big ran for 0.582 secs (0.576u,0.003s)
Tactic call intros _ for CanonicalStructuresHOAS with big ran for 0. secs (0.u,0.s) (success)
Tactic call lazy beta iota for CanonicalStructuresHOAS with big ran for 0. secs (0.u,0.s) (success)
Tactic call reif for CanonicalStructuresHOAS with big ran for 0.582 secs (0.576u,0.003s) (success)
Tactic call post for CanonicalStructuresHOAS with big ran for 0. secs (0.u,0.s) (success)
Params: n= 60
Tactic call cbv for CanonicalStructuresHOAS with big ran for 0. secs (0.u,0.s) (success)
Tactic call pre for CanonicalStructuresHOAS with big ran for 0.001 secs (0.001u,0.s) (success)
Tactic call actual reif for CanonicalStructuresHOAS with big ran for 0.604 secs (0.604u,0.s)
Tactic call eval lazy for CanonicalStructuresHOAS with big ran for 0. secs (0.u,0.s)
Tactic call postprocess for CanonicalStructuresHOAS with big ran for 0. secs (0.u,0.s)
Tactic call norm reif for CanonicalStructuresHOAS with big ran for 0.604 secs (0.604u,0.s)
Tactic call intros _ for CanonicalStructuresHOAS with big ran for 0. secs (0.u,0.s) (success)
Tactic call lazy beta iota for CanonicalStructuresHOAS with big ran for 0. secs (0.u,0.s) (success)
Tactic call reif for CanonicalStructuresHOAS with big ran for 0.604 secs (0.604u,0.s) (success)
Tactic call post for CanonicalStructuresHOAS with big ran for 0. secs (0.u,0.s) (success)
