Params: n= 10
Tactic call noop-repeat-setoid_rewrite-regression-cubic ran for 0.006 secs (0.002u,0.003s) (success)
Tactic call noop-repeat-rewrite_strat-topdown-regression-cubic ran for 0.005 secs (0.005u,0.s) (success)
Tactic call noop-repeat-rewrite_strat-bottomup-regression-cubic ran for 0.006 secs (0.006u,0.s) (success)
Params: n= 20
Tactic call noop-repeat-setoid_rewrite-regression-cubic ran for 0.012 secs (0.012u,0.s) (success)
Tactic call noop-repeat-rewrite_strat-topdown-regression-cubic ran for 0.013 secs (0.005u,0.008s) (success)
Tactic call noop-repeat-rewrite_strat-bottomup-regression-cubic ran for 0.012 secs (0.009u,0.003s) (success)
Params: n= 30
Tactic call noop-repeat-setoid_rewrite-regression-cubic ran for 0.075 secs (0.071u,0.003s) (success)
Tactic call noop-repeat-rewrite_strat-topdown-regression-cubic ran for 0.018 secs (0.018u,0.s) (success)
Tactic call noop-repeat-rewrite_strat-bottomup-regression-cubic ran for 0.016 secs (0.013u,0.003s) (success)
Params: n= 40
Tactic call noop-repeat-setoid_rewrite-regression-cubic ran for 0.027 secs (0.027u,0.s) (success)
Tactic call noop-repeat-rewrite_strat-topdown-regression-cubic ran for 0.026 secs (0.025u,0.s) (success)
Tactic call noop-repeat-rewrite_strat-bottomup-regression-cubic ran for 0.026 secs (0.026u,0.s) (success)
Params: n= 60
Tactic call noop-repeat-setoid_rewrite-regression-cubic ran for 0.05 secs (0.05u,0.s) (success)
Tactic call noop-repeat-rewrite_strat-topdown-regression-cubic ran for 0.049 secs (0.049u,0.s) (success)
Tactic call noop-repeat-rewrite_strat-bottomup-regression-cubic ran for 0.059 secs (0.059u,0.s) (success)
Params: n= 70
Tactic call noop-repeat-setoid_rewrite-regression-cubic ran for 0.063 secs (0.063u,0.s) (success)
Tactic call noop-repeat-rewrite_strat-topdown-regression-cubic ran for 0.062 secs (0.062u,0.s) (success)
Tactic call noop-repeat-rewrite_strat-bottomup-regression-cubic ran for 0.076 secs (0.076u,0.s) (success)
Params: n= 80
Tactic call noop-repeat-setoid_rewrite-regression-cubic ran for 0.081 secs (0.081u,0.s) (success)
Tactic call noop-repeat-rewrite_strat-topdown-regression-cubic ran for 0.079 secs (0.075u,0.003s) (success)
Tactic call noop-repeat-rewrite_strat-bottomup-regression-cubic ran for 0.136 secs (0.136u,0.s) (success)
Params: n= 90
Tactic call noop-repeat-setoid_rewrite-regression-cubic ran for 0.121 secs (0.121u,0.s) (success)
Tactic call noop-repeat-rewrite_strat-topdown-regression-cubic ran for 0.09 secs (0.09u,0.s) (success)
Tactic call noop-repeat-rewrite_strat-bottomup-regression-cubic ran for 0.112 secs (0.112u,0.s) (success)
Params: n= 110
Tactic call noop-repeat-setoid_rewrite-regression-cubic ran for 0.135 secs (0.135u,0.s) (success)
Tactic call noop-repeat-rewrite_strat-topdown-regression-cubic ran for 0.134 secs (0.134u,0.s) (success)
Tactic call noop-repeat-rewrite_strat-bottomup-regression-cubic ran for 0.131 secs (0.131u,0.s) (success)
Params: n= 120
Tactic call noop-repeat-setoid_rewrite-regression-cubic ran for 0.163 secs (0.163u,0.s) (success)
Tactic call noop-repeat-rewrite_strat-topdown-regression-cubic ran for 0.152 secs (0.152u,0.s) (success)
Tactic call noop-repeat-rewrite_strat-bottomup-regression-cubic ran for 0.149 secs (0.149u,0.s) (success)
Params: n= 130
Tactic call noop-repeat-setoid_rewrite-regression-cubic ran for 0.176 secs (0.176u,0.s) (success)
Tactic call noop-repeat-rewrite_strat-topdown-regression-cubic ran for 0.182 secs (0.182u,0.s) (success)
Tactic call noop-repeat-rewrite_strat-bottomup-regression-cubic ran for 0.182 secs (0.182u,0.s) (success)
Params: n= 140
Tactic call noop-repeat-setoid_rewrite-regression-cubic ran for 0.203 secs (0.203u,0.s) (success)
Tactic call noop-repeat-rewrite_strat-topdown-regression-cubic ran for 0.204 secs (0.204u,0.s) (success)
Tactic call noop-repeat-rewrite_strat-bottomup-regression-cubic ran for 0.203 secs (0.203u,0.s) (success)
Params: n= 160
Tactic call noop-repeat-setoid_rewrite-regression-cubic ran for 0.256 secs (0.256u,0.s) (success)
Tactic call noop-repeat-rewrite_strat-topdown-regression-cubic ran for 0.261 secs (0.261u,0.s) (success)
Tactic call noop-repeat-rewrite_strat-bottomup-regression-cubic ran for 0.25 secs (0.25u,0.s) (success)
Params: n= 170
Tactic call noop-repeat-setoid_rewrite-regression-cubic ran for 0.278 secs (0.278u,0.s) (success)
Tactic call noop-repeat-rewrite_strat-topdown-regression-cubic ran for 0.286 secs (0.286u,0.s) (success)
Tactic call noop-repeat-rewrite_strat-bottomup-regression-cubic ran for 0.292 secs (0.292u,0.s) (success)
Params: n= 180
Tactic call noop-repeat-setoid_rewrite-regression-cubic ran for 0.315 secs (0.315u,0.s) (success)
Tactic call noop-repeat-rewrite_strat-topdown-regression-cubic ran for 0.321 secs (0.321u,0.s) (success)
Tactic call noop-repeat-rewrite_strat-bottomup-regression-cubic ran for 0.327 secs (0.327u,0.s) (success)
Params: n= 190
Tactic call noop-repeat-setoid_rewrite-regression-cubic ran for 0.344 secs (0.344u,0.s) (success)
Tactic call noop-repeat-rewrite_strat-topdown-regression-cubic ran for 0.345 secs (0.345u,0.s) (success)
Tactic call noop-repeat-rewrite_strat-bottomup-regression-cubic ran for 0.364 secs (0.364u,0.s) (success)
