Params: n= 4
Tactic call reify-regression-cubic ran for 0.003 secs (0.003u,0.s)
Tactic call abstract-regression-linear ran for 0. secs (0.u,0.s) (success)
Params: n= 5
Tactic call reify-regression-cubic ran for 0.004 secs (0.004u,0.s)
Tactic call abstract-regression-linear ran for 0. secs (0.u,0.s) (success)
Params: n= 6
Tactic call reify-regression-cubic ran for 0.005 secs (0.005u,0.s)
Tactic call abstract-regression-linear ran for 0. secs (0.u,0.s) (success)
Params: n= 7
Tactic call reify-regression-cubic ran for 0.006 secs (0.006u,0.s)
Tactic call abstract-regression-linear ran for 0. secs (0.u,0.s) (success)
Params: n= 8
Tactic call reify-regression-cubic ran for 0.008 secs (0.008u,0.s)
Tactic call abstract-regression-linear ran for 0. secs (0.u,0.s) (success)
Params: n= 9
Tactic call reify-regression-cubic ran for 0.009 secs (0.005u,0.003s)
Tactic call abstract-regression-linear ran for 0. secs (0.u,0.s) (success)
Params: n= 10
Tactic call reify-regression-cubic ran for 0.049 secs (0.03u,0.018s)
Tactic call abstract-regression-linear ran for 0. secs (0.u,0.s) (success)
Params: n= 11
Tactic call reify-regression-cubic ran for 0.011 secs (0.011u,0.s)
Tactic call abstract-regression-linear ran for 0. secs (0.u,0.s) (success)
Params: n= 12
Tactic call reify-regression-cubic ran for 0.012 secs (0.012u,0.s)
Tactic call abstract-regression-linear ran for 0. secs (0.u,0.s) (success)
Params: n= 13
Tactic call reify-regression-cubic ran for 0.014 secs (0.014u,0.s)
Tactic call abstract-regression-linear ran for 0. secs (0.u,0.s) (success)
Params: n= 14
Tactic call reify-regression-cubic ran for 0.017 secs (0.017u,0.s)
Tactic call abstract-regression-linear ran for 0. secs (0.u,0.s) (success)
Params: n= 15
Tactic call reify-regression-cubic ran for 0.018 secs (0.018u,0.s)
Tactic call abstract-regression-linear ran for 0. secs (0.u,0.s) (success)
Params: n= 16
Tactic call reify-regression-cubic ran for 0.021 secs (0.021u,0.s)
Tactic call abstract-regression-linear ran for 0. secs (0.u,0.s) (success)
Params: n= 17
Tactic call reify-regression-cubic ran for 0.025 secs (0.025u,0.s)
Tactic call abstract-regression-linear ran for 0. secs (0.u,0.s) (success)
Params: n= 18
Tactic call reify-regression-cubic ran for 0.025 secs (0.025u,0.s)
Tactic call abstract-regression-linear ran for 0. secs (0.u,0.s) (success)
Params: n= 19
Tactic call reify-regression-cubic ran for 0.029 secs (0.029u,0.s)
Tactic call abstract-regression-linear ran for 0. secs (0.u,0.s) (success)
Params: n= 20
Tactic call reify-regression-cubic ran for 0.033 secs (0.033u,0.s)
Tactic call abstract-regression-linear ran for 0. secs (0.u,0.s) (success)
Params: n= 21
Tactic call reify-regression-cubic ran for 0.035 secs (0.035u,0.s)
Tactic call abstract-regression-linear ran for 0. secs (0.u,0.s) (success)
Params: n= 22
Tactic call reify-regression-cubic ran for 0.039 secs (0.039u,0.s)
Tactic call abstract-regression-linear ran for 0. secs (0.u,0.s) (success)
Params: n= 23
Tactic call reify-regression-cubic ran for 0.045 secs (0.045u,0.s)
Tactic call abstract-regression-linear ran for 0. secs (0.u,0.s) (success)
Params: n= 24
Tactic call reify-regression-cubic ran for 0.047 secs (0.047u,0.s)
Tactic call abstract-regression-linear ran for 0. secs (0.u,0.s) (success)
Params: n= 25
Tactic call reify-regression-cubic ran for 0.054 secs (0.054u,0.s)
Tactic call abstract-regression-linear ran for 0. secs (0.u,0.s) (success)
Params: n= 26
Tactic call reify-regression-cubic ran for 0.057 secs (0.057u,0.s)
Tactic call abstract-regression-linear ran for 0. secs (0.u,0.s) (success)
Params: n= 27
Tactic call reify-regression-cubic ran for 0.064 secs (0.064u,0.s)
Tactic call abstract-regression-linear ran for 0. secs (0.u,0.s) (success)
Params: n= 28
Tactic call reify-regression-cubic ran for 0.066 secs (0.066u,0.s)
Tactic call abstract-regression-linear ran for 0. secs (0.u,0.s) (success)
Params: n= 29
Tactic call reify-regression-cubic ran for 0.074 secs (0.074u,0.s)
Tactic call abstract-regression-linear ran for 0. secs (0.u,0.s) (success)
Params: n= 30
Tactic call reify-regression-cubic ran for 0.078 secs (0.078u,0.s)
Tactic call abstract-regression-linear ran for 0. secs (0.u,0.s) (success)
Params: n= 31
Tactic call reify-regression-cubic ran for 0.084 secs (0.084u,0.s)
Tactic call abstract-regression-linear ran for 0. secs (0.u,0.s) (success)
Params: n= 32
Tactic call reify-regression-cubic ran for 0.095 secs (0.095u,0.s)
Tactic call abstract-regression-linear ran for 0. secs (0.u,0.s) (success)
Params: n= 33
Tactic call reify-regression-cubic ran for 0.099 secs (0.099u,0.s)
Tactic call abstract-regression-linear ran for 0. secs (0.u,0.s) (success)
Params: n= 34
Tactic call reify-regression-cubic ran for 0.103 secs (0.103u,0.s)
Tactic call abstract-regression-linear ran for 0. secs (0.u,0.s) (success)
Params: n= 35
Tactic call reify-regression-cubic ran for 0.112 secs (0.112u,0.s)
Tactic call abstract-regression-linear ran for 0. secs (0.u,0.s) (success)
Params: n= 36
Tactic call reify-regression-cubic ran for 0.121 secs (0.121u,0.s)
Tactic call abstract-regression-linear ran for 0. secs (0.u,0.s) (success)
Params: n= 37
Tactic call reify-regression-cubic ran for 0.129 secs (0.129u,0.s)
Tactic call abstract-regression-linear ran for 0. secs (0.u,0.s) (success)
Params: n= 38
Tactic call reify-regression-cubic ran for 0.137 secs (0.137u,0.s)
Tactic call abstract-regression-linear ran for 0. secs (0.u,0.s) (success)
Params: n= 39
Tactic call reify-regression-cubic ran for 0.149 secs (0.149u,0.s)
Tactic call abstract-regression-linear ran for 0. secs (0.u,0.s) (success)
Params: n= 40
Tactic call reify-regression-cubic ran for 0.162 secs (0.162u,0.s)
Tactic call abstract-regression-linear ran for 0. secs (0.u,0.s) (success)
Params: n= 41
Tactic call reify-regression-cubic ran for 0.177 secs (0.177u,0.s)
Tactic call abstract-regression-linear ran for 0. secs (0.u,0.s) (success)
Params: n= 42
Tactic call reify-regression-cubic ran for 0.18 secs (0.18u,0.s)
Tactic call abstract-regression-linear ran for 0. secs (0.u,0.s) (success)
Params: n= 43
Tactic call reify-regression-cubic ran for 0.195 secs (0.195u,0.s)
Tactic call abstract-regression-linear ran for 0. secs (0.u,0.s) (success)
Params: n= 44
Tactic call reify-regression-cubic ran for 0.199 secs (0.199u,0.s)
Tactic call abstract-regression-linear ran for 0. secs (0.u,0.s) (success)
Params: n= 45
Tactic call reify-regression-cubic ran for 0.213 secs (0.213u,0.s)
Tactic call abstract-regression-linear ran for 0. secs (0.u,0.s) (success)
Params: n= 46
Tactic call reify-regression-cubic ran for 0.223 secs (0.223u,0.s)
Tactic call abstract-regression-linear ran for 0. secs (0.u,0.s) (success)
Params: n= 47
Tactic call reify-regression-cubic ran for 0.239 secs (0.239u,0.s)
Tactic call abstract-regression-linear ran for 0. secs (0.u,0.s) (success)
Params: n= 48
Tactic call reify-regression-cubic ran for 0.251 secs (0.247u,0.003s)
Tactic call abstract-regression-linear ran for 0. secs (0.u,0.s) (success)
Params: n= 49
Tactic call reify-regression-cubic ran for 0.264 secs (0.264u,0.s)
Tactic call abstract-regression-linear ran for 0. secs (0.u,0.s) (success)
Params: n= 50
Tactic call reify-regression-cubic ran for 0.279 secs (0.279u,0.s)
Tactic call abstract-regression-linear ran for 0. secs (0.u,0.s) (success)
Params: n= 51
Tactic call reify-regression-cubic ran for 0.296 secs (0.288u,0.007s)
Tactic call abstract-regression-linear ran for 0.001 secs (0.001u,0.s) (success)
Params: n= 52
Tactic call reify-regression-cubic ran for 0.324 secs (0.32u,0.003s)
Tactic call abstract-regression-linear ran for 0.001 secs (0.u,0.s) (success)
Params: n= 53
Tactic call reify-regression-cubic ran for 0.341 secs (0.341u,0.s)
Tactic call abstract-regression-linear ran for 0.001 secs (0.001u,0.s) (success)
Params: n= 54
Tactic call reify-regression-cubic ran for 0.355 secs (0.355u,0.s)
Tactic call abstract-regression-linear ran for 0.001 secs (0.001u,0.s) (success)
Params: n= 55
Tactic call reify-regression-cubic ran for 0.379 secs (0.379u,0.s)
Tactic call abstract-regression-linear ran for 0.001 secs (0.001u,0.s) (success)
Params: n= 56
Tactic call reify-regression-cubic ran for 0.397 secs (0.397u,0.s)
Tactic call abstract-regression-linear ran for 0.001 secs (0.001u,0.s) (success)
Params: n= 57
Tactic call reify-regression-cubic ran for 0.413 secs (0.413u,0.s)
Tactic call abstract-regression-linear ran for 0.001 secs (0.001u,0.s) (success)
Params: n= 58
Tactic call reify-regression-cubic ran for 0.427 secs (0.427u,0.s)
Tactic call abstract-regression-linear ran for 0.001 secs (0.001u,0.s) (success)
Params: n= 59
Tactic call reify-regression-cubic ran for 0.446 secs (0.446u,0.s)
Tactic call abstract-regression-linear ran for 0.001 secs (0.001u,0.s) (success)
Params: n= 60
Tactic call reify-regression-cubic ran for 0.466 secs (0.465u,0.s)
Tactic call abstract-regression-linear ran for 0.001 secs (0.001u,0.s) (success)
Params: n= 61
Tactic call reify-regression-cubic ran for 0.49 secs (0.49u,0.s)
Tactic call abstract-regression-linear ran for 0.001 secs (0.001u,0.s) (success)
Params: n= 62
Tactic call reify-regression-cubic ran for 0.516 secs (0.516u,0.s)
Tactic call abstract-regression-linear ran for 0.001 secs (0.001u,0.s) (success)
Params: n= 63
Tactic call reify-regression-cubic ran for 0.539 secs (0.539u,0.s)
Tactic call abstract-regression-linear ran for 0.001 secs (0.001u,0.s) (success)
Params: n= 64
Tactic call reify-regression-cubic ran for 0.567 secs (0.566u,0.s)
Tactic call abstract-regression-linear ran for 0.001 secs (0.001u,0.s) (success)
Params: n= 65
Tactic call reify-regression-cubic ran for 0.591 secs (0.591u,0.s)
Tactic call abstract-regression-linear ran for 0.001 secs (0.001u,0.s) (success)
Params: n= 66
Tactic call reify-regression-cubic ran for 0.629 secs (0.629u,0.s)
Tactic call abstract-regression-linear ran for 0.001 secs (0.001u,0.s) (success)
Params: n= 67
Tactic call reify-regression-cubic ran for 0.66 secs (0.66u,0.s)
Tactic call abstract-regression-linear ran for 0.001 secs (0.001u,0.s) (success)
Params: n= 68
Tactic call reify-regression-cubic ran for 0.687 secs (0.687u,0.s)
Tactic call abstract-regression-linear ran for 0.001 secs (0.001u,0.s) (success)
Params: n= 69
Tactic call reify-regression-cubic ran for 0.719 secs (0.719u,0.s)
Tactic call abstract-regression-linear ran for 0.001 secs (0.001u,0.s) (success)
Params: n= 70
Tactic call reify-regression-cubic ran for 0.733 secs (0.733u,0.s)
Tactic call abstract-regression-linear ran for 0.001 secs (0.001u,0.s) (success)
Params: n= 71
Tactic call reify-regression-cubic ran for 0.766 secs (0.766u,0.s)
Tactic call abstract-regression-linear ran for 0.001 secs (0.001u,0.s) (success)
Params: n= 72
Tactic call reify-regression-cubic ran for 0.805 secs (0.805u,0.s)
Tactic call abstract-regression-linear ran for 0.001 secs (0.001u,0.s) (success)
Params: n= 73
Tactic call reify-regression-cubic ran for 0.795 secs (0.795u,0.s)
Tactic call abstract-regression-linear ran for 0.001 secs (0.001u,0.s) (success)
Params: n= 74
Tactic call reify-regression-cubic ran for 0.821 secs (0.821u,0.s)
Tactic call abstract-regression-linear ran for 0.001 secs (0.001u,0.s) (success)
Params: n= 75
Tactic call reify-regression-cubic ran for 0.853 secs (0.853u,0.s)
Tactic call abstract-regression-linear ran for 0.001 secs (0.001u,0.s) (success)
Params: n= 76
Tactic call reify-regression-cubic ran for 0.9 secs (0.9u,0.s)
Tactic call abstract-regression-linear ran for 0.001 secs (0.001u,0.s) (success)
Params: n= 77
Tactic call reify-regression-cubic ran for 0.943 secs (0.943u,0.s)
Tactic call abstract-regression-linear ran for 0.001 secs (0.001u,0.s) (success)
Params: n= 78
Tactic call reify-regression-cubic ran for 0.972 secs (0.972u,0.s)
Tactic call abstract-regression-linear ran for 0.001 secs (0.001u,0.s) (success)
Params: n= 79
Tactic call reify-regression-cubic ran for 1.002 secs (1.002u,0.s)
Tactic call abstract-regression-linear ran for 0.001 secs (0.001u,0.s) (success)
Params: n= 80
Tactic call reify-regression-cubic ran for 1.038 secs (1.038u,0.s)
Tactic call abstract-regression-linear ran for 0.001 secs (0.001u,0.s) (success)
Params: n= 81
Tactic call reify-regression-cubic ran for 1.115 secs (1.114u,0.s)
Tactic call abstract-regression-linear ran for 0.001 secs (0.001u,0.s) (success)
Params: n= 82
Tactic call reify-regression-cubic ran for 1.188 secs (1.188u,0.s)
Tactic call abstract-regression-linear ran for 0.001 secs (0.001u,0.s) (success)
Params: n= 83
Tactic call reify-regression-cubic ran for 1.23 secs (1.23u,0.s)
Tactic call abstract-regression-linear ran for 0.001 secs (0.001u,0.s) (success)
Params: n= 84
Tactic call reify-regression-cubic ran for 1.291 secs (1.291u,0.s)
Tactic call abstract-regression-linear ran for 0.001 secs (0.001u,0.s) (success)
Params: n= 85
Tactic call reify-regression-cubic ran for 1.354 secs (1.354u,0.s)
Tactic call abstract-regression-linear ran for 0.001 secs (0.001u,0.s) (success)
Params: n= 86
Tactic call reify-regression-cubic ran for 1.404 secs (1.404u,0.s)
Tactic call abstract-regression-linear ran for 0.001 secs (0.001u,0.s) (success)
Params: n= 87
Tactic call reify-regression-cubic ran for 1.438 secs (1.438u,0.s)
Tactic call abstract-regression-linear ran for 0.001 secs (0.001u,0.s) (success)
Params: n= 88
Tactic call reify-regression-cubic ran for 1.475 secs (1.475u,0.s)
Tactic call abstract-regression-linear ran for 0.001 secs (0.001u,0.s) (success)
Params: n= 89
Tactic call reify-regression-cubic ran for 1.522 secs (1.522u,0.s)
Tactic call abstract-regression-linear ran for 0.001 secs (0.001u,0.s) (success)
Params: n= 90
Tactic call reify-regression-cubic ran for 1.592 secs (1.592u,0.s)
Tactic call abstract-regression-linear ran for 0.001 secs (0.001u,0.s) (success)
Params: n= 91
Tactic call reify-regression-cubic ran for 1.66 secs (1.66u,0.s)
Tactic call abstract-regression-linear ran for 0.001 secs (0.001u,0.s) (success)
Params: n= 92
Tactic call reify-regression-cubic ran for 1.737 secs (1.737u,0.s)
Tactic call abstract-regression-linear ran for 0.001 secs (0.001u,0.s) (success)
Params: n= 93
Tactic call reify-regression-cubic ran for 1.784 secs (1.784u,0.s)
Tactic call abstract-regression-linear ran for 0.001 secs (0.001u,0.s) (success)
Params: n= 94
Tactic call reify-regression-cubic ran for 1.843 secs (1.843u,0.s)
Tactic call abstract-regression-linear ran for 0.001 secs (0.001u,0.s) (success)
Params: n= 95
Tactic call reify-regression-cubic ran for 1.888 secs (1.888u,0.s)
Tactic call abstract-regression-linear ran for 0.001 secs (0.001u,0.s) (success)
Params: n= 96
Tactic call reify-regression-cubic ran for 1.953 secs (1.953u,0.s)
Tactic call abstract-regression-linear ran for 0.001 secs (0.001u,0.s) (success)
Params: n= 97
Tactic call reify-regression-cubic ran for 2.036 secs (2.036u,0.s)
Tactic call abstract-regression-linear ran for 0.001 secs (0.001u,0.s) (success)
Params: n= 98
Tactic call reify-regression-cubic ran for 2.123 secs (2.123u,0.s)
Tactic call abstract-regression-linear ran for 0.001 secs (0.001u,0.s) (success)
Params: n= 99
Tactic call reify-regression-cubic ran for 2.226 secs (2.226u,0.s)
Tactic call abstract-regression-linear ran for 0.001 secs (0.001u,0.s) (success)
Params: n= 100
Tactic call reify-regression-cubic ran for 2.217 secs (2.217u,0.s)
Tactic call abstract-regression-linear ran for 0.001 secs (0.001u,0.s) (success)
