Params: n= 50
Tactic call rewrite!-regression-quadratic ran for 0.029 secs (0.029u,0.s) (success)
Tactic call rewrite?-noop-regression-linear ran for 0. secs (0.u,0.s) (success)
Tactic call abstract+rewrite!-regression-quadratic ran for 0.049 secs (0.049u,0.s) (success)
Tactic call close-abstract+rewrite!-regression-quadratic ran for 0.018 secs (0.018u,0.s)
Params: n= 100
Tactic call rewrite!-regression-quadratic ran for 0.13 secs (0.126u,0.003s) (success)
Tactic call rewrite?-noop-regression-linear ran for 0.001 secs (0.001u,0.s) (success)
Tactic call abstract+rewrite!-regression-quadratic ran for 0.202 secs (0.198u,0.003s) (success)
Tactic call close-abstract+rewrite!-regression-quadratic ran for 0.07 secs (0.07u,0.s)
Params: n= 150
Tactic call rewrite!-regression-quadratic ran for 0.379 secs (0.379u,0.s) (success)
Tactic call rewrite?-noop-regression-linear ran for 0.002 secs (0.001u,0.s) (success)
Tactic call abstract+rewrite!-regression-quadratic ran for 0.559 secs (0.559u,0.s) (success)
Tactic call close-abstract+rewrite!-regression-quadratic ran for 0.177 secs (0.177u,0.s)
Params: n= 200
Tactic call rewrite!-regression-quadratic ran for 0.605 secs (0.601u,0.003s) (success)
Tactic call rewrite?-noop-regression-linear ran for 0.002 secs (0.002u,0.s) (success)
Tactic call abstract+rewrite!-regression-quadratic ran for 1.056 secs (1.052u,0.003s) (success)
Tactic call close-abstract+rewrite!-regression-quadratic ran for 0.448 secs (0.448u,0.s)
Params: n= 250
Tactic call rewrite!-regression-quadratic ran for 0.777 secs (0.777u,0.s) (success)
Tactic call rewrite?-noop-regression-linear ran for 0.004 secs (0.004u,0.s) (success)
Tactic call abstract+rewrite!-regression-quadratic ran for 1.294 secs (1.286u,0.007s) (success)
Tactic call close-abstract+rewrite!-regression-quadratic ran for 0.511 secs (0.503u,0.007s)
Params: n= 300
Tactic call rewrite!-regression-quadratic ran for 1.185 secs (1.181u,0.003s) (success)
Tactic call rewrite?-noop-regression-linear ran for 0.005 secs (0.005u,0.s) (success)
Tactic call abstract+rewrite!-regression-quadratic ran for 1.902 secs (1.898u,0.003s) (success)
Tactic call close-abstract+rewrite!-regression-quadratic ran for 0.706 secs (0.706u,0.s)
Params: n= 350
Tactic call rewrite!-regression-quadratic ran for 1.563 secs (1.555u,0.007s) (success)
Tactic call rewrite?-noop-regression-linear ran for 0.006 secs (0.006u,0.s) (success)
Tactic call abstract+rewrite!-regression-quadratic ran for 2.585 secs (2.569u,0.015s) (success)
Tactic call close-abstract+rewrite!-regression-quadratic ran for 1.012 secs (1.004u,0.008s)
Params: n= 400
Tactic call rewrite!-regression-quadratic ran for 2.18 secs (2.176u,0.003s) (success)
Tactic call rewrite?-noop-regression-linear ran for 0.009 secs (0.009u,0.s) (success)
Tactic call abstract+rewrite!-regression-quadratic ran for 3.379 secs (3.366u,0.011s) (success)
Tactic call close-abstract+rewrite!-regression-quadratic ran for 1.188 secs (1.18u,0.007s)
