Params: n= 31
Tactic call cbv for CanonicalStructuresPHOAS with big ran for 0. secs (0.u,0.s) (success)
Tactic call pre for CanonicalStructuresPHOAS with big ran for 0.001 secs (0.001u,0.s) (success)
Tactic call actual reif for CanonicalStructuresPHOAS with big ran for 0.447 secs (0.447u,0.s)
Tactic call eval lazy for CanonicalStructuresPHOAS with big ran for 0. secs (0.u,0.s)
Tactic call postprocess for CanonicalStructuresPHOAS with big ran for 0. secs (0.u,0.s)
Tactic call norm reif for CanonicalStructuresPHOAS with big ran for 0.448 secs (0.448u,0.s)
Tactic call intros _ for CanonicalStructuresPHOAS with big ran for 0. secs (0.u,0.s) (success)
Tactic call lazy beta iota for CanonicalStructuresPHOAS with big ran for 0. secs (0.u,0.s) (success)
Tactic call reif for CanonicalStructuresPHOAS with big ran for 0.448 secs (0.448u,0.s) (success)
Tactic call post for CanonicalStructuresPHOAS with big ran for 0. secs (0.u,0.s) (success)
Params: n= 32
Tactic call cbv for CanonicalStructuresPHOAS with big ran for 0. secs (0.u,0.s) (success)
Tactic call pre for CanonicalStructuresPHOAS with big ran for 0.001 secs (0.001u,0.s) (success)
Tactic call actual reif for CanonicalStructuresPHOAS with big ran for 0.442 secs (0.442u,0.s)
Tactic call eval lazy for CanonicalStructuresPHOAS with big ran for 0. secs (0.u,0.s)
Tactic call postprocess for CanonicalStructuresPHOAS with big ran for 0. secs (0.u,0.s)
Tactic call norm reif for CanonicalStructuresPHOAS with big ran for 0.443 secs (0.443u,0.s)
Tactic call intros _ for CanonicalStructuresPHOAS with big ran for 0. secs (0.u,0.s) (success)
Tactic call lazy beta iota for CanonicalStructuresPHOAS with big ran for 0. secs (0.u,0.s) (success)
Tactic call reif for CanonicalStructuresPHOAS with big ran for 0.443 secs (0.443u,0.s) (success)
Tactic call post for CanonicalStructuresPHOAS with big ran for 0. secs (0.u,0.s) (success)
Params: n= 33
Tactic call cbv for CanonicalStructuresPHOAS with big ran for 0. secs (0.u,0.s) (success)
Tactic call pre for CanonicalStructuresPHOAS with big ran for 0.001 secs (0.001u,0.s) (success)
Tactic call actual reif for CanonicalStructuresPHOAS with big ran for 0.485 secs (0.482u,0.003s)
Tactic call eval lazy for CanonicalStructuresPHOAS with big ran for 0. secs (0.u,0.s)
Tactic call postprocess for CanonicalStructuresPHOAS with big ran for 0. secs (0.u,0.s)
Tactic call norm reif for CanonicalStructuresPHOAS with big ran for 0.486 secs (0.482u,0.003s)
Tactic call intros _ for CanonicalStructuresPHOAS with big ran for 0. secs (0.u,0.s) (success)
Tactic call lazy beta iota for CanonicalStructuresPHOAS with big ran for 0. secs (0.u,0.s) (success)
Tactic call reif for CanonicalStructuresPHOAS with big ran for 0.487 secs (0.483u,0.003s) (success)
Tactic call post for CanonicalStructuresPHOAS with big ran for 0. secs (0.u,0.s) (success)
Params: n= 34
Tactic call cbv for CanonicalStructuresPHOAS with big ran for 0. secs (0.u,0.s) (success)
Tactic call pre for CanonicalStructuresPHOAS with big ran for 0.001 secs (0.001u,0.s) (success)
Tactic call actual reif for CanonicalStructuresPHOAS with big ran for 0.522 secs (0.522u,0.s)
Tactic call eval lazy for CanonicalStructuresPHOAS with big ran for 0.002 secs (0.002u,0.s)
Tactic call postprocess for CanonicalStructuresPHOAS with big ran for 0. secs (0.u,0.s)
Tactic call norm reif for CanonicalStructuresPHOAS with big ran for 0.525 secs (0.525u,0.s)
Tactic call intros _ for CanonicalStructuresPHOAS with big ran for 0. secs (0.u,0.s) (success)
Tactic call lazy beta iota for CanonicalStructuresPHOAS with big ran for 0. secs (0.u,0.s) (success)
Tactic call reif for CanonicalStructuresPHOAS with big ran for 0.525 secs (0.525u,0.s) (success)
Tactic call post for CanonicalStructuresPHOAS with big ran for 0. secs (0.u,0.s) (success)
Params: n= 35
Tactic call cbv for CanonicalStructuresPHOAS with big ran for 0. secs (0.u,0.s) (success)
Tactic call pre for CanonicalStructuresPHOAS with big ran for 0.001 secs (0.001u,0.s) (success)
Tactic call actual reif for CanonicalStructuresPHOAS with big ran for 0.571 secs (0.571u,0.s)
Tactic call eval lazy for CanonicalStructuresPHOAS with big ran for 0. secs (0.u,0.s)
Tactic call postprocess for CanonicalStructuresPHOAS with big ran for 0. secs (0.u,0.s)
Tactic call norm reif for CanonicalStructuresPHOAS with big ran for 0.572 secs (0.572u,0.s)
Tactic call intros _ for CanonicalStructuresPHOAS with big ran for 0. secs (0.u,0.s) (success)
Tactic call lazy beta iota for CanonicalStructuresPHOAS with big ran for 0. secs (0.u,0.s) (success)
Tactic call reif for CanonicalStructuresPHOAS with big ran for 0.572 secs (0.572u,0.s) (success)
Tactic call post for CanonicalStructuresPHOAS with big ran for 0. secs (0.u,0.s) (success)
Params: n= 36
Tactic call cbv for CanonicalStructuresPHOAS with big ran for 0. secs (0.u,0.s) (success)
Tactic call pre for CanonicalStructuresPHOAS with big ran for 0.001 secs (0.001u,0.s) (success)
Tactic call actual reif for CanonicalStructuresPHOAS with big ran for 0.622 secs (0.622u,0.s)
Tactic call eval lazy for CanonicalStructuresPHOAS with big ran for 0. secs (0.u,0.s)
Tactic call postprocess for CanonicalStructuresPHOAS with big ran for 0. secs (0.u,0.s)
Tactic call norm reif for CanonicalStructuresPHOAS with big ran for 0.623 secs (0.623u,0.s)
Tactic call intros _ for CanonicalStructuresPHOAS with big ran for 0. secs (0.u,0.s) (success)
Tactic call lazy beta iota for CanonicalStructuresPHOAS with big ran for 0. secs (0.u,0.s) (success)
Tactic call reif for CanonicalStructuresPHOAS with big ran for 0.624 secs (0.624u,0.s) (success)
Tactic call post for CanonicalStructuresPHOAS with big ran for 0. secs (0.u,0.s) (success)
Params: n= 37
Tactic call cbv for CanonicalStructuresPHOAS with big ran for 0. secs (0.u,0.s) (success)
Tactic call pre for CanonicalStructuresPHOAS with big ran for 0.001 secs (0.001u,0.s) (success)
Tactic call actual reif for CanonicalStructuresPHOAS with big ran for 0.663 secs (0.663u,0.s)
Tactic call eval lazy for CanonicalStructuresPHOAS with big ran for 0. secs (0.u,0.s)
Tactic call postprocess for CanonicalStructuresPHOAS with big ran for 0. secs (0.u,0.s)
Tactic call norm reif for CanonicalStructuresPHOAS with big ran for 0.664 secs (0.664u,0.s)
Tactic call intros _ for CanonicalStructuresPHOAS with big ran for 0. secs (0.u,0.s) (success)
Tactic call lazy beta iota for CanonicalStructuresPHOAS with big ran for 0. secs (0.u,0.s) (success)
Tactic call reif for CanonicalStructuresPHOAS with big ran for 0.664 secs (0.664u,0.s) (success)
Tactic call post for CanonicalStructuresPHOAS with big ran for 0. secs (0.u,0.s) (success)
Params: n= 38
Tactic call cbv for CanonicalStructuresPHOAS with big ran for 0. secs (0.u,0.s) (success)
Tactic call pre for CanonicalStructuresPHOAS with big ran for 0.001 secs (0.001u,0.s) (success)
Tactic call actual reif for CanonicalStructuresPHOAS with big ran for 0.714 secs (0.71u,0.003s)
Tactic call eval lazy for CanonicalStructuresPHOAS with big ran for 0. secs (0.u,0.s)
Tactic call postprocess for CanonicalStructuresPHOAS with big ran for 0. secs (0.u,0.s)
Tactic call norm reif for CanonicalStructuresPHOAS with big ran for 0.716 secs (0.712u,0.003s)
Tactic call intros _ for CanonicalStructuresPHOAS with big ran for 0. secs (0.u,0.s) (success)
Tactic call lazy beta iota for CanonicalStructuresPHOAS with big ran for 0. secs (0.u,0.s) (success)
Tactic call reif for CanonicalStructuresPHOAS with big ran for 0.716 secs (0.712u,0.003s) (success)
Tactic call post for CanonicalStructuresPHOAS with big ran for 0. secs (0.u,0.s) (success)
Params: n= 39
Tactic call cbv for CanonicalStructuresPHOAS with big ran for 0. secs (0.u,0.s) (success)
Tactic call pre for CanonicalStructuresPHOAS with big ran for 0.001 secs (0.001u,0.s) (success)
Tactic call actual reif for CanonicalStructuresPHOAS with big ran for 0.769 secs (0.765u,0.003s)
Tactic call eval lazy for CanonicalStructuresPHOAS with big ran for 0. secs (0.u,0.s)
Tactic call postprocess for CanonicalStructuresPHOAS with big ran for 0. secs (0.u,0.s)
Tactic call norm reif for CanonicalStructuresPHOAS with big ran for 0.77 secs (0.766u,0.003s)
Tactic call intros _ for CanonicalStructuresPHOAS with big ran for 0. secs (0.u,0.s) (success)
Tactic call lazy beta iota for CanonicalStructuresPHOAS with big ran for 0. secs (0.u,0.s) (success)
Tactic call reif for CanonicalStructuresPHOAS with big ran for 0.77 secs (0.766u,0.003s) (success)
Tactic call post for CanonicalStructuresPHOAS with big ran for 0. secs (0.u,0.s) (success)
Params: n= 40
Tactic call cbv for CanonicalStructuresPHOAS with big ran for 0. secs (0.u,0.s) (success)
Tactic call pre for CanonicalStructuresPHOAS with big ran for 0.001 secs (0.001u,0.s) (success)
Tactic call actual reif for CanonicalStructuresPHOAS with big ran for 0.834 secs (0.833u,0.s)
Tactic call eval lazy for CanonicalStructuresPHOAS with big ran for 0. secs (0.u,0.s)
Tactic call postprocess for CanonicalStructuresPHOAS with big ran for 0. secs (0.u,0.s)
Tactic call norm reif for CanonicalStructuresPHOAS with big ran for 0.835 secs (0.835u,0.s)
Tactic call intros _ for CanonicalStructuresPHOAS with big ran for 0. secs (0.u,0.s) (success)
Tactic call lazy beta iota for CanonicalStructuresPHOAS with big ran for 0. secs (0.u,0.s) (success)
Tactic call reif for CanonicalStructuresPHOAS with big ran for 0.835 secs (0.835u,0.s) (success)
Tactic call post for CanonicalStructuresPHOAS with big ran for 0. secs (0.u,0.s) (success)
Params: n= 41
Tactic call cbv for CanonicalStructuresPHOAS with big ran for 0. secs (0.u,0.s) (success)
Tactic call pre for CanonicalStructuresPHOAS with big ran for 0.001 secs (0.001u,0.s) (success)
Tactic call actual reif for CanonicalStructuresPHOAS with big ran for 0.893 secs (0.893u,0.s)
Tactic call eval lazy for CanonicalStructuresPHOAS with big ran for 0. secs (0.u,0.s)
Tactic call postprocess for CanonicalStructuresPHOAS with big ran for 0. secs (0.u,0.s)
Tactic call norm reif for CanonicalStructuresPHOAS with big ran for 0.894 secs (0.894u,0.s)
Tactic call intros _ for CanonicalStructuresPHOAS with big ran for 0. secs (0.u,0.s) (success)
Tactic call lazy beta iota for CanonicalStructuresPHOAS with big ran for 0. secs (0.u,0.s) (success)
Tactic call reif for CanonicalStructuresPHOAS with big ran for 0.894 secs (0.894u,0.s) (success)
Tactic call post for CanonicalStructuresPHOAS with big ran for 0. secs (0.u,0.s) (success)
Params: n= 42
Tactic call cbv for CanonicalStructuresPHOAS with big ran for 0. secs (0.u,0.s) (success)
Tactic call pre for CanonicalStructuresPHOAS with big ran for 0.001 secs (0.001u,0.s) (success)
Tactic call actual reif for CanonicalStructuresPHOAS with big ran for 0.987 secs (0.987u,0.s)
Tactic call eval lazy for CanonicalStructuresPHOAS with big ran for 0. secs (0.u,0.s)
Tactic call postprocess for CanonicalStructuresPHOAS with big ran for 0. secs (0.u,0.s)
Tactic call norm reif for CanonicalStructuresPHOAS with big ran for 0.988 secs (0.988u,0.s)
Tactic call intros _ for CanonicalStructuresPHOAS with big ran for 0. secs (0.u,0.s) (success)
Tactic call lazy beta iota for CanonicalStructuresPHOAS with big ran for 0. secs (0.u,0.s) (success)
Tactic call reif for CanonicalStructuresPHOAS with big ran for 0.989 secs (0.989u,0.s) (success)
Tactic call post for CanonicalStructuresPHOAS with big ran for 0. secs (0.u,0.s) (success)
Params: n= 43
Tactic call cbv for CanonicalStructuresPHOAS with big ran for 0. secs (0.u,0.s) (success)
Tactic call pre for CanonicalStructuresPHOAS with big ran for 0.001 secs (0.001u,0.s) (success)
Tactic call actual reif for CanonicalStructuresPHOAS with big ran for 1.059 secs (1.059u,0.s)
Tactic call eval lazy for CanonicalStructuresPHOAS with big ran for 0. secs (0.u,0.s)
Tactic call postprocess for CanonicalStructuresPHOAS with big ran for 0. secs (0.u,0.s)
Tactic call norm reif for CanonicalStructuresPHOAS with big ran for 1.06 secs (1.06u,0.s)
Tactic call intros _ for CanonicalStructuresPHOAS with big ran for 0. secs (0.u,0.s) (success)
Tactic call lazy beta iota for CanonicalStructuresPHOAS with big ran for 0. secs (0.u,0.s) (success)
Tactic call reif for CanonicalStructuresPHOAS with big ran for 1.06 secs (1.06u,0.s) (success)
Tactic call post for CanonicalStructuresPHOAS with big ran for 0. secs (0.u,0.s) (success)
Params: n= 44
Tactic call cbv for CanonicalStructuresPHOAS with big ran for 0. secs (0.u,0.s) (success)
Tactic call pre for CanonicalStructuresPHOAS with big ran for 0.001 secs (0.001u,0.s) (success)
Tactic call actual reif for CanonicalStructuresPHOAS with big ran for 1.145 secs (1.145u,0.s)
Tactic call eval lazy for CanonicalStructuresPHOAS with big ran for 0. secs (0.u,0.s)
Tactic call postprocess for CanonicalStructuresPHOAS with big ran for 0. secs (0.u,0.s)
Tactic call norm reif for CanonicalStructuresPHOAS with big ran for 1.147 secs (1.147u,0.s)
Tactic call intros _ for CanonicalStructuresPHOAS with big ran for 0. secs (0.u,0.s) (success)
Tactic call lazy beta iota for CanonicalStructuresPHOAS with big ran for 0. secs (0.u,0.s) (success)
Tactic call reif for CanonicalStructuresPHOAS with big ran for 1.147 secs (1.147u,0.s) (success)
Tactic call post for CanonicalStructuresPHOAS with big ran for 0. secs (0.u,0.s) (success)
Params: n= 45
Tactic call cbv for CanonicalStructuresPHOAS with big ran for 0. secs (0.u,0.s) (success)
Tactic call pre for CanonicalStructuresPHOAS with big ran for 0.001 secs (0.001u,0.s) (success)
Tactic call actual reif for CanonicalStructuresPHOAS with big ran for 1.207 secs (1.207u,0.s)
Tactic call eval lazy for CanonicalStructuresPHOAS with big ran for 0. secs (0.u,0.s)
Tactic call postprocess for CanonicalStructuresPHOAS with big ran for 0. secs (0.u,0.s)
Tactic call norm reif for CanonicalStructuresPHOAS with big ran for 1.208 secs (1.208u,0.s)
Tactic call intros _ for CanonicalStructuresPHOAS with big ran for 0. secs (0.u,0.s) (success)
Tactic call lazy beta iota for CanonicalStructuresPHOAS with big ran for 0. secs (0.u,0.s) (success)
Tactic call reif for CanonicalStructuresPHOAS with big ran for 1.209 secs (1.209u,0.s) (success)
Tactic call post for CanonicalStructuresPHOAS with big ran for 0. secs (0.u,0.s) (success)
Params: n= 46
Tactic call cbv for CanonicalStructuresPHOAS with big ran for 0. secs (0.u,0.s) (success)
Tactic call pre for CanonicalStructuresPHOAS with big ran for 0.001 secs (0.001u,0.s) (success)
Tactic call actual reif for CanonicalStructuresPHOAS with big ran for 1.275 secs (1.271u,0.003s)
Tactic call eval lazy for CanonicalStructuresPHOAS with big ran for 0. secs (0.u,0.s)
Tactic call postprocess for CanonicalStructuresPHOAS with big ran for 0. secs (0.u,0.s)
Tactic call norm reif for CanonicalStructuresPHOAS with big ran for 1.276 secs (1.272u,0.003s)
Tactic call intros _ for CanonicalStructuresPHOAS with big ran for 0. secs (0.u,0.s) (success)
Tactic call lazy beta iota for CanonicalStructuresPHOAS with big ran for 0. secs (0.u,0.s) (success)
Tactic call reif for CanonicalStructuresPHOAS with big ran for 1.277 secs (1.273u,0.003s) (success)
Tactic call post for CanonicalStructuresPHOAS with big ran for 0. secs (0.u,0.s) (success)
Params: n= 47
Tactic call cbv for CanonicalStructuresPHOAS with big ran for 0. secs (0.u,0.s) (success)
Tactic call pre for CanonicalStructuresPHOAS with big ran for 0.001 secs (0.001u,0.s) (success)
Tactic call actual reif for CanonicalStructuresPHOAS with big ran for 1.363 secs (1.363u,0.s)
Tactic call eval lazy for CanonicalStructuresPHOAS with big ran for 0.001 secs (0.001u,0.s)
Tactic call postprocess for CanonicalStructuresPHOAS with big ran for 0. secs (0.u,0.s)
Tactic call norm reif for CanonicalStructuresPHOAS with big ran for 1.364 secs (1.364u,0.s)
Tactic call intros _ for CanonicalStructuresPHOAS with big ran for 0. secs (0.u,0.s) (success)
Tactic call lazy beta iota for CanonicalStructuresPHOAS with big ran for 0. secs (0.u,0.s) (success)
Tactic call reif for CanonicalStructuresPHOAS with big ran for 1.365 secs (1.365u,0.s) (success)
Tactic call post for CanonicalStructuresPHOAS with big ran for 0. secs (0.u,0.s) (success)
Params: n= 48
Tactic call cbv for CanonicalStructuresPHOAS with big ran for 0. secs (0.u,0.s) (success)
Tactic call pre for CanonicalStructuresPHOAS with big ran for 0.001 secs (0.001u,0.s) (success)
Tactic call actual reif for CanonicalStructuresPHOAS with big ran for 1.445 secs (1.445u,0.s)
Tactic call eval lazy for CanonicalStructuresPHOAS with big ran for 0.001 secs (0.001u,0.s)
Tactic call postprocess for CanonicalStructuresPHOAS with big ran for 0. secs (0.u,0.s)
Tactic call norm reif for CanonicalStructuresPHOAS with big ran for 1.447 secs (1.447u,0.s)
Tactic call intros _ for CanonicalStructuresPHOAS with big ran for 0. secs (0.u,0.s) (success)
Tactic call lazy beta iota for CanonicalStructuresPHOAS with big ran for 0. secs (0.u,0.s) (success)
Tactic call reif for CanonicalStructuresPHOAS with big ran for 1.447 secs (1.447u,0.s) (success)
Tactic call post for CanonicalStructuresPHOAS with big ran for 0. secs (0.u,0.s) (success)
Params: n= 49
Tactic call cbv for CanonicalStructuresPHOAS with big ran for 0. secs (0.u,0.s) (success)
Tactic call pre for CanonicalStructuresPHOAS with big ran for 0.001 secs (0.001u,0.s) (success)
Tactic call actual reif for CanonicalStructuresPHOAS with big ran for 1.581 secs (1.581u,0.s)
Tactic call eval lazy for CanonicalStructuresPHOAS with big ran for 0.001 secs (0.001u,0.s)
Tactic call postprocess for CanonicalStructuresPHOAS with big ran for 0. secs (0.u,0.s)
Tactic call norm reif for CanonicalStructuresPHOAS with big ran for 1.582 secs (1.582u,0.s)
Tactic call intros _ for CanonicalStructuresPHOAS with big ran for 0. secs (0.u,0.s) (success)
Tactic call lazy beta iota for CanonicalStructuresPHOAS with big ran for 0. secs (0.u,0.s) (success)
Tactic call reif for CanonicalStructuresPHOAS with big ran for 1.583 secs (1.583u,0.s) (success)
Tactic call post for CanonicalStructuresPHOAS with big ran for 0. secs (0.u,0.s) (success)
Params: n= 50
Tactic call cbv for CanonicalStructuresPHOAS with big ran for 0. secs (0.u,0.s) (success)
Tactic call pre for CanonicalStructuresPHOAS with big ran for 0.001 secs (0.001u,0.s) (success)
Tactic call actual reif for CanonicalStructuresPHOAS with big ran for 1.69 secs (1.69u,0.s)
Tactic call eval lazy for CanonicalStructuresPHOAS with big ran for 0.001 secs (0.001u,0.s)
Tactic call postprocess for CanonicalStructuresPHOAS with big ran for 0. secs (0.u,0.s)
Tactic call norm reif for CanonicalStructuresPHOAS with big ran for 1.692 secs (1.692u,0.s)
Tactic call intros _ for CanonicalStructuresPHOAS with big ran for 0. secs (0.u,0.s) (success)
Tactic call lazy beta iota for CanonicalStructuresPHOAS with big ran for 0. secs (0.u,0.s) (success)
Tactic call reif for CanonicalStructuresPHOAS with big ran for 1.692 secs (1.692u,0.s) (success)
Tactic call post for CanonicalStructuresPHOAS with big ran for 0. secs (0.u,0.s) (success)
Params: n= 51
Tactic call cbv for CanonicalStructuresPHOAS with big ran for 0. secs (0.u,0.s) (success)
Tactic call pre for CanonicalStructuresPHOAS with big ran for 0.001 secs (0.001u,0.s) (success)
Tactic call actual reif for CanonicalStructuresPHOAS with big ran for 1.725 secs (1.725u,0.s)
Tactic call eval lazy for CanonicalStructuresPHOAS with big ran for 0.001 secs (0.001u,0.s)
Tactic call postprocess for CanonicalStructuresPHOAS with big ran for 0. secs (0.u,0.s)
Tactic call norm reif for CanonicalStructuresPHOAS with big ran for 1.727 secs (1.727u,0.s)
Tactic call intros _ for CanonicalStructuresPHOAS with big ran for 0. secs (0.u,0.s) (success)
Tactic call lazy beta iota for CanonicalStructuresPHOAS with big ran for 0. secs (0.u,0.s) (success)
Tactic call reif for CanonicalStructuresPHOAS with big ran for 1.727 secs (1.727u,0.s) (success)
Tactic call post for CanonicalStructuresPHOAS with big ran for 0. secs (0.u,0.s) (success)
Params: n= 52
Tactic call cbv for CanonicalStructuresPHOAS with big ran for 0. secs (0.u,0.s) (success)
Tactic call pre for CanonicalStructuresPHOAS with big ran for 0.001 secs (0.001u,0.s) (success)
Tactic call actual reif for CanonicalStructuresPHOAS with big ran for 1.826 secs (1.826u,0.s)
Tactic call eval lazy for CanonicalStructuresPHOAS with big ran for 0.001 secs (0.001u,0.s)
Tactic call postprocess for CanonicalStructuresPHOAS with big ran for 0. secs (0.u,0.s)
Tactic call norm reif for CanonicalStructuresPHOAS with big ran for 1.828 secs (1.828u,0.s)
Tactic call intros _ for CanonicalStructuresPHOAS with big ran for 0. secs (0.u,0.s) (success)
Tactic call lazy beta iota for CanonicalStructuresPHOAS with big ran for 0. secs (0.u,0.s) (success)
Tactic call reif for CanonicalStructuresPHOAS with big ran for 1.828 secs (1.828u,0.s) (success)
Tactic call post for CanonicalStructuresPHOAS with big ran for 0. secs (0.u,0.s) (success)
Params: n= 53
Tactic call cbv for CanonicalStructuresPHOAS with big ran for 0. secs (0.u,0.s) (success)
Tactic call pre for CanonicalStructuresPHOAS with big ran for 0.001 secs (0.001u,0.s) (success)
Tactic call actual reif for CanonicalStructuresPHOAS with big ran for 1.959 secs (1.959u,0.s)
Tactic call eval lazy for CanonicalStructuresPHOAS with big ran for 0.001 secs (0.001u,0.s)
Tactic call postprocess for CanonicalStructuresPHOAS with big ran for 0. secs (0.u,0.s)
Tactic call norm reif for CanonicalStructuresPHOAS with big ran for 1.961 secs (1.961u,0.s)
Tactic call intros _ for CanonicalStructuresPHOAS with big ran for 0. secs (0.u,0.s) (success)
Tactic call lazy beta iota for CanonicalStructuresPHOAS with big ran for 0. secs (0.u,0.s) (success)
Tactic call reif for CanonicalStructuresPHOAS with big ran for 1.961 secs (1.961u,0.s) (success)
Tactic call post for CanonicalStructuresPHOAS with big ran for 0. secs (0.u,0.s) (success)
Params: n= 54
Tactic call cbv for CanonicalStructuresPHOAS with big ran for 0. secs (0.u,0.s) (success)
Tactic call pre for CanonicalStructuresPHOAS with big ran for 0.001 secs (0.001u,0.s) (success)
Tactic call actual reif for CanonicalStructuresPHOAS with big ran for 2.109 secs (2.109u,0.s)
Tactic call eval lazy for CanonicalStructuresPHOAS with big ran for 0.001 secs (0.001u,0.s)
Tactic call postprocess for CanonicalStructuresPHOAS with big ran for 0. secs (0.u,0.s)
Tactic call norm reif for CanonicalStructuresPHOAS with big ran for 2.111 secs (2.111u,0.s)
Tactic call intros _ for CanonicalStructuresPHOAS with big ran for 0. secs (0.u,0.s) (success)
Tactic call lazy beta iota for CanonicalStructuresPHOAS with big ran for 0. secs (0.u,0.s) (success)
Tactic call reif for CanonicalStructuresPHOAS with big ran for 2.111 secs (2.111u,0.s) (success)
Tactic call post for CanonicalStructuresPHOAS with big ran for 0. secs (0.u,0.s) (success)
Params: n= 55
Tactic call cbv for CanonicalStructuresPHOAS with big ran for 0. secs (0.u,0.s) (success)
Tactic call pre for CanonicalStructuresPHOAS with big ran for 0.002 secs (0.002u,0.s) (success)
Tactic call actual reif for CanonicalStructuresPHOAS with big ran for 2.213 secs (2.213u,0.s)
Tactic call eval lazy for CanonicalStructuresPHOAS with big ran for 0.001 secs (0.001u,0.s)
Tactic call postprocess for CanonicalStructuresPHOAS with big ran for 0. secs (0.u,0.s)
Tactic call norm reif for CanonicalStructuresPHOAS with big ran for 2.215 secs (2.215u,0.s)
Tactic call intros _ for CanonicalStructuresPHOAS with big ran for 0. secs (0.u,0.s) (success)
Tactic call lazy beta iota for CanonicalStructuresPHOAS with big ran for 0. secs (0.u,0.s) (success)
Tactic call reif for CanonicalStructuresPHOAS with big ran for 2.216 secs (2.216u,0.s) (success)
Tactic call post for CanonicalStructuresPHOAS with big ran for 0. secs (0.u,0.s) (success)
Params: n= 56
Tactic call cbv for CanonicalStructuresPHOAS with big ran for 0. secs (0.u,0.s) (success)
Tactic call pre for CanonicalStructuresPHOAS with big ran for 0.001 secs (0.001u,0.s) (success)
Tactic call actual reif for CanonicalStructuresPHOAS with big ran for 2.298 secs (2.298u,0.s)
Tactic call eval lazy for CanonicalStructuresPHOAS with big ran for 0.001 secs (0.001u,0.s)
Tactic call postprocess for CanonicalStructuresPHOAS with big ran for 0. secs (0.u,0.s)
Tactic call norm reif for CanonicalStructuresPHOAS with big ran for 2.3 secs (2.3u,0.s)
Tactic call intros _ for CanonicalStructuresPHOAS with big ran for 0. secs (0.u,0.s) (success)
Tactic call lazy beta iota for CanonicalStructuresPHOAS with big ran for 0. secs (0.u,0.s) (success)
Tactic call reif for CanonicalStructuresPHOAS with big ran for 2.301 secs (2.301u,0.s) (success)
Tactic call post for CanonicalStructuresPHOAS with big ran for 0. secs (0.u,0.s) (success)
Params: n= 57
Tactic call cbv for CanonicalStructuresPHOAS with big ran for 0. secs (0.u,0.s) (success)
Tactic call pre for CanonicalStructuresPHOAS with big ran for 0.001 secs (0.001u,0.s) (success)
Tactic call actual reif for CanonicalStructuresPHOAS with big ran for 2.426 secs (2.426u,0.s)
Tactic call eval lazy for CanonicalStructuresPHOAS with big ran for 0.001 secs (0.001u,0.s)
Tactic call postprocess for CanonicalStructuresPHOAS with big ran for 0. secs (0.u,0.s)
Tactic call norm reif for CanonicalStructuresPHOAS with big ran for 2.428 secs (2.427u,0.s)
Tactic call intros _ for CanonicalStructuresPHOAS with big ran for 0. secs (0.u,0.s) (success)
Tactic call lazy beta iota for CanonicalStructuresPHOAS with big ran for 0. secs (0.u,0.s) (success)
Tactic call reif for CanonicalStructuresPHOAS with big ran for 2.428 secs (2.428u,0.s) (success)
Tactic call post for CanonicalStructuresPHOAS with big ran for 0. secs (0.u,0.s) (success)
Params: n= 58
Tactic call cbv for CanonicalStructuresPHOAS with big ran for 0. secs (0.u,0.s) (success)
Tactic call pre for CanonicalStructuresPHOAS with big ran for 0.001 secs (0.001u,0.s) (success)
Tactic call actual reif for CanonicalStructuresPHOAS with big ran for 2.63 secs (2.63u,0.s)
Tactic call eval lazy for CanonicalStructuresPHOAS with big ran for 0.001 secs (0.001u,0.s)
Tactic call postprocess for CanonicalStructuresPHOAS with big ran for 0. secs (0.u,0.s)
Tactic call norm reif for CanonicalStructuresPHOAS with big ran for 2.632 secs (2.632u,0.s)
Tactic call intros _ for CanonicalStructuresPHOAS with big ran for 0. secs (0.u,0.s) (success)
Tactic call lazy beta iota for CanonicalStructuresPHOAS with big ran for 0. secs (0.u,0.s) (success)
Tactic call reif for CanonicalStructuresPHOAS with big ran for 2.632 secs (2.632u,0.s) (success)
Tactic call post for CanonicalStructuresPHOAS with big ran for 0. secs (0.u,0.s) (success)
Params: n= 59
Tactic call cbv for CanonicalStructuresPHOAS with big ran for 0. secs (0.u,0.s) (success)
Tactic call pre for CanonicalStructuresPHOAS with big ran for 0.001 secs (0.001u,0.s) (success)
Tactic call actual reif for CanonicalStructuresPHOAS with big ran for 2.714 secs (2.714u,0.s)
Tactic call eval lazy for CanonicalStructuresPHOAS with big ran for 0.001 secs (0.001u,0.s)
Tactic call postprocess for CanonicalStructuresPHOAS with big ran for 0. secs (0.u,0.s)
Tactic call norm reif for CanonicalStructuresPHOAS with big ran for 2.717 secs (2.716u,0.s)
Tactic call intros _ for CanonicalStructuresPHOAS with big ran for 0. secs (0.u,0.s) (success)
Tactic call lazy beta iota for CanonicalStructuresPHOAS with big ran for 0. secs (0.u,0.s) (success)
Tactic call reif for CanonicalStructuresPHOAS with big ran for 2.717 secs (2.717u,0.s) (success)
Tactic call post for CanonicalStructuresPHOAS with big ran for 0. secs (0.u,0.s) (success)
Params: n= 60
Tactic call cbv for CanonicalStructuresPHOAS with big ran for 0. secs (0.u,0.s) (success)
Tactic call pre for CanonicalStructuresPHOAS with big ran for 0.001 secs (0.001u,0.s) (success)
Tactic call actual reif for CanonicalStructuresPHOAS with big ran for 2.84 secs (2.84u,0.s)
Tactic call eval lazy for CanonicalStructuresPHOAS with big ran for 0.001 secs (0.001u,0.s)
Tactic call postprocess for CanonicalStructuresPHOAS with big ran for 0. secs (0.u,0.s)
Tactic call norm reif for CanonicalStructuresPHOAS with big ran for 2.842 secs (2.842u,0.s)
Tactic call intros _ for CanonicalStructuresPHOAS with big ran for 0. secs (0.u,0.s) (success)
Tactic call lazy beta iota for CanonicalStructuresPHOAS with big ran for 0. secs (0.u,0.s) (success)
Tactic call reif for CanonicalStructuresPHOAS with big ran for 2.843 secs (2.842u,0.s) (success)
Tactic call post for CanonicalStructuresPHOAS with big ran for 0. secs (0.u,0.s) (success)
