Params: n= 11
Tactic call cbv-regression-quadratic ran for 0. secs (0.u,0.s) (success)
Params: n= 19
Tactic call cbv-regression-quadratic ran for 0. secs (0.u,0.s) (success)
Params: n= 28
Tactic call cbv-regression-quadratic ran for 0. secs (0.u,0.s) (success)
Params: n= 36
Tactic call cbv-regression-quadratic ran for 0.001 secs (0.u,0.s) (success)
Params: n= 45
Tactic call cbv-regression-quadratic ran for 0.001 secs (0.001u,0.s) (success)
Params: n= 53
Tactic call cbv-regression-quadratic ran for 0.001 secs (0.001u,0.s) (success)
Params: n= 62
Tactic call cbv-regression-quadratic ran for 0.002 secs (0.002u,0.s) (success)
Params: n= 71
Tactic call cbv-regression-quadratic ran for 0.002 secs (0.002u,0.s) (success)
Params: n= 79
Tactic call cbv-regression-quadratic ran for 0.003 secs (0.003u,0.s) (success)
Params: n= 88
Tactic call cbv-regression-quadratic ran for 0.003 secs (0.003u,0.s) (success)
Params: n= 96
Tactic call cbv-regression-quadratic ran for 0.012 secs (0.012u,0.s) (success)
Params: n= 105
Tactic call cbv-regression-quadratic ran for 0.004 secs (0.004u,0.s) (success)
Params: n= 113
Tactic call cbv-regression-quadratic ran for 0.005 secs (0.005u,0.s) (success)
Params: n= 122
Tactic call cbv-regression-quadratic ran for 0.005 secs (0.005u,0.s) (success)
Params: n= 130
Tactic call cbv-regression-quadratic ran for 0.006 secs (0.006u,0.s) (success)
Params: n= 139
Tactic call cbv-regression-quadratic ran for 0.02 secs (0.02u,0.s) (success)
Params: n= 148
Tactic call cbv-regression-quadratic ran for 0.007 secs (0.007u,0.s) (success)
Params: n= 156
Tactic call cbv-regression-quadratic ran for 0.008 secs (0.008u,0.s) (success)
Params: n= 165
Tactic call cbv-regression-quadratic ran for 0.009 secs (0.009u,0.s) (success)
Params: n= 173
Tactic call cbv-regression-quadratic ran for 0.009 secs (0.006u,0.003s) (success)
Params: n= 182
Tactic call cbv-regression-quadratic ran for 0.01 secs (0.01u,0.s) (success)
Params: n= 190
Tactic call cbv-regression-quadratic ran for 0.011 secs (0.011u,0.s) (success)
Params: n= 199
Tactic call cbv-regression-quadratic ran for 0.012 secs (0.012u,0.s) (success)
Params: n= 208
Tactic call cbv-regression-quadratic ran for 0.013 secs (0.013u,0.s) (success)
Params: n= 216
Tactic call cbv-regression-quadratic ran for 0.014 secs (0.014u,0.s) (success)
Params: n= 225
Tactic call cbv-regression-quadratic ran for 0.015 secs (0.015u,0.s) (success)
Params: n= 233
Tactic call cbv-regression-quadratic ran for 0.016 secs (0.016u,0.s) (success)
Params: n= 242
Tactic call cbv-regression-quadratic ran for 0.017 secs (0.017u,0.s) (success)
Params: n= 250
Tactic call cbv-regression-quadratic ran for 0.018 secs (0.018u,0.s) (success)
Params: n= 259
Tactic call cbv-regression-quadratic ran for 0.019 secs (0.019u,0.s) (success)
Params: n= 268
Tactic call cbv-regression-quadratic ran for 0.02 secs (0.02u,0.s) (success)
Params: n= 276
Tactic call cbv-regression-quadratic ran for 0.022 secs (0.022u,0.s) (success)
Params: n= 285
Tactic call cbv-regression-quadratic ran for 0.023 secs (0.023u,0.s) (success)
Params: n= 293
Tactic call cbv-regression-quadratic ran for 0.024 secs (0.024u,0.s) (success)
Params: n= 302
Tactic call cbv-regression-quadratic ran for 0.026 secs (0.026u,0.s) (success)
Params: n= 310
Tactic call cbv-regression-quadratic ran for 0.027 secs (0.027u,0.s) (success)
Params: n= 319
Tactic call cbv-regression-quadratic ran for 0.028 secs (0.028u,0.s) (success)
Params: n= 328
Tactic call cbv-regression-quadratic ran for 0.029 secs (0.029u,0.s) (success)
Params: n= 336
Tactic call cbv-regression-quadratic ran for 0.03 secs (0.03u,0.s) (success)
Params: n= 345
Tactic call cbv-regression-quadratic ran for 0.032 secs (0.032u,0.s) (success)
Params: n= 353
Tactic call cbv-regression-quadratic ran for 0.033 secs (0.033u,0.s) (success)
Params: n= 362
Tactic call cbv-regression-quadratic ran for 0.035 secs (0.035u,0.s) (success)
Params: n= 370
Tactic call cbv-regression-quadratic ran for 0.036 secs (0.036u,0.s) (success)
Params: n= 379
Tactic call cbv-regression-quadratic ran for 0.037 secs (0.037u,0.s) (success)
Params: n= 387
Tactic call cbv-regression-quadratic ran for 0.04 secs (0.04u,0.s) (success)
Params: n= 396
Tactic call cbv-regression-quadratic ran for 0.041 secs (0.041u,0.s) (success)
Params: n= 405
Tactic call cbv-regression-quadratic ran for 0.043 secs (0.043u,0.s) (success)
Params: n= 413
Tactic call cbv-regression-quadratic ran for 0.045 secs (0.045u,0.s) (success)
Params: n= 422
Tactic call cbv-regression-quadratic ran for 0.046 secs (0.046u,0.s) (success)
Params: n= 430
Tactic call cbv-regression-quadratic ran for 0.048 secs (0.048u,0.s) (success)
Params: n= 439
Tactic call cbv-regression-quadratic ran for 0.05 secs (0.05u,0.s) (success)
Params: n= 447
Tactic call cbv-regression-quadratic ran for 0.051 secs (0.051u,0.s) (success)
Params: n= 456
Tactic call cbv-regression-quadratic ran for 0.052 secs (0.052u,0.s) (success)
Params: n= 465
Tactic call cbv-regression-quadratic ran for 0.055 secs (0.055u,0.s) (success)
Params: n= 473
Tactic call cbv-regression-quadratic ran for 0.056 secs (0.056u,0.s) (success)
Params: n= 482
Tactic call cbv-regression-quadratic ran for 0.058 secs (0.058u,0.s) (success)
Params: n= 490
Tactic call cbv-regression-quadratic ran for 0.059 secs (0.059u,0.s) (success)
Params: n= 499
Tactic call cbv-regression-quadratic ran for 0.062 secs (0.062u,0.s) (success)
Params: n= 507
Tactic call cbv-regression-quadratic ran for 0.065 secs (0.065u,0.s) (success)
Params: n= 516
Tactic call cbv-regression-quadratic ran for 0.067 secs (0.067u,0.s) (success)
Params: n= 525
Tactic call cbv-regression-quadratic ran for 0.069 secs (0.066u,0.003s) (success)
Params: n= 533
Tactic call cbv-regression-quadratic ran for 0.071 secs (0.071u,0.s) (success)
Params: n= 542
Tactic call cbv-regression-quadratic ran for 0.073 secs (0.073u,0.s) (success)
Params: n= 550
Tactic call cbv-regression-quadratic ran for 0.074 secs (0.074u,0.s) (success)
Params: n= 559
Tactic call cbv-regression-quadratic ran for 0.078 secs (0.078u,0.s) (success)
Params: n= 567
Tactic call cbv-regression-quadratic ran for 0.08 secs (0.08u,0.s) (success)
Params: n= 576
Tactic call cbv-regression-quadratic ran for 0.083 secs (0.083u,0.s) (success)
Params: n= 585
Tactic call cbv-regression-quadratic ran for 0.084 secs (0.084u,0.s) (success)
Params: n= 593
Tactic call cbv-regression-quadratic ran for 0.087 secs (0.087u,0.s) (success)
Params: n= 602
Tactic call cbv-regression-quadratic ran for 0.089 secs (0.089u,0.s) (success)
Params: n= 610
Tactic call cbv-regression-quadratic ran for 0.091 secs (0.091u,0.s) (success)
Params: n= 619
Tactic call cbv-regression-quadratic ran for 0.095 secs (0.095u,0.s) (success)
Params: n= 627
Tactic call cbv-regression-quadratic ran for 0.096 secs (0.096u,0.s) (success)
Params: n= 636
Tactic call cbv-regression-quadratic ran for 0.099 secs (0.099u,0.s) (success)
Params: n= 644
Tactic call cbv-regression-quadratic ran for 0.1 secs (0.1u,0.s) (success)
Params: n= 653
Tactic call cbv-regression-quadratic ran for 0.104 secs (0.104u,0.s) (success)
Params: n= 662
Tactic call cbv-regression-quadratic ran for 0.106 secs (0.106u,0.s) (success)
Params: n= 670
Tactic call cbv-regression-quadratic ran for 0.109 secs (0.109u,0.s) (success)
Params: n= 679
Tactic call cbv-regression-quadratic ran for 0.11 secs (0.11u,0.s) (success)
Params: n= 687
Tactic call cbv-regression-quadratic ran for 0.113 secs (0.113u,0.s) (success)
Params: n= 696
Tactic call cbv-regression-quadratic ran for 0.116 secs (0.116u,0.s) (success)
Params: n= 704
Tactic call cbv-regression-quadratic ran for 0.118 secs (0.118u,0.s) (success)
Params: n= 713
Tactic call cbv-regression-quadratic ran for 0.121 secs (0.121u,0.s) (success)
Params: n= 744
Tactic call cbv-regression-quadratic ran for 0.13 secs (0.13u,0.s) (success)
Params: n= 775
Tactic call cbv-regression-quadratic ran for 0.141 secs (0.141u,0.s) (success)
Params: n= 806
Tactic call cbv-regression-quadratic ran for 0.154 secs (0.154u,0.s) (success)
Params: n= 837
Tactic call cbv-regression-quadratic ran for 0.164 secs (0.164u,0.s) (success)
Params: n= 868
Tactic call cbv-regression-quadratic ran for 0.175 secs (0.175u,0.s) (success)
Params: n= 898
Tactic call cbv-regression-quadratic ran for 0.189 secs (0.189u,0.s) (success)
Params: n= 929
Tactic call cbv-regression-quadratic ran for 0.199 secs (0.199u,0.s) (success)
Params: n= 960
Tactic call cbv-regression-quadratic ran for 0.21 secs (0.21u,0.s) (success)
Params: n= 991
Tactic call cbv-regression-quadratic ran for 0.219 secs (0.219u,0.s) (success)
Params: n= 1022
Tactic call cbv-regression-quadratic ran for 0.23 secs (0.23u,0.s) (success)
Params: n= 1053
Tactic call cbv-regression-quadratic ran for 0.244 secs (0.244u,0.s) (success)
Params: n= 1084
Tactic call cbv-regression-quadratic ran for 0.259 secs (0.259u,0.s) (success)
Params: n= 1115
Tactic call cbv-regression-quadratic ran for 0.271 secs (0.271u,0.s) (success)
Params: n= 1146
Tactic call cbv-regression-quadratic ran for 0.284 secs (0.284u,0.s) (success)
Params: n= 1177
Tactic call cbv-regression-quadratic ran for 0.3 secs (0.3u,0.s) (success)
Params: n= 1208
Tactic call cbv-regression-quadratic ran for 0.313 secs (0.313u,0.s) (success)
Params: n= 1239
Tactic call cbv-regression-quadratic ran for 0.329 secs (0.329u,0.s) (success)
Params: n= 1269
Tactic call cbv-regression-quadratic ran for 0.345 secs (0.345u,0.s) (success)
Params: n= 1300
Tactic call cbv-regression-quadratic ran for 0.357 secs (0.357u,0.s) (success)
Params: n= 1331
Tactic call cbv-regression-quadratic ran for 0.376 secs (0.376u,0.s) (success)
Params: n= 1362
Tactic call cbv-regression-quadratic ran for 0.388 secs (0.388u,0.s) (success)
Params: n= 1393
Tactic call cbv-regression-quadratic ran for 0.406 secs (0.406u,0.s) (success)
Params: n= 1424
Tactic call cbv-regression-quadratic ran for 0.428 secs (0.428u,0.s) (success)
Params: n= 1566
Tactic call cbv-regression-quadratic ran for 0.509 secs (0.509u,0.s) (success)
Params: n= 1709
Tactic call cbv-regression-quadratic ran for 0.602 secs (0.602u,0.s) (success)
Params: n= 1851
Tactic call cbv-regression-quadratic ran for 0.704 secs (0.704u,0.s) (success)
Params: n= 1993
Tactic call cbv-regression-quadratic ran for 0.823 secs (0.819u,0.003s) (success)
Params: n= 2136
Tactic call cbv-regression-quadratic ran for 0.932 secs (0.932u,0.s) (success)
Params: n= 2278
Tactic call cbv-regression-quadratic ran for 1.063 secs (1.063u,0.s) (success)
Params: n= 2420
Tactic call cbv-regression-quadratic ran for 1.207 secs (1.207u,0.s) (success)
Params: n= 2562
Tactic call cbv-regression-quadratic ran for 1.32 secs (1.32u,0.s) (success)
Params: n= 2705
Tactic call cbv-regression-quadratic ran for 1.478 secs (1.478u,0.s) (success)
Params: n= 2847
Tactic call cbv-regression-quadratic ran for 1.596 secs (1.596u,0.s) (success)
Params: n= 3416
Tactic call cbv-regression-quadratic ran for 2.249 secs (2.249u,0.s) (success)
Params: n= 3985
Tactic call cbv-regression-quadratic ran for 3.086 secs (3.086u,0.s) (success)
Params: n= 4555
Tactic call cbv-regression-quadratic ran for 4.012 secs (4.012u,0.s) (success)
Params: n= 5124
Tactic call cbv-regression-quadratic ran for 5.046 secs (5.045u,0.s) (success)
Params: n= 5693
Tactic call cbv-regression-quadratic ran for 6.179 secs (6.174u,0.003s) (success)
