Params: n= 12
Tactic call lazy-regression-quadratic ran for 0. secs (0.u,0.s) (success)
Params: n= 18
Tactic call lazy-regression-quadratic ran for 0. secs (0.u,0.s) (success)
Params: n= 23
Tactic call lazy-regression-quadratic ran for 0. secs (0.u,0.s) (success)
Params: n= 28
Tactic call lazy-regression-quadratic ran for 0. secs (0.u,0.s) (success)
Params: n= 33
Tactic call lazy-regression-quadratic ran for 0.001 secs (0.001u,0.s) (success)
Params: n= 39
Tactic call lazy-regression-quadratic ran for 0.001 secs (0.001u,0.s) (success)
Params: n= 44
Tactic call lazy-regression-quadratic ran for 0.001 secs (0.001u,0.s) (success)
Params: n= 49
Tactic call lazy-regression-quadratic ran for 0.002 secs (0.002u,0.s) (success)
Params: n= 54
Tactic call lazy-regression-quadratic ran for 0.002 secs (0.002u,0.s) (success)
Params: n= 59
Tactic call lazy-regression-quadratic ran for 0.002 secs (0.002u,0.s) (success)
Params: n= 65
Tactic call lazy-regression-quadratic ran for 0.003 secs (0.003u,0.s) (success)
Params: n= 70
Tactic call lazy-regression-quadratic ran for 0.012 secs (0.008u,0.003s) (success)
Params: n= 75
Tactic call lazy-regression-quadratic ran for 0.003 secs (0.003u,0.s) (success)
Params: n= 80
Tactic call lazy-regression-quadratic ran for 0.004 secs (0.004u,0.s) (success)
Params: n= 86
Tactic call lazy-regression-quadratic ran for 0.004 secs (0.004u,0.s) (success)
Params: n= 91
Tactic call lazy-regression-quadratic ran for 0.005 secs (0.005u,0.s) (success)
Params: n= 96
Tactic call lazy-regression-quadratic ran for 0.005 secs (0.005u,0.s) (success)
Params: n= 101
Tactic call lazy-regression-quadratic ran for 0.019 secs (0.019u,0.s) (success)
Params: n= 106
Tactic call lazy-regression-quadratic ran for 0.006 secs (0.006u,0.s) (success)
Params: n= 112
Tactic call lazy-regression-quadratic ran for 0.007 secs (0.007u,0.s) (success)
Params: n= 117
Tactic call lazy-regression-quadratic ran for 0.007 secs (0.007u,0.s) (success)
Params: n= 122
Tactic call lazy-regression-quadratic ran for 0.008 secs (0.008u,0.s) (success)
Params: n= 127
Tactic call lazy-regression-quadratic ran for 0.008 secs (0.008u,0.s) (success)
Params: n= 133
Tactic call lazy-regression-quadratic ran for 0.009 secs (0.009u,0.s) (success)
Params: n= 138
Tactic call lazy-regression-quadratic ran for 0.011 secs (0.011u,0.s) (success)
Params: n= 143
Tactic call lazy-regression-quadratic ran for 0.01 secs (0.01u,0.s) (success)
Params: n= 148
Tactic call lazy-regression-quadratic ran for 0.012 secs (0.012u,0.s) (success)
Params: n= 153
Tactic call lazy-regression-quadratic ran for 0.012 secs (0.012u,0.s) (success)
Params: n= 159
Tactic call lazy-regression-quadratic ran for 0.013 secs (0.013u,0.s) (success)
Params: n= 164
Tactic call lazy-regression-quadratic ran for 0.015 secs (0.015u,0.s) (success)
Params: n= 169
Tactic call lazy-regression-quadratic ran for 0.014 secs (0.014u,0.s) (success)
Params: n= 174
Tactic call lazy-regression-quadratic ran for 0.016 secs (0.016u,0.s) (success)
Params: n= 180
Tactic call lazy-regression-quadratic ran for 0.017 secs (0.017u,0.s) (success)
Params: n= 185
Tactic call lazy-regression-quadratic ran for 0.017 secs (0.017u,0.s) (success)
Params: n= 190
Tactic call lazy-regression-quadratic ran for 0.019 secs (0.019u,0.s) (success)
Params: n= 195
Tactic call lazy-regression-quadratic ran for 0.018 secs (0.018u,0.s) (success)
Params: n= 200
Tactic call lazy-regression-quadratic ran for 0.022 secs (0.022u,0.s) (success)
Params: n= 206
Tactic call lazy-regression-quadratic ran for 0.023 secs (0.023u,0.s) (success)
Params: n= 211
Tactic call lazy-regression-quadratic ran for 0.026 secs (0.026u,0.s) (success)
Params: n= 216
Tactic call lazy-regression-quadratic ran for 0.022 secs (0.022u,0.s) (success)
Params: n= 221
Tactic call lazy-regression-quadratic ran for 0.025 secs (0.025u,0.s) (success)
Params: n= 227
Tactic call lazy-regression-quadratic ran for 0.028 secs (0.028u,0.s) (success)
Params: n= 232
Tactic call lazy-regression-quadratic ran for 0.028 secs (0.028u,0.s) (success)
Params: n= 237
Tactic call lazy-regression-quadratic ran for 0.032 secs (0.032u,0.s) (success)
Params: n= 242
Tactic call lazy-regression-quadratic ran for 0.031 secs (0.031u,0.s) (success)
Params: n= 247
Tactic call lazy-regression-quadratic ran for 0.034 secs (0.034u,0.s) (success)
Params: n= 253
Tactic call lazy-regression-quadratic ran for 0.032 secs (0.032u,0.s) (success)
Params: n= 258
Tactic call lazy-regression-quadratic ran for 0.034 secs (0.034u,0.s) (success)
Params: n= 263
Tactic call lazy-regression-quadratic ran for 0.035 secs (0.032u,0.003s) (success)
Params: n= 268
Tactic call lazy-regression-quadratic ran for 0.038 secs (0.038u,0.s) (success)
Params: n= 273
Tactic call lazy-regression-quadratic ran for 0.039 secs (0.038u,0.s) (success)
Params: n= 279
Tactic call lazy-regression-quadratic ran for 0.046 secs (0.046u,0.s) (success)
Params: n= 284
Tactic call lazy-regression-quadratic ran for 0.049 secs (0.049u,0.s) (success)
Params: n= 289
Tactic call lazy-regression-quadratic ran for 0.043 secs (0.043u,0.s) (success)
Params: n= 294
Tactic call lazy-regression-quadratic ran for 0.047 secs (0.047u,0.s) (success)
Params: n= 300
Tactic call lazy-regression-quadratic ran for 0.052 secs (0.048u,0.003s) (success)
Params: n= 305
Tactic call lazy-regression-quadratic ran for 0.047 secs (0.047u,0.s) (success)
Params: n= 310
Tactic call lazy-regression-quadratic ran for 0.057 secs (0.057u,0.s) (success)
Params: n= 315
Tactic call lazy-regression-quadratic ran for 0.052 secs (0.052u,0.s) (success)
Params: n= 320
Tactic call lazy-regression-quadratic ran for 0.056 secs (0.056u,0.s) (success)
Params: n= 326
Tactic call lazy-regression-quadratic ran for 0.055 secs (0.055u,0.s) (success)
Params: n= 331
Tactic call lazy-regression-quadratic ran for 0.066 secs (0.066u,0.s) (success)
Params: n= 336
Tactic call lazy-regression-quadratic ran for 0.06 secs (0.059u,0.s) (success)
Params: n= 341
Tactic call lazy-regression-quadratic ran for 0.055 secs (0.055u,0.s) (success)
Params: n= 347
Tactic call lazy-regression-quadratic ran for 0.058 secs (0.058u,0.s) (success)
Params: n= 352
Tactic call lazy-regression-quadratic ran for 0.064 secs (0.064u,0.s) (success)
Params: n= 357
Tactic call lazy-regression-quadratic ran for 0.063 secs (0.059u,0.003s) (success)
Params: n= 362
Tactic call lazy-regression-quadratic ran for 0.069 secs (0.069u,0.s) (success)
Params: n= 367
Tactic call lazy-regression-quadratic ran for 0.075 secs (0.075u,0.s) (success)
Params: n= 373
Tactic call lazy-regression-quadratic ran for 0.078 secs (0.078u,0.s) (success)
Params: n= 378
Tactic call lazy-regression-quadratic ran for 0.082 secs (0.082u,0.s) (success)
Params: n= 383
Tactic call lazy-regression-quadratic ran for 0.082 secs (0.082u,0.s) (success)
Params: n= 388
Tactic call lazy-regression-quadratic ran for 0.082 secs (0.082u,0.s) (success)
Params: n= 394
Tactic call lazy-regression-quadratic ran for 0.085 secs (0.085u,0.s) (success)
Params: n= 399
Tactic call lazy-regression-quadratic ran for 0.099 secs (0.099u,0.s) (success)
Params: n= 404
Tactic call lazy-regression-quadratic ran for 0.108 secs (0.108u,0.s) (success)
Params: n= 409
Tactic call lazy-regression-quadratic ran for 0.105 secs (0.105u,0.s) (success)
Params: n= 414
Tactic call lazy-regression-quadratic ran for 0.095 secs (0.095u,0.s) (success)
Params: n= 420
Tactic call lazy-regression-quadratic ran for 0.084 secs (0.084u,0.s) (success)
Params: n= 425
Tactic call lazy-regression-quadratic ran for 0.114 secs (0.114u,0.s) (success)
Params: n= 430
Tactic call lazy-regression-quadratic ran for 0.11 secs (0.11u,0.s) (success)
Params: n= 435
Tactic call lazy-regression-quadratic ran for 0.094 secs (0.094u,0.s) (success)
Params: n= 441
Tactic call lazy-regression-quadratic ran for 0.093 secs (0.093u,0.s) (success)
Params: n= 446
Tactic call lazy-regression-quadratic ran for 0.108 secs (0.108u,0.s) (success)
Params: n= 451
Tactic call lazy-regression-quadratic ran for 0.095 secs (0.095u,0.s) (success)
Params: n= 469
Tactic call lazy-regression-quadratic ran for 0.122 secs (0.122u,0.s) (success)
Params: n= 487
Tactic call lazy-regression-quadratic ran for 0.11 secs (0.11u,0.s) (success)
Params: n= 505
Tactic call lazy-regression-quadratic ran for 0.131 secs (0.131u,0.s) (success)
Params: n= 523
Tactic call lazy-regression-quadratic ran for 0.142 secs (0.142u,0.s) (success)
Params: n= 541
Tactic call lazy-regression-quadratic ran for 0.149 secs (0.149u,0.s) (success)
Params: n= 559
Tactic call lazy-regression-quadratic ran for 0.167 secs (0.167u,0.s) (success)
Params: n= 577
Tactic call lazy-regression-quadratic ran for 0.215 secs (0.215u,0.s) (success)
Params: n= 595
Tactic call lazy-regression-quadratic ran for 0.222 secs (0.222u,0.s) (success)
Params: n= 613
Tactic call lazy-regression-quadratic ran for 0.19 secs (0.19u,0.s) (success)
Params: n= 631
Tactic call lazy-regression-quadratic ran for 0.21 secs (0.21u,0.s) (success)
Params: n= 649
Tactic call lazy-regression-quadratic ran for 0.225 secs (0.225u,0.s) (success)
Params: n= 667
Tactic call lazy-regression-quadratic ran for 0.244 secs (0.244u,0.s) (success)
Params: n= 685
Tactic call lazy-regression-quadratic ran for 0.319 secs (0.319u,0.s) (success)
Params: n= 703
Tactic call lazy-regression-quadratic ran for 0.266 secs (0.266u,0.s) (success)
Params: n= 721
Tactic call lazy-regression-quadratic ran for 0.272 secs (0.264u,0.007s) (success)
Params: n= 739
Tactic call lazy-regression-quadratic ran for 0.296 secs (0.292u,0.004s) (success)
Params: n= 757
Tactic call lazy-regression-quadratic ran for 0.332 secs (0.332u,0.s) (success)
Params: n= 775
Tactic call lazy-regression-quadratic ran for 0.362 secs (0.362u,0.s) (success)
Params: n= 793
Tactic call lazy-regression-quadratic ran for 0.332 secs (0.332u,0.s) (success)
Params: n= 811
Tactic call lazy-regression-quadratic ran for 0.337 secs (0.337u,0.s) (success)
Params: n= 829
Tactic call lazy-regression-quadratic ran for 0.44 secs (0.44u,0.s) (success)
Params: n= 847
Tactic call lazy-regression-quadratic ran for 0.386 secs (0.386u,0.s) (success)
Params: n= 865
Tactic call lazy-regression-quadratic ran for 0.386 secs (0.386u,0.s) (success)
Params: n= 883
Tactic call lazy-regression-quadratic ran for 0.45 secs (0.45u,0.s) (success)
Params: n= 901
Tactic call lazy-regression-quadratic ran for 0.475 secs (0.475u,0.s) (success)
Params: n= 991
Tactic call lazy-regression-quadratic ran for 0.516 secs (0.508u,0.007s) (success)
Params: n= 1081
Tactic call lazy-regression-quadratic ran for 0.698 secs (0.698u,0.s) (success)
Params: n= 1171
Tactic call lazy-regression-quadratic ran for 0.731 secs (0.731u,0.s) (success)
Params: n= 1261
Tactic call lazy-regression-quadratic ran for 0.909 secs (0.909u,0.s) (success)
Params: n= 1351
Tactic call lazy-regression-quadratic ran for 1.027 secs (1.027u,0.s) (success)
Params: n= 1441
Tactic call lazy-regression-quadratic ran for 1.204 secs (1.195u,0.007s) (success)
Params: n= 1531
Tactic call lazy-regression-quadratic ran for 1.322 secs (1.322u,0.s) (success)
Params: n= 1621
Tactic call lazy-regression-quadratic ran for 1.453 secs (1.453u,0.s) (success)
Params: n= 1711
Tactic call lazy-regression-quadratic ran for 1.653 secs (1.653u,0.s) (success)
Params: n= 1801
Tactic call lazy-regression-quadratic ran for 1.997 secs (1.993u,0.003s) (success)
Params: n= 2161
Tactic call lazy-regression-quadratic ran for 2.535 secs (2.535u,0.s) (success)
Params: n= 2521
Tactic call lazy-regression-quadratic ran for 3.821 secs (3.812u,0.008s) (success)
Params: n= 2881
Tactic call lazy-regression-quadratic ran for 4.701 secs (4.697u,0.003s) (success)
Params: n= 3241
Tactic call lazy-regression-quadratic ran for 6.005 secs (6.u,0.004s) (success)
Params: n= 3601
Tactic call lazy-regression-quadratic ran for 7.224 secs (7.192u,0.031s) (success)
