Params: n= 50
Tactic call rewrite_strat-topdown ran for 0.033 secs (0.033u,0.s) (success)
Tactic call rewrite_strat-topdown-noop ran for 0. secs (0.u,0.s) (success)
Tactic call abstract+rewrite_strat-topdown ran for 0.06 secs (0.06u,0.s) (success)
Tactic call close-abstract+rewrite_strat-topdown ran for 0.025 secs (0.025u,0.s)
Params: n= 100
Tactic call rewrite_strat-topdown ran for 0.132 secs (0.132u,0.s) (success)
Tactic call rewrite_strat-topdown-noop ran for 0.001 secs (0.001u,0.s) (success)
Tactic call abstract+rewrite_strat-topdown ran for 0.239 secs (0.239u,0.s) (success)
Tactic call close-abstract+rewrite_strat-topdown ran for 0.104 secs (0.104u,0.s)
Params: n= 150
Tactic call rewrite_strat-topdown ran for 0.389 secs (0.389u,0.s) (success)
Tactic call rewrite_strat-topdown-noop ran for 0.002 secs (0.002u,0.s) (success)
Tactic call abstract+rewrite_strat-topdown ran for 0.653 secs (0.653u,0.s) (success)
Tactic call close-abstract+rewrite_strat-topdown ran for 0.259 secs (0.259u,0.s)
Params: n= 200
Tactic call rewrite_strat-topdown ran for 0.566 secs (0.566u,0.s) (success)
Tactic call rewrite_strat-topdown-noop ran for 0.004 secs (0.004u,0.s) (success)
Tactic call abstract+rewrite_strat-topdown ran for 1.102 secs (1.095u,0.006s) (success)
Tactic call close-abstract+rewrite_strat-topdown ran for 0.432 secs (0.426u,0.006s)
Params: n= 250
Tactic call rewrite_strat-topdown ran for 1.007 secs (0.998u,0.007s) (success)
Tactic call rewrite_strat-topdown-noop ran for 0.006 secs (0.006u,0.s) (success)
Tactic call abstract+rewrite_strat-topdown ran for 1.826 secs (1.814u,0.012s) (success)
Tactic call close-abstract+rewrite_strat-topdown ran for 0.811 secs (0.807u,0.004s)
Params: n= 300
Tactic call rewrite_strat-topdown ran for 1.221 secs (1.209u,0.011s) (success)
Tactic call rewrite_strat-topdown-noop ran for 0.008 secs (0.008u,0.s) (success)
Tactic call abstract+rewrite_strat-topdown ran for 2.071 secs (2.052u,0.019s) (success)
Tactic call close-abstract+rewrite_strat-topdown ran for 0.84 secs (0.832u,0.007s)
Params: n= 350
Tactic call rewrite_strat-topdown ran for 1.808 secs (1.804u,0.003s) (success)
Tactic call rewrite_strat-topdown-noop ran for 0.012 secs (0.012u,0.s) (success)
Tactic call abstract+rewrite_strat-topdown ran for 3.085 secs (3.081u,0.003s) (success)
Tactic call close-abstract+rewrite_strat-topdown ran for 1.263 secs (1.262u,0.s)
Params: n= 400
Tactic call rewrite_strat-topdown ran for 2.519 secs (2.495u,0.023s) (success)
Tactic call rewrite_strat-topdown-noop ran for 0.014 secs (0.014u,0.s) (success)
Tactic call abstract+rewrite_strat-topdown ran for 4.028 secs (3.988u,0.039s) (success)
Tactic call close-abstract+rewrite_strat-topdown ran for 1.493 secs (1.477u,0.016s)
