Params: n= 116
Tactic call native_compute(1)-regression-quadratic ran for 0.109 secs (0.001u,0.004s) (success)
Tactic call native_compute(2)-regression-quadratic ran for 0.13 secs (0.021u,0.004s) (success)
Params: n= 229
Tactic call native_compute(1)-regression-quadratic ran for 0.108 secs (0.001u,0.004s) (success)
Tactic call native_compute(2)-regression-quadratic ran for 0.11 secs (0.001u,0.004s) (success)
Params: n= 343
Tactic call native_compute(1)-regression-quadratic ran for 0.11 secs (0.002u,0.003s) (success)
Tactic call native_compute(2)-regression-quadratic ran for 0.11 secs (0.001u,0.003s) (success)
Params: n= 456
Tactic call native_compute(1)-regression-quadratic ran for 0.108 secs (0.002u,0.003s) (success)
Tactic call native_compute(2)-regression-quadratic ran for 0.108 secs (0.u,0.006s) (success)
Params: n= 570
Tactic call native_compute(1)-regression-quadratic ran for 0.108 secs (0.001u,0.004s) (success)
Tactic call native_compute(2)-regression-quadratic ran for 0.11 secs (0.u,0.006s) (success)
Params: n= 684
Tactic call native_compute(1)-regression-quadratic ran for 0.111 secs (0.002u,0.004s) (success)
Tactic call native_compute(2)-regression-quadratic ran for 0.109 secs (0.002u,0.004s) (success)
Params: n= 797
Tactic call native_compute(1)-regression-quadratic ran for 0.113 secs (0.004u,0.003s) (success)
Tactic call native_compute(2)-regression-quadratic ran for 0.112 secs (0.003u,0.003s) (success)
Params: n= 911
Tactic call native_compute(1)-regression-quadratic ran for 0.111 secs (0.007u,0.s) (success)
Tactic call native_compute(2)-regression-quadratic ran for 0.112 secs (0.u,0.007s) (success)
Params: n= 1025
Tactic call native_compute(1)-regression-quadratic ran for 0.112 secs (0.004u,0.004s) (success)
Tactic call native_compute(2)-regression-quadratic ran for 0.112 secs (0.004u,0.004s) (success)
Params: n= 1138
Tactic call native_compute(1)-regression-quadratic ran for 0.115 secs (0.002u,0.007s) (success)
Tactic call native_compute(2)-regression-quadratic ran for 0.144 secs (0.036u,0.003s) (success)
Params: n= 1252
Tactic call native_compute(1)-regression-quadratic ran for 0.114 secs (0.006u,0.004s) (success)
Tactic call native_compute(2)-regression-quadratic ran for 0.114 secs (0.006u,0.003s) (success)
Params: n= 1365
Tactic call native_compute(1)-regression-quadratic ran for 0.114 secs (0.006u,0.003s) (success)
Tactic call native_compute(2)-regression-quadratic ran for 0.115 secs (0.006u,0.004s) (success)
Params: n= 1479
Tactic call native_compute(1)-regression-quadratic ran for 0.115 secs (0.007u,0.003s) (success)
Tactic call native_compute(2)-regression-quadratic ran for 0.12 secs (0.013u,0.004s) (success)
Params: n= 1593
Tactic call native_compute(1)-regression-quadratic ran for 0.116 secs (0.009u,0.003s) (success)
Tactic call native_compute(2)-regression-quadratic ran for 0.115 secs (0.009u,0.003s) (success)
Params: n= 1706
Tactic call native_compute(1)-regression-quadratic ran for 0.117 secs (0.01u,0.003s) (success)
Tactic call native_compute(2)-regression-quadratic ran for 0.116 secs (0.009u,0.004s) (success)
Params: n= 1820
Tactic call native_compute(1)-regression-quadratic ran for 0.128 secs (0.018u,0.004s) (success)
Tactic call native_compute(2)-regression-quadratic ran for 0.118 secs (0.014u,0.s) (success)
Params: n= 1933
Tactic call native_compute(1)-regression-quadratic ran for 0.12 secs (0.01u,0.004s) (success)
Tactic call native_compute(2)-regression-quadratic ran for 0.12 secs (0.01u,0.004s) (success)
Params: n= 2047
Tactic call native_compute(1)-regression-quadratic ran for 0.126 secs (0.017u,0.003s) (success)
Tactic call native_compute(2)-regression-quadratic ran for 0.122 secs (0.014u,0.003s) (success)
Params: n= 2161
Tactic call native_compute(1)-regression-quadratic ran for 0.121 secs (0.014u,0.004s) (success)
Tactic call native_compute(2)-regression-quadratic ran for 0.126 secs (0.015u,0.007s) (success)
Params: n= 2274
Tactic call native_compute(1)-regression-quadratic ran for 0.124 secs (0.011u,0.007s) (success)
Tactic call native_compute(2)-regression-quadratic ran for 0.124 secs (0.016u,0.004s) (success)
Params: n= 2388
Tactic call native_compute(1)-regression-quadratic ran for 0.129 secs (0.021u,0.003s) (success)
Tactic call native_compute(2)-regression-quadratic ran for 0.125 secs (0.016u,0.004s) (success)
Params: n= 2502
Tactic call native_compute(1)-regression-quadratic ran for 0.131 secs (0.023u,0.003s) (success)
Tactic call native_compute(2)-regression-quadratic ran for 0.126 secs (0.018u,0.003s) (success)
Params: n= 2615
Tactic call native_compute(1)-regression-quadratic ran for 0.127 secs (0.019u,0.004s) (success)
Tactic call native_compute(2)-regression-quadratic ran for 0.133 secs (0.025u,0.003s) (success)
Params: n= 2729
Tactic call native_compute(1)-regression-quadratic ran for 0.13 secs (0.021u,0.003s) (success)
Tactic call native_compute(2)-regression-quadratic ran for 0.134 secs (0.026u,0.003s) (success)
Params: n= 2842
Tactic call native_compute(1)-regression-quadratic ran for 0.13 secs (0.022u,0.003s) (success)
Tactic call native_compute(2)-regression-quadratic ran for 0.136 secs (0.027u,0.003s) (success)
Params: n= 2956
Tactic call native_compute(1)-regression-quadratic ran for 0.137 secs (0.029u,0.004s) (success)
Tactic call native_compute(2)-regression-quadratic ran for 0.132 secs (0.024u,0.004s) (success)
Params: n= 3070
Tactic call native_compute(1)-regression-quadratic ran for 0.137 secs (0.028u,0.003s) (success)
Tactic call native_compute(2)-regression-quadratic ran for 0.135 secs (0.026u,0.003s) (success)
Params: n= 3183
Tactic call native_compute(1)-regression-quadratic ran for 0.142 secs (0.031u,0.003s) (success)
Tactic call native_compute(2)-regression-quadratic ran for 0.139 secs (0.03u,0.004s) (success)
Params: n= 3297
Tactic call native_compute(1)-regression-quadratic ran for 0.137 secs (0.029u,0.004s) (success)
Tactic call native_compute(2)-regression-quadratic ran for 0.144 secs (0.034u,0.004s) (success)
Params: n= 3410
Tactic call native_compute(1)-regression-quadratic ran for 0.142 secs (0.034u,0.003s) (success)
Tactic call native_compute(2)-regression-quadratic ran for 0.144 secs (0.034u,0.004s) (success)
Params: n= 3524
Tactic call native_compute(1)-regression-quadratic ran for 0.141 secs (0.03u,0.007s) (success)
Tactic call native_compute(2)-regression-quadratic ran for 0.145 secs (0.037u,0.004s) (success)
Params: n= 3638
Tactic call native_compute(1)-regression-quadratic ran for 0.146 secs (0.036u,0.007s) (success)
Tactic call native_compute(2)-regression-quadratic ran for 0.148 secs (0.031u,0.011s) (success)
Params: n= 3751
Tactic call native_compute(1)-regression-quadratic ran for 0.149 secs (0.041u,0.003s) (success)
Tactic call native_compute(2)-regression-quadratic ran for 0.149 secs (0.039u,0.004s) (success)
Params: n= 3865
Tactic call native_compute(1)-regression-quadratic ran for 0.147 secs (0.036u,0.007s) (success)
Tactic call native_compute(2)-regression-quadratic ran for 0.152 secs (0.038u,0.008s) (success)
Params: n= 3979
Tactic call native_compute(1)-regression-quadratic ran for 0.154 secs (0.045u,0.003s) (success)
Tactic call native_compute(2)-regression-quadratic ran for 0.154 secs (0.046u,0.004s) (success)
Params: n= 4092
Tactic call native_compute(1)-regression-quadratic ran for 0.152 secs (0.044u,0.003s) (success)
Tactic call native_compute(2)-regression-quadratic ran for 0.157 secs (0.049u,0.004s) (success)
Params: n= 4206
Tactic call native_compute(1)-regression-quadratic ran for 0.162 secs (0.053u,0.003s) (success)
Tactic call native_compute(2)-regression-quadratic ran for 0.157 secs (0.051u,0.003s) (success)
Params: n= 4319
Tactic call native_compute(1)-regression-quadratic ran for 0.16 secs (0.052u,0.003s) (success)
Tactic call native_compute(2)-regression-quadratic ran for 0.159 secs (0.051u,0.004s) (success)
Params: n= 4433
Tactic call native_compute(1)-regression-quadratic ran for 0.163 secs (0.056u,0.004s) (success)
Tactic call native_compute(2)-regression-quadratic ran for 0.163 secs (0.051u,0.007s) (success)
Params: n= 4547
Tactic call native_compute(1)-regression-quadratic ran for 0.168 secs (0.059u,0.004s) (success)
Tactic call native_compute(2)-regression-quadratic ran for 0.162 secs (0.055u,0.003s) (success)
Params: n= 4660
Tactic call native_compute(1)-regression-quadratic ran for 0.167 secs (0.057u,0.004s) (success)
Tactic call native_compute(2)-regression-quadratic ran for 0.169 secs (0.061u,0.004s) (success)
Params: n= 4774
Tactic call native_compute(1)-regression-quadratic ran for 0.165 secs (0.054u,0.006s) (success)
Tactic call native_compute(2)-regression-quadratic ran for 0.171 secs (0.059u,0.007s) (success)
Params: n= 4887
Tactic call native_compute(1)-regression-quadratic ran for 0.172 secs (0.064u,0.004s) (success)
Tactic call native_compute(2)-regression-quadratic ran for 0.17 secs (0.062u,0.003s) (success)
Params: n= 5001
Tactic call native_compute(1)-regression-quadratic ran for 0.175 secs (0.054u,0.015s) (success)
Tactic call native_compute(2)-regression-quadratic ran for 0.177 secs (0.064u,0.007s) (success)
Params: n= 5115
Tactic call native_compute(1)-regression-quadratic ran for 0.177 secs (0.069u,0.004s) (success)
Tactic call native_compute(2)-regression-quadratic ran for 0.177 secs (0.069u,0.003s) (success)
Params: n= 5228
Tactic call native_compute(1)-regression-quadratic ran for 0.179 secs (0.069u,0.004s) (success)
Tactic call native_compute(2)-regression-quadratic ran for 0.183 secs (0.074u,0.004s) (success)
Params: n= 5342
Tactic call native_compute(1)-regression-quadratic ran for 0.183 secs (0.073u,0.004s) (success)
Tactic call native_compute(2)-regression-quadratic ran for 0.182 secs (0.073u,0.004s) (success)
Params: n= 5456
Tactic call native_compute(1)-regression-quadratic ran for 0.184 secs (0.076u,0.003s) (success)
Tactic call native_compute(2)-regression-quadratic ran for 0.186 secs (0.078u,0.004s) (success)
Params: n= 5569
Tactic call native_compute(1)-regression-quadratic ran for 0.189 secs (0.078u,0.007s) (success)
Tactic call native_compute(2)-regression-quadratic ran for 0.193 secs (0.082u,0.004s) (success)
Params: n= 5683
Tactic call native_compute(1)-regression-quadratic ran for 0.192 secs (0.08u,0.007s) (success)
Tactic call native_compute(2)-regression-quadratic ran for 0.195 secs (0.086u,0.004s) (success)
Params: n= 5796
Tactic call native_compute(1)-regression-quadratic ran for 0.193 secs (0.081u,0.007s) (success)
Tactic call native_compute(2)-regression-quadratic ran for 0.197 secs (0.088u,0.003s) (success)
Params: n= 5910
Tactic call native_compute(1)-regression-quadratic ran for 0.202 secs (0.087u,0.008s) (success)
Tactic call native_compute(2)-regression-quadratic ran for 0.201 secs (0.092u,0.003s) (success)
Params: n= 6221
Tactic call native_compute(1)-regression-quadratic ran for 0.207 secs (0.098u,0.004s) (success)
Tactic call native_compute(2)-regression-quadratic ran for 0.21 secs (0.098u,0.008s) (success)
Params: n= 6532
Tactic call native_compute(1)-regression-quadratic ran for 0.214 secs (0.106u,0.003s) (success)
Tactic call native_compute(2)-regression-quadratic ran for 0.22 secs (0.107u,0.007s) (success)
Params: n= 6843
Tactic call native_compute(1)-regression-quadratic ran for 0.226 secs (0.114u,0.007s) (success)
Tactic call native_compute(2)-regression-quadratic ran for 0.238 secs (0.128u,0.003s) (success)
Params: n= 7154
Tactic call native_compute(1)-regression-quadratic ran for 0.239 secs (0.126u,0.007s) (success)
Tactic call native_compute(2)-regression-quadratic ran for 0.243 secs (0.129u,0.008s) (success)
Params: n= 7465
Tactic call native_compute(1)-regression-quadratic ran for 0.247 secs (0.135u,0.008s) (success)
Tactic call native_compute(2)-regression-quadratic ran for 0.254 secs (0.145u,0.004s) (success)
Params: n= 7776
Tactic call native_compute(1)-regression-quadratic ran for 0.258 secs (0.146u,0.008s) (success)
Tactic call native_compute(2)-regression-quadratic ran for 0.273 secs (0.164u,0.003s) (success)
Params: n= 8087
Tactic call native_compute(1)-regression-quadratic ran for 0.27 secs (0.161u,0.004s) (success)
Tactic call native_compute(2)-regression-quadratic ran for 0.283 secs (0.175u,0.004s) (success)
Params: n= 8398
Tactic call native_compute(1)-regression-quadratic ran for 0.283 secs (0.173u,0.004s) (success)
Tactic call native_compute(2)-regression-quadratic ran for 0.288 secs (0.171u,0.012s) (success)
Params: n= 8709
Tactic call native_compute(1)-regression-quadratic ran for 0.296 secs (0.188u,0.003s) (success)
Tactic call native_compute(2)-regression-quadratic ran for 0.307 secs (0.199u,0.003s) (success)
Params: n= 9019
Tactic call native_compute(1)-regression-quadratic ran for 0.312 secs (0.203u,0.003s) (success)
Tactic call native_compute(2)-regression-quadratic ran for 0.311 secs (0.201u,0.004s) (success)
Params: n= 9330
Tactic call native_compute(1)-regression-quadratic ran for 0.32 secs (0.21u,0.004s) (success)
Tactic call native_compute(2)-regression-quadratic ran for 0.328 secs (0.211u,0.011s) (success)
Params: n= 9641
Tactic call native_compute(1)-regression-quadratic ran for 0.324 secs (0.212u,0.007s) (success)
Tactic call native_compute(2)-regression-quadratic ran for 0.334 secs (0.216u,0.012s) (success)
Params: n= 9952
Tactic call native_compute(1)-regression-quadratic ran for 0.342 secs (0.233u,0.003s) (success)
Tactic call native_compute(2)-regression-quadratic ran for 0.356 secs (0.242u,0.007s) (success)
Params: n= 10263
Tactic call native_compute(1)-regression-quadratic ran for 0.358 secs (0.248u,0.003s) (success)
Tactic call native_compute(2)-regression-quadratic ran for 0.364 secs (0.25u,0.008s) (success)
Params: n= 10574
Tactic call native_compute(1)-regression-quadratic ran for 0.372 secs (0.258u,0.007s) (success)
Tactic call native_compute(2)-regression-quadratic ran for 0.382 secs (0.273u,0.003s) (success)
Params: n= 10885
Tactic call native_compute(1)-regression-quadratic ran for 0.386 secs (0.269u,0.011s) (success)
Tactic call native_compute(2)-regression-quadratic ran for 0.395 secs (0.285u,0.004s) (success)
Params: n= 11196
Tactic call native_compute(1)-regression-quadratic ran for 0.404 secs (0.29u,0.008s) (success)
Tactic call native_compute(2)-regression-quadratic ran for 0.411 secs (0.298u,0.007s) (success)
Params: n= 11507
Tactic call native_compute(1)-regression-quadratic ran for 0.412 secs (0.299u,0.007s) (success)
Tactic call native_compute(2)-regression-quadratic ran for 0.424 secs (0.31u,0.007s) (success)
Params: n= 11818
Tactic call native_compute(1)-regression-quadratic ran for 0.432 secs (0.323u,0.003s) (success)
Tactic call native_compute(2)-regression-quadratic ran for 0.456 secs (0.342u,0.008s) (success)
Params: n= 13000
Tactic call native_compute(1)-regression-quadratic ran for 0.502 secs (0.389u,0.007s) (success)
Tactic call native_compute(2)-regression-quadratic ran for 0.514 secs (0.4u,0.008s) (success)
Params: n= 14181
Tactic call native_compute(1)-regression-quadratic ran for 0.581 secs (0.466u,0.008s) (success)
Tactic call native_compute(2)-regression-quadratic ran for 0.624 secs (0.509u,0.007s) (success)
Params: n= 15363
Tactic call native_compute(1)-regression-quadratic ran for 0.799 secs (0.69u,0.003s) (success)
Tactic call native_compute(2)-regression-quadratic ran for 0.652 secs (0.539u,0.007s) (success)
Params: n= 16544
Tactic call native_compute(1)-regression-quadratic ran for 0.728 secs (0.614u,0.007s) (success)
Tactic call native_compute(2)-regression-quadratic ran for 0.732 secs (0.618u,0.007s) (success)
Params: n= 17726
Tactic call native_compute(1)-regression-quadratic ran for 0.801 secs (0.684u,0.011s) (success)
Tactic call native_compute(2)-regression-quadratic ran for 0.822 secs (0.703u,0.011s) (success)
Params: n= 18908
Tactic call native_compute(1)-regression-quadratic ran for 0.903 secs (0.79u,0.007s) (success)
Tactic call native_compute(2)-regression-quadratic ran for 0.913 secs (0.8u,0.008s) (success)
Params: n= 20089
Tactic call native_compute(1)-regression-quadratic ran for 1. secs (0.887u,0.003s) (success)
Tactic call native_compute(2)-regression-quadratic ran for 0.982 secs (0.866u,0.008s) (success)
Params: n= 21271
Tactic call native_compute(1)-regression-quadratic ran for 1.107 secs (0.995u,0.007s) (success)
Tactic call native_compute(2)-regression-quadratic ran for 1.126 secs (1.003u,0.015s) (success)
Params: n= 22452
Tactic call native_compute(1)-regression-quadratic ran for 1.408 secs (1.295u,0.008s) (success)
Tactic call native_compute(2)-regression-quadratic ran for 1.261 secs (1.147u,0.008s) (success)
Params: n= 23634
Tactic call native_compute(1)-regression-quadratic ran for 1.362 secs (1.254u,0.003s) (success)
Tactic call native_compute(2)-regression-quadratic ran for 1.378 secs (1.26u,0.011s) (success)
Params: n= 28361
Tactic call native_compute(1)-regression-quadratic ran for 1.874 secs (1.757u,0.012s) (success)
Tactic call native_compute(2)-regression-quadratic ran for 1.894 secs (1.784u,0.004s) (success)
Params: n= 33087
Tactic call native_compute(1)-regression-quadratic ran for 2.516 secs (2.4u,0.008s) (success)
Tactic call native_compute(2)-regression-quadratic ran for 2.515 secs (2.401u,0.008s) (success)
Params: n= 37814
Tactic call native_compute(1)-regression-quadratic ran for 3.258 secs (3.132u,0.016s) (success)
Tactic call native_compute(2)-regression-quadratic ran for 3.297 secs (3.174u,0.015s) (success)
Params: n= 42540
Tactic call native_compute(1)-regression-quadratic ran for 3.994 secs (3.859u,0.019s) (success)
Tactic call native_compute(2)-regression-quadratic ran for 4. secs (3.885u,0.008s) (success)
Params: n= 47267
Tactic call native_compute(1)-regression-quadratic ran for 4.809 secs (4.696u,0.007s) (success)
Tactic call native_compute(2)-regression-quadratic ran for 4.908 secs (4.785u,0.016s) (success)
