Params: n= 4
Tactic call ssr-rewrite!-regression-quadratic ran for 0. secs (0.u,0.s) (success)
Tactic call ssr-rewrite?-noop-regression-linear ran for 0. secs (0.u,0.s) (success)
Tactic call abstract-regression-quadratic ran for 0.001 secs (0.u,0.s) (success)
Tactic call close-abstract-regression-quadratic ran for 0. secs (0.u,0.s)
Params: n= 5
Tactic call ssr-rewrite!-regression-quadratic ran for 0. secs (0.u,0.s) (success)
Tactic call ssr-rewrite?-noop-regression-linear ran for 0. secs (0.u,0.s) (success)
Tactic call abstract-regression-quadratic ran for 0.001 secs (0.001u,0.s) (success)
Tactic call close-abstract-regression-quadratic ran for 0. secs (0.u,0.s)
Params: n= 6
Tactic call ssr-rewrite!-regression-quadratic ran for 0. secs (0.u,0.s) (success)
Tactic call ssr-rewrite?-noop-regression-linear ran for 0. secs (0.u,0.s) (success)
Tactic call abstract-regression-quadratic ran for 0.001 secs (0.001u,0.s) (success)
Tactic call close-abstract-regression-quadratic ran for 0. secs (0.u,0.s)
Params: n= 7
Tactic call ssr-rewrite!-regression-quadratic ran for 0. secs (0.u,0.s) (success)
Tactic call ssr-rewrite?-noop-regression-linear ran for 0. secs (0.u,0.s) (success)
Tactic call abstract-regression-quadratic ran for 0.001 secs (0.001u,0.s) (success)
Tactic call close-abstract-regression-quadratic ran for 0. secs (0.u,0.s)
Params: n= 8
Tactic call ssr-rewrite!-regression-quadratic ran for 0.001 secs (0.001u,0.s) (success)
Tactic call ssr-rewrite?-noop-regression-linear ran for 0. secs (0.u,0.s) (success)
Tactic call abstract-regression-quadratic ran for 0.002 secs (0.002u,0.s) (success)
Tactic call close-abstract-regression-quadratic ran for 0. secs (0.u,0.s)
Params: n= 9
Tactic call ssr-rewrite!-regression-quadratic ran for 0.001 secs (0.001u,0.s) (success)
Tactic call ssr-rewrite?-noop-regression-linear ran for 0. secs (0.u,0.s) (success)
Tactic call abstract-regression-quadratic ran for 0.002 secs (0.002u,0.s) (success)
Tactic call close-abstract-regression-quadratic ran for 0.001 secs (0.001u,0.s)
Params: n= 10
Tactic call ssr-rewrite!-regression-quadratic ran for 0.001 secs (0.001u,0.s) (success)
Tactic call ssr-rewrite?-noop-regression-linear ran for 0. secs (0.u,0.s) (success)
Tactic call abstract-regression-quadratic ran for 0.002 secs (0.002u,0.s) (success)
Tactic call close-abstract-regression-quadratic ran for 0.001 secs (0.001u,0.s)
Params: n= 11
Tactic call ssr-rewrite!-regression-quadratic ran for 0.001 secs (0.001u,0.s) (success)
Tactic call ssr-rewrite?-noop-regression-linear ran for 0. secs (0.u,0.s) (success)
Tactic call abstract-regression-quadratic ran for 0.003 secs (0.003u,0.s) (success)
Tactic call close-abstract-regression-quadratic ran for 0.001 secs (0.001u,0.s)
Params: n= 12
Tactic call ssr-rewrite!-regression-quadratic ran for 0.001 secs (0.001u,0.s) (success)
Tactic call ssr-rewrite?-noop-regression-linear ran for 0. secs (0.u,0.s) (success)
Tactic call abstract-regression-quadratic ran for 0.003 secs (0.003u,0.s) (success)
Tactic call close-abstract-regression-quadratic ran for 0.001 secs (0.001u,0.s)
Params: n= 13
Tactic call ssr-rewrite!-regression-quadratic ran for 0.002 secs (0.002u,0.s) (success)
Tactic call ssr-rewrite?-noop-regression-linear ran for 0. secs (0.u,0.s) (success)
Tactic call abstract-regression-quadratic ran for 0.004 secs (0.004u,0.s) (success)
Tactic call close-abstract-regression-quadratic ran for 0.001 secs (0.001u,0.s)
Params: n= 14
Tactic call ssr-rewrite!-regression-quadratic ran for 0.042 secs (0.039u,0.003s) (success)
Tactic call ssr-rewrite?-noop-regression-linear ran for 0. secs (0.u,0.s) (success)
Tactic call abstract-regression-quadratic ran for 0.044 secs (0.04u,0.003s) (success)
Tactic call close-abstract-regression-quadratic ran for 0.001 secs (0.001u,0.s)
Params: n= 15
Tactic call ssr-rewrite!-regression-quadratic ran for 0.002 secs (0.002u,0.s) (success)
Tactic call ssr-rewrite?-noop-regression-linear ran for 0. secs (0.u,0.s) (success)
Tactic call abstract-regression-quadratic ran for 0.004 secs (0.004u,0.s) (success)
Tactic call close-abstract-regression-quadratic ran for 0.001 secs (0.001u,0.s)
Params: n= 16
Tactic call ssr-rewrite!-regression-quadratic ran for 0.002 secs (0.002u,0.s) (success)
Tactic call ssr-rewrite?-noop-regression-linear ran for 0. secs (0.u,0.s) (success)
Tactic call abstract-regression-quadratic ran for 0.004 secs (0.004u,0.s) (success)
Tactic call close-abstract-regression-quadratic ran for 0.002 secs (0.002u,0.s)
Params: n= 17
Tactic call ssr-rewrite!-regression-quadratic ran for 0.002 secs (0.002u,0.s) (success)
Tactic call ssr-rewrite?-noop-regression-linear ran for 0. secs (0.u,0.s) (success)
Tactic call abstract-regression-quadratic ran for 0.005 secs (0.005u,0.s) (success)
Tactic call close-abstract-regression-quadratic ran for 0.002 secs (0.002u,0.s)
Params: n= 18
Tactic call ssr-rewrite!-regression-quadratic ran for 0.002 secs (0.002u,0.s) (success)
Tactic call ssr-rewrite?-noop-regression-linear ran for 0. secs (0.u,0.s) (success)
Tactic call abstract-regression-quadratic ran for 0.005 secs (0.005u,0.s) (success)
Tactic call close-abstract-regression-quadratic ran for 0.002 secs (0.002u,0.s)
Params: n= 19
Tactic call ssr-rewrite!-regression-quadratic ran for 0.003 secs (0.003u,0.s) (success)
Tactic call ssr-rewrite?-noop-regression-linear ran for 0. secs (0.u,0.s) (success)
Tactic call abstract-regression-quadratic ran for 0.006 secs (0.006u,0.s) (success)
Tactic call close-abstract-regression-quadratic ran for 0.002 secs (0.002u,0.s)
Params: n= 20
Tactic call ssr-rewrite!-regression-quadratic ran for 0.003 secs (0.003u,0.s) (success)
Tactic call ssr-rewrite?-noop-regression-linear ran for 0. secs (0.u,0.s) (success)
Tactic call abstract-regression-quadratic ran for 0.006 secs (0.006u,0.s) (success)
Tactic call close-abstract-regression-quadratic ran for 0.003 secs (0.003u,0.s)
Params: n= 21
Tactic call ssr-rewrite!-regression-quadratic ran for 0.003 secs (0.003u,0.s) (success)
Tactic call ssr-rewrite?-noop-regression-linear ran for 0. secs (0.u,0.s) (success)
Tactic call abstract-regression-quadratic ran for 0.007 secs (0.007u,0.s) (success)
Tactic call close-abstract-regression-quadratic ran for 0.003 secs (0.003u,0.s)
Params: n= 22
Tactic call ssr-rewrite!-regression-quadratic ran for 0.005 secs (0.005u,0.s) (success)
Tactic call ssr-rewrite?-noop-regression-linear ran for 0. secs (0.u,0.s) (success)
Tactic call abstract-regression-quadratic ran for 0.009 secs (0.009u,0.s) (success)
Tactic call close-abstract-regression-quadratic ran for 0.003 secs (0.003u,0.s)
Params: n= 23
Tactic call ssr-rewrite!-regression-quadratic ran for 0.004 secs (0.004u,0.s) (success)
Tactic call ssr-rewrite?-noop-regression-linear ran for 0. secs (0.u,0.s) (success)
Tactic call abstract-regression-quadratic ran for 0.008 secs (0.008u,0.s) (success)
Tactic call close-abstract-regression-quadratic ran for 0.004 secs (0.004u,0.s)
Params: n= 24
Tactic call ssr-rewrite!-regression-quadratic ran for 0.004 secs (0.004u,0.s) (success)
Tactic call ssr-rewrite?-noop-regression-linear ran for 0. secs (0.u,0.s) (success)
Tactic call abstract-regression-quadratic ran for 0.009 secs (0.009u,0.s) (success)
Tactic call close-abstract-regression-quadratic ran for 0.004 secs (0.004u,0.s)
Params: n= 25
Tactic call ssr-rewrite!-regression-quadratic ran for 0.004 secs (0.004u,0.s) (success)
Tactic call ssr-rewrite?-noop-regression-linear ran for 0. secs (0.u,0.s) (success)
Tactic call abstract-regression-quadratic ran for 0.01 secs (0.01u,0.s) (success)
Tactic call close-abstract-regression-quadratic ran for 0.004 secs (0.004u,0.s)
Params: n= 26
Tactic call ssr-rewrite!-regression-quadratic ran for 0.005 secs (0.005u,0.s) (success)
Tactic call ssr-rewrite?-noop-regression-linear ran for 0. secs (0.u,0.s) (success)
Tactic call abstract-regression-quadratic ran for 0.013 secs (0.013u,0.s) (success)
Tactic call close-abstract-regression-quadratic ran for 0.008 secs (0.008u,0.s)
Params: n= 27
Tactic call ssr-rewrite!-regression-quadratic ran for 0.005 secs (0.005u,0.s) (success)
Tactic call ssr-rewrite?-noop-regression-linear ran for 0. secs (0.u,0.s) (success)
Tactic call abstract-regression-quadratic ran for 0.011 secs (0.011u,0.s) (success)
Tactic call close-abstract-regression-quadratic ran for 0.006 secs (0.006u,0.s)
Params: n= 28
Tactic call ssr-rewrite!-regression-quadratic ran for 0.005 secs (0.005u,0.s) (success)
Tactic call ssr-rewrite?-noop-regression-linear ran for 0. secs (0.u,0.s) (success)
Tactic call abstract-regression-quadratic ran for 0.012 secs (0.012u,0.s) (success)
Tactic call close-abstract-regression-quadratic ran for 0.006 secs (0.006u,0.s)
Params: n= 29
Tactic call ssr-rewrite!-regression-quadratic ran for 0.006 secs (0.006u,0.s) (success)
Tactic call ssr-rewrite?-noop-regression-linear ran for 0. secs (0.u,0.s) (success)
Tactic call abstract-regression-quadratic ran for 0.013 secs (0.013u,0.s) (success)
Tactic call close-abstract-regression-quadratic ran for 0.006 secs (0.006u,0.s)
Params: n= 30
Tactic call ssr-rewrite!-regression-quadratic ran for 0.008 secs (0.008u,0.s) (success)
Tactic call ssr-rewrite?-noop-regression-linear ran for 0. secs (0.u,0.s) (success)
Tactic call abstract-regression-quadratic ran for 0.015 secs (0.015u,0.s) (success)
Tactic call close-abstract-regression-quadratic ran for 0.007 secs (0.007u,0.s)
Params: n= 31
Tactic call ssr-rewrite!-regression-quadratic ran for 0.006 secs (0.006u,0.s) (success)
Tactic call ssr-rewrite?-noop-regression-linear ran for 0. secs (0.u,0.s) (success)
Tactic call abstract-regression-quadratic ran for 0.014 secs (0.014u,0.s) (success)
Tactic call close-abstract-regression-quadratic ran for 0.007 secs (0.007u,0.s)
Params: n= 32
Tactic call ssr-rewrite!-regression-quadratic ran for 0.007 secs (0.007u,0.s) (success)
Tactic call ssr-rewrite?-noop-regression-linear ran for 0. secs (0.u,0.s) (success)
Tactic call abstract-regression-quadratic ran for 0.015 secs (0.015u,0.s) (success)
Tactic call close-abstract-regression-quadratic ran for 0.008 secs (0.008u,0.s)
Params: n= 33
Tactic call ssr-rewrite!-regression-quadratic ran for 0.012 secs (0.012u,0.s) (success)
Tactic call ssr-rewrite?-noop-regression-linear ran for 0. secs (0.u,0.s) (success)
Tactic call abstract-regression-quadratic ran for 0.021 secs (0.021u,0.s) (success)
Tactic call close-abstract-regression-quadratic ran for 0.008 secs (0.008u,0.s)
Params: n= 34
Tactic call ssr-rewrite!-regression-quadratic ran for 0.008 secs (0.008u,0.s) (success)
Tactic call ssr-rewrite?-noop-regression-linear ran for 0. secs (0.u,0.s) (success)
Tactic call abstract-regression-quadratic ran for 0.017 secs (0.017u,0.s) (success)
Tactic call close-abstract-regression-quadratic ran for 0.009 secs (0.009u,0.s)
Params: n= 35
Tactic call ssr-rewrite!-regression-quadratic ran for 0.008 secs (0.008u,0.s) (success)
Tactic call ssr-rewrite?-noop-regression-linear ran for 0. secs (0.u,0.s) (success)
Tactic call abstract-regression-quadratic ran for 0.019 secs (0.019u,0.s) (success)
Tactic call close-abstract-regression-quadratic ran for 0.01 secs (0.01u,0.s)
Params: n= 36
Tactic call ssr-rewrite!-regression-quadratic ran for 0.009 secs (0.009u,0.s) (success)
Tactic call ssr-rewrite?-noop-regression-linear ran for 0. secs (0.u,0.s) (success)
Tactic call abstract-regression-quadratic ran for 0.019 secs (0.019u,0.s) (success)
Tactic call close-abstract-regression-quadratic ran for 0.01 secs (0.01u,0.s)
Params: n= 37
Tactic call ssr-rewrite!-regression-quadratic ran for 0.009 secs (0.009u,0.s) (success)
Tactic call ssr-rewrite?-noop-regression-linear ran for 0. secs (0.u,0.s) (success)
Tactic call abstract-regression-quadratic ran for 0.02 secs (0.02u,0.s) (success)
Tactic call close-abstract-regression-quadratic ran for 0.01 secs (0.01u,0.s)
Params: n= 38
Tactic call ssr-rewrite!-regression-quadratic ran for 0.013 secs (0.012u,0.s) (success)
Tactic call ssr-rewrite?-noop-regression-linear ran for 0. secs (0.u,0.s) (success)
Tactic call abstract-regression-quadratic ran for 0.024 secs (0.024u,0.s) (success)
Tactic call close-abstract-regression-quadratic ran for 0.011 secs (0.011u,0.s)
Params: n= 39
Tactic call ssr-rewrite!-regression-quadratic ran for 0.01 secs (0.01u,0.s) (success)
Tactic call ssr-rewrite?-noop-regression-linear ran for 0. secs (0.u,0.s) (success)
Tactic call abstract-regression-quadratic ran for 0.022 secs (0.022u,0.s) (success)
Tactic call close-abstract-regression-quadratic ran for 0.011 secs (0.011u,0.s)
Params: n= 40
Tactic call ssr-rewrite!-regression-quadratic ran for 0.011 secs (0.011u,0.s) (success)
Tactic call ssr-rewrite?-noop-regression-linear ran for 0. secs (0.u,0.s) (success)
Tactic call abstract-regression-quadratic ran for 0.024 secs (0.024u,0.s) (success)
Tactic call close-abstract-regression-quadratic ran for 0.012 secs (0.012u,0.s)
Params: n= 41
Tactic call ssr-rewrite!-regression-quadratic ran for 0.011 secs (0.011u,0.s) (success)
Tactic call ssr-rewrite?-noop-regression-linear ran for 0. secs (0.u,0.s) (success)
Tactic call abstract-regression-quadratic ran for 0.026 secs (0.026u,0.s) (success)
Tactic call close-abstract-regression-quadratic ran for 0.015 secs (0.015u,0.s)
Params: n= 42
Tactic call ssr-rewrite!-regression-quadratic ran for 0.011 secs (0.011u,0.s) (success)
Tactic call ssr-rewrite?-noop-regression-linear ran for 0. secs (0.u,0.s) (success)
Tactic call abstract-regression-quadratic ran for 0.025 secs (0.025u,0.s) (success)
Tactic call close-abstract-regression-quadratic ran for 0.013 secs (0.013u,0.s)
Params: n= 43
Tactic call ssr-rewrite!-regression-quadratic ran for 0.012 secs (0.012u,0.s) (success)
Tactic call ssr-rewrite?-noop-regression-linear ran for 0. secs (0.u,0.s) (success)
Tactic call abstract-regression-quadratic ran for 0.028 secs (0.028u,0.s) (success)
Tactic call close-abstract-regression-quadratic ran for 0.016 secs (0.016u,0.s)
Params: n= 44
Tactic call ssr-rewrite!-regression-quadratic ran for 0.012 secs (0.012u,0.s) (success)
Tactic call ssr-rewrite?-noop-regression-linear ran for 0. secs (0.u,0.s) (success)
Tactic call abstract-regression-quadratic ran for 0.028 secs (0.028u,0.s) (success)
Tactic call close-abstract-regression-quadratic ran for 0.014 secs (0.014u,0.s)
Params: n= 45
Tactic call ssr-rewrite!-regression-quadratic ran for 0.015 secs (0.015u,0.s) (success)
Tactic call ssr-rewrite?-noop-regression-linear ran for 0. secs (0.u,0.s) (success)
Tactic call abstract-regression-quadratic ran for 0.031 secs (0.031u,0.s) (success)
Tactic call close-abstract-regression-quadratic ran for 0.015 secs (0.015u,0.s)
Params: n= 46
Tactic call ssr-rewrite!-regression-quadratic ran for 0.013 secs (0.013u,0.s) (success)
Tactic call ssr-rewrite?-noop-regression-linear ran for 0. secs (0.u,0.s) (success)
Tactic call abstract-regression-quadratic ran for 0.031 secs (0.031u,0.s) (success)
Tactic call close-abstract-regression-quadratic ran for 0.017 secs (0.017u,0.s)
Params: n= 47
Tactic call ssr-rewrite!-regression-quadratic ran for 0.014 secs (0.014u,0.s) (success)
Tactic call ssr-rewrite?-noop-regression-linear ran for 0. secs (0.u,0.s) (success)
Tactic call abstract-regression-quadratic ran for 0.031 secs (0.031u,0.s) (success)
Tactic call close-abstract-regression-quadratic ran for 0.016 secs (0.016u,0.s)
Params: n= 48
Tactic call ssr-rewrite!-regression-quadratic ran for 0.017 secs (0.017u,0.s) (success)
Tactic call ssr-rewrite?-noop-regression-linear ran for 0. secs (0.u,0.s) (success)
Tactic call abstract-regression-quadratic ran for 0.036 secs (0.036u,0.s) (success)
Tactic call close-abstract-regression-quadratic ran for 0.017 secs (0.017u,0.s)
Params: n= 49
Tactic call ssr-rewrite!-regression-quadratic ran for 0.016 secs (0.016u,0.s) (success)
Tactic call ssr-rewrite?-noop-regression-linear ran for 0. secs (0.u,0.s) (success)
Tactic call abstract-regression-quadratic ran for 0.035 secs (0.035u,0.s) (success)
Tactic call close-abstract-regression-quadratic ran for 0.018 secs (0.018u,0.s)
Params: n= 51
Tactic call ssr-rewrite!-regression-quadratic ran for 0.016 secs (0.016u,0.s) (success)
Tactic call ssr-rewrite?-noop-regression-linear ran for 0. secs (0.u,0.s) (success)
Tactic call abstract-regression-quadratic ran for 0.04 secs (0.04u,0.s) (success)
Tactic call close-abstract-regression-quadratic ran for 0.022 secs (0.022u,0.s)
Params: n= 52
Tactic call ssr-rewrite!-regression-quadratic ran for 0.017 secs (0.017u,0.s) (success)
Tactic call ssr-rewrite?-noop-regression-linear ran for 0. secs (0.u,0.s) (success)
Tactic call abstract-regression-quadratic ran for 0.04 secs (0.039u,0.s) (success)
Tactic call close-abstract-regression-quadratic ran for 0.022 secs (0.022u,0.s)
Params: n= 53
Tactic call ssr-rewrite!-regression-quadratic ran for 0.017 secs (0.017u,0.s) (success)
Tactic call ssr-rewrite?-noop-regression-linear ran for 0. secs (0.u,0.s) (success)
Tactic call abstract-regression-quadratic ran for 0.043 secs (0.043u,0.s) (success)
Tactic call close-abstract-regression-quadratic ran for 0.025 secs (0.025u,0.s)
Params: n= 54
Tactic call ssr-rewrite!-regression-quadratic ran for 0.018 secs (0.018u,0.s) (success)
Tactic call ssr-rewrite?-noop-regression-linear ran for 0. secs (0.u,0.s) (success)
Tactic call abstract-regression-quadratic ran for 0.042 secs (0.042u,0.s) (success)
Tactic call close-abstract-regression-quadratic ran for 0.023 secs (0.023u,0.s)
Params: n= 55
Tactic call ssr-rewrite!-regression-quadratic ran for 0.018 secs (0.018u,0.s) (success)
Tactic call ssr-rewrite?-noop-regression-linear ran for 0. secs (0.u,0.s) (success)
Tactic call abstract-regression-quadratic ran for 0.044 secs (0.044u,0.s) (success)
Tactic call close-abstract-regression-quadratic ran for 0.024 secs (0.024u,0.s)
Params: n= 56
Tactic call ssr-rewrite!-regression-quadratic ran for 0.019 secs (0.019u,0.s) (success)
Tactic call ssr-rewrite?-noop-regression-linear ran for 0. secs (0.u,0.s) (success)
Tactic call abstract-regression-quadratic ran for 0.044 secs (0.044u,0.s) (success)
Tactic call close-abstract-regression-quadratic ran for 0.024 secs (0.024u,0.s)
Params: n= 57
Tactic call ssr-rewrite!-regression-quadratic ran for 0.02 secs (0.02u,0.s) (success)
Tactic call ssr-rewrite?-noop-regression-linear ran for 0. secs (0.u,0.s) (success)
Tactic call abstract-regression-quadratic ran for 0.046 secs (0.046u,0.s) (success)
Tactic call close-abstract-regression-quadratic ran for 0.026 secs (0.026u,0.s)
Params: n= 58
Tactic call ssr-rewrite!-regression-quadratic ran for 0.02 secs (0.02u,0.s) (success)
Tactic call ssr-rewrite?-noop-regression-linear ran for 0. secs (0.u,0.s) (success)
Tactic call abstract-regression-quadratic ran for 0.048 secs (0.048u,0.s) (success)
Tactic call close-abstract-regression-quadratic ran for 0.027 secs (0.027u,0.s)
Params: n= 59
Tactic call ssr-rewrite!-regression-quadratic ran for 0.021 secs (0.021u,0.s) (success)
Tactic call ssr-rewrite?-noop-regression-linear ran for 0. secs (0.u,0.s) (success)
Tactic call abstract-regression-quadratic ran for 0.051 secs (0.051u,0.s) (success)
Tactic call close-abstract-regression-quadratic ran for 0.028 secs (0.028u,0.s)
Params: n= 60
Tactic call ssr-rewrite!-regression-quadratic ran for 0.022 secs (0.022u,0.s) (success)
Tactic call ssr-rewrite?-noop-regression-linear ran for 0. secs (0.u,0.s) (success)
Tactic call abstract-regression-quadratic ran for 0.052 secs (0.052u,0.s) (success)
Tactic call close-abstract-regression-quadratic ran for 0.029 secs (0.029u,0.s)
Params: n= 61
Tactic call ssr-rewrite!-regression-quadratic ran for 0.023 secs (0.023u,0.s) (success)
Tactic call ssr-rewrite?-noop-regression-linear ran for 0. secs (0.u,0.s) (success)
Tactic call abstract-regression-quadratic ran for 0.055 secs (0.055u,0.s) (success)
Tactic call close-abstract-regression-quadratic ran for 0.032 secs (0.032u,0.s)
Params: n= 62
Tactic call ssr-rewrite!-regression-quadratic ran for 0.025 secs (0.025u,0.s) (success)
Tactic call ssr-rewrite?-noop-regression-linear ran for 0. secs (0.u,0.s) (success)
Tactic call abstract-regression-quadratic ran for 0.055 secs (0.055u,0.s) (success)
Tactic call close-abstract-regression-quadratic ran for 0.029 secs (0.029u,0.s)
Params: n= 63
Tactic call ssr-rewrite!-regression-quadratic ran for 0.028 secs (0.028u,0.s) (success)
Tactic call ssr-rewrite?-noop-regression-linear ran for 0. secs (0.u,0.s) (success)
Tactic call abstract-regression-quadratic ran for 0.061 secs (0.061u,0.s) (success)
Tactic call close-abstract-regression-quadratic ran for 0.032 secs (0.032u,0.s)
Params: n= 64
Tactic call ssr-rewrite!-regression-quadratic ran for 0.025 secs (0.025u,0.s) (success)
Tactic call ssr-rewrite?-noop-regression-linear ran for 0. secs (0.u,0.s) (success)
Tactic call abstract-regression-quadratic ran for 0.06 secs (0.06u,0.s) (success)
Tactic call close-abstract-regression-quadratic ran for 0.034 secs (0.034u,0.s)
Params: n= 65
Tactic call ssr-rewrite!-regression-quadratic ran for 0.027 secs (0.027u,0.s) (success)
Tactic call ssr-rewrite?-noop-regression-linear ran for 0. secs (0.u,0.s) (success)
Tactic call abstract-regression-quadratic ran for 0.06 secs (0.06u,0.s) (success)
Tactic call close-abstract-regression-quadratic ran for 0.032 secs (0.032u,0.s)
Params: n= 66
Tactic call ssr-rewrite!-regression-quadratic ran for 0.031 secs (0.031u,0.s) (success)
Tactic call ssr-rewrite?-noop-regression-linear ran for 0. secs (0.u,0.s) (success)
Tactic call abstract-regression-quadratic ran for 0.066 secs (0.066u,0.s) (success)
Tactic call close-abstract-regression-quadratic ran for 0.034 secs (0.034u,0.s)
Params: n= 67
Tactic call ssr-rewrite!-regression-quadratic ran for 0.027 secs (0.027u,0.s) (success)
Tactic call ssr-rewrite?-noop-regression-linear ran for 0. secs (0.u,0.s) (success)
Tactic call abstract-regression-quadratic ran for 0.064 secs (0.064u,0.s) (success)
Tactic call close-abstract-regression-quadratic ran for 0.036 secs (0.036u,0.s)
Params: n= 68
Tactic call ssr-rewrite!-regression-quadratic ran for 0.029 secs (0.029u,0.s) (success)
Tactic call ssr-rewrite?-noop-regression-linear ran for 0. secs (0.u,0.s) (success)
Tactic call abstract-regression-quadratic ran for 0.069 secs (0.069u,0.s) (success)
Tactic call close-abstract-regression-quadratic ran for 0.039 secs (0.039u,0.s)
Params: n= 69
Tactic call ssr-rewrite!-regression-quadratic ran for 0.028 secs (0.028u,0.s) (success)
Tactic call ssr-rewrite?-noop-regression-linear ran for 0. secs (0.u,0.s) (success)
Tactic call abstract-regression-quadratic ran for 0.068 secs (0.068u,0.s) (success)
Tactic call close-abstract-regression-quadratic ran for 0.038 secs (0.038u,0.s)
Params: n= 70
Tactic call ssr-rewrite!-regression-quadratic ran for 0.034 secs (0.034u,0.s) (success)
Tactic call ssr-rewrite?-noop-regression-linear ran for 0. secs (0.u,0.s) (success)
Tactic call abstract-regression-quadratic ran for 0.073 secs (0.073u,0.s) (success)
Tactic call close-abstract-regression-quadratic ran for 0.038 secs (0.038u,0.s)
Params: n= 71
Tactic call ssr-rewrite!-regression-quadratic ran for 0.03 secs (0.03u,0.s) (success)
Tactic call ssr-rewrite?-noop-regression-linear ran for 0. secs (0.u,0.s) (success)
Tactic call abstract-regression-quadratic ran for 0.071 secs (0.071u,0.s) (success)
Tactic call close-abstract-regression-quadratic ran for 0.04 secs (0.04u,0.s)
Params: n= 72
Tactic call ssr-rewrite!-regression-quadratic ran for 0.032 secs (0.032u,0.s) (success)
Tactic call ssr-rewrite?-noop-regression-linear ran for 0. secs (0.u,0.s) (success)
Tactic call abstract-regression-quadratic ran for 0.075 secs (0.075u,0.s) (success)
Tactic call close-abstract-regression-quadratic ran for 0.042 secs (0.042u,0.s)
Params: n= 73
Tactic call ssr-rewrite!-regression-quadratic ran for 0.035 secs (0.035u,0.s) (success)
Tactic call ssr-rewrite?-noop-regression-linear ran for 0. secs (0.u,0.s) (success)
Tactic call abstract-regression-quadratic ran for 0.076 secs (0.076u,0.s) (success)
Tactic call close-abstract-regression-quadratic ran for 0.04 secs (0.04u,0.s)
Params: n= 74
Tactic call ssr-rewrite!-regression-quadratic ran for 0.04 secs (0.04u,0.s) (success)
Tactic call ssr-rewrite?-noop-regression-linear ran for 0. secs (0.u,0.s) (success)
Tactic call abstract-regression-quadratic ran for 0.085 secs (0.085u,0.s) (success)
Tactic call close-abstract-regression-quadratic ran for 0.044 secs (0.044u,0.s)
Params: n= 75
Tactic call ssr-rewrite!-regression-quadratic ran for 0.039 secs (0.039u,0.s) (success)
Tactic call ssr-rewrite?-noop-regression-linear ran for 0. secs (0.u,0.s) (success)
Tactic call abstract-regression-quadratic ran for 0.084 secs (0.084u,0.s) (success)
Tactic call close-abstract-regression-quadratic ran for 0.044 secs (0.044u,0.s)
Params: n= 76
Tactic call ssr-rewrite!-regression-quadratic ran for 0.039 secs (0.039u,0.s) (success)
Tactic call ssr-rewrite?-noop-regression-linear ran for 0. secs (0.u,0.s) (success)
Tactic call abstract-regression-quadratic ran for 0.085 secs (0.085u,0.s) (success)
Tactic call close-abstract-regression-quadratic ran for 0.045 secs (0.045u,0.s)
Params: n= 77
Tactic call ssr-rewrite!-regression-quadratic ran for 0.039 secs (0.039u,0.s) (success)
Tactic call ssr-rewrite?-noop-regression-linear ran for 0. secs (0.u,0.s) (success)
Tactic call abstract-regression-quadratic ran for 0.087 secs (0.087u,0.s) (success)
Tactic call close-abstract-regression-quadratic ran for 0.048 secs (0.048u,0.s)
Params: n= 78
Tactic call ssr-rewrite!-regression-quadratic ran for 0.036 secs (0.036u,0.s) (success)
Tactic call ssr-rewrite?-noop-regression-linear ran for 0. secs (0.u,0.s) (success)
Tactic call abstract-regression-quadratic ran for 0.086 secs (0.086u,0.s) (success)
Tactic call close-abstract-regression-quadratic ran for 0.049 secs (0.049u,0.s)
Params: n= 79
Tactic call ssr-rewrite!-regression-quadratic ran for 0.037 secs (0.037u,0.s) (success)
Tactic call ssr-rewrite?-noop-regression-linear ran for 0. secs (0.u,0.s) (success)
Tactic call abstract-regression-quadratic ran for 0.086 secs (0.086u,0.s) (success)
Tactic call close-abstract-regression-quadratic ran for 0.048 secs (0.048u,0.s)
Params: n= 80
Tactic call ssr-rewrite!-regression-quadratic ran for 0.038 secs (0.038u,0.s) (success)
Tactic call ssr-rewrite?-noop-regression-linear ran for 0. secs (0.u,0.s) (success)
Tactic call abstract-regression-quadratic ran for 0.089 secs (0.089u,0.s) (success)
Tactic call close-abstract-regression-quadratic ran for 0.05 secs (0.05u,0.s)
Params: n= 81
Tactic call ssr-rewrite!-regression-quadratic ran for 0.04 secs (0.04u,0.s) (success)
Tactic call ssr-rewrite?-noop-regression-linear ran for 0. secs (0.u,0.s) (success)
Tactic call abstract-regression-quadratic ran for 0.104 secs (0.104u,0.s) (success)
Tactic call close-abstract-regression-quadratic ran for 0.062 secs (0.062u,0.s)
Params: n= 82
Tactic call ssr-rewrite!-regression-quadratic ran for 0.039 secs (0.039u,0.s) (success)
Tactic call ssr-rewrite?-noop-regression-linear ran for 0. secs (0.u,0.s) (success)
Tactic call abstract-regression-quadratic ran for 0.098 secs (0.098u,0.s) (success)
Tactic call close-abstract-regression-quadratic ran for 0.058 secs (0.058u,0.s)
Params: n= 83
Tactic call ssr-rewrite!-regression-quadratic ran for 0.042 secs (0.042u,0.s) (success)
Tactic call ssr-rewrite?-noop-regression-linear ran for 0. secs (0.u,0.s) (success)
Tactic call abstract-regression-quadratic ran for 0.097 secs (0.097u,0.s) (success)
Tactic call close-abstract-regression-quadratic ran for 0.054 secs (0.054u,0.s)
Params: n= 84
Tactic call ssr-rewrite!-regression-quadratic ran for 0.043 secs (0.043u,0.s) (success)
Tactic call ssr-rewrite?-noop-regression-linear ran for 0. secs (0.u,0.s) (success)
Tactic call abstract-regression-quadratic ran for 0.102 secs (0.102u,0.s) (success)
Tactic call close-abstract-regression-quadratic ran for 0.058 secs (0.058u,0.s)
Params: n= 85
Tactic call ssr-rewrite!-regression-quadratic ran for 0.043 secs (0.043u,0.s) (success)
Tactic call ssr-rewrite?-noop-regression-linear ran for 0. secs (0.u,0.s) (success)
Tactic call abstract-regression-quadratic ran for 0.099 secs (0.099u,0.s) (success)
Tactic call close-abstract-regression-quadratic ran for 0.055 secs (0.055u,0.s)
Params: n= 86
Tactic call ssr-rewrite!-regression-quadratic ran for 0.044 secs (0.044u,0.s) (success)
Tactic call ssr-rewrite?-noop-regression-linear ran for 0. secs (0.u,0.s) (success)
Tactic call abstract-regression-quadratic ran for 0.102 secs (0.102u,0.s) (success)
Tactic call close-abstract-regression-quadratic ran for 0.056 secs (0.056u,0.s)
Params: n= 87
Tactic call ssr-rewrite!-regression-quadratic ran for 0.047 secs (0.047u,0.s) (success)
Tactic call ssr-rewrite?-noop-regression-linear ran for 0. secs (0.u,0.s) (success)
Tactic call abstract-regression-quadratic ran for 0.107 secs (0.107u,0.s) (success)
Tactic call close-abstract-regression-quadratic ran for 0.058 secs (0.058u,0.s)
Params: n= 88
Tactic call ssr-rewrite!-regression-quadratic ran for 0.048 secs (0.048u,0.s) (success)
Tactic call ssr-rewrite?-noop-regression-linear ran for 0. secs (0.u,0.s) (success)
Tactic call abstract-regression-quadratic ran for 0.107 secs (0.107u,0.s) (success)
Tactic call close-abstract-regression-quadratic ran for 0.058 secs (0.058u,0.s)
Params: n= 89
Tactic call ssr-rewrite!-regression-quadratic ran for 0.048 secs (0.048u,0.s) (success)
Tactic call ssr-rewrite?-noop-regression-linear ran for 0. secs (0.u,0.s) (success)
Tactic call abstract-regression-quadratic ran for 0.111 secs (0.111u,0.s) (success)
Tactic call close-abstract-regression-quadratic ran for 0.062 secs (0.062u,0.s)
Params: n= 90
Tactic call ssr-rewrite!-regression-quadratic ran for 0.048 secs (0.048u,0.s) (success)
Tactic call ssr-rewrite?-noop-regression-linear ran for 0. secs (0.u,0.s) (success)
Tactic call abstract-regression-quadratic ran for 0.111 secs (0.111u,0.s) (success)
Tactic call close-abstract-regression-quadratic ran for 0.062 secs (0.062u,0.s)
Params: n= 91
Tactic call ssr-rewrite!-regression-quadratic ran for 0.048 secs (0.048u,0.s) (success)
Tactic call ssr-rewrite?-noop-regression-linear ran for 0. secs (0.u,0.s) (success)
Tactic call abstract-regression-quadratic ran for 0.114 secs (0.114u,0.s) (success)
Tactic call close-abstract-regression-quadratic ran for 0.064 secs (0.064u,0.s)
Params: n= 92
Tactic call ssr-rewrite!-regression-quadratic ran for 0.051 secs (0.051u,0.s) (success)
Tactic call ssr-rewrite?-noop-regression-linear ran for 0. secs (0.u,0.s) (success)
Tactic call abstract-regression-quadratic ran for 0.115 secs (0.115u,0.s) (success)
Tactic call close-abstract-regression-quadratic ran for 0.063 secs (0.063u,0.s)
Params: n= 93
Tactic call ssr-rewrite!-regression-quadratic ran for 0.052 secs (0.052u,0.s) (success)
Tactic call ssr-rewrite?-noop-regression-linear ran for 0. secs (0.u,0.s) (success)
Tactic call abstract-regression-quadratic ran for 0.121 secs (0.121u,0.s) (success)
Tactic call close-abstract-regression-quadratic ran for 0.067 secs (0.067u,0.s)
Params: n= 94
Tactic call ssr-rewrite!-regression-quadratic ran for 0.052 secs (0.052u,0.s) (success)
Tactic call ssr-rewrite?-noop-regression-linear ran for 0. secs (0.u,0.s) (success)
Tactic call abstract-regression-quadratic ran for 0.122 secs (0.122u,0.s) (success)
Tactic call close-abstract-regression-quadratic ran for 0.069 secs (0.069u,0.s)
Params: n= 95
Tactic call ssr-rewrite!-regression-quadratic ran for 0.054 secs (0.054u,0.s) (success)
Tactic call ssr-rewrite?-noop-regression-linear ran for 0. secs (0.u,0.s) (success)
Tactic call abstract-regression-quadratic ran for 0.124 secs (0.124u,0.s) (success)
Tactic call close-abstract-regression-quadratic ran for 0.068 secs (0.068u,0.s)
Params: n= 96
Tactic call ssr-rewrite!-regression-quadratic ran for 0.055 secs (0.055u,0.s) (success)
Tactic call ssr-rewrite?-noop-regression-linear ran for 0. secs (0.u,0.s) (success)
Tactic call abstract-regression-quadratic ran for 0.126 secs (0.126u,0.s) (success)
Tactic call close-abstract-regression-quadratic ran for 0.07 secs (0.07u,0.s)
Params: n= 97
Tactic call ssr-rewrite!-regression-quadratic ran for 0.057 secs (0.057u,0.s) (success)
Tactic call ssr-rewrite?-noop-regression-linear ran for 0. secs (0.u,0.s) (success)
Tactic call abstract-regression-quadratic ran for 0.134 secs (0.134u,0.s) (success)
Tactic call close-abstract-regression-quadratic ran for 0.074 secs (0.074u,0.s)
Params: n= 98
Tactic call ssr-rewrite!-regression-quadratic ran for 0.064 secs (0.064u,0.s) (success)
Tactic call ssr-rewrite?-noop-regression-linear ran for 0. secs (0.u,0.s) (success)
Tactic call abstract-regression-quadratic ran for 0.147 secs (0.147u,0.s) (success)
Tactic call close-abstract-regression-quadratic ran for 0.082 secs (0.082u,0.s)
Params: n= 99
Tactic call ssr-rewrite!-regression-quadratic ran for 0.06 secs (0.06u,0.s) (success)
Tactic call ssr-rewrite?-noop-regression-linear ran for 0. secs (0.u,0.s) (success)
Tactic call abstract-regression-quadratic ran for 0.142 secs (0.142u,0.s) (success)
Tactic call close-abstract-regression-quadratic ran for 0.08 secs (0.08u,0.s)
Params: n= 110
Tactic call ssr-rewrite!-regression-quadratic ran for 0.083 secs (0.083u,0.s) (success)
Tactic call ssr-rewrite?-noop-regression-linear ran for 0. secs (0.u,0.s) (success)
Tactic call abstract-regression-quadratic ran for 0.188 secs (0.188u,0.s) (success)
Tactic call close-abstract-regression-quadratic ran for 0.104 secs (0.104u,0.s)
Params: n= 120
Tactic call ssr-rewrite!-regression-quadratic ran for 0.092 secs (0.092u,0.s) (success)
Tactic call ssr-rewrite?-noop-regression-linear ran for 0. secs (0.u,0.s) (success)
Tactic call abstract-regression-quadratic ran for 0.22 secs (0.22u,0.s) (success)
Tactic call close-abstract-regression-quadratic ran for 0.126 secs (0.126u,0.s)
Params: n= 130
Tactic call ssr-rewrite!-regression-quadratic ran for 0.106 secs (0.106u,0.s) (success)
Tactic call ssr-rewrite?-noop-regression-linear ran for 0. secs (0.u,0.s) (success)
Tactic call abstract-regression-quadratic ran for 0.261 secs (0.261u,0.s) (success)
Tactic call close-abstract-regression-quadratic ran for 0.154 secs (0.154u,0.s)
Params: n= 140
Tactic call ssr-rewrite!-regression-quadratic ran for 0.115 secs (0.115u,0.s) (success)
Tactic call ssr-rewrite?-noop-regression-linear ran for 0. secs (0.u,0.s) (success)
Tactic call abstract-regression-quadratic ran for 0.275 secs (0.275u,0.s) (success)
Tactic call close-abstract-regression-quadratic ran for 0.159 secs (0.159u,0.s)
Params: n= 160
Tactic call ssr-rewrite!-regression-quadratic ran for 0.149 secs (0.145u,0.003s) (success)
Tactic call ssr-rewrite?-noop-regression-linear ran for 0. secs (0.u,0.s) (success)
Tactic call abstract-regression-quadratic ran for 0.349 secs (0.345u,0.003s) (success)
Tactic call close-abstract-regression-quadratic ran for 0.199 secs (0.199u,0.s)
Params: n= 170
Tactic call ssr-rewrite!-regression-quadratic ran for 0.17 secs (0.17u,0.s) (success)
Tactic call ssr-rewrite?-noop-regression-linear ran for 0. secs (0.u,0.s) (success)
Tactic call abstract-regression-quadratic ran for 0.399 secs (0.399u,0.s) (success)
Tactic call close-abstract-regression-quadratic ran for 0.227 secs (0.227u,0.s)
Params: n= 180
Tactic call ssr-rewrite!-regression-quadratic ran for 0.188 secs (0.188u,0.s) (success)
Tactic call ssr-rewrite?-noop-regression-linear ran for 0. secs (0.u,0.s) (success)
Tactic call abstract-regression-quadratic ran for 0.444 secs (0.444u,0.s) (success)
Tactic call close-abstract-regression-quadratic ran for 0.255 secs (0.255u,0.s)
Params: n= 190
Tactic call ssr-rewrite!-regression-quadratic ran for 0.214 secs (0.214u,0.s) (success)
Tactic call ssr-rewrite?-noop-regression-linear ran for 0. secs (0.u,0.s) (success)
Tactic call abstract-regression-quadratic ran for 0.528 secs (0.528u,0.s) (success)
Tactic call close-abstract-regression-quadratic ran for 0.313 secs (0.313u,0.s)
Params: n= 210
Tactic call ssr-rewrite!-regression-quadratic ran for 0.273 secs (0.273u,0.s) (success)
Tactic call ssr-rewrite?-noop-regression-linear ran for 0. secs (0.u,0.s) (success)
Tactic call abstract-regression-quadratic ran for 0.655 secs (0.655u,0.s) (success)
Tactic call close-abstract-regression-quadratic ran for 0.38 secs (0.38u,0.s)
Params: n= 220
Tactic call ssr-rewrite!-regression-quadratic ran for 0.281 secs (0.281u,0.s) (success)
Tactic call ssr-rewrite?-noop-regression-linear ran for 0. secs (0.u,0.s) (success)
Tactic call abstract-regression-quadratic ran for 0.66 secs (0.66u,0.s) (success)
Tactic call close-abstract-regression-quadratic ran for 0.378 secs (0.377u,0.s)
Params: n= 230
Tactic call ssr-rewrite!-regression-quadratic ran for 0.303 secs (0.303u,0.s) (success)
Tactic call ssr-rewrite?-noop-regression-linear ran for 0. secs (0.u,0.s) (success)
Tactic call abstract-regression-quadratic ran for 0.708 secs (0.708u,0.s) (success)
Tactic call close-abstract-regression-quadratic ran for 0.404 secs (0.404u,0.s)
Params: n= 240
Tactic call ssr-rewrite!-regression-quadratic ran for 0.348 secs (0.348u,0.s) (success)
Tactic call ssr-rewrite?-noop-regression-linear ran for 0. secs (0.u,0.s) (success)
Tactic call abstract-regression-quadratic ran for 0.847 secs (0.847u,0.s) (success)
Tactic call close-abstract-regression-quadratic ran for 0.497 secs (0.497u,0.s)
Params: n= 260
Tactic call ssr-rewrite!-regression-quadratic ran for 0.416 secs (0.416u,0.s) (success)
Tactic call ssr-rewrite?-noop-regression-linear ran for 0. secs (0.u,0.s) (success)
Tactic call abstract-regression-quadratic ran for 0.948 secs (0.948u,0.s) (success)
Tactic call close-abstract-regression-quadratic ran for 0.53 secs (0.53u,0.s)
Params: n= 270
Tactic call ssr-rewrite!-regression-quadratic ran for 0.426 secs (0.422u,0.003s) (success)
Tactic call ssr-rewrite?-noop-regression-linear ran for 0. secs (0.u,0.s) (success)
Tactic call abstract-regression-quadratic ran for 1.027 secs (1.022u,0.003s) (success)
Tactic call close-abstract-regression-quadratic ran for 0.599 secs (0.599u,0.s)
Params: n= 280
Tactic call ssr-rewrite!-regression-quadratic ran for 0.459 secs (0.459u,0.s) (success)
Tactic call ssr-rewrite?-noop-regression-linear ran for 0. secs (0.u,0.s) (success)
Tactic call abstract-regression-quadratic ran for 1.134 secs (1.132u,0.s) (success)
Tactic call close-abstract-regression-quadratic ran for 0.673 secs (0.672u,0.s)
Params: n= 290
Tactic call ssr-rewrite!-regression-quadratic ran for 0.505 secs (0.505u,0.s) (success)
Tactic call ssr-rewrite?-noop-regression-linear ran for 0. secs (0.u,0.s) (success)
Tactic call abstract-regression-quadratic ran for 1.156 secs (1.156u,0.s) (success)
Tactic call close-abstract-regression-quadratic ran for 0.649 secs (0.649u,0.s)
Params: n= 310
Tactic call ssr-rewrite!-regression-quadratic ran for 0.54 secs (0.54u,0.s) (success)
Tactic call ssr-rewrite?-noop-regression-linear ran for 0. secs (0.u,0.s) (success)
Tactic call abstract-regression-quadratic ran for 1.294 secs (1.294u,0.s) (success)
Tactic call close-abstract-regression-quadratic ran for 0.753 secs (0.753u,0.s)
Params: n= 320
Tactic call ssr-rewrite!-regression-quadratic ran for 0.636 secs (0.636u,0.s) (success)
Tactic call ssr-rewrite?-noop-regression-linear ran for 0. secs (0.u,0.s) (success)
Tactic call abstract-regression-quadratic ran for 1.488 secs (1.484u,0.004s) (success)
Tactic call close-abstract-regression-quadratic ran for 0.85 secs (0.846u,0.004s)
Params: n= 330
Tactic call ssr-rewrite!-regression-quadratic ran for 0.621 secs (0.621u,0.s) (success)
Tactic call ssr-rewrite?-noop-regression-linear ran for 0. secs (0.u,0.s) (success)
Tactic call abstract-regression-quadratic ran for 1.449 secs (1.449u,0.s) (success)
Tactic call close-abstract-regression-quadratic ran for 0.825 secs (0.825u,0.s)
Params: n= 340
Tactic call ssr-rewrite!-regression-quadratic ran for 0.697 secs (0.697u,0.s) (success)
Tactic call ssr-rewrite?-noop-regression-linear ran for 0. secs (0.u,0.s) (success)
Tactic call abstract-regression-quadratic ran for 1.647 secs (1.647u,0.s) (success)
Tactic call close-abstract-regression-quadratic ran for 0.948 secs (0.948u,0.s)
Params: n= 360
Tactic call ssr-rewrite!-regression-quadratic ran for 0.753 secs (0.753u,0.s) (success)
Tactic call ssr-rewrite?-noop-regression-linear ran for 0. secs (0.u,0.s) (success)
Tactic call abstract-regression-quadratic ran for 1.738 secs (1.738u,0.s) (success)
Tactic call close-abstract-regression-quadratic ran for 0.983 secs (0.983u,0.s)
Params: n= 370
Tactic call ssr-rewrite!-regression-quadratic ran for 0.837 secs (0.837u,0.s) (success)
Tactic call ssr-rewrite?-noop-regression-linear ran for 0. secs (0.u,0.s) (success)
Tactic call abstract-regression-quadratic ran for 1.909 secs (1.909u,0.s) (success)
Tactic call close-abstract-regression-quadratic ran for 1.071 secs (1.07u,0.s)
Params: n= 380
Tactic call ssr-rewrite!-regression-quadratic ran for 0.816 secs (0.816u,0.s) (success)
Tactic call ssr-rewrite?-noop-regression-linear ran for 0. secs (0.u,0.s) (success)
Tactic call abstract-regression-quadratic ran for 1.964 secs (1.959u,0.003s) (success)
Tactic call close-abstract-regression-quadratic ran for 1.146 secs (1.142u,0.003s)
Params: n= 390
Tactic call ssr-rewrite!-regression-quadratic ran for 0.94 secs (0.94u,0.s) (success)
Tactic call ssr-rewrite?-noop-regression-linear ran for 0. secs (0.u,0.s) (success)
Tactic call abstract-regression-quadratic ran for 2.108 secs (2.1u,0.008s) (success)
Tactic call close-abstract-regression-quadratic ran for 1.165 secs (1.157u,0.007s)
