Params: n= 50
Tactic call ssr-rewrite!-regression-quadratic ran for 0.02 secs (0.02u,0.s) (success)
Tactic call ssr-rewrite?-noop-regression-linear ran for 0. secs (0.u,0.s) (success)
Tactic call abstract-regression-quadratic ran for 0.079 secs (0.075u,0.003s) (success)
Tactic call close-abstract-regression-quadratic ran for 0.058 secs (0.055u,0.003s)
Params: n= 100
Tactic call ssr-rewrite!-regression-quadratic ran for 0.06 secs (0.056u,0.004s) (success)
Tactic call ssr-rewrite?-noop-regression-linear ran for 0. secs (0.u,0.s) (success)
Tactic call abstract-regression-quadratic ran for 0.14 secs (0.136u,0.004s) (success)
Tactic call close-abstract-regression-quadratic ran for 0.079 secs (0.079u,0.s)
Params: n= 150
Tactic call ssr-rewrite!-regression-quadratic ran for 0.144 secs (0.144u,0.s) (success)
Tactic call ssr-rewrite?-noop-regression-linear ran for 0. secs (0.u,0.s) (success)
Tactic call abstract-regression-quadratic ran for 0.338 secs (0.338u,0.s) (success)
Tactic call close-abstract-regression-quadratic ran for 0.192 secs (0.192u,0.s)
Params: n= 200
Tactic call ssr-rewrite!-regression-quadratic ran for 0.241 secs (0.238u,0.003s) (success)
Tactic call ssr-rewrite?-noop-regression-linear ran for 0. secs (0.u,0.s) (success)
Tactic call abstract-regression-quadratic ran for 0.562 secs (0.554u,0.007s) (success)
Tactic call close-abstract-regression-quadratic ran for 0.319 secs (0.315u,0.003s)
Params: n= 250
Tactic call ssr-rewrite!-regression-quadratic ran for 0.352 secs (0.348u,0.003s) (success)
Tactic call ssr-rewrite?-noop-regression-linear ran for 0. secs (0.u,0.s) (success)
Tactic call abstract-regression-quadratic ran for 0.812 secs (0.808u,0.003s) (success)
Tactic call close-abstract-regression-quadratic ran for 0.458 secs (0.458u,0.s)
Params: n= 300
Tactic call ssr-rewrite!-regression-quadratic ran for 0.547 secs (0.547u,0.s) (success)
Tactic call ssr-rewrite?-noop-regression-linear ran for 0. secs (0.u,0.s) (success)
Tactic call abstract-regression-quadratic ran for 1.26 secs (1.26u,0.s) (success)
Tactic call close-abstract-regression-quadratic ran for 0.712 secs (0.711u,0.s)
Params: n= 350
Tactic call ssr-rewrite!-regression-quadratic ran for 0.705 secs (0.694u,0.011s) (success)
Tactic call ssr-rewrite?-noop-regression-linear ran for 0. secs (0.u,0.s) (success)
Tactic call abstract-regression-quadratic ran for 1.665 secs (1.649u,0.015s) (success)
Tactic call close-abstract-regression-quadratic ran for 0.958 secs (0.954u,0.003s)
Params: n= 400
Tactic call ssr-rewrite!-regression-quadratic ran for 0.976 secs (0.972u,0.004s) (success)
Tactic call ssr-rewrite?-noop-regression-linear ran for 0. secs (0.u,0.s) (success)
Tactic call abstract-regression-quadratic ran for 2.175 secs (2.167u,0.007s) (success)
Tactic call close-abstract-regression-quadratic ran for 1.198 secs (1.194u,0.003s)
