Params: n= 4
Tactic call rewrite_strat-topdown ran for 0.001 secs (0.001u,0.s) (success)
Tactic call rewrite_strat-topdown-noop ran for 0. secs (0.u,0.s) (success)
Tactic call abstract+rewrite_strat-topdown ran for 0.003 secs (0.002u,0.s) (success)
Tactic call close-abstract+rewrite_strat-topdown ran for 0. secs (0.u,0.s)
Params: n= 5
Tactic call rewrite_strat-topdown ran for 0.001 secs (0.001u,0.s) (success)
Tactic call rewrite_strat-topdown-noop ran for 0. secs (0.u,0.s) (success)
Tactic call abstract+rewrite_strat-topdown ran for 0.002 secs (0.002u,0.s) (success)
Tactic call close-abstract+rewrite_strat-topdown ran for 0. secs (0.u,0.s)
Params: n= 6
Tactic call rewrite_strat-topdown ran for 0.001 secs (0.001u,0.s) (success)
Tactic call rewrite_strat-topdown-noop ran for 0. secs (0.u,0.s) (success)
Tactic call abstract+rewrite_strat-topdown ran for 0.002 secs (0.002u,0.s) (success)
Tactic call close-abstract+rewrite_strat-topdown ran for 0. secs (0.u,0.s)
Params: n= 7
Tactic call rewrite_strat-topdown ran for 0.002 secs (0.002u,0.s) (success)
Tactic call rewrite_strat-topdown-noop ran for 0. secs (0.u,0.s) (success)
Tactic call abstract+rewrite_strat-topdown ran for 0.003 secs (0.003u,0.s) (success)
Tactic call close-abstract+rewrite_strat-topdown ran for 0. secs (0.u,0.s)
Params: n= 8
Tactic call rewrite_strat-topdown ran for 0.002 secs (0.002u,0.s) (success)
Tactic call rewrite_strat-topdown-noop ran for 0. secs (0.u,0.s) (success)
Tactic call abstract+rewrite_strat-topdown ran for 0.003 secs (0.003u,0.s) (success)
Tactic call close-abstract+rewrite_strat-topdown ran for 0.001 secs (0.001u,0.s)
Params: n= 9
Tactic call rewrite_strat-topdown ran for 0.003 secs (0.003u,0.s) (success)
Tactic call rewrite_strat-topdown-noop ran for 0. secs (0.u,0.s) (success)
Tactic call abstract+rewrite_strat-topdown ran for 0.005 secs (0.005u,0.s) (success)
Tactic call close-abstract+rewrite_strat-topdown ran for 0.001 secs (0.001u,0.s)
Params: n= 10
Tactic call rewrite_strat-topdown ran for 0.002 secs (0.002u,0.s) (success)
Tactic call rewrite_strat-topdown-noop ran for 0. secs (0.u,0.s) (success)
Tactic call abstract+rewrite_strat-topdown ran for 0.004 secs (0.004u,0.s) (success)
Tactic call close-abstract+rewrite_strat-topdown ran for 0.001 secs (0.001u,0.s)
Params: n= 11
Tactic call rewrite_strat-topdown ran for 0.005 secs (0.005u,0.s) (success)
Tactic call rewrite_strat-topdown-noop ran for 0. secs (0.u,0.s) (success)
Tactic call abstract+rewrite_strat-topdown ran for 0.007 secs (0.007u,0.s) (success)
Tactic call close-abstract+rewrite_strat-topdown ran for 0.001 secs (0.001u,0.s)
Params: n= 12
Tactic call rewrite_strat-topdown ran for 0.004 secs (0.004u,0.s) (success)
Tactic call rewrite_strat-topdown-noop ran for 0. secs (0.u,0.s) (success)
Tactic call abstract+rewrite_strat-topdown ran for 0.006 secs (0.006u,0.s) (success)
Tactic call close-abstract+rewrite_strat-topdown ran for 0.001 secs (0.001u,0.s)
Params: n= 13
Tactic call rewrite_strat-topdown ran for 0.003 secs (0.003u,0.s) (success)
Tactic call rewrite_strat-topdown-noop ran for 0. secs (0.u,0.s) (success)
Tactic call abstract+rewrite_strat-topdown ran for 0.006 secs (0.006u,0.s) (success)
Tactic call close-abstract+rewrite_strat-topdown ran for 0.002 secs (0.002u,0.s)
Params: n= 14
Tactic call rewrite_strat-topdown ran for 0.004 secs (0.004u,0.s) (success)
Tactic call rewrite_strat-topdown-noop ran for 0. secs (0.u,0.s) (success)
Tactic call abstract+rewrite_strat-topdown ran for 0.007 secs (0.007u,0.s) (success)
Tactic call close-abstract+rewrite_strat-topdown ran for 0.002 secs (0.002u,0.s)
Params: n= 15
Tactic call rewrite_strat-topdown ran for 0.005 secs (0.005u,0.s) (success)
Tactic call rewrite_strat-topdown-noop ran for 0. secs (0.u,0.s) (success)
Tactic call abstract+rewrite_strat-topdown ran for 0.008 secs (0.008u,0.s) (success)
Tactic call close-abstract+rewrite_strat-topdown ran for 0.002 secs (0.002u,0.s)
Params: n= 16
Tactic call rewrite_strat-topdown ran for 0.005 secs (0.005u,0.s) (success)
Tactic call rewrite_strat-topdown-noop ran for 0. secs (0.u,0.s) (success)
Tactic call abstract+rewrite_strat-topdown ran for 0.008 secs (0.008u,0.s) (success)
Tactic call close-abstract+rewrite_strat-topdown ran for 0.002 secs (0.002u,0.s)
Params: n= 17
Tactic call rewrite_strat-topdown ran for 0.005 secs (0.005u,0.s) (success)
Tactic call rewrite_strat-topdown-noop ran for 0. secs (0.u,0.s) (success)
Tactic call abstract+rewrite_strat-topdown ran for 0.009 secs (0.009u,0.s) (success)
Tactic call close-abstract+rewrite_strat-topdown ran for 0.003 secs (0.003u,0.s)
Params: n= 18
Tactic call rewrite_strat-topdown ran for 0.006 secs (0.006u,0.s) (success)
Tactic call rewrite_strat-topdown-noop ran for 0. secs (0.u,0.s) (success)
Tactic call abstract+rewrite_strat-topdown ran for 0.01 secs (0.01u,0.s) (success)
Tactic call close-abstract+rewrite_strat-topdown ran for 0.003 secs (0.003u,0.s)
Params: n= 19
Tactic call rewrite_strat-topdown ran for 0.006 secs (0.006u,0.s) (success)
Tactic call rewrite_strat-topdown-noop ran for 0. secs (0.u,0.s) (success)
Tactic call abstract+rewrite_strat-topdown ran for 0.011 secs (0.011u,0.s) (success)
Tactic call close-abstract+rewrite_strat-topdown ran for 0.003 secs (0.003u,0.s)
Params: n= 20
Tactic call rewrite_strat-topdown ran for 0.016 secs (0.013u,0.002s) (success)
Tactic call rewrite_strat-topdown-noop ran for 0. secs (0.u,0.s) (success)
Tactic call abstract+rewrite_strat-topdown ran for 0.02 secs (0.017u,0.002s) (success)
Tactic call close-abstract+rewrite_strat-topdown ran for 0.004 secs (0.004u,0.s)
Params: n= 21
Tactic call rewrite_strat-topdown ran for 0.007 secs (0.007u,0.s) (success)
Tactic call rewrite_strat-topdown-noop ran for 0. secs (0.u,0.s) (success)
Tactic call abstract+rewrite_strat-topdown ran for 0.013 secs (0.013u,0.s) (success)
Tactic call close-abstract+rewrite_strat-topdown ran for 0.005 secs (0.005u,0.s)
Params: n= 22
Tactic call rewrite_strat-topdown ran for 0.008 secs (0.008u,0.s) (success)
Tactic call rewrite_strat-topdown-noop ran for 0. secs (0.u,0.s) (success)
Tactic call abstract+rewrite_strat-topdown ran for 0.014 secs (0.014u,0.s) (success)
Tactic call close-abstract+rewrite_strat-topdown ran for 0.005 secs (0.005u,0.s)
Params: n= 23
Tactic call rewrite_strat-topdown ran for 0.008 secs (0.008u,0.s) (success)
Tactic call rewrite_strat-topdown-noop ran for 0. secs (0.u,0.s) (success)
Tactic call abstract+rewrite_strat-topdown ran for 0.014 secs (0.014u,0.s) (success)
Tactic call close-abstract+rewrite_strat-topdown ran for 0.005 secs (0.005u,0.s)
Params: n= 24
Tactic call rewrite_strat-topdown ran for 0.009 secs (0.009u,0.s) (success)
Tactic call rewrite_strat-topdown-noop ran for 0. secs (0.u,0.s) (success)
Tactic call abstract+rewrite_strat-topdown ran for 0.028 secs (0.028u,0.s) (success)
Tactic call close-abstract+rewrite_strat-topdown ran for 0.018 secs (0.018u,0.s)
Params: n= 25
Tactic call rewrite_strat-topdown ran for 0.01 secs (0.007u,0.002s) (success)
Tactic call rewrite_strat-topdown-noop ran for 0. secs (0.u,0.s) (success)
Tactic call abstract+rewrite_strat-topdown ran for 0.017 secs (0.014u,0.003s) (success)
Tactic call close-abstract+rewrite_strat-topdown ran for 0.006 secs (0.006u,0.s)
Params: n= 26
Tactic call rewrite_strat-topdown ran for 0.01 secs (0.01u,0.s) (success)
Tactic call rewrite_strat-topdown-noop ran for 0. secs (0.u,0.s) (success)
Tactic call abstract+rewrite_strat-topdown ran for 0.019 secs (0.019u,0.s) (success)
Tactic call close-abstract+rewrite_strat-topdown ran for 0.007 secs (0.007u,0.s)
Params: n= 27
Tactic call rewrite_strat-topdown ran for 0.011 secs (0.011u,0.s) (success)
Tactic call rewrite_strat-topdown-noop ran for 0. secs (0.u,0.s) (success)
Tactic call abstract+rewrite_strat-topdown ran for 0.019 secs (0.019u,0.s) (success)
Tactic call close-abstract+rewrite_strat-topdown ran for 0.007 secs (0.007u,0.s)
Params: n= 28
Tactic call rewrite_strat-topdown ran for 0.013 secs (0.013u,0.s) (success)
Tactic call rewrite_strat-topdown-noop ran for 0. secs (0.u,0.s) (success)
Tactic call abstract+rewrite_strat-topdown ran for 0.023 secs (0.023u,0.s) (success)
Tactic call close-abstract+rewrite_strat-topdown ran for 0.008 secs (0.008u,0.s)
Params: n= 29
Tactic call rewrite_strat-topdown ran for 0.012 secs (0.012u,0.s) (success)
Tactic call rewrite_strat-topdown-noop ran for 0. secs (0.u,0.s) (success)
Tactic call abstract+rewrite_strat-topdown ran for 0.021 secs (0.021u,0.s) (success)
Tactic call close-abstract+rewrite_strat-topdown ran for 0.008 secs (0.008u,0.s)
Params: n= 30
Tactic call rewrite_strat-topdown ran for 0.013 secs (0.013u,0.s) (success)
Tactic call rewrite_strat-topdown-noop ran for 0. secs (0.u,0.s) (success)
Tactic call abstract+rewrite_strat-topdown ran for 0.023 secs (0.023u,0.s) (success)
Tactic call close-abstract+rewrite_strat-topdown ran for 0.009 secs (0.009u,0.s)
Params: n= 31
Tactic call rewrite_strat-topdown ran for 0.027 secs (0.027u,0.s) (success)
Tactic call rewrite_strat-topdown-noop ran for 0. secs (0.u,0.s) (success)
Tactic call abstract+rewrite_strat-topdown ran for 0.038 secs (0.038u,0.s) (success)
Tactic call close-abstract+rewrite_strat-topdown ran for 0.009 secs (0.009u,0.s)
Params: n= 32
Tactic call rewrite_strat-topdown ran for 0.014 secs (0.014u,0.s) (success)
Tactic call rewrite_strat-topdown-noop ran for 0. secs (0.u,0.s) (success)
Tactic call abstract+rewrite_strat-topdown ran for 0.026 secs (0.026u,0.s) (success)
Tactic call close-abstract+rewrite_strat-topdown ran for 0.01 secs (0.01u,0.s)
Params: n= 33
Tactic call rewrite_strat-topdown ran for 0.016 secs (0.016u,0.s) (success)
Tactic call rewrite_strat-topdown-noop ran for 0. secs (0.u,0.s) (success)
Tactic call abstract+rewrite_strat-topdown ran for 0.03 secs (0.03u,0.s) (success)
Tactic call close-abstract+rewrite_strat-topdown ran for 0.012 secs (0.012u,0.s)
Params: n= 34
Tactic call rewrite_strat-topdown ran for 0.017 secs (0.017u,0.s) (success)
Tactic call rewrite_strat-topdown-noop ran for 0. secs (0.u,0.s) (success)
Tactic call abstract+rewrite_strat-topdown ran for 0.029 secs (0.029u,0.s) (success)
Tactic call close-abstract+rewrite_strat-topdown ran for 0.011 secs (0.011u,0.s)
Params: n= 35
Tactic call rewrite_strat-topdown ran for 0.017 secs (0.017u,0.s) (success)
Tactic call rewrite_strat-topdown-noop ran for 0. secs (0.u,0.s) (success)
Tactic call abstract+rewrite_strat-topdown ran for 0.031 secs (0.031u,0.s) (success)
Tactic call close-abstract+rewrite_strat-topdown ran for 0.013 secs (0.013u,0.s)
Params: n= 36
Tactic call rewrite_strat-topdown ran for 0.017 secs (0.017u,0.s) (success)
Tactic call rewrite_strat-topdown-noop ran for 0. secs (0.u,0.s) (success)
Tactic call abstract+rewrite_strat-topdown ran for 0.033 secs (0.033u,0.s) (success)
Tactic call close-abstract+rewrite_strat-topdown ran for 0.014 secs (0.014u,0.s)
Params: n= 37
Tactic call rewrite_strat-topdown ran for 0.018 secs (0.018u,0.s) (success)
Tactic call rewrite_strat-topdown-noop ran for 0. secs (0.u,0.s) (success)
Tactic call abstract+rewrite_strat-topdown ran for 0.116 secs (0.116u,0.s) (success)
Tactic call close-abstract+rewrite_strat-topdown ran for 0.096 secs (0.096u,0.s)
Params: n= 38
Tactic call rewrite_strat-topdown ran for 0.021 secs (0.021u,0.s) (success)
Tactic call rewrite_strat-topdown-noop ran for 0. secs (0.u,0.s) (success)
Tactic call abstract+rewrite_strat-topdown ran for 0.038 secs (0.038u,0.s) (success)
Tactic call close-abstract+rewrite_strat-topdown ran for 0.016 secs (0.016u,0.s)
Params: n= 39
Tactic call rewrite_strat-topdown ran for 0.02 secs (0.02u,0.s) (success)
Tactic call rewrite_strat-topdown-noop ran for 0. secs (0.u,0.s) (success)
Tactic call abstract+rewrite_strat-topdown ran for 0.038 secs (0.038u,0.s) (success)
Tactic call close-abstract+rewrite_strat-topdown ran for 0.016 secs (0.016u,0.s)
Params: n= 40
Tactic call rewrite_strat-topdown ran for 0.021 secs (0.021u,0.s) (success)
Tactic call rewrite_strat-topdown-noop ran for 0. secs (0.u,0.s) (success)
Tactic call abstract+rewrite_strat-topdown ran for 0.039 secs (0.039u,0.s) (success)
Tactic call close-abstract+rewrite_strat-topdown ran for 0.016 secs (0.016u,0.s)
Params: n= 41
Tactic call rewrite_strat-topdown ran for 0.044 secs (0.044u,0.s) (success)
Tactic call rewrite_strat-topdown-noop ran for 0. secs (0.u,0.s) (success)
Tactic call abstract+rewrite_strat-topdown ran for 0.063 secs (0.063u,0.s) (success)
Tactic call close-abstract+rewrite_strat-topdown ran for 0.017 secs (0.017u,0.s)
Params: n= 42
Tactic call rewrite_strat-topdown ran for 0.022 secs (0.022u,0.s) (success)
Tactic call rewrite_strat-topdown-noop ran for 0. secs (0.u,0.s) (success)
Tactic call abstract+rewrite_strat-topdown ran for 0.042 secs (0.042u,0.s) (success)
Tactic call close-abstract+rewrite_strat-topdown ran for 0.018 secs (0.018u,0.s)
Params: n= 43
Tactic call rewrite_strat-topdown ran for 0.025 secs (0.025u,0.s) (success)
Tactic call rewrite_strat-topdown-noop ran for 0. secs (0.u,0.s) (success)
Tactic call abstract+rewrite_strat-topdown ran for 0.047 secs (0.047u,0.s) (success)
Tactic call close-abstract+rewrite_strat-topdown ran for 0.02 secs (0.02u,0.s)
Params: n= 44
Tactic call rewrite_strat-topdown ran for 0.027 secs (0.027u,0.s) (success)
Tactic call rewrite_strat-topdown-noop ran for 0. secs (0.u,0.s) (success)
Tactic call abstract+rewrite_strat-topdown ran for 0.048 secs (0.048u,0.s) (success)
Tactic call close-abstract+rewrite_strat-topdown ran for 0.019 secs (0.019u,0.s)
Params: n= 45
Tactic call rewrite_strat-topdown ran for 0.029 secs (0.029u,0.s) (success)
Tactic call rewrite_strat-topdown-noop ran for 0. secs (0.u,0.s) (success)
Tactic call abstract+rewrite_strat-topdown ran for 0.053 secs (0.05u,0.003s) (success)
Tactic call close-abstract+rewrite_strat-topdown ran for 0.022 secs (0.02u,0.002s)
Params: n= 46
Tactic call rewrite_strat-topdown ran for 0.027 secs (0.027u,0.s) (success)
Tactic call rewrite_strat-topdown-noop ran for 0. secs (0.u,0.s) (success)
Tactic call abstract+rewrite_strat-topdown ran for 0.049 secs (0.049u,0.s) (success)
Tactic call close-abstract+rewrite_strat-topdown ran for 0.02 secs (0.02u,0.s)
Params: n= 47
Tactic call rewrite_strat-topdown ran for 0.04 secs (0.04u,0.s) (success)
Tactic call rewrite_strat-topdown-noop ran for 0. secs (0.u,0.s) (success)
Tactic call abstract+rewrite_strat-topdown ran for 0.062 secs (0.062u,0.s) (success)
Tactic call close-abstract+rewrite_strat-topdown ran for 0.021 secs (0.021u,0.s)
Params: n= 48
Tactic call rewrite_strat-topdown ran for 0.031 secs (0.031u,0.s) (success)
Tactic call rewrite_strat-topdown-noop ran for 0. secs (0.u,0.s) (success)
Tactic call abstract+rewrite_strat-topdown ran for 0.056 secs (0.056u,0.s) (success)
Tactic call close-abstract+rewrite_strat-topdown ran for 0.023 secs (0.023u,0.s)
Params: n= 49
Tactic call rewrite_strat-topdown ran for 0.031 secs (0.031u,0.s) (success)
Tactic call rewrite_strat-topdown-noop ran for 0. secs (0.u,0.s) (success)
Tactic call abstract+rewrite_strat-topdown ran for 0.07 secs (0.07u,0.s) (success)
Tactic call close-abstract+rewrite_strat-topdown ran for 0.038 secs (0.038u,0.s)
Params: n= 51
Tactic call rewrite_strat-topdown ran for 0.031 secs (0.031u,0.s) (success)
Tactic call rewrite_strat-topdown-noop ran for 0. secs (0.u,0.s) (success)
Tactic call abstract+rewrite_strat-topdown ran for 0.136 secs (0.136u,0.s) (success)
Tactic call close-abstract+rewrite_strat-topdown ran for 0.103 secs (0.103u,0.s)
Params: n= 52
Tactic call rewrite_strat-topdown ran for 0.034 secs (0.034u,0.s) (success)
Tactic call rewrite_strat-topdown-noop ran for 0. secs (0.u,0.s) (success)
Tactic call abstract+rewrite_strat-topdown ran for 0.064 secs (0.064u,0.s) (success)
Tactic call close-abstract+rewrite_strat-topdown ran for 0.027 secs (0.027u,0.s)
Params: n= 53
Tactic call rewrite_strat-topdown ran for 0.033 secs (0.033u,0.s) (success)
Tactic call rewrite_strat-topdown-noop ran for 0. secs (0.u,0.s) (success)
Tactic call abstract+rewrite_strat-topdown ran for 0.088 secs (0.088u,0.s) (success)
Tactic call close-abstract+rewrite_strat-topdown ran for 0.053 secs (0.053u,0.s)
Params: n= 54
Tactic call rewrite_strat-topdown ran for 0.036 secs (0.036u,0.s) (success)
Tactic call rewrite_strat-topdown-noop ran for 0. secs (0.u,0.s) (success)
Tactic call abstract+rewrite_strat-topdown ran for 0.069 secs (0.069u,0.s) (success)
Tactic call close-abstract+rewrite_strat-topdown ran for 0.031 secs (0.031u,0.s)
Params: n= 55
Tactic call rewrite_strat-topdown ran for 0.037 secs (0.037u,0.s) (success)
Tactic call rewrite_strat-topdown-noop ran for 0. secs (0.u,0.s) (success)
Tactic call abstract+rewrite_strat-topdown ran for 0.068 secs (0.068u,0.s) (success)
Tactic call close-abstract+rewrite_strat-topdown ran for 0.029 secs (0.029u,0.s)
Params: n= 56
Tactic call rewrite_strat-topdown ran for 0.038 secs (0.038u,0.s) (success)
Tactic call rewrite_strat-topdown-noop ran for 0. secs (0.u,0.s) (success)
Tactic call abstract+rewrite_strat-topdown ran for 0.072 secs (0.072u,0.s) (success)
Tactic call close-abstract+rewrite_strat-topdown ran for 0.032 secs (0.032u,0.s)
Params: n= 57
Tactic call rewrite_strat-topdown ran for 0.04 secs (0.04u,0.s) (success)
Tactic call rewrite_strat-topdown-noop ran for 0. secs (0.u,0.s) (success)
Tactic call abstract+rewrite_strat-topdown ran for 0.086 secs (0.086u,0.s) (success)
Tactic call close-abstract+rewrite_strat-topdown ran for 0.045 secs (0.045u,0.s)
Params: n= 58
Tactic call rewrite_strat-topdown ran for 0.04 secs (0.04u,0.s) (success)
Tactic call rewrite_strat-topdown-noop ran for 0. secs (0.u,0.s) (success)
Tactic call abstract+rewrite_strat-topdown ran for 0.074 secs (0.074u,0.s) (success)
Tactic call close-abstract+rewrite_strat-topdown ran for 0.033 secs (0.033u,0.s)
Params: n= 59
Tactic call rewrite_strat-topdown ran for 0.056 secs (0.056u,0.s) (success)
Tactic call rewrite_strat-topdown-noop ran for 0. secs (0.u,0.s) (success)
Tactic call abstract+rewrite_strat-topdown ran for 0.092 secs (0.092u,0.s) (success)
Tactic call close-abstract+rewrite_strat-topdown ran for 0.034 secs (0.034u,0.s)
Params: n= 60
Tactic call rewrite_strat-topdown ran for 0.121 secs (0.121u,0.s) (success)
Tactic call rewrite_strat-topdown-noop ran for 0. secs (0.u,0.s) (success)
Tactic call abstract+rewrite_strat-topdown ran for 0.161 secs (0.161u,0.s) (success)
Tactic call close-abstract+rewrite_strat-topdown ran for 0.037 secs (0.037u,0.s)
Params: n= 61
Tactic call rewrite_strat-topdown ran for 0.044 secs (0.044u,0.s) (success)
Tactic call rewrite_strat-topdown-noop ran for 0. secs (0.u,0.s) (success)
Tactic call abstract+rewrite_strat-topdown ran for 0.114 secs (0.114u,0.s) (success)
Tactic call close-abstract+rewrite_strat-topdown ran for 0.067 secs (0.067u,0.s)
Params: n= 62
Tactic call rewrite_strat-topdown ran for 0.048 secs (0.048u,0.s) (success)
Tactic call rewrite_strat-topdown-noop ran for 0. secs (0.u,0.s) (success)
Tactic call abstract+rewrite_strat-topdown ran for 0.092 secs (0.092u,0.s) (success)
Tactic call close-abstract+rewrite_strat-topdown ran for 0.042 secs (0.042u,0.s)
Params: n= 63
Tactic call rewrite_strat-topdown ran for 0.05 secs (0.05u,0.s) (success)
Tactic call rewrite_strat-topdown-noop ran for 0. secs (0.u,0.s) (success)
Tactic call abstract+rewrite_strat-topdown ran for 0.089 secs (0.089u,0.s) (success)
Tactic call close-abstract+rewrite_strat-topdown ran for 0.037 secs (0.037u,0.s)
Params: n= 64
Tactic call rewrite_strat-topdown ran for 0.049 secs (0.049u,0.s) (success)
Tactic call rewrite_strat-topdown-noop ran for 0. secs (0.u,0.s) (success)
Tactic call abstract+rewrite_strat-topdown ran for 0.103 secs (0.103u,0.s) (success)
Tactic call close-abstract+rewrite_strat-topdown ran for 0.052 secs (0.052u,0.s)
Params: n= 65
Tactic call rewrite_strat-topdown ran for 0.05 secs (0.05u,0.s) (success)
Tactic call rewrite_strat-topdown-noop ran for 0.001 secs (0.001u,0.s) (success)
Tactic call abstract+rewrite_strat-topdown ran for 0.093 secs (0.093u,0.s) (success)
Tactic call close-abstract+rewrite_strat-topdown ran for 0.04 secs (0.04u,0.s)
Params: n= 66
Tactic call rewrite_strat-topdown ran for 0.066 secs (0.066u,0.s) (success)
Tactic call rewrite_strat-topdown-noop ran for 0. secs (0.u,0.s) (success)
Tactic call abstract+rewrite_strat-topdown ran for 0.109 secs (0.109u,0.s) (success)
Tactic call close-abstract+rewrite_strat-topdown ran for 0.041 secs (0.041u,0.s)
Params: n= 67
Tactic call rewrite_strat-topdown ran for 0.054 secs (0.054u,0.s) (success)
Tactic call rewrite_strat-topdown-noop ran for 0. secs (0.u,0.s) (success)
Tactic call abstract+rewrite_strat-topdown ran for 0.099 secs (0.099u,0.s) (success)
Tactic call close-abstract+rewrite_strat-topdown ran for 0.043 secs (0.043u,0.s)
Params: n= 68
Tactic call rewrite_strat-topdown ran for 0.06 secs (0.06u,0.s) (success)
Tactic call rewrite_strat-topdown-noop ran for 0. secs (0.u,0.s) (success)
Tactic call abstract+rewrite_strat-topdown ran for 0.107 secs (0.107u,0.s) (success)
Tactic call close-abstract+rewrite_strat-topdown ran for 0.044 secs (0.044u,0.s)
Params: n= 69
Tactic call rewrite_strat-topdown ran for 0.062 secs (0.062u,0.s) (success)
Tactic call rewrite_strat-topdown-noop ran for 0. secs (0.u,0.s) (success)
Tactic call abstract+rewrite_strat-topdown ran for 0.113 secs (0.113u,0.s) (success)
Tactic call close-abstract+rewrite_strat-topdown ran for 0.048 secs (0.048u,0.s)
Params: n= 70
Tactic call rewrite_strat-topdown ran for 0.061 secs (0.061u,0.s) (success)
Tactic call rewrite_strat-topdown-noop ran for 0. secs (0.u,0.s) (success)
Tactic call abstract+rewrite_strat-topdown ran for 0.113 secs (0.113u,0.s) (success)
Tactic call close-abstract+rewrite_strat-topdown ran for 0.05 secs (0.05u,0.s)
Params: n= 71
Tactic call rewrite_strat-topdown ran for 0.061 secs (0.061u,0.s) (success)
Tactic call rewrite_strat-topdown-noop ran for 0.001 secs (0.001u,0.s) (success)
Tactic call abstract+rewrite_strat-topdown ran for 0.112 secs (0.112u,0.s) (success)
Tactic call close-abstract+rewrite_strat-topdown ran for 0.049 secs (0.049u,0.s)
Params: n= 72
Tactic call rewrite_strat-topdown ran for 0.059 secs (0.059u,0.s) (success)
Tactic call rewrite_strat-topdown-noop ran for 0. secs (0.u,0.s) (success)
Tactic call abstract+rewrite_strat-topdown ran for 0.112 secs (0.112u,0.s) (success)
Tactic call close-abstract+rewrite_strat-topdown ran for 0.051 secs (0.051u,0.s)
Params: n= 73
Tactic call rewrite_strat-topdown ran for 0.064 secs (0.064u,0.s) (success)
Tactic call rewrite_strat-topdown-noop ran for 0. secs (0.u,0.s) (success)
Tactic call abstract+rewrite_strat-topdown ran for 0.119 secs (0.119u,0.s) (success)
Tactic call close-abstract+rewrite_strat-topdown ran for 0.053 secs (0.053u,0.s)
Params: n= 74
Tactic call rewrite_strat-topdown ran for 0.063 secs (0.06u,0.003s) (success)
Tactic call rewrite_strat-topdown-noop ran for 0. secs (0.u,0.s) (success)
Tactic call abstract+rewrite_strat-topdown ran for 0.117 secs (0.113u,0.003s) (success)
Tactic call close-abstract+rewrite_strat-topdown ran for 0.052 secs (0.052u,0.s)
Params: n= 75
Tactic call rewrite_strat-topdown ran for 0.068 secs (0.064u,0.003s) (success)
Tactic call rewrite_strat-topdown-noop ran for 0. secs (0.u,0.s) (success)
Tactic call abstract+rewrite_strat-topdown ran for 0.122 secs (0.118u,0.003s) (success)
Tactic call close-abstract+rewrite_strat-topdown ran for 0.051 secs (0.051u,0.s)
Params: n= 76
Tactic call rewrite_strat-topdown ran for 0.072 secs (0.072u,0.s) (success)
Tactic call rewrite_strat-topdown-noop ran for 0.001 secs (0.001u,0.s) (success)
Tactic call abstract+rewrite_strat-topdown ran for 0.134 secs (0.134u,0.s) (success)
Tactic call close-abstract+rewrite_strat-topdown ran for 0.06 secs (0.06u,0.s)
Params: n= 77
Tactic call rewrite_strat-topdown ran for 0.069 secs (0.069u,0.s) (success)
Tactic call rewrite_strat-topdown-noop ran for 0.001 secs (0.001u,0.s) (success)
Tactic call abstract+rewrite_strat-topdown ran for 0.135 secs (0.135u,0.s) (success)
Tactic call close-abstract+rewrite_strat-topdown ran for 0.063 secs (0.063u,0.s)
Params: n= 78
Tactic call rewrite_strat-topdown ran for 0.07 secs (0.07u,0.s) (success)
Tactic call rewrite_strat-topdown-noop ran for 0.001 secs (0.001u,0.s) (success)
Tactic call abstract+rewrite_strat-topdown ran for 0.135 secs (0.135u,0.s) (success)
Tactic call close-abstract+rewrite_strat-topdown ran for 0.062 secs (0.062u,0.s)
Params: n= 79
Tactic call rewrite_strat-topdown ran for 0.069 secs (0.069u,0.s) (success)
Tactic call rewrite_strat-topdown-noop ran for 0.001 secs (0.001u,0.s) (success)
Tactic call abstract+rewrite_strat-topdown ran for 0.135 secs (0.135u,0.s) (success)
Tactic call close-abstract+rewrite_strat-topdown ran for 0.064 secs (0.064u,0.s)
Params: n= 80
Tactic call rewrite_strat-topdown ran for 0.075 secs (0.075u,0.s) (success)
Tactic call rewrite_strat-topdown-noop ran for 0.001 secs (0.001u,0.s) (success)
Tactic call abstract+rewrite_strat-topdown ran for 0.144 secs (0.144u,0.s) (success)
Tactic call close-abstract+rewrite_strat-topdown ran for 0.067 secs (0.067u,0.s)
Params: n= 81
Tactic call rewrite_strat-topdown ran for 0.08 secs (0.08u,0.s) (success)
Tactic call rewrite_strat-topdown-noop ran for 0.001 secs (0.001u,0.s) (success)
Tactic call abstract+rewrite_strat-topdown ran for 0.15 secs (0.15u,0.s) (success)
Tactic call close-abstract+rewrite_strat-topdown ran for 0.068 secs (0.068u,0.s)
Params: n= 82
Tactic call rewrite_strat-topdown ran for 0.083 secs (0.083u,0.s) (success)
Tactic call rewrite_strat-topdown-noop ran for 0.001 secs (0.001u,0.s) (success)
Tactic call abstract+rewrite_strat-topdown ran for 0.163 secs (0.163u,0.s) (success)
Tactic call close-abstract+rewrite_strat-topdown ran for 0.077 secs (0.077u,0.s)
Params: n= 83
Tactic call rewrite_strat-topdown ran for 0.081 secs (0.081u,0.s) (success)
Tactic call rewrite_strat-topdown-noop ran for 0.001 secs (0.001u,0.s) (success)
Tactic call abstract+rewrite_strat-topdown ran for 0.156 secs (0.156u,0.s) (success)
Tactic call close-abstract+rewrite_strat-topdown ran for 0.072 secs (0.072u,0.s)
Params: n= 84
Tactic call rewrite_strat-topdown ran for 0.09 secs (0.09u,0.s) (success)
Tactic call rewrite_strat-topdown-noop ran for 0.001 secs (0.001u,0.s) (success)
Tactic call abstract+rewrite_strat-topdown ran for 0.168 secs (0.168u,0.s) (success)
Tactic call close-abstract+rewrite_strat-topdown ran for 0.075 secs (0.075u,0.s)
Params: n= 85
Tactic call rewrite_strat-topdown ran for 0.092 secs (0.092u,0.s) (success)
Tactic call rewrite_strat-topdown-noop ran for 0.003 secs (0.003u,0.s) (success)
Tactic call abstract+rewrite_strat-topdown ran for 0.169 secs (0.169u,0.s) (success)
Tactic call close-abstract+rewrite_strat-topdown ran for 0.072 secs (0.072u,0.s)
Params: n= 86
Tactic call rewrite_strat-topdown ran for 0.094 secs (0.094u,0.s) (success)
Tactic call rewrite_strat-topdown-noop ran for 0.001 secs (0.001u,0.s) (success)
Tactic call abstract+rewrite_strat-topdown ran for 0.18 secs (0.18u,0.s) (success)
Tactic call close-abstract+rewrite_strat-topdown ran for 0.083 secs (0.083u,0.s)
Params: n= 87
Tactic call rewrite_strat-topdown ran for 0.099 secs (0.099u,0.s) (success)
Tactic call rewrite_strat-topdown-noop ran for 0.001 secs (0.001u,0.s) (success)
Tactic call abstract+rewrite_strat-topdown ran for 0.186 secs (0.186u,0.s) (success)
Tactic call close-abstract+rewrite_strat-topdown ran for 0.084 secs (0.084u,0.s)
Params: n= 88
Tactic call rewrite_strat-topdown ran for 0.091 secs (0.091u,0.s) (success)
Tactic call rewrite_strat-topdown-noop ran for 0.001 secs (0.001u,0.s) (success)
Tactic call abstract+rewrite_strat-topdown ran for 0.173 secs (0.173u,0.s) (success)
Tactic call close-abstract+rewrite_strat-topdown ran for 0.079 secs (0.079u,0.s)
Params: n= 89
Tactic call rewrite_strat-topdown ran for 0.094 secs (0.094u,0.s) (success)
Tactic call rewrite_strat-topdown-noop ran for 0.001 secs (0.001u,0.s) (success)
Tactic call abstract+rewrite_strat-topdown ran for 0.177 secs (0.177u,0.s) (success)
Tactic call close-abstract+rewrite_strat-topdown ran for 0.08 secs (0.08u,0.s)
Params: n= 90
Tactic call rewrite_strat-topdown ran for 0.12 secs (0.12u,0.s) (success)
Tactic call rewrite_strat-topdown-noop ran for 0.001 secs (0.001u,0.s) (success)
Tactic call abstract+rewrite_strat-topdown ran for 0.21 secs (0.21u,0.s) (success)
Tactic call close-abstract+rewrite_strat-topdown ran for 0.087 secs (0.087u,0.s)
Params: n= 91
Tactic call rewrite_strat-topdown ran for 0.094 secs (0.094u,0.s) (success)
Tactic call rewrite_strat-topdown-noop ran for 0.001 secs (0.001u,0.s) (success)
Tactic call abstract+rewrite_strat-topdown ran for 0.185 secs (0.185u,0.s) (success)
Tactic call close-abstract+rewrite_strat-topdown ran for 0.089 secs (0.089u,0.s)
Params: n= 92
Tactic call rewrite_strat-topdown ran for 0.098 secs (0.098u,0.s) (success)
Tactic call rewrite_strat-topdown-noop ran for 0.001 secs (0.001u,0.s) (success)
Tactic call abstract+rewrite_strat-topdown ran for 0.194 secs (0.19u,0.003s) (success)
Tactic call close-abstract+rewrite_strat-topdown ran for 0.093 secs (0.089u,0.003s)
Params: n= 93
Tactic call rewrite_strat-topdown ran for 0.103 secs (0.103u,0.s) (success)
Tactic call rewrite_strat-topdown-noop ran for 0.001 secs (0.001u,0.s) (success)
Tactic call abstract+rewrite_strat-topdown ran for 0.201 secs (0.201u,0.s) (success)
Tactic call close-abstract+rewrite_strat-topdown ran for 0.095 secs (0.095u,0.s)
Params: n= 94
Tactic call rewrite_strat-topdown ran for 0.105 secs (0.105u,0.s) (success)
Tactic call rewrite_strat-topdown-noop ran for 0.001 secs (0.u,0.001s) (success)
Tactic call abstract+rewrite_strat-topdown ran for 0.201 secs (0.197u,0.003s) (success)
Tactic call close-abstract+rewrite_strat-topdown ran for 0.092 secs (0.09u,0.002s)
Params: n= 95
Tactic call rewrite_strat-topdown ran for 0.119 secs (0.119u,0.s) (success)
Tactic call rewrite_strat-topdown-noop ran for 0.001 secs (0.001u,0.s) (success)
Tactic call abstract+rewrite_strat-topdown ran for 0.222 secs (0.222u,0.s) (success)
Tactic call close-abstract+rewrite_strat-topdown ran for 0.1 secs (0.1u,0.s)
Params: n= 96
Tactic call rewrite_strat-topdown ran for 0.106 secs (0.106u,0.s) (success)
Tactic call rewrite_strat-topdown-noop ran for 0.001 secs (0.u,0.001s) (success)
Tactic call abstract+rewrite_strat-topdown ran for 0.209 secs (0.205u,0.003s) (success)
Tactic call close-abstract+rewrite_strat-topdown ran for 0.1 secs (0.097u,0.002s)
Params: n= 97
Tactic call rewrite_strat-topdown ran for 0.113 secs (0.113u,0.s) (success)
Tactic call rewrite_strat-topdown-noop ran for 0.001 secs (0.001u,0.s) (success)
Tactic call abstract+rewrite_strat-topdown ran for 0.216 secs (0.216u,0.s) (success)
Tactic call close-abstract+rewrite_strat-topdown ran for 0.1 secs (0.1u,0.s)
Params: n= 98
Tactic call rewrite_strat-topdown ran for 0.111 secs (0.111u,0.s) (success)
Tactic call rewrite_strat-topdown-noop ran for 0.007 secs (0.007u,0.s) (success)
Tactic call abstract+rewrite_strat-topdown ran for 0.217 secs (0.217u,0.s) (success)
Tactic call close-abstract+rewrite_strat-topdown ran for 0.097 secs (0.097u,0.s)
Params: n= 99
Tactic call rewrite_strat-topdown ran for 0.124 secs (0.124u,0.s) (success)
Tactic call rewrite_strat-topdown-noop ran for 0.001 secs (0.001u,0.s) (success)
Tactic call abstract+rewrite_strat-topdown ran for 0.241 secs (0.241u,0.s) (success)
Tactic call close-abstract+rewrite_strat-topdown ran for 0.114 secs (0.114u,0.s)
Params: n= 110
Tactic call rewrite_strat-topdown ran for 0.142 secs (0.142u,0.s) (success)
Tactic call rewrite_strat-topdown-noop ran for 0.001 secs (0.001u,0.s) (success)
Tactic call abstract+rewrite_strat-topdown ran for 0.273 secs (0.269u,0.003s) (success)
Tactic call close-abstract+rewrite_strat-topdown ran for 0.128 secs (0.124u,0.003s)
Params: n= 120
Tactic call rewrite_strat-topdown ran for 0.166 secs (0.166u,0.s) (success)
Tactic call rewrite_strat-topdown-noop ran for 0.001 secs (0.001u,0.s) (success)
Tactic call abstract+rewrite_strat-topdown ran for 0.318 secs (0.318u,0.s) (success)
Tactic call close-abstract+rewrite_strat-topdown ran for 0.148 secs (0.148u,0.s)
Params: n= 130
Tactic call rewrite_strat-topdown ran for 0.21 secs (0.21u,0.s) (success)
Tactic call rewrite_strat-topdown-noop ran for 0.001 secs (0.001u,0.s) (success)
Tactic call abstract+rewrite_strat-topdown ran for 0.377 secs (0.377u,0.s) (success)
Tactic call close-abstract+rewrite_strat-topdown ran for 0.164 secs (0.164u,0.s)
Params: n= 140
Tactic call rewrite_strat-topdown ran for 0.225 secs (0.225u,0.s) (success)
Tactic call rewrite_strat-topdown-noop ran for 0.002 secs (0.002u,0.s) (success)
Tactic call abstract+rewrite_strat-topdown ran for 0.421 secs (0.421u,0.s) (success)
Tactic call close-abstract+rewrite_strat-topdown ran for 0.188 secs (0.188u,0.s)
Params: n= 160
Tactic call rewrite_strat-topdown ran for 0.291 secs (0.291u,0.s) (success)
Tactic call rewrite_strat-topdown-noop ran for 0.002 secs (0.002u,0.s) (success)
Tactic call abstract+rewrite_strat-topdown ran for 0.556 secs (0.556u,0.s) (success)
Tactic call close-abstract+rewrite_strat-topdown ran for 0.26 secs (0.26u,0.s)
Params: n= 170
Tactic call rewrite_strat-topdown ran for 0.347 secs (0.339u,0.007s) (success)
Tactic call rewrite_strat-topdown-noop ran for 0.002 secs (0.002u,0.s) (success)
Tactic call abstract+rewrite_strat-topdown ran for 0.644 secs (0.636u,0.007s) (success)
Tactic call close-abstract+rewrite_strat-topdown ran for 0.292 secs (0.292u,0.s)
Params: n= 180
Tactic call rewrite_strat-topdown ran for 0.432 secs (0.428u,0.003s) (success)
Tactic call rewrite_strat-topdown-noop ran for 0.003 secs (0.003u,0.s) (success)
Tactic call abstract+rewrite_strat-topdown ran for 0.783 secs (0.775u,0.007s) (success)
Tactic call close-abstract+rewrite_strat-topdown ran for 0.346 secs (0.342u,0.003s)
Params: n= 190
Tactic call rewrite_strat-topdown ran for 0.454 secs (0.45u,0.003s) (success)
Tactic call rewrite_strat-topdown-noop ran for 0.003 secs (0.003u,0.s) (success)
Tactic call abstract+rewrite_strat-topdown ran for 0.818 secs (0.814u,0.003s) (success)
Tactic call close-abstract+rewrite_strat-topdown ran for 0.359 secs (0.359u,0.s)
Params: n= 210
Tactic call rewrite_strat-topdown ran for 0.52 secs (0.516u,0.003s) (success)
Tactic call rewrite_strat-topdown-noop ran for 0.004 secs (0.004u,0.s) (success)
Tactic call abstract+rewrite_strat-topdown ran for 0.965 secs (0.957u,0.007s) (success)
Tactic call close-abstract+rewrite_strat-topdown ran for 0.439 secs (0.435u,0.003s)
Params: n= 220
Tactic call rewrite_strat-topdown ran for 0.574 secs (0.57u,0.003s) (success)
Tactic call rewrite_strat-topdown-noop ran for 0.005 secs (0.005u,0.s) (success)
Tactic call abstract+rewrite_strat-topdown ran for 1.068 secs (1.06u,0.008s) (success)
Tactic call close-abstract+rewrite_strat-topdown ran for 0.487 secs (0.483u,0.003s)
Params: n= 230
Tactic call rewrite_strat-topdown ran for 0.638 secs (0.638u,0.s) (success)
Tactic call rewrite_strat-topdown-noop ran for 0.006 secs (0.006u,0.s) (success)
Tactic call abstract+rewrite_strat-topdown ran for 1.195 secs (1.193u,0.s) (success)
Tactic call close-abstract+rewrite_strat-topdown ran for 0.548 secs (0.546u,0.s)
Params: n= 240
Tactic call rewrite_strat-topdown ran for 0.751 secs (0.75u,0.s) (success)
Tactic call rewrite_strat-topdown-noop ran for 0.004 secs (0.004u,0.s) (success)
Tactic call abstract+rewrite_strat-topdown ran for 1.337 secs (1.336u,0.s) (success)
Tactic call close-abstract+rewrite_strat-topdown ran for 0.579 secs (0.579u,0.s)
Params: n= 260
Tactic call rewrite_strat-topdown ran for 0.852 secs (0.852u,0.s) (success)
Tactic call rewrite_strat-topdown-noop ran for 0.005 secs (0.005u,0.s) (success)
Tactic call abstract+rewrite_strat-topdown ran for 1.487 secs (1.487u,0.s) (success)
Tactic call close-abstract+rewrite_strat-topdown ran for 0.627 secs (0.627u,0.s)
Params: n= 270
Tactic call rewrite_strat-topdown ran for 0.922 secs (0.913u,0.007s) (success)
Tactic call rewrite_strat-topdown-noop ran for 0.011 secs (0.011u,0.s) (success)
Tactic call abstract+rewrite_strat-topdown ran for 1.611 secs (1.591u,0.019s) (success)
Tactic call close-abstract+rewrite_strat-topdown ran for 0.676 secs (0.664u,0.012s)
Params: n= 280
Tactic call rewrite_strat-topdown ran for 0.989 secs (0.985u,0.004s) (success)
Tactic call rewrite_strat-topdown-noop ran for 0.007 secs (0.007u,0.s) (success)
Tactic call abstract+rewrite_strat-topdown ran for 1.808 secs (1.804u,0.004s) (success)
Tactic call close-abstract+rewrite_strat-topdown ran for 0.809 secs (0.809u,0.s)
Params: n= 290
Tactic call rewrite_strat-topdown ran for 1.068 secs (1.068u,0.s) (success)
Tactic call rewrite_strat-topdown-noop ran for 0.007 secs (0.007u,0.s) (success)
Tactic call abstract+rewrite_strat-topdown ran for 1.858 secs (1.858u,0.s) (success)
Tactic call close-abstract+rewrite_strat-topdown ran for 0.781 secs (0.781u,0.s)
Params: n= 310
Tactic call rewrite_strat-topdown ran for 1.317 secs (1.317u,0.s) (success)
Tactic call rewrite_strat-topdown-noop ran for 0.007 secs (0.007u,0.s) (success)
Tactic call abstract+rewrite_strat-topdown ran for 2.299 secs (2.298u,0.s) (success)
Tactic call close-abstract+rewrite_strat-topdown ran for 0.972 secs (0.972u,0.s)
Params: n= 320
Tactic call rewrite_strat-topdown ran for 1.333 secs (1.333u,0.s) (success)
Tactic call rewrite_strat-topdown-noop ran for 0.012 secs (0.012u,0.s) (success)
Tactic call abstract+rewrite_strat-topdown ran for 2.289 secs (2.289u,0.s) (success)
Tactic call close-abstract+rewrite_strat-topdown ran for 0.941 secs (0.941u,0.s)
Params: n= 330
Tactic call rewrite_strat-topdown ran for 1.487 secs (1.487u,0.s) (success)
Tactic call rewrite_strat-topdown-noop ran for 0.008 secs (0.008u,0.s) (success)
Tactic call abstract+rewrite_strat-topdown ran for 2.614 secs (2.614u,0.s) (success)
Tactic call close-abstract+rewrite_strat-topdown ran for 1.116 secs (1.116u,0.s)
Params: n= 340
Tactic call rewrite_strat-topdown ran for 1.56 secs (1.543u,0.015s) (success)
Tactic call rewrite_strat-topdown-noop ran for 0.013 secs (0.013u,0.s) (success)
Tactic call abstract+rewrite_strat-topdown ran for 2.621 secs (2.604u,0.015s) (success)
Tactic call close-abstract+rewrite_strat-topdown ran for 1.046 secs (1.045u,0.s)
Params: n= 360
Tactic call rewrite_strat-topdown ran for 1.737 secs (1.737u,0.s) (success)
Tactic call rewrite_strat-topdown-noop ran for 0.01 secs (0.01u,0.s) (success)
Tactic call abstract+rewrite_strat-topdown ran for 3.012 secs (3.012u,0.s) (success)
Tactic call close-abstract+rewrite_strat-topdown ran for 1.263 secs (1.263u,0.s)
Params: n= 370
Tactic call rewrite_strat-topdown ran for 1.922 secs (1.922u,0.s) (success)
Tactic call rewrite_strat-topdown-noop ran for 0.015 secs (0.015u,0.s) (success)
Tactic call abstract+rewrite_strat-topdown ran for 3.35 secs (3.346u,0.004s) (success)
Tactic call close-abstract+rewrite_strat-topdown ran for 1.41 secs (1.406u,0.004s)
Params: n= 380
Tactic call rewrite_strat-topdown ran for 2.103 secs (2.099u,0.003s) (success)
Tactic call rewrite_strat-topdown-noop ran for 0.014 secs (0.014u,0.s) (success)
Tactic call abstract+rewrite_strat-topdown ran for 3.569 secs (3.565u,0.003s) (success)
Tactic call close-abstract+rewrite_strat-topdown ran for 1.449 secs (1.449u,0.s)
Params: n= 390
Tactic call rewrite_strat-topdown ran for 2.185 secs (2.185u,0.s) (success)
Tactic call rewrite_strat-topdown-noop ran for 0.017 secs (0.017u,0.s) (success)
Tactic call abstract+rewrite_strat-topdown ran for 3.631 secs (3.631u,0.s) (success)
Tactic call close-abstract+rewrite_strat-topdown ran for 1.426 secs (1.426u,0.s)
