Params: n= 50
Tactic call refine-regression-quadratic-regression-linear ran for 0. secs (0.u,0.s) (success)
Tactic call pose-build-and-refine-regression-cubic ran for 0.004 secs (0.004u,0.s) (success)
Tactic call fast_rewrite-regression-cubic ran for 0.004 secs (0.004u,0.s) (success)
Tactic call abstract-regression-cubic ran for 0.006 secs (0.005u,0.s) (success)
Tactic call close-abstract-regression-cubic ran for 0.002 secs (0.001u,0.s)
Params: n= 100
Tactic call refine-regression-quadratic-regression-linear ran for 0. secs (0.u,0.s) (success)
Tactic call pose-build-and-refine-regression-cubic ran for 0.009 secs (0.009u,0.s) (success)
Tactic call fast_rewrite-regression-cubic ran for 0.009 secs (0.009u,0.s) (success)
Tactic call abstract-regression-cubic ran for 0.019 secs (0.019u,0.s) (success)
Tactic call close-abstract-regression-cubic ran for 0.009 secs (0.009u,0.s)
Params: n= 150
Tactic call refine-regression-quadratic-regression-linear ran for 0.001 secs (0.001u,0.s) (success)
Tactic call pose-build-and-refine-regression-cubic ran for 0.015 secs (0.015u,0.s) (success)
Tactic call fast_rewrite-regression-cubic ran for 0.015 secs (0.015u,0.s) (success)
Tactic call abstract-regression-cubic ran for 0.043 secs (0.043u,0.s) (success)
Tactic call close-abstract-regression-cubic ran for 0.027 secs (0.027u,0.s)
Params: n= 200
Tactic call refine-regression-quadratic-regression-linear ran for 0.001 secs (0.001u,0.s) (success)
Tactic call pose-build-and-refine-regression-cubic ran for 0.055 secs (0.047u,0.007s) (success)
Tactic call fast_rewrite-regression-cubic ran for 0.055 secs (0.047u,0.007s) (success)
Tactic call abstract-regression-cubic ran for 0.111 secs (0.103u,0.007s) (success)
Tactic call close-abstract-regression-cubic ran for 0.056 secs (0.056u,0.s)
Params: n= 250
Tactic call refine-regression-quadratic-regression-linear ran for 0.001 secs (0.001u,0.s) (success)
Tactic call pose-build-and-refine-regression-cubic ran for 0.031 secs (0.031u,0.s) (success)
Tactic call fast_rewrite-regression-cubic ran for 0.031 secs (0.031u,0.s) (success)
Tactic call abstract-regression-cubic ran for 0.136 secs (0.135u,0.s) (success)
Tactic call close-abstract-regression-cubic ran for 0.104 secs (0.104u,0.s)
Params: n= 300
Tactic call refine-regression-quadratic-regression-linear ran for 0.002 secs (0.002u,0.s) (success)
Tactic call pose-build-and-refine-regression-cubic ran for 0.049 secs (0.049u,0.s) (success)
Tactic call fast_rewrite-regression-cubic ran for 0.049 secs (0.049u,0.s) (success)
Tactic call abstract-regression-cubic ran for 0.223 secs (0.223u,0.s) (success)
Tactic call close-abstract-regression-cubic ran for 0.174 secs (0.174u,0.s)
Params: n= 350
Tactic call refine-regression-quadratic-regression-linear ran for 0.002 secs (0.002u,0.s) (success)
Tactic call pose-build-and-refine-regression-cubic ran for 0.052 secs (0.048u,0.003s) (success)
Tactic call fast_rewrite-regression-cubic ran for 0.052 secs (0.048u,0.003s) (success)
Tactic call abstract-regression-cubic ran for 0.323 secs (0.319u,0.003s) (success)
Tactic call close-abstract-regression-cubic ran for 0.27 secs (0.27u,0.s)
Params: n= 400
Tactic call refine-regression-quadratic-regression-linear ran for 0.002 secs (0.002u,0.s) (success)
Tactic call pose-build-and-refine-regression-cubic ran for 0.07 secs (0.07u,0.s) (success)
Tactic call fast_rewrite-regression-cubic ran for 0.07 secs (0.07u,0.s) (success)
Tactic call abstract-regression-cubic ran for 0.468 secs (0.468u,0.s) (success)
Tactic call close-abstract-regression-cubic ran for 0.396 secs (0.396u,0.s)
