Params: n= 5
native_compute: Conversion to native code done in 0.00002
native_compute: Compilation done in 0.05890
native_compute: Evaluation done in 0.00023
native_compute: Reification done in 0.00005
Tactic call identity native_compute on PHOAS with big_flat ran for 0.139 secs (0.06u,0.02s) (success)
Params: n= 6
native_compute: Conversion to native code done in 0.00002
native_compute: Compilation done in 0.05991
native_compute: Evaluation done in 0.00024
native_compute: Reification done in 0.00005
Tactic call identity native_compute on PHOAS with big_flat ran for 0.06 secs (0.u,0.s) (success)
Params: n= 7
native_compute: Conversion to native code done in 0.00002
native_compute: Compilation done in 0.05876
native_compute: Evaluation done in 0.00023
native_compute: Reification done in 0.00005
Tactic call identity native_compute on PHOAS with big_flat ran for 0.059 secs (0.u,0.s) (success)
Params: n= 8
native_compute: Conversion to native code done in 0.00002
native_compute: Compilation done in 0.05890
native_compute: Evaluation done in 0.00022
native_compute: Reification done in 0.00005
Tactic call identity native_compute on PHOAS with big_flat ran for 0.059 secs (0.u,0.s) (success)
Params: n= 9
native_compute: Conversion to native code done in 0.00002
native_compute: Compilation done in 0.05779
native_compute: Evaluation done in 0.00023
native_compute: Reification done in 0.00005
Tactic call identity native_compute on PHOAS with big_flat ran for 0.058 secs (0.u,0.s) (success)
Params: n= 10
native_compute: Conversion to native code done in 0.00002
native_compute: Compilation done in 0.05832
native_compute: Evaluation done in 0.00025
native_compute: Reification done in 0.00006
Tactic call identity native_compute on PHOAS with big_flat ran for 0.058 secs (0.u,0.s) (success)
Params: n= 11
native_compute: Conversion to native code done in 0.00002
native_compute: Compilation done in 0.05881
native_compute: Evaluation done in 0.00029
native_compute: Reification done in 0.00006
Tactic call identity native_compute on PHOAS with big_flat ran for 0.059 secs (0.u,0.s) (success)
Params: n= 12
native_compute: Conversion to native code done in 0.00002
native_compute: Compilation done in 0.05830
native_compute: Evaluation done in 0.00022
native_compute: Reification done in 0.00006
Tactic call identity native_compute on PHOAS with big_flat ran for 0.058 secs (0.u,0.s) (success)
Params: n= 13
native_compute: Conversion to native code done in 0.00002
native_compute: Compilation done in 0.05826
native_compute: Evaluation done in 0.00022
native_compute: Reification done in 0.00007
Tactic call identity native_compute on PHOAS with big_flat ran for 0.058 secs (0.u,0.s) (success)
Params: n= 14
native_compute: Conversion to native code done in 0.00002
native_compute: Compilation done in 0.05831
native_compute: Evaluation done in 0.00022
native_compute: Reification done in 0.00007
Tactic call identity native_compute on PHOAS with big_flat ran for 0.058 secs (0.u,0.s) (success)
Params: n= 15
native_compute: Conversion to native code done in 0.00002
native_compute: Compilation done in 0.05789
native_compute: Evaluation done in 0.00022
native_compute: Reification done in 0.00007
Tactic call identity native_compute on PHOAS with big_flat ran for 0.058 secs (0.u,0.s) (success)
Params: n= 16
native_compute: Conversion to native code done in 0.00004
native_compute: Compilation done in 0.05799
native_compute: Evaluation done in 0.00022
native_compute: Reification done in 0.00007
Tactic call identity native_compute on PHOAS with big_flat ran for 0.058 secs (0.u,0.s) (success)
Params: n= 17
native_compute: Conversion to native code done in 0.00003
native_compute: Compilation done in 0.05719
native_compute: Evaluation done in 0.00023
native_compute: Reification done in 0.00007
Tactic call identity native_compute on PHOAS with big_flat ran for 0.057 secs (0.u,0.s) (success)
Params: n= 18
native_compute: Conversion to native code done in 0.00003
native_compute: Compilation done in 0.05745
native_compute: Evaluation done in 0.00022
native_compute: Reification done in 0.00008
Tactic call identity native_compute on PHOAS with big_flat ran for 0.057 secs (0.u,0.s) (success)
Params: n= 19
native_compute: Conversion to native code done in 0.00003
native_compute: Compilation done in 0.05796
native_compute: Evaluation done in 0.00022
native_compute: Reification done in 0.00023
Tactic call identity native_compute on PHOAS with big_flat ran for 0.058 secs (0.u,0.s) (success)
Params: n= 20
native_compute: Conversion to native code done in 0.00003
native_compute: Compilation done in 0.05822
native_compute: Evaluation done in 0.00024
native_compute: Reification done in 0.00008
Tactic call identity native_compute on PHOAS with big_flat ran for 0.058 secs (0.u,0.s) (success)
Params: n= 21
native_compute: Conversion to native code done in 0.00004
native_compute: Compilation done in 0.05827
native_compute: Evaluation done in 0.00023
native_compute: Reification done in 0.00008
Tactic call identity native_compute on PHOAS with big_flat ran for 0.058 secs (0.u,0.s) (success)
Params: n= 22
native_compute: Conversion to native code done in 0.00003
native_compute: Compilation done in 0.05723
native_compute: Evaluation done in 0.00022
native_compute: Reification done in 0.00009
Tactic call identity native_compute on PHOAS with big_flat ran for 0.057 secs (0.u,0.s) (success)
Params: n= 23
native_compute: Conversion to native code done in 0.00003
native_compute: Compilation done in 0.05838
native_compute: Evaluation done in 0.00023
native_compute: Reification done in 0.00009
Tactic call identity native_compute on PHOAS with big_flat ran for 0.058 secs (0.u,0.s) (success)
Params: n= 24
native_compute: Conversion to native code done in 0.00003
native_compute: Compilation done in 0.05826
native_compute: Evaluation done in 0.00024
native_compute: Reification done in 0.00029
Tactic call identity native_compute on PHOAS with big_flat ran for 0.058 secs (0.001u,0.s) (success)
Params: n= 25
native_compute: Conversion to native code done in 0.00003
native_compute: Compilation done in 0.05863
native_compute: Evaluation done in 0.00023
native_compute: Reification done in 0.00009
Tactic call identity native_compute on PHOAS with big_flat ran for 0.059 secs (0.u,0.s) (success)
Params: n= 26
native_compute: Conversion to native code done in 0.00003
native_compute: Compilation done in 0.05833
native_compute: Evaluation done in 0.00023
native_compute: Reification done in 0.00010
Tactic call identity native_compute on PHOAS with big_flat ran for 0.058 secs (0.u,0.s) (success)
Params: n= 27
native_compute: Conversion to native code done in 0.00003
native_compute: Compilation done in 0.05805
native_compute: Evaluation done in 0.00023
native_compute: Reification done in 0.00025
Tactic call identity native_compute on PHOAS with big_flat ran for 0.058 secs (0.001u,0.s) (success)
Params: n= 28
native_compute: Conversion to native code done in 0.00003
native_compute: Compilation done in 0.05896
native_compute: Evaluation done in 0.00023
native_compute: Reification done in 0.00011
Tactic call identity native_compute on PHOAS with big_flat ran for 0.059 secs (0.u,0.s) (success)
Params: n= 29
native_compute: Conversion to native code done in 0.00004
native_compute: Compilation done in 0.05858
native_compute: Evaluation done in 0.00029
native_compute: Reification done in 0.00011
Tactic call identity native_compute on PHOAS with big_flat ran for 0.059 secs (0.u,0.s) (success)
Params: n= 30
native_compute: Conversion to native code done in 0.00004
native_compute: Compilation done in 0.05851
native_compute: Evaluation done in 0.00023
native_compute: Reification done in 0.00010
Tactic call identity native_compute on PHOAS with big_flat ran for 0.059 secs (0.001u,0.s) (success)
Params: n= 31
native_compute: Conversion to native code done in 0.00004
native_compute: Compilation done in 0.05900
native_compute: Evaluation done in 0.00022
native_compute: Reification done in 0.00011
Tactic call identity native_compute on PHOAS with big_flat ran for 0.059 secs (0.u,0.s) (success)
Params: n= 32
native_compute: Conversion to native code done in 0.00004
native_compute: Compilation done in 0.05938
native_compute: Evaluation done in 0.00027
native_compute: Reification done in 0.00011
Tactic call identity native_compute on PHOAS with big_flat ran for 0.059 secs (0.u,0.s) (success)
Params: n= 33
native_compute: Conversion to native code done in 0.00004
native_compute: Compilation done in 0.05912
native_compute: Evaluation done in 0.00025
native_compute: Reification done in 0.00011
Tactic call identity native_compute on PHOAS with big_flat ran for 0.059 secs (0.u,0.s) (success)
Params: n= 34
native_compute: Conversion to native code done in 0.00004
native_compute: Compilation done in 0.05816
native_compute: Evaluation done in 0.00023
native_compute: Reification done in 0.00027
Tactic call identity native_compute on PHOAS with big_flat ran for 0.058 secs (0.001u,0.s) (success)
Params: n= 35
native_compute: Conversion to native code done in 0.00004
native_compute: Compilation done in 0.05928
native_compute: Evaluation done in 0.00025
native_compute: Reification done in 0.00012
Tactic call identity native_compute on PHOAS with big_flat ran for 0.059 secs (0.u,0.s) (success)
Params: n= 36
native_compute: Conversion to native code done in 0.00004
native_compute: Compilation done in 0.05846
native_compute: Evaluation done in 0.00023
native_compute: Reification done in 0.00012
Tactic call identity native_compute on PHOAS with big_flat ran for 0.059 secs (0.u,0.s) (success)
Params: n= 37
native_compute: Conversion to native code done in 0.00004
native_compute: Compilation done in 0.05875
native_compute: Evaluation done in 0.00023
native_compute: Reification done in 0.00012
Tactic call identity native_compute on PHOAS with big_flat ran for 0.059 secs (0.u,0.s) (success)
Params: n= 38
native_compute: Conversion to native code done in 0.00004
native_compute: Compilation done in 0.05883
native_compute: Evaluation done in 0.00024
native_compute: Reification done in 0.00012
Tactic call identity native_compute on PHOAS with big_flat ran for 0.059 secs (0.001u,0.s) (success)
Params: n= 39
native_compute: Conversion to native code done in 0.00004
native_compute: Compilation done in 0.05896
native_compute: Evaluation done in 0.00024
native_compute: Reification done in 0.00028
Tactic call identity native_compute on PHOAS with big_flat ran for 0.059 secs (0.001u,0.s) (success)
Params: n= 40
native_compute: Conversion to native code done in 0.00004
native_compute: Compilation done in 0.05945
native_compute: Evaluation done in 0.00025
native_compute: Reification done in 0.00013
Tactic call identity native_compute on PHOAS with big_flat ran for 0.06 secs (0.u,0.s) (success)
Params: n= 41
native_compute: Conversion to native code done in 0.00004
native_compute: Compilation done in 0.05799
native_compute: Evaluation done in 0.00023
native_compute: Reification done in 0.00013
Tactic call identity native_compute on PHOAS with big_flat ran for 0.058 secs (0.u,0.s) (success)
Params: n= 42
native_compute: Conversion to native code done in 0.00005
native_compute: Compilation done in 0.05787
native_compute: Evaluation done in 0.00023
native_compute: Reification done in 0.00013
Tactic call identity native_compute on PHOAS with big_flat ran for 0.058 secs (0.u,0.s) (success)
Params: n= 43
native_compute: Conversion to native code done in 0.00005
native_compute: Compilation done in 0.05829
native_compute: Evaluation done in 0.00023
native_compute: Reification done in 0.00014
Tactic call identity native_compute on PHOAS with big_flat ran for 0.058 secs (0.001u,0.s) (success)
Params: n= 44
native_compute: Conversion to native code done in 0.00005
native_compute: Compilation done in 0.05766
native_compute: Evaluation done in 0.00024
native_compute: Reification done in 0.00014
Tactic call identity native_compute on PHOAS with big_flat ran for 0.058 secs (0.u,0.s) (success)
Params: n= 45
native_compute: Conversion to native code done in 0.00005
native_compute: Compilation done in 0.05756
native_compute: Evaluation done in 0.00024
native_compute: Reification done in 0.00014
Tactic call identity native_compute on PHOAS with big_flat ran for 0.058 secs (0.001u,0.s) (success)
Params: n= 46
native_compute: Conversion to native code done in 0.00005
native_compute: Compilation done in 0.05797
native_compute: Evaluation done in 0.00023
native_compute: Reification done in 0.00031
Tactic call identity native_compute on PHOAS with big_flat ran for 0.058 secs (0.001u,0.s) (success)
Params: n= 47
native_compute: Conversion to native code done in 0.00005
native_compute: Compilation done in 0.05846
native_compute: Evaluation done in 0.00024
native_compute: Reification done in 0.00030
Tactic call identity native_compute on PHOAS with big_flat ran for 0.059 secs (0.001u,0.s) (success)
Params: n= 48
native_compute: Conversion to native code done in 0.00005
native_compute: Compilation done in 0.05825
native_compute: Evaluation done in 0.00026
native_compute: Reification done in 0.00015
Tactic call identity native_compute on PHOAS with big_flat ran for 0.058 secs (0.001u,0.s) (success)
Params: n= 49
native_compute: Conversion to native code done in 0.00005
native_compute: Compilation done in 0.05828
native_compute: Evaluation done in 0.00023
native_compute: Reification done in 0.00015
Tactic call identity native_compute on PHOAS with big_flat ran for 0.058 secs (0.u,0.s) (success)
Params: n= 50
native_compute: Conversion to native code done in 0.00005
native_compute: Compilation done in 0.05777
native_compute: Evaluation done in 0.00026
native_compute: Reification done in 0.00017
Tactic call identity native_compute on PHOAS with big_flat ran for 0.058 secs (0.001u,0.s) (success)
