Params: n= 12
Tactic call lazy-regression-quadratic ran for 0. secs (0.u,0.s) (success)
Params: n= 18
Tactic call lazy-regression-quadratic ran for 0. secs (0.u,0.s) (success)
Params: n= 23
Tactic call lazy-regression-quadratic ran for 0. secs (0.u,0.s) (success)
Params: n= 28
Tactic call lazy-regression-quadratic ran for 0. secs (0.u,0.s) (success)
Params: n= 33
Tactic call lazy-regression-quadratic ran for 0. secs (0.u,0.s) (success)
Params: n= 39
Tactic call lazy-regression-quadratic ran for 0.001 secs (0.001u,0.s) (success)
Params: n= 44
Tactic call lazy-regression-quadratic ran for 0.001 secs (0.001u,0.s) (success)
Params: n= 49
Tactic call lazy-regression-quadratic ran for 0.001 secs (0.001u,0.s) (success)
Params: n= 54
Tactic call lazy-regression-quadratic ran for 0.001 secs (0.001u,0.s) (success)
Params: n= 59
Tactic call lazy-regression-quadratic ran for 0.002 secs (0.u,0.002s) (success)
Params: n= 65
Tactic call lazy-regression-quadratic ran for 0.002 secs (0.001u,0.s) (success)
Params: n= 70
Tactic call lazy-regression-quadratic ran for 0.002 secs (0.002u,0.s) (success)
Params: n= 75
Tactic call lazy-regression-quadratic ran for 0.003 secs (0.003u,0.s) (success)
Params: n= 80
Tactic call lazy-regression-quadratic ran for 0.004 secs (0.004u,0.s) (success)
Params: n= 86
Tactic call lazy-regression-quadratic ran for 0.003 secs (0.003u,0.s) (success)
Params: n= 91
Tactic call lazy-regression-quadratic ran for 0.004 secs (0.004u,0.s) (success)
Params: n= 96
Tactic call lazy-regression-quadratic ran for 0.004 secs (0.004u,0.s) (success)
Params: n= 101
Tactic call lazy-regression-quadratic ran for 0.004 secs (0.004u,0.s) (success)
Params: n= 106
Tactic call lazy-regression-quadratic ran for 0.007 secs (0.007u,0.s) (success)
Params: n= 112
Tactic call lazy-regression-quadratic ran for 0.005 secs (0.005u,0.s) (success)
Params: n= 117
Tactic call lazy-regression-quadratic ran for 0.006 secs (0.006u,0.s) (success)
Params: n= 122
Tactic call lazy-regression-quadratic ran for 0.007 secs (0.007u,0.s) (success)
Params: n= 127
Tactic call lazy-regression-quadratic ran for 0.006 secs (0.006u,0.s) (success)
Params: n= 133
Tactic call lazy-regression-quadratic ran for 0.007 secs (0.007u,0.s) (success)
Params: n= 138
Tactic call lazy-regression-quadratic ran for 0.008 secs (0.008u,0.s) (success)
Params: n= 143
Tactic call lazy-regression-quadratic ran for 0.008 secs (0.008u,0.s) (success)
Params: n= 148
Tactic call lazy-regression-quadratic ran for 0.008 secs (0.008u,0.s) (success)
Params: n= 153
Tactic call lazy-regression-quadratic ran for 0.009 secs (0.009u,0.s) (success)
Params: n= 159
Tactic call lazy-regression-quadratic ran for 0.01 secs (0.01u,0.s) (success)
Params: n= 164
Tactic call lazy-regression-quadratic ran for 0.013 secs (0.013u,0.s) (success)
Params: n= 169
Tactic call lazy-regression-quadratic ran for 0.011 secs (0.011u,0.s) (success)
Params: n= 174
Tactic call lazy-regression-quadratic ran for 0.014 secs (0.014u,0.s) (success)
Params: n= 180
Tactic call lazy-regression-quadratic ran for 0.012 secs (0.012u,0.s) (success)
Params: n= 185
Tactic call lazy-regression-quadratic ran for 0.017 secs (0.017u,0.s) (success)
Params: n= 190
Tactic call lazy-regression-quadratic ran for 0.016 secs (0.016u,0.s) (success)
Params: n= 195
Tactic call lazy-regression-quadratic ran for 0.014 secs (0.014u,0.s) (success)
Params: n= 200
Tactic call lazy-regression-quadratic ran for 0.018 secs (0.018u,0.s) (success)
Params: n= 206
Tactic call lazy-regression-quadratic ran for 0.017 secs (0.017u,0.s) (success)
Params: n= 211
Tactic call lazy-regression-quadratic ran for 0.016 secs (0.016u,0.s) (success)
Params: n= 216
Tactic call lazy-regression-quadratic ran for 0.019 secs (0.019u,0.s) (success)
Params: n= 221
Tactic call lazy-regression-quadratic ran for 0.02 secs (0.02u,0.s) (success)
Params: n= 227
Tactic call lazy-regression-quadratic ran for 0.024 secs (0.024u,0.s) (success)
Params: n= 232
Tactic call lazy-regression-quadratic ran for 0.023 secs (0.023u,0.s) (success)
Params: n= 237
Tactic call lazy-regression-quadratic ran for 0.025 secs (0.025u,0.s) (success)
Params: n= 242
Tactic call lazy-regression-quadratic ran for 0.023 secs (0.023u,0.s) (success)
Params: n= 247
Tactic call lazy-regression-quadratic ran for 0.024 secs (0.024u,0.s) (success)
Params: n= 253
Tactic call lazy-regression-quadratic ran for 0.023 secs (0.023u,0.s) (success)
Params: n= 258
Tactic call lazy-regression-quadratic ran for 0.025 secs (0.025u,0.s) (success)
Params: n= 263
Tactic call lazy-regression-quadratic ran for 0.025 secs (0.025u,0.s) (success)
Params: n= 268
Tactic call lazy-regression-quadratic ran for 0.027 secs (0.027u,0.s) (success)
Params: n= 273
Tactic call lazy-regression-quadratic ran for 0.029 secs (0.029u,0.s) (success)
Params: n= 279
Tactic call lazy-regression-quadratic ran for 0.033 secs (0.033u,0.s) (success)
Params: n= 284
Tactic call lazy-regression-quadratic ran for 0.038 secs (0.038u,0.s) (success)
Params: n= 289
Tactic call lazy-regression-quadratic ran for 0.033 secs (0.033u,0.s) (success)
Params: n= 294
Tactic call lazy-regression-quadratic ran for 0.035 secs (0.035u,0.s) (success)
Params: n= 300
Tactic call lazy-regression-quadratic ran for 0.042 secs (0.042u,0.s) (success)
Params: n= 305
Tactic call lazy-regression-quadratic ran for 0.038 secs (0.038u,0.s) (success)
Params: n= 310
Tactic call lazy-regression-quadratic ran for 0.041 secs (0.041u,0.s) (success)
Params: n= 315
Tactic call lazy-regression-quadratic ran for 0.04 secs (0.04u,0.s) (success)
Params: n= 320
Tactic call lazy-regression-quadratic ran for 0.051 secs (0.051u,0.s) (success)
Params: n= 326
Tactic call lazy-regression-quadratic ran for 0.043 secs (0.043u,0.s) (success)
Params: n= 331
Tactic call lazy-regression-quadratic ran for 0.052 secs (0.052u,0.s) (success)
Params: n= 336
Tactic call lazy-regression-quadratic ran for 0.043 secs (0.043u,0.s) (success)
Params: n= 341
Tactic call lazy-regression-quadratic ran for 0.042 secs (0.042u,0.s) (success)
Params: n= 347
Tactic call lazy-regression-quadratic ran for 0.05 secs (0.05u,0.s) (success)
Params: n= 352
Tactic call lazy-regression-quadratic ran for 0.048 secs (0.048u,0.s) (success)
Params: n= 357
Tactic call lazy-regression-quadratic ran for 0.057 secs (0.057u,0.s) (success)
Params: n= 362
Tactic call lazy-regression-quadratic ran for 0.059 secs (0.059u,0.s) (success)
Params: n= 367
Tactic call lazy-regression-quadratic ran for 0.056 secs (0.056u,0.s) (success)
Params: n= 373
Tactic call lazy-regression-quadratic ran for 0.059 secs (0.059u,0.s) (success)
Params: n= 378
Tactic call lazy-regression-quadratic ran for 0.059 secs (0.059u,0.s) (success)
Params: n= 383
Tactic call lazy-regression-quadratic ran for 0.065 secs (0.065u,0.s) (success)
Params: n= 388
Tactic call lazy-regression-quadratic ran for 0.072 secs (0.069u,0.003s) (success)
Params: n= 394
Tactic call lazy-regression-quadratic ran for 0.065 secs (0.065u,0.s) (success)
Params: n= 399
Tactic call lazy-regression-quadratic ran for 0.065 secs (0.065u,0.s) (success)
Params: n= 404
Tactic call lazy-regression-quadratic ran for 0.086 secs (0.086u,0.s) (success)
Params: n= 409
Tactic call lazy-regression-quadratic ran for 0.087 secs (0.087u,0.s) (success)
Params: n= 414
Tactic call lazy-regression-quadratic ran for 0.082 secs (0.082u,0.s) (success)
Params: n= 420
Tactic call lazy-regression-quadratic ran for 0.066 secs (0.065u,0.s) (success)
Params: n= 425
Tactic call lazy-regression-quadratic ran for 0.081 secs (0.081u,0.s) (success)
Params: n= 430
Tactic call lazy-regression-quadratic ran for 0.082 secs (0.078u,0.004s) (success)
Params: n= 435
Tactic call lazy-regression-quadratic ran for 0.078 secs (0.078u,0.s) (success)
Params: n= 441
Tactic call lazy-regression-quadratic ran for 0.07 secs (0.07u,0.s) (success)
Params: n= 446
Tactic call lazy-regression-quadratic ran for 0.081 secs (0.081u,0.s) (success)
Params: n= 451
Tactic call lazy-regression-quadratic ran for 0.085 secs (0.085u,0.s) (success)
Params: n= 469
Tactic call lazy-regression-quadratic ran for 0.093 secs (0.093u,0.s) (success)
Params: n= 487
Tactic call lazy-regression-quadratic ran for 0.101 secs (0.101u,0.s) (success)
Params: n= 505
Tactic call lazy-regression-quadratic ran for 0.109 secs (0.109u,0.s) (success)
Params: n= 523
Tactic call lazy-regression-quadratic ran for 0.123 secs (0.123u,0.s) (success)
Params: n= 541
Tactic call lazy-regression-quadratic ran for 0.131 secs (0.131u,0.s) (success)
Params: n= 559
Tactic call lazy-regression-quadratic ran for 0.155 secs (0.155u,0.s) (success)
Params: n= 577
Tactic call lazy-regression-quadratic ran for 0.162 secs (0.162u,0.s) (success)
Params: n= 595
Tactic call lazy-regression-quadratic ran for 0.161 secs (0.161u,0.s) (success)
Params: n= 613
Tactic call lazy-regression-quadratic ran for 0.153 secs (0.153u,0.s) (success)
Params: n= 631
Tactic call lazy-regression-quadratic ran for 0.181 secs (0.178u,0.003s) (success)
Params: n= 649
Tactic call lazy-regression-quadratic ran for 0.183 secs (0.183u,0.s) (success)
Params: n= 667
Tactic call lazy-regression-quadratic ran for 0.213 secs (0.213u,0.s) (success)
Params: n= 685
Tactic call lazy-regression-quadratic ran for 0.26 secs (0.26u,0.s) (success)
Params: n= 703
Tactic call lazy-regression-quadratic ran for 0.216 secs (0.216u,0.s) (success)
Params: n= 721
Tactic call lazy-regression-quadratic ran for 0.24 secs (0.24u,0.s) (success)
Params: n= 739
Tactic call lazy-regression-quadratic ran for 0.237 secs (0.237u,0.s) (success)
Params: n= 757
Tactic call lazy-regression-quadratic ran for 0.309 secs (0.309u,0.s) (success)
Params: n= 775
Tactic call lazy-regression-quadratic ran for 0.254 secs (0.254u,0.s) (success)
Params: n= 793
Tactic call lazy-regression-quadratic ran for 0.285 secs (0.281u,0.003s) (success)
Params: n= 811
Tactic call lazy-regression-quadratic ran for 0.309 secs (0.309u,0.s) (success)
Params: n= 829
Tactic call lazy-regression-quadratic ran for 0.346 secs (0.346u,0.s) (success)
Params: n= 847
Tactic call lazy-regression-quadratic ran for 0.324 secs (0.324u,0.s) (success)
Params: n= 865
Tactic call lazy-regression-quadratic ran for 0.335 secs (0.335u,0.s) (success)
Params: n= 883
Tactic call lazy-regression-quadratic ran for 0.399 secs (0.399u,0.s) (success)
Params: n= 901
Tactic call lazy-regression-quadratic ran for 0.383 secs (0.383u,0.s) (success)
Params: n= 991
Tactic call lazy-regression-quadratic ran for 0.494 secs (0.493u,0.s) (success)
Params: n= 1081
Tactic call lazy-regression-quadratic ran for 0.532 secs (0.532u,0.s) (success)
Params: n= 1171
Tactic call lazy-regression-quadratic ran for 0.646 secs (0.646u,0.s) (success)
Params: n= 1261
Tactic call lazy-regression-quadratic ran for 0.764 secs (0.76u,0.003s) (success)
Params: n= 1351
Tactic call lazy-regression-quadratic ran for 0.83 secs (0.83u,0.s) (success)
Params: n= 1441
Tactic call lazy-regression-quadratic ran for 1.013 secs (1.013u,0.s) (success)
Params: n= 1531
Tactic call lazy-regression-quadratic ran for 1.166 secs (1.166u,0.s) (success)
Params: n= 1621
Tactic call lazy-regression-quadratic ran for 1.246 secs (1.242u,0.003s) (success)
Params: n= 1711
Tactic call lazy-regression-quadratic ran for 1.38 secs (1.368u,0.012s) (success)
Params: n= 1801
Tactic call lazy-regression-quadratic ran for 1.498 secs (1.498u,0.s) (success)
Params: n= 2161
Tactic call lazy-regression-quadratic ran for 2.361 secs (2.361u,0.s) (success)
Params: n= 2521
Tactic call lazy-regression-quadratic ran for 3.032 secs (3.032u,0.s) (success)
Params: n= 2881
Tactic call lazy-regression-quadratic ran for 4.316 secs (4.291u,0.023s) (success)
Params: n= 3241
Tactic call lazy-regression-quadratic ran for 4.828 secs (4.815u,0.012s) (success)
Params: n= 3601
Tactic call lazy-regression-quadratic ran for 6.789 secs (6.752u,0.035s) (success)
