Params: n= 10
Tactic call repeat-setoid_rewrite-regression-cubic ran for 0.011 secs (0.011u,0.s) (success)
Tactic call noop-repeat-setoid_rewrite-regression-cubic ran for 0.002 secs (0.002u,0.s) (success)
Params: n= 20
Tactic call repeat-setoid_rewrite-regression-cubic ran for 0.064 secs (0.057u,0.007s) (success)
Tactic call noop-repeat-setoid_rewrite-regression-cubic ran for 0.004 secs (0.004u,0.s) (success)
Params: n= 30
Tactic call repeat-setoid_rewrite-regression-cubic ran for 0.036 secs (0.035u,0.s) (success)
Tactic call noop-repeat-setoid_rewrite-regression-cubic ran for 0.008 secs (0.008u,0.s) (success)
Params: n= 40
Tactic call repeat-setoid_rewrite-regression-cubic ran for 0.055 secs (0.055u,0.s) (success)
Tactic call noop-repeat-setoid_rewrite-regression-cubic ran for 0.012 secs (0.012u,0.s) (success)
Params: n= 60
Tactic call repeat-setoid_rewrite-regression-cubic ran for 0.116 secs (0.115u,0.s) (success)
Tactic call noop-repeat-setoid_rewrite-regression-cubic ran for 0.03 secs (0.03u,0.s) (success)
Params: n= 70
Tactic call repeat-setoid_rewrite-regression-cubic ran for 0.168 secs (0.168u,0.s) (success)
Tactic call noop-repeat-setoid_rewrite-regression-cubic ran for 0.029 secs (0.028u,0.s) (success)
Params: n= 80
Tactic call repeat-setoid_rewrite-regression-cubic ran for 0.211 secs (0.211u,0.s) (success)
Tactic call noop-repeat-setoid_rewrite-regression-cubic ran for 0.038 secs (0.038u,0.s) (success)
Params: n= 90
Tactic call repeat-setoid_rewrite-regression-cubic ran for 0.267 secs (0.263u,0.003s) (success)
Tactic call noop-repeat-setoid_rewrite-regression-cubic ran for 0.045 secs (0.045u,0.s) (success)
Params: n= 110
Tactic call repeat-setoid_rewrite-regression-cubic ran for 0.395 secs (0.391u,0.003s) (success)
Tactic call noop-repeat-setoid_rewrite-regression-cubic ran for 0.063 secs (0.063u,0.s) (success)
Params: n= 120
Tactic call repeat-setoid_rewrite-regression-cubic ran for 0.454 secs (0.454u,0.s) (success)
Tactic call noop-repeat-setoid_rewrite-regression-cubic ran for 0.075 secs (0.075u,0.s) (success)
Params: n= 130
Tactic call repeat-setoid_rewrite-regression-cubic ran for 0.533 secs (0.529u,0.003s) (success)
Tactic call noop-repeat-setoid_rewrite-regression-cubic ran for 0.087 secs (0.087u,0.s) (success)
Params: n= 140
Tactic call repeat-setoid_rewrite-regression-cubic ran for 0.631 secs (0.631u,0.s) (success)
Tactic call noop-repeat-setoid_rewrite-regression-cubic ran for 0.101 secs (0.101u,0.s) (success)
Params: n= 160
Tactic call repeat-setoid_rewrite-regression-cubic ran for 0.862 secs (0.862u,0.s) (success)
Tactic call noop-repeat-setoid_rewrite-regression-cubic ran for 0.13 secs (0.13u,0.s) (success)
Params: n= 170
Tactic call repeat-setoid_rewrite-regression-cubic ran for 0.95 secs (0.942u,0.008s) (success)
Tactic call noop-repeat-setoid_rewrite-regression-cubic ran for 0.147 secs (0.147u,0.s) (success)
Params: n= 180
Tactic call repeat-setoid_rewrite-regression-cubic ran for 1.08 secs (1.079u,0.s) (success)
Tactic call noop-repeat-setoid_rewrite-regression-cubic ran for 0.165 secs (0.165u,0.s) (success)
Params: n= 190
Tactic call repeat-setoid_rewrite-regression-cubic ran for 1.244 secs (1.244u,0.s) (success)
Tactic call noop-repeat-setoid_rewrite-regression-cubic ran for 0.182 secs (0.178u,0.003s) (success)
Params: n= 210
Tactic call repeat-setoid_rewrite-regression-cubic ran for 1.458 secs (1.457u,0.s) (success)
Tactic call noop-repeat-setoid_rewrite-regression-cubic ran for 0.225 secs (0.225u,0.s) (success)
Params: n= 220
Tactic call repeat-setoid_rewrite-regression-cubic ran for 1.723 secs (1.723u,0.s) (success)
Tactic call noop-repeat-setoid_rewrite-regression-cubic ran for 0.246 secs (0.246u,0.s) (success)
Params: n= 230
Tactic call repeat-setoid_rewrite-regression-cubic ran for 1.88 secs (1.876u,0.004s) (success)
Tactic call noop-repeat-setoid_rewrite-regression-cubic ran for 0.266 secs (0.266u,0.s) (success)
Params: n= 240
Tactic call repeat-setoid_rewrite-regression-cubic ran for 2.075 secs (2.075u,0.s) (success)
Tactic call noop-repeat-setoid_rewrite-regression-cubic ran for 0.299 secs (0.299u,0.s) (success)
Params: n= 250
Tactic call repeat-setoid_rewrite-regression-cubic ran for 2.237 secs (2.237u,0.s) (success)
Tactic call noop-repeat-setoid_rewrite-regression-cubic ran for 0.318 secs (0.318u,0.s) (success)
Params: n= 300
Tactic call repeat-setoid_rewrite-regression-cubic ran for 3.44 secs (3.439u,0.s) (success)
Tactic call noop-repeat-setoid_rewrite-regression-cubic ran for 0.474 secs (0.474u,0.s) (success)
Params: n= 400
Tactic call repeat-setoid_rewrite-regression-cubic ran for 6.935 secs (6.934u,0.s) (success)
Tactic call noop-repeat-setoid_rewrite-regression-cubic ran for 0.873 secs (0.873u,0.s) (success)
