Params: n= 50
Tactic call refine-regression-quadratic-regression-linear ran for 0. secs (0.u,0.s) (success)
Tactic call pose-build-and-refine-regression-cubic ran for 0.007 secs (0.007u,0.s) (success)
Tactic call fast_rewrite-regression-cubic ran for 0.007 secs (0.007u,0.s) (success)
Params: n= 100
Tactic call refine-regression-quadratic-regression-linear ran for 0. secs (0.u,0.s) (success)
Tactic call pose-build-and-refine-regression-cubic ran for 0.058 secs (0.055u,0.003s) (success)
Tactic call fast_rewrite-regression-cubic ran for 0.058 secs (0.055u,0.003s) (success)
Params: n= 150
Tactic call refine-regression-quadratic-regression-linear ran for 0.001 secs (0.u,0.s) (success)
Tactic call pose-build-and-refine-regression-cubic ran for 0.049 secs (0.049u,0.s) (success)
Tactic call fast_rewrite-regression-cubic ran for 0.049 secs (0.049u,0.s) (success)
Params: n= 200
Tactic call refine-regression-quadratic-regression-linear ran for 0.001 secs (0.001u,0.s) (success)
Tactic call pose-build-and-refine-regression-cubic ran for 0.11 secs (0.11u,0.s) (success)
Tactic call fast_rewrite-regression-cubic ran for 0.11 secs (0.11u,0.s) (success)
Params: n= 250
Tactic call refine-regression-quadratic-regression-linear ran for 0.001 secs (0.001u,0.s) (success)
Tactic call pose-build-and-refine-regression-cubic ran for 0.166 secs (0.166u,0.s) (success)
Tactic call fast_rewrite-regression-cubic ran for 0.166 secs (0.166u,0.s) (success)
Params: n= 300
Tactic call refine-regression-quadratic-regression-linear ran for 0.002 secs (0.002u,0.s) (success)
Tactic call pose-build-and-refine-regression-cubic ran for 0.212 secs (0.212u,0.s) (success)
Tactic call fast_rewrite-regression-cubic ran for 0.212 secs (0.212u,0.s) (success)
Params: n= 350
Tactic call refine-regression-quadratic-regression-linear ran for 0.002 secs (0.002u,0.s) (success)
Tactic call pose-build-and-refine-regression-cubic ran for 0.255 secs (0.253u,0.002s) (success)
Tactic call fast_rewrite-regression-cubic ran for 0.255 secs (0.253u,0.002s) (success)
Params: n= 400
Tactic call refine-regression-quadratic-regression-linear ran for 0.002 secs (0.002u,0.s) (success)
Tactic call pose-build-and-refine-regression-cubic ran for 0.406 secs (0.397u,0.008s) (success)
Tactic call fast_rewrite-regression-cubic ran for 0.406 secs (0.397u,0.008s) (success)
