Params: n= 1
native_compute: Conversion to native code done in 0.00002
native_compute: Compilation done in 0.05511
native_compute: Evaluation done in 0.00023
native_compute: Reification done in 0.00003
Tactic call identity native_compute on PHOAS with big_flat ran for 0.13 secs (0.053u,0.021s) (success)
Params: n= 2
native_compute: Conversion to native code done in 0.00001
native_compute: Compilation done in 0.05541
native_compute: Evaluation done in 0.00023
native_compute: Reification done in 0.00003
Tactic call identity native_compute on PHOAS with big_flat ran for 0.055 secs (0.u,0.s) (success)
Params: n= 3
native_compute: Conversion to native code done in 0.00001
native_compute: Compilation done in 0.05543
native_compute: Evaluation done in 0.00024
native_compute: Reification done in 0.00003
Tactic call identity native_compute on PHOAS with big_flat ran for 0.055 secs (0.u,0.s) (success)
Params: n= 4
native_compute: Conversion to native code done in 0.00004
native_compute: Compilation done in 0.05621
native_compute: Evaluation done in 0.00024
native_compute: Reification done in 0.00004
Tactic call identity native_compute on PHOAS with big_flat ran for 0.056 secs (0.u,0.s) (success)
