Params: n= 5
native_compute: Conversion to native code done in 0.00003
native_compute: Compilation done in 0.05612
native_compute: Evaluation done in 0.00023
native_compute: Reification done in 0.00005
Tactic call identity native_compute on PHOAS with big_flat ran for 0.132 secs (0.056u,0.02s) (success)
Params: n= 6
native_compute: Conversion to native code done in 0.00002
native_compute: Compilation done in 0.05575
native_compute: Evaluation done in 0.00023
native_compute: Reification done in 0.00005
Tactic call identity native_compute on PHOAS with big_flat ran for 0.056 secs (0.u,0.s) (success)
Params: n= 7
native_compute: Conversion to native code done in 0.00002
native_compute: Compilation done in 0.05526
native_compute: Evaluation done in 0.00023
native_compute: Reification done in 0.00005
Tactic call identity native_compute on PHOAS with big_flat ran for 0.055 secs (0.u,0.s) (success)
Params: n= 8
native_compute: Conversion to native code done in 0.00002
native_compute: Compilation done in 0.05541
native_compute: Evaluation done in 0.00024
native_compute: Reification done in 0.00005
Tactic call identity native_compute on PHOAS with big_flat ran for 0.055 secs (0.u,0.s) (success)
Params: n= 9
native_compute: Conversion to native code done in 0.00002
native_compute: Compilation done in 0.05684
native_compute: Evaluation done in 0.00024
native_compute: Reification done in 0.00005
Tactic call identity native_compute on PHOAS with big_flat ran for 0.057 secs (0.u,0.s) (success)
Params: n= 10
native_compute: Conversion to native code done in 0.00002
native_compute: Compilation done in 0.05780
native_compute: Evaluation done in 0.00026
native_compute: Reification done in 0.00006
Tactic call identity native_compute on PHOAS with big_flat ran for 0.058 secs (0.u,0.s) (success)
Params: n= 11
native_compute: Conversion to native code done in 0.00002
native_compute: Compilation done in 0.05610
native_compute: Evaluation done in 0.00023
native_compute: Reification done in 0.00006
Tactic call identity native_compute on PHOAS with big_flat ran for 0.056 secs (0.u,0.s) (success)
Params: n= 12
native_compute: Conversion to native code done in 0.00002
native_compute: Compilation done in 0.05714
native_compute: Evaluation done in 0.00024
native_compute: Reification done in 0.00006
Tactic call identity native_compute on PHOAS with big_flat ran for 0.057 secs (0.u,0.s) (success)
Params: n= 13
native_compute: Conversion to native code done in 0.00002
native_compute: Compilation done in 0.05604
native_compute: Evaluation done in 0.00023
native_compute: Reification done in 0.00006
Tactic call identity native_compute on PHOAS with big_flat ran for 0.056 secs (0.u,0.001s) (success)
Params: n= 14
native_compute: Conversion to native code done in 0.00003
native_compute: Compilation done in 0.05667
native_compute: Evaluation done in 0.00024
native_compute: Reification done in 0.00007
Tactic call identity native_compute on PHOAS with big_flat ran for 0.057 secs (0.u,0.s) (success)
Params: n= 15
native_compute: Conversion to native code done in 0.00003
native_compute: Compilation done in 0.05653
native_compute: Evaluation done in 0.00025
native_compute: Reification done in 0.00007
Tactic call identity native_compute on PHOAS with big_flat ran for 0.057 secs (0.u,0.s) (success)
Params: n= 16
native_compute: Conversion to native code done in 0.00003
native_compute: Compilation done in 0.05653
native_compute: Evaluation done in 0.00026
native_compute: Reification done in 0.00007
Tactic call identity native_compute on PHOAS with big_flat ran for 0.057 secs (0.u,0.s) (success)
Params: n= 17
native_compute: Conversion to native code done in 0.00003
native_compute: Compilation done in 0.05604
native_compute: Evaluation done in 0.00023
native_compute: Reification done in 0.00007
Tactic call identity native_compute on PHOAS with big_flat ran for 0.056 secs (0.u,0.s) (success)
Params: n= 18
native_compute: Conversion to native code done in 0.00003
native_compute: Compilation done in 0.05658
native_compute: Evaluation done in 0.00023
native_compute: Reification done in 0.00008
Tactic call identity native_compute on PHOAS with big_flat ran for 0.057 secs (0.u,0.s) (success)
Params: n= 19
native_compute: Conversion to native code done in 0.00003
native_compute: Compilation done in 0.05645
native_compute: Evaluation done in 0.00032
native_compute: Reification done in 0.00008
Tactic call identity native_compute on PHOAS with big_flat ran for 0.057 secs (0.u,0.s) (success)
Params: n= 20
native_compute: Conversion to native code done in 0.00003
native_compute: Compilation done in 0.05597
native_compute: Evaluation done in 0.00024
native_compute: Reification done in 0.00008
Tactic call identity native_compute on PHOAS with big_flat ran for 0.056 secs (0.u,0.s) (success)
Params: n= 21
native_compute: Conversion to native code done in 0.00003
native_compute: Compilation done in 0.05625
native_compute: Evaluation done in 0.00024
native_compute: Reification done in 0.00008
Tactic call identity native_compute on PHOAS with big_flat ran for 0.056 secs (0.u,0.s) (success)
Params: n= 22
native_compute: Conversion to native code done in 0.00003
native_compute: Compilation done in 0.05771
native_compute: Evaluation done in 0.00023
native_compute: Reification done in 0.00025
Tactic call identity native_compute on PHOAS with big_flat ran for 0.058 secs (0.u,0.s) (success)
Params: n= 23
native_compute: Conversion to native code done in 0.00003
native_compute: Compilation done in 0.05571
native_compute: Evaluation done in 0.00023
native_compute: Reification done in 0.00009
Tactic call identity native_compute on PHOAS with big_flat ran for 0.056 secs (0.u,0.s) (success)
Params: n= 24
native_compute: Conversion to native code done in 0.00003
native_compute: Compilation done in 0.05710
native_compute: Evaluation done in 0.00023
native_compute: Reification done in 0.00011
Tactic call identity native_compute on PHOAS with big_flat ran for 0.057 secs (0.u,0.s) (success)
Params: n= 25
native_compute: Conversion to native code done in 0.00003
native_compute: Compilation done in 0.05510
native_compute: Evaluation done in 0.00023
native_compute: Reification done in 0.00011
Tactic call identity native_compute on PHOAS with big_flat ran for 0.055 secs (0.u,0.s) (success)
Params: n= 26
native_compute: Conversion to native code done in 0.00003
native_compute: Compilation done in 0.05700
native_compute: Evaluation done in 0.00025
native_compute: Reification done in 0.00010
Tactic call identity native_compute on PHOAS with big_flat ran for 0.057 secs (0.u,0.s) (success)
Params: n= 27
native_compute: Conversion to native code done in 0.00004
native_compute: Compilation done in 0.05667
native_compute: Evaluation done in 0.00023
native_compute: Reification done in 0.00010
Tactic call identity native_compute on PHOAS with big_flat ran for 0.057 secs (0.001u,0.s) (success)
Params: n= 28
native_compute: Conversion to native code done in 0.00004
native_compute: Compilation done in 0.05633
native_compute: Evaluation done in 0.00025
native_compute: Reification done in 0.00010
Tactic call identity native_compute on PHOAS with big_flat ran for 0.056 secs (0.u,0.s) (success)
Params: n= 29
native_compute: Conversion to native code done in 0.00004
native_compute: Compilation done in 0.05653
native_compute: Evaluation done in 0.00023
native_compute: Reification done in 0.00010
Tactic call identity native_compute on PHOAS with big_flat ran for 0.057 secs (0.u,0.s) (success)
Params: n= 30
native_compute: Conversion to native code done in 0.00004
native_compute: Compilation done in 0.05612
native_compute: Evaluation done in 0.00039
native_compute: Reification done in 0.00010
Tactic call identity native_compute on PHOAS with big_flat ran for 0.056 secs (0.001u,0.s) (success)
Params: n= 31
native_compute: Conversion to native code done in 0.00004
native_compute: Compilation done in 0.05598
native_compute: Evaluation done in 0.00023
native_compute: Reification done in 0.00011
Tactic call identity native_compute on PHOAS with big_flat ran for 0.056 secs (0.u,0.s) (success)
Params: n= 32
native_compute: Conversion to native code done in 0.00004
native_compute: Compilation done in 0.05640
native_compute: Evaluation done in 0.00023
native_compute: Reification done in 0.00011
Tactic call identity native_compute on PHOAS with big_flat ran for 0.056 secs (0.u,0.s) (success)
Params: n= 33
native_compute: Conversion to native code done in 0.00004
native_compute: Compilation done in 0.05760
native_compute: Evaluation done in 0.00025
native_compute: Reification done in 0.00011
Tactic call identity native_compute on PHOAS with big_flat ran for 0.058 secs (0.001u,0.s) (success)
Params: n= 34
native_compute: Conversion to native code done in 0.00004
native_compute: Compilation done in 0.05628
native_compute: Evaluation done in 0.00024
native_compute: Reification done in 0.00012
Tactic call identity native_compute on PHOAS with big_flat ran for 0.056 secs (0.u,0.s) (success)
Params: n= 35
native_compute: Conversion to native code done in 0.00004
native_compute: Compilation done in 0.05650
native_compute: Evaluation done in 0.00023
native_compute: Reification done in 0.00011
Tactic call identity native_compute on PHOAS with big_flat ran for 0.057 secs (0.u,0.s) (success)
Params: n= 36
native_compute: Conversion to native code done in 0.00004
native_compute: Compilation done in 0.05642
native_compute: Evaluation done in 0.00026
native_compute: Reification done in 0.00012
Tactic call identity native_compute on PHOAS with big_flat ran for 0.056 secs (0.u,0.s) (success)
Params: n= 37
native_compute: Conversion to native code done in 0.00005
native_compute: Compilation done in 0.05713
native_compute: Evaluation done in 0.00024
native_compute: Reification done in 0.00012
Tactic call identity native_compute on PHOAS with big_flat ran for 0.057 secs (0.001u,0.s) (success)
Params: n= 38
native_compute: Conversion to native code done in 0.00005
native_compute: Compilation done in 0.05603
native_compute: Evaluation done in 0.00025
native_compute: Reification done in 0.00012
Tactic call identity native_compute on PHOAS with big_flat ran for 0.056 secs (0.u,0.s) (success)
Params: n= 39
native_compute: Conversion to native code done in 0.00005
native_compute: Compilation done in 0.05652
native_compute: Evaluation done in 0.00025
native_compute: Reification done in 0.00012
Tactic call identity native_compute on PHOAS with big_flat ran for 0.057 secs (0.u,0.s) (success)
Params: n= 40
native_compute: Conversion to native code done in 0.00005
native_compute: Compilation done in 0.05642
native_compute: Evaluation done in 0.00024
native_compute: Reification done in 0.00013
Tactic call identity native_compute on PHOAS with big_flat ran for 0.057 secs (0.u,0.s) (success)
Params: n= 41
native_compute: Conversion to native code done in 0.00005
native_compute: Compilation done in 0.05725
native_compute: Evaluation done in 0.00024
native_compute: Reification done in 0.00013
Tactic call identity native_compute on PHOAS with big_flat ran for 0.057 secs (0.u,0.s) (success)
Params: n= 42
native_compute: Conversion to native code done in 0.00005
native_compute: Compilation done in 0.05614
native_compute: Evaluation done in 0.00024
native_compute: Reification done in 0.00028
Tactic call identity native_compute on PHOAS with big_flat ran for 0.056 secs (0.001u,0.s) (success)
Params: n= 43
native_compute: Conversion to native code done in 0.00005
native_compute: Compilation done in 0.05682
native_compute: Evaluation done in 0.00024
native_compute: Reification done in 0.00013
Tactic call identity native_compute on PHOAS with big_flat ran for 0.057 secs (0.u,0.s) (success)
Params: n= 44
native_compute: Conversion to native code done in 0.00005
native_compute: Compilation done in 0.05676
native_compute: Evaluation done in 0.00024
native_compute: Reification done in 0.00014
Tactic call identity native_compute on PHOAS with big_flat ran for 0.057 secs (0.u,0.s) (success)
Params: n= 45
native_compute: Conversion to native code done in 0.00005
native_compute: Compilation done in 0.05797
native_compute: Evaluation done in 0.00025
native_compute: Reification done in 0.00014
Tactic call identity native_compute on PHOAS with big_flat ran for 0.058 secs (0.u,0.s) (success)
Params: n= 46
native_compute: Conversion to native code done in 0.00005
native_compute: Compilation done in 0.05642
native_compute: Evaluation done in 0.00028
native_compute: Reification done in 0.00014
Tactic call identity native_compute on PHOAS with big_flat ran for 0.057 secs (0.u,0.s) (success)
Params: n= 47
native_compute: Conversion to native code done in 0.00005
native_compute: Compilation done in 0.05699
native_compute: Evaluation done in 0.00024
native_compute: Reification done in 0.00014
Tactic call identity native_compute on PHOAS with big_flat ran for 0.057 secs (0.u,0.s) (success)
Params: n= 48
native_compute: Conversion to native code done in 0.00021
native_compute: Compilation done in 0.05616
native_compute: Evaluation done in 0.00024
native_compute: Reification done in 0.00015
Tactic call identity native_compute on PHOAS with big_flat ran for 0.056 secs (0.u,0.s) (success)
Params: n= 49
native_compute: Conversion to native code done in 0.00006
native_compute: Compilation done in 0.05618
native_compute: Evaluation done in 0.00026
native_compute: Reification done in 0.00032
Tactic call identity native_compute on PHOAS with big_flat ran for 0.056 secs (0.001u,0.s) (success)
Params: n= 50
native_compute: Conversion to native code done in 0.00006
native_compute: Compilation done in 0.05697
native_compute: Evaluation done in 0.00024
native_compute: Reification done in 0.00031
Tactic call identity native_compute on PHOAS with big_flat ran for 0.057 secs (0.001u,0.s) (success)
