Params: n= 50
Tactic call ssr-rewrite!-regression-quadratic ran for 0.022 secs (0.013u,0.008s) (success)
Tactic call ssr-rewrite?-noop-regression-linear ran for 0. secs (0.u,0.s) (success)
Tactic call abstract-regression-quadratic ran for 0.035 secs (0.026u,0.009s) (success)
Tactic call close-abstract-regression-quadratic ran for 0.012 secs (0.012u,0.s)
Params: n= 100
Tactic call ssr-rewrite!-regression-quadratic ran for 0.106 secs (0.098u,0.007s) (success)
Tactic call ssr-rewrite?-noop-regression-linear ran for 0. secs (0.u,0.s) (success)
Tactic call abstract-regression-quadratic ran for 0.146 secs (0.138u,0.007s) (success)
Tactic call close-abstract-regression-quadratic ran for 0.039 secs (0.039u,0.s)
Params: n= 150
Tactic call ssr-rewrite!-regression-quadratic ran for 0.157 secs (0.154u,0.003s) (success)
Tactic call ssr-rewrite?-noop-regression-linear ran for 0. secs (0.u,0.s) (success)
Tactic call abstract-regression-quadratic ran for 0.255 secs (0.251u,0.003s) (success)
Tactic call close-abstract-regression-quadratic ran for 0.097 secs (0.097u,0.s)
Params: n= 200
Tactic call ssr-rewrite!-regression-quadratic ran for 0.288 secs (0.288u,0.s) (success)
Tactic call ssr-rewrite?-noop-regression-linear ran for 0. secs (0.u,0.s) (success)
Tactic call abstract-regression-quadratic ran for 0.458 secs (0.458u,0.s) (success)
Tactic call close-abstract-regression-quadratic ran for 0.169 secs (0.169u,0.s)
Params: n= 250
Tactic call ssr-rewrite!-regression-quadratic ran for 0.403 secs (0.403u,0.s) (success)
Tactic call ssr-rewrite?-noop-regression-linear ran for 0. secs (0.u,0.s) (success)
Tactic call abstract-regression-quadratic ran for 0.626 secs (0.622u,0.003s) (success)
Tactic call close-abstract-regression-quadratic ran for 0.222 secs (0.218u,0.003s)
Params: n= 300
Tactic call ssr-rewrite!-regression-quadratic ran for 0.622 secs (0.618u,0.003s) (success)
Tactic call ssr-rewrite?-noop-regression-linear ran for 0. secs (0.u,0.s) (success)
Tactic call abstract-regression-quadratic ran for 0.993 secs (0.989u,0.003s) (success)
Tactic call close-abstract-regression-quadratic ran for 0.37 secs (0.37u,0.s)
Params: n= 350
Tactic call ssr-rewrite!-regression-quadratic ran for 0.784 secs (0.78u,0.003s) (success)
Tactic call ssr-rewrite?-noop-regression-linear ran for 0. secs (0.u,0.s) (success)
Tactic call abstract-regression-quadratic ran for 1.233 secs (1.229u,0.003s) (success)
Tactic call close-abstract-regression-quadratic ran for 0.448 secs (0.448u,0.s)
Params: n= 400
Tactic call ssr-rewrite!-regression-quadratic ran for 1.089 secs (1.077u,0.011s) (success)
Tactic call ssr-rewrite?-noop-regression-linear ran for 0. secs (0.u,0.s) (success)
Tactic call abstract-regression-quadratic ran for 1.667 secs (1.651u,0.015s) (success)
Tactic call close-abstract-regression-quadratic ran for 0.576 secs (0.572u,0.004s)
