Params: n= 50
Tactic call refine-regression-quadratic-regression-linear ran for 0. secs (0.u,0.s) (success)
Tactic call pose-build-and-refine-regression-cubic ran for 0.007 secs (0.007u,0.s) (success)
Tactic call fast_rewrite-regression-cubic ran for 0.007 secs (0.007u,0.s) (success)
Params: n= 100
Tactic call refine-regression-quadratic-regression-linear ran for 0.001 secs (0.u,0.s) (success)
Tactic call pose-build-and-refine-regression-cubic ran for 0.029 secs (0.021u,0.008s) (success)
Tactic call fast_rewrite-regression-cubic ran for 0.029 secs (0.021u,0.008s) (success)
Params: n= 150
Tactic call refine-regression-quadratic-regression-linear ran for 0.001 secs (0.001u,0.s) (success)
Tactic call pose-build-and-refine-regression-cubic ran for 0.025 secs (0.025u,0.s) (success)
Tactic call fast_rewrite-regression-cubic ran for 0.025 secs (0.025u,0.s) (success)
Params: n= 200
Tactic call refine-regression-quadratic-regression-linear ran for 0.002 secs (0.002u,0.s) (success)
Tactic call pose-build-and-refine-regression-cubic ran for 0.123 secs (0.123u,0.s) (success)
Tactic call fast_rewrite-regression-cubic ran for 0.123 secs (0.123u,0.s) (success)
Params: n= 250
Tactic call refine-regression-quadratic-regression-linear ran for 0.003 secs (0.003u,0.s) (success)
Tactic call pose-build-and-refine-regression-cubic ran for 0.051 secs (0.051u,0.s) (success)
Tactic call fast_rewrite-regression-cubic ran for 0.051 secs (0.051u,0.s) (success)
Params: n= 300
Tactic call refine-regression-quadratic-regression-linear ran for 0.003 secs (0.003u,0.s) (success)
Tactic call pose-build-and-refine-regression-cubic ran for 0.07 secs (0.07u,0.s) (success)
Tactic call fast_rewrite-regression-cubic ran for 0.07 secs (0.07u,0.s) (success)
Params: n= 350
Tactic call refine-regression-quadratic-regression-linear ran for 0.003 secs (0.003u,0.s) (success)
Tactic call pose-build-and-refine-regression-cubic ran for 0.121 secs (0.117u,0.003s) (success)
Tactic call fast_rewrite-regression-cubic ran for 0.121 secs (0.117u,0.003s) (success)
Params: n= 400
Tactic call refine-regression-quadratic-regression-linear ran for 0.004 secs (0.004u,0.s) (success)
Tactic call pose-build-and-refine-regression-cubic ran for 0.106 secs (0.106u,0.s) (success)
Tactic call fast_rewrite-regression-cubic ran for 0.106 secs (0.106u,0.s) (success)
