Params: n= 4
Tactic call ssr-rewrite!-regression-quadratic ran for 0. secs (0.u,0.s) (success)
Tactic call ssr-rewrite?-noop-regression-linear ran for 0. secs (0.u,0.s) (success)
Tactic call abstract-regression-quadratic ran for 0.001 secs (0.u,0.s) (success)
Tactic call close-abstract-regression-quadratic ran for 0. secs (0.u,0.s)
Params: n= 5
Tactic call ssr-rewrite!-regression-quadratic ran for 0. secs (0.u,0.s) (success)
Tactic call ssr-rewrite?-noop-regression-linear ran for 0. secs (0.u,0.s) (success)
Tactic call abstract-regression-quadratic ran for 0.001 secs (0.u,0.s) (success)
Tactic call close-abstract-regression-quadratic ran for 0. secs (0.u,0.s)
Params: n= 6
Tactic call ssr-rewrite!-regression-quadratic ran for 0. secs (0.u,0.s) (success)
Tactic call ssr-rewrite?-noop-regression-linear ran for 0. secs (0.u,0.s) (success)
Tactic call abstract-regression-quadratic ran for 0.001 secs (0.001u,0.s) (success)
Tactic call close-abstract-regression-quadratic ran for 0. secs (0.u,0.s)
Params: n= 7
Tactic call ssr-rewrite!-regression-quadratic ran for 0. secs (0.u,0.s) (success)
Tactic call ssr-rewrite?-noop-regression-linear ran for 0. secs (0.u,0.s) (success)
Tactic call abstract-regression-quadratic ran for 0.001 secs (0.001u,0.s) (success)
Tactic call close-abstract-regression-quadratic ran for 0. secs (0.u,0.s)
Params: n= 8
Tactic call ssr-rewrite!-regression-quadratic ran for 0. secs (0.u,0.s) (success)
Tactic call ssr-rewrite?-noop-regression-linear ran for 0. secs (0.u,0.s) (success)
Tactic call abstract-regression-quadratic ran for 0.001 secs (0.001u,0.s) (success)
Tactic call close-abstract-regression-quadratic ran for 0. secs (0.u,0.s)
Params: n= 9
Tactic call ssr-rewrite!-regression-quadratic ran for 0. secs (0.u,0.s) (success)
Tactic call ssr-rewrite?-noop-regression-linear ran for 0. secs (0.u,0.s) (success)
Tactic call abstract-regression-quadratic ran for 0.001 secs (0.001u,0.s) (success)
Tactic call close-abstract-regression-quadratic ran for 0. secs (0.u,0.s)
Params: n= 10
Tactic call ssr-rewrite!-regression-quadratic ran for 0.001 secs (0.001u,0.s) (success)
Tactic call ssr-rewrite?-noop-regression-linear ran for 0. secs (0.u,0.s) (success)
Tactic call abstract-regression-quadratic ran for 0.002 secs (0.002u,0.s) (success)
Tactic call close-abstract-regression-quadratic ran for 0. secs (0.u,0.s)
Params: n= 11
Tactic call ssr-rewrite!-regression-quadratic ran for 0.001 secs (0.001u,0.s) (success)
Tactic call ssr-rewrite?-noop-regression-linear ran for 0. secs (0.u,0.s) (success)
Tactic call abstract-regression-quadratic ran for 0.002 secs (0.002u,0.s) (success)
Tactic call close-abstract-regression-quadratic ran for 0. secs (0.u,0.s)
Params: n= 12
Tactic call ssr-rewrite!-regression-quadratic ran for 0.001 secs (0.001u,0.s) (success)
Tactic call ssr-rewrite?-noop-regression-linear ran for 0. secs (0.u,0.s) (success)
Tactic call abstract-regression-quadratic ran for 0.002 secs (0.002u,0.s) (success)
Tactic call close-abstract-regression-quadratic ran for 0. secs (0.u,0.s)
Params: n= 13
Tactic call ssr-rewrite!-regression-quadratic ran for 0.001 secs (0.001u,0.s) (success)
Tactic call ssr-rewrite?-noop-regression-linear ran for 0. secs (0.u,0.s) (success)
Tactic call abstract-regression-quadratic ran for 0.003 secs (0.001u,0.001s) (success)
Tactic call close-abstract-regression-quadratic ran for 0.001 secs (0.u,0.001s)
Params: n= 14
Tactic call ssr-rewrite!-regression-quadratic ran for 0.044 secs (0.042u,0.001s) (success)
Tactic call ssr-rewrite?-noop-regression-linear ran for 0. secs (0.u,0.s) (success)
Tactic call abstract-regression-quadratic ran for 0.045 secs (0.043u,0.001s) (success)
Tactic call close-abstract-regression-quadratic ran for 0.001 secs (0.u,0.s)
Params: n= 15
Tactic call ssr-rewrite!-regression-quadratic ran for 0.001 secs (0.001u,0.s) (success)
Tactic call ssr-rewrite?-noop-regression-linear ran for 0. secs (0.u,0.s) (success)
Tactic call abstract-regression-quadratic ran for 0.002 secs (0.002u,0.s) (success)
Tactic call close-abstract-regression-quadratic ran for 0.001 secs (0.001u,0.s)
Params: n= 16
Tactic call ssr-rewrite!-regression-quadratic ran for 0.001 secs (0.001u,0.s) (success)
Tactic call ssr-rewrite?-noop-regression-linear ran for 0. secs (0.u,0.s) (success)
Tactic call abstract-regression-quadratic ran for 0.003 secs (0.003u,0.s) (success)
Tactic call close-abstract-regression-quadratic ran for 0.001 secs (0.001u,0.s)
Params: n= 17
Tactic call ssr-rewrite!-regression-quadratic ran for 0.001 secs (0.001u,0.s) (success)
Tactic call ssr-rewrite?-noop-regression-linear ran for 0. secs (0.u,0.s) (success)
Tactic call abstract-regression-quadratic ran for 0.003 secs (0.003u,0.s) (success)
Tactic call close-abstract-regression-quadratic ran for 0.001 secs (0.001u,0.s)
Params: n= 18
Tactic call ssr-rewrite!-regression-quadratic ran for 0.002 secs (0.002u,0.s) (success)
Tactic call ssr-rewrite?-noop-regression-linear ran for 0. secs (0.u,0.s) (success)
Tactic call abstract-regression-quadratic ran for 0.003 secs (0.003u,0.s) (success)
Tactic call close-abstract-regression-quadratic ran for 0.001 secs (0.001u,0.s)
Params: n= 19
Tactic call ssr-rewrite!-regression-quadratic ran for 0.002 secs (0.002u,0.s) (success)
Tactic call ssr-rewrite?-noop-regression-linear ran for 0. secs (0.u,0.s) (success)
Tactic call abstract-regression-quadratic ran for 0.004 secs (0.004u,0.s) (success)
Tactic call close-abstract-regression-quadratic ran for 0.001 secs (0.001u,0.s)
Params: n= 20
Tactic call ssr-rewrite!-regression-quadratic ran for 0.002 secs (0.002u,0.s) (success)
Tactic call ssr-rewrite?-noop-regression-linear ran for 0. secs (0.u,0.s) (success)
Tactic call abstract-regression-quadratic ran for 0.004 secs (0.004u,0.s) (success)
Tactic call close-abstract-regression-quadratic ran for 0.001 secs (0.001u,0.s)
Params: n= 21
Tactic call ssr-rewrite!-regression-quadratic ran for 0.002 secs (0.002u,0.s) (success)
Tactic call ssr-rewrite?-noop-regression-linear ran for 0. secs (0.u,0.s) (success)
Tactic call abstract-regression-quadratic ran for 0.004 secs (0.004u,0.s) (success)
Tactic call close-abstract-regression-quadratic ran for 0.001 secs (0.001u,0.s)
Params: n= 22
Tactic call ssr-rewrite!-regression-quadratic ran for 0.002 secs (0.002u,0.s) (success)
Tactic call ssr-rewrite?-noop-regression-linear ran for 0. secs (0.u,0.s) (success)
Tactic call abstract-regression-quadratic ran for 0.019 secs (0.019u,0.s) (success)
Tactic call close-abstract-regression-quadratic ran for 0.016 secs (0.016u,0.s)
Params: n= 23
Tactic call ssr-rewrite!-regression-quadratic ran for 0.003 secs (0.003u,0.s) (success)
Tactic call ssr-rewrite?-noop-regression-linear ran for 0. secs (0.u,0.s) (success)
Tactic call abstract-regression-quadratic ran for 0.005 secs (0.005u,0.s) (success)
Tactic call close-abstract-regression-quadratic ran for 0.002 secs (0.002u,0.s)
Params: n= 24
Tactic call ssr-rewrite!-regression-quadratic ran for 0.003 secs (0.003u,0.s) (success)
Tactic call ssr-rewrite?-noop-regression-linear ran for 0. secs (0.u,0.s) (success)
Tactic call abstract-regression-quadratic ran for 0.005 secs (0.005u,0.s) (success)
Tactic call close-abstract-regression-quadratic ran for 0.002 secs (0.002u,0.s)
Params: n= 25
Tactic call ssr-rewrite!-regression-quadratic ran for 0.003 secs (0.003u,0.s) (success)
Tactic call ssr-rewrite?-noop-regression-linear ran for 0. secs (0.u,0.s) (success)
Tactic call abstract-regression-quadratic ran for 0.006 secs (0.006u,0.s) (success)
Tactic call close-abstract-regression-quadratic ran for 0.002 secs (0.002u,0.s)
Params: n= 26
Tactic call ssr-rewrite!-regression-quadratic ran for 0.003 secs (0.003u,0.s) (success)
Tactic call ssr-rewrite?-noop-regression-linear ran for 0. secs (0.u,0.s) (success)
Tactic call abstract-regression-quadratic ran for 0.006 secs (0.006u,0.s) (success)
Tactic call close-abstract-regression-quadratic ran for 0.002 secs (0.002u,0.s)
Params: n= 27
Tactic call ssr-rewrite!-regression-quadratic ran for 0.004 secs (0.004u,0.s) (success)
Tactic call ssr-rewrite?-noop-regression-linear ran for 0. secs (0.u,0.s) (success)
Tactic call abstract-regression-quadratic ran for 0.008 secs (0.008u,0.s) (success)
Tactic call close-abstract-regression-quadratic ran for 0.003 secs (0.003u,0.s)
Params: n= 28
Tactic call ssr-rewrite!-regression-quadratic ran for 0.004 secs (0.004u,0.s) (success)
Tactic call ssr-rewrite?-noop-regression-linear ran for 0. secs (0.u,0.s) (success)
Tactic call abstract-regression-quadratic ran for 0.007 secs (0.007u,0.s) (success)
Tactic call close-abstract-regression-quadratic ran for 0.003 secs (0.003u,0.s)
Params: n= 29
Tactic call ssr-rewrite!-regression-quadratic ran for 0.004 secs (0.004u,0.s) (success)
Tactic call ssr-rewrite?-noop-regression-linear ran for 0. secs (0.u,0.s) (success)
Tactic call abstract-regression-quadratic ran for 0.008 secs (0.008u,0.s) (success)
Tactic call close-abstract-regression-quadratic ran for 0.003 secs (0.003u,0.s)
Params: n= 30
Tactic call ssr-rewrite!-regression-quadratic ran for 0.004 secs (0.004u,0.s) (success)
Tactic call ssr-rewrite?-noop-regression-linear ran for 0. secs (0.u,0.s) (success)
Tactic call abstract-regression-quadratic ran for 0.008 secs (0.008u,0.s) (success)
Tactic call close-abstract-regression-quadratic ran for 0.003 secs (0.003u,0.s)
Params: n= 31
Tactic call ssr-rewrite!-regression-quadratic ran for 0.005 secs (0.005u,0.s) (success)
Tactic call ssr-rewrite?-noop-regression-linear ran for 0. secs (0.u,0.s) (success)
Tactic call abstract-regression-quadratic ran for 0.009 secs (0.009u,0.s) (success)
Tactic call close-abstract-regression-quadratic ran for 0.003 secs (0.003u,0.s)
Params: n= 32
Tactic call ssr-rewrite!-regression-quadratic ran for 0.005 secs (0.005u,0.s) (success)
Tactic call ssr-rewrite?-noop-regression-linear ran for 0. secs (0.u,0.s) (success)
Tactic call abstract-regression-quadratic ran for 0.009 secs (0.009u,0.s) (success)
Tactic call close-abstract-regression-quadratic ran for 0.004 secs (0.004u,0.s)
Params: n= 33
Tactic call ssr-rewrite!-regression-quadratic ran for 0.005 secs (0.005u,0.s) (success)
Tactic call ssr-rewrite?-noop-regression-linear ran for 0. secs (0.u,0.s) (success)
Tactic call abstract-regression-quadratic ran for 0.01 secs (0.01u,0.s) (success)
Tactic call close-abstract-regression-quadratic ran for 0.004 secs (0.004u,0.s)
Params: n= 34
Tactic call ssr-rewrite!-regression-quadratic ran for 0.006 secs (0.006u,0.s) (success)
Tactic call ssr-rewrite?-noop-regression-linear ran for 0. secs (0.u,0.s) (success)
Tactic call abstract-regression-quadratic ran for 0.011 secs (0.011u,0.s) (success)
Tactic call close-abstract-regression-quadratic ran for 0.004 secs (0.004u,0.s)
Params: n= 35
Tactic call ssr-rewrite!-regression-quadratic ran for 0.006 secs (0.006u,0.s) (success)
Tactic call ssr-rewrite?-noop-regression-linear ran for 0. secs (0.u,0.s) (success)
Tactic call abstract-regression-quadratic ran for 0.011 secs (0.011u,0.s) (success)
Tactic call close-abstract-regression-quadratic ran for 0.004 secs (0.004u,0.s)
Params: n= 36
Tactic call ssr-rewrite!-regression-quadratic ran for 0.006 secs (0.006u,0.s) (success)
Tactic call ssr-rewrite?-noop-regression-linear ran for 0. secs (0.u,0.s) (success)
Tactic call abstract-regression-quadratic ran for 0.012 secs (0.012u,0.s) (success)
Tactic call close-abstract-regression-quadratic ran for 0.005 secs (0.005u,0.s)
Params: n= 37
Tactic call ssr-rewrite!-regression-quadratic ran for 0.011 secs (0.011u,0.s) (success)
Tactic call ssr-rewrite?-noop-regression-linear ran for 0. secs (0.u,0.s) (success)
Tactic call abstract-regression-quadratic ran for 0.016 secs (0.016u,0.s) (success)
Tactic call close-abstract-regression-quadratic ran for 0.005 secs (0.005u,0.s)
Params: n= 38
Tactic call ssr-rewrite!-regression-quadratic ran for 0.007 secs (0.007u,0.s) (success)
Tactic call ssr-rewrite?-noop-regression-linear ran for 0. secs (0.u,0.s) (success)
Tactic call abstract-regression-quadratic ran for 0.013 secs (0.013u,0.s) (success)
Tactic call close-abstract-regression-quadratic ran for 0.005 secs (0.005u,0.s)
Params: n= 39
Tactic call ssr-rewrite!-regression-quadratic ran for 0.008 secs (0.008u,0.s) (success)
Tactic call ssr-rewrite?-noop-regression-linear ran for 0. secs (0.u,0.s) (success)
Tactic call abstract-regression-quadratic ran for 0.014 secs (0.014u,0.s) (success)
Tactic call close-abstract-regression-quadratic ran for 0.006 secs (0.006u,0.s)
Params: n= 40
Tactic call ssr-rewrite!-regression-quadratic ran for 0.007 secs (0.007u,0.s) (success)
Tactic call ssr-rewrite?-noop-regression-linear ran for 0. secs (0.u,0.s) (success)
Tactic call abstract-regression-quadratic ran for 0.014 secs (0.014u,0.s) (success)
Tactic call close-abstract-regression-quadratic ran for 0.006 secs (0.006u,0.s)
Params: n= 41
Tactic call ssr-rewrite!-regression-quadratic ran for 0.008 secs (0.008u,0.s) (success)
Tactic call ssr-rewrite?-noop-regression-linear ran for 0. secs (0.u,0.s) (success)
Tactic call abstract-regression-quadratic ran for 0.022 secs (0.022u,0.s) (success)
Tactic call close-abstract-regression-quadratic ran for 0.013 secs (0.013u,0.s)
Params: n= 42
Tactic call ssr-rewrite!-regression-quadratic ran for 0.009 secs (0.009u,0.s) (success)
Tactic call ssr-rewrite?-noop-regression-linear ran for 0. secs (0.u,0.s) (success)
Tactic call abstract-regression-quadratic ran for 0.017 secs (0.017u,0.s) (success)
Tactic call close-abstract-regression-quadratic ran for 0.007 secs (0.007u,0.s)
Params: n= 43
Tactic call ssr-rewrite!-regression-quadratic ran for 0.008 secs (0.008u,0.s) (success)
Tactic call ssr-rewrite?-noop-regression-linear ran for 0. secs (0.u,0.s) (success)
Tactic call abstract-regression-quadratic ran for 0.016 secs (0.016u,0.s) (success)
Tactic call close-abstract-regression-quadratic ran for 0.007 secs (0.007u,0.s)
Params: n= 44
Tactic call ssr-rewrite!-regression-quadratic ran for 0.009 secs (0.009u,0.s) (success)
Tactic call ssr-rewrite?-noop-regression-linear ran for 0. secs (0.u,0.s) (success)
Tactic call abstract-regression-quadratic ran for 0.017 secs (0.017u,0.s) (success)
Tactic call close-abstract-regression-quadratic ran for 0.007 secs (0.007u,0.s)
Params: n= 45
Tactic call ssr-rewrite!-regression-quadratic ran for 0.01 secs (0.01u,0.s) (success)
Tactic call ssr-rewrite?-noop-regression-linear ran for 0. secs (0.u,0.s) (success)
Tactic call abstract-regression-quadratic ran for 0.018 secs (0.018u,0.s) (success)
Tactic call close-abstract-regression-quadratic ran for 0.008 secs (0.008u,0.s)
Params: n= 46
Tactic call ssr-rewrite!-regression-quadratic ran for 0.009 secs (0.009u,0.s) (success)
Tactic call ssr-rewrite?-noop-regression-linear ran for 0. secs (0.u,0.s) (success)
Tactic call abstract-regression-quadratic ran for 0.081 secs (0.081u,0.s) (success)
Tactic call close-abstract-regression-quadratic ran for 0.07 secs (0.07u,0.s)
Params: n= 47
Tactic call ssr-rewrite!-regression-quadratic ran for 0.01 secs (0.01u,0.s) (success)
Tactic call ssr-rewrite?-noop-regression-linear ran for 0. secs (0.u,0.s) (success)
Tactic call abstract-regression-quadratic ran for 0.019 secs (0.019u,0.s) (success)
Tactic call close-abstract-regression-quadratic ran for 0.008 secs (0.008u,0.s)
Params: n= 48
Tactic call ssr-rewrite!-regression-quadratic ran for 0.012 secs (0.012u,0.s) (success)
Tactic call ssr-rewrite?-noop-regression-linear ran for 0. secs (0.u,0.s) (success)
Tactic call abstract-regression-quadratic ran for 0.021 secs (0.021u,0.s) (success)
Tactic call close-abstract-regression-quadratic ran for 0.008 secs (0.008u,0.s)
Params: n= 49
Tactic call ssr-rewrite!-regression-quadratic ran for 0.011 secs (0.011u,0.s) (success)
Tactic call ssr-rewrite?-noop-regression-linear ran for 0. secs (0.u,0.s) (success)
Tactic call abstract-regression-quadratic ran for 0.049 secs (0.049u,0.s) (success)
Tactic call close-abstract-regression-quadratic ran for 0.037 secs (0.037u,0.s)
Params: n= 51
Tactic call ssr-rewrite!-regression-quadratic ran for 0.012 secs (0.012u,0.s) (success)
Tactic call ssr-rewrite?-noop-regression-linear ran for 0. secs (0.u,0.s) (success)
Tactic call abstract-regression-quadratic ran for 0.022 secs (0.022u,0.s) (success)
Tactic call close-abstract-regression-quadratic ran for 0.01 secs (0.01u,0.s)
Params: n= 52
Tactic call ssr-rewrite!-regression-quadratic ran for 0.013 secs (0.013u,0.s) (success)
Tactic call ssr-rewrite?-noop-regression-linear ran for 0. secs (0.u,0.s) (success)
Tactic call abstract-regression-quadratic ran for 0.024 secs (0.024u,0.s) (success)
Tactic call close-abstract-regression-quadratic ran for 0.01 secs (0.01u,0.s)
Params: n= 53
Tactic call ssr-rewrite!-regression-quadratic ran for 0.028 secs (0.028u,0.s) (success)
Tactic call ssr-rewrite?-noop-regression-linear ran for 0. secs (0.u,0.s) (success)
Tactic call abstract-regression-quadratic ran for 0.039 secs (0.039u,0.s) (success)
Tactic call close-abstract-regression-quadratic ran for 0.011 secs (0.011u,0.s)
Params: n= 54
Tactic call ssr-rewrite!-regression-quadratic ran for 0.013 secs (0.013u,0.s) (success)
Tactic call ssr-rewrite?-noop-regression-linear ran for 0. secs (0.u,0.s) (success)
Tactic call abstract-regression-quadratic ran for 0.026 secs (0.026u,0.s) (success)
Tactic call close-abstract-regression-quadratic ran for 0.012 secs (0.012u,0.s)
Params: n= 55
Tactic call ssr-rewrite!-regression-quadratic ran for 0.013 secs (0.013u,0.s) (success)
Tactic call ssr-rewrite?-noop-regression-linear ran for 0. secs (0.u,0.s) (success)
Tactic call abstract-regression-quadratic ran for 0.026 secs (0.026u,0.s) (success)
Tactic call close-abstract-regression-quadratic ran for 0.012 secs (0.012u,0.s)
Params: n= 56
Tactic call ssr-rewrite!-regression-quadratic ran for 0.014 secs (0.014u,0.s) (success)
Tactic call ssr-rewrite?-noop-regression-linear ran for 0. secs (0.u,0.s) (success)
Tactic call abstract-regression-quadratic ran for 0.027 secs (0.027u,0.s) (success)
Tactic call close-abstract-regression-quadratic ran for 0.012 secs (0.012u,0.s)
Params: n= 57
Tactic call ssr-rewrite!-regression-quadratic ran for 0.014 secs (0.014u,0.s) (success)
Tactic call ssr-rewrite?-noop-regression-linear ran for 0. secs (0.u,0.s) (success)
Tactic call abstract-regression-quadratic ran for 0.028 secs (0.028u,0.s) (success)
Tactic call close-abstract-regression-quadratic ran for 0.012 secs (0.012u,0.s)
Params: n= 58
Tactic call ssr-rewrite!-regression-quadratic ran for 0.02 secs (0.02u,0.s) (success)
Tactic call ssr-rewrite?-noop-regression-linear ran for 0. secs (0.u,0.s) (success)
Tactic call abstract-regression-quadratic ran for 0.034 secs (0.034u,0.s) (success)
Tactic call close-abstract-regression-quadratic ran for 0.013 secs (0.013u,0.s)
Params: n= 59
Tactic call ssr-rewrite!-regression-quadratic ran for 0.016 secs (0.016u,0.s) (success)
Tactic call ssr-rewrite?-noop-regression-linear ran for 0. secs (0.u,0.s) (success)
Tactic call abstract-regression-quadratic ran for 0.03 secs (0.03u,0.s) (success)
Tactic call close-abstract-regression-quadratic ran for 0.013 secs (0.013u,0.s)
Params: n= 60
Tactic call ssr-rewrite!-regression-quadratic ran for 0.021 secs (0.021u,0.s) (success)
Tactic call ssr-rewrite?-noop-regression-linear ran for 0. secs (0.u,0.s) (success)
Tactic call abstract-regression-quadratic ran for 0.036 secs (0.036u,0.s) (success)
Tactic call close-abstract-regression-quadratic ran for 0.014 secs (0.014u,0.s)
Params: n= 61
Tactic call ssr-rewrite!-regression-quadratic ran for 0.016 secs (0.016u,0.s) (success)
Tactic call ssr-rewrite?-noop-regression-linear ran for 0. secs (0.u,0.s) (success)
Tactic call abstract-regression-quadratic ran for 0.032 secs (0.028u,0.003s) (success)
Tactic call close-abstract-regression-quadratic ran for 0.015 secs (0.011u,0.003s)
Params: n= 62
Tactic call ssr-rewrite!-regression-quadratic ran for 0.017 secs (0.017u,0.s) (success)
Tactic call ssr-rewrite?-noop-regression-linear ran for 0. secs (0.u,0.s) (success)
Tactic call abstract-regression-quadratic ran for 0.093 secs (0.093u,0.s) (success)
Tactic call close-abstract-regression-quadratic ran for 0.075 secs (0.075u,0.s)
Params: n= 63
Tactic call ssr-rewrite!-regression-quadratic ran for 0.017 secs (0.017u,0.s) (success)
Tactic call ssr-rewrite?-noop-regression-linear ran for 0. secs (0.u,0.s) (success)
Tactic call abstract-regression-quadratic ran for 0.036 secs (0.036u,0.s) (success)
Tactic call close-abstract-regression-quadratic ran for 0.017 secs (0.017u,0.s)
Params: n= 64
Tactic call ssr-rewrite!-regression-quadratic ran for 0.018 secs (0.018u,0.s) (success)
Tactic call ssr-rewrite?-noop-regression-linear ran for 0. secs (0.u,0.s) (success)
Tactic call abstract-regression-quadratic ran for 0.064 secs (0.064u,0.s) (success)
Tactic call close-abstract-regression-quadratic ran for 0.046 secs (0.046u,0.s)
Params: n= 65
Tactic call ssr-rewrite!-regression-quadratic ran for 0.018 secs (0.018u,0.s) (success)
Tactic call ssr-rewrite?-noop-regression-linear ran for 0. secs (0.u,0.s) (success)
Tactic call abstract-regression-quadratic ran for 0.038 secs (0.038u,0.s) (success)
Tactic call close-abstract-regression-quadratic ran for 0.019 secs (0.019u,0.s)
Params: n= 66
Tactic call ssr-rewrite!-regression-quadratic ran for 0.035 secs (0.035u,0.s) (success)
Tactic call ssr-rewrite?-noop-regression-linear ran for 0. secs (0.u,0.s) (success)
Tactic call abstract-regression-quadratic ran for 0.053 secs (0.053u,0.s) (success)
Tactic call close-abstract-regression-quadratic ran for 0.017 secs (0.017u,0.s)
Params: n= 67
Tactic call ssr-rewrite!-regression-quadratic ran for 0.02 secs (0.02u,0.s) (success)
Tactic call ssr-rewrite?-noop-regression-linear ran for 0. secs (0.u,0.s) (success)
Tactic call abstract-regression-quadratic ran for 0.039 secs (0.039u,0.s) (success)
Tactic call close-abstract-regression-quadratic ran for 0.018 secs (0.018u,0.s)
Params: n= 68
Tactic call ssr-rewrite!-regression-quadratic ran for 0.02 secs (0.02u,0.s) (success)
Tactic call ssr-rewrite?-noop-regression-linear ran for 0. secs (0.u,0.s) (success)
Tactic call abstract-regression-quadratic ran for 0.042 secs (0.042u,0.s) (success)
Tactic call close-abstract-regression-quadratic ran for 0.021 secs (0.021u,0.s)
Params: n= 69
Tactic call ssr-rewrite!-regression-quadratic ran for 0.02 secs (0.02u,0.s) (success)
Tactic call ssr-rewrite?-noop-regression-linear ran for 0. secs (0.u,0.s) (success)
Tactic call abstract-regression-quadratic ran for 0.041 secs (0.041u,0.s) (success)
Tactic call close-abstract-regression-quadratic ran for 0.02 secs (0.02u,0.s)
Params: n= 70
Tactic call ssr-rewrite!-regression-quadratic ran for 0.024 secs (0.024u,0.s) (success)
Tactic call ssr-rewrite?-noop-regression-linear ran for 0. secs (0.u,0.s) (success)
Tactic call abstract-regression-quadratic ran for 0.045 secs (0.045u,0.s) (success)
Tactic call close-abstract-regression-quadratic ran for 0.02 secs (0.02u,0.s)
Params: n= 71
Tactic call ssr-rewrite!-regression-quadratic ran for 0.022 secs (0.022u,0.s) (success)
Tactic call ssr-rewrite?-noop-regression-linear ran for 0. secs (0.u,0.s) (success)
Tactic call abstract-regression-quadratic ran for 0.045 secs (0.045u,0.s) (success)
Tactic call close-abstract-regression-quadratic ran for 0.023 secs (0.023u,0.s)
Params: n= 72
Tactic call ssr-rewrite!-regression-quadratic ran for 0.023 secs (0.023u,0.s) (success)
Tactic call ssr-rewrite?-noop-regression-linear ran for 0. secs (0.u,0.s) (success)
Tactic call abstract-regression-quadratic ran for 0.046 secs (0.046u,0.s) (success)
Tactic call close-abstract-regression-quadratic ran for 0.021 secs (0.021u,0.s)
Params: n= 73
Tactic call ssr-rewrite!-regression-quadratic ran for 0.023 secs (0.023u,0.s) (success)
Tactic call ssr-rewrite?-noop-regression-linear ran for 0. secs (0.u,0.s) (success)
Tactic call abstract-regression-quadratic ran for 0.046 secs (0.046u,0.s) (success)
Tactic call close-abstract-regression-quadratic ran for 0.022 secs (0.022u,0.s)
Params: n= 74
Tactic call ssr-rewrite!-regression-quadratic ran for 0.026 secs (0.026u,0.s) (success)
Tactic call ssr-rewrite?-noop-regression-linear ran for 0. secs (0.u,0.s) (success)
Tactic call abstract-regression-quadratic ran for 0.049 secs (0.049u,0.s) (success)
Tactic call close-abstract-regression-quadratic ran for 0.022 secs (0.022u,0.s)
Params: n= 75
Tactic call ssr-rewrite!-regression-quadratic ran for 0.024 secs (0.024u,0.s) (success)
Tactic call ssr-rewrite?-noop-regression-linear ran for 0. secs (0.u,0.s) (success)
Tactic call abstract-regression-quadratic ran for 0.051 secs (0.051u,0.s) (success)
Tactic call close-abstract-regression-quadratic ran for 0.025 secs (0.025u,0.s)
Params: n= 76
Tactic call ssr-rewrite!-regression-quadratic ran for 0.025 secs (0.025u,0.s) (success)
Tactic call ssr-rewrite?-noop-regression-linear ran for 0. secs (0.u,0.s) (success)
Tactic call abstract-regression-quadratic ran for 0.054 secs (0.054u,0.s) (success)
Tactic call close-abstract-regression-quadratic ran for 0.027 secs (0.027u,0.s)
Params: n= 77
Tactic call ssr-rewrite!-regression-quadratic ran for 0.025 secs (0.025u,0.s) (success)
Tactic call ssr-rewrite?-noop-regression-linear ran for 0. secs (0.u,0.s) (success)
Tactic call abstract-regression-quadratic ran for 0.052 secs (0.052u,0.s) (success)
Tactic call close-abstract-regression-quadratic ran for 0.026 secs (0.026u,0.s)
Params: n= 78
Tactic call ssr-rewrite!-regression-quadratic ran for 0.027 secs (0.027u,0.s) (success)
Tactic call ssr-rewrite?-noop-regression-linear ran for 0. secs (0.u,0.s) (success)
Tactic call abstract-regression-quadratic ran for 0.054 secs (0.054u,0.s) (success)
Tactic call close-abstract-regression-quadratic ran for 0.026 secs (0.026u,0.s)
Params: n= 79
Tactic call ssr-rewrite!-regression-quadratic ran for 0.028 secs (0.028u,0.s) (success)
Tactic call ssr-rewrite?-noop-regression-linear ran for 0. secs (0.u,0.s) (success)
Tactic call abstract-regression-quadratic ran for 0.056 secs (0.056u,0.s) (success)
Tactic call close-abstract-regression-quadratic ran for 0.026 secs (0.026u,0.s)
Params: n= 80
Tactic call ssr-rewrite!-regression-quadratic ran for 0.029 secs (0.029u,0.s) (success)
Tactic call ssr-rewrite?-noop-regression-linear ran for 0. secs (0.u,0.s) (success)
Tactic call abstract-regression-quadratic ran for 0.057 secs (0.057u,0.s) (success)
Tactic call close-abstract-regression-quadratic ran for 0.027 secs (0.027u,0.s)
Params: n= 81
Tactic call ssr-rewrite!-regression-quadratic ran for 0.028 secs (0.028u,0.s) (success)
Tactic call ssr-rewrite?-noop-regression-linear ran for 0. secs (0.u,0.s) (success)
Tactic call abstract-regression-quadratic ran for 0.058 secs (0.058u,0.s) (success)
Tactic call close-abstract-regression-quadratic ran for 0.029 secs (0.029u,0.s)
Params: n= 82
Tactic call ssr-rewrite!-regression-quadratic ran for 0.029 secs (0.029u,0.s) (success)
Tactic call ssr-rewrite?-noop-regression-linear ran for 0. secs (0.u,0.s) (success)
Tactic call abstract-regression-quadratic ran for 0.061 secs (0.061u,0.s) (success)
Tactic call close-abstract-regression-quadratic ran for 0.03 secs (0.03u,0.s)
Params: n= 83
Tactic call ssr-rewrite!-regression-quadratic ran for 0.03 secs (0.03u,0.s) (success)
Tactic call ssr-rewrite?-noop-regression-linear ran for 0. secs (0.u,0.s) (success)
Tactic call abstract-regression-quadratic ran for 0.064 secs (0.064u,0.s) (success)
Tactic call close-abstract-regression-quadratic ran for 0.033 secs (0.033u,0.s)
Params: n= 84
Tactic call ssr-rewrite!-regression-quadratic ran for 0.031 secs (0.031u,0.s) (success)
Tactic call ssr-rewrite?-noop-regression-linear ran for 0. secs (0.u,0.s) (success)
Tactic call abstract-regression-quadratic ran for 0.064 secs (0.064u,0.s) (success)
Tactic call close-abstract-regression-quadratic ran for 0.033 secs (0.033u,0.s)
Params: n= 85
Tactic call ssr-rewrite!-regression-quadratic ran for 0.031 secs (0.031u,0.s) (success)
Tactic call ssr-rewrite?-noop-regression-linear ran for 0. secs (0.u,0.s) (success)
Tactic call abstract-regression-quadratic ran for 0.066 secs (0.066u,0.s) (success)
Tactic call close-abstract-regression-quadratic ran for 0.034 secs (0.034u,0.s)
Params: n= 86
Tactic call ssr-rewrite!-regression-quadratic ran for 0.033 secs (0.033u,0.s) (success)
Tactic call ssr-rewrite?-noop-regression-linear ran for 0. secs (0.u,0.s) (success)
Tactic call abstract-regression-quadratic ran for 0.065 secs (0.065u,0.s) (success)
Tactic call close-abstract-regression-quadratic ran for 0.031 secs (0.031u,0.s)
Params: n= 87
Tactic call ssr-rewrite!-regression-quadratic ran for 0.032 secs (0.032u,0.s) (success)
Tactic call ssr-rewrite?-noop-regression-linear ran for 0. secs (0.u,0.s) (success)
Tactic call abstract-regression-quadratic ran for 0.071 secs (0.071u,0.s) (success)
Tactic call close-abstract-regression-quadratic ran for 0.038 secs (0.038u,0.s)
Params: n= 88
Tactic call ssr-rewrite!-regression-quadratic ran for 0.032 secs (0.032u,0.s) (success)
Tactic call ssr-rewrite?-noop-regression-linear ran for 0.001 secs (0.001u,0.s) (success)
Tactic call abstract-regression-quadratic ran for 0.07 secs (0.07u,0.s) (success)
Tactic call close-abstract-regression-quadratic ran for 0.035 secs (0.035u,0.s)
Params: n= 89
Tactic call ssr-rewrite!-regression-quadratic ran for 0.039 secs (0.039u,0.s) (success)
Tactic call ssr-rewrite?-noop-regression-linear ran for 0. secs (0.u,0.s) (success)
Tactic call abstract-regression-quadratic ran for 0.077 secs (0.077u,0.s) (success)
Tactic call close-abstract-regression-quadratic ran for 0.036 secs (0.036u,0.s)
Params: n= 90
Tactic call ssr-rewrite!-regression-quadratic ran for 0.04 secs (0.04u,0.s) (success)
Tactic call ssr-rewrite?-noop-regression-linear ran for 0. secs (0.u,0.s) (success)
Tactic call abstract-regression-quadratic ran for 0.079 secs (0.079u,0.s) (success)
Tactic call close-abstract-regression-quadratic ran for 0.038 secs (0.038u,0.s)
Params: n= 91
Tactic call ssr-rewrite!-regression-quadratic ran for 0.04 secs (0.04u,0.s) (success)
Tactic call ssr-rewrite?-noop-regression-linear ran for 0. secs (0.u,0.s) (success)
Tactic call abstract-regression-quadratic ran for 0.08 secs (0.08u,0.s) (success)
Tactic call close-abstract-regression-quadratic ran for 0.038 secs (0.038u,0.s)
Params: n= 92
Tactic call ssr-rewrite!-regression-quadratic ran for 0.045 secs (0.045u,0.s) (success)
Tactic call ssr-rewrite?-noop-regression-linear ran for 0. secs (0.u,0.s) (success)
Tactic call abstract-regression-quadratic ran for 0.088 secs (0.088u,0.s) (success)
Tactic call close-abstract-regression-quadratic ran for 0.042 secs (0.042u,0.s)
Params: n= 93
Tactic call ssr-rewrite!-regression-quadratic ran for 0.038 secs (0.038u,0.s) (success)
Tactic call ssr-rewrite?-noop-regression-linear ran for 0. secs (0.u,0.s) (success)
Tactic call abstract-regression-quadratic ran for 0.078 secs (0.078u,0.s) (success)
Tactic call close-abstract-regression-quadratic ran for 0.04 secs (0.04u,0.s)
Params: n= 94
Tactic call ssr-rewrite!-regression-quadratic ran for 0.038 secs (0.038u,0.s) (success)
Tactic call ssr-rewrite?-noop-regression-linear ran for 0. secs (0.u,0.s) (success)
Tactic call abstract-regression-quadratic ran for 0.081 secs (0.081u,0.s) (success)
Tactic call close-abstract-regression-quadratic ran for 0.042 secs (0.042u,0.s)
Params: n= 95
Tactic call ssr-rewrite!-regression-quadratic ran for 0.043 secs (0.043u,0.s) (success)
Tactic call ssr-rewrite?-noop-regression-linear ran for 0. secs (0.u,0.s) (success)
Tactic call abstract-regression-quadratic ran for 0.087 secs (0.087u,0.s) (success)
Tactic call close-abstract-regression-quadratic ran for 0.043 secs (0.043u,0.s)
Params: n= 96
Tactic call ssr-rewrite!-regression-quadratic ran for 0.045 secs (0.045u,0.s) (success)
Tactic call ssr-rewrite?-noop-regression-linear ran for 0. secs (0.u,0.s) (success)
Tactic call abstract-regression-quadratic ran for 0.092 secs (0.092u,0.s) (success)
Tactic call close-abstract-regression-quadratic ran for 0.045 secs (0.045u,0.s)
Params: n= 97
Tactic call ssr-rewrite!-regression-quadratic ran for 0.041 secs (0.041u,0.s) (success)
Tactic call ssr-rewrite?-noop-regression-linear ran for 0. secs (0.u,0.s) (success)
Tactic call abstract-regression-quadratic ran for 0.085 secs (0.085u,0.s) (success)
Tactic call close-abstract-regression-quadratic ran for 0.043 secs (0.043u,0.s)
Params: n= 98
Tactic call ssr-rewrite!-regression-quadratic ran for 0.04 secs (0.04u,0.s) (success)
Tactic call ssr-rewrite?-noop-regression-linear ran for 0. secs (0.u,0.s) (success)
Tactic call abstract-regression-quadratic ran for 0.085 secs (0.085u,0.s) (success)
Tactic call close-abstract-regression-quadratic ran for 0.044 secs (0.044u,0.s)
Params: n= 99
Tactic call ssr-rewrite!-regression-quadratic ran for 0.046 secs (0.046u,0.s) (success)
Tactic call ssr-rewrite?-noop-regression-linear ran for 0. secs (0.u,0.s) (success)
Tactic call abstract-regression-quadratic ran for 0.097 secs (0.097u,0.s) (success)
Tactic call close-abstract-regression-quadratic ran for 0.049 secs (0.049u,0.s)
Params: n= 110
Tactic call ssr-rewrite!-regression-quadratic ran for 0.056 secs (0.056u,0.s) (success)
Tactic call ssr-rewrite?-noop-regression-linear ran for 0. secs (0.u,0.s) (success)
Tactic call abstract-regression-quadratic ran for 0.113 secs (0.109u,0.003s) (success)
Tactic call close-abstract-regression-quadratic ran for 0.056 secs (0.052u,0.003s)
Params: n= 120
Tactic call ssr-rewrite!-regression-quadratic ran for 0.071 secs (0.071u,0.s) (success)
Tactic call ssr-rewrite?-noop-regression-linear ran for 0. secs (0.u,0.s) (success)
Tactic call abstract-regression-quadratic ran for 0.144 secs (0.144u,0.s) (success)
Tactic call close-abstract-regression-quadratic ran for 0.071 secs (0.071u,0.s)
Params: n= 130
Tactic call ssr-rewrite!-regression-quadratic ran for 0.083 secs (0.083u,0.s) (success)
Tactic call ssr-rewrite?-noop-regression-linear ran for 0. secs (0.u,0.s) (success)
Tactic call abstract-regression-quadratic ran for 0.162 secs (0.162u,0.s) (success)
Tactic call close-abstract-regression-quadratic ran for 0.078 secs (0.078u,0.s)
Params: n= 140
Tactic call ssr-rewrite!-regression-quadratic ran for 0.087 secs (0.087u,0.s) (success)
Tactic call ssr-rewrite?-noop-regression-linear ran for 0. secs (0.u,0.s) (success)
Tactic call abstract-regression-quadratic ran for 0.18 secs (0.18u,0.s) (success)
Tactic call close-abstract-regression-quadratic ran for 0.092 secs (0.092u,0.s)
Params: n= 160
Tactic call ssr-rewrite!-regression-quadratic ran for 0.11 secs (0.11u,0.s) (success)
Tactic call ssr-rewrite?-noop-regression-linear ran for 0. secs (0.u,0.s) (success)
Tactic call abstract-regression-quadratic ran for 0.239 secs (0.239u,0.s) (success)
Tactic call close-abstract-regression-quadratic ran for 0.127 secs (0.127u,0.s)
Params: n= 170
Tactic call ssr-rewrite!-regression-quadratic ran for 0.13 secs (0.13u,0.s) (success)
Tactic call ssr-rewrite?-noop-regression-linear ran for 0. secs (0.u,0.s) (success)
Tactic call abstract-regression-quadratic ran for 0.275 secs (0.275u,0.s) (success)
Tactic call close-abstract-regression-quadratic ran for 0.144 secs (0.144u,0.s)
Params: n= 180
Tactic call ssr-rewrite!-regression-quadratic ran for 0.136 secs (0.136u,0.s) (success)
Tactic call ssr-rewrite?-noop-regression-linear ran for 0. secs (0.u,0.s) (success)
Tactic call abstract-regression-quadratic ran for 0.304 secs (0.304u,0.s) (success)
Tactic call close-abstract-regression-quadratic ran for 0.167 secs (0.167u,0.s)
Params: n= 190
Tactic call ssr-rewrite!-regression-quadratic ran for 0.166 secs (0.166u,0.s) (success)
Tactic call ssr-rewrite?-noop-regression-linear ran for 0. secs (0.u,0.s) (success)
Tactic call abstract-regression-quadratic ran for 0.374 secs (0.374u,0.s) (success)
Tactic call close-abstract-regression-quadratic ran for 0.207 secs (0.207u,0.s)
Params: n= 210
Tactic call ssr-rewrite!-regression-quadratic ran for 0.204 secs (0.204u,0.s) (success)
Tactic call ssr-rewrite?-noop-regression-linear ran for 0. secs (0.u,0.s) (success)
Tactic call abstract-regression-quadratic ran for 0.46 secs (0.46u,0.s) (success)
Tactic call close-abstract-regression-quadratic ran for 0.255 secs (0.255u,0.s)
Params: n= 220
Tactic call ssr-rewrite!-regression-quadratic ran for 0.217 secs (0.217u,0.s) (success)
Tactic call ssr-rewrite?-noop-regression-linear ran for 0. secs (0.u,0.s) (success)
Tactic call abstract-regression-quadratic ran for 0.483 secs (0.483u,0.s) (success)
Tactic call close-abstract-regression-quadratic ran for 0.264 secs (0.264u,0.s)
Params: n= 230
Tactic call ssr-rewrite!-regression-quadratic ran for 0.223 secs (0.219u,0.003s) (success)
Tactic call ssr-rewrite?-noop-regression-linear ran for 0. secs (0.u,0.s) (success)
Tactic call abstract-regression-quadratic ran for 0.527 secs (0.522u,0.003s) (success)
Tactic call close-abstract-regression-quadratic ran for 0.302 secs (0.302u,0.s)
Params: n= 240
Tactic call ssr-rewrite!-regression-quadratic ran for 0.238 secs (0.238u,0.s) (success)
Tactic call ssr-rewrite?-noop-regression-linear ran for 0. secs (0.u,0.s) (success)
Tactic call abstract-regression-quadratic ran for 0.557 secs (0.557u,0.s) (success)
Tactic call close-abstract-regression-quadratic ran for 0.317 secs (0.317u,0.s)
Params: n= 260
Tactic call ssr-rewrite!-regression-quadratic ran for 0.307 secs (0.307u,0.s) (success)
Tactic call ssr-rewrite?-noop-regression-linear ran for 0. secs (0.u,0.s) (success)
Tactic call abstract-regression-quadratic ran for 0.729 secs (0.729u,0.s) (success)
Tactic call close-abstract-regression-quadratic ran for 0.42 secs (0.42u,0.s)
Params: n= 270
Tactic call ssr-rewrite!-regression-quadratic ran for 0.33 secs (0.33u,0.s) (success)
Tactic call ssr-rewrite?-noop-regression-linear ran for 0. secs (0.u,0.s) (success)
Tactic call abstract-regression-quadratic ran for 0.758 secs (0.758u,0.s) (success)
Tactic call close-abstract-regression-quadratic ran for 0.427 secs (0.427u,0.s)
Params: n= 280
Tactic call ssr-rewrite!-regression-quadratic ran for 0.339 secs (0.339u,0.s) (success)
Tactic call ssr-rewrite?-noop-regression-linear ran for 0. secs (0.u,0.s) (success)
Tactic call abstract-regression-quadratic ran for 0.808 secs (0.808u,0.s) (success)
Tactic call close-abstract-regression-quadratic ran for 0.468 secs (0.468u,0.s)
Params: n= 290
Tactic call ssr-rewrite!-regression-quadratic ran for 0.357 secs (0.357u,0.s) (success)
Tactic call ssr-rewrite?-noop-regression-linear ran for 0. secs (0.u,0.s) (success)
Tactic call abstract-regression-quadratic ran for 0.898 secs (0.898u,0.s) (success)
Tactic call close-abstract-regression-quadratic ran for 0.54 secs (0.54u,0.s)
Params: n= 310
Tactic call ssr-rewrite!-regression-quadratic ran for 0.428 secs (0.428u,0.s) (success)
Tactic call ssr-rewrite?-noop-regression-linear ran for 0. secs (0.u,0.s) (success)
Tactic call abstract-regression-quadratic ran for 1.028 secs (1.028u,0.s) (success)
Tactic call close-abstract-regression-quadratic ran for 0.598 secs (0.598u,0.s)
Params: n= 320
Tactic call ssr-rewrite!-regression-quadratic ran for 0.443 secs (0.443u,0.s) (success)
Tactic call ssr-rewrite?-noop-regression-linear ran for 0. secs (0.u,0.s) (success)
Tactic call abstract-regression-quadratic ran for 1.103 secs (1.103u,0.s) (success)
Tactic call close-abstract-regression-quadratic ran for 0.658 secs (0.658u,0.s)
Params: n= 330
Tactic call ssr-rewrite!-regression-quadratic ran for 0.495 secs (0.495u,0.s) (success)
Tactic call ssr-rewrite?-noop-regression-linear ran for 0. secs (0.u,0.s) (success)
Tactic call abstract-regression-quadratic ran for 1.222 secs (1.218u,0.003s) (success)
Tactic call close-abstract-regression-quadratic ran for 0.726 secs (0.721u,0.003s)
Params: n= 340
Tactic call ssr-rewrite!-regression-quadratic ran for 0.49 secs (0.49u,0.s) (success)
Tactic call ssr-rewrite?-noop-regression-linear ran for 0. secs (0.u,0.s) (success)
Tactic call abstract-regression-quadratic ran for 1.238 secs (1.238u,0.s) (success)
Tactic call close-abstract-regression-quadratic ran for 0.747 secs (0.747u,0.s)
Params: n= 360
Tactic call ssr-rewrite!-regression-quadratic ran for 0.555 secs (0.551u,0.003s) (success)
Tactic call ssr-rewrite?-noop-regression-linear ran for 0. secs (0.u,0.s) (success)
Tactic call abstract-regression-quadratic ran for 1.456 secs (1.451u,0.004s) (success)
Tactic call close-abstract-regression-quadratic ran for 0.898 secs (0.898u,0.s)
Params: n= 370
Tactic call ssr-rewrite!-regression-quadratic ran for 0.579 secs (0.567u,0.011s) (success)
Tactic call ssr-rewrite?-noop-regression-linear ran for 0. secs (0.u,0.s) (success)
Tactic call abstract-regression-quadratic ran for 1.535 secs (1.523u,0.011s) (success)
Tactic call close-abstract-regression-quadratic ran for 0.954 secs (0.954u,0.s)
Params: n= 380
Tactic call ssr-rewrite!-regression-quadratic ran for 0.634 secs (0.634u,0.s) (success)
Tactic call ssr-rewrite?-noop-regression-linear ran for 0. secs (0.u,0.s) (success)
Tactic call abstract-regression-quadratic ran for 1.655 secs (1.655u,0.s) (success)
Tactic call close-abstract-regression-quadratic ran for 1.019 secs (1.019u,0.s)
Params: n= 390
Tactic call ssr-rewrite!-regression-quadratic ran for 0.643 secs (0.643u,0.s) (success)
Tactic call ssr-rewrite?-noop-regression-linear ran for 0. secs (0.u,0.s) (success)
Tactic call abstract-regression-quadratic ran for 1.7 secs (1.7u,0.s) (success)
Tactic call close-abstract-regression-quadratic ran for 1.056 secs (1.056u,0.s)
