Params: n= 4
Tactic call rewrite_strat-bottomup ran for 0.001 secs (0.001u,0.s) (success)
Tactic call rewrite_strat-bottomup-noop ran for 0. secs (0.u,0.s) (success)
Tactic call abstract+rewrite_strat-bottomup ran for 0.002 secs (0.001u,0.s) (success)
Tactic call close-abstract+rewrite_strat-bottomup ran for 0. secs (0.u,0.s)
Params: n= 5
Tactic call rewrite_strat-bottomup ran for 0.002 secs (0.002u,0.s) (success)
Tactic call rewrite_strat-bottomup-noop ran for 0. secs (0.u,0.s) (success)
Tactic call abstract+rewrite_strat-bottomup ran for 0.003 secs (0.003u,0.s) (success)
Tactic call close-abstract+rewrite_strat-bottomup ran for 0. secs (0.u,0.s)
Params: n= 6
Tactic call rewrite_strat-bottomup ran for 0.002 secs (0.002u,0.s) (success)
Tactic call rewrite_strat-bottomup-noop ran for 0. secs (0.u,0.s) (success)
Tactic call abstract+rewrite_strat-bottomup ran for 0.003 secs (0.003u,0.s) (success)
Tactic call close-abstract+rewrite_strat-bottomup ran for 0. secs (0.u,0.s)
Params: n= 7
Tactic call rewrite_strat-bottomup ran for 0.002 secs (0.002u,0.s) (success)
Tactic call rewrite_strat-bottomup-noop ran for 0. secs (0.u,0.s) (success)
Tactic call abstract+rewrite_strat-bottomup ran for 0.004 secs (0.004u,0.s) (success)
Tactic call close-abstract+rewrite_strat-bottomup ran for 0.001 secs (0.001u,0.s)
Params: n= 8
Tactic call rewrite_strat-bottomup ran for 0.003 secs (0.003u,0.s) (success)
Tactic call rewrite_strat-bottomup-noop ran for 0. secs (0.u,0.s) (success)
Tactic call abstract+rewrite_strat-bottomup ran for 0.005 secs (0.004u,0.s) (success)
Tactic call close-abstract+rewrite_strat-bottomup ran for 0.001 secs (0.001u,0.s)
Params: n= 9
Tactic call rewrite_strat-bottomup ran for 0.003 secs (0.003u,0.s) (success)
Tactic call rewrite_strat-bottomup-noop ran for 0. secs (0.u,0.s) (success)
Tactic call abstract+rewrite_strat-bottomup ran for 0.005 secs (0.005u,0.s) (success)
Tactic call close-abstract+rewrite_strat-bottomup ran for 0.001 secs (0.001u,0.s)
Params: n= 10
Tactic call rewrite_strat-bottomup ran for 0.004 secs (0.004u,0.s) (success)
Tactic call rewrite_strat-bottomup-noop ran for 0. secs (0.u,0.s) (success)
Tactic call abstract+rewrite_strat-bottomup ran for 0.006 secs (0.006u,0.s) (success)
Tactic call close-abstract+rewrite_strat-bottomup ran for 0.001 secs (0.001u,0.s)
Params: n= 11
Tactic call rewrite_strat-bottomup ran for 0.004 secs (0.004u,0.s) (success)
Tactic call rewrite_strat-bottomup-noop ran for 0. secs (0.u,0.s) (success)
Tactic call abstract+rewrite_strat-bottomup ran for 0.007 secs (0.007u,0.s) (success)
Tactic call close-abstract+rewrite_strat-bottomup ran for 0.002 secs (0.002u,0.s)
Params: n= 12
Tactic call rewrite_strat-bottomup ran for 0.005 secs (0.005u,0.s) (success)
Tactic call rewrite_strat-bottomup-noop ran for 0. secs (0.u,0.s) (success)
Tactic call abstract+rewrite_strat-bottomup ran for 0.008 secs (0.008u,0.s) (success)
Tactic call close-abstract+rewrite_strat-bottomup ran for 0.002 secs (0.002u,0.s)
Params: n= 13
Tactic call rewrite_strat-bottomup ran for 0.005 secs (0.005u,0.s) (success)
Tactic call rewrite_strat-bottomup-noop ran for 0. secs (0.u,0.s) (success)
Tactic call abstract+rewrite_strat-bottomup ran for 0.008 secs (0.008u,0.s) (success)
Tactic call close-abstract+rewrite_strat-bottomup ran for 0.002 secs (0.002u,0.s)
Params: n= 14
Tactic call rewrite_strat-bottomup ran for 0.006 secs (0.006u,0.s) (success)
Tactic call rewrite_strat-bottomup-noop ran for 0. secs (0.u,0.s) (success)
Tactic call abstract+rewrite_strat-bottomup ran for 0.009 secs (0.009u,0.s) (success)
Tactic call close-abstract+rewrite_strat-bottomup ran for 0.003 secs (0.003u,0.s)
Params: n= 15
Tactic call rewrite_strat-bottomup ran for 0.089 secs (0.089u,0.s) (success)
Tactic call rewrite_strat-bottomup-noop ran for 0. secs (0.u,0.s) (success)
Tactic call abstract+rewrite_strat-bottomup ran for 0.093 secs (0.093u,0.s) (success)
Tactic call close-abstract+rewrite_strat-bottomup ran for 0.003 secs (0.003u,0.s)
Params: n= 16
Tactic call rewrite_strat-bottomup ran for 0.008 secs (0.008u,0.s) (success)
Tactic call rewrite_strat-bottomup-noop ran for 0. secs (0.u,0.s) (success)
Tactic call abstract+rewrite_strat-bottomup ran for 0.012 secs (0.012u,0.s) (success)
Tactic call close-abstract+rewrite_strat-bottomup ran for 0.003 secs (0.003u,0.s)
Params: n= 17
Tactic call rewrite_strat-bottomup ran for 0.009 secs (0.009u,0.s) (success)
Tactic call rewrite_strat-bottomup-noop ran for 0. secs (0.u,0.s) (success)
Tactic call abstract+rewrite_strat-bottomup ran for 0.014 secs (0.014u,0.s) (success)
Tactic call close-abstract+rewrite_strat-bottomup ran for 0.004 secs (0.004u,0.s)
Params: n= 18
Tactic call rewrite_strat-bottomup ran for 0.009 secs (0.009u,0.s) (success)
Tactic call rewrite_strat-bottomup-noop ran for 0. secs (0.u,0.s) (success)
Tactic call abstract+rewrite_strat-bottomup ran for 0.013 secs (0.013u,0.s) (success)
Tactic call close-abstract+rewrite_strat-bottomup ran for 0.004 secs (0.004u,0.s)
Params: n= 19
Tactic call rewrite_strat-bottomup ran for 0.01 secs (0.01u,0.s) (success)
Tactic call rewrite_strat-bottomup-noop ran for 0. secs (0.u,0.s) (success)
Tactic call abstract+rewrite_strat-bottomup ran for 0.016 secs (0.016u,0.s) (success)
Tactic call close-abstract+rewrite_strat-bottomup ran for 0.005 secs (0.005u,0.s)
Params: n= 20
Tactic call rewrite_strat-bottomup ran for 0.01 secs (0.01u,0.s) (success)
Tactic call rewrite_strat-bottomup-noop ran for 0. secs (0.u,0.s) (success)
Tactic call abstract+rewrite_strat-bottomup ran for 0.016 secs (0.016u,0.s) (success)
Tactic call close-abstract+rewrite_strat-bottomup ran for 0.004 secs (0.004u,0.s)
Params: n= 21
Tactic call rewrite_strat-bottomup ran for 0.012 secs (0.012u,0.s) (success)
Tactic call rewrite_strat-bottomup-noop ran for 0. secs (0.u,0.s) (success)
Tactic call abstract+rewrite_strat-bottomup ran for 0.018 secs (0.018u,0.s) (success)
Tactic call close-abstract+rewrite_strat-bottomup ran for 0.005 secs (0.005u,0.s)
Params: n= 22
Tactic call rewrite_strat-bottomup ran for 0.011 secs (0.011u,0.s) (success)
Tactic call rewrite_strat-bottomup-noop ran for 0. secs (0.u,0.s) (success)
Tactic call abstract+rewrite_strat-bottomup ran for 0.038 secs (0.038u,0.s) (success)
Tactic call close-abstract+rewrite_strat-bottomup ran for 0.026 secs (0.026u,0.s)
Params: n= 23
Tactic call rewrite_strat-bottomup ran for 0.014 secs (0.014u,0.s) (success)
Tactic call rewrite_strat-bottomup-noop ran for 0. secs (0.u,0.s) (success)
Tactic call abstract+rewrite_strat-bottomup ran for 0.021 secs (0.021u,0.s) (success)
Tactic call close-abstract+rewrite_strat-bottomup ran for 0.006 secs (0.006u,0.s)
Params: n= 24
Tactic call rewrite_strat-bottomup ran for 0.013 secs (0.013u,0.s) (success)
Tactic call rewrite_strat-bottomup-noop ran for 0. secs (0.u,0.s) (success)
Tactic call abstract+rewrite_strat-bottomup ran for 0.021 secs (0.021u,0.s) (success)
Tactic call close-abstract+rewrite_strat-bottomup ran for 0.007 secs (0.007u,0.s)
Params: n= 25
Tactic call rewrite_strat-bottomup ran for 0.016 secs (0.016u,0.s) (success)
Tactic call rewrite_strat-bottomup-noop ran for 0. secs (0.u,0.s) (success)
Tactic call abstract+rewrite_strat-bottomup ran for 0.024 secs (0.024u,0.s) (success)
Tactic call close-abstract+rewrite_strat-bottomup ran for 0.007 secs (0.007u,0.s)
Params: n= 26
Tactic call rewrite_strat-bottomup ran for 0.015 secs (0.015u,0.s) (success)
Tactic call rewrite_strat-bottomup-noop ran for 0. secs (0.u,0.s) (success)
Tactic call abstract+rewrite_strat-bottomup ran for 0.024 secs (0.024u,0.s) (success)
Tactic call close-abstract+rewrite_strat-bottomup ran for 0.008 secs (0.008u,0.s)
Params: n= 27
Tactic call rewrite_strat-bottomup ran for 0.016 secs (0.016u,0.s) (success)
Tactic call rewrite_strat-bottomup-noop ran for 0. secs (0.u,0.s) (success)
Tactic call abstract+rewrite_strat-bottomup ran for 0.025 secs (0.025u,0.s) (success)
Tactic call close-abstract+rewrite_strat-bottomup ran for 0.008 secs (0.008u,0.s)
Params: n= 28
Tactic call rewrite_strat-bottomup ran for 0.017 secs (0.017u,0.s) (success)
Tactic call rewrite_strat-bottomup-noop ran for 0. secs (0.u,0.s) (success)
Tactic call abstract+rewrite_strat-bottomup ran for 0.025 secs (0.025u,0.s) (success)
Tactic call close-abstract+rewrite_strat-bottomup ran for 0.007 secs (0.007u,0.s)
Params: n= 29
Tactic call rewrite_strat-bottomup ran for 0.018 secs (0.018u,0.s) (success)
Tactic call rewrite_strat-bottomup-noop ran for 0. secs (0.u,0.s) (success)
Tactic call abstract+rewrite_strat-bottomup ran for 0.029 secs (0.029u,0.s) (success)
Tactic call close-abstract+rewrite_strat-bottomup ran for 0.009 secs (0.009u,0.s)
Params: n= 30
Tactic call rewrite_strat-bottomup ran for 0.02 secs (0.02u,0.s) (success)
Tactic call rewrite_strat-bottomup-noop ran for 0. secs (0.u,0.s) (success)
Tactic call abstract+rewrite_strat-bottomup ran for 0.03 secs (0.03u,0.s) (success)
Tactic call close-abstract+rewrite_strat-bottomup ran for 0.009 secs (0.009u,0.s)
Params: n= 31
Tactic call rewrite_strat-bottomup ran for 0.033 secs (0.033u,0.s) (success)
Tactic call rewrite_strat-bottomup-noop ran for 0. secs (0.u,0.s) (success)
Tactic call abstract+rewrite_strat-bottomup ran for 0.044 secs (0.044u,0.s) (success)
Tactic call close-abstract+rewrite_strat-bottomup ran for 0.01 secs (0.01u,0.s)
Params: n= 32
Tactic call rewrite_strat-bottomup ran for 0.022 secs (0.022u,0.s) (success)
Tactic call rewrite_strat-bottomup-noop ran for 0. secs (0.u,0.s) (success)
Tactic call abstract+rewrite_strat-bottomup ran for 0.033 secs (0.033u,0.s) (success)
Tactic call close-abstract+rewrite_strat-bottomup ran for 0.01 secs (0.01u,0.s)
Params: n= 33
Tactic call rewrite_strat-bottomup ran for 0.025 secs (0.025u,0.s) (success)
Tactic call rewrite_strat-bottomup-noop ran for 0. secs (0.u,0.s) (success)
Tactic call abstract+rewrite_strat-bottomup ran for 0.037 secs (0.037u,0.s) (success)
Tactic call close-abstract+rewrite_strat-bottomup ran for 0.011 secs (0.011u,0.s)
Params: n= 34
Tactic call rewrite_strat-bottomup ran for 0.04 secs (0.04u,0.s) (success)
Tactic call rewrite_strat-bottomup-noop ran for 0. secs (0.u,0.s) (success)
Tactic call abstract+rewrite_strat-bottomup ran for 0.054 secs (0.054u,0.s) (success)
Tactic call close-abstract+rewrite_strat-bottomup ran for 0.012 secs (0.012u,0.s)
Params: n= 35
Tactic call rewrite_strat-bottomup ran for 0.025 secs (0.025u,0.s) (success)
Tactic call rewrite_strat-bottomup-noop ran for 0. secs (0.u,0.s) (success)
Tactic call abstract+rewrite_strat-bottomup ran for 0.122 secs (0.122u,0.s) (success)
Tactic call close-abstract+rewrite_strat-bottomup ran for 0.096 secs (0.096u,0.s)
Params: n= 36
Tactic call rewrite_strat-bottomup ran for 0.028 secs (0.028u,0.s) (success)
Tactic call rewrite_strat-bottomup-noop ran for 0. secs (0.u,0.s) (success)
Tactic call abstract+rewrite_strat-bottomup ran for 0.044 secs (0.044u,0.s) (success)
Tactic call close-abstract+rewrite_strat-bottomup ran for 0.015 secs (0.015u,0.s)
Params: n= 37
Tactic call rewrite_strat-bottomup ran for 0.028 secs (0.028u,0.s) (success)
Tactic call rewrite_strat-bottomup-noop ran for 0. secs (0.u,0.s) (success)
Tactic call abstract+rewrite_strat-bottomup ran for 0.045 secs (0.045u,0.s) (success)
Tactic call close-abstract+rewrite_strat-bottomup ran for 0.015 secs (0.015u,0.s)
Params: n= 38
Tactic call rewrite_strat-bottomup ran for 0.049 secs (0.049u,0.s) (success)
Tactic call rewrite_strat-bottomup-noop ran for 0. secs (0.u,0.s) (success)
Tactic call abstract+rewrite_strat-bottomup ran for 0.065 secs (0.065u,0.s) (success)
Tactic call close-abstract+rewrite_strat-bottomup ran for 0.015 secs (0.015u,0.s)
Params: n= 39
Tactic call rewrite_strat-bottomup ran for 0.03 secs (0.03u,0.s) (success)
Tactic call rewrite_strat-bottomup-noop ran for 0.001 secs (0.001u,0.s) (success)
Tactic call abstract+rewrite_strat-bottomup ran for 0.048 secs (0.048u,0.s) (success)
Tactic call close-abstract+rewrite_strat-bottomup ran for 0.016 secs (0.016u,0.s)
Params: n= 40
Tactic call rewrite_strat-bottomup ran for 0.031 secs (0.031u,0.s) (success)
Tactic call rewrite_strat-bottomup-noop ran for 0. secs (0.u,0.s) (success)
Tactic call abstract+rewrite_strat-bottomup ran for 0.049 secs (0.049u,0.s) (success)
Tactic call close-abstract+rewrite_strat-bottomup ran for 0.016 secs (0.016u,0.s)
Params: n= 41
Tactic call rewrite_strat-bottomup ran for 0.034 secs (0.034u,0.s) (success)
Tactic call rewrite_strat-bottomup-noop ran for 0. secs (0.u,0.s) (success)
Tactic call abstract+rewrite_strat-bottomup ran for 0.053 secs (0.053u,0.s) (success)
Tactic call close-abstract+rewrite_strat-bottomup ran for 0.018 secs (0.018u,0.s)
Params: n= 42
Tactic call rewrite_strat-bottomup ran for 0.035 secs (0.035u,0.s) (success)
Tactic call rewrite_strat-bottomup-noop ran for 0. secs (0.u,0.s) (success)
Tactic call abstract+rewrite_strat-bottomup ran for 0.066 secs (0.066u,0.s) (success)
Tactic call close-abstract+rewrite_strat-bottomup ran for 0.03 secs (0.03u,0.s)
Params: n= 43
Tactic call rewrite_strat-bottomup ran for 0.035 secs (0.035u,0.s) (success)
Tactic call rewrite_strat-bottomup-noop ran for 0. secs (0.u,0.s) (success)
Tactic call abstract+rewrite_strat-bottomup ran for 0.055 secs (0.055u,0.s) (success)
Tactic call close-abstract+rewrite_strat-bottomup ran for 0.019 secs (0.019u,0.s)
Params: n= 44
Tactic call rewrite_strat-bottomup ran for 0.038 secs (0.035u,0.002s) (success)
Tactic call rewrite_strat-bottomup-noop ran for 0. secs (0.u,0.s) (success)
Tactic call abstract+rewrite_strat-bottomup ran for 0.069 secs (0.067u,0.002s) (success)
Tactic call close-abstract+rewrite_strat-bottomup ran for 0.03 secs (0.03u,0.s)
Params: n= 45
Tactic call rewrite_strat-bottomup ran for 0.039 secs (0.039u,0.s) (success)
Tactic call rewrite_strat-bottomup-noop ran for 0. secs (0.u,0.s) (success)
Tactic call abstract+rewrite_strat-bottomup ran for 0.061 secs (0.061u,0.s) (success)
Tactic call close-abstract+rewrite_strat-bottomup ran for 0.02 secs (0.02u,0.s)
Params: n= 46
Tactic call rewrite_strat-bottomup ran for 0.041 secs (0.041u,0.s) (success)
Tactic call rewrite_strat-bottomup-noop ran for 0. secs (0.u,0.s) (success)
Tactic call abstract+rewrite_strat-bottomup ran for 0.063 secs (0.063u,0.s) (success)
Tactic call close-abstract+rewrite_strat-bottomup ran for 0.02 secs (0.02u,0.s)
Params: n= 47
Tactic call rewrite_strat-bottomup ran for 0.042 secs (0.042u,0.s) (success)
Tactic call rewrite_strat-bottomup-noop ran for 0. secs (0.u,0.s) (success)
Tactic call abstract+rewrite_strat-bottomup ran for 0.067 secs (0.067u,0.s) (success)
Tactic call close-abstract+rewrite_strat-bottomup ran for 0.023 secs (0.023u,0.s)
Params: n= 48
Tactic call rewrite_strat-bottomup ran for 0.044 secs (0.044u,0.s) (success)
Tactic call rewrite_strat-bottomup-noop ran for 0. secs (0.u,0.s) (success)
Tactic call abstract+rewrite_strat-bottomup ran for 0.068 secs (0.068u,0.s) (success)
Tactic call close-abstract+rewrite_strat-bottomup ran for 0.022 secs (0.022u,0.s)
Params: n= 49
Tactic call rewrite_strat-bottomup ran for 0.045 secs (0.045u,0.s) (success)
Tactic call rewrite_strat-bottomup-noop ran for 0. secs (0.u,0.s) (success)
Tactic call abstract+rewrite_strat-bottomup ran for 0.075 secs (0.075u,0.s) (success)
Tactic call close-abstract+rewrite_strat-bottomup ran for 0.029 secs (0.029u,0.s)
Params: n= 51
Tactic call rewrite_strat-bottomup ran for 0.05 secs (0.05u,0.s) (success)
Tactic call rewrite_strat-bottomup-noop ran for 0. secs (0.u,0.s) (success)
Tactic call abstract+rewrite_strat-bottomup ran for 0.078 secs (0.078u,0.s) (success)
Tactic call close-abstract+rewrite_strat-bottomup ran for 0.027 secs (0.027u,0.s)
Params: n= 52
Tactic call rewrite_strat-bottomup ran for 0.053 secs (0.053u,0.s) (success)
Tactic call rewrite_strat-bottomup-noop ran for 0. secs (0.u,0.s) (success)
Tactic call abstract+rewrite_strat-bottomup ran for 0.084 secs (0.084u,0.s) (success)
Tactic call close-abstract+rewrite_strat-bottomup ran for 0.03 secs (0.03u,0.s)
Params: n= 53
Tactic call rewrite_strat-bottomup ran for 0.054 secs (0.054u,0.s) (success)
Tactic call rewrite_strat-bottomup-noop ran for 0. secs (0.u,0.s) (success)
Tactic call abstract+rewrite_strat-bottomup ran for 0.084 secs (0.084u,0.s) (success)
Tactic call close-abstract+rewrite_strat-bottomup ran for 0.029 secs (0.029u,0.s)
Params: n= 54
Tactic call rewrite_strat-bottomup ran for 0.058 secs (0.058u,0.s) (success)
Tactic call rewrite_strat-bottomup-noop ran for 0. secs (0.u,0.s) (success)
Tactic call abstract+rewrite_strat-bottomup ran for 0.091 secs (0.091u,0.s) (success)
Tactic call close-abstract+rewrite_strat-bottomup ran for 0.032 secs (0.032u,0.s)
Params: n= 55
Tactic call rewrite_strat-bottomup ran for 0.059 secs (0.059u,0.s) (success)
Tactic call rewrite_strat-bottomup-noop ran for 0. secs (0.u,0.s) (success)
Tactic call abstract+rewrite_strat-bottomup ran for 0.091 secs (0.091u,0.s) (success)
Tactic call close-abstract+rewrite_strat-bottomup ran for 0.03 secs (0.03u,0.s)
Params: n= 56
Tactic call rewrite_strat-bottomup ran for 0.056 secs (0.056u,0.s) (success)
Tactic call rewrite_strat-bottomup-noop ran for 0. secs (0.u,0.s) (success)
Tactic call abstract+rewrite_strat-bottomup ran for 0.091 secs (0.091u,0.s) (success)
Tactic call close-abstract+rewrite_strat-bottomup ran for 0.033 secs (0.033u,0.s)
Params: n= 57
Tactic call rewrite_strat-bottomup ran for 0.065 secs (0.065u,0.s) (success)
Tactic call rewrite_strat-bottomup-noop ran for 0. secs (0.u,0.s) (success)
Tactic call abstract+rewrite_strat-bottomup ran for 0.105 secs (0.105u,0.s) (success)
Tactic call close-abstract+rewrite_strat-bottomup ran for 0.038 secs (0.038u,0.s)
Params: n= 58
Tactic call rewrite_strat-bottomup ran for 0.062 secs (0.062u,0.s) (success)
Tactic call rewrite_strat-bottomup-noop ran for 0. secs (0.u,0.s) (success)
Tactic call abstract+rewrite_strat-bottomup ran for 0.098 secs (0.098u,0.s) (success)
Tactic call close-abstract+rewrite_strat-bottomup ran for 0.035 secs (0.035u,0.s)
Params: n= 59
Tactic call rewrite_strat-bottomup ran for 0.072 secs (0.072u,0.s) (success)
Tactic call rewrite_strat-bottomup-noop ran for 0. secs (0.u,0.s) (success)
Tactic call abstract+rewrite_strat-bottomup ran for 0.11 secs (0.11u,0.s) (success)
Tactic call close-abstract+rewrite_strat-bottomup ran for 0.036 secs (0.036u,0.s)
Params: n= 60
Tactic call rewrite_strat-bottomup ran for 0.07 secs (0.07u,0.s) (success)
Tactic call rewrite_strat-bottomup-noop ran for 0. secs (0.u,0.s) (success)
Tactic call abstract+rewrite_strat-bottomup ran for 0.11 secs (0.11u,0.s) (success)
Tactic call close-abstract+rewrite_strat-bottomup ran for 0.039 secs (0.038u,0.s)
Params: n= 61
Tactic call rewrite_strat-bottomup ran for 0.072 secs (0.069u,0.002s) (success)
Tactic call rewrite_strat-bottomup-noop ran for 0. secs (0.u,0.s) (success)
Tactic call abstract+rewrite_strat-bottomup ran for 0.114 secs (0.111u,0.003s) (success)
Tactic call close-abstract+rewrite_strat-bottomup ran for 0.041 secs (0.04u,0.s)
Params: n= 62
Tactic call rewrite_strat-bottomup ran for 0.076 secs (0.076u,0.s) (success)
Tactic call rewrite_strat-bottomup-noop ran for 0. secs (0.u,0.s) (success)
Tactic call abstract+rewrite_strat-bottomup ran for 0.119 secs (0.119u,0.s) (success)
Tactic call close-abstract+rewrite_strat-bottomup ran for 0.041 secs (0.041u,0.s)
Params: n= 63
Tactic call rewrite_strat-bottomup ran for 0.074 secs (0.074u,0.s) (success)
Tactic call rewrite_strat-bottomup-noop ran for 0. secs (0.u,0.s) (success)
Tactic call abstract+rewrite_strat-bottomup ran for 0.12 secs (0.12u,0.s) (success)
Tactic call close-abstract+rewrite_strat-bottomup ran for 0.044 secs (0.044u,0.s)
Params: n= 64
Tactic call rewrite_strat-bottomup ran for 0.08 secs (0.08u,0.s) (success)
Tactic call rewrite_strat-bottomup-noop ran for 0. secs (0.u,0.s) (success)
Tactic call abstract+rewrite_strat-bottomup ran for 0.127 secs (0.127u,0.s) (success)
Tactic call close-abstract+rewrite_strat-bottomup ran for 0.045 secs (0.045u,0.s)
Params: n= 65
Tactic call rewrite_strat-bottomup ran for 0.079 secs (0.079u,0.s) (success)
Tactic call rewrite_strat-bottomup-noop ran for 0. secs (0.u,0.s) (success)
Tactic call abstract+rewrite_strat-bottomup ran for 0.127 secs (0.127u,0.s) (success)
Tactic call close-abstract+rewrite_strat-bottomup ran for 0.046 secs (0.046u,0.s)
Params: n= 66
Tactic call rewrite_strat-bottomup ran for 0.087 secs (0.087u,0.s) (success)
Tactic call rewrite_strat-bottomup-noop ran for 0. secs (0.u,0.s) (success)
Tactic call abstract+rewrite_strat-bottomup ran for 0.137 secs (0.137u,0.s) (success)
Tactic call close-abstract+rewrite_strat-bottomup ran for 0.047 secs (0.047u,0.s)
Params: n= 67
Tactic call rewrite_strat-bottomup ran for 0.09 secs (0.09u,0.s) (success)
Tactic call rewrite_strat-bottomup-noop ran for 0. secs (0.u,0.s) (success)
Tactic call abstract+rewrite_strat-bottomup ran for 0.14 secs (0.14u,0.s) (success)
Tactic call close-abstract+rewrite_strat-bottomup ran for 0.048 secs (0.048u,0.s)
Params: n= 68
Tactic call rewrite_strat-bottomup ran for 0.088 secs (0.088u,0.s) (success)
Tactic call rewrite_strat-bottomup-noop ran for 0. secs (0.u,0.s) (success)
Tactic call abstract+rewrite_strat-bottomup ran for 0.151 secs (0.151u,0.s) (success)
Tactic call close-abstract+rewrite_strat-bottomup ran for 0.061 secs (0.061u,0.s)
Params: n= 69
Tactic call rewrite_strat-bottomup ran for 0.09 secs (0.09u,0.s) (success)
Tactic call rewrite_strat-bottomup-noop ran for 0. secs (0.u,0.s) (success)
Tactic call abstract+rewrite_strat-bottomup ran for 0.144 secs (0.144u,0.s) (success)
Tactic call close-abstract+rewrite_strat-bottomup ran for 0.052 secs (0.052u,0.s)
Params: n= 70
Tactic call rewrite_strat-bottomup ran for 0.089 secs (0.089u,0.s) (success)
Tactic call rewrite_strat-bottomup-noop ran for 0. secs (0.u,0.s) (success)
Tactic call abstract+rewrite_strat-bottomup ran for 0.144 secs (0.14u,0.003s) (success)
Tactic call close-abstract+rewrite_strat-bottomup ran for 0.053 secs (0.049u,0.003s)
Params: n= 71
Tactic call rewrite_strat-bottomup ran for 0.1 secs (0.1u,0.s) (success)
Tactic call rewrite_strat-bottomup-noop ran for 0. secs (0.u,0.s) (success)
Tactic call abstract+rewrite_strat-bottomup ran for 0.156 secs (0.156u,0.s) (success)
Tactic call close-abstract+rewrite_strat-bottomup ran for 0.054 secs (0.054u,0.s)
Params: n= 72
Tactic call rewrite_strat-bottomup ran for 0.093 secs (0.093u,0.s) (success)
Tactic call rewrite_strat-bottomup-noop ran for 0. secs (0.u,0.s) (success)
Tactic call abstract+rewrite_strat-bottomup ran for 0.154 secs (0.154u,0.s) (success)
Tactic call close-abstract+rewrite_strat-bottomup ran for 0.059 secs (0.059u,0.s)
Params: n= 73
Tactic call rewrite_strat-bottomup ran for 0.091 secs (0.091u,0.s) (success)
Tactic call rewrite_strat-bottomup-noop ran for 0. secs (0.u,0.s) (success)
Tactic call abstract+rewrite_strat-bottomup ran for 0.148 secs (0.148u,0.s) (success)
Tactic call close-abstract+rewrite_strat-bottomup ran for 0.055 secs (0.055u,0.s)
Params: n= 74
Tactic call rewrite_strat-bottomup ran for 0.104 secs (0.104u,0.s) (success)
Tactic call rewrite_strat-bottomup-noop ran for 0. secs (0.u,0.s) (success)
Tactic call abstract+rewrite_strat-bottomup ran for 0.169 secs (0.169u,0.s) (success)
Tactic call close-abstract+rewrite_strat-bottomup ran for 0.062 secs (0.062u,0.s)
Params: n= 75
Tactic call rewrite_strat-bottomup ran for 0.104 secs (0.104u,0.s) (success)
Tactic call rewrite_strat-bottomup-noop ran for 0. secs (0.u,0.s) (success)
Tactic call abstract+rewrite_strat-bottomup ran for 0.173 secs (0.173u,0.s) (success)
Tactic call close-abstract+rewrite_strat-bottomup ran for 0.067 secs (0.067u,0.s)
Params: n= 76
Tactic call rewrite_strat-bottomup ran for 0.106 secs (0.106u,0.s) (success)
Tactic call rewrite_strat-bottomup-noop ran for 0. secs (0.u,0.s) (success)
Tactic call abstract+rewrite_strat-bottomup ran for 0.175 secs (0.175u,0.s) (success)
Tactic call close-abstract+rewrite_strat-bottomup ran for 0.067 secs (0.067u,0.s)
Params: n= 77
Tactic call rewrite_strat-bottomup ran for 0.118 secs (0.118u,0.s) (success)
Tactic call rewrite_strat-bottomup-noop ran for 0. secs (0.u,0.s) (success)
Tactic call abstract+rewrite_strat-bottomup ran for 0.185 secs (0.185u,0.s) (success)
Tactic call close-abstract+rewrite_strat-bottomup ran for 0.065 secs (0.065u,0.s)
Params: n= 78
Tactic call rewrite_strat-bottomup ran for 0.109 secs (0.106u,0.002s) (success)
Tactic call rewrite_strat-bottomup-noop ran for 0. secs (0.u,0.s) (success)
Tactic call abstract+rewrite_strat-bottomup ran for 0.17 secs (0.167u,0.003s) (success)
Tactic call close-abstract+rewrite_strat-bottomup ran for 0.059 secs (0.059u,0.s)
Params: n= 79
Tactic call rewrite_strat-bottomup ran for 0.116 secs (0.115u,0.s) (success)
Tactic call rewrite_strat-bottomup-noop ran for 0. secs (0.u,0.s) (success)
Tactic call abstract+rewrite_strat-bottomup ran for 0.177 secs (0.176u,0.s) (success)
Tactic call close-abstract+rewrite_strat-bottomup ran for 0.059 secs (0.059u,0.s)
Params: n= 80
Tactic call rewrite_strat-bottomup ran for 0.119 secs (0.119u,0.s) (success)
Tactic call rewrite_strat-bottomup-noop ran for 0. secs (0.u,0.s) (success)
Tactic call abstract+rewrite_strat-bottomup ran for 0.187 secs (0.187u,0.s) (success)
Tactic call close-abstract+rewrite_strat-bottomup ran for 0.065 secs (0.065u,0.s)
Params: n= 81
Tactic call rewrite_strat-bottomup ran for 0.125 secs (0.125u,0.s) (success)
Tactic call rewrite_strat-bottomup-noop ran for 0. secs (0.u,0.s) (success)
Tactic call abstract+rewrite_strat-bottomup ran for 0.193 secs (0.193u,0.s) (success)
Tactic call close-abstract+rewrite_strat-bottomup ran for 0.065 secs (0.065u,0.s)
Params: n= 82
Tactic call rewrite_strat-bottomup ran for 0.121 secs (0.121u,0.s) (success)
Tactic call rewrite_strat-bottomup-noop ran for 0. secs (0.u,0.s) (success)
Tactic call abstract+rewrite_strat-bottomup ran for 0.189 secs (0.189u,0.s) (success)
Tactic call close-abstract+rewrite_strat-bottomup ran for 0.065 secs (0.065u,0.s)
Params: n= 83
Tactic call rewrite_strat-bottomup ran for 0.118 secs (0.118u,0.s) (success)
Tactic call rewrite_strat-bottomup-noop ran for 0. secs (0.u,0.s) (success)
Tactic call abstract+rewrite_strat-bottomup ran for 0.189 secs (0.189u,0.s) (success)
Tactic call close-abstract+rewrite_strat-bottomup ran for 0.069 secs (0.069u,0.s)
Params: n= 84
Tactic call rewrite_strat-bottomup ran for 0.131 secs (0.127u,0.003s) (success)
Tactic call rewrite_strat-bottomup-noop ran for 0.001 secs (0.u,0.s) (success)
Tactic call abstract+rewrite_strat-bottomup ran for 0.199 secs (0.195u,0.003s) (success)
Tactic call close-abstract+rewrite_strat-bottomup ran for 0.066 secs (0.066u,0.s)
Params: n= 85
Tactic call rewrite_strat-bottomup ran for 0.131 secs (0.131u,0.s) (success)
Tactic call rewrite_strat-bottomup-noop ran for 0. secs (0.u,0.s) (success)
Tactic call abstract+rewrite_strat-bottomup ran for 0.2 secs (0.2u,0.s) (success)
Tactic call close-abstract+rewrite_strat-bottomup ran for 0.067 secs (0.067u,0.s)
Params: n= 86
Tactic call rewrite_strat-bottomup ran for 0.132 secs (0.132u,0.s) (success)
Tactic call rewrite_strat-bottomup-noop ran for 0. secs (0.u,0.s) (success)
Tactic call abstract+rewrite_strat-bottomup ran for 0.211 secs (0.211u,0.s) (success)
Tactic call close-abstract+rewrite_strat-bottomup ran for 0.072 secs (0.072u,0.s)
Params: n= 87
Tactic call rewrite_strat-bottomup ran for 0.139 secs (0.139u,0.s) (success)
Tactic call rewrite_strat-bottomup-noop ran for 0. secs (0.u,0.s) (success)
Tactic call abstract+rewrite_strat-bottomup ran for 0.213 secs (0.213u,0.s) (success)
Tactic call close-abstract+rewrite_strat-bottomup ran for 0.072 secs (0.072u,0.s)
Params: n= 88
Tactic call rewrite_strat-bottomup ran for 0.129 secs (0.129u,0.s) (success)
Tactic call rewrite_strat-bottomup-noop ran for 0.001 secs (0.001u,0.s) (success)
Tactic call abstract+rewrite_strat-bottomup ran for 0.212 secs (0.212u,0.s) (success)
Tactic call close-abstract+rewrite_strat-bottomup ran for 0.081 secs (0.081u,0.s)
Params: n= 89
Tactic call rewrite_strat-bottomup ran for 0.134 secs (0.134u,0.s) (success)
Tactic call rewrite_strat-bottomup-noop ran for 0. secs (0.u,0.s) (success)
Tactic call abstract+rewrite_strat-bottomup ran for 0.212 secs (0.212u,0.s) (success)
Tactic call close-abstract+rewrite_strat-bottomup ran for 0.076 secs (0.076u,0.s)
Params: n= 90
Tactic call rewrite_strat-bottomup ran for 0.136 secs (0.135u,0.s) (success)
Tactic call rewrite_strat-bottomup-noop ran for 0. secs (0.u,0.s) (success)
Tactic call abstract+rewrite_strat-bottomup ran for 0.219 secs (0.215u,0.003s) (success)
Tactic call close-abstract+rewrite_strat-bottomup ran for 0.081 secs (0.078u,0.003s)
Params: n= 91
Tactic call rewrite_strat-bottomup ran for 0.155 secs (0.155u,0.s) (success)
Tactic call rewrite_strat-bottomup-noop ran for 0.001 secs (0.001u,0.s) (success)
Tactic call abstract+rewrite_strat-bottomup ran for 0.246 secs (0.246u,0.s) (success)
Tactic call close-abstract+rewrite_strat-bottomup ran for 0.088 secs (0.088u,0.s)
Params: n= 92
Tactic call rewrite_strat-bottomup ran for 0.158 secs (0.158u,0.s) (success)
Tactic call rewrite_strat-bottomup-noop ran for 0.001 secs (0.001u,0.s) (success)
Tactic call abstract+rewrite_strat-bottomup ran for 0.261 secs (0.261u,0.s) (success)
Tactic call close-abstract+rewrite_strat-bottomup ran for 0.101 secs (0.101u,0.s)
Params: n= 93
Tactic call rewrite_strat-bottomup ran for 0.172 secs (0.172u,0.s) (success)
Tactic call rewrite_strat-bottomup-noop ran for 0.001 secs (0.001u,0.s) (success)
Tactic call abstract+rewrite_strat-bottomup ran for 0.283 secs (0.283u,0.s) (success)
Tactic call close-abstract+rewrite_strat-bottomup ran for 0.109 secs (0.109u,0.s)
Params: n= 94
Tactic call rewrite_strat-bottomup ran for 0.182 secs (0.182u,0.s) (success)
Tactic call rewrite_strat-bottomup-noop ran for 0.001 secs (0.001u,0.s) (success)
Tactic call abstract+rewrite_strat-bottomup ran for 0.282 secs (0.282u,0.s) (success)
Tactic call close-abstract+rewrite_strat-bottomup ran for 0.097 secs (0.097u,0.s)
Params: n= 95
Tactic call rewrite_strat-bottomup ran for 0.174 secs (0.174u,0.s) (success)
Tactic call rewrite_strat-bottomup-noop ran for 0.001 secs (0.001u,0.s) (success)
Tactic call abstract+rewrite_strat-bottomup ran for 0.283 secs (0.283u,0.s) (success)
Tactic call close-abstract+rewrite_strat-bottomup ran for 0.106 secs (0.106u,0.s)
Params: n= 96
Tactic call rewrite_strat-bottomup ran for 0.16 secs (0.16u,0.s) (success)
Tactic call rewrite_strat-bottomup-noop ran for 0.001 secs (0.001u,0.s) (success)
Tactic call abstract+rewrite_strat-bottomup ran for 0.271 secs (0.271u,0.s) (success)
Tactic call close-abstract+rewrite_strat-bottomup ran for 0.108 secs (0.108u,0.s)
Params: n= 97
Tactic call rewrite_strat-bottomup ran for 0.168 secs (0.168u,0.s) (success)
Tactic call rewrite_strat-bottomup-noop ran for 0.001 secs (0.001u,0.s) (success)
Tactic call abstract+rewrite_strat-bottomup ran for 0.286 secs (0.286u,0.s) (success)
Tactic call close-abstract+rewrite_strat-bottomup ran for 0.116 secs (0.116u,0.s)
Params: n= 98
Tactic call rewrite_strat-bottomup ran for 0.185 secs (0.182u,0.002s) (success)
Tactic call rewrite_strat-bottomup-noop ran for 0.001 secs (0.001u,0.s) (success)
Tactic call abstract+rewrite_strat-bottomup ran for 0.299 secs (0.288u,0.01s) (success)
Tactic call close-abstract+rewrite_strat-bottomup ran for 0.112 secs (0.104u,0.007s)
Params: n= 99
Tactic call rewrite_strat-bottomup ran for 0.187 secs (0.187u,0.s) (success)
Tactic call rewrite_strat-bottomup-noop ran for 0.001 secs (0.001u,0.s) (success)
Tactic call abstract+rewrite_strat-bottomup ran for 0.304 secs (0.304u,0.s) (success)
Tactic call close-abstract+rewrite_strat-bottomup ran for 0.114 secs (0.114u,0.s)
Params: n= 110
Tactic call rewrite_strat-bottomup ran for 0.222 secs (0.218u,0.003s) (success)
Tactic call rewrite_strat-bottomup-noop ran for 0.001 secs (0.001u,0.s) (success)
Tactic call abstract+rewrite_strat-bottomup ran for 0.346 secs (0.342u,0.004s) (success)
Tactic call close-abstract+rewrite_strat-bottomup ran for 0.121 secs (0.121u,0.s)
Params: n= 120
Tactic call rewrite_strat-bottomup ran for 0.254 secs (0.25u,0.003s) (success)
Tactic call rewrite_strat-bottomup-noop ran for 0.001 secs (0.001u,0.s) (success)
Tactic call abstract+rewrite_strat-bottomup ran for 0.402 secs (0.398u,0.003s) (success)
Tactic call close-abstract+rewrite_strat-bottomup ran for 0.145 secs (0.145u,0.s)
Params: n= 130
Tactic call rewrite_strat-bottomup ran for 0.288 secs (0.288u,0.s) (success)
Tactic call rewrite_strat-bottomup-noop ran for 0.001 secs (0.001u,0.s) (success)
Tactic call abstract+rewrite_strat-bottomup ran for 0.463 secs (0.463u,0.s) (success)
Tactic call close-abstract+rewrite_strat-bottomup ran for 0.172 secs (0.172u,0.s)
Params: n= 140
Tactic call rewrite_strat-bottomup ran for 0.363 secs (0.359u,0.003s) (success)
Tactic call rewrite_strat-bottomup-noop ran for 0.001 secs (0.001u,0.s) (success)
Tactic call abstract+rewrite_strat-bottomup ran for 0.576 secs (0.572u,0.003s) (success)
Tactic call close-abstract+rewrite_strat-bottomup ran for 0.21 secs (0.21u,0.s)
Params: n= 160
Tactic call rewrite_strat-bottomup ran for 0.461 secs (0.461u,0.s) (success)
Tactic call rewrite_strat-bottomup-noop ran for 0.002 secs (0.002u,0.s) (success)
Tactic call abstract+rewrite_strat-bottomup ran for 0.74 secs (0.74u,0.s) (success)
Tactic call close-abstract+rewrite_strat-bottomup ran for 0.275 secs (0.275u,0.s)
Params: n= 170
Tactic call rewrite_strat-bottomup ran for 0.529 secs (0.529u,0.s) (success)
Tactic call rewrite_strat-bottomup-noop ran for 0.002 secs (0.002u,0.s) (success)
Tactic call abstract+rewrite_strat-bottomup ran for 0.876 secs (0.876u,0.s) (success)
Tactic call close-abstract+rewrite_strat-bottomup ran for 0.343 secs (0.343u,0.s)
Params: n= 180
Tactic call rewrite_strat-bottomup ran for 0.637 secs (0.637u,0.s) (success)
Tactic call rewrite_strat-bottomup-noop ran for 0.002 secs (0.002u,0.s) (success)
Tactic call abstract+rewrite_strat-bottomup ran for 0.987 secs (0.987u,0.s) (success)
Tactic call close-abstract+rewrite_strat-bottomup ran for 0.345 secs (0.345u,0.s)
Params: n= 190
Tactic call rewrite_strat-bottomup ran for 0.683 secs (0.683u,0.s) (success)
Tactic call rewrite_strat-bottomup-noop ran for 0.002 secs (0.002u,0.s) (success)
Tactic call abstract+rewrite_strat-bottomup ran for 1.044 secs (1.044u,0.s) (success)
Tactic call close-abstract+rewrite_strat-bottomup ran for 0.356 secs (0.356u,0.s)
Params: n= 210
Tactic call rewrite_strat-bottomup ran for 0.866 secs (0.866u,0.s) (success)
Tactic call rewrite_strat-bottomup-noop ran for 0.003 secs (0.003u,0.s) (success)
Tactic call abstract+rewrite_strat-bottomup ran for 1.363 secs (1.363u,0.s) (success)
Tactic call close-abstract+rewrite_strat-bottomup ran for 0.492 secs (0.492u,0.s)
Params: n= 220
Tactic call rewrite_strat-bottomup ran for 0.913 secs (0.912u,0.s) (success)
Tactic call rewrite_strat-bottomup-noop ran for 0.003 secs (0.003u,0.s) (success)
Tactic call abstract+rewrite_strat-bottomup ran for 1.434 secs (1.434u,0.s) (success)
Tactic call close-abstract+rewrite_strat-bottomup ran for 0.516 secs (0.516u,0.s)
Params: n= 230
Tactic call rewrite_strat-bottomup ran for 1.001 secs (0.997u,0.003s) (success)
Tactic call rewrite_strat-bottomup-noop ran for 0.003 secs (0.003u,0.s) (success)
Tactic call abstract+rewrite_strat-bottomup ran for 1.51 secs (1.502u,0.007s) (success)
Tactic call close-abstract+rewrite_strat-bottomup ran for 0.504 secs (0.5u,0.003s)
Params: n= 240
Tactic call rewrite_strat-bottomup ran for 1.085 secs (1.084u,0.s) (success)
Tactic call rewrite_strat-bottomup-noop ran for 0.003 secs (0.003u,0.s) (success)
Tactic call abstract+rewrite_strat-bottomup ran for 1.744 secs (1.743u,0.s) (success)
Tactic call close-abstract+rewrite_strat-bottomup ran for 0.653 secs (0.653u,0.s)
Params: n= 260
Tactic call rewrite_strat-bottomup ran for 1.269 secs (1.269u,0.s) (success)
Tactic call rewrite_strat-bottomup-noop ran for 0.004 secs (0.004u,0.s) (success)
Tactic call abstract+rewrite_strat-bottomup ran for 1.926 secs (1.917u,0.007s) (success)
Tactic call close-abstract+rewrite_strat-bottomup ran for 0.651 secs (0.643u,0.007s)
Params: n= 270
Tactic call rewrite_strat-bottomup ran for 1.419 secs (1.411u,0.007s) (success)
Tactic call rewrite_strat-bottomup-noop ran for 0.004 secs (0.004u,0.s) (success)
Tactic call abstract+rewrite_strat-bottomup ran for 2.16 secs (2.152u,0.007s) (success)
Tactic call close-abstract+rewrite_strat-bottomup ran for 0.734 secs (0.734u,0.s)
Params: n= 280
Tactic call rewrite_strat-bottomup ran for 1.563 secs (1.563u,0.s) (success)
Tactic call rewrite_strat-bottomup-noop ran for 0.005 secs (0.005u,0.s) (success)
Tactic call abstract+rewrite_strat-bottomup ran for 2.378 secs (2.378u,0.s) (success)
Tactic call close-abstract+rewrite_strat-bottomup ran for 0.808 secs (0.808u,0.s)
Params: n= 290
Tactic call rewrite_strat-bottomup ran for 1.603 secs (1.603u,0.s) (success)
Tactic call rewrite_strat-bottomup-noop ran for 0.013 secs (0.013u,0.s) (success)
Tactic call abstract+rewrite_strat-bottomup ran for 2.446 secs (2.446u,0.s) (success)
Tactic call close-abstract+rewrite_strat-bottomup ran for 0.827 secs (0.827u,0.s)
Params: n= 310
Tactic call rewrite_strat-bottomup ran for 1.839 secs (1.839u,0.s) (success)
Tactic call rewrite_strat-bottomup-noop ran for 0.005 secs (0.005u,0.s) (success)
Tactic call abstract+rewrite_strat-bottomup ran for 2.92 secs (2.92u,0.s) (success)
Tactic call close-abstract+rewrite_strat-bottomup ran for 1.074 secs (1.073u,0.s)
Params: n= 320
Tactic call rewrite_strat-bottomup ran for 2.133 secs (2.121u,0.011s) (success)
Tactic call rewrite_strat-bottomup-noop ran for 0.006 secs (0.006u,0.s) (success)
Tactic call abstract+rewrite_strat-bottomup ran for 3.241 secs (3.228u,0.011s) (success)
Tactic call close-abstract+rewrite_strat-bottomup ran for 1.099 secs (1.099u,0.s)
Params: n= 330
Tactic call rewrite_strat-bottomup ran for 2.208 secs (2.192u,0.015s) (success)
Tactic call rewrite_strat-bottomup-noop ran for 0.006 secs (0.006u,0.s) (success)
Tactic call abstract+rewrite_strat-bottomup ran for 3.385 secs (3.368u,0.015s) (success)
Tactic call close-abstract+rewrite_strat-bottomup ran for 1.168 secs (1.168u,0.s)
Params: n= 340
Tactic call rewrite_strat-bottomup ran for 2.188 secs (2.188u,0.s) (success)
Tactic call rewrite_strat-bottomup-noop ran for 0.006 secs (0.006u,0.s) (success)
Tactic call abstract+rewrite_strat-bottomup ran for 3.349 secs (3.349u,0.s) (success)
Tactic call close-abstract+rewrite_strat-bottomup ran for 1.151 secs (1.151u,0.s)
Params: n= 360
Tactic call rewrite_strat-bottomup ran for 2.64 secs (2.64u,0.s) (success)
Tactic call rewrite_strat-bottomup-noop ran for 0.006 secs (0.006u,0.s) (success)
Tactic call abstract+rewrite_strat-bottomup ran for 4.038 secs (4.038u,0.s) (success)
Tactic call close-abstract+rewrite_strat-bottomup ran for 1.389 secs (1.389u,0.s)
Params: n= 370
Tactic call rewrite_strat-bottomup ran for 2.789 secs (2.773u,0.015s) (success)
Tactic call rewrite_strat-bottomup-noop ran for 0.017 secs (0.017u,0.s) (success)
Tactic call abstract+rewrite_strat-bottomup ran for 4.151 secs (4.135u,0.015s) (success)
Tactic call close-abstract+rewrite_strat-bottomup ran for 1.342 secs (1.342u,0.s)
Params: n= 380
Tactic call rewrite_strat-bottomup ran for 3.068 secs (3.068u,0.s) (success)
Tactic call rewrite_strat-bottomup-noop ran for 0.008 secs (0.008u,0.s) (success)
Tactic call abstract+rewrite_strat-bottomup ran for 4.515 secs (4.515u,0.s) (success)
Tactic call close-abstract+rewrite_strat-bottomup ran for 1.436 secs (1.436u,0.s)
Params: n= 390
Tactic call rewrite_strat-bottomup ran for 3.327 secs (3.327u,0.s) (success)
Tactic call rewrite_strat-bottomup-noop ran for 0.008 secs (0.008u,0.s) (success)
Tactic call abstract+rewrite_strat-bottomup ran for 4.988 secs (4.988u,0.s) (success)
Tactic call close-abstract+rewrite_strat-bottomup ran for 1.65 secs (1.65u,0.s)
