Params: n= 4
Tactic call rewrite!-regression-quadratic ran for 0. secs (0.u,0.s) (success)
Tactic call rewrite?-noop-regression-linear ran for 0. secs (0.u,0.s) (success)
Tactic call abstract+rewrite!-regression-quadratic ran for 0.001 secs (0.u,0.s) (success)
Tactic call close-abstract+rewrite!-regression-quadratic ran for 0. secs (0.u,0.s)
Params: n= 5
Tactic call rewrite!-regression-quadratic ran for 0. secs (0.u,0.s) (success)
Tactic call rewrite?-noop-regression-linear ran for 0. secs (0.u,0.s) (success)
Tactic call abstract+rewrite!-regression-quadratic ran for 0.001 secs (0.u,0.s) (success)
Tactic call close-abstract+rewrite!-regression-quadratic ran for 0. secs (0.u,0.s)
Params: n= 6
Tactic call rewrite!-regression-quadratic ran for 0. secs (0.u,0.s) (success)
Tactic call rewrite?-noop-regression-linear ran for 0. secs (0.u,0.s) (success)
Tactic call abstract+rewrite!-regression-quadratic ran for 0.001 secs (0.u,0.s) (success)
Tactic call close-abstract+rewrite!-regression-quadratic ran for 0. secs (0.u,0.s)
Params: n= 7
Tactic call rewrite!-regression-quadratic ran for 0. secs (0.u,0.s) (success)
Tactic call rewrite?-noop-regression-linear ran for 0. secs (0.u,0.s) (success)
Tactic call abstract+rewrite!-regression-quadratic ran for 0.001 secs (0.001u,0.s) (success)
Tactic call close-abstract+rewrite!-regression-quadratic ran for 0. secs (0.u,0.s)
Params: n= 8
Tactic call rewrite!-regression-quadratic ran for 0.001 secs (0.001u,0.s) (success)
Tactic call rewrite?-noop-regression-linear ran for 0. secs (0.u,0.s) (success)
Tactic call abstract+rewrite!-regression-quadratic ran for 0.001 secs (0.001u,0.s) (success)
Tactic call close-abstract+rewrite!-regression-quadratic ran for 0. secs (0.u,0.s)
Params: n= 9
Tactic call rewrite!-regression-quadratic ran for 0.001 secs (0.001u,0.s) (success)
Tactic call rewrite?-noop-regression-linear ran for 0. secs (0.u,0.s) (success)
Tactic call abstract+rewrite!-regression-quadratic ran for 0.002 secs (0.002u,0.s) (success)
Tactic call close-abstract+rewrite!-regression-quadratic ran for 0. secs (0.u,0.s)
Params: n= 10
Tactic call rewrite!-regression-quadratic ran for 0.001 secs (0.001u,0.s) (success)
Tactic call rewrite?-noop-regression-linear ran for 0. secs (0.u,0.s) (success)
Tactic call abstract+rewrite!-regression-quadratic ran for 0.002 secs (0.002u,0.s) (success)
Tactic call close-abstract+rewrite!-regression-quadratic ran for 0. secs (0.u,0.s)
Params: n= 11
Tactic call rewrite!-regression-quadratic ran for 0.001 secs (0.001u,0.s) (success)
Tactic call rewrite?-noop-regression-linear ran for 0. secs (0.u,0.s) (success)
Tactic call abstract+rewrite!-regression-quadratic ran for 0.002 secs (0.002u,0.s) (success)
Tactic call close-abstract+rewrite!-regression-quadratic ran for 0. secs (0.u,0.s)
Params: n= 12
Tactic call rewrite!-regression-quadratic ran for 0.002 secs (0.002u,0.s) (success)
Tactic call rewrite?-noop-regression-linear ran for 0. secs (0.u,0.s) (success)
Tactic call abstract+rewrite!-regression-quadratic ran for 0.002 secs (0.002u,0.s) (success)
Tactic call close-abstract+rewrite!-regression-quadratic ran for 0. secs (0.u,0.s)
Params: n= 13
Tactic call rewrite!-regression-quadratic ran for 0.002 secs (0.002u,0.s) (success)
Tactic call rewrite?-noop-regression-linear ran for 0. secs (0.u,0.s) (success)
Tactic call abstract+rewrite!-regression-quadratic ran for 0.003 secs (0.003u,0.s) (success)
Tactic call close-abstract+rewrite!-regression-quadratic ran for 0. secs (0.u,0.s)
Params: n= 14
Tactic call rewrite!-regression-quadratic ran for 0.002 secs (0.002u,0.s) (success)
Tactic call rewrite?-noop-regression-linear ran for 0. secs (0.u,0.s) (success)
Tactic call abstract+rewrite!-regression-quadratic ran for 0.003 secs (0.003u,0.s) (success)
Tactic call close-abstract+rewrite!-regression-quadratic ran for 0. secs (0.u,0.s)
Params: n= 15
Tactic call rewrite!-regression-quadratic ran for 0.002 secs (0.u,0.002s) (success)
Tactic call rewrite?-noop-regression-linear ran for 0. secs (0.u,0.s) (success)
Tactic call abstract+rewrite!-regression-quadratic ran for 0.004 secs (0.u,0.003s) (success)
Tactic call close-abstract+rewrite!-regression-quadratic ran for 0. secs (0.u,0.s)
Params: n= 16
Tactic call rewrite!-regression-quadratic ran for 0.003 secs (0.003u,0.s) (success)
Tactic call rewrite?-noop-regression-linear ran for 0. secs (0.u,0.s) (success)
Tactic call abstract+rewrite!-regression-quadratic ran for 0.004 secs (0.004u,0.s) (success)
Tactic call close-abstract+rewrite!-regression-quadratic ran for 0.001 secs (0.001u,0.s)
Params: n= 17
Tactic call rewrite!-regression-quadratic ran for 0.042 secs (0.035u,0.007s) (success)
Tactic call rewrite?-noop-regression-linear ran for 0. secs (0.u,0.s) (success)
Tactic call abstract+rewrite!-regression-quadratic ran for 0.044 secs (0.036u,0.007s) (success)
Tactic call close-abstract+rewrite!-regression-quadratic ran for 0.001 secs (0.u,0.s)
Params: n= 18
Tactic call rewrite!-regression-quadratic ran for 0.003 secs (0.003u,0.s) (success)
Tactic call rewrite?-noop-regression-linear ran for 0. secs (0.u,0.s) (success)
Tactic call abstract+rewrite!-regression-quadratic ran for 0.004 secs (0.004u,0.s) (success)
Tactic call close-abstract+rewrite!-regression-quadratic ran for 0. secs (0.u,0.s)
Params: n= 19
Tactic call rewrite!-regression-quadratic ran for 0.003 secs (0.003u,0.s) (success)
Tactic call rewrite?-noop-regression-linear ran for 0. secs (0.u,0.s) (success)
Tactic call abstract+rewrite!-regression-quadratic ran for 0.004 secs (0.004u,0.s) (success)
Tactic call close-abstract+rewrite!-regression-quadratic ran for 0. secs (0.u,0.s)
Params: n= 20
Tactic call rewrite!-regression-quadratic ran for 0.003 secs (0.003u,0.s) (success)
Tactic call rewrite?-noop-regression-linear ran for 0. secs (0.u,0.s) (success)
Tactic call abstract+rewrite!-regression-quadratic ran for 0.005 secs (0.005u,0.s) (success)
Tactic call close-abstract+rewrite!-regression-quadratic ran for 0.001 secs (0.001u,0.s)
Params: n= 21
Tactic call rewrite!-regression-quadratic ran for 0.004 secs (0.004u,0.s) (success)
Tactic call rewrite?-noop-regression-linear ran for 0. secs (0.u,0.s) (success)
Tactic call abstract+rewrite!-regression-quadratic ran for 0.005 secs (0.005u,0.s) (success)
Tactic call close-abstract+rewrite!-regression-quadratic ran for 0.001 secs (0.001u,0.s)
Params: n= 22
Tactic call rewrite!-regression-quadratic ran for 0.004 secs (0.004u,0.s) (success)
Tactic call rewrite?-noop-regression-linear ran for 0. secs (0.u,0.s) (success)
Tactic call abstract+rewrite!-regression-quadratic ran for 0.005 secs (0.005u,0.s) (success)
Tactic call close-abstract+rewrite!-regression-quadratic ran for 0.001 secs (0.001u,0.s)
Params: n= 23
Tactic call rewrite!-regression-quadratic ran for 0.004 secs (0.004u,0.s) (success)
Tactic call rewrite?-noop-regression-linear ran for 0. secs (0.u,0.s) (success)
Tactic call abstract+rewrite!-regression-quadratic ran for 0.006 secs (0.006u,0.s) (success)
Tactic call close-abstract+rewrite!-regression-quadratic ran for 0.001 secs (0.001u,0.s)
Params: n= 24
Tactic call rewrite!-regression-quadratic ran for 0.005 secs (0.005u,0.s) (success)
Tactic call rewrite?-noop-regression-linear ran for 0. secs (0.u,0.s) (success)
Tactic call abstract+rewrite!-regression-quadratic ran for 0.007 secs (0.007u,0.s) (success)
Tactic call close-abstract+rewrite!-regression-quadratic ran for 0.001 secs (0.001u,0.s)
Params: n= 25
Tactic call rewrite!-regression-quadratic ran for 0.005 secs (0.005u,0.s) (success)
Tactic call rewrite?-noop-regression-linear ran for 0. secs (0.u,0.s) (success)
Tactic call abstract+rewrite!-regression-quadratic ran for 0.007 secs (0.007u,0.s) (success)
Tactic call close-abstract+rewrite!-regression-quadratic ran for 0.001 secs (0.001u,0.s)
Params: n= 26
Tactic call rewrite!-regression-quadratic ran for 0.005 secs (0.005u,0.s) (success)
Tactic call rewrite?-noop-regression-linear ran for 0. secs (0.u,0.s) (success)
Tactic call abstract+rewrite!-regression-quadratic ran for 0.007 secs (0.007u,0.s) (success)
Tactic call close-abstract+rewrite!-regression-quadratic ran for 0.001 secs (0.001u,0.s)
Params: n= 27
Tactic call rewrite!-regression-quadratic ran for 0.005 secs (0.005u,0.s) (success)
Tactic call rewrite?-noop-regression-linear ran for 0. secs (0.u,0.s) (success)
Tactic call abstract+rewrite!-regression-quadratic ran for 0.008 secs (0.008u,0.s) (success)
Tactic call close-abstract+rewrite!-regression-quadratic ran for 0.001 secs (0.001u,0.s)
Params: n= 28
Tactic call rewrite!-regression-quadratic ran for 0.006 secs (0.006u,0.s) (success)
Tactic call rewrite?-noop-regression-linear ran for 0. secs (0.u,0.s) (success)
Tactic call abstract+rewrite!-regression-quadratic ran for 0.008 secs (0.008u,0.s) (success)
Tactic call close-abstract+rewrite!-regression-quadratic ran for 0.001 secs (0.001u,0.s)
Params: n= 29
Tactic call rewrite!-regression-quadratic ran for 0.008 secs (0.008u,0.s) (success)
Tactic call rewrite?-noop-regression-linear ran for 0. secs (0.u,0.s) (success)
Tactic call abstract+rewrite!-regression-quadratic ran for 0.01 secs (0.01u,0.s) (success)
Tactic call close-abstract+rewrite!-regression-quadratic ran for 0.001 secs (0.001u,0.s)
Params: n= 30
Tactic call rewrite!-regression-quadratic ran for 0.006 secs (0.006u,0.s) (success)
Tactic call rewrite?-noop-regression-linear ran for 0. secs (0.u,0.s) (success)
Tactic call abstract+rewrite!-regression-quadratic ran for 0.009 secs (0.009u,0.s) (success)
Tactic call close-abstract+rewrite!-regression-quadratic ran for 0.002 secs (0.002u,0.s)
Params: n= 31
Tactic call rewrite!-regression-quadratic ran for 0.007 secs (0.007u,0.s) (success)
Tactic call rewrite?-noop-regression-linear ran for 0. secs (0.u,0.s) (success)
Tactic call abstract+rewrite!-regression-quadratic ran for 0.009 secs (0.009u,0.s) (success)
Tactic call close-abstract+rewrite!-regression-quadratic ran for 0.002 secs (0.002u,0.s)
Params: n= 32
Tactic call rewrite!-regression-quadratic ran for 0.008 secs (0.008u,0.s) (success)
Tactic call rewrite?-noop-regression-linear ran for 0. secs (0.u,0.s) (success)
Tactic call abstract+rewrite!-regression-quadratic ran for 0.011 secs (0.011u,0.s) (success)
Tactic call close-abstract+rewrite!-regression-quadratic ran for 0.002 secs (0.002u,0.s)
Params: n= 33
Tactic call rewrite!-regression-quadratic ran for 0.008 secs (0.008u,0.s) (success)
Tactic call rewrite?-noop-regression-linear ran for 0. secs (0.u,0.s) (success)
Tactic call abstract+rewrite!-regression-quadratic ran for 0.011 secs (0.011u,0.s) (success)
Tactic call close-abstract+rewrite!-regression-quadratic ran for 0.002 secs (0.002u,0.s)
Params: n= 34
Tactic call rewrite!-regression-quadratic ran for 0.008 secs (0.008u,0.s) (success)
Tactic call rewrite?-noop-regression-linear ran for 0. secs (0.u,0.s) (success)
Tactic call abstract+rewrite!-regression-quadratic ran for 0.011 secs (0.011u,0.s) (success)
Tactic call close-abstract+rewrite!-regression-quadratic ran for 0.002 secs (0.002u,0.s)
Params: n= 35
Tactic call rewrite!-regression-quadratic ran for 0.011 secs (0.011u,0.s) (success)
Tactic call rewrite?-noop-regression-linear ran for 0. secs (0.u,0.s) (success)
Tactic call abstract+rewrite!-regression-quadratic ran for 0.015 secs (0.015u,0.s) (success)
Tactic call close-abstract+rewrite!-regression-quadratic ran for 0.002 secs (0.002u,0.s)
Params: n= 36
Tactic call rewrite!-regression-quadratic ran for 0.009 secs (0.009u,0.s) (success)
Tactic call rewrite?-noop-regression-linear ran for 0. secs (0.u,0.s) (success)
Tactic call abstract+rewrite!-regression-quadratic ran for 0.012 secs (0.012u,0.s) (success)
Tactic call close-abstract+rewrite!-regression-quadratic ran for 0.002 secs (0.002u,0.s)
Params: n= 37
Tactic call rewrite!-regression-quadratic ran for 0.01 secs (0.01u,0.s) (success)
Tactic call rewrite?-noop-regression-linear ran for 0. secs (0.u,0.s) (success)
Tactic call abstract+rewrite!-regression-quadratic ran for 0.014 secs (0.014u,0.s) (success)
Tactic call close-abstract+rewrite!-regression-quadratic ran for 0.003 secs (0.003u,0.s)
Params: n= 38
Tactic call rewrite!-regression-quadratic ran for 0.011 secs (0.011u,0.s) (success)
Tactic call rewrite?-noop-regression-linear ran for 0. secs (0.u,0.s) (success)
Tactic call abstract+rewrite!-regression-quadratic ran for 0.015 secs (0.015u,0.s) (success)
Tactic call close-abstract+rewrite!-regression-quadratic ran for 0.003 secs (0.003u,0.s)
Params: n= 39
Tactic call rewrite!-regression-quadratic ran for 0.011 secs (0.011u,0.s) (success)
Tactic call rewrite?-noop-regression-linear ran for 0. secs (0.u,0.s) (success)
Tactic call abstract+rewrite!-regression-quadratic ran for 0.014 secs (0.014u,0.s) (success)
Tactic call close-abstract+rewrite!-regression-quadratic ran for 0.003 secs (0.003u,0.s)
Params: n= 40
Tactic call rewrite!-regression-quadratic ran for 0.013 secs (0.013u,0.s) (success)
Tactic call rewrite?-noop-regression-linear ran for 0. secs (0.u,0.s) (success)
Tactic call abstract+rewrite!-regression-quadratic ran for 0.017 secs (0.017u,0.s) (success)
Tactic call close-abstract+rewrite!-regression-quadratic ran for 0.003 secs (0.003u,0.s)
Params: n= 41
Tactic call rewrite!-regression-quadratic ran for 0.011 secs (0.009u,0.002s) (success)
Tactic call rewrite?-noop-regression-linear ran for 0. secs (0.u,0.s) (success)
Tactic call abstract+rewrite!-regression-quadratic ran for 0.016 secs (0.013u,0.002s) (success)
Tactic call close-abstract+rewrite!-regression-quadratic ran for 0.003 secs (0.003u,0.s)
Params: n= 42
Tactic call rewrite!-regression-quadratic ran for 0.013 secs (0.013u,0.s) (success)
Tactic call rewrite?-noop-regression-linear ran for 0. secs (0.u,0.s) (success)
Tactic call abstract+rewrite!-regression-quadratic ran for 0.017 secs (0.017u,0.s) (success)
Tactic call close-abstract+rewrite!-regression-quadratic ran for 0.003 secs (0.003u,0.s)
Params: n= 43
Tactic call rewrite!-regression-quadratic ran for 0.013 secs (0.013u,0.s) (success)
Tactic call rewrite?-noop-regression-linear ran for 0. secs (0.u,0.s) (success)
Tactic call abstract+rewrite!-regression-quadratic ran for 0.018 secs (0.018u,0.s) (success)
Tactic call close-abstract+rewrite!-regression-quadratic ran for 0.004 secs (0.004u,0.s)
Params: n= 44
Tactic call rewrite!-regression-quadratic ran for 0.016 secs (0.016u,0.s) (success)
Tactic call rewrite?-noop-regression-linear ran for 0. secs (0.u,0.s) (success)
Tactic call abstract+rewrite!-regression-quadratic ran for 0.021 secs (0.021u,0.s) (success)
Tactic call close-abstract+rewrite!-regression-quadratic ran for 0.004 secs (0.004u,0.s)
Params: n= 45
Tactic call rewrite!-regression-quadratic ran for 0.014 secs (0.014u,0.s) (success)
Tactic call rewrite?-noop-regression-linear ran for 0. secs (0.u,0.s) (success)
Tactic call abstract+rewrite!-regression-quadratic ran for 0.019 secs (0.019u,0.s) (success)
Tactic call close-abstract+rewrite!-regression-quadratic ran for 0.004 secs (0.004u,0.s)
Params: n= 46
Tactic call rewrite!-regression-quadratic ran for 0.015 secs (0.015u,0.s) (success)
Tactic call rewrite?-noop-regression-linear ran for 0. secs (0.u,0.s) (success)
Tactic call abstract+rewrite!-regression-quadratic ran for 0.02 secs (0.02u,0.s) (success)
Tactic call close-abstract+rewrite!-regression-quadratic ran for 0.004 secs (0.004u,0.s)
Params: n= 47
Tactic call rewrite!-regression-quadratic ran for 0.015 secs (0.015u,0.s) (success)
Tactic call rewrite?-noop-regression-linear ran for 0. secs (0.u,0.s) (success)
Tactic call abstract+rewrite!-regression-quadratic ran for 0.02 secs (0.02u,0.s) (success)
Tactic call close-abstract+rewrite!-regression-quadratic ran for 0.004 secs (0.004u,0.s)
Params: n= 48
Tactic call rewrite!-regression-quadratic ran for 0.017 secs (0.017u,0.s) (success)
Tactic call rewrite?-noop-regression-linear ran for 0. secs (0.u,0.s) (success)
Tactic call abstract+rewrite!-regression-quadratic ran for 0.023 secs (0.023u,0.s) (success)
Tactic call close-abstract+rewrite!-regression-quadratic ran for 0.004 secs (0.004u,0.s)
Params: n= 49
Tactic call rewrite!-regression-quadratic ran for 0.016 secs (0.016u,0.s) (success)
Tactic call rewrite?-noop-regression-linear ran for 0. secs (0.u,0.s) (success)
Tactic call abstract+rewrite!-regression-quadratic ran for 0.022 secs (0.022u,0.s) (success)
Tactic call close-abstract+rewrite!-regression-quadratic ran for 0.004 secs (0.004u,0.s)
Params: n= 51
Tactic call rewrite!-regression-quadratic ran for 0.017 secs (0.017u,0.s) (success)
Tactic call rewrite?-noop-regression-linear ran for 0. secs (0.u,0.s) (success)
Tactic call abstract+rewrite!-regression-quadratic ran for 0.023 secs (0.023u,0.s) (success)
Tactic call close-abstract+rewrite!-regression-quadratic ran for 0.005 secs (0.005u,0.s)
Params: n= 52
Tactic call rewrite!-regression-quadratic ran for 0.02 secs (0.02u,0.s) (success)
Tactic call rewrite?-noop-regression-linear ran for 0. secs (0.u,0.s) (success)
Tactic call abstract+rewrite!-regression-quadratic ran for 0.027 secs (0.027u,0.s) (success)
Tactic call close-abstract+rewrite!-regression-quadratic ran for 0.006 secs (0.006u,0.s)
Params: n= 53
Tactic call rewrite!-regression-quadratic ran for 0.021 secs (0.021u,0.s) (success)
Tactic call rewrite?-noop-regression-linear ran for 0. secs (0.u,0.s) (success)
Tactic call abstract+rewrite!-regression-quadratic ran for 0.028 secs (0.028u,0.s) (success)
Tactic call close-abstract+rewrite!-regression-quadratic ran for 0.005 secs (0.005u,0.s)
Params: n= 54
Tactic call rewrite!-regression-quadratic ran for 0.019 secs (0.019u,0.s) (success)
Tactic call rewrite?-noop-regression-linear ran for 0. secs (0.u,0.s) (success)
Tactic call abstract+rewrite!-regression-quadratic ran for 0.028 secs (0.028u,0.s) (success)
Tactic call close-abstract+rewrite!-regression-quadratic ran for 0.008 secs (0.008u,0.s)
Params: n= 55
Tactic call rewrite!-regression-quadratic ran for 0.02 secs (0.02u,0.s) (success)
Tactic call rewrite?-noop-regression-linear ran for 0. secs (0.u,0.s) (success)
Tactic call abstract+rewrite!-regression-quadratic ran for 0.026 secs (0.026u,0.s) (success)
Tactic call close-abstract+rewrite!-regression-quadratic ran for 0.006 secs (0.006u,0.s)
Params: n= 56
Tactic call rewrite!-regression-quadratic ran for 0.021 secs (0.021u,0.s) (success)
Tactic call rewrite?-noop-regression-linear ran for 0. secs (0.u,0.s) (success)
Tactic call abstract+rewrite!-regression-quadratic ran for 0.028 secs (0.028u,0.s) (success)
Tactic call close-abstract+rewrite!-regression-quadratic ran for 0.006 secs (0.006u,0.s)
Params: n= 57
Tactic call rewrite!-regression-quadratic ran for 0.022 secs (0.022u,0.s) (success)
Tactic call rewrite?-noop-regression-linear ran for 0. secs (0.u,0.s) (success)
Tactic call abstract+rewrite!-regression-quadratic ran for 0.03 secs (0.03u,0.s) (success)
Tactic call close-abstract+rewrite!-regression-quadratic ran for 0.006 secs (0.006u,0.s)
Params: n= 58
Tactic call rewrite!-regression-quadratic ran for 0.022 secs (0.022u,0.s) (success)
Tactic call rewrite?-noop-regression-linear ran for 0. secs (0.u,0.s) (success)
Tactic call abstract+rewrite!-regression-quadratic ran for 0.03 secs (0.03u,0.s) (success)
Tactic call close-abstract+rewrite!-regression-quadratic ran for 0.006 secs (0.006u,0.s)
Params: n= 59
Tactic call rewrite!-regression-quadratic ran for 0.025 secs (0.025u,0.s) (success)
Tactic call rewrite?-noop-regression-linear ran for 0. secs (0.u,0.s) (success)
Tactic call abstract+rewrite!-regression-quadratic ran for 0.032 secs (0.032u,0.s) (success)
Tactic call close-abstract+rewrite!-regression-quadratic ran for 0.006 secs (0.006u,0.s)
Params: n= 60
Tactic call rewrite!-regression-quadratic ran for 0.024 secs (0.024u,0.s) (success)
Tactic call rewrite?-noop-regression-linear ran for 0. secs (0.u,0.s) (success)
Tactic call abstract+rewrite!-regression-quadratic ran for 0.032 secs (0.032u,0.s) (success)
Tactic call close-abstract+rewrite!-regression-quadratic ran for 0.006 secs (0.006u,0.s)
Params: n= 61
Tactic call rewrite!-regression-quadratic ran for 0.025 secs (0.025u,0.s) (success)
Tactic call rewrite?-noop-regression-linear ran for 0. secs (0.u,0.s) (success)
Tactic call abstract+rewrite!-regression-quadratic ran for 0.036 secs (0.036u,0.s) (success)
Tactic call close-abstract+rewrite!-regression-quadratic ran for 0.01 secs (0.01u,0.s)
Params: n= 62
Tactic call rewrite!-regression-quadratic ran for 0.024 secs (0.024u,0.s) (success)
Tactic call rewrite?-noop-regression-linear ran for 0. secs (0.u,0.s) (success)
Tactic call abstract+rewrite!-regression-quadratic ran for 0.034 secs (0.034u,0.s) (success)
Tactic call close-abstract+rewrite!-regression-quadratic ran for 0.008 secs (0.008u,0.s)
Params: n= 63
Tactic call rewrite!-regression-quadratic ran for 0.027 secs (0.027u,0.s) (success)
Tactic call rewrite?-noop-regression-linear ran for 0. secs (0.u,0.s) (success)
Tactic call abstract+rewrite!-regression-quadratic ran for 0.037 secs (0.037u,0.s) (success)
Tactic call close-abstract+rewrite!-regression-quadratic ran for 0.009 secs (0.009u,0.s)
Params: n= 64
Tactic call rewrite!-regression-quadratic ran for 0.026 secs (0.026u,0.s) (success)
Tactic call rewrite?-noop-regression-linear ran for 0. secs (0.u,0.s) (success)
Tactic call abstract+rewrite!-regression-quadratic ran for 0.036 secs (0.036u,0.s) (success)
Tactic call close-abstract+rewrite!-regression-quadratic ran for 0.009 secs (0.009u,0.s)
Params: n= 65
Tactic call rewrite!-regression-quadratic ran for 0.032 secs (0.032u,0.s) (success)
Tactic call rewrite?-noop-regression-linear ran for 0. secs (0.u,0.s) (success)
Tactic call abstract+rewrite!-regression-quadratic ran for 0.041 secs (0.041u,0.s) (success)
Tactic call close-abstract+rewrite!-regression-quadratic ran for 0.008 secs (0.008u,0.s)
Params: n= 66
Tactic call rewrite!-regression-quadratic ran for 0.028 secs (0.028u,0.s) (success)
Tactic call rewrite?-noop-regression-linear ran for 0. secs (0.u,0.s) (success)
Tactic call abstract+rewrite!-regression-quadratic ran for 0.038 secs (0.038u,0.s) (success)
Tactic call close-abstract+rewrite!-regression-quadratic ran for 0.008 secs (0.008u,0.s)
Params: n= 67
Tactic call rewrite!-regression-quadratic ran for 0.031 secs (0.031u,0.s) (success)
Tactic call rewrite?-noop-regression-linear ran for 0. secs (0.u,0.s) (success)
Tactic call abstract+rewrite!-regression-quadratic ran for 0.041 secs (0.041u,0.s) (success)
Tactic call close-abstract+rewrite!-regression-quadratic ran for 0.008 secs (0.008u,0.s)
Params: n= 68
Tactic call rewrite!-regression-quadratic ran for 0.03 secs (0.03u,0.s) (success)
Tactic call rewrite?-noop-regression-linear ran for 0. secs (0.u,0.s) (success)
Tactic call abstract+rewrite!-regression-quadratic ran for 0.041 secs (0.041u,0.s) (success)
Tactic call close-abstract+rewrite!-regression-quadratic ran for 0.01 secs (0.01u,0.s)
Params: n= 69
Tactic call rewrite!-regression-quadratic ran for 0.032 secs (0.032u,0.s) (success)
Tactic call rewrite?-noop-regression-linear ran for 0. secs (0.u,0.s) (success)
Tactic call abstract+rewrite!-regression-quadratic ran for 0.043 secs (0.043u,0.s) (success)
Tactic call close-abstract+rewrite!-regression-quadratic ran for 0.009 secs (0.009u,0.s)
Params: n= 70
Tactic call rewrite!-regression-quadratic ran for 0.032 secs (0.032u,0.s) (success)
Tactic call rewrite?-noop-regression-linear ran for 0. secs (0.u,0.s) (success)
Tactic call abstract+rewrite!-regression-quadratic ran for 0.043 secs (0.043u,0.s) (success)
Tactic call close-abstract+rewrite!-regression-quadratic ran for 0.01 secs (0.01u,0.s)
Params: n= 71
Tactic call rewrite!-regression-quadratic ran for 0.032 secs (0.032u,0.s) (success)
Tactic call rewrite?-noop-regression-linear ran for 0. secs (0.u,0.s) (success)
Tactic call abstract+rewrite!-regression-quadratic ran for 0.043 secs (0.043u,0.s) (success)
Tactic call close-abstract+rewrite!-regression-quadratic ran for 0.009 secs (0.009u,0.s)
Params: n= 72
Tactic call rewrite!-regression-quadratic ran for 0.037 secs (0.037u,0.s) (success)
Tactic call rewrite?-noop-regression-linear ran for 0. secs (0.u,0.s) (success)
Tactic call abstract+rewrite!-regression-quadratic ran for 0.048 secs (0.048u,0.s) (success)
Tactic call close-abstract+rewrite!-regression-quadratic ran for 0.01 secs (0.01u,0.s)
Params: n= 73
Tactic call rewrite!-regression-quadratic ran for 0.034 secs (0.034u,0.s) (success)
Tactic call rewrite?-noop-regression-linear ran for 0. secs (0.u,0.s) (success)
Tactic call abstract+rewrite!-regression-quadratic ran for 0.046 secs (0.046u,0.s) (success)
Tactic call close-abstract+rewrite!-regression-quadratic ran for 0.011 secs (0.011u,0.s)
Params: n= 74
Tactic call rewrite!-regression-quadratic ran for 0.036 secs (0.036u,0.s) (success)
Tactic call rewrite?-noop-regression-linear ran for 0. secs (0.u,0.s) (success)
Tactic call abstract+rewrite!-regression-quadratic ran for 0.048 secs (0.048u,0.s) (success)
Tactic call close-abstract+rewrite!-regression-quadratic ran for 0.01 secs (0.01u,0.s)
Params: n= 75
Tactic call rewrite!-regression-quadratic ran for 0.04 secs (0.04u,0.s) (success)
Tactic call rewrite?-noop-regression-linear ran for 0. secs (0.u,0.s) (success)
Tactic call abstract+rewrite!-regression-quadratic ran for 0.052 secs (0.051u,0.s) (success)
Tactic call close-abstract+rewrite!-regression-quadratic ran for 0.01 secs (0.01u,0.s)
Params: n= 76
Tactic call rewrite!-regression-quadratic ran for 0.036 secs (0.036u,0.s) (success)
Tactic call rewrite?-noop-regression-linear ran for 0. secs (0.u,0.s) (success)
Tactic call abstract+rewrite!-regression-quadratic ran for 0.049 secs (0.049u,0.s) (success)
Tactic call close-abstract+rewrite!-regression-quadratic ran for 0.012 secs (0.012u,0.s)
Params: n= 77
Tactic call rewrite!-regression-quadratic ran for 0.039 secs (0.039u,0.s) (success)
Tactic call rewrite?-noop-regression-linear ran for 0. secs (0.u,0.s) (success)
Tactic call abstract+rewrite!-regression-quadratic ran for 0.051 secs (0.051u,0.s) (success)
Tactic call close-abstract+rewrite!-regression-quadratic ran for 0.011 secs (0.011u,0.s)
Params: n= 78
Tactic call rewrite!-regression-quadratic ran for 0.041 secs (0.041u,0.s) (success)
Tactic call rewrite?-noop-regression-linear ran for 0. secs (0.u,0.s) (success)
Tactic call abstract+rewrite!-regression-quadratic ran for 0.054 secs (0.054u,0.s) (success)
Tactic call close-abstract+rewrite!-regression-quadratic ran for 0.012 secs (0.012u,0.s)
Params: n= 79
Tactic call rewrite!-regression-quadratic ran for 0.041 secs (0.041u,0.s) (success)
Tactic call rewrite?-noop-regression-linear ran for 0. secs (0.u,0.s) (success)
Tactic call abstract+rewrite!-regression-quadratic ran for 0.054 secs (0.054u,0.s) (success)
Tactic call close-abstract+rewrite!-regression-quadratic ran for 0.012 secs (0.012u,0.s)
Params: n= 80
Tactic call rewrite!-regression-quadratic ran for 0.04 secs (0.04u,0.s) (success)
Tactic call rewrite?-noop-regression-linear ran for 0. secs (0.u,0.s) (success)
Tactic call abstract+rewrite!-regression-quadratic ran for 0.054 secs (0.054u,0.s) (success)
Tactic call close-abstract+rewrite!-regression-quadratic ran for 0.012 secs (0.012u,0.s)
Params: n= 81
Tactic call rewrite!-regression-quadratic ran for 0.041 secs (0.041u,0.s) (success)
Tactic call rewrite?-noop-regression-linear ran for 0. secs (0.u,0.s) (success)
Tactic call abstract+rewrite!-regression-quadratic ran for 0.058 secs (0.058u,0.s) (success)
Tactic call close-abstract+rewrite!-regression-quadratic ran for 0.015 secs (0.015u,0.s)
Params: n= 82
Tactic call rewrite!-regression-quadratic ran for 0.042 secs (0.042u,0.s) (success)
Tactic call rewrite?-noop-regression-linear ran for 0. secs (0.u,0.s) (success)
Tactic call abstract+rewrite!-regression-quadratic ran for 0.056 secs (0.056u,0.s) (success)
Tactic call close-abstract+rewrite!-regression-quadratic ran for 0.012 secs (0.012u,0.s)
Params: n= 83
Tactic call rewrite!-regression-quadratic ran for 0.048 secs (0.048u,0.s) (success)
Tactic call rewrite?-noop-regression-linear ran for 0. secs (0.u,0.s) (success)
Tactic call abstract+rewrite!-regression-quadratic ran for 0.062 secs (0.062u,0.s) (success)
Tactic call close-abstract+rewrite!-regression-quadratic ran for 0.012 secs (0.012u,0.s)
Params: n= 84
Tactic call rewrite!-regression-quadratic ran for 0.048 secs (0.048u,0.s) (success)
Tactic call rewrite?-noop-regression-linear ran for 0. secs (0.u,0.s) (success)
Tactic call abstract+rewrite!-regression-quadratic ran for 0.064 secs (0.064u,0.s) (success)
Tactic call close-abstract+rewrite!-regression-quadratic ran for 0.014 secs (0.014u,0.s)
Params: n= 85
Tactic call rewrite!-regression-quadratic ran for 0.047 secs (0.047u,0.s) (success)
Tactic call rewrite?-noop-regression-linear ran for 0. secs (0.u,0.s) (success)
Tactic call abstract+rewrite!-regression-quadratic ran for 0.062 secs (0.062u,0.s) (success)
Tactic call close-abstract+rewrite!-regression-quadratic ran for 0.013 secs (0.013u,0.s)
Params: n= 86
Tactic call rewrite!-regression-quadratic ran for 0.046 secs (0.046u,0.s) (success)
Tactic call rewrite?-noop-regression-linear ran for 0. secs (0.u,0.s) (success)
Tactic call abstract+rewrite!-regression-quadratic ran for 0.061 secs (0.061u,0.s) (success)
Tactic call close-abstract+rewrite!-regression-quadratic ran for 0.014 secs (0.014u,0.s)
Params: n= 87
Tactic call rewrite!-regression-quadratic ran for 0.047 secs (0.047u,0.s) (success)
Tactic call rewrite?-noop-regression-linear ran for 0. secs (0.u,0.s) (success)
Tactic call abstract+rewrite!-regression-quadratic ran for 0.063 secs (0.063u,0.s) (success)
Tactic call close-abstract+rewrite!-regression-quadratic ran for 0.014 secs (0.014u,0.s)
Params: n= 88
Tactic call rewrite!-regression-quadratic ran for 0.05 secs (0.05u,0.s) (success)
Tactic call rewrite?-noop-regression-linear ran for 0. secs (0.u,0.s) (success)
Tactic call abstract+rewrite!-regression-quadratic ran for 0.066 secs (0.066u,0.s) (success)
Tactic call close-abstract+rewrite!-regression-quadratic ran for 0.014 secs (0.014u,0.s)
Params: n= 89
Tactic call rewrite!-regression-quadratic ran for 0.048 secs (0.048u,0.s) (success)
Tactic call rewrite?-noop-regression-linear ran for 0.003 secs (0.003u,0.s) (success)
Tactic call abstract+rewrite!-regression-quadratic ran for 0.068 secs (0.068u,0.s) (success)
Tactic call close-abstract+rewrite!-regression-quadratic ran for 0.015 secs (0.015u,0.s)
Params: n= 90
Tactic call rewrite!-regression-quadratic ran for 0.051 secs (0.05u,0.s) (success)
Tactic call rewrite?-noop-regression-linear ran for 0. secs (0.u,0.s) (success)
Tactic call abstract+rewrite!-regression-quadratic ran for 0.072 secs (0.071u,0.s) (success)
Tactic call close-abstract+rewrite!-regression-quadratic ran for 0.019 secs (0.019u,0.s)
Params: n= 91
Tactic call rewrite!-regression-quadratic ran for 0.053 secs (0.048u,0.003s) (success)
Tactic call rewrite?-noop-regression-linear ran for 0. secs (0.u,0.s) (success)
Tactic call abstract+rewrite!-regression-quadratic ran for 0.073 secs (0.068u,0.003s) (success)
Tactic call close-abstract+rewrite!-regression-quadratic ran for 0.018 secs (0.018u,0.s)
Params: n= 92
Tactic call rewrite!-regression-quadratic ran for 0.055 secs (0.055u,0.s) (success)
Tactic call rewrite?-noop-regression-linear ran for 0. secs (0.u,0.s) (success)
Tactic call abstract+rewrite!-regression-quadratic ran for 0.072 secs (0.072u,0.s) (success)
Tactic call close-abstract+rewrite!-regression-quadratic ran for 0.016 secs (0.016u,0.s)
Params: n= 93
Tactic call rewrite!-regression-quadratic ran for 0.055 secs (0.055u,0.s) (success)
Tactic call rewrite?-noop-regression-linear ran for 0. secs (0.u,0.s) (success)
Tactic call abstract+rewrite!-regression-quadratic ran for 0.073 secs (0.073u,0.s) (success)
Tactic call close-abstract+rewrite!-regression-quadratic ran for 0.016 secs (0.016u,0.s)
Params: n= 94
Tactic call rewrite!-regression-quadratic ran for 0.056 secs (0.056u,0.s) (success)
Tactic call rewrite?-noop-regression-linear ran for 0. secs (0.u,0.s) (success)
Tactic call abstract+rewrite!-regression-quadratic ran for 0.074 secs (0.074u,0.s) (success)
Tactic call close-abstract+rewrite!-regression-quadratic ran for 0.017 secs (0.017u,0.s)
Params: n= 95
Tactic call rewrite!-regression-quadratic ran for 0.056 secs (0.056u,0.s) (success)
Tactic call rewrite?-noop-regression-linear ran for 0. secs (0.u,0.s) (success)
Tactic call abstract+rewrite!-regression-quadratic ran for 0.076 secs (0.076u,0.s) (success)
Tactic call close-abstract+rewrite!-regression-quadratic ran for 0.019 secs (0.019u,0.s)
Params: n= 96
Tactic call rewrite!-regression-quadratic ran for 0.058 secs (0.058u,0.s) (success)
Tactic call rewrite?-noop-regression-linear ran for 0. secs (0.u,0.s) (success)
Tactic call abstract+rewrite!-regression-quadratic ran for 0.079 secs (0.079u,0.s) (success)
Tactic call close-abstract+rewrite!-regression-quadratic ran for 0.018 secs (0.018u,0.s)
Params: n= 97
Tactic call rewrite!-regression-quadratic ran for 0.057 secs (0.057u,0.s) (success)
Tactic call rewrite?-noop-regression-linear ran for 0. secs (0.u,0.s) (success)
Tactic call abstract+rewrite!-regression-quadratic ran for 0.077 secs (0.077u,0.s) (success)
Tactic call close-abstract+rewrite!-regression-quadratic ran for 0.018 secs (0.019u,0.s)
Params: n= 98
Tactic call rewrite!-regression-quadratic ran for 0.06 secs (0.06u,0.s) (success)
Tactic call rewrite?-noop-regression-linear ran for 0. secs (0.u,0.s) (success)
Tactic call abstract+rewrite!-regression-quadratic ran for 0.079 secs (0.079u,0.s) (success)
Tactic call close-abstract+rewrite!-regression-quadratic ran for 0.017 secs (0.017u,0.s)
Params: n= 99
Tactic call rewrite!-regression-quadratic ran for 0.062 secs (0.062u,0.s) (success)
Tactic call rewrite?-noop-regression-linear ran for 0. secs (0.u,0.s) (success)
Tactic call abstract+rewrite!-regression-quadratic ran for 0.083 secs (0.083u,0.s) (success)
Tactic call close-abstract+rewrite!-regression-quadratic ran for 0.019 secs (0.019u,0.s)
Params: n= 110
Tactic call rewrite!-regression-quadratic ran for 0.074 secs (0.074u,0.s) (success)
Tactic call rewrite?-noop-regression-linear ran for 0. secs (0.u,0.s) (success)
Tactic call abstract+rewrite!-regression-quadratic ran for 0.099 secs (0.099u,0.s) (success)
Tactic call close-abstract+rewrite!-regression-quadratic ran for 0.023 secs (0.023u,0.s)
Params: n= 120
Tactic call rewrite!-regression-quadratic ran for 0.089 secs (0.089u,0.s) (success)
Tactic call rewrite?-noop-regression-linear ran for 0. secs (0.u,0.s) (success)
Tactic call abstract+rewrite!-regression-quadratic ran for 0.118 secs (0.118u,0.s) (success)
Tactic call close-abstract+rewrite!-regression-quadratic ran for 0.027 secs (0.027u,0.s)
Params: n= 130
Tactic call rewrite!-regression-quadratic ran for 0.102 secs (0.102u,0.s) (success)
Tactic call rewrite?-noop-regression-linear ran for 0. secs (0.u,0.s) (success)
Tactic call abstract+rewrite!-regression-quadratic ran for 0.136 secs (0.136u,0.s) (success)
Tactic call close-abstract+rewrite!-regression-quadratic ran for 0.031 secs (0.031u,0.s)
Params: n= 140
Tactic call rewrite!-regression-quadratic ran for 0.118 secs (0.114u,0.003s) (success)
Tactic call rewrite?-noop-regression-linear ran for 0.002 secs (0.002u,0.s) (success)
Tactic call abstract+rewrite!-regression-quadratic ran for 0.159 secs (0.155u,0.003s) (success)
Tactic call close-abstract+rewrite!-regression-quadratic ran for 0.038 secs (0.038u,0.s)
Params: n= 160
Tactic call rewrite!-regression-quadratic ran for 0.152 secs (0.152u,0.s) (success)
Tactic call rewrite?-noop-regression-linear ran for 0.001 secs (0.001u,0.s) (success)
Tactic call abstract+rewrite!-regression-quadratic ran for 0.203 secs (0.203u,0.s) (success)
Tactic call close-abstract+rewrite!-regression-quadratic ran for 0.048 secs (0.048u,0.s)
Params: n= 170
Tactic call rewrite!-regression-quadratic ran for 0.175 secs (0.175u,0.s) (success)
Tactic call rewrite?-noop-regression-linear ran for 0.001 secs (0.001u,0.s) (success)
Tactic call abstract+rewrite!-regression-quadratic ran for 0.235 secs (0.235u,0.s) (success)
Tactic call close-abstract+rewrite!-regression-quadratic ran for 0.057 secs (0.057u,0.s)
Params: n= 180
Tactic call rewrite!-regression-quadratic ran for 0.208 secs (0.204u,0.003s) (success)
Tactic call rewrite?-noop-regression-linear ran for 0.001 secs (0.001u,0.s) (success)
Tactic call abstract+rewrite!-regression-quadratic ran for 0.28 secs (0.276u,0.003s) (success)
Tactic call close-abstract+rewrite!-regression-quadratic ran for 0.07 secs (0.07u,0.s)
Params: n= 190
Tactic call rewrite!-regression-quadratic ran for 0.231 secs (0.231u,0.s) (success)
Tactic call rewrite?-noop-regression-linear ran for 0.001 secs (0.001u,0.s) (success)
Tactic call abstract+rewrite!-regression-quadratic ran for 0.311 secs (0.311u,0.s) (success)
Tactic call close-abstract+rewrite!-regression-quadratic ran for 0.078 secs (0.078u,0.s)
Params: n= 210
Tactic call rewrite!-regression-quadratic ran for 0.273 secs (0.273u,0.s) (success)
Tactic call rewrite?-noop-regression-linear ran for 0.001 secs (0.001u,0.s) (success)
Tactic call abstract+rewrite!-regression-quadratic ran for 0.358 secs (0.358u,0.s) (success)
Tactic call close-abstract+rewrite!-regression-quadratic ran for 0.082 secs (0.082u,0.s)
Params: n= 220
Tactic call rewrite!-regression-quadratic ran for 0.279 secs (0.279u,0.s) (success)
Tactic call rewrite?-noop-regression-linear ran for 0.003 secs (0.003u,0.s) (success)
Tactic call abstract+rewrite!-regression-quadratic ran for 0.373 secs (0.373u,0.s) (success)
Tactic call close-abstract+rewrite!-regression-quadratic ran for 0.089 secs (0.089u,0.s)
Params: n= 230
Tactic call rewrite!-regression-quadratic ran for 0.315 secs (0.315u,0.s) (success)
Tactic call rewrite?-noop-regression-linear ran for 0.001 secs (0.001u,0.s) (success)
Tactic call abstract+rewrite!-regression-quadratic ran for 0.416 secs (0.416u,0.s) (success)
Tactic call close-abstract+rewrite!-regression-quadratic ran for 0.099 secs (0.099u,0.s)
Params: n= 240
Tactic call rewrite!-regression-quadratic ran for 0.332 secs (0.332u,0.s) (success)
Tactic call rewrite?-noop-regression-linear ran for 0.001 secs (0.001u,0.s) (success)
Tactic call abstract+rewrite!-regression-quadratic ran for 0.442 secs (0.442u,0.s) (success)
Tactic call close-abstract+rewrite!-regression-quadratic ran for 0.106 secs (0.106u,0.s)
Params: n= 260
Tactic call rewrite!-regression-quadratic ran for 0.421 secs (0.421u,0.s) (success)
Tactic call rewrite?-noop-regression-linear ran for 0.001 secs (0.001u,0.s) (success)
Tactic call abstract+rewrite!-regression-quadratic ran for 0.569 secs (0.569u,0.s) (success)
Tactic call close-abstract+rewrite!-regression-quadratic ran for 0.146 secs (0.146u,0.s)
Params: n= 270
Tactic call rewrite!-regression-quadratic ran for 0.446 secs (0.446u,0.s) (success)
Tactic call rewrite?-noop-regression-linear ran for 0.001 secs (0.001u,0.s) (success)
Tactic call abstract+rewrite!-regression-quadratic ran for 0.584 secs (0.58u,0.003s) (success)
Tactic call close-abstract+rewrite!-regression-quadratic ran for 0.135 secs (0.131u,0.004s)
Params: n= 280
Tactic call rewrite!-regression-quadratic ran for 0.464 secs (0.46u,0.003s) (success)
Tactic call rewrite?-noop-regression-linear ran for 0.001 secs (0.001u,0.s) (success)
Tactic call abstract+rewrite!-regression-quadratic ran for 0.621 secs (0.617u,0.003s) (success)
Tactic call close-abstract+rewrite!-regression-quadratic ran for 0.154 secs (0.154u,0.s)
Params: n= 290
Tactic call rewrite!-regression-quadratic ran for 0.49 secs (0.49u,0.s) (success)
Tactic call rewrite?-noop-regression-linear ran for 0.001 secs (0.001u,0.s) (success)
Tactic call abstract+rewrite!-regression-quadratic ran for 0.65 secs (0.65u,0.s) (success)
Tactic call close-abstract+rewrite!-regression-quadratic ran for 0.157 secs (0.157u,0.s)
Params: n= 310
Tactic call rewrite!-regression-quadratic ran for 0.61 secs (0.61u,0.s) (success)
Tactic call rewrite?-noop-regression-linear ran for 0.001 secs (0.001u,0.s) (success)
Tactic call abstract+rewrite!-regression-quadratic ran for 0.819 secs (0.819u,0.s) (success)
Tactic call close-abstract+rewrite!-regression-quadratic ran for 0.205 secs (0.205u,0.s)
Params: n= 320
Tactic call rewrite!-regression-quadratic ran for 0.602 secs (0.602u,0.s) (success)
Tactic call rewrite?-noop-regression-linear ran for 0.001 secs (0.001u,0.s) (success)
Tactic call abstract+rewrite!-regression-quadratic ran for 0.799 secs (0.799u,0.s) (success)
Tactic call close-abstract+rewrite!-regression-quadratic ran for 0.194 secs (0.194u,0.s)
Params: n= 330
Tactic call rewrite!-regression-quadratic ran for 0.626 secs (0.626u,0.s) (success)
Tactic call rewrite?-noop-regression-linear ran for 0.001 secs (0.001u,0.s) (success)
Tactic call abstract+rewrite!-regression-quadratic ran for 0.835 secs (0.835u,0.s) (success)
Tactic call close-abstract+rewrite!-regression-quadratic ran for 0.206 secs (0.206u,0.s)
Params: n= 340
Tactic call rewrite!-regression-quadratic ran for 0.729 secs (0.729u,0.s) (success)
Tactic call rewrite?-noop-regression-linear ran for 0.002 secs (0.002u,0.s) (success)
Tactic call abstract+rewrite!-regression-quadratic ran for 0.971 secs (0.971u,0.s) (success)
Tactic call close-abstract+rewrite!-regression-quadratic ran for 0.238 secs (0.238u,0.s)
Params: n= 360
Tactic call rewrite!-regression-quadratic ran for 0.746 secs (0.746u,0.s) (success)
Tactic call rewrite?-noop-regression-linear ran for 0.002 secs (0.002u,0.s) (success)
Tactic call abstract+rewrite!-regression-quadratic ran for 0.993 secs (0.993u,0.s) (success)
Tactic call close-abstract+rewrite!-regression-quadratic ran for 0.243 secs (0.243u,0.s)
Params: n= 370
Tactic call rewrite!-regression-quadratic ran for 0.812 secs (0.812u,0.s) (success)
Tactic call rewrite?-noop-regression-linear ran for 0.002 secs (0.002u,0.s) (success)
Tactic call abstract+rewrite!-regression-quadratic ran for 1.106 secs (1.106u,0.s) (success)
Tactic call close-abstract+rewrite!-regression-quadratic ran for 0.29 secs (0.29u,0.s)
Params: n= 380
Tactic call rewrite!-regression-quadratic ran for 0.835 secs (0.835u,0.s) (success)
Tactic call rewrite?-noop-regression-linear ran for 0.002 secs (0.002u,0.s) (success)
Tactic call abstract+rewrite!-regression-quadratic ran for 1.11 secs (1.11u,0.s) (success)
Tactic call close-abstract+rewrite!-regression-quadratic ran for 0.271 secs (0.271u,0.s)
Params: n= 390
Tactic call rewrite!-regression-quadratic ran for 0.889 secs (0.889u,0.s) (success)
Tactic call rewrite?-noop-regression-linear ran for 0.002 secs (0.002u,0.s) (success)
Tactic call abstract+rewrite!-regression-quadratic ran for 1.218 secs (1.218u,0.s) (success)
Tactic call close-abstract+rewrite!-regression-quadratic ran for 0.325 secs (0.325u,0.s)
