Params: n= 1
Tactic call cbv for CanonicalStructuresFlatPHOAS with big_flat ran for 0. secs (0.u,0.s) (success)
Tactic call pre for CanonicalStructuresFlatPHOAS with big_flat ran for 0. secs (0.u,0.s) (success)
Tactic call actual reif for CanonicalStructuresFlatPHOAS with big_flat ran for 0. secs (0.u,0.s)
Tactic call eval lazy for CanonicalStructuresFlatPHOAS with big_flat ran for 0. secs (0.u,0.s)
Tactic call postprocess for CanonicalStructuresFlatPHOAS with big_flat ran for 0. secs (0.u,0.s)
Tactic call norm reif for CanonicalStructuresFlatPHOAS with big_flat ran for 0. secs (0.u,0.s)
Tactic call intros _ for CanonicalStructuresFlatPHOAS with big_flat ran for 0. secs (0.u,0.s) (success)
Tactic call lazy beta iota for CanonicalStructuresFlatPHOAS with big_flat ran for 0. secs (0.u,0.s) (success)
Tactic call transitivity (Denote rv) for CanonicalStructuresFlatPHOAS with big_flat ran for 0. secs (0.u,0.s) (success)
Tactic call reif for CanonicalStructuresFlatPHOAS with big_flat ran for 0. secs (0.u,0.s) (success)
Tactic call post for CanonicalStructuresFlatPHOAS with big_flat ran for 0. secs (0.u,0.s) (success)
Params: n= 2
Tactic call cbv for CanonicalStructuresFlatPHOAS with big_flat ran for 0. secs (0.u,0.s) (success)
Tactic call pre for CanonicalStructuresFlatPHOAS with big_flat ran for 0. secs (0.u,0.s) (success)
Tactic call actual reif for CanonicalStructuresFlatPHOAS with big_flat ran for 0. secs (0.u,0.s)
Tactic call eval lazy for CanonicalStructuresFlatPHOAS with big_flat ran for 0. secs (0.u,0.s)
Tactic call postprocess for CanonicalStructuresFlatPHOAS with big_flat ran for 0. secs (0.u,0.s)
Tactic call norm reif for CanonicalStructuresFlatPHOAS with big_flat ran for 0. secs (0.u,0.s)
Tactic call intros _ for CanonicalStructuresFlatPHOAS with big_flat ran for 0. secs (0.u,0.s) (success)
Tactic call lazy beta iota for CanonicalStructuresFlatPHOAS with big_flat ran for 0. secs (0.u,0.s) (success)
Tactic call transitivity (Denote rv) for CanonicalStructuresFlatPHOAS with big_flat ran for 0. secs (0.u,0.s) (success)
Tactic call reif for CanonicalStructuresFlatPHOAS with big_flat ran for 0. secs (0.u,0.s) (success)
Tactic call post for CanonicalStructuresFlatPHOAS with big_flat ran for 0. secs (0.u,0.s) (success)
Params: n= 3
Tactic call cbv for CanonicalStructuresFlatPHOAS with big_flat ran for 0. secs (0.u,0.s) (success)
Tactic call pre for CanonicalStructuresFlatPHOAS with big_flat ran for 0. secs (0.u,0.s) (success)
Tactic call actual reif for CanonicalStructuresFlatPHOAS with big_flat ran for 0. secs (0.u,0.s)
Tactic call eval lazy for CanonicalStructuresFlatPHOAS with big_flat ran for 0. secs (0.u,0.s)
Tactic call postprocess for CanonicalStructuresFlatPHOAS with big_flat ran for 0. secs (0.u,0.s)
Tactic call norm reif for CanonicalStructuresFlatPHOAS with big_flat ran for 0. secs (0.u,0.s)
Tactic call intros _ for CanonicalStructuresFlatPHOAS with big_flat ran for 0. secs (0.u,0.s) (success)
Tactic call lazy beta iota for CanonicalStructuresFlatPHOAS with big_flat ran for 0. secs (0.u,0.s) (success)
Tactic call transitivity (Denote rv) for CanonicalStructuresFlatPHOAS with big_flat ran for 0. secs (0.u,0.s) (success)
Tactic call reif for CanonicalStructuresFlatPHOAS with big_flat ran for 0. secs (0.u,0.s) (success)
Tactic call post for CanonicalStructuresFlatPHOAS with big_flat ran for 0. secs (0.u,0.s) (success)
Params: n= 4
Tactic call cbv for CanonicalStructuresFlatPHOAS with big_flat ran for 0. secs (0.u,0.s) (success)
Tactic call pre for CanonicalStructuresFlatPHOAS with big_flat ran for 0. secs (0.u,0.s) (success)
Tactic call actual reif for CanonicalStructuresFlatPHOAS with big_flat ran for 0. secs (0.u,0.s)
Tactic call eval lazy for CanonicalStructuresFlatPHOAS with big_flat ran for 0. secs (0.u,0.s)
Tactic call postprocess for CanonicalStructuresFlatPHOAS with big_flat ran for 0. secs (0.u,0.s)
Tactic call norm reif for CanonicalStructuresFlatPHOAS with big_flat ran for 0. secs (0.u,0.s)
Tactic call intros _ for CanonicalStructuresFlatPHOAS with big_flat ran for 0. secs (0.u,0.s) (success)
Tactic call lazy beta iota for CanonicalStructuresFlatPHOAS with big_flat ran for 0. secs (0.u,0.s) (success)
Tactic call transitivity (Denote rv) for CanonicalStructuresFlatPHOAS with big_flat ran for 0. secs (0.u,0.s) (success)
Tactic call reif for CanonicalStructuresFlatPHOAS with big_flat ran for 0. secs (0.u,0.s) (success)
Tactic call post for CanonicalStructuresFlatPHOAS with big_flat ran for 0. secs (0.u,0.s) (success)
