Params: n= 4
Tactic call reify-regression-cubic ran for 0.006 secs (0.005u,0.s)
Tactic call abstract-regression-linear ran for 0. secs (0.u,0.s) (success)
Params: n= 5
Tactic call reify-regression-cubic ran for 0.007 secs (0.007u,0.s)
Tactic call abstract-regression-linear ran for 0. secs (0.u,0.s) (success)
Params: n= 6
Tactic call reify-regression-cubic ran for 0.009 secs (0.009u,0.s)
Tactic call abstract-regression-linear ran for 0. secs (0.u,0.s) (success)
Params: n= 7
Tactic call reify-regression-cubic ran for 0.012 secs (0.012u,0.s)
Tactic call abstract-regression-linear ran for 0. secs (0.u,0.s) (success)
Params: n= 8
Tactic call reify-regression-cubic ran for 0.014 secs (0.014u,0.s)
Tactic call abstract-regression-linear ran for 0. secs (0.u,0.s) (success)
Params: n= 9
Tactic call reify-regression-cubic ran for 0.015 secs (0.015u,0.s)
Tactic call abstract-regression-linear ran for 0. secs (0.u,0.s) (success)
Params: n= 10
Tactic call reify-regression-cubic ran for 0.019 secs (0.019u,0.s)
Tactic call abstract-regression-linear ran for 0. secs (0.u,0.s) (success)
Params: n= 11
Tactic call reify-regression-cubic ran for 0.021 secs (0.021u,0.s)
Tactic call abstract-regression-linear ran for 0. secs (0.u,0.s) (success)
Params: n= 12
Tactic call reify-regression-cubic ran for 0.033 secs (0.033u,0.s)
Tactic call abstract-regression-linear ran for 0. secs (0.u,0.s) (success)
Params: n= 13
Tactic call reify-regression-cubic ran for 0.027 secs (0.027u,0.s)
Tactic call abstract-regression-linear ran for 0.001 secs (0.001u,0.s) (success)
Params: n= 14
Tactic call reify-regression-cubic ran for 0.032 secs (0.032u,0.s)
Tactic call abstract-regression-linear ran for 0. secs (0.u,0.s) (success)
Params: n= 15
Tactic call reify-regression-cubic ran for 0.047 secs (0.047u,0.s)
Tactic call abstract-regression-linear ran for 0. secs (0.u,0.s) (success)
Params: n= 16
Tactic call reify-regression-cubic ran for 0.038 secs (0.038u,0.s)
Tactic call abstract-regression-linear ran for 0. secs (0.u,0.s) (success)
Params: n= 17
Tactic call reify-regression-cubic ran for 0.044 secs (0.044u,0.s)
Tactic call abstract-regression-linear ran for 0. secs (0.u,0.s) (success)
Params: n= 18
Tactic call reify-regression-cubic ran for 0.048 secs (0.048u,0.s)
Tactic call abstract-regression-linear ran for 0. secs (0.u,0.s) (success)
Params: n= 19
Tactic call reify-regression-cubic ran for 0.067 secs (0.067u,0.s)
Tactic call abstract-regression-linear ran for 0. secs (0.u,0.s) (success)
Params: n= 20
Tactic call reify-regression-cubic ran for 0.058 secs (0.058u,0.s)
Tactic call abstract-regression-linear ran for 0.001 secs (0.001u,0.s) (success)
Params: n= 21
Tactic call reify-regression-cubic ran for 0.066 secs (0.066u,0.s)
Tactic call abstract-regression-linear ran for 0.001 secs (0.001u,0.s) (success)
Params: n= 22
Tactic call reify-regression-cubic ran for 0.156 secs (0.156u,0.s)
Tactic call abstract-regression-linear ran for 0.001 secs (0.001u,0.s) (success)
Params: n= 23
Tactic call reify-regression-cubic ran for 0.08 secs (0.08u,0.s)
Tactic call abstract-regression-linear ran for 0.001 secs (0.001u,0.s) (success)
Params: n= 24
Tactic call reify-regression-cubic ran for 0.111 secs (0.111u,0.s)
Tactic call abstract-regression-linear ran for 0.001 secs (0.001u,0.s) (success)
Params: n= 25
Tactic call reify-regression-cubic ran for 0.09 secs (0.09u,0.s)
Tactic call abstract-regression-linear ran for 0.001 secs (0.u,0.001s) (success)
Params: n= 26
Tactic call reify-regression-cubic ran for 0.099 secs (0.098u,0.001s)
Tactic call abstract-regression-linear ran for 0.001 secs (0.001u,0.s) (success)
Params: n= 27
Tactic call reify-regression-cubic ran for 0.104 secs (0.104u,0.s)
Tactic call abstract-regression-linear ran for 0.001 secs (0.001u,0.s) (success)
Params: n= 28
Tactic call reify-regression-cubic ran for 0.125 secs (0.125u,0.s)
Tactic call abstract-regression-linear ran for 0.001 secs (0.001u,0.s) (success)
Params: n= 29
Tactic call reify-regression-cubic ran for 0.137 secs (0.137u,0.s)
Tactic call abstract-regression-linear ran for 0.001 secs (0.001u,0.s) (success)
Params: n= 30
Tactic call reify-regression-cubic ran for 0.223 secs (0.223u,0.s)
Tactic call abstract-regression-linear ran for 0.001 secs (0.001u,0.s) (success)
Params: n= 31
Tactic call reify-regression-cubic ran for 0.159 secs (0.159u,0.s)
Tactic call abstract-regression-linear ran for 0.001 secs (0.001u,0.s) (success)
Params: n= 32
Tactic call reify-regression-cubic ran for 0.152 secs (0.152u,0.s)
Tactic call abstract-regression-linear ran for 0.001 secs (0.001u,0.s) (success)
Params: n= 33
Tactic call reify-regression-cubic ran for 0.18 secs (0.176u,0.003s)
Tactic call abstract-regression-linear ran for 0.001 secs (0.001u,0.s) (success)
Params: n= 34
Tactic call reify-regression-cubic ran for 0.283 secs (0.283u,0.s)
Tactic call abstract-regression-linear ran for 0.001 secs (0.001u,0.s) (success)
Params: n= 35
Tactic call reify-regression-cubic ran for 0.193 secs (0.193u,0.s)
Tactic call abstract-regression-linear ran for 0.001 secs (0.001u,0.s) (success)
Params: n= 36
Tactic call reify-regression-cubic ran for 0.203 secs (0.203u,0.s)
Tactic call abstract-regression-linear ran for 0.001 secs (0.001u,0.s) (success)
Params: n= 37
Tactic call reify-regression-cubic ran for 0.25 secs (0.25u,0.s)
Tactic call abstract-regression-linear ran for 0.001 secs (0.001u,0.s) (success)
Params: n= 38
Tactic call reify-regression-cubic ran for 0.263 secs (0.263u,0.s)
Tactic call abstract-regression-linear ran for 0.001 secs (0.001u,0.s) (success)
Params: n= 39
Tactic call reify-regression-cubic ran for 0.25 secs (0.25u,0.s)
Tactic call abstract-regression-linear ran for 0.001 secs (0.001u,0.s) (success)
Params: n= 40
Tactic call reify-regression-cubic ran for 0.253 secs (0.253u,0.s)
Tactic call abstract-regression-linear ran for 0.002 secs (0.002u,0.s) (success)
Params: n= 41
Tactic call reify-regression-cubic ran for 0.293 secs (0.293u,0.s)
Tactic call abstract-regression-linear ran for 0.002 secs (0.001u,0.s) (success)
Params: n= 42
Tactic call reify-regression-cubic ran for 0.283 secs (0.283u,0.s)
Tactic call abstract-regression-linear ran for 0.001 secs (0.001u,0.s) (success)
Params: n= 43
Tactic call reify-regression-cubic ran for 0.305 secs (0.305u,0.s)
Tactic call abstract-regression-linear ran for 0.001 secs (0.001u,0.s) (success)
Params: n= 44
Tactic call reify-regression-cubic ran for 0.318 secs (0.318u,0.s)
Tactic call abstract-regression-linear ran for 0.001 secs (0.001u,0.s) (success)
Params: n= 45
Tactic call reify-regression-cubic ran for 0.339 secs (0.339u,0.s)
Tactic call abstract-regression-linear ran for 0.001 secs (0.001u,0.s) (success)
Params: n= 46
Tactic call reify-regression-cubic ran for 0.347 secs (0.347u,0.s)
Tactic call abstract-regression-linear ran for 0.001 secs (0.001u,0.s) (success)
Params: n= 47
Tactic call reify-regression-cubic ran for 0.369 secs (0.369u,0.s)
Tactic call abstract-regression-linear ran for 0.002 secs (0.002u,0.s) (success)
Params: n= 48
Tactic call reify-regression-cubic ran for 0.383 secs (0.38u,0.003s)
Tactic call abstract-regression-linear ran for 0.001 secs (0.001u,0.s) (success)
Params: n= 49
Tactic call reify-regression-cubic ran for 0.404 secs (0.403u,0.s)
Tactic call abstract-regression-linear ran for 0.002 secs (0.002u,0.s) (success)
Params: n= 50
Tactic call reify-regression-cubic ran for 0.434 secs (0.434u,0.s)
Tactic call abstract-regression-linear ran for 0.001 secs (0.001u,0.s) (success)
Params: n= 51
Tactic call reify-regression-cubic ran for 0.446 secs (0.446u,0.s)
Tactic call abstract-regression-linear ran for 0.002 secs (0.002u,0.s) (success)
Params: n= 52
Tactic call reify-regression-cubic ran for 0.47 secs (0.47u,0.s)
Tactic call abstract-regression-linear ran for 0.002 secs (0.002u,0.s) (success)
Params: n= 53
Tactic call reify-regression-cubic ran for 0.514 secs (0.514u,0.s)
Tactic call abstract-regression-linear ran for 0.004 secs (0.004u,0.s) (success)
Params: n= 54
Tactic call reify-regression-cubic ran for 0.548 secs (0.548u,0.s)
Tactic call abstract-regression-linear ran for 0.002 secs (0.002u,0.s) (success)
Params: n= 55
Tactic call reify-regression-cubic ran for 0.548 secs (0.548u,0.s)
Tactic call abstract-regression-linear ran for 0.002 secs (0.002u,0.s) (success)
Params: n= 56
Tactic call reify-regression-cubic ran for 0.581 secs (0.581u,0.s)
Tactic call abstract-regression-linear ran for 0.002 secs (0.002u,0.s) (success)
Params: n= 57
Tactic call reify-regression-cubic ran for 0.622 secs (0.618u,0.003s)
Tactic call abstract-regression-linear ran for 0.002 secs (0.002u,0.s) (success)
Params: n= 58
Tactic call reify-regression-cubic ran for 0.613 secs (0.609u,0.003s)
Tactic call abstract-regression-linear ran for 0.002 secs (0.002u,0.s) (success)
Params: n= 59
Tactic call reify-regression-cubic ran for 0.643 secs (0.643u,0.s)
Tactic call abstract-regression-linear ran for 0.002 secs (0.002u,0.s) (success)
Params: n= 60
Tactic call reify-regression-cubic ran for 0.677 secs (0.669u,0.007s)
Tactic call abstract-regression-linear ran for 0.002 secs (0.002u,0.s) (success)
Params: n= 61
Tactic call reify-regression-cubic ran for 0.719 secs (0.719u,0.s)
Tactic call abstract-regression-linear ran for 0.002 secs (0.002u,0.s) (success)
Params: n= 62
Tactic call reify-regression-cubic ran for 0.754 secs (0.754u,0.s)
Tactic call abstract-regression-linear ran for 0.002 secs (0.002u,0.s) (success)
Params: n= 63
Tactic call reify-regression-cubic ran for 0.773 secs (0.773u,0.s)
Tactic call abstract-regression-linear ran for 0.002 secs (0.002u,0.s) (success)
Params: n= 64
Tactic call reify-regression-cubic ran for 0.838 secs (0.838u,0.s)
Tactic call abstract-regression-linear ran for 0.002 secs (0.002u,0.s) (success)
Params: n= 65
Tactic call reify-regression-cubic ran for 0.86 secs (0.86u,0.s)
Tactic call abstract-regression-linear ran for 0.002 secs (0.002u,0.s) (success)
Params: n= 66
Tactic call reify-regression-cubic ran for 0.889 secs (0.889u,0.s)
Tactic call abstract-regression-linear ran for 0.002 secs (0.002u,0.s) (success)
Params: n= 67
Tactic call reify-regression-cubic ran for 0.937 secs (0.937u,0.s)
Tactic call abstract-regression-linear ran for 0.003 secs (0.003u,0.s) (success)
Params: n= 68
Tactic call reify-regression-cubic ran for 1.016 secs (1.012u,0.003s)
Tactic call abstract-regression-linear ran for 0.003 secs (0.003u,0.s) (success)
Params: n= 69
Tactic call reify-regression-cubic ran for 0.976 secs (0.976u,0.s)
Tactic call abstract-regression-linear ran for 0.003 secs (0.003u,0.s) (success)
Params: n= 70
Tactic call reify-regression-cubic ran for 1.021 secs (1.021u,0.s)
Tactic call abstract-regression-linear ran for 0.002 secs (0.002u,0.s) (success)
Params: n= 71
Tactic call reify-regression-cubic ran for 1.081 secs (1.077u,0.003s)
Tactic call abstract-regression-linear ran for 0.002 secs (0.002u,0.s) (success)
Params: n= 72
Tactic call reify-regression-cubic ran for 1.128 secs (1.128u,0.s)
Tactic call abstract-regression-linear ran for 0.003 secs (0.003u,0.s) (success)
Params: n= 73
Tactic call reify-regression-cubic ran for 1.189 secs (1.189u,0.s)
Tactic call abstract-regression-linear ran for 0.002 secs (0.002u,0.s) (success)
Params: n= 74
Tactic call reify-regression-cubic ran for 1.229 secs (1.229u,0.s)
Tactic call abstract-regression-linear ran for 0.003 secs (0.003u,0.s) (success)
Params: n= 75
Tactic call reify-regression-cubic ran for 1.286 secs (1.286u,0.s)
Tactic call abstract-regression-linear ran for 0.003 secs (0.003u,0.s) (success)
Params: n= 76
Tactic call reify-regression-cubic ran for 1.312 secs (1.312u,0.s)
Tactic call abstract-regression-linear ran for 0.003 secs (0.u,0.003s) (success)
Params: n= 77
Tactic call reify-regression-cubic ran for 1.387 secs (1.386u,0.s)
Tactic call abstract-regression-linear ran for 0.003 secs (0.003u,0.s) (success)
Params: n= 78
Tactic call reify-regression-cubic ran for 1.389 secs (1.384u,0.004s)
Tactic call abstract-regression-linear ran for 0.002 secs (0.002u,0.s) (success)
Params: n= 79
Tactic call reify-regression-cubic ran for 1.454 secs (1.453u,0.s)
Tactic call abstract-regression-linear ran for 0.002 secs (0.002u,0.s) (success)
Params: n= 80
Tactic call reify-regression-cubic ran for 1.512 secs (1.511u,0.s)
Tactic call abstract-regression-linear ran for 0.003 secs (0.003u,0.s) (success)
Params: n= 81
Tactic call reify-regression-cubic ran for 1.585 secs (1.585u,0.s)
Tactic call abstract-regression-linear ran for 0.003 secs (0.003u,0.s) (success)
Params: n= 82
Tactic call reify-regression-cubic ran for 1.644 secs (1.644u,0.s)
Tactic call abstract-regression-linear ran for 0.003 secs (0.003u,0.s) (success)
Params: n= 83
Tactic call reify-regression-cubic ran for 1.716 secs (1.715u,0.s)
Tactic call abstract-regression-linear ran for 0.003 secs (0.003u,0.s) (success)
Params: n= 84
Tactic call reify-regression-cubic ran for 1.851 secs (1.848u,0.s)
Tactic call abstract-regression-linear ran for 0.003 secs (0.003u,0.s) (success)
Params: n= 85
Tactic call reify-regression-cubic ran for 1.855 secs (1.855u,0.s)
Tactic call abstract-regression-linear ran for 0.003 secs (0.003u,0.s) (success)
Params: n= 86
Tactic call reify-regression-cubic ran for 1.954 secs (1.953u,0.s)
Tactic call abstract-regression-linear ran for 0.003 secs (0.003u,0.s) (success)
Params: n= 87
Tactic call reify-regression-cubic ran for 1.981 secs (1.981u,0.s)
Tactic call abstract-regression-linear ran for 0.003 secs (0.003u,0.s) (success)
Params: n= 88
Tactic call reify-regression-cubic ran for 1.994 secs (1.994u,0.s)
Tactic call abstract-regression-linear ran for 0.003 secs (0.003u,0.s) (success)
Params: n= 89
Tactic call reify-regression-cubic ran for 2.109 secs (2.109u,0.s)
Tactic call abstract-regression-linear ran for 0.003 secs (0.003u,0.s) (success)
Params: n= 90
Tactic call reify-regression-cubic ran for 2.224 secs (2.224u,0.s)
Tactic call abstract-regression-linear ran for 0.003 secs (0.003u,0.s) (success)
Params: n= 91
Tactic call reify-regression-cubic ran for 2.265 secs (2.265u,0.s)
Tactic call abstract-regression-linear ran for 0.003 secs (0.003u,0.s) (success)
Params: n= 92
Tactic call reify-regression-cubic ran for 2.362 secs (2.362u,0.s)
Tactic call abstract-regression-linear ran for 0.003 secs (0.003u,0.s) (success)
Params: n= 93
Tactic call reify-regression-cubic ran for 2.432 secs (2.432u,0.s)
Tactic call abstract-regression-linear ran for 0.003 secs (0.003u,0.s) (success)
Params: n= 94
Tactic call reify-regression-cubic ran for 2.522 secs (2.52u,0.s)
Tactic call abstract-regression-linear ran for 0.003 secs (0.003u,0.s) (success)
Params: n= 95
Tactic call reify-regression-cubic ran for 2.541 secs (2.54u,0.s)
Tactic call abstract-regression-linear ran for 0.003 secs (0.003u,0.s) (success)
Params: n= 96
Tactic call reify-regression-cubic ran for 2.645 secs (2.644u,0.s)
Tactic call abstract-regression-linear ran for 0.003 secs (0.003u,0.s) (success)
Params: n= 97
Tactic call reify-regression-cubic ran for 2.666 secs (2.666u,0.s)
Tactic call abstract-regression-linear ran for 0.003 secs (0.003u,0.s) (success)
Params: n= 98
Tactic call reify-regression-cubic ran for 2.795 secs (2.794u,0.s)
Tactic call abstract-regression-linear ran for 0.003 secs (0.003u,0.s) (success)
Params: n= 99
Tactic call reify-regression-cubic ran for 2.899 secs (2.898u,0.s)
Tactic call abstract-regression-linear ran for 0.004 secs (0.004u,0.s) (success)
Params: n= 100
Tactic call reify-regression-cubic ran for 2.968 secs (2.968u,0.s)
Tactic call abstract-regression-linear ran for 0.003 secs (0.003u,0.s) (success)
