Params: n= 110
Tactic call reify-regression-cubic ran for 2.612 secs (2.612u,0.s)
Tactic call abstract-regression-linear ran for 0.001 secs (0.001u,0.s) (success)
Params: n= 120
Tactic call reify-regression-cubic ran for 3.483 secs (3.483u,0.s)
Tactic call abstract-regression-linear ran for 0.001 secs (0.001u,0.s) (success)
Params: n= 130
Tactic call reify-regression-cubic ran for 4.438 secs (4.437u,0.s)
Tactic call abstract-regression-linear ran for 0.001 secs (0.001u,0.s) (success)
Params: n= 140
Tactic call reify-regression-cubic ran for 5.91 secs (5.91u,0.s)
Tactic call abstract-regression-linear ran for 0.001 secs (0.001u,0.s) (success)
Params: n= 150
Tactic call reify-regression-cubic ran for 7.546 secs (7.541u,0.003s)
Tactic call abstract-regression-linear ran for 0.002 secs (0.002u,0.s) (success)
Params: n= 160
Tactic call reify-regression-cubic ran for 9.522 secs (9.518u,0.003s)
Tactic call abstract-regression-linear ran for 0.002 secs (0.002u,0.s) (success)
Params: n= 170
Tactic call reify-regression-cubic ran for 11.81 secs (11.804u,0.004s)
Tactic call abstract-regression-linear ran for 0.002 secs (0.u,0.002s) (success)
Params: n= 180
Tactic call reify-regression-cubic ran for 14.568 secs (14.566u,0.001s)
Tactic call abstract-regression-linear ran for 0.002 secs (0.002u,0.s) (success)
Params: n= 190
Tactic call reify-regression-cubic ran for 17.68 secs (17.679u,0.s)
Tactic call abstract-regression-linear ran for 0.002 secs (0.002u,0.s) (success)
Params: n= 200
Tactic call reify-regression-cubic ran for 21.403 secs (21.402u,0.s)
Tactic call abstract-regression-linear ran for 0.002 secs (0.002u,0.s) (success)
