Params: n= 10
Tactic call repeat-rewrite_strat-bottomup-regression-cubic ran for 0.1 secs (0.1u,0.s) (success)
Tactic call noop-repeat-rewrite_strat-bottomup-regression-cubic ran for 0.005 secs (0.004u,0.s) (success)
Tactic call abstract+repeat-rewrite_strat-bottomup-regression-cubic ran for 0.11 secs (0.109u,0.s) (success)
Tactic call close-abstract+repeat-rewrite_strat-bottomup-regression-quadratic ran for 0.004 secs (0.004u,0.s)
Params: n= 20
Tactic call repeat-rewrite_strat-bottomup-regression-cubic ran for 0.529 secs (0.529u,0.s) (success)
Tactic call noop-repeat-rewrite_strat-bottomup-regression-cubic ran for 0.015 secs (0.015u,0.s) (success)
Tactic call abstract+repeat-rewrite_strat-bottomup-regression-cubic ran for 0.558 secs (0.558u,0.s) (success)
Tactic call close-abstract+repeat-rewrite_strat-bottomup-regression-quadratic ran for 0.012 secs (0.012u,0.s)
Params: n= 30
Tactic call repeat-rewrite_strat-bottomup-regression-cubic ran for 2.025 secs (2.025u,0.s) (success)
Tactic call noop-repeat-rewrite_strat-bottomup-regression-cubic ran for 0.038 secs (0.038u,0.s) (success)
Tactic call abstract+repeat-rewrite_strat-bottomup-regression-cubic ran for 2.095 secs (2.095u,0.s) (success)
Tactic call close-abstract+repeat-rewrite_strat-bottomup-regression-quadratic ran for 0.031 secs (0.031u,0.s)
Params: n= 40
Tactic call repeat-rewrite_strat-bottomup-regression-cubic ran for 4.149 secs (4.148u,0.s) (success)
Tactic call noop-repeat-rewrite_strat-bottomup-regression-cubic ran for 0.067 secs (0.067u,0.s) (success)
Tactic call abstract+repeat-rewrite_strat-bottomup-regression-cubic ran for 4.255 secs (4.255u,0.s) (success)
Tactic call close-abstract+repeat-rewrite_strat-bottomup-regression-quadratic ran for 0.038 secs (0.038u,0.s)
