Params: n= 10
Tactic call repeat-rewrite_strat-topdown-regression-cubic ran for 0.156 secs (0.136u,0.02s) (success)
Tactic call noop-repeat-rewrite_strat-topdown-regression-cubic ran for 0.004 secs (0.004u,0.s) (success)
Tactic call abstract+repeat-rewrite_strat-topdown-regression-cubic ran for 0.164 secs (0.143u,0.02s) (success)
Tactic call close-abstract+repeat-rewrite_strat-topdown-regression-quadratic ran for 0.002 secs (0.002u,0.s)
Params: n= 20
Tactic call repeat-rewrite_strat-topdown-regression-cubic ran for 0.342 secs (0.342u,0.s) (success)
Tactic call noop-repeat-rewrite_strat-topdown-regression-cubic ran for 0.011 secs (0.01u,0.s) (success)
Tactic call abstract+repeat-rewrite_strat-topdown-regression-cubic ran for 0.36 secs (0.36u,0.s) (success)
Tactic call close-abstract+repeat-rewrite_strat-topdown-regression-quadratic ran for 0.006 secs (0.006u,0.s)
Params: n= 30
Tactic call repeat-rewrite_strat-topdown-regression-cubic ran for 0.866 secs (0.866u,0.s) (success)
Tactic call noop-repeat-rewrite_strat-topdown-regression-cubic ran for 0.017 secs (0.017u,0.s) (success)
Tactic call abstract+repeat-rewrite_strat-topdown-regression-cubic ran for 0.897 secs (0.896u,0.s) (success)
Tactic call close-abstract+repeat-rewrite_strat-topdown-regression-quadratic ran for 0.012 secs (0.012u,0.s)
Params: n= 40
Tactic call repeat-rewrite_strat-topdown-regression-cubic ran for 1.478 secs (1.477u,0.s) (success)
Tactic call noop-repeat-rewrite_strat-topdown-regression-cubic ran for 0.034 secs (0.034u,0.s) (success)
Tactic call abstract+repeat-rewrite_strat-topdown-regression-cubic ran for 1.538 secs (1.538u,0.s) (success)
Tactic call close-abstract+repeat-rewrite_strat-topdown-regression-quadratic ran for 0.025 secs (0.025u,0.s)
