Params: n= 5
native_compute: Conversion to native code done in 0.00003
native_compute: Compilation done in 0.04790
native_compute: Evaluation done in 0.00022
native_compute: Reification done in 0.00005
Tactic call identity native_compute on PHOAS with big ran for 0.115 secs (0.044u,0.024s) (success)
Params: n= 6
native_compute: Conversion to native code done in 0.00002
native_compute: Compilation done in 0.04810
native_compute: Evaluation done in 0.00024
native_compute: Reification done in 0.00021
Tactic call identity native_compute on PHOAS with big ran for 0.048 secs (0.u,0.s) (success)
Params: n= 7
native_compute: Conversion to native code done in 0.00003
native_compute: Compilation done in 0.04815
native_compute: Evaluation done in 0.00023
native_compute: Reification done in 0.00006
Tactic call identity native_compute on PHOAS with big ran for 0.048 secs (0.u,0.s) (success)
Params: n= 8
native_compute: Conversion to native code done in 0.00003
native_compute: Compilation done in 0.04888
native_compute: Evaluation done in 0.00024
native_compute: Reification done in 0.00006
Tactic call identity native_compute on PHOAS with big ran for 0.049 secs (0.u,0.001s) (success)
Params: n= 9
native_compute: Conversion to native code done in 0.00003
native_compute: Compilation done in 0.04888
native_compute: Evaluation done in 0.00025
native_compute: Reification done in 0.00007
Tactic call identity native_compute on PHOAS with big ran for 0.049 secs (0.u,0.001s) (success)
Params: n= 10
native_compute: Conversion to native code done in 0.00003
native_compute: Compilation done in 0.05010
native_compute: Evaluation done in 0.00024
native_compute: Reification done in 0.00007
Tactic call identity native_compute on PHOAS with big ran for 0.05 secs (0.u,0.s) (success)
Params: n= 11
native_compute: Conversion to native code done in 0.00004
native_compute: Compilation done in 0.04988
native_compute: Evaluation done in 0.00027
native_compute: Reification done in 0.00024
Tactic call identity native_compute on PHOAS with big ran for 0.05 secs (0.u,0.001s) (success)
Params: n= 12
native_compute: Conversion to native code done in 0.00004
native_compute: Compilation done in 0.04987
native_compute: Evaluation done in 0.00024
native_compute: Reification done in 0.00008
Tactic call identity native_compute on PHOAS with big ran for 0.05 secs (0.u,0.s) (success)
Params: n= 13
native_compute: Conversion to native code done in 0.00004
native_compute: Compilation done in 0.05056
native_compute: Evaluation done in 0.00024
native_compute: Reification done in 0.00008
Tactic call identity native_compute on PHOAS with big ran for 0.051 secs (0.u,0.001s) (success)
Params: n= 14
native_compute: Conversion to native code done in 0.00004
native_compute: Compilation done in 0.05007
native_compute: Evaluation done in 0.00026
native_compute: Reification done in 0.00008
Tactic call identity native_compute on PHOAS with big ran for 0.05 secs (0.u,0.001s) (success)
Params: n= 15
native_compute: Conversion to native code done in 0.00004
native_compute: Compilation done in 0.04958
native_compute: Evaluation done in 0.00046
native_compute: Reification done in 0.00009
Tactic call identity native_compute on PHOAS with big ran for 0.05 secs (0.u,0.001s) (success)
Params: n= 16
native_compute: Conversion to native code done in 0.00004
native_compute: Compilation done in 0.05113
native_compute: Evaluation done in 0.00027
native_compute: Reification done in 0.00011
Tactic call identity native_compute on PHOAS with big ran for 0.051 secs (0.u,0.001s) (success)
Params: n= 17
native_compute: Conversion to native code done in 0.00004
native_compute: Compilation done in 0.05143
native_compute: Evaluation done in 0.00026
native_compute: Reification done in 0.00009
Tactic call identity native_compute on PHOAS with big ran for 0.051 secs (0.u,0.001s) (success)
Params: n= 18
native_compute: Conversion to native code done in 0.00005
native_compute: Compilation done in 0.05207
native_compute: Evaluation done in 0.00026
native_compute: Reification done in 0.00010
Tactic call identity native_compute on PHOAS with big ran for 0.052 secs (0.u,0.001s) (success)
Params: n= 19
native_compute: Conversion to native code done in 0.00004
native_compute: Compilation done in 0.05067
native_compute: Evaluation done in 0.00027
native_compute: Reification done in 0.00010
Tactic call identity native_compute on PHOAS with big ran for 0.051 secs (0.u,0.001s) (success)
Params: n= 20
native_compute: Conversion to native code done in 0.00005
native_compute: Compilation done in 0.05137
native_compute: Evaluation done in 0.00026
native_compute: Reification done in 0.00010
Tactic call identity native_compute on PHOAS with big ran for 0.051 secs (0.u,0.s) (success)
Params: n= 21
native_compute: Conversion to native code done in 0.00005
native_compute: Compilation done in 0.05180
native_compute: Evaluation done in 0.00028
native_compute: Reification done in 0.00010
Tactic call identity native_compute on PHOAS with big ran for 0.052 secs (0.u,0.s) (success)
Params: n= 22
native_compute: Conversion to native code done in 0.00005
native_compute: Compilation done in 0.05150
native_compute: Evaluation done in 0.00026
native_compute: Reification done in 0.00010
Tactic call identity native_compute on PHOAS with big ran for 0.052 secs (0.u,0.001s) (success)
Params: n= 23
native_compute: Conversion to native code done in 0.00005
native_compute: Compilation done in 0.05328
native_compute: Evaluation done in 0.00028
native_compute: Reification done in 0.00011
Tactic call identity native_compute on PHOAS with big ran for 0.053 secs (0.u,0.s) (success)
Params: n= 24
native_compute: Conversion to native code done in 0.00005
native_compute: Compilation done in 0.05348
native_compute: Evaluation done in 0.00032
native_compute: Reification done in 0.00012
Tactic call identity native_compute on PHOAS with big ran for 0.054 secs (0.001u,0.s) (success)
Params: n= 25
native_compute: Conversion to native code done in 0.00005
native_compute: Compilation done in 0.05487
native_compute: Evaluation done in 0.00034
native_compute: Reification done in 0.00013
Tactic call identity native_compute on PHOAS with big ran for 0.055 secs (0.001u,0.s) (success)
Params: n= 26
native_compute: Conversion to native code done in 0.00006
native_compute: Compilation done in 0.05501
native_compute: Evaluation done in 0.00030
native_compute: Reification done in 0.00029
Tactic call identity native_compute on PHOAS with big ran for 0.055 secs (0.001u,0.s) (success)
Params: n= 27
native_compute: Conversion to native code done in 0.00006
native_compute: Compilation done in 0.05564
native_compute: Evaluation done in 0.00030
native_compute: Reification done in 0.00013
Tactic call identity native_compute on PHOAS with big ran for 0.056 secs (0.001u,0.s) (success)
Params: n= 28
native_compute: Conversion to native code done in 0.00006
native_compute: Compilation done in 0.05614
native_compute: Evaluation done in 0.00031
native_compute: Reification done in 0.00014
Tactic call identity native_compute on PHOAS with big ran for 0.056 secs (0.001u,0.s) (success)
Params: n= 29
native_compute: Conversion to native code done in 0.00007
native_compute: Compilation done in 0.05550
native_compute: Evaluation done in 0.00029
native_compute: Reification done in 0.00013
Tactic call identity native_compute on PHOAS with big ran for 0.056 secs (0.u,0.001s) (success)
Params: n= 30
native_compute: Conversion to native code done in 0.00007
native_compute: Compilation done in 0.05548
native_compute: Evaluation done in 0.00029
native_compute: Reification done in 0.00030
Tactic call identity native_compute on PHOAS with big ran for 0.056 secs (0.001u,0.s) (success)
Params: n= 31
native_compute: Conversion to native code done in 0.00007
native_compute: Compilation done in 0.05625
native_compute: Evaluation done in 0.00030
native_compute: Reification done in 0.00014
Tactic call identity native_compute on PHOAS with big ran for 0.056 secs (0.001u,0.s) (success)
Params: n= 32
native_compute: Conversion to native code done in 0.00007
native_compute: Compilation done in 0.05648
native_compute: Evaluation done in 0.00029
native_compute: Reification done in 0.00015
Tactic call identity native_compute on PHOAS with big ran for 0.057 secs (0.001u,0.s) (success)
Params: n= 33
native_compute: Conversion to native code done in 0.00007
native_compute: Compilation done in 0.05590
native_compute: Evaluation done in 0.00030
native_compute: Reification done in 0.00033
Tactic call identity native_compute on PHOAS with big ran for 0.056 secs (0.001u,0.s) (success)
Params: n= 34
native_compute: Conversion to native code done in 0.00007
native_compute: Compilation done in 0.05696
native_compute: Evaluation done in 0.00031
native_compute: Reification done in 0.00015
Tactic call identity native_compute on PHOAS with big ran for 0.057 secs (0.001u,0.s) (success)
Params: n= 35
native_compute: Conversion to native code done in 0.00007
native_compute: Compilation done in 0.05721
native_compute: Evaluation done in 0.00034
native_compute: Reification done in 0.00030
Tactic call identity native_compute on PHOAS with big ran for 0.058 secs (0.u,0.001s) (success)
Params: n= 36
native_compute: Conversion to native code done in 0.00007
native_compute: Compilation done in 0.05756
native_compute: Evaluation done in 0.00032
native_compute: Reification done in 0.00015
Tactic call identity native_compute on PHOAS with big ran for 0.058 secs (0.u,0.s) (success)
Params: n= 37
native_compute: Conversion to native code done in 0.00008
native_compute: Compilation done in 0.05718
native_compute: Evaluation done in 0.00031
native_compute: Reification done in 0.00030
Tactic call identity native_compute on PHOAS with big ran for 0.058 secs (0.u,0.001s) (success)
Params: n= 38
native_compute: Conversion to native code done in 0.00008
native_compute: Compilation done in 0.05787
native_compute: Evaluation done in 0.00033
native_compute: Reification done in 0.00017
Tactic call identity native_compute on PHOAS with big ran for 0.058 secs (0.u,0.001s) (success)
Params: n= 39
native_compute: Conversion to native code done in 0.00008
native_compute: Compilation done in 0.05822
native_compute: Evaluation done in 0.00035
native_compute: Reification done in 0.00032
Tactic call identity native_compute on PHOAS with big ran for 0.059 secs (0.001u,0.s) (success)
Params: n= 40
native_compute: Conversion to native code done in 0.00008
native_compute: Compilation done in 0.05829
native_compute: Evaluation done in 0.00033
native_compute: Reification done in 0.00017
Tactic call identity native_compute on PHOAS with big ran for 0.059 secs (0.001u,0.s) (success)
Params: n= 41
native_compute: Conversion to native code done in 0.00008
native_compute: Compilation done in 0.05985
native_compute: Evaluation done in 0.00033
native_compute: Reification done in 0.00018
Tactic call identity native_compute on PHOAS with big ran for 0.06 secs (0.001u,0.s) (success)
Params: n= 42
native_compute: Conversion to native code done in 0.00008
native_compute: Compilation done in 0.05934
native_compute: Evaluation done in 0.00034
native_compute: Reification done in 0.00033
Tactic call identity native_compute on PHOAS with big ran for 0.06 secs (0.001u,0.s) (success)
Params: n= 43
native_compute: Conversion to native code done in 0.00008
native_compute: Compilation done in 0.06008
native_compute: Evaluation done in 0.00035
native_compute: Reification done in 0.00019
Tactic call identity native_compute on PHOAS with big ran for 0.06 secs (0.001u,0.s) (success)
Params: n= 44
native_compute: Conversion to native code done in 0.00009
native_compute: Compilation done in 0.06043
native_compute: Evaluation done in 0.00035
native_compute: Reification done in 0.00019
Tactic call identity native_compute on PHOAS with big ran for 0.061 secs (0.001u,0.s) (success)
Params: n= 45
native_compute: Conversion to native code done in 0.00009
native_compute: Compilation done in 0.06052
native_compute: Evaluation done in 0.00036
native_compute: Reification done in 0.00019
Tactic call identity native_compute on PHOAS with big ran for 0.061 secs (0.001u,0.s) (success)
Params: n= 46
native_compute: Conversion to native code done in 0.00009
native_compute: Compilation done in 0.06121
native_compute: Evaluation done in 0.00037
native_compute: Reification done in 0.00035
Tactic call identity native_compute on PHOAS with big ran for 0.062 secs (0.002u,0.s) (success)
Params: n= 47
native_compute: Conversion to native code done in 0.00009
native_compute: Compilation done in 0.06074
native_compute: Evaluation done in 0.00034
native_compute: Reification done in 0.00020
Tactic call identity native_compute on PHOAS with big ran for 0.061 secs (0.001u,0.s) (success)
Params: n= 48
native_compute: Conversion to native code done in 0.00012
native_compute: Compilation done in 0.06113
native_compute: Evaluation done in 0.00036
native_compute: Reification done in 0.00021
Tactic call identity native_compute on PHOAS with big ran for 0.061 secs (0.001u,0.s) (success)
Params: n= 49
native_compute: Conversion to native code done in 0.00010
native_compute: Compilation done in 0.06147
native_compute: Evaluation done in 0.00036
native_compute: Reification done in 0.03233
Tactic call identity native_compute on PHOAS with big ran for 0.094 secs (0.033u,0.s) (success)
Params: n= 50
native_compute: Conversion to native code done in 0.00010
native_compute: Compilation done in 0.06220
native_compute: Evaluation done in 0.00039
native_compute: Reification done in 0.00021
Tactic call identity native_compute on PHOAS with big ran for 0.063 secs (0.001u,0.s) (success)
Params: n= 51
native_compute: Conversion to native code done in 0.00010
native_compute: Compilation done in 0.06220
native_compute: Evaluation done in 0.00037
native_compute: Reification done in 0.00021
Tactic call identity native_compute on PHOAS with big ran for 0.063 secs (0.001u,0.s) (success)
Params: n= 52
native_compute: Conversion to native code done in 0.00010
native_compute: Compilation done in 0.06274
native_compute: Evaluation done in 0.00036
native_compute: Reification done in 0.00021
Tactic call identity native_compute on PHOAS with big ran for 0.063 secs (0.001u,0.s) (success)
Params: n= 53
native_compute: Conversion to native code done in 0.00010
native_compute: Compilation done in 0.06241
native_compute: Evaluation done in 0.00040
native_compute: Reification done in 0.00021
Tactic call identity native_compute on PHOAS with big ran for 0.063 secs (0.001u,0.s) (success)
Params: n= 54
native_compute: Conversion to native code done in 0.00010
native_compute: Compilation done in 0.06398
native_compute: Evaluation done in 0.00039
native_compute: Reification done in 0.00022
Tactic call identity native_compute on PHOAS with big ran for 0.064 secs (0.u,0.001s) (success)
Params: n= 55
native_compute: Conversion to native code done in 0.00011
native_compute: Compilation done in 0.06434
native_compute: Evaluation done in 0.00039
native_compute: Reification done in 0.00023
Tactic call identity native_compute on PHOAS with big ran for 0.065 secs (0.001u,0.s) (success)
Params: n= 56
native_compute: Conversion to native code done in 0.00011
native_compute: Compilation done in 0.06458
native_compute: Evaluation done in 0.00042
native_compute: Reification done in 0.00027
Tactic call identity native_compute on PHOAS with big ran for 0.065 secs (0.002u,0.s) (success)
Params: n= 57
native_compute: Conversion to native code done in 0.00011
native_compute: Compilation done in 0.06614
native_compute: Evaluation done in 0.00040
native_compute: Reification done in 0.00028
Tactic call identity native_compute on PHOAS with big ran for 0.067 secs (0.001u,0.s) (success)
Params: n= 58
native_compute: Conversion to native code done in 0.00011
native_compute: Compilation done in 0.06731
native_compute: Evaluation done in 0.00040
native_compute: Reification done in 0.00024
Tactic call identity native_compute on PHOAS with big ran for 0.068 secs (0.001u,0.001s) (success)
Params: n= 59
native_compute: Conversion to native code done in 0.00011
native_compute: Compilation done in 0.06638
native_compute: Evaluation done in 0.00042
native_compute: Reification done in 0.00025
Tactic call identity native_compute on PHOAS with big ran for 0.067 secs (0.002u,0.s) (success)
Params: n= 60
native_compute: Conversion to native code done in 0.00012
native_compute: Compilation done in 0.06594
native_compute: Evaluation done in 0.00042
native_compute: Reification done in 0.00024
Tactic call identity native_compute on PHOAS with big ran for 0.066 secs (0.001u,0.s) (success)
Params: n= 61
native_compute: Conversion to native code done in 0.00012
native_compute: Compilation done in 0.06678
native_compute: Evaluation done in 0.00040
native_compute: Reification done in 0.00025
Tactic call identity native_compute on PHOAS with big ran for 0.067 secs (0.001u,0.s) (success)
Params: n= 62
native_compute: Conversion to native code done in 0.00012
native_compute: Compilation done in 0.06744
native_compute: Evaluation done in 0.00041
native_compute: Reification done in 0.00025
Tactic call identity native_compute on PHOAS with big ran for 0.068 secs (0.001u,0.s) (success)
Params: n= 63
native_compute: Conversion to native code done in 0.00011
native_compute: Compilation done in 0.06716
native_compute: Evaluation done in 0.00039
native_compute: Reification done in 0.00026
Tactic call identity native_compute on PHOAS with big ran for 0.068 secs (0.001u,0.s) (success)
Params: n= 64
native_compute: Conversion to native code done in 0.00012
native_compute: Compilation done in 0.06820
native_compute: Evaluation done in 0.00041
native_compute: Reification done in 0.00027
Tactic call identity native_compute on PHOAS with big ran for 0.069 secs (0.001u,0.s) (success)
Params: n= 65
native_compute: Conversion to native code done in 0.00012
native_compute: Compilation done in 0.06860
native_compute: Evaluation done in 0.00041
native_compute: Reification done in 0.00027
Tactic call identity native_compute on PHOAS with big ran for 0.069 secs (0.002u,0.s) (success)
Params: n= 66
native_compute: Conversion to native code done in 0.00013
native_compute: Compilation done in 0.06782
native_compute: Evaluation done in 0.00042
native_compute: Reification done in 0.00027
Tactic call identity native_compute on PHOAS with big ran for 0.068 secs (0.001u,0.s) (success)
Params: n= 67
native_compute: Conversion to native code done in 0.00012
native_compute: Compilation done in 0.06798
native_compute: Evaluation done in 0.00043
native_compute: Reification done in 0.00026
Tactic call identity native_compute on PHOAS with big ran for 0.068 secs (0.u,0.002s) (success)
Params: n= 68
native_compute: Conversion to native code done in 0.00013
native_compute: Compilation done in 0.06848
native_compute: Evaluation done in 0.00040
native_compute: Reification done in 0.00026
Tactic call identity native_compute on PHOAS with big ran for 0.069 secs (0.001u,0.s) (success)
Params: n= 69
native_compute: Conversion to native code done in 0.00014
native_compute: Compilation done in 0.06861
native_compute: Evaluation done in 0.00044
native_compute: Reification done in 0.00028
Tactic call identity native_compute on PHOAS with big ran for 0.069 secs (0.001u,0.s) (success)
Params: n= 70
native_compute: Conversion to native code done in 0.00013
native_compute: Compilation done in 0.06888
native_compute: Evaluation done in 0.00043
native_compute: Reification done in 0.00028
Tactic call identity native_compute on PHOAS with big ran for 0.069 secs (0.002u,0.s) (success)
Params: n= 71
native_compute: Conversion to native code done in 0.00013
native_compute: Compilation done in 0.06898
native_compute: Evaluation done in 0.00045
native_compute: Reification done in 0.00029
Tactic call identity native_compute on PHOAS with big ran for 0.07 secs (0.002u,0.s) (success)
Params: n= 72
native_compute: Conversion to native code done in 0.00013
native_compute: Compilation done in 0.06915
native_compute: Evaluation done in 0.00043
native_compute: Reification done in 0.00029
Tactic call identity native_compute on PHOAS with big ran for 0.07 secs (0.002u,0.s) (success)
Params: n= 73
native_compute: Conversion to native code done in 0.00014
native_compute: Compilation done in 0.06937
native_compute: Evaluation done in 0.00043
native_compute: Reification done in 0.00029
Tactic call identity native_compute on PHOAS with big ran for 0.07 secs (0.002u,0.s) (success)
Params: n= 74
native_compute: Conversion to native code done in 0.00013
native_compute: Compilation done in 0.06959
native_compute: Evaluation done in 0.00046
native_compute: Reification done in 0.00029
Tactic call identity native_compute on PHOAS with big ran for 0.07 secs (0.001u,0.s) (success)
Params: n= 75
native_compute: Conversion to native code done in 0.00014
native_compute: Compilation done in 0.07025
native_compute: Evaluation done in 0.00045
native_compute: Reification done in 0.00029
Tactic call identity native_compute on PHOAS with big ran for 0.071 secs (0.001u,0.s) (success)
Params: n= 76
native_compute: Conversion to native code done in 0.00014
native_compute: Compilation done in 0.07089
native_compute: Evaluation done in 0.00043
native_compute: Reification done in 0.00030
Tactic call identity native_compute on PHOAS with big ran for 0.071 secs (0.001u,0.s) (success)
Params: n= 77
native_compute: Conversion to native code done in 0.01513
native_compute: Compilation done in 0.07290
native_compute: Evaluation done in 0.00045
native_compute: Reification done in 0.00031
Tactic call identity native_compute on PHOAS with big ran for 0.088 secs (0.016u,0.s) (success)
Params: n= 78
native_compute: Conversion to native code done in 0.00014
native_compute: Compilation done in 0.07101
native_compute: Evaluation done in 0.00047
native_compute: Reification done in 0.00031
Tactic call identity native_compute on PHOAS with big ran for 0.072 secs (0.002u,0.s) (success)
Params: n= 79
native_compute: Conversion to native code done in 0.00015
native_compute: Compilation done in 0.07100
native_compute: Evaluation done in 0.00045
native_compute: Reification done in 0.00031
Tactic call identity native_compute on PHOAS with big ran for 0.072 secs (0.u,0.002s) (success)
Params: n= 80
native_compute: Conversion to native code done in 0.00014
native_compute: Compilation done in 0.07149
native_compute: Evaluation done in 0.00047
native_compute: Reification done in 0.00032
Tactic call identity native_compute on PHOAS with big ran for 0.072 secs (0.001u,0.s) (success)
Params: n= 81
native_compute: Conversion to native code done in 0.00015
native_compute: Compilation done in 0.07199
native_compute: Evaluation done in 0.00048
native_compute: Reification done in 0.00031
Tactic call identity native_compute on PHOAS with big ran for 0.073 secs (0.001u,0.s) (success)
Params: n= 82
native_compute: Conversion to native code done in 0.00015
native_compute: Compilation done in 0.07304
native_compute: Evaluation done in 0.00047
native_compute: Reification done in 0.00031
Tactic call identity native_compute on PHOAS with big ran for 0.074 secs (0.002u,0.s) (success)
Params: n= 83
native_compute: Conversion to native code done in 0.00015
native_compute: Compilation done in 0.07292
native_compute: Evaluation done in 0.00050
native_compute: Reification done in 0.00032
Tactic call identity native_compute on PHOAS with big ran for 0.074 secs (0.002u,0.s) (success)
Params: n= 84
native_compute: Conversion to native code done in 0.00015
native_compute: Compilation done in 0.07442
native_compute: Evaluation done in 0.00050
native_compute: Reification done in 0.00035
Tactic call identity native_compute on PHOAS with big ran for 0.075 secs (0.002u,0.s) (success)
Params: n= 85
native_compute: Conversion to native code done in 0.00016
native_compute: Compilation done in 0.07522
native_compute: Evaluation done in 0.00050
native_compute: Reification done in 0.00034
Tactic call identity native_compute on PHOAS with big ran for 0.076 secs (0.002u,0.s) (success)
Params: n= 86
native_compute: Conversion to native code done in 0.00015
native_compute: Compilation done in 0.07593
native_compute: Evaluation done in 0.00047
native_compute: Reification done in 0.00034
Tactic call identity native_compute on PHOAS with big ran for 0.077 secs (0.002u,0.s) (success)
Params: n= 87
native_compute: Conversion to native code done in 0.00017
native_compute: Compilation done in 0.07658
native_compute: Evaluation done in 0.00052
native_compute: Reification done in 0.00035
Tactic call identity native_compute on PHOAS with big ran for 0.077 secs (0.001u,0.001s) (success)
Params: n= 88
native_compute: Conversion to native code done in 0.00016
native_compute: Compilation done in 0.07651
native_compute: Evaluation done in 0.00049
native_compute: Reification done in 0.00035
Tactic call identity native_compute on PHOAS with big ran for 0.077 secs (0.001u,0.s) (success)
Params: n= 89
native_compute: Conversion to native code done in 0.00016
native_compute: Compilation done in 0.07690
native_compute: Evaluation done in 0.00051
native_compute: Reification done in 0.00034
Tactic call identity native_compute on PHOAS with big ran for 0.078 secs (0.002u,0.s) (success)
Params: n= 90
native_compute: Conversion to native code done in 0.00016
native_compute: Compilation done in 0.07741
native_compute: Evaluation done in 0.00052
native_compute: Reification done in 0.00049
Tactic call identity native_compute on PHOAS with big ran for 0.078 secs (0.002u,0.s) (success)
Params: n= 91
native_compute: Conversion to native code done in 0.00017
native_compute: Compilation done in 0.07742
native_compute: Evaluation done in 0.00049
native_compute: Reification done in 0.00035
Tactic call identity native_compute on PHOAS with big ran for 0.078 secs (0.002u,0.s) (success)
Params: n= 92
native_compute: Conversion to native code done in 0.00017
native_compute: Compilation done in 0.07898
native_compute: Evaluation done in 0.00051
native_compute: Reification done in 0.00039
Tactic call identity native_compute on PHOAS with big ran for 0.08 secs (0.002u,0.s) (success)
Params: n= 93
native_compute: Conversion to native code done in 0.00016
native_compute: Compilation done in 0.07844
native_compute: Evaluation done in 0.00054
native_compute: Reification done in 0.00037
Tactic call identity native_compute on PHOAS with big ran for 0.079 secs (0.002u,0.s) (success)
Params: n= 94
native_compute: Conversion to native code done in 0.00018
native_compute: Compilation done in 0.07991
native_compute: Evaluation done in 0.00050
native_compute: Reification done in 0.00036
Tactic call identity native_compute on PHOAS with big ran for 0.081 secs (0.002u,0.s) (success)
Params: n= 95
native_compute: Conversion to native code done in 0.00017
native_compute: Compilation done in 0.07991
native_compute: Evaluation done in 0.00052
native_compute: Reification done in 0.00037
Tactic call identity native_compute on PHOAS with big ran for 0.081 secs (0.u,0.002s) (success)
Params: n= 96
native_compute: Conversion to native code done in 0.00018
native_compute: Compilation done in 0.07976
native_compute: Evaluation done in 0.00053
native_compute: Reification done in 0.00037
Tactic call identity native_compute on PHOAS with big ran for 0.08 secs (0.002u,0.s) (success)
Params: n= 97
native_compute: Conversion to native code done in 0.00018
native_compute: Compilation done in 0.08069
native_compute: Evaluation done in 0.00051
native_compute: Reification done in 0.00167
Tactic call identity native_compute on PHOAS with big ran for 0.083 secs (0.003u,0.s) (success)
Params: n= 98
native_compute: Conversion to native code done in 0.00018
native_compute: Compilation done in 0.08142
native_compute: Evaluation done in 0.00054
native_compute: Reification done in 0.00040
Tactic call identity native_compute on PHOAS with big ran for 0.082 secs (0.002u,0.s) (success)
Params: n= 99
native_compute: Conversion to native code done in 0.00018
native_compute: Compilation done in 0.08118
native_compute: Evaluation done in 0.00057
native_compute: Reification done in 0.00037
Tactic call identity native_compute on PHOAS with big ran for 0.082 secs (0.002u,0.s) (success)
Params: n= 100
native_compute: Conversion to native code done in 0.00018
native_compute: Compilation done in 0.08175
native_compute: Evaluation done in 0.00056
native_compute: Reification done in 0.00039
Tactic call identity native_compute on PHOAS with big ran for 0.083 secs (0.002u,0.s) (success)
Params: n= 101
native_compute: Conversion to native code done in 0.00018
native_compute: Compilation done in 0.08188
native_compute: Evaluation done in 0.00052
native_compute: Reification done in 0.00039
Tactic call identity native_compute on PHOAS with big ran for 0.083 secs (0.002u,0.s) (success)
Params: n= 102
native_compute: Conversion to native code done in 0.00018
native_compute: Compilation done in 0.08253
native_compute: Evaluation done in 0.00055
native_compute: Reification done in 0.00040
Tactic call identity native_compute on PHOAS with big ran for 0.083 secs (0.002u,0.s) (success)
Params: n= 103
native_compute: Conversion to native code done in 0.00019
native_compute: Compilation done in 0.08195
native_compute: Evaluation done in 0.00057
native_compute: Reification done in 0.00039
Tactic call identity native_compute on PHOAS with big ran for 0.083 secs (0.002u,0.s) (success)
Params: n= 104
native_compute: Conversion to native code done in 0.00019
native_compute: Compilation done in 0.08235
native_compute: Evaluation done in 0.00055
native_compute: Reification done in 0.00040
Tactic call identity native_compute on PHOAS with big ran for 0.083 secs (0.002u,0.s) (success)
Params: n= 105
native_compute: Conversion to native code done in 0.00019
native_compute: Compilation done in 0.08275
native_compute: Evaluation done in 0.00054
native_compute: Reification done in 0.00039
Tactic call identity native_compute on PHOAS with big ran for 0.084 secs (0.002u,0.s) (success)
Params: n= 106
native_compute: Conversion to native code done in 0.00024
native_compute: Compilation done in 0.08361
native_compute: Evaluation done in 0.00057
native_compute: Reification done in 0.00040
Tactic call identity native_compute on PHOAS with big ran for 0.084 secs (0.002u,0.s) (success)
Params: n= 107
native_compute: Conversion to native code done in 0.00019
native_compute: Compilation done in 0.08366
native_compute: Evaluation done in 0.00063
native_compute: Reification done in 0.00041
Tactic call identity native_compute on PHOAS with big ran for 0.085 secs (0.002u,0.s) (success)
Params: n= 108
native_compute: Conversion to native code done in 0.00019
native_compute: Compilation done in 0.08294
native_compute: Evaluation done in 0.00055
native_compute: Reification done in 0.00041
Tactic call identity native_compute on PHOAS with big ran for 0.084 secs (0.002u,0.s) (success)
Params: n= 109
native_compute: Conversion to native code done in 0.00022
native_compute: Compilation done in 0.08294
native_compute: Evaluation done in 0.00056
native_compute: Reification done in 0.00045
Tactic call identity native_compute on PHOAS with big ran for 0.084 secs (0.002u,0.s) (success)
Params: n= 110
native_compute: Conversion to native code done in 0.00020
native_compute: Compilation done in 0.08443
native_compute: Evaluation done in 0.00062
native_compute: Reification done in 0.00043
Tactic call identity native_compute on PHOAS with big ran for 0.085 secs (0.003u,0.s) (success)
Params: n= 111
native_compute: Conversion to native code done in 0.00020
native_compute: Compilation done in 0.08468
native_compute: Evaluation done in 0.00056
native_compute: Reification done in 0.00043
Tactic call identity native_compute on PHOAS with big ran for 0.086 secs (0.003u,0.s) (success)
Params: n= 112
native_compute: Conversion to native code done in 0.00021
native_compute: Compilation done in 0.08465
native_compute: Evaluation done in 0.00060
native_compute: Reification done in 0.00042
Tactic call identity native_compute on PHOAS with big ran for 0.086 secs (0.003u,0.s) (success)
Params: n= 113
native_compute: Conversion to native code done in 0.00021
native_compute: Compilation done in 0.08405
native_compute: Evaluation done in 0.00057
native_compute: Reification done in 0.00041
Tactic call identity native_compute on PHOAS with big ran for 0.085 secs (0.002u,0.s) (success)
Params: n= 114
native_compute: Conversion to native code done in 0.00021
native_compute: Compilation done in 0.08694
native_compute: Evaluation done in 0.00062
native_compute: Reification done in 0.00043
Tactic call identity native_compute on PHOAS with big ran for 0.088 secs (0.003u,0.s) (success)
Params: n= 115
native_compute: Conversion to native code done in 0.00021
native_compute: Compilation done in 0.08685
native_compute: Evaluation done in 0.00061
native_compute: Reification done in 0.00043
Tactic call identity native_compute on PHOAS with big ran for 0.088 secs (0.003u,0.s) (success)
Params: n= 116
native_compute: Conversion to native code done in 0.00020
native_compute: Compilation done in 0.08728
native_compute: Evaluation done in 0.00062
native_compute: Reification done in 0.00044
Tactic call identity native_compute on PHOAS with big ran for 0.088 secs (0.002u,0.s) (success)
Params: n= 117
native_compute: Conversion to native code done in 0.00020
native_compute: Compilation done in 0.08776
native_compute: Evaluation done in 0.00061
native_compute: Reification done in 0.00045
Tactic call identity native_compute on PHOAS with big ran for 0.089 secs (0.002u,0.s) (success)
Params: n= 118
native_compute: Conversion to native code done in 0.00021
native_compute: Compilation done in 0.08759
native_compute: Evaluation done in 0.00061
native_compute: Reification done in 0.00044
Tactic call identity native_compute on PHOAS with big ran for 0.089 secs (0.003u,0.s) (success)
Params: n= 119
native_compute: Conversion to native code done in 0.00022
native_compute: Compilation done in 0.08845
native_compute: Evaluation done in 0.00065
native_compute: Reification done in 0.00054
Tactic call identity native_compute on PHOAS with big ran for 0.09 secs (0.003u,0.s) (success)
Params: n= 120
native_compute: Conversion to native code done in 0.00021
native_compute: Compilation done in 0.08878
native_compute: Evaluation done in 0.00064
native_compute: Reification done in 0.00045
Tactic call identity native_compute on PHOAS with big ran for 0.09 secs (0.003u,0.s) (success)
Params: n= 121
native_compute: Conversion to native code done in 0.00021
native_compute: Compilation done in 0.08791
native_compute: Evaluation done in 0.00064
native_compute: Reification done in 0.00044
Tactic call identity native_compute on PHOAS with big ran for 0.089 secs (0.002u,0.s) (success)
Params: n= 122
native_compute: Conversion to native code done in 0.00024
native_compute: Compilation done in 0.08921
native_compute: Evaluation done in 0.00064
native_compute: Reification done in 0.00046
Tactic call identity native_compute on PHOAS with big ran for 0.09 secs (0.003u,0.s) (success)
Params: n= 123
native_compute: Conversion to native code done in 0.00022
native_compute: Compilation done in 0.08892
native_compute: Evaluation done in 0.00065
native_compute: Reification done in 0.00047
Tactic call identity native_compute on PHOAS with big ran for 0.09 secs (0.003u,0.s) (success)
Params: n= 124
native_compute: Conversion to native code done in 0.00022
native_compute: Compilation done in 0.08983
native_compute: Evaluation done in 0.00065
native_compute: Reification done in 0.00047
Tactic call identity native_compute on PHOAS with big ran for 0.091 secs (0.u,0.003s) (success)
Params: n= 125
native_compute: Conversion to native code done in 0.00023
native_compute: Compilation done in 0.08925
native_compute: Evaluation done in 0.00067
native_compute: Reification done in 0.00048
Tactic call identity native_compute on PHOAS with big ran for 0.09 secs (0.003u,0.s) (success)
Params: n= 126
native_compute: Conversion to native code done in 0.00023
native_compute: Compilation done in 0.08936
native_compute: Evaluation done in 0.00063
native_compute: Reification done in 0.00051
Tactic call identity native_compute on PHOAS with big ran for 0.09 secs (0.003u,0.s) (success)
Params: n= 127
native_compute: Conversion to native code done in 0.00023
native_compute: Compilation done in 0.08963
native_compute: Evaluation done in 0.00064
native_compute: Reification done in 0.00051
Tactic call identity native_compute on PHOAS with big ran for 0.091 secs (0.003u,0.s) (success)
Params: n= 128
native_compute: Conversion to native code done in 0.00023
native_compute: Compilation done in 0.09034
native_compute: Evaluation done in 0.00071
native_compute: Reification done in 0.00048
Tactic call identity native_compute on PHOAS with big ran for 0.091 secs (0.003u,0.s) (success)
Params: n= 129
native_compute: Conversion to native code done in 0.00022
native_compute: Compilation done in 0.08998
native_compute: Evaluation done in 0.00072
native_compute: Reification done in 0.00049
Tactic call identity native_compute on PHOAS with big ran for 0.091 secs (0.003u,0.s) (success)
Params: n= 130
native_compute: Conversion to native code done in 0.00023
native_compute: Compilation done in 0.09228
native_compute: Evaluation done in 0.00068
native_compute: Reification done in 0.00050
Tactic call identity native_compute on PHOAS with big ran for 0.093 secs (0.001u,0.003s) (success)
Params: n= 131
native_compute: Conversion to native code done in 0.00039
native_compute: Compilation done in 0.09124
native_compute: Evaluation done in 0.00079
native_compute: Reification done in 0.00057
Tactic call identity native_compute on PHOAS with big ran for 0.093 secs (0.003u,0.s) (success)
Params: n= 132
native_compute: Conversion to native code done in 0.00023
native_compute: Compilation done in 0.09250
native_compute: Evaluation done in 0.00069
native_compute: Reification done in 0.00050
Tactic call identity native_compute on PHOAS with big ran for 0.094 secs (0.003u,0.s) (success)
Params: n= 133
native_compute: Conversion to native code done in 0.00023
native_compute: Compilation done in 0.09110
native_compute: Evaluation done in 0.00073
native_compute: Reification done in 0.00050
Tactic call identity native_compute on PHOAS with big ran for 0.092 secs (0.003u,0.s) (success)
Params: n= 134
native_compute: Conversion to native code done in 0.00023
native_compute: Compilation done in 0.09228
native_compute: Evaluation done in 0.00073
native_compute: Reification done in 0.00050
Tactic call identity native_compute on PHOAS with big ran for 0.093 secs (0.003u,0.s) (success)
Params: n= 135
native_compute: Conversion to native code done in 0.00024
native_compute: Compilation done in 0.09175
native_compute: Evaluation done in 0.00070
native_compute: Reification done in 0.00050
Tactic call identity native_compute on PHOAS with big ran for 0.093 secs (0.003u,0.s) (success)
Params: n= 136
native_compute: Conversion to native code done in 0.00024
native_compute: Compilation done in 0.09350
native_compute: Evaluation done in 0.00070
native_compute: Reification done in 0.00051
Tactic call identity native_compute on PHOAS with big ran for 0.095 secs (0.u,0.002s) (success)
Params: n= 137
native_compute: Conversion to native code done in 0.00025
native_compute: Compilation done in 0.09255
native_compute: Evaluation done in 0.00071
native_compute: Reification done in 0.00050
Tactic call identity native_compute on PHOAS with big ran for 0.094 secs (0.002u,0.s) (success)
Params: n= 138
native_compute: Conversion to native code done in 0.00025
native_compute: Compilation done in 0.09332
native_compute: Evaluation done in 0.00069
native_compute: Reification done in 0.00052
Tactic call identity native_compute on PHOAS with big ran for 0.094 secs (0.003u,0.s) (success)
Params: n= 139
native_compute: Conversion to native code done in 0.00024
native_compute: Compilation done in 0.09614
native_compute: Evaluation done in 0.00067
native_compute: Reification done in 0.00052
Tactic call identity native_compute on PHOAS with big ran for 0.097 secs (0.003u,0.s) (success)
Params: n= 140
native_compute: Conversion to native code done in 0.00024
native_compute: Compilation done in 0.09593
native_compute: Evaluation done in 0.00070
native_compute: Reification done in 0.00062
Tactic call identity native_compute on PHOAS with big ran for 0.097 secs (0.u,0.002s) (success)
Params: n= 141
native_compute: Conversion to native code done in 0.00026
native_compute: Compilation done in 0.09537
native_compute: Evaluation done in 0.00074
native_compute: Reification done in 0.00053
Tactic call identity native_compute on PHOAS with big ran for 0.097 secs (0.002u,0.s) (success)
Params: n= 142
native_compute: Conversion to native code done in 0.00025
native_compute: Compilation done in 0.09510
native_compute: Evaluation done in 0.00071
native_compute: Reification done in 0.00053
Tactic call identity native_compute on PHOAS with big ran for 0.096 secs (0.u,0.003s) (success)
Params: n= 143
native_compute: Conversion to native code done in 0.00043
native_compute: Compilation done in 0.09697
native_compute: Evaluation done in 0.00076
native_compute: Reification done in 0.00053
Tactic call identity native_compute on PHOAS with big ran for 0.098 secs (0.003u,0.s) (success)
Params: n= 144
native_compute: Conversion to native code done in 0.00026
native_compute: Compilation done in 0.09637
native_compute: Evaluation done in 0.00076
native_compute: Reification done in 0.00053
Tactic call identity native_compute on PHOAS with big ran for 0.098 secs (0.003u,0.s) (success)
Params: n= 145
native_compute: Conversion to native code done in 0.00026
native_compute: Compilation done in 0.09581
native_compute: Evaluation done in 0.00072
native_compute: Reification done in 0.00056
Tactic call identity native_compute on PHOAS with big ran for 0.097 secs (0.003u,0.s) (success)
Params: n= 146
native_compute: Conversion to native code done in 0.00026
native_compute: Compilation done in 0.09695
native_compute: Evaluation done in 0.00074
native_compute: Reification done in 0.00055
Tactic call identity native_compute on PHOAS with big ran for 0.098 secs (0.003u,0.s) (success)
Params: n= 147
native_compute: Conversion to native code done in 0.00027
native_compute: Compilation done in 0.09702
native_compute: Evaluation done in 0.00077
native_compute: Reification done in 0.00055
Tactic call identity native_compute on PHOAS with big ran for 0.098 secs (0.003u,0.s) (success)
Params: n= 148
native_compute: Conversion to native code done in 0.00031
native_compute: Compilation done in 0.09729
native_compute: Evaluation done in 0.00078
native_compute: Reification done in 0.00055
Tactic call identity native_compute on PHOAS with big ran for 0.099 secs (0.003u,0.s) (success)
Params: n= 149
native_compute: Conversion to native code done in 0.00027
native_compute: Compilation done in 0.09843
native_compute: Evaluation done in 0.00075
native_compute: Reification done in 0.00056
Tactic call identity native_compute on PHOAS with big ran for 0.1 secs (0.003u,0.s) (success)
Params: n= 150
native_compute: Conversion to native code done in 0.00028
native_compute: Compilation done in 0.09809
native_compute: Evaluation done in 0.00078
native_compute: Reification done in 0.00058
Tactic call identity native_compute on PHOAS with big ran for 0.099 secs (0.003u,0.s) (success)
Params: n= 151
native_compute: Conversion to native code done in 0.00027
native_compute: Compilation done in 0.09750
native_compute: Evaluation done in 0.00076
native_compute: Reification done in 0.00062
Tactic call identity native_compute on PHOAS with big ran for 0.099 secs (0.003u,0.s) (success)
Params: n= 152
native_compute: Conversion to native code done in 0.00028
native_compute: Compilation done in 0.09866
native_compute: Evaluation done in 0.00081
native_compute: Reification done in 0.00056
Tactic call identity native_compute on PHOAS with big ran for 0.1 secs (0.003u,0.s) (success)
Params: n= 153
native_compute: Conversion to native code done in 0.00026
native_compute: Compilation done in 0.09995
native_compute: Evaluation done in 0.00076
native_compute: Reification done in 0.00056
Tactic call identity native_compute on PHOAS with big ran for 0.101 secs (0.u,0.003s) (success)
Params: n= 154
native_compute: Conversion to native code done in 0.00027
native_compute: Compilation done in 0.09937
native_compute: Evaluation done in 0.00084
native_compute: Reification done in 0.00057
Tactic call identity native_compute on PHOAS with big ran for 0.101 secs (0.003u,0.s) (success)
Params: n= 155
native_compute: Conversion to native code done in 0.00028
native_compute: Compilation done in 0.10020
native_compute: Evaluation done in 0.00080
native_compute: Reification done in 0.00061
Tactic call identity native_compute on PHOAS with big ran for 0.102 secs (0.004u,0.s) (success)
Params: n= 156
native_compute: Conversion to native code done in 0.00028
native_compute: Compilation done in 0.09965
native_compute: Evaluation done in 0.00079
native_compute: Reification done in 0.00058
Tactic call identity native_compute on PHOAS with big ran for 0.101 secs (0.002u,0.002s) (success)
Params: n= 157
native_compute: Conversion to native code done in 0.00027
native_compute: Compilation done in 0.10058
native_compute: Evaluation done in 0.00087
native_compute: Reification done in 0.00058
Tactic call identity native_compute on PHOAS with big ran for 0.102 secs (0.004u,0.s) (success)
Params: n= 158
native_compute: Conversion to native code done in 0.00028
native_compute: Compilation done in 0.10018
native_compute: Evaluation done in 0.00095
native_compute: Reification done in 0.00061
Tactic call identity native_compute on PHOAS with big ran for 0.102 secs (0.004u,0.s) (success)
Params: n= 159
native_compute: Conversion to native code done in 0.00028
native_compute: Compilation done in 0.10110
native_compute: Evaluation done in 0.00085
native_compute: Reification done in 0.00058
Tactic call identity native_compute on PHOAS with big ran for 0.102 secs (0.004u,0.s) (success)
Params: n= 160
native_compute: Conversion to native code done in 0.00029
native_compute: Compilation done in 0.10270
native_compute: Evaluation done in 0.00086
native_compute: Reification done in 0.00059
Tactic call identity native_compute on PHOAS with big ran for 0.104 secs (0.004u,0.s) (success)
Params: n= 161
native_compute: Conversion to native code done in 0.00029
native_compute: Compilation done in 0.10421
native_compute: Evaluation done in 0.00082
native_compute: Reification done in 0.00059
Tactic call identity native_compute on PHOAS with big ran for 0.106 secs (0.001u,0.002s) (success)
Params: n= 162
native_compute: Conversion to native code done in 0.00028
native_compute: Compilation done in 0.10235
native_compute: Evaluation done in 0.00087
native_compute: Reification done in 0.00060
Tactic call identity native_compute on PHOAS with big ran for 0.104 secs (0.004u,0.s) (success)
Params: n= 163
native_compute: Conversion to native code done in 0.00030
native_compute: Compilation done in 0.10389
native_compute: Evaluation done in 0.00080
native_compute: Reification done in 0.00060
Tactic call identity native_compute on PHOAS with big ran for 0.105 secs (0.003u,0.s) (success)
Params: n= 164
native_compute: Conversion to native code done in 0.00038
native_compute: Compilation done in 0.10357
native_compute: Evaluation done in 0.00087
native_compute: Reification done in 0.00061
Tactic call identity native_compute on PHOAS with big ran for 0.105 secs (0.004u,0.s) (success)
Params: n= 165
native_compute: Conversion to native code done in 0.00031
native_compute: Compilation done in 0.10430
native_compute: Evaluation done in 0.00082
native_compute: Reification done in 0.00064
Tactic call identity native_compute on PHOAS with big ran for 0.106 secs (0.004u,0.s) (success)
Params: n= 166
native_compute: Conversion to native code done in 0.00030
native_compute: Compilation done in 0.10527
native_compute: Evaluation done in 0.00085
native_compute: Reification done in 0.00071
Tactic call identity native_compute on PHOAS with big ran for 0.107 secs (0.004u,0.s) (success)
Params: n= 167
native_compute: Conversion to native code done in 0.00031
native_compute: Compilation done in 0.10559
native_compute: Evaluation done in 0.00086
native_compute: Reification done in 0.00066
Tactic call identity native_compute on PHOAS with big ran for 0.107 secs (0.004u,0.s) (success)
Params: n= 168
native_compute: Conversion to native code done in 0.00031
native_compute: Compilation done in 0.11570
native_compute: Evaluation done in 0.00097
native_compute: Reification done in 0.00066
Tactic call identity native_compute on PHOAS with big ran for 0.117 secs (0.01u,0.s) (success)
Params: n= 169
native_compute: Conversion to native code done in 0.00035
native_compute: Compilation done in 0.10511
native_compute: Evaluation done in 0.00087
native_compute: Reification done in 0.00062
Tactic call identity native_compute on PHOAS with big ran for 0.107 secs (0.004u,0.s) (success)
Params: n= 170
native_compute: Conversion to native code done in 0.00031
native_compute: Compilation done in 0.10766
native_compute: Evaluation done in 0.00096
native_compute: Reification done in 0.00063
Tactic call identity native_compute on PHOAS with big ran for 0.109 secs (0.004u,0.s) (success)
Params: n= 171
native_compute: Conversion to native code done in 0.00030
native_compute: Compilation done in 0.10697
native_compute: Evaluation done in 0.00087
native_compute: Reification done in 0.00064
Tactic call identity native_compute on PHOAS with big ran for 0.108 secs (0.u,0.003s) (success)
Params: n= 172
native_compute: Conversion to native code done in 0.00032
native_compute: Compilation done in 0.10762
native_compute: Evaluation done in 0.00098
native_compute: Reification done in 0.00063
Tactic call identity native_compute on PHOAS with big ran for 0.109 secs (0.004u,0.s) (success)
Params: n= 173
native_compute: Conversion to native code done in 0.00030
native_compute: Compilation done in 0.10645
native_compute: Evaluation done in 0.00092
native_compute: Reification done in 0.00063
Tactic call identity native_compute on PHOAS with big ran for 0.108 secs (0.001u,0.003s) (success)
Params: n= 174
native_compute: Conversion to native code done in 0.00031
native_compute: Compilation done in 0.10692
native_compute: Evaluation done in 0.00089
native_compute: Reification done in 0.00063
Tactic call identity native_compute on PHOAS with big ran for 0.108 secs (0.004u,0.s) (success)
Params: n= 175
native_compute: Conversion to native code done in 0.00031
native_compute: Compilation done in 0.10755
native_compute: Evaluation done in 0.00092
native_compute: Reification done in 0.00064
Tactic call identity native_compute on PHOAS with big ran for 0.109 secs (0.004u,0.s) (success)
Params: n= 176
native_compute: Conversion to native code done in 0.00032
native_compute: Compilation done in 0.10780
native_compute: Evaluation done in 0.00099
native_compute: Reification done in 0.00066
Tactic call identity native_compute on PHOAS with big ran for 0.109 secs (0.004u,0.s) (success)
Params: n= 177
native_compute: Conversion to native code done in 0.00032
native_compute: Compilation done in 0.10873
native_compute: Evaluation done in 0.00091
native_compute: Reification done in 0.00067
Tactic call identity native_compute on PHOAS with big ran for 0.11 secs (0.004u,0.s) (success)
Params: n= 178
native_compute: Conversion to native code done in 0.00033
native_compute: Compilation done in 0.10876
native_compute: Evaluation done in 0.00095
native_compute: Reification done in 0.00067
Tactic call identity native_compute on PHOAS with big ran for 0.11 secs (0.004u,0.s) (success)
Params: n= 179
native_compute: Conversion to native code done in 0.00032
native_compute: Compilation done in 0.10861
native_compute: Evaluation done in 0.00096
native_compute: Reification done in 0.00066
Tactic call identity native_compute on PHOAS with big ran for 0.11 secs (0.004u,0.s) (success)
Params: n= 180
native_compute: Conversion to native code done in 0.00033
native_compute: Compilation done in 0.10874
native_compute: Evaluation done in 0.00097
native_compute: Reification done in 0.00066
Tactic call identity native_compute on PHOAS with big ran for 0.11 secs (0.004u,0.s) (success)
Params: n= 181
native_compute: Conversion to native code done in 0.00039
native_compute: Compilation done in 0.10828
native_compute: Evaluation done in 0.00094
native_compute: Reification done in 0.00065
Tactic call identity native_compute on PHOAS with big ran for 0.11 secs (0.004u,0.s) (success)
Params: n= 182
native_compute: Conversion to native code done in 0.00033
native_compute: Compilation done in 0.10875
native_compute: Evaluation done in 0.00100
native_compute: Reification done in 0.00065
Tactic call identity native_compute on PHOAS with big ran for 0.11 secs (0.001u,0.003s) (success)
Params: n= 183
native_compute: Conversion to native code done in 0.00032
native_compute: Compilation done in 0.10916
native_compute: Evaluation done in 0.00096
native_compute: Reification done in 0.00066
Tactic call identity native_compute on PHOAS with big ran for 0.111 secs (0.001u,0.003s) (success)
Params: n= 184
native_compute: Conversion to native code done in 0.00032
native_compute: Compilation done in 0.11013
native_compute: Evaluation done in 0.00098
native_compute: Reification done in 0.00067
Tactic call identity native_compute on PHOAS with big ran for 0.112 secs (0.004u,0.s) (success)
Params: n= 185
native_compute: Conversion to native code done in 0.00033
native_compute: Compilation done in 0.10960
native_compute: Evaluation done in 0.00101
native_compute: Reification done in 0.00068
Tactic call identity native_compute on PHOAS with big ran for 0.111 secs (0.004u,0.s) (success)
Params: n= 186
native_compute: Conversion to native code done in 0.00041
native_compute: Compilation done in 0.10975
native_compute: Evaluation done in 0.00098
native_compute: Reification done in 0.00069
Tactic call identity native_compute on PHOAS with big ran for 0.112 secs (0.004u,0.s) (success)
Params: n= 187
native_compute: Conversion to native code done in 0.00034
native_compute: Compilation done in 0.11039
native_compute: Evaluation done in 0.00102
native_compute: Reification done in 0.00073
Tactic call identity native_compute on PHOAS with big ran for 0.112 secs (0.004u,0.s) (success)
Params: n= 188
native_compute: Conversion to native code done in 0.00034
native_compute: Compilation done in 0.11140
native_compute: Evaluation done in 0.00117
native_compute: Reification done in 0.00069
Tactic call identity native_compute on PHOAS with big ran for 0.113 secs (0.001u,0.003s) (success)
Params: n= 189
native_compute: Conversion to native code done in 0.00034
native_compute: Compilation done in 0.11388
native_compute: Evaluation done in 0.00096
native_compute: Reification done in 0.00163
Tactic call identity native_compute on PHOAS with big ran for 0.116 secs (0.005u,0.s) (success)
Params: n= 190
native_compute: Conversion to native code done in 0.00034
native_compute: Compilation done in 0.11513
native_compute: Evaluation done in 0.00100
native_compute: Reification done in 0.00069
Tactic call identity native_compute on PHOAS with big ran for 0.117 secs (0.004u,0.s) (success)
Params: n= 191
native_compute: Conversion to native code done in 0.00033
native_compute: Compilation done in 0.11316
native_compute: Evaluation done in 0.00108
native_compute: Reification done in 0.00070
Tactic call identity native_compute on PHOAS with big ran for 0.115 secs (0.004u,0.s) (success)
Params: n= 192
native_compute: Conversion to native code done in 0.00034
native_compute: Compilation done in 0.11336
native_compute: Evaluation done in 0.00102
native_compute: Reification done in 0.00071
Tactic call identity native_compute on PHOAS with big ran for 0.115 secs (0.004u,0.s) (success)
Params: n= 193
native_compute: Conversion to native code done in 0.00035
native_compute: Compilation done in 0.11353
native_compute: Evaluation done in 0.00102
native_compute: Reification done in 0.00078
Tactic call identity native_compute on PHOAS with big ran for 0.115 secs (0.004u,0.s) (success)
Params: n= 194
native_compute: Conversion to native code done in 0.00036
native_compute: Compilation done in 0.11319
native_compute: Evaluation done in 0.00105
native_compute: Reification done in 0.00074
Tactic call identity native_compute on PHOAS with big ran for 0.115 secs (0.004u,0.s) (success)
Params: n= 195
native_compute: Conversion to native code done in 0.00036
native_compute: Compilation done in 0.11411
native_compute: Evaluation done in 0.00105
native_compute: Reification done in 0.00071
Tactic call identity native_compute on PHOAS with big ran for 0.116 secs (0.004u,0.s) (success)
Params: n= 196
native_compute: Conversion to native code done in 0.00036
native_compute: Compilation done in 0.11589
native_compute: Evaluation done in 0.00102
native_compute: Reification done in 0.00076
Tactic call identity native_compute on PHOAS with big ran for 0.118 secs (0.004u,0.s) (success)
Params: n= 197
native_compute: Conversion to native code done in 0.00035
native_compute: Compilation done in 0.11509
native_compute: Evaluation done in 0.00107
native_compute: Reification done in 0.00074
Tactic call identity native_compute on PHOAS with big ran for 0.117 secs (0.004u,0.s) (success)
Params: n= 198
native_compute: Conversion to native code done in 0.00038
native_compute: Compilation done in 0.11606
native_compute: Evaluation done in 0.00103
native_compute: Reification done in 0.00072
Tactic call identity native_compute on PHOAS with big ran for 0.118 secs (0.004u,0.s) (success)
Params: n= 199
native_compute: Conversion to native code done in 0.00036
native_compute: Compilation done in 0.11642
native_compute: Evaluation done in 0.00115
native_compute: Reification done in 0.05215
Tactic call identity native_compute on PHOAS with big ran for 0.17 secs (0.056u,0.s) (success)
Params: n= 200
native_compute: Conversion to native code done in 0.00036
native_compute: Compilation done in 0.11512
native_compute: Evaluation done in 0.00102
native_compute: Reification done in 0.00073
Tactic call identity native_compute on PHOAS with big ran for 0.117 secs (0.005u,0.s) (success)
