Params: n= 5
native_compute: Conversion to native code done in 0.00002
native_compute: Compilation done in 0.05067
native_compute: Evaluation done in 0.00020
native_compute: Reification done in 0.00004
Tactic call identity native_compute on PHOAS with big_flat ran for 0.119 secs (0.048u,0.02s) (success)
Params: n= 6
native_compute: Conversion to native code done in 0.00002
native_compute: Compilation done in 0.04884
native_compute: Evaluation done in 0.00019
native_compute: Reification done in 0.00004
Tactic call identity native_compute on PHOAS with big_flat ran for 0.049 secs (0.u,0.s) (success)
Params: n= 7
native_compute: Conversion to native code done in 0.00002
native_compute: Compilation done in 0.04911
native_compute: Evaluation done in 0.00021
native_compute: Reification done in 0.00004
Tactic call identity native_compute on PHOAS with big_flat ran for 0.049 secs (0.u,0.s) (success)
Params: n= 8
native_compute: Conversion to native code done in 0.00002
native_compute: Compilation done in 0.04969
native_compute: Evaluation done in 0.00020
native_compute: Reification done in 0.00004
Tactic call identity native_compute on PHOAS with big_flat ran for 0.05 secs (0.u,0.s) (success)
Params: n= 9
native_compute: Conversion to native code done in 0.00002
native_compute: Compilation done in 0.04858
native_compute: Evaluation done in 0.00020
native_compute: Reification done in 0.00005
Tactic call identity native_compute on PHOAS with big_flat ran for 0.048 secs (0.u,0.s) (success)
Params: n= 10
native_compute: Conversion to native code done in 0.00002
native_compute: Compilation done in 0.04805
native_compute: Evaluation done in 0.00021
native_compute: Reification done in 0.00005
Tactic call identity native_compute on PHOAS with big_flat ran for 0.048 secs (0.u,0.s) (success)
Params: n= 11
native_compute: Conversion to native code done in 0.00002
native_compute: Compilation done in 0.04826
native_compute: Evaluation done in 0.00021
native_compute: Reification done in 0.00005
Tactic call identity native_compute on PHOAS with big_flat ran for 0.048 secs (0.u,0.s) (success)
Params: n= 12
native_compute: Conversion to native code done in 0.00002
native_compute: Compilation done in 0.04831
native_compute: Evaluation done in 0.00022
native_compute: Reification done in 0.00005
Tactic call identity native_compute on PHOAS with big_flat ran for 0.048 secs (0.u,0.s) (success)
Params: n= 13
native_compute: Conversion to native code done in 0.00002
native_compute: Compilation done in 0.04806
native_compute: Evaluation done in 0.00023
native_compute: Reification done in 0.00006
Tactic call identity native_compute on PHOAS with big_flat ran for 0.048 secs (0.u,0.s) (success)
Params: n= 14
native_compute: Conversion to native code done in 0.00002
native_compute: Compilation done in 0.04852
native_compute: Evaluation done in 0.00023
native_compute: Reification done in 0.00006
Tactic call identity native_compute on PHOAS with big_flat ran for 0.048 secs (0.u,0.s) (success)
Params: n= 15
native_compute: Conversion to native code done in 0.00002
native_compute: Compilation done in 0.04844
native_compute: Evaluation done in 0.00023
native_compute: Reification done in 0.00006
Tactic call identity native_compute on PHOAS with big_flat ran for 0.048 secs (0.u,0.s) (success)
Params: n= 16
native_compute: Conversion to native code done in 0.00002
native_compute: Compilation done in 0.04897
native_compute: Evaluation done in 0.00022
native_compute: Reification done in 0.00007
Tactic call identity native_compute on PHOAS with big_flat ran for 0.049 secs (0.u,0.s) (success)
Params: n= 17
native_compute: Conversion to native code done in 0.00002
native_compute: Compilation done in 0.04927
native_compute: Evaluation done in 0.00022
native_compute: Reification done in 0.00007
Tactic call identity native_compute on PHOAS with big_flat ran for 0.049 secs (0.u,0.s) (success)
Params: n= 18
native_compute: Conversion to native code done in 0.00003
native_compute: Compilation done in 0.04844
native_compute: Evaluation done in 0.00022
native_compute: Reification done in 0.00007
Tactic call identity native_compute on PHOAS with big_flat ran for 0.048 secs (0.u,0.s) (success)
Params: n= 19
native_compute: Conversion to native code done in 0.00003
native_compute: Compilation done in 0.04880
native_compute: Evaluation done in 0.00022
native_compute: Reification done in 0.00007
Tactic call identity native_compute on PHOAS with big_flat ran for 0.049 secs (0.u,0.s) (success)
Params: n= 20
native_compute: Conversion to native code done in 0.00003
native_compute: Compilation done in 0.04910
native_compute: Evaluation done in 0.00022
native_compute: Reification done in 0.00007
Tactic call identity native_compute on PHOAS with big_flat ran for 0.049 secs (0.u,0.s) (success)
Params: n= 21
native_compute: Conversion to native code done in 0.00003
native_compute: Compilation done in 0.04849
native_compute: Evaluation done in 0.00023
native_compute: Reification done in 0.00007
Tactic call identity native_compute on PHOAS with big_flat ran for 0.048 secs (0.u,0.s) (success)
Params: n= 22
native_compute: Conversion to native code done in 0.00003
native_compute: Compilation done in 0.04932
native_compute: Evaluation done in 0.00023
native_compute: Reification done in 0.00008
Tactic call identity native_compute on PHOAS with big_flat ran for 0.049 secs (0.u,0.s) (success)
Params: n= 23
native_compute: Conversion to native code done in 0.00006
native_compute: Compilation done in 0.04927
native_compute: Evaluation done in 0.00022
native_compute: Reification done in 0.00008
Tactic call identity native_compute on PHOAS with big_flat ran for 0.049 secs (0.u,0.s) (success)
Params: n= 24
native_compute: Conversion to native code done in 0.00003
native_compute: Compilation done in 0.04904
native_compute: Evaluation done in 0.00024
native_compute: Reification done in 0.00010
Tactic call identity native_compute on PHOAS with big_flat ran for 0.049 secs (0.001u,0.s) (success)
Params: n= 25
native_compute: Conversion to native code done in 0.00004
native_compute: Compilation done in 0.04874
native_compute: Evaluation done in 0.00023
native_compute: Reification done in 0.00009
Tactic call identity native_compute on PHOAS with big_flat ran for 0.049 secs (0.u,0.s) (success)
Params: n= 26
native_compute: Conversion to native code done in 0.00003
native_compute: Compilation done in 0.04861
native_compute: Evaluation done in 0.00023
native_compute: Reification done in 0.00009
Tactic call identity native_compute on PHOAS with big_flat ran for 0.049 secs (0.u,0.s) (success)
Params: n= 27
native_compute: Conversion to native code done in 0.00003
native_compute: Compilation done in 0.04889
native_compute: Evaluation done in 0.00023
native_compute: Reification done in 0.00009
Tactic call identity native_compute on PHOAS with big_flat ran for 0.049 secs (0.u,0.s) (success)
Params: n= 28
native_compute: Conversion to native code done in 0.00003
native_compute: Compilation done in 0.04946
native_compute: Evaluation done in 0.00023
native_compute: Reification done in 0.00010
Tactic call identity native_compute on PHOAS with big_flat ran for 0.049 secs (0.u,0.s) (success)
Params: n= 29
native_compute: Conversion to native code done in 0.00004
native_compute: Compilation done in 0.04864
native_compute: Evaluation done in 0.00022
native_compute: Reification done in 0.00009
Tactic call identity native_compute on PHOAS with big_flat ran for 0.049 secs (0.u,0.s) (success)
Params: n= 30
native_compute: Conversion to native code done in 0.00004
native_compute: Compilation done in 0.04863
native_compute: Evaluation done in 0.00023
native_compute: Reification done in 0.00010
Tactic call identity native_compute on PHOAS with big_flat ran for 0.049 secs (0.u,0.s) (success)
Params: n= 31
native_compute: Conversion to native code done in 0.00004
native_compute: Compilation done in 0.04849
native_compute: Evaluation done in 0.00023
native_compute: Reification done in 0.00010
Tactic call identity native_compute on PHOAS with big_flat ran for 0.048 secs (0.u,0.s) (success)
Params: n= 32
native_compute: Conversion to native code done in 0.00004
native_compute: Compilation done in 0.04909
native_compute: Evaluation done in 0.00024
native_compute: Reification done in 0.00011
Tactic call identity native_compute on PHOAS with big_flat ran for 0.049 secs (0.001u,0.s) (success)
Params: n= 33
native_compute: Conversion to native code done in 0.00004
native_compute: Compilation done in 0.04889
native_compute: Evaluation done in 0.00024
native_compute: Reification done in 0.00011
Tactic call identity native_compute on PHOAS with big_flat ran for 0.049 secs (0.u,0.s) (success)
Params: n= 34
native_compute: Conversion to native code done in 0.00004
native_compute: Compilation done in 0.04856
native_compute: Evaluation done in 0.00022
native_compute: Reification done in 0.00010
Tactic call identity native_compute on PHOAS with big_flat ran for 0.049 secs (0.u,0.s) (success)
Params: n= 35
native_compute: Conversion to native code done in 0.00004
native_compute: Compilation done in 0.04906
native_compute: Evaluation done in 0.00024
native_compute: Reification done in 0.00011
Tactic call identity native_compute on PHOAS with big_flat ran for 0.049 secs (0.u,0.s) (success)
Params: n= 36
native_compute: Conversion to native code done in 0.00004
native_compute: Compilation done in 0.04874
native_compute: Evaluation done in 0.00024
native_compute: Reification done in 0.00011
Tactic call identity native_compute on PHOAS with big_flat ran for 0.049 secs (0.u,0.s) (success)
Params: n= 37
native_compute: Conversion to native code done in 0.00004
native_compute: Compilation done in 0.04933
native_compute: Evaluation done in 0.00022
native_compute: Reification done in 0.00011
Tactic call identity native_compute on PHOAS with big_flat ran for 0.049 secs (0.u,0.s) (success)
Params: n= 38
native_compute: Conversion to native code done in 0.00004
native_compute: Compilation done in 0.04938
native_compute: Evaluation done in 0.00022
native_compute: Reification done in 0.00012
Tactic call identity native_compute on PHOAS with big_flat ran for 0.049 secs (0.u,0.s) (success)
Params: n= 39
native_compute: Conversion to native code done in 0.00004
native_compute: Compilation done in 0.04888
native_compute: Evaluation done in 0.00022
native_compute: Reification done in 0.00012
Tactic call identity native_compute on PHOAS with big_flat ran for 0.049 secs (0.u,0.s) (success)
Params: n= 40
native_compute: Conversion to native code done in 0.00004
native_compute: Compilation done in 0.04950
native_compute: Evaluation done in 0.00023
native_compute: Reification done in 0.00013
Tactic call identity native_compute on PHOAS with big_flat ran for 0.05 secs (0.001u,0.s) (success)
Params: n= 41
native_compute: Conversion to native code done in 0.00004
native_compute: Compilation done in 0.04892
native_compute: Evaluation done in 0.00026
native_compute: Reification done in 0.00012
Tactic call identity native_compute on PHOAS with big_flat ran for 0.049 secs (0.u,0.s) (success)
Params: n= 42
native_compute: Conversion to native code done in 0.00004
native_compute: Compilation done in 0.04853
native_compute: Evaluation done in 0.00024
native_compute: Reification done in 0.00013
Tactic call identity native_compute on PHOAS with big_flat ran for 0.049 secs (0.u,0.s) (success)
Params: n= 43
native_compute: Conversion to native code done in 0.00005
native_compute: Compilation done in 0.04866
native_compute: Evaluation done in 0.00024
native_compute: Reification done in 0.00013
Tactic call identity native_compute on PHOAS with big_flat ran for 0.049 secs (0.u,0.s) (success)
Params: n= 44
native_compute: Conversion to native code done in 0.00005
native_compute: Compilation done in 0.04874
native_compute: Evaluation done in 0.00022
native_compute: Reification done in 0.00029
Tactic call identity native_compute on PHOAS with big_flat ran for 0.049 secs (0.001u,0.s) (success)
Params: n= 45
native_compute: Conversion to native code done in 0.00005
native_compute: Compilation done in 0.04918
native_compute: Evaluation done in 0.00024
native_compute: Reification done in 0.00013
Tactic call identity native_compute on PHOAS with big_flat ran for 0.049 secs (0.u,0.s) (success)
Params: n= 46
native_compute: Conversion to native code done in 0.00005
native_compute: Compilation done in 0.04895
native_compute: Evaluation done in 0.00024
native_compute: Reification done in 0.00014
Tactic call identity native_compute on PHOAS with big_flat ran for 0.049 secs (0.u,0.s) (success)
Params: n= 47
native_compute: Conversion to native code done in 0.00005
native_compute: Compilation done in 0.04979
native_compute: Evaluation done in 0.00024
native_compute: Reification done in 0.00014
Tactic call identity native_compute on PHOAS with big_flat ran for 0.05 secs (0.u,0.s) (success)
Params: n= 48
native_compute: Conversion to native code done in 0.00005
native_compute: Compilation done in 0.05020
native_compute: Evaluation done in 0.00024
native_compute: Reification done in 0.00014
Tactic call identity native_compute on PHOAS with big_flat ran for 0.05 secs (0.u,0.s) (success)
Params: n= 49
native_compute: Conversion to native code done in 0.00005
native_compute: Compilation done in 0.04950
native_compute: Evaluation done in 0.00025
native_compute: Reification done in 0.00015
Tactic call identity native_compute on PHOAS with big_flat ran for 0.05 secs (0.001u,0.s) (success)
Params: n= 50
native_compute: Conversion to native code done in 0.00005
native_compute: Compilation done in 0.04935
native_compute: Evaluation done in 0.00023
native_compute: Reification done in 0.00031
Tactic call identity native_compute on PHOAS with big_flat ran for 0.05 secs (0.001u,0.s) (success)
