Params: n= 50
Tactic call autorewrite-regression-quadratic ran for 0.022 secs (0.007u,0.015s) (success)
Tactic call autorewrite-noop-regression-linear ran for 0. secs (0.u,0.s) (success)
Tactic call abstract+autorewrite-regression-quadratic ran for 0.075 secs (0.055u,0.019s) (success)
Tactic call close-abstract+autorewrite-regression-quadratic ran for 0.051 secs (0.047u,0.003s)
Params: n= 100
Tactic call autorewrite-regression-quadratic ran for 0.077 secs (0.077u,0.s) (success)
Tactic call autorewrite-noop-regression-linear ran for 0. secs (0.u,0.s) (success)
Tactic call abstract+autorewrite-regression-quadratic ran for 0.099 secs (0.099u,0.s) (success)
Tactic call close-abstract+autorewrite-regression-quadratic ran for 0.021 secs (0.021u,0.s)
Params: n= 150
Tactic call autorewrite-regression-quadratic ran for 0.156 secs (0.156u,0.s) (success)
Tactic call autorewrite-noop-regression-linear ran for 0.001 secs (0.001u,0.s) (success)
Tactic call abstract+autorewrite-regression-quadratic ran for 0.211 secs (0.211u,0.s) (success)
Tactic call close-abstract+autorewrite-regression-quadratic ran for 0.053 secs (0.053u,0.s)
Params: n= 200
Tactic call autorewrite-regression-quadratic ran for 0.381 secs (0.381u,0.s) (success)
Tactic call autorewrite-noop-regression-linear ran for 0.001 secs (0.001u,0.s) (success)
Tactic call abstract+autorewrite-regression-quadratic ran for 0.486 secs (0.486u,0.s) (success)
Tactic call close-abstract+autorewrite-regression-quadratic ran for 0.103 secs (0.103u,0.s)
Params: n= 250
Tactic call autorewrite-regression-quadratic ran for 0.556 secs (0.556u,0.s) (success)
Tactic call autorewrite-noop-regression-linear ran for 0.001 secs (0.001u,0.s) (success)
Tactic call abstract+autorewrite-regression-quadratic ran for 0.724 secs (0.724u,0.s) (success)
Tactic call close-abstract+autorewrite-regression-quadratic ran for 0.165 secs (0.165u,0.s)
Params: n= 300
Tactic call autorewrite-regression-quadratic ran for 0.687 secs (0.687u,0.s) (success)
Tactic call autorewrite-noop-regression-linear ran for 0.001 secs (0.001u,0.s) (success)
Tactic call abstract+autorewrite-regression-quadratic ran for 0.95 secs (0.95u,0.s) (success)
Tactic call close-abstract+autorewrite-regression-quadratic ran for 0.26 secs (0.26u,0.s)
Params: n= 350
Tactic call autorewrite-regression-quadratic ran for 0.999 secs (0.999u,0.s) (success)
Tactic call autorewrite-noop-regression-linear ran for 0.002 secs (0.002u,0.s) (success)
Tactic call abstract+autorewrite-regression-quadratic ran for 1.372 secs (1.372u,0.s) (success)
Tactic call close-abstract+autorewrite-regression-quadratic ran for 0.369 secs (0.369u,0.s)
Params: n= 400
Tactic call autorewrite-regression-quadratic ran for 1.327 secs (1.313u,0.011s) (success)
Tactic call autorewrite-noop-regression-linear ran for 0.002 secs (0.002u,0.s) (success)
Tactic call abstract+autorewrite-regression-quadratic ran for 1.816 secs (1.802u,0.011s) (success)
Tactic call close-abstract+autorewrite-regression-quadratic ran for 0.485 secs (0.485u,0.s)
