Params: n= 5
Tactic call cbv for CanonicalStructuresPHOAS with big ran for 0. secs (0.u,0.s) (success)
Tactic call pre for CanonicalStructuresPHOAS with big ran for 0.001 secs (0.u,0.001s) (success)
Tactic call actual reif for CanonicalStructuresPHOAS with big ran for 0.009 secs (0.006u,0.002s)
Tactic call eval lazy for CanonicalStructuresPHOAS with big ran for 0. secs (0.u,0.s)
Tactic call postprocess for CanonicalStructuresPHOAS with big ran for 0. secs (0.u,0.s)
Tactic call norm reif for CanonicalStructuresPHOAS with big ran for 0.009 secs (0.007u,0.002s)
Tactic call intros _ for CanonicalStructuresPHOAS with big ran for 0. secs (0.u,0.s) (success)
Tactic call lazy beta iota for CanonicalStructuresPHOAS with big ran for 0. secs (0.u,0.s) (success)
Tactic call reif for CanonicalStructuresPHOAS with big ran for 0.009 secs (0.007u,0.002s) (success)
Tactic call post for CanonicalStructuresPHOAS with big ran for 0. secs (0.u,0.s) (success)
Params: n= 6
Tactic call cbv for CanonicalStructuresPHOAS with big ran for 0. secs (0.u,0.s) (success)
Tactic call pre for CanonicalStructuresPHOAS with big ran for 0.001 secs (0.001u,0.s) (success)
Tactic call actual reif for CanonicalStructuresPHOAS with big ran for 0.011 secs (0.008u,0.003s)
Tactic call eval lazy for CanonicalStructuresPHOAS with big ran for 0. secs (0.u,0.s)
Tactic call postprocess for CanonicalStructuresPHOAS with big ran for 0. secs (0.u,0.s)
Tactic call norm reif for CanonicalStructuresPHOAS with big ran for 0.012 secs (0.009u,0.003s)
Tactic call intros _ for CanonicalStructuresPHOAS with big ran for 0. secs (0.u,0.s) (success)
Tactic call lazy beta iota for CanonicalStructuresPHOAS with big ran for 0. secs (0.u,0.s) (success)
Tactic call reif for CanonicalStructuresPHOAS with big ran for 0.012 secs (0.009u,0.003s) (success)
Tactic call post for CanonicalStructuresPHOAS with big ran for 0. secs (0.u,0.s) (success)
Params: n= 7
Tactic call cbv for CanonicalStructuresPHOAS with big ran for 0. secs (0.u,0.s) (success)
Tactic call pre for CanonicalStructuresPHOAS with big ran for 0.001 secs (0.u,0.s) (success)
Tactic call actual reif for CanonicalStructuresPHOAS with big ran for 0.016 secs (0.008u,0.008s)
Tactic call eval lazy for CanonicalStructuresPHOAS with big ran for 0. secs (0.u,0.s)
Tactic call postprocess for CanonicalStructuresPHOAS with big ran for 0. secs (0.u,0.s)
Tactic call norm reif for CanonicalStructuresPHOAS with big ran for 0.017 secs (0.008u,0.009s)
Tactic call intros _ for CanonicalStructuresPHOAS with big ran for 0. secs (0.u,0.s) (success)
Tactic call lazy beta iota for CanonicalStructuresPHOAS with big ran for 0. secs (0.u,0.s) (success)
Tactic call reif for CanonicalStructuresPHOAS with big ran for 0.017 secs (0.008u,0.009s) (success)
Tactic call post for CanonicalStructuresPHOAS with big ran for 0. secs (0.u,0.s) (success)
Params: n= 8
Tactic call cbv for CanonicalStructuresPHOAS with big ran for 0. secs (0.u,0.s) (success)
Tactic call pre for CanonicalStructuresPHOAS with big ran for 0.001 secs (0.u,0.001s) (success)
Tactic call actual reif for CanonicalStructuresPHOAS with big ran for 0.074 secs (0.054u,0.02s)
Tactic call eval lazy for CanonicalStructuresPHOAS with big ran for 0. secs (0.u,0.s)
Tactic call postprocess for CanonicalStructuresPHOAS with big ran for 0. secs (0.u,0.s)
Tactic call norm reif for CanonicalStructuresPHOAS with big ran for 0.075 secs (0.054u,0.02s)
Tactic call intros _ for CanonicalStructuresPHOAS with big ran for 0. secs (0.u,0.s) (success)
Tactic call lazy beta iota for CanonicalStructuresPHOAS with big ran for 0. secs (0.u,0.s) (success)
Tactic call reif for CanonicalStructuresPHOAS with big ran for 0.075 secs (0.055u,0.02s) (success)
Tactic call post for CanonicalStructuresPHOAS with big ran for 0. secs (0.u,0.s) (success)
Params: n= 9
Tactic call cbv for CanonicalStructuresPHOAS with big ran for 0. secs (0.u,0.s) (success)
Tactic call pre for CanonicalStructuresPHOAS with big ran for 0.001 secs (0.001u,0.s) (success)
Tactic call actual reif for CanonicalStructuresPHOAS with big ran for 0.02 secs (0.02u,0.s)
Tactic call eval lazy for CanonicalStructuresPHOAS with big ran for 0. secs (0.u,0.s)
Tactic call postprocess for CanonicalStructuresPHOAS with big ran for 0. secs (0.u,0.s)
Tactic call norm reif for CanonicalStructuresPHOAS with big ran for 0.021 secs (0.021u,0.s)
Tactic call intros _ for CanonicalStructuresPHOAS with big ran for 0. secs (0.u,0.s) (success)
Tactic call lazy beta iota for CanonicalStructuresPHOAS with big ran for 0. secs (0.u,0.s) (success)
Tactic call reif for CanonicalStructuresPHOAS with big ran for 0.021 secs (0.021u,0.s) (success)
Tactic call post for CanonicalStructuresPHOAS with big ran for 0. secs (0.u,0.s) (success)
Params: n= 10
Tactic call cbv for CanonicalStructuresPHOAS with big ran for 0. secs (0.u,0.s) (success)
Tactic call pre for CanonicalStructuresPHOAS with big ran for 0.001 secs (0.u,0.s) (success)
Tactic call actual reif for CanonicalStructuresPHOAS with big ran for 0.031 secs (0.031u,0.s)
Tactic call eval lazy for CanonicalStructuresPHOAS with big ran for 0. secs (0.u,0.s)
Tactic call postprocess for CanonicalStructuresPHOAS with big ran for 0. secs (0.u,0.s)
Tactic call norm reif for CanonicalStructuresPHOAS with big ran for 0.031 secs (0.031u,0.s)
Tactic call intros _ for CanonicalStructuresPHOAS with big ran for 0. secs (0.u,0.s) (success)
Tactic call lazy beta iota for CanonicalStructuresPHOAS with big ran for 0. secs (0.u,0.s) (success)
Tactic call reif for CanonicalStructuresPHOAS with big ran for 0.032 secs (0.032u,0.s) (success)
Tactic call post for CanonicalStructuresPHOAS with big ran for 0. secs (0.u,0.s) (success)
Params: n= 11
Tactic call cbv for CanonicalStructuresPHOAS with big ran for 0. secs (0.u,0.s) (success)
Tactic call pre for CanonicalStructuresPHOAS with big ran for 0.001 secs (0.001u,0.s) (success)
Tactic call actual reif for CanonicalStructuresPHOAS with big ran for 0.034 secs (0.034u,0.s)
Tactic call eval lazy for CanonicalStructuresPHOAS with big ran for 0. secs (0.u,0.s)
Tactic call postprocess for CanonicalStructuresPHOAS with big ran for 0. secs (0.u,0.s)
Tactic call norm reif for CanonicalStructuresPHOAS with big ran for 0.035 secs (0.035u,0.s)
Tactic call intros _ for CanonicalStructuresPHOAS with big ran for 0. secs (0.u,0.s) (success)
Tactic call lazy beta iota for CanonicalStructuresPHOAS with big ran for 0. secs (0.u,0.s) (success)
Tactic call reif for CanonicalStructuresPHOAS with big ran for 0.035 secs (0.035u,0.s) (success)
Tactic call post for CanonicalStructuresPHOAS with big ran for 0. secs (0.u,0.s) (success)
Params: n= 12
Tactic call cbv for CanonicalStructuresPHOAS with big ran for 0. secs (0.u,0.s) (success)
Tactic call pre for CanonicalStructuresPHOAS with big ran for 0.001 secs (0.001u,0.s) (success)
Tactic call actual reif for CanonicalStructuresPHOAS with big ran for 0.042 secs (0.042u,0.s)
Tactic call eval lazy for CanonicalStructuresPHOAS with big ran for 0. secs (0.u,0.s)
Tactic call postprocess for CanonicalStructuresPHOAS with big ran for 0. secs (0.u,0.s)
Tactic call norm reif for CanonicalStructuresPHOAS with big ran for 0.042 secs (0.042u,0.s)
Tactic call intros _ for CanonicalStructuresPHOAS with big ran for 0. secs (0.u,0.s) (success)
Tactic call lazy beta iota for CanonicalStructuresPHOAS with big ran for 0. secs (0.u,0.s) (success)
Tactic call reif for CanonicalStructuresPHOAS with big ran for 0.043 secs (0.043u,0.s) (success)
Tactic call post for CanonicalStructuresPHOAS with big ran for 0. secs (0.u,0.s) (success)
Params: n= 13
Tactic call cbv for CanonicalStructuresPHOAS with big ran for 0. secs (0.u,0.s) (success)
Tactic call pre for CanonicalStructuresPHOAS with big ran for 0.001 secs (0.001u,0.s) (success)
Tactic call actual reif for CanonicalStructuresPHOAS with big ran for 0.053 secs (0.053u,0.s)
Tactic call eval lazy for CanonicalStructuresPHOAS with big ran for 0. secs (0.u,0.s)
Tactic call postprocess for CanonicalStructuresPHOAS with big ran for 0. secs (0.u,0.s)
Tactic call norm reif for CanonicalStructuresPHOAS with big ran for 0.053 secs (0.053u,0.s)
Tactic call intros _ for CanonicalStructuresPHOAS with big ran for 0. secs (0.u,0.s) (success)
Tactic call lazy beta iota for CanonicalStructuresPHOAS with big ran for 0. secs (0.u,0.s) (success)
Tactic call reif for CanonicalStructuresPHOAS with big ran for 0.054 secs (0.054u,0.s) (success)
Tactic call post for CanonicalStructuresPHOAS with big ran for 0. secs (0.u,0.s) (success)
Params: n= 14
Tactic call cbv for CanonicalStructuresPHOAS with big ran for 0. secs (0.u,0.s) (success)
Tactic call pre for CanonicalStructuresPHOAS with big ran for 0.001 secs (0.001u,0.s) (success)
Tactic call actual reif for CanonicalStructuresPHOAS with big ran for 0.073 secs (0.073u,0.s)
Tactic call eval lazy for CanonicalStructuresPHOAS with big ran for 0. secs (0.u,0.s)
Tactic call postprocess for CanonicalStructuresPHOAS with big ran for 0. secs (0.u,0.s)
Tactic call norm reif for CanonicalStructuresPHOAS with big ran for 0.074 secs (0.073u,0.s)
Tactic call intros _ for CanonicalStructuresPHOAS with big ran for 0. secs (0.u,0.s) (success)
Tactic call lazy beta iota for CanonicalStructuresPHOAS with big ran for 0. secs (0.u,0.s) (success)
Tactic call reif for CanonicalStructuresPHOAS with big ran for 0.074 secs (0.074u,0.s) (success)
Tactic call post for CanonicalStructuresPHOAS with big ran for 0. secs (0.u,0.s) (success)
Params: n= 15
Tactic call cbv for CanonicalStructuresPHOAS with big ran for 0. secs (0.u,0.s) (success)
Tactic call pre for CanonicalStructuresPHOAS with big ran for 0.001 secs (0.001u,0.s) (success)
Tactic call actual reif for CanonicalStructuresPHOAS with big ran for 0.077 secs (0.077u,0.s)
Tactic call eval lazy for CanonicalStructuresPHOAS with big ran for 0. secs (0.u,0.s)
Tactic call postprocess for CanonicalStructuresPHOAS with big ran for 0. secs (0.u,0.s)
Tactic call norm reif for CanonicalStructuresPHOAS with big ran for 0.078 secs (0.078u,0.s)
Tactic call intros _ for CanonicalStructuresPHOAS with big ran for 0. secs (0.u,0.s) (success)
Tactic call lazy beta iota for CanonicalStructuresPHOAS with big ran for 0. secs (0.u,0.s) (success)
Tactic call reif for CanonicalStructuresPHOAS with big ran for 0.078 secs (0.078u,0.s) (success)
Tactic call post for CanonicalStructuresPHOAS with big ran for 0. secs (0.u,0.s) (success)
Params: n= 16
Tactic call cbv for CanonicalStructuresPHOAS with big ran for 0. secs (0.u,0.s) (success)
Tactic call pre for CanonicalStructuresPHOAS with big ran for 0.001 secs (0.001u,0.s) (success)
Tactic call actual reif for CanonicalStructuresPHOAS with big ran for 0.1 secs (0.1u,0.s)
Tactic call eval lazy for CanonicalStructuresPHOAS with big ran for 0. secs (0.u,0.s)
Tactic call postprocess for CanonicalStructuresPHOAS with big ran for 0. secs (0.u,0.s)
Tactic call norm reif for CanonicalStructuresPHOAS with big ran for 0.101 secs (0.101u,0.s)
Tactic call intros _ for CanonicalStructuresPHOAS with big ran for 0. secs (0.u,0.s) (success)
Tactic call lazy beta iota for CanonicalStructuresPHOAS with big ran for 0. secs (0.u,0.s) (success)
Tactic call reif for CanonicalStructuresPHOAS with big ran for 0.101 secs (0.101u,0.s) (success)
Tactic call post for CanonicalStructuresPHOAS with big ran for 0. secs (0.u,0.s) (success)
Params: n= 17
Tactic call cbv for CanonicalStructuresPHOAS with big ran for 0. secs (0.u,0.s) (success)
Tactic call pre for CanonicalStructuresPHOAS with big ran for 0.001 secs (0.001u,0.s) (success)
Tactic call actual reif for CanonicalStructuresPHOAS with big ran for 0.108 secs (0.108u,0.s)
Tactic call eval lazy for CanonicalStructuresPHOAS with big ran for 0. secs (0.u,0.s)
Tactic call postprocess for CanonicalStructuresPHOAS with big ran for 0. secs (0.u,0.s)
Tactic call norm reif for CanonicalStructuresPHOAS with big ran for 0.108 secs (0.108u,0.s)
Tactic call intros _ for CanonicalStructuresPHOAS with big ran for 0. secs (0.u,0.s) (success)
Tactic call lazy beta iota for CanonicalStructuresPHOAS with big ran for 0. secs (0.u,0.s) (success)
Tactic call reif for CanonicalStructuresPHOAS with big ran for 0.108 secs (0.108u,0.s) (success)
Tactic call post for CanonicalStructuresPHOAS with big ran for 0. secs (0.u,0.s) (success)
Params: n= 18
Tactic call cbv for CanonicalStructuresPHOAS with big ran for 0. secs (0.u,0.s) (success)
Tactic call pre for CanonicalStructuresPHOAS with big ran for 0.001 secs (0.001u,0.s) (success)
Tactic call actual reif for CanonicalStructuresPHOAS with big ran for 0.169 secs (0.169u,0.s)
Tactic call eval lazy for CanonicalStructuresPHOAS with big ran for 0. secs (0.u,0.s)
Tactic call postprocess for CanonicalStructuresPHOAS with big ran for 0. secs (0.u,0.s)
Tactic call norm reif for CanonicalStructuresPHOAS with big ran for 0.17 secs (0.17u,0.s)
Tactic call intros _ for CanonicalStructuresPHOAS with big ran for 0. secs (0.u,0.s) (success)
Tactic call lazy beta iota for CanonicalStructuresPHOAS with big ran for 0. secs (0.u,0.s) (success)
Tactic call reif for CanonicalStructuresPHOAS with big ran for 0.17 secs (0.17u,0.s) (success)
Tactic call post for CanonicalStructuresPHOAS with big ran for 0. secs (0.u,0.s) (success)
Params: n= 19
Tactic call cbv for CanonicalStructuresPHOAS with big ran for 0. secs (0.u,0.s) (success)
Tactic call pre for CanonicalStructuresPHOAS with big ran for 0.002 secs (0.002u,0.s) (success)
Tactic call actual reif for CanonicalStructuresPHOAS with big ran for 0.166 secs (0.166u,0.s)
Tactic call eval lazy for CanonicalStructuresPHOAS with big ran for 0. secs (0.u,0.s)
Tactic call postprocess for CanonicalStructuresPHOAS with big ran for 0. secs (0.u,0.s)
Tactic call norm reif for CanonicalStructuresPHOAS with big ran for 0.167 secs (0.167u,0.s)
Tactic call intros _ for CanonicalStructuresPHOAS with big ran for 0. secs (0.u,0.s) (success)
Tactic call lazy beta iota for CanonicalStructuresPHOAS with big ran for 0. secs (0.u,0.s) (success)
Tactic call reif for CanonicalStructuresPHOAS with big ran for 0.167 secs (0.167u,0.s) (success)
Tactic call post for CanonicalStructuresPHOAS with big ran for 0. secs (0.u,0.s) (success)
Params: n= 20
Tactic call cbv for CanonicalStructuresPHOAS with big ran for 0. secs (0.u,0.s) (success)
Tactic call pre for CanonicalStructuresPHOAS with big ran for 0.001 secs (0.001u,0.s) (success)
Tactic call actual reif for CanonicalStructuresPHOAS with big ran for 0.18 secs (0.177u,0.003s)
Tactic call eval lazy for CanonicalStructuresPHOAS with big ran for 0. secs (0.u,0.s)
Tactic call postprocess for CanonicalStructuresPHOAS with big ran for 0. secs (0.u,0.s)
Tactic call norm reif for CanonicalStructuresPHOAS with big ran for 0.181 secs (0.178u,0.003s)
Tactic call intros _ for CanonicalStructuresPHOAS with big ran for 0. secs (0.u,0.s) (success)
Tactic call lazy beta iota for CanonicalStructuresPHOAS with big ran for 0. secs (0.u,0.s) (success)
Tactic call reif for CanonicalStructuresPHOAS with big ran for 0.181 secs (0.178u,0.003s) (success)
Tactic call post for CanonicalStructuresPHOAS with big ran for 0. secs (0.u,0.s) (success)
Params: n= 21
Tactic call cbv for CanonicalStructuresPHOAS with big ran for 0. secs (0.u,0.s) (success)
Tactic call pre for CanonicalStructuresPHOAS with big ran for 0.001 secs (0.001u,0.s) (success)
Tactic call actual reif for CanonicalStructuresPHOAS with big ran for 0.181 secs (0.181u,0.s)
Tactic call eval lazy for CanonicalStructuresPHOAS with big ran for 0. secs (0.u,0.s)
Tactic call postprocess for CanonicalStructuresPHOAS with big ran for 0. secs (0.u,0.s)
Tactic call norm reif for CanonicalStructuresPHOAS with big ran for 0.182 secs (0.182u,0.s)
Tactic call intros _ for CanonicalStructuresPHOAS with big ran for 0. secs (0.u,0.s) (success)
Tactic call lazy beta iota for CanonicalStructuresPHOAS with big ran for 0. secs (0.u,0.s) (success)
Tactic call reif for CanonicalStructuresPHOAS with big ran for 0.182 secs (0.182u,0.s) (success)
Tactic call post for CanonicalStructuresPHOAS with big ran for 0. secs (0.u,0.s) (success)
Params: n= 22
Tactic call cbv for CanonicalStructuresPHOAS with big ran for 0. secs (0.u,0.s) (success)
Tactic call pre for CanonicalStructuresPHOAS with big ran for 0.001 secs (0.001u,0.s) (success)
Tactic call actual reif for CanonicalStructuresPHOAS with big ran for 0.21 secs (0.21u,0.s)
Tactic call eval lazy for CanonicalStructuresPHOAS with big ran for 0. secs (0.u,0.s)
Tactic call postprocess for CanonicalStructuresPHOAS with big ran for 0. secs (0.u,0.s)
Tactic call norm reif for CanonicalStructuresPHOAS with big ran for 0.211 secs (0.211u,0.s)
Tactic call intros _ for CanonicalStructuresPHOAS with big ran for 0. secs (0.u,0.s) (success)
Tactic call lazy beta iota for CanonicalStructuresPHOAS with big ran for 0. secs (0.u,0.s) (success)
Tactic call reif for CanonicalStructuresPHOAS with big ran for 0.211 secs (0.211u,0.s) (success)
Tactic call post for CanonicalStructuresPHOAS with big ran for 0. secs (0.u,0.s) (success)
Params: n= 23
Tactic call cbv for CanonicalStructuresPHOAS with big ran for 0. secs (0.u,0.s) (success)
Tactic call pre for CanonicalStructuresPHOAS with big ran for 0.001 secs (0.001u,0.s) (success)
Tactic call actual reif for CanonicalStructuresPHOAS with big ran for 0.233 secs (0.233u,0.s)
Tactic call eval lazy for CanonicalStructuresPHOAS with big ran for 0. secs (0.u,0.s)
Tactic call postprocess for CanonicalStructuresPHOAS with big ran for 0. secs (0.u,0.s)
Tactic call norm reif for CanonicalStructuresPHOAS with big ran for 0.234 secs (0.234u,0.s)
Tactic call intros _ for CanonicalStructuresPHOAS with big ran for 0. secs (0.u,0.s) (success)
Tactic call lazy beta iota for CanonicalStructuresPHOAS with big ran for 0. secs (0.u,0.s) (success)
Tactic call reif for CanonicalStructuresPHOAS with big ran for 0.234 secs (0.234u,0.s) (success)
Tactic call post for CanonicalStructuresPHOAS with big ran for 0. secs (0.u,0.s) (success)
Params: n= 24
Tactic call cbv for CanonicalStructuresPHOAS with big ran for 0. secs (0.u,0.s) (success)
Tactic call pre for CanonicalStructuresPHOAS with big ran for 0.001 secs (0.001u,0.s) (success)
Tactic call actual reif for CanonicalStructuresPHOAS with big ran for 0.271 secs (0.267u,0.003s)
Tactic call eval lazy for CanonicalStructuresPHOAS with big ran for 0. secs (0.u,0.s)
Tactic call postprocess for CanonicalStructuresPHOAS with big ran for 0. secs (0.u,0.s)
Tactic call norm reif for CanonicalStructuresPHOAS with big ran for 0.272 secs (0.268u,0.003s)
Tactic call intros _ for CanonicalStructuresPHOAS with big ran for 0. secs (0.u,0.s) (success)
Tactic call lazy beta iota for CanonicalStructuresPHOAS with big ran for 0. secs (0.u,0.s) (success)
Tactic call reif for CanonicalStructuresPHOAS with big ran for 0.272 secs (0.268u,0.003s) (success)
Tactic call post for CanonicalStructuresPHOAS with big ran for 0. secs (0.u,0.s) (success)
Params: n= 25
Tactic call cbv for CanonicalStructuresPHOAS with big ran for 0. secs (0.u,0.s) (success)
Tactic call pre for CanonicalStructuresPHOAS with big ran for 0.001 secs (0.001u,0.s) (success)
Tactic call actual reif for CanonicalStructuresPHOAS with big ran for 0.306 secs (0.306u,0.s)
Tactic call eval lazy for CanonicalStructuresPHOAS with big ran for 0. secs (0.u,0.s)
Tactic call postprocess for CanonicalStructuresPHOAS with big ran for 0. secs (0.u,0.s)
Tactic call norm reif for CanonicalStructuresPHOAS with big ran for 0.306 secs (0.306u,0.s)
Tactic call intros _ for CanonicalStructuresPHOAS with big ran for 0. secs (0.u,0.s) (success)
Tactic call lazy beta iota for CanonicalStructuresPHOAS with big ran for 0. secs (0.u,0.s) (success)
Tactic call reif for CanonicalStructuresPHOAS with big ran for 0.307 secs (0.307u,0.s) (success)
Tactic call post for CanonicalStructuresPHOAS with big ran for 0. secs (0.u,0.s) (success)
Params: n= 26
Tactic call cbv for CanonicalStructuresPHOAS with big ran for 0. secs (0.u,0.s) (success)
Tactic call pre for CanonicalStructuresPHOAS with big ran for 0.001 secs (0.001u,0.s) (success)
Tactic call actual reif for CanonicalStructuresPHOAS with big ran for 0.346 secs (0.346u,0.s)
Tactic call eval lazy for CanonicalStructuresPHOAS with big ran for 0. secs (0.u,0.s)
Tactic call postprocess for CanonicalStructuresPHOAS with big ran for 0. secs (0.u,0.s)
Tactic call norm reif for CanonicalStructuresPHOAS with big ran for 0.347 secs (0.347u,0.s)
Tactic call intros _ for CanonicalStructuresPHOAS with big ran for 0. secs (0.u,0.s) (success)
Tactic call lazy beta iota for CanonicalStructuresPHOAS with big ran for 0. secs (0.u,0.s) (success)
Tactic call reif for CanonicalStructuresPHOAS with big ran for 0.347 secs (0.347u,0.s) (success)
Tactic call post for CanonicalStructuresPHOAS with big ran for 0. secs (0.u,0.s) (success)
Params: n= 27
Tactic call cbv for CanonicalStructuresPHOAS with big ran for 0. secs (0.u,0.s) (success)
Tactic call pre for CanonicalStructuresPHOAS with big ran for 0.001 secs (0.001u,0.s) (success)
Tactic call actual reif for CanonicalStructuresPHOAS with big ran for 0.394 secs (0.393u,0.s)
Tactic call eval lazy for CanonicalStructuresPHOAS with big ran for 0. secs (0.u,0.s)
Tactic call postprocess for CanonicalStructuresPHOAS with big ran for 0. secs (0.u,0.s)
Tactic call norm reif for CanonicalStructuresPHOAS with big ran for 0.394 secs (0.394u,0.s)
Tactic call intros _ for CanonicalStructuresPHOAS with big ran for 0. secs (0.u,0.s) (success)
Tactic call lazy beta iota for CanonicalStructuresPHOAS with big ran for 0. secs (0.u,0.s) (success)
Tactic call reif for CanonicalStructuresPHOAS with big ran for 0.395 secs (0.395u,0.s) (success)
Tactic call post for CanonicalStructuresPHOAS with big ran for 0. secs (0.u,0.s) (success)
Params: n= 28
Tactic call cbv for CanonicalStructuresPHOAS with big ran for 0. secs (0.u,0.s) (success)
Tactic call pre for CanonicalStructuresPHOAS with big ran for 0.001 secs (0.001u,0.s) (success)
Tactic call actual reif for CanonicalStructuresPHOAS with big ran for 0.427 secs (0.427u,0.s)
Tactic call eval lazy for CanonicalStructuresPHOAS with big ran for 0. secs (0.u,0.s)
Tactic call postprocess for CanonicalStructuresPHOAS with big ran for 0. secs (0.u,0.s)
Tactic call norm reif for CanonicalStructuresPHOAS with big ran for 0.429 secs (0.429u,0.s)
Tactic call intros _ for CanonicalStructuresPHOAS with big ran for 0. secs (0.u,0.s) (success)
Tactic call lazy beta iota for CanonicalStructuresPHOAS with big ran for 0. secs (0.u,0.s) (success)
Tactic call reif for CanonicalStructuresPHOAS with big ran for 0.429 secs (0.429u,0.s) (success)
Tactic call post for CanonicalStructuresPHOAS with big ran for 0. secs (0.u,0.s) (success)
Params: n= 29
Tactic call cbv for CanonicalStructuresPHOAS with big ran for 0. secs (0.u,0.s) (success)
Tactic call pre for CanonicalStructuresPHOAS with big ran for 0.001 secs (0.001u,0.s) (success)
Tactic call actual reif for CanonicalStructuresPHOAS with big ran for 0.466 secs (0.466u,0.s)
Tactic call eval lazy for CanonicalStructuresPHOAS with big ran for 0. secs (0.u,0.s)
Tactic call postprocess for CanonicalStructuresPHOAS with big ran for 0. secs (0.u,0.s)
Tactic call norm reif for CanonicalStructuresPHOAS with big ran for 0.467 secs (0.467u,0.s)
Tactic call intros _ for CanonicalStructuresPHOAS with big ran for 0. secs (0.u,0.s) (success)
Tactic call lazy beta iota for CanonicalStructuresPHOAS with big ran for 0. secs (0.u,0.s) (success)
Tactic call reif for CanonicalStructuresPHOAS with big ran for 0.468 secs (0.468u,0.s) (success)
Tactic call post for CanonicalStructuresPHOAS with big ran for 0. secs (0.u,0.s) (success)
Params: n= 30
Tactic call cbv for CanonicalStructuresPHOAS with big ran for 0. secs (0.u,0.s) (success)
Tactic call pre for CanonicalStructuresPHOAS with big ran for 0.001 secs (0.001u,0.s) (success)
Tactic call actual reif for CanonicalStructuresPHOAS with big ran for 0.511 secs (0.511u,0.s)
Tactic call eval lazy for CanonicalStructuresPHOAS with big ran for 0. secs (0.u,0.s)
Tactic call postprocess for CanonicalStructuresPHOAS with big ran for 0. secs (0.u,0.s)
Tactic call norm reif for CanonicalStructuresPHOAS with big ran for 0.512 secs (0.512u,0.s)
Tactic call intros _ for CanonicalStructuresPHOAS with big ran for 0. secs (0.u,0.s) (success)
Tactic call lazy beta iota for CanonicalStructuresPHOAS with big ran for 0. secs (0.u,0.s) (success)
Tactic call reif for CanonicalStructuresPHOAS with big ran for 0.512 secs (0.512u,0.s) (success)
Tactic call post for CanonicalStructuresPHOAS with big ran for 0. secs (0.u,0.s) (success)
