Params: n= 4
Tactic call autorewrite-regression-quadratic ran for 0. secs (0.u,0.s) (success)
Tactic call autorewrite-noop-regression-linear ran for 0. secs (0.u,0.s) (success)
Tactic call abstract+autorewrite-regression-quadratic ran for 0.001 secs (0.001u,0.s) (success)
Tactic call close-abstract+autorewrite-regression-quadratic ran for 0. secs (0.u,0.s)
Params: n= 5
Tactic call autorewrite-regression-quadratic ran for 0. secs (0.u,0.s) (success)
Tactic call autorewrite-noop-regression-linear ran for 0. secs (0.u,0.s) (success)
Tactic call abstract+autorewrite-regression-quadratic ran for 0.001 secs (0.001u,0.s) (success)
Tactic call close-abstract+autorewrite-regression-quadratic ran for 0. secs (0.u,0.s)
Params: n= 6
Tactic call autorewrite-regression-quadratic ran for 0.001 secs (0.001u,0.s) (success)
Tactic call autorewrite-noop-regression-linear ran for 0. secs (0.u,0.s) (success)
Tactic call abstract+autorewrite-regression-quadratic ran for 0.001 secs (0.001u,0.s) (success)
Tactic call close-abstract+autorewrite-regression-quadratic ran for 0. secs (0.u,0.s)
Params: n= 7
Tactic call autorewrite-regression-quadratic ran for 0.001 secs (0.001u,0.s) (success)
Tactic call autorewrite-noop-regression-linear ran for 0. secs (0.u,0.s) (success)
Tactic call abstract+autorewrite-regression-quadratic ran for 0.002 secs (0.002u,0.s) (success)
Tactic call close-abstract+autorewrite-regression-quadratic ran for 0. secs (0.u,0.s)
Params: n= 8
Tactic call autorewrite-regression-quadratic ran for 0.001 secs (0.001u,0.s) (success)
Tactic call autorewrite-noop-regression-linear ran for 0. secs (0.u,0.s) (success)
Tactic call abstract+autorewrite-regression-quadratic ran for 0.002 secs (0.002u,0.s) (success)
Tactic call close-abstract+autorewrite-regression-quadratic ran for 0. secs (0.u,0.s)
Params: n= 9
Tactic call autorewrite-regression-quadratic ran for 0.047 secs (0.039u,0.007s) (success)
Tactic call autorewrite-noop-regression-linear ran for 0. secs (0.u,0.s) (success)
Tactic call abstract+autorewrite-regression-quadratic ran for 0.048 secs (0.04u,0.007s) (success)
Tactic call close-abstract+autorewrite-regression-quadratic ran for 0. secs (0.u,0.s)
Params: n= 10
Tactic call autorewrite-regression-quadratic ran for 0.001 secs (0.001u,0.s) (success)
Tactic call autorewrite-noop-regression-linear ran for 0. secs (0.u,0.s) (success)
Tactic call abstract+autorewrite-regression-quadratic ran for 0.002 secs (0.002u,0.s) (success)
Tactic call close-abstract+autorewrite-regression-quadratic ran for 0. secs (0.u,0.s)
Params: n= 11
Tactic call autorewrite-regression-quadratic ran for 0.001 secs (0.001u,0.s) (success)
Tactic call autorewrite-noop-regression-linear ran for 0. secs (0.u,0.s) (success)
Tactic call abstract+autorewrite-regression-quadratic ran for 0.003 secs (0.003u,0.s) (success)
Tactic call close-abstract+autorewrite-regression-quadratic ran for 0. secs (0.u,0.s)
Params: n= 12
Tactic call autorewrite-regression-quadratic ran for 0.002 secs (0.002u,0.s) (success)
Tactic call autorewrite-noop-regression-linear ran for 0. secs (0.u,0.s) (success)
Tactic call abstract+autorewrite-regression-quadratic ran for 0.003 secs (0.003u,0.s) (success)
Tactic call close-abstract+autorewrite-regression-quadratic ran for 0. secs (0.u,0.s)
Params: n= 13
Tactic call autorewrite-regression-quadratic ran for 0.002 secs (0.002u,0.s) (success)
Tactic call autorewrite-noop-regression-linear ran for 0. secs (0.u,0.s) (success)
Tactic call abstract+autorewrite-regression-quadratic ran for 0.003 secs (0.003u,0.s) (success)
Tactic call close-abstract+autorewrite-regression-quadratic ran for 0.001 secs (0.001u,0.s)
Params: n= 14
Tactic call autorewrite-regression-quadratic ran for 0.002 secs (0.002u,0.s) (success)
Tactic call autorewrite-noop-regression-linear ran for 0. secs (0.u,0.s) (success)
Tactic call abstract+autorewrite-regression-quadratic ran for 0.004 secs (0.004u,0.s) (success)
Tactic call close-abstract+autorewrite-regression-quadratic ran for 0.001 secs (0.001u,0.s)
Params: n= 15
Tactic call autorewrite-regression-quadratic ran for 0.002 secs (0.002u,0.s) (success)
Tactic call autorewrite-noop-regression-linear ran for 0. secs (0.u,0.s) (success)
Tactic call abstract+autorewrite-regression-quadratic ran for 0.004 secs (0.004u,0.s) (success)
Tactic call close-abstract+autorewrite-regression-quadratic ran for 0.001 secs (0.001u,0.s)
Params: n= 16
Tactic call autorewrite-regression-quadratic ran for 0.003 secs (0.003u,0.s) (success)
Tactic call autorewrite-noop-regression-linear ran for 0. secs (0.u,0.s) (success)
Tactic call abstract+autorewrite-regression-quadratic ran for 0.005 secs (0.005u,0.s) (success)
Tactic call close-abstract+autorewrite-regression-quadratic ran for 0.001 secs (0.001u,0.s)
Params: n= 17
Tactic call autorewrite-regression-quadratic ran for 0.003 secs (0.003u,0.s) (success)
Tactic call autorewrite-noop-regression-linear ran for 0. secs (0.u,0.s) (success)
Tactic call abstract+autorewrite-regression-quadratic ran for 0.005 secs (0.005u,0.s) (success)
Tactic call close-abstract+autorewrite-regression-quadratic ran for 0.001 secs (0.001u,0.s)
Params: n= 18
Tactic call autorewrite-regression-quadratic ran for 0.005 secs (0.005u,0.s) (success)
Tactic call autorewrite-noop-regression-linear ran for 0. secs (0.u,0.s) (success)
Tactic call abstract+autorewrite-regression-quadratic ran for 0.007 secs (0.007u,0.s) (success)
Tactic call close-abstract+autorewrite-regression-quadratic ran for 0.001 secs (0.001u,0.s)
Params: n= 19
Tactic call autorewrite-regression-quadratic ran for 0.004 secs (0.004u,0.s) (success)
Tactic call autorewrite-noop-regression-linear ran for 0. secs (0.u,0.s) (success)
Tactic call abstract+autorewrite-regression-quadratic ran for 0.006 secs (0.006u,0.s) (success)
Tactic call close-abstract+autorewrite-regression-quadratic ran for 0.002 secs (0.002u,0.s)
Params: n= 20
Tactic call autorewrite-regression-quadratic ran for 0.004 secs (0.004u,0.s) (success)
Tactic call autorewrite-noop-regression-linear ran for 0. secs (0.u,0.s) (success)
Tactic call abstract+autorewrite-regression-quadratic ran for 0.007 secs (0.007u,0.s) (success)
Tactic call close-abstract+autorewrite-regression-quadratic ran for 0.002 secs (0.002u,0.s)
Params: n= 21
Tactic call autorewrite-regression-quadratic ran for 0.004 secs (0.004u,0.s) (success)
Tactic call autorewrite-noop-regression-linear ran for 0. secs (0.u,0.s) (success)
Tactic call abstract+autorewrite-regression-quadratic ran for 0.007 secs (0.007u,0.s) (success)
Tactic call close-abstract+autorewrite-regression-quadratic ran for 0.002 secs (0.002u,0.s)
Params: n= 22
Tactic call autorewrite-regression-quadratic ran for 0.005 secs (0.005u,0.s) (success)
Tactic call autorewrite-noop-regression-linear ran for 0. secs (0.u,0.s) (success)
Tactic call abstract+autorewrite-regression-quadratic ran for 0.008 secs (0.008u,0.s) (success)
Tactic call close-abstract+autorewrite-regression-quadratic ran for 0.002 secs (0.002u,0.s)
Params: n= 23
Tactic call autorewrite-regression-quadratic ran for 0.006 secs (0.006u,0.s) (success)
Tactic call autorewrite-noop-regression-linear ran for 0. secs (0.u,0.s) (success)
Tactic call abstract+autorewrite-regression-quadratic ran for 0.01 secs (0.01u,0.s) (success)
Tactic call close-abstract+autorewrite-regression-quadratic ran for 0.002 secs (0.002u,0.s)
Params: n= 24
Tactic call autorewrite-regression-quadratic ran for 0.006 secs (0.002u,0.003s) (success)
Tactic call autorewrite-noop-regression-linear ran for 0. secs (0.u,0.s) (success)
Tactic call abstract+autorewrite-regression-quadratic ran for 0.009 secs (0.006u,0.003s) (success)
Tactic call close-abstract+autorewrite-regression-quadratic ran for 0.003 secs (0.003u,0.s)
Params: n= 25
Tactic call autorewrite-regression-quadratic ran for 0.006 secs (0.006u,0.s) (success)
Tactic call autorewrite-noop-regression-linear ran for 0. secs (0.u,0.s) (success)
Tactic call abstract+autorewrite-regression-quadratic ran for 0.01 secs (0.01u,0.s) (success)
Tactic call close-abstract+autorewrite-regression-quadratic ran for 0.003 secs (0.003u,0.s)
Params: n= 26
Tactic call autorewrite-regression-quadratic ran for 0.006 secs (0.006u,0.s) (success)
Tactic call autorewrite-noop-regression-linear ran for 0. secs (0.u,0.s) (success)
Tactic call abstract+autorewrite-regression-quadratic ran for 0.011 secs (0.011u,0.s) (success)
Tactic call close-abstract+autorewrite-regression-quadratic ran for 0.004 secs (0.004u,0.s)
Params: n= 27
Tactic call autorewrite-regression-quadratic ran for 0.007 secs (0.007u,0.s) (success)
Tactic call autorewrite-noop-regression-linear ran for 0. secs (0.u,0.s) (success)
Tactic call abstract+autorewrite-regression-quadratic ran for 0.011 secs (0.011u,0.s) (success)
Tactic call close-abstract+autorewrite-regression-quadratic ran for 0.003 secs (0.003u,0.s)
Params: n= 28
Tactic call autorewrite-regression-quadratic ran for 0.007 secs (0.007u,0.s) (success)
Tactic call autorewrite-noop-regression-linear ran for 0. secs (0.u,0.s) (success)
Tactic call abstract+autorewrite-regression-quadratic ran for 0.012 secs (0.012u,0.s) (success)
Tactic call close-abstract+autorewrite-regression-quadratic ran for 0.004 secs (0.004u,0.s)
Params: n= 29
Tactic call autorewrite-regression-quadratic ran for 0.008 secs (0.008u,0.s) (success)
Tactic call autorewrite-noop-regression-linear ran for 0. secs (0.u,0.s) (success)
Tactic call abstract+autorewrite-regression-quadratic ran for 0.014 secs (0.014u,0.s) (success)
Tactic call close-abstract+autorewrite-regression-quadratic ran for 0.005 secs (0.005u,0.s)
Params: n= 30
Tactic call autorewrite-regression-quadratic ran for 0.008 secs (0.008u,0.s) (success)
Tactic call autorewrite-noop-regression-linear ran for 0. secs (0.u,0.s) (success)
Tactic call abstract+autorewrite-regression-quadratic ran for 0.014 secs (0.014u,0.s) (success)
Tactic call close-abstract+autorewrite-regression-quadratic ran for 0.004 secs (0.004u,0.s)
Params: n= 31
Tactic call autorewrite-regression-quadratic ran for 0.009 secs (0.009u,0.s) (success)
Tactic call autorewrite-noop-regression-linear ran for 0. secs (0.u,0.s) (success)
Tactic call abstract+autorewrite-regression-quadratic ran for 0.014 secs (0.014u,0.s) (success)
Tactic call close-abstract+autorewrite-regression-quadratic ran for 0.004 secs (0.004u,0.s)
Params: n= 32
Tactic call autorewrite-regression-quadratic ran for 0.01 secs (0.01u,0.s) (success)
Tactic call autorewrite-noop-regression-linear ran for 0. secs (0.u,0.s) (success)
Tactic call abstract+autorewrite-regression-quadratic ran for 0.016 secs (0.016u,0.s) (success)
Tactic call close-abstract+autorewrite-regression-quadratic ran for 0.005 secs (0.005u,0.s)
Params: n= 33
Tactic call autorewrite-regression-quadratic ran for 0.009 secs (0.009u,0.s) (success)
Tactic call autorewrite-noop-regression-linear ran for 0. secs (0.u,0.s) (success)
Tactic call abstract+autorewrite-regression-quadratic ran for 0.015 secs (0.015u,0.s) (success)
Tactic call close-abstract+autorewrite-regression-quadratic ran for 0.005 secs (0.005u,0.s)
Params: n= 34
Tactic call autorewrite-regression-quadratic ran for 0.012 secs (0.012u,0.s) (success)
Tactic call autorewrite-noop-regression-linear ran for 0. secs (0.u,0.s) (success)
Tactic call abstract+autorewrite-regression-quadratic ran for 0.018 secs (0.018u,0.s) (success)
Tactic call close-abstract+autorewrite-regression-quadratic ran for 0.005 secs (0.005u,0.s)
Params: n= 35
Tactic call autorewrite-regression-quadratic ran for 0.011 secs (0.011u,0.s) (success)
Tactic call autorewrite-noop-regression-linear ran for 0. secs (0.u,0.s) (success)
Tactic call abstract+autorewrite-regression-quadratic ran for 0.017 secs (0.017u,0.s) (success)
Tactic call close-abstract+autorewrite-regression-quadratic ran for 0.006 secs (0.006u,0.s)
Params: n= 36
Tactic call autorewrite-regression-quadratic ran for 0.012 secs (0.012u,0.s) (success)
Tactic call autorewrite-noop-regression-linear ran for 0. secs (0.u,0.s) (success)
Tactic call abstract+autorewrite-regression-quadratic ran for 0.019 secs (0.019u,0.s) (success)
Tactic call close-abstract+autorewrite-regression-quadratic ran for 0.006 secs (0.006u,0.s)
Params: n= 37
Tactic call autorewrite-regression-quadratic ran for 0.012 secs (0.012u,0.s) (success)
Tactic call autorewrite-noop-regression-linear ran for 0. secs (0.u,0.s) (success)
Tactic call abstract+autorewrite-regression-quadratic ran for 0.019 secs (0.019u,0.s) (success)
Tactic call close-abstract+autorewrite-regression-quadratic ran for 0.006 secs (0.006u,0.s)
Params: n= 38
Tactic call autorewrite-regression-quadratic ran for 0.014 secs (0.014u,0.s) (success)
Tactic call autorewrite-noop-regression-linear ran for 0. secs (0.u,0.s) (success)
Tactic call abstract+autorewrite-regression-quadratic ran for 0.022 secs (0.022u,0.s) (success)
Tactic call close-abstract+autorewrite-regression-quadratic ran for 0.007 secs (0.007u,0.s)
Params: n= 39
Tactic call autorewrite-regression-quadratic ran for 0.013 secs (0.013u,0.s) (success)
Tactic call autorewrite-noop-regression-linear ran for 0. secs (0.u,0.s) (success)
Tactic call abstract+autorewrite-regression-quadratic ran for 0.022 secs (0.022u,0.s) (success)
Tactic call close-abstract+autorewrite-regression-quadratic ran for 0.008 secs (0.008u,0.s)
Params: n= 40
Tactic call autorewrite-regression-quadratic ran for 0.013 secs (0.013u,0.s) (success)
Tactic call autorewrite-noop-regression-linear ran for 0. secs (0.u,0.s) (success)
Tactic call abstract+autorewrite-regression-quadratic ran for 0.022 secs (0.022u,0.s) (success)
Tactic call close-abstract+autorewrite-regression-quadratic ran for 0.007 secs (0.007u,0.s)
Params: n= 41
Tactic call autorewrite-regression-quadratic ran for 0.016 secs (0.016u,0.s) (success)
Tactic call autorewrite-noop-regression-linear ran for 0. secs (0.u,0.s) (success)
Tactic call abstract+autorewrite-regression-quadratic ran for 0.025 secs (0.025u,0.s) (success)
Tactic call close-abstract+autorewrite-regression-quadratic ran for 0.008 secs (0.008u,0.s)
Params: n= 42
Tactic call autorewrite-regression-quadratic ran for 0.015 secs (0.015u,0.s) (success)
Tactic call autorewrite-noop-regression-linear ran for 0. secs (0.u,0.s) (success)
Tactic call abstract+autorewrite-regression-quadratic ran for 0.025 secs (0.025u,0.s) (success)
Tactic call close-abstract+autorewrite-regression-quadratic ran for 0.009 secs (0.009u,0.s)
Params: n= 43
Tactic call autorewrite-regression-quadratic ran for 0.015 secs (0.015u,0.s) (success)
Tactic call autorewrite-noop-regression-linear ran for 0. secs (0.u,0.s) (success)
Tactic call abstract+autorewrite-regression-quadratic ran for 0.025 secs (0.025u,0.s) (success)
Tactic call close-abstract+autorewrite-regression-quadratic ran for 0.009 secs (0.009u,0.s)
Params: n= 44
Tactic call autorewrite-regression-quadratic ran for 0.018 secs (0.018u,0.s) (success)
Tactic call autorewrite-noop-regression-linear ran for 0. secs (0.u,0.s) (success)
Tactic call abstract+autorewrite-regression-quadratic ran for 0.028 secs (0.028u,0.s) (success)
Tactic call close-abstract+autorewrite-regression-quadratic ran for 0.009 secs (0.009u,0.s)
Params: n= 45
Tactic call autorewrite-regression-quadratic ran for 0.018 secs (0.018u,0.s) (success)
Tactic call autorewrite-noop-regression-linear ran for 0. secs (0.u,0.s) (success)
Tactic call abstract+autorewrite-regression-quadratic ran for 0.028 secs (0.028u,0.s) (success)
Tactic call close-abstract+autorewrite-regression-quadratic ran for 0.009 secs (0.009u,0.s)
Params: n= 46
Tactic call autorewrite-regression-quadratic ran for 0.017 secs (0.017u,0.s) (success)
Tactic call autorewrite-noop-regression-linear ran for 0. secs (0.u,0.s) (success)
Tactic call abstract+autorewrite-regression-quadratic ran for 0.031 secs (0.031u,0.s) (success)
Tactic call close-abstract+autorewrite-regression-quadratic ran for 0.012 secs (0.012u,0.s)
Params: n= 47
Tactic call autorewrite-regression-quadratic ran for 0.018 secs (0.018u,0.s) (success)
Tactic call autorewrite-noop-regression-linear ran for 0. secs (0.u,0.s) (success)
Tactic call abstract+autorewrite-regression-quadratic ran for 0.03 secs (0.03u,0.s) (success)
Tactic call close-abstract+autorewrite-regression-quadratic ran for 0.011 secs (0.011u,0.s)
Params: n= 48
Tactic call autorewrite-regression-quadratic ran for 0.021 secs (0.021u,0.s) (success)
Tactic call autorewrite-noop-regression-linear ran for 0. secs (0.u,0.s) (success)
Tactic call abstract+autorewrite-regression-quadratic ran for 0.035 secs (0.035u,0.s) (success)
Tactic call close-abstract+autorewrite-regression-quadratic ran for 0.012 secs (0.012u,0.s)
Params: n= 49
Tactic call autorewrite-regression-quadratic ran for 0.02 secs (0.02u,0.s) (success)
Tactic call autorewrite-noop-regression-linear ran for 0. secs (0.u,0.s) (success)
Tactic call abstract+autorewrite-regression-quadratic ran for 0.032 secs (0.032u,0.s) (success)
Tactic call close-abstract+autorewrite-regression-quadratic ran for 0.011 secs (0.011u,0.s)
Params: n= 51
Tactic call autorewrite-regression-quadratic ran for 0.022 secs (0.022u,0.s) (success)
Tactic call autorewrite-noop-regression-linear ran for 0. secs (0.u,0.s) (success)
Tactic call abstract+autorewrite-regression-quadratic ran for 0.035 secs (0.035u,0.s) (success)
Tactic call close-abstract+autorewrite-regression-quadratic ran for 0.012 secs (0.012u,0.s)
Params: n= 52
Tactic call autorewrite-regression-quadratic ran for 0.022 secs (0.022u,0.s) (success)
Tactic call autorewrite-noop-regression-linear ran for 0. secs (0.u,0.s) (success)
Tactic call abstract+autorewrite-regression-quadratic ran for 0.036 secs (0.036u,0.s) (success)
Tactic call close-abstract+autorewrite-regression-quadratic ran for 0.013 secs (0.013u,0.s)
Params: n= 53
Tactic call autorewrite-regression-quadratic ran for 0.022 secs (0.022u,0.s) (success)
Tactic call autorewrite-noop-regression-linear ran for 0. secs (0.u,0.s) (success)
Tactic call abstract+autorewrite-regression-quadratic ran for 0.038 secs (0.038u,0.s) (success)
Tactic call close-abstract+autorewrite-regression-quadratic ran for 0.014 secs (0.014u,0.s)
Params: n= 54
Tactic call autorewrite-regression-quadratic ran for 0.023 secs (0.023u,0.s) (success)
Tactic call autorewrite-noop-regression-linear ran for 0. secs (0.u,0.s) (success)
Tactic call abstract+autorewrite-regression-quadratic ran for 0.039 secs (0.039u,0.s) (success)
Tactic call close-abstract+autorewrite-regression-quadratic ran for 0.014 secs (0.014u,0.s)
Params: n= 55
Tactic call autorewrite-regression-quadratic ran for 0.026 secs (0.026u,0.s) (success)
Tactic call autorewrite-noop-regression-linear ran for 0. secs (0.u,0.s) (success)
Tactic call abstract+autorewrite-regression-quadratic ran for 0.041 secs (0.041u,0.s) (success)
Tactic call close-abstract+autorewrite-regression-quadratic ran for 0.014 secs (0.014u,0.s)
Params: n= 56
Tactic call autorewrite-regression-quadratic ran for 0.027 secs (0.027u,0.s) (success)
Tactic call autorewrite-noop-regression-linear ran for 0. secs (0.u,0.s) (success)
Tactic call abstract+autorewrite-regression-quadratic ran for 0.042 secs (0.042u,0.s) (success)
Tactic call close-abstract+autorewrite-regression-quadratic ran for 0.014 secs (0.014u,0.s)
Params: n= 57
Tactic call autorewrite-regression-quadratic ran for 0.029 secs (0.029u,0.s) (success)
Tactic call autorewrite-noop-regression-linear ran for 0. secs (0.u,0.s) (success)
Tactic call abstract+autorewrite-regression-quadratic ran for 0.046 secs (0.046u,0.s) (success)
Tactic call close-abstract+autorewrite-regression-quadratic ran for 0.015 secs (0.015u,0.s)
Params: n= 58
Tactic call autorewrite-regression-quadratic ran for 0.027 secs (0.027u,0.s) (success)
Tactic call autorewrite-noop-regression-linear ran for 0. secs (0.u,0.s) (success)
Tactic call abstract+autorewrite-regression-quadratic ran for 0.045 secs (0.045u,0.s) (success)
Tactic call close-abstract+autorewrite-regression-quadratic ran for 0.016 secs (0.016u,0.s)
Params: n= 59
Tactic call autorewrite-regression-quadratic ran for 0.027 secs (0.027u,0.s) (success)
Tactic call autorewrite-noop-regression-linear ran for 0.001 secs (0.001u,0.s) (success)
Tactic call abstract+autorewrite-regression-quadratic ran for 0.046 secs (0.046u,0.s) (success)
Tactic call close-abstract+autorewrite-regression-quadratic ran for 0.016 secs (0.016u,0.s)
Params: n= 60
Tactic call autorewrite-regression-quadratic ran for 0.031 secs (0.031u,0.s) (success)
Tactic call autorewrite-noop-regression-linear ran for 0. secs (0.u,0.s) (success)
Tactic call abstract+autorewrite-regression-quadratic ran for 0.05 secs (0.05u,0.s) (success)
Tactic call close-abstract+autorewrite-regression-quadratic ran for 0.017 secs (0.017u,0.s)
Params: n= 61
Tactic call autorewrite-regression-quadratic ran for 0.03 secs (0.03u,0.s) (success)
Tactic call autorewrite-noop-regression-linear ran for 0. secs (0.u,0.s) (success)
Tactic call abstract+autorewrite-regression-quadratic ran for 0.05 secs (0.05u,0.s) (success)
Tactic call close-abstract+autorewrite-regression-quadratic ran for 0.018 secs (0.018u,0.s)
Params: n= 62
Tactic call autorewrite-regression-quadratic ran for 0.031 secs (0.031u,0.s) (success)
Tactic call autorewrite-noop-regression-linear ran for 0. secs (0.u,0.s) (success)
Tactic call abstract+autorewrite-regression-quadratic ran for 0.05 secs (0.05u,0.s) (success)
Tactic call close-abstract+autorewrite-regression-quadratic ran for 0.018 secs (0.018u,0.s)
Params: n= 63
Tactic call autorewrite-regression-quadratic ran for 0.035 secs (0.035u,0.s) (success)
Tactic call autorewrite-noop-regression-linear ran for 0. secs (0.u,0.s) (success)
Tactic call abstract+autorewrite-regression-quadratic ran for 0.055 secs (0.055u,0.s) (success)
Tactic call close-abstract+autorewrite-regression-quadratic ran for 0.019 secs (0.019u,0.s)
Params: n= 64
Tactic call autorewrite-regression-quadratic ran for 0.034 secs (0.034u,0.s) (success)
Tactic call autorewrite-noop-regression-linear ran for 0. secs (0.u,0.s) (success)
Tactic call abstract+autorewrite-regression-quadratic ran for 0.055 secs (0.055u,0.s) (success)
Tactic call close-abstract+autorewrite-regression-quadratic ran for 0.019 secs (0.019u,0.s)
Params: n= 65
Tactic call autorewrite-regression-quadratic ran for 0.033 secs (0.033u,0.s) (success)
Tactic call autorewrite-noop-regression-linear ran for 0. secs (0.u,0.s) (success)
Tactic call abstract+autorewrite-regression-quadratic ran for 0.056 secs (0.056u,0.s) (success)
Tactic call close-abstract+autorewrite-regression-quadratic ran for 0.021 secs (0.021u,0.s)
Params: n= 66
Tactic call autorewrite-regression-quadratic ran for 0.035 secs (0.035u,0.s) (success)
Tactic call autorewrite-noop-regression-linear ran for 0. secs (0.u,0.s) (success)
Tactic call abstract+autorewrite-regression-quadratic ran for 0.057 secs (0.057u,0.s) (success)
Tactic call close-abstract+autorewrite-regression-quadratic ran for 0.02 secs (0.02u,0.s)
Params: n= 67
Tactic call autorewrite-regression-quadratic ran for 0.04 secs (0.04u,0.s) (success)
Tactic call autorewrite-noop-regression-linear ran for 0. secs (0.u,0.s) (success)
Tactic call abstract+autorewrite-regression-quadratic ran for 0.062 secs (0.062u,0.s) (success)
Tactic call close-abstract+autorewrite-regression-quadratic ran for 0.02 secs (0.02u,0.s)
Params: n= 68
Tactic call autorewrite-regression-quadratic ran for 0.04 secs (0.04u,0.s) (success)
Tactic call autorewrite-noop-regression-linear ran for 0. secs (0.u,0.s) (success)
Tactic call abstract+autorewrite-regression-quadratic ran for 0.064 secs (0.064u,0.s) (success)
Tactic call close-abstract+autorewrite-regression-quadratic ran for 0.022 secs (0.022u,0.s)
Params: n= 69
Tactic call autorewrite-regression-quadratic ran for 0.04 secs (0.04u,0.s) (success)
Tactic call autorewrite-noop-regression-linear ran for 0. secs (0.u,0.s) (success)
Tactic call abstract+autorewrite-regression-quadratic ran for 0.065 secs (0.065u,0.s) (success)
Tactic call close-abstract+autorewrite-regression-quadratic ran for 0.023 secs (0.023u,0.s)
Params: n= 70
Tactic call autorewrite-regression-quadratic ran for 0.04 secs (0.04u,0.s) (success)
Tactic call autorewrite-noop-regression-linear ran for 0. secs (0.u,0.s) (success)
Tactic call abstract+autorewrite-regression-quadratic ran for 0.065 secs (0.065u,0.s) (success)
Tactic call close-abstract+autorewrite-regression-quadratic ran for 0.023 secs (0.023u,0.s)
Params: n= 71
Tactic call autorewrite-regression-quadratic ran for 0.04 secs (0.04u,0.s) (success)
Tactic call autorewrite-noop-regression-linear ran for 0. secs (0.u,0.s) (success)
Tactic call abstract+autorewrite-regression-quadratic ran for 0.065 secs (0.065u,0.s) (success)
Tactic call close-abstract+autorewrite-regression-quadratic ran for 0.023 secs (0.023u,0.s)
Params: n= 72
Tactic call autorewrite-regression-quadratic ran for 0.042 secs (0.042u,0.s) (success)
Tactic call autorewrite-noop-regression-linear ran for 0. secs (0.u,0.s) (success)
Tactic call abstract+autorewrite-regression-quadratic ran for 0.067 secs (0.067u,0.s) (success)
Tactic call close-abstract+autorewrite-regression-quadratic ran for 0.024 secs (0.024u,0.s)
Params: n= 73
Tactic call autorewrite-regression-quadratic ran for 0.043 secs (0.039u,0.003s) (success)
Tactic call autorewrite-noop-regression-linear ran for 0. secs (0.u,0.s) (success)
Tactic call abstract+autorewrite-regression-quadratic ran for 0.069 secs (0.065u,0.003s) (success)
Tactic call close-abstract+autorewrite-regression-quadratic ran for 0.025 secs (0.025u,0.s)
Params: n= 74
Tactic call autorewrite-regression-quadratic ran for 0.045 secs (0.045u,0.s) (success)
Tactic call autorewrite-noop-regression-linear ran for 0. secs (0.u,0.s) (success)
Tactic call abstract+autorewrite-regression-quadratic ran for 0.072 secs (0.072u,0.s) (success)
Tactic call close-abstract+autorewrite-regression-quadratic ran for 0.026 secs (0.026u,0.s)
Params: n= 75
Tactic call autorewrite-regression-quadratic ran for 0.045 secs (0.045u,0.s) (success)
Tactic call autorewrite-noop-regression-linear ran for 0. secs (0.u,0.s) (success)
Tactic call abstract+autorewrite-regression-quadratic ran for 0.073 secs (0.073u,0.s) (success)
Tactic call close-abstract+autorewrite-regression-quadratic ran for 0.026 secs (0.026u,0.s)
Params: n= 76
Tactic call autorewrite-regression-quadratic ran for 0.046 secs (0.046u,0.s) (success)
Tactic call autorewrite-noop-regression-linear ran for 0. secs (0.u,0.s) (success)
Tactic call abstract+autorewrite-regression-quadratic ran for 0.075 secs (0.075u,0.s) (success)
Tactic call close-abstract+autorewrite-regression-quadratic ran for 0.028 secs (0.028u,0.s)
Params: n= 77
Tactic call autorewrite-regression-quadratic ran for 0.047 secs (0.047u,0.s) (success)
Tactic call autorewrite-noop-regression-linear ran for 0. secs (0.u,0.s) (success)
Tactic call abstract+autorewrite-regression-quadratic ran for 0.077 secs (0.077u,0.s) (success)
Tactic call close-abstract+autorewrite-regression-quadratic ran for 0.029 secs (0.029u,0.s)
Params: n= 78
Tactic call autorewrite-regression-quadratic ran for 0.049 secs (0.049u,0.s) (success)
Tactic call autorewrite-noop-regression-linear ran for 0. secs (0.u,0.s) (success)
Tactic call abstract+autorewrite-regression-quadratic ran for 0.081 secs (0.081u,0.s) (success)
Tactic call close-abstract+autorewrite-regression-quadratic ran for 0.03 secs (0.03u,0.s)
Params: n= 79
Tactic call autorewrite-regression-quadratic ran for 0.053 secs (0.053u,0.s) (success)
Tactic call autorewrite-noop-regression-linear ran for 0. secs (0.u,0.s) (success)
Tactic call abstract+autorewrite-regression-quadratic ran for 0.083 secs (0.083u,0.s) (success)
Tactic call close-abstract+autorewrite-regression-quadratic ran for 0.028 secs (0.028u,0.s)
Params: n= 80
Tactic call autorewrite-regression-quadratic ran for 0.056 secs (0.056u,0.s) (success)
Tactic call autorewrite-noop-regression-linear ran for 0. secs (0.u,0.s) (success)
Tactic call abstract+autorewrite-regression-quadratic ran for 0.091 secs (0.091u,0.s) (success)
Tactic call close-abstract+autorewrite-regression-quadratic ran for 0.033 secs (0.033u,0.s)
Params: n= 81
Tactic call autorewrite-regression-quadratic ran for 0.052 secs (0.052u,0.s) (success)
Tactic call autorewrite-noop-regression-linear ran for 0. secs (0.u,0.s) (success)
Tactic call abstract+autorewrite-regression-quadratic ran for 0.087 secs (0.087u,0.s) (success)
Tactic call close-abstract+autorewrite-regression-quadratic ran for 0.033 secs (0.033u,0.s)
Params: n= 82
Tactic call autorewrite-regression-quadratic ran for 0.055 secs (0.055u,0.s) (success)
Tactic call autorewrite-noop-regression-linear ran for 0. secs (0.u,0.s) (success)
Tactic call abstract+autorewrite-regression-quadratic ran for 0.088 secs (0.088u,0.s) (success)
Tactic call close-abstract+autorewrite-regression-quadratic ran for 0.032 secs (0.032u,0.s)
Params: n= 83
Tactic call autorewrite-regression-quadratic ran for 0.054 secs (0.054u,0.s) (success)
Tactic call autorewrite-noop-regression-linear ran for 0. secs (0.u,0.s) (success)
Tactic call abstract+autorewrite-regression-quadratic ran for 0.089 secs (0.089u,0.s) (success)
Tactic call close-abstract+autorewrite-regression-quadratic ran for 0.033 secs (0.033u,0.s)
Params: n= 84
Tactic call autorewrite-regression-quadratic ran for 0.059 secs (0.059u,0.s) (success)
Tactic call autorewrite-noop-regression-linear ran for 0. secs (0.u,0.s) (success)
Tactic call abstract+autorewrite-regression-quadratic ran for 0.099 secs (0.099u,0.s) (success)
Tactic call close-abstract+autorewrite-regression-quadratic ran for 0.038 secs (0.038u,0.s)
Params: n= 85
Tactic call autorewrite-regression-quadratic ran for 0.059 secs (0.059u,0.s) (success)
Tactic call autorewrite-noop-regression-linear ran for 0. secs (0.u,0.s) (success)
Tactic call abstract+autorewrite-regression-quadratic ran for 0.094 secs (0.094u,0.s) (success)
Tactic call close-abstract+autorewrite-regression-quadratic ran for 0.033 secs (0.033u,0.s)
Params: n= 86
Tactic call autorewrite-regression-quadratic ran for 0.058 secs (0.058u,0.s) (success)
Tactic call autorewrite-noop-regression-linear ran for 0. secs (0.u,0.s) (success)
Tactic call abstract+autorewrite-regression-quadratic ran for 0.095 secs (0.091u,0.003s) (success)
Tactic call close-abstract+autorewrite-regression-quadratic ran for 0.035 secs (0.031u,0.003s)
Params: n= 87
Tactic call autorewrite-regression-quadratic ran for 0.065 secs (0.065u,0.s) (success)
Tactic call autorewrite-noop-regression-linear ran for 0. secs (0.u,0.s) (success)
Tactic call abstract+autorewrite-regression-quadratic ran for 0.107 secs (0.107u,0.s) (success)
Tactic call close-abstract+autorewrite-regression-quadratic ran for 0.04 secs (0.04u,0.s)
Params: n= 88
Tactic call autorewrite-regression-quadratic ran for 0.063 secs (0.063u,0.s) (success)
Tactic call autorewrite-noop-regression-linear ran for 0. secs (0.u,0.s) (success)
Tactic call abstract+autorewrite-regression-quadratic ran for 0.102 secs (0.102u,0.s) (success)
Tactic call close-abstract+autorewrite-regression-quadratic ran for 0.037 secs (0.037u,0.s)
Params: n= 89
Tactic call autorewrite-regression-quadratic ran for 0.066 secs (0.066u,0.s) (success)
Tactic call autorewrite-noop-regression-linear ran for 0. secs (0.u,0.s) (success)
Tactic call abstract+autorewrite-regression-quadratic ran for 0.112 secs (0.112u,0.s) (success)
Tactic call close-abstract+autorewrite-regression-quadratic ran for 0.043 secs (0.043u,0.s)
Params: n= 90
Tactic call autorewrite-regression-quadratic ran for 0.066 secs (0.066u,0.s) (success)
Tactic call autorewrite-noop-regression-linear ran for 0. secs (0.u,0.s) (success)
Tactic call abstract+autorewrite-regression-quadratic ran for 0.106 secs (0.106u,0.s) (success)
Tactic call close-abstract+autorewrite-regression-quadratic ran for 0.038 secs (0.038u,0.s)
Params: n= 91
Tactic call autorewrite-regression-quadratic ran for 0.068 secs (0.068u,0.s) (success)
Tactic call autorewrite-noop-regression-linear ran for 0. secs (0.u,0.s) (success)
Tactic call abstract+autorewrite-regression-quadratic ran for 0.111 secs (0.111u,0.s) (success)
Tactic call close-abstract+autorewrite-regression-quadratic ran for 0.041 secs (0.041u,0.s)
Params: n= 92
Tactic call autorewrite-regression-quadratic ran for 0.067 secs (0.067u,0.s) (success)
Tactic call autorewrite-noop-regression-linear ran for 0. secs (0.u,0.s) (success)
Tactic call abstract+autorewrite-regression-quadratic ran for 0.107 secs (0.107u,0.s) (success)
Tactic call close-abstract+autorewrite-regression-quadratic ran for 0.038 secs (0.038u,0.s)
Params: n= 93
Tactic call autorewrite-regression-quadratic ran for 0.069 secs (0.069u,0.s) (success)
Tactic call autorewrite-noop-regression-linear ran for 0. secs (0.u,0.s) (success)
Tactic call abstract+autorewrite-regression-quadratic ran for 0.109 secs (0.109u,0.s) (success)
Tactic call close-abstract+autorewrite-regression-quadratic ran for 0.039 secs (0.039u,0.s)
Params: n= 94
Tactic call autorewrite-regression-quadratic ran for 0.07 secs (0.07u,0.s) (success)
Tactic call autorewrite-noop-regression-linear ran for 0. secs (0.u,0.s) (success)
Tactic call abstract+autorewrite-regression-quadratic ran for 0.112 secs (0.112u,0.s) (success)
Tactic call close-abstract+autorewrite-regression-quadratic ran for 0.04 secs (0.04u,0.s)
Params: n= 95
Tactic call autorewrite-regression-quadratic ran for 0.071 secs (0.071u,0.s) (success)
Tactic call autorewrite-noop-regression-linear ran for 0. secs (0.u,0.s) (success)
Tactic call abstract+autorewrite-regression-quadratic ran for 0.114 secs (0.114u,0.s) (success)
Tactic call close-abstract+autorewrite-regression-quadratic ran for 0.041 secs (0.041u,0.s)
Params: n= 96
Tactic call autorewrite-regression-quadratic ran for 0.073 secs (0.073u,0.s) (success)
Tactic call autorewrite-noop-regression-linear ran for 0. secs (0.u,0.s) (success)
Tactic call abstract+autorewrite-regression-quadratic ran for 0.116 secs (0.116u,0.s) (success)
Tactic call close-abstract+autorewrite-regression-quadratic ran for 0.041 secs (0.041u,0.s)
Params: n= 97
Tactic call autorewrite-regression-quadratic ran for 0.073 secs (0.073u,0.s) (success)
Tactic call autorewrite-noop-regression-linear ran for 0. secs (0.u,0.s) (success)
Tactic call abstract+autorewrite-regression-quadratic ran for 0.118 secs (0.118u,0.s) (success)
Tactic call close-abstract+autorewrite-regression-quadratic ran for 0.043 secs (0.043u,0.s)
Params: n= 98
Tactic call autorewrite-regression-quadratic ran for 0.078 secs (0.078u,0.s) (success)
Tactic call autorewrite-noop-regression-linear ran for 0. secs (0.u,0.s) (success)
Tactic call abstract+autorewrite-regression-quadratic ran for 0.124 secs (0.124u,0.s) (success)
Tactic call close-abstract+autorewrite-regression-quadratic ran for 0.043 secs (0.043u,0.s)
Params: n= 99
Tactic call autorewrite-regression-quadratic ran for 0.077 secs (0.077u,0.s) (success)
Tactic call autorewrite-noop-regression-linear ran for 0. secs (0.u,0.s) (success)
Tactic call abstract+autorewrite-regression-quadratic ran for 0.124 secs (0.124u,0.s) (success)
Tactic call close-abstract+autorewrite-regression-quadratic ran for 0.044 secs (0.044u,0.s)
Params: n= 110
Tactic call autorewrite-regression-quadratic ran for 0.095 secs (0.095u,0.s) (success)
Tactic call autorewrite-noop-regression-linear ran for 0.001 secs (0.001u,0.s) (success)
Tactic call abstract+autorewrite-regression-quadratic ran for 0.153 secs (0.153u,0.s) (success)
Tactic call close-abstract+autorewrite-regression-quadratic ran for 0.055 secs (0.055u,0.s)
Params: n= 120
Tactic call autorewrite-regression-quadratic ran for 0.113 secs (0.113u,0.s) (success)
Tactic call autorewrite-noop-regression-linear ran for 0.001 secs (0.001u,0.s) (success)
Tactic call abstract+autorewrite-regression-quadratic ran for 0.181 secs (0.181u,0.s) (success)
Tactic call close-abstract+autorewrite-regression-quadratic ran for 0.066 secs (0.066u,0.s)
Params: n= 130
Tactic call autorewrite-regression-quadratic ran for 0.133 secs (0.133u,0.s) (success)
Tactic call autorewrite-noop-regression-linear ran for 0.001 secs (0.001u,0.s) (success)
Tactic call abstract+autorewrite-regression-quadratic ran for 0.211 secs (0.211u,0.s) (success)
Tactic call close-abstract+autorewrite-regression-quadratic ran for 0.076 secs (0.076u,0.s)
Params: n= 140
Tactic call autorewrite-regression-quadratic ran for 0.159 secs (0.159u,0.s) (success)
Tactic call autorewrite-noop-regression-linear ran for 0.001 secs (0.001u,0.s) (success)
Tactic call abstract+autorewrite-regression-quadratic ran for 0.253 secs (0.253u,0.s) (success)
Tactic call close-abstract+autorewrite-regression-quadratic ran for 0.091 secs (0.091u,0.s)
Params: n= 160
Tactic call autorewrite-regression-quadratic ran for 0.214 secs (0.214u,0.s) (success)
Tactic call autorewrite-noop-regression-linear ran for 0.001 secs (0.u,0.001s) (success)
Tactic call abstract+autorewrite-regression-quadratic ran for 0.349 secs (0.345u,0.003s) (success)
Tactic call close-abstract+autorewrite-regression-quadratic ran for 0.131 secs (0.129u,0.001s)
Params: n= 170
Tactic call autorewrite-regression-quadratic ran for 0.249 secs (0.249u,0.s) (success)
Tactic call autorewrite-noop-regression-linear ran for 0.001 secs (0.001u,0.s) (success)
Tactic call abstract+autorewrite-regression-quadratic ran for 0.398 secs (0.398u,0.s) (success)
Tactic call close-abstract+autorewrite-regression-quadratic ran for 0.146 secs (0.146u,0.s)
Params: n= 180
Tactic call autorewrite-regression-quadratic ran for 0.281 secs (0.281u,0.s) (success)
Tactic call autorewrite-noop-regression-linear ran for 0.001 secs (0.001u,0.s) (success)
Tactic call abstract+autorewrite-regression-quadratic ran for 0.448 secs (0.448u,0.s) (success)
Tactic call close-abstract+autorewrite-regression-quadratic ran for 0.164 secs (0.164u,0.s)
Params: n= 190
Tactic call autorewrite-regression-quadratic ran for 0.312 secs (0.312u,0.s) (success)
Tactic call autorewrite-noop-regression-linear ran for 0.002 secs (0.002u,0.s) (success)
Tactic call abstract+autorewrite-regression-quadratic ran for 0.484 secs (0.484u,0.s) (success)
Tactic call close-abstract+autorewrite-regression-quadratic ran for 0.168 secs (0.168u,0.s)
Params: n= 210
Tactic call autorewrite-regression-quadratic ran for 0.366 secs (0.362u,0.003s) (success)
Tactic call autorewrite-noop-regression-linear ran for 0.002 secs (0.002u,0.s) (success)
Tactic call abstract+autorewrite-regression-quadratic ran for 0.567 secs (0.563u,0.003s) (success)
Tactic call close-abstract+autorewrite-regression-quadratic ran for 0.197 secs (0.197u,0.s)
Params: n= 220
Tactic call autorewrite-regression-quadratic ran for 0.405 secs (0.405u,0.s) (success)
Tactic call autorewrite-noop-regression-linear ran for 0.002 secs (0.002u,0.s) (success)
Tactic call abstract+autorewrite-regression-quadratic ran for 0.624 secs (0.624u,0.s) (success)
Tactic call close-abstract+autorewrite-regression-quadratic ran for 0.216 secs (0.216u,0.s)
Params: n= 230
Tactic call autorewrite-regression-quadratic ran for 0.446 secs (0.446u,0.s) (success)
Tactic call autorewrite-noop-regression-linear ran for 0.003 secs (0.003u,0.s) (success)
Tactic call abstract+autorewrite-regression-quadratic ran for 0.685 secs (0.685u,0.s) (success)
Tactic call close-abstract+autorewrite-regression-quadratic ran for 0.234 secs (0.234u,0.s)
Params: n= 240
Tactic call autorewrite-regression-quadratic ran for 0.51 secs (0.51u,0.s) (success)
Tactic call autorewrite-noop-regression-linear ran for 0.002 secs (0.002u,0.s) (success)
Tactic call abstract+autorewrite-regression-quadratic ran for 0.796 secs (0.796u,0.s) (success)
Tactic call close-abstract+autorewrite-regression-quadratic ran for 0.281 secs (0.281u,0.s)
Params: n= 260
Tactic call autorewrite-regression-quadratic ran for 0.61 secs (0.61u,0.s) (success)
Tactic call autorewrite-noop-regression-linear ran for 0.003 secs (0.003u,0.s) (success)
Tactic call abstract+autorewrite-regression-quadratic ran for 0.935 secs (0.935u,0.s) (success)
Tactic call close-abstract+autorewrite-regression-quadratic ran for 0.32 secs (0.32u,0.s)
Params: n= 270
Tactic call autorewrite-regression-quadratic ran for 0.638 secs (0.638u,0.s) (success)
Tactic call autorewrite-noop-regression-linear ran for 0.003 secs (0.003u,0.s) (success)
Tactic call abstract+autorewrite-regression-quadratic ran for 0.968 secs (0.968u,0.s) (success)
Tactic call close-abstract+autorewrite-regression-quadratic ran for 0.325 secs (0.325u,0.s)
Params: n= 280
Tactic call autorewrite-regression-quadratic ran for 0.671 secs (0.671u,0.s) (success)
Tactic call autorewrite-noop-regression-linear ran for 0.003 secs (0.003u,0.s) (success)
Tactic call abstract+autorewrite-regression-quadratic ran for 1.025 secs (1.025u,0.s) (success)
Tactic call close-abstract+autorewrite-regression-quadratic ran for 0.348 secs (0.348u,0.s)
Params: n= 290
Tactic call autorewrite-regression-quadratic ran for 0.768 secs (0.768u,0.s) (success)
Tactic call autorewrite-noop-regression-linear ran for 0.003 secs (0.003u,0.s) (success)
Tactic call abstract+autorewrite-regression-quadratic ran for 1.184 secs (1.184u,0.s) (success)
Tactic call close-abstract+autorewrite-regression-quadratic ran for 0.41 secs (0.41u,0.s)
Params: n= 310
Tactic call autorewrite-regression-quadratic ran for 0.906 secs (0.906u,0.s) (success)
Tactic call autorewrite-noop-regression-linear ran for 0.005 secs (0.005u,0.s) (success)
Tactic call abstract+autorewrite-regression-quadratic ran for 1.337 secs (1.333u,0.003s) (success)
Tactic call close-abstract+autorewrite-regression-quadratic ran for 0.423 secs (0.419u,0.003s)
Params: n= 320
Tactic call autorewrite-regression-quadratic ran for 0.91 secs (0.91u,0.s) (success)
Tactic call autorewrite-noop-regression-linear ran for 0.005 secs (0.005u,0.s) (success)
Tactic call abstract+autorewrite-regression-quadratic ran for 1.372 secs (1.372u,0.s) (success)
Tactic call close-abstract+autorewrite-regression-quadratic ran for 0.454 secs (0.454u,0.s)
Params: n= 330
Tactic call autorewrite-regression-quadratic ran for 0.997 secs (0.997u,0.s) (success)
Tactic call autorewrite-noop-regression-linear ran for 0.004 secs (0.004u,0.s) (success)
Tactic call abstract+autorewrite-regression-quadratic ran for 1.526 secs (1.526u,0.s) (success)
Tactic call close-abstract+autorewrite-regression-quadratic ran for 0.523 secs (0.523u,0.s)
Params: n= 340
Tactic call autorewrite-regression-quadratic ran for 1.124 secs (1.124u,0.s) (success)
Tactic call autorewrite-noop-regression-linear ran for 0.004 secs (0.004u,0.s) (success)
Tactic call abstract+autorewrite-regression-quadratic ran for 1.656 secs (1.656u,0.s) (success)
Tactic call close-abstract+autorewrite-regression-quadratic ran for 0.525 secs (0.525u,0.s)
Params: n= 360
Tactic call autorewrite-regression-quadratic ran for 1.208 secs (1.208u,0.s) (success)
Tactic call autorewrite-noop-regression-linear ran for 0.005 secs (0.005u,0.s) (success)
Tactic call abstract+autorewrite-regression-quadratic ran for 1.788 secs (1.788u,0.s) (success)
Tactic call close-abstract+autorewrite-regression-quadratic ran for 0.573 secs (0.573u,0.s)
Params: n= 370
Tactic call autorewrite-regression-quadratic ran for 1.301 secs (1.301u,0.s) (success)
Tactic call autorewrite-noop-regression-linear ran for 0.005 secs (0.005u,0.s) (success)
Tactic call abstract+autorewrite-regression-quadratic ran for 1.971 secs (1.971u,0.s) (success)
Tactic call close-abstract+autorewrite-regression-quadratic ran for 0.663 secs (0.663u,0.s)
Params: n= 380
Tactic call autorewrite-regression-quadratic ran for 1.417 secs (1.409u,0.007s) (success)
Tactic call autorewrite-noop-regression-linear ran for 0.005 secs (0.005u,0.s) (success)
Tactic call abstract+autorewrite-regression-quadratic ran for 2.073 secs (2.065u,0.007s) (success)
Tactic call close-abstract+autorewrite-regression-quadratic ran for 0.649 secs (0.649u,0.s)
Params: n= 390
Tactic call autorewrite-regression-quadratic ran for 1.462 secs (1.462u,0.s) (success)
Tactic call autorewrite-noop-regression-linear ran for 0.006 secs (0.006u,0.s) (success)
Tactic call abstract+autorewrite-regression-quadratic ran for 2.168 secs (2.164u,0.003s) (success)
Tactic call close-abstract+autorewrite-regression-quadratic ran for 0.698 secs (0.694u,0.003s)
