Params: n= 41
Tactic call cbv for TypeClassesPHOAS with big ran for 0. secs (0.u,0.s) (success)
Tactic call pre for TypeClassesPHOAS with big ran for 0. secs (0.u,0.s) (success)
Tactic call actual reif for TypeClassesPHOAS with big ran for 0.264 secs (0.213u,0.051s)
Tactic call eval lazy for TypeClassesPHOAS with big ran for 0. secs (0.u,0.s)
Tactic call norm reif for TypeClassesPHOAS with big ran for 0.264 secs (0.213u,0.051s)
Tactic call lazy beta iota for TypeClassesPHOAS with big ran for 0. secs (0.u,0.s) (success)
Tactic call reif for TypeClassesPHOAS with big ran for 0.264 secs (0.213u,0.051s) (success)
Tactic call post for TypeClassesPHOAS with big ran for 0. secs (0.u,0.s) (success)
Params: n= 42
Tactic call cbv for TypeClassesPHOAS with big ran for 0. secs (0.u,0.s) (success)
Tactic call pre for TypeClassesPHOAS with big ran for 0. secs (0.u,0.s) (success)
Tactic call actual reif for TypeClassesPHOAS with big ran for 0.202 secs (0.202u,0.s)
Tactic call eval lazy for TypeClassesPHOAS with big ran for 0. secs (0.u,0.s)
Tactic call norm reif for TypeClassesPHOAS with big ran for 0.203 secs (0.203u,0.s)
Tactic call lazy beta iota for TypeClassesPHOAS with big ran for 0. secs (0.u,0.s) (success)
Tactic call reif for TypeClassesPHOAS with big ran for 0.203 secs (0.203u,0.s) (success)
Tactic call post for TypeClassesPHOAS with big ran for 0. secs (0.u,0.s) (success)
Params: n= 43
Tactic call cbv for TypeClassesPHOAS with big ran for 0. secs (0.u,0.s) (success)
Tactic call pre for TypeClassesPHOAS with big ran for 0. secs (0.u,0.s) (success)
Tactic call actual reif for TypeClassesPHOAS with big ran for 0.223 secs (0.223u,0.s)
Tactic call eval lazy for TypeClassesPHOAS with big ran for 0. secs (0.u,0.s)
Tactic call norm reif for TypeClassesPHOAS with big ran for 0.224 secs (0.223u,0.s)
Tactic call lazy beta iota for TypeClassesPHOAS with big ran for 0. secs (0.u,0.s) (success)
Tactic call reif for TypeClassesPHOAS with big ran for 0.224 secs (0.223u,0.s) (success)
Tactic call post for TypeClassesPHOAS with big ran for 0. secs (0.u,0.s) (success)
Params: n= 44
Tactic call cbv for TypeClassesPHOAS with big ran for 0. secs (0.u,0.s) (success)
Tactic call pre for TypeClassesPHOAS with big ran for 0. secs (0.u,0.s) (success)
Tactic call actual reif for TypeClassesPHOAS with big ran for 0.303 secs (0.299u,0.003s)
Tactic call eval lazy for TypeClassesPHOAS with big ran for 0. secs (0.u,0.s)
Tactic call norm reif for TypeClassesPHOAS with big ran for 0.303 secs (0.299u,0.003s)
Tactic call lazy beta iota for TypeClassesPHOAS with big ran for 0. secs (0.u,0.s) (success)
Tactic call reif for TypeClassesPHOAS with big ran for 0.304 secs (0.3u,0.003s) (success)
Tactic call post for TypeClassesPHOAS with big ran for 0. secs (0.u,0.s) (success)
Params: n= 45
Tactic call cbv for TypeClassesPHOAS with big ran for 0. secs (0.u,0.s) (success)
Tactic call pre for TypeClassesPHOAS with big ran for 0. secs (0.u,0.s) (success)
Tactic call actual reif for TypeClassesPHOAS with big ran for 0.25 secs (0.25u,0.s)
Tactic call eval lazy for TypeClassesPHOAS with big ran for 0. secs (0.u,0.s)
Tactic call norm reif for TypeClassesPHOAS with big ran for 0.25 secs (0.25u,0.s)
Tactic call lazy beta iota for TypeClassesPHOAS with big ran for 0. secs (0.u,0.s) (success)
Tactic call reif for TypeClassesPHOAS with big ran for 0.25 secs (0.25u,0.s) (success)
Tactic call post for TypeClassesPHOAS with big ran for 0. secs (0.u,0.s) (success)
Params: n= 46
Tactic call cbv for TypeClassesPHOAS with big ran for 0. secs (0.u,0.s) (success)
Tactic call pre for TypeClassesPHOAS with big ran for 0. secs (0.u,0.s) (success)
Tactic call actual reif for TypeClassesPHOAS with big ran for 0.248 secs (0.248u,0.s)
Tactic call eval lazy for TypeClassesPHOAS with big ran for 0. secs (0.u,0.s)
Tactic call norm reif for TypeClassesPHOAS with big ran for 0.248 secs (0.248u,0.s)
Tactic call lazy beta iota for TypeClassesPHOAS with big ran for 0. secs (0.u,0.s) (success)
Tactic call reif for TypeClassesPHOAS with big ran for 0.248 secs (0.248u,0.s) (success)
Tactic call post for TypeClassesPHOAS with big ran for 0. secs (0.u,0.s) (success)
Params: n= 47
Tactic call cbv for TypeClassesPHOAS with big ran for 0. secs (0.u,0.s) (success)
Tactic call pre for TypeClassesPHOAS with big ran for 0. secs (0.u,0.s) (success)
Tactic call actual reif for TypeClassesPHOAS with big ran for 0.256 secs (0.256u,0.s)
Tactic call eval lazy for TypeClassesPHOAS with big ran for 0. secs (0.u,0.s)
Tactic call norm reif for TypeClassesPHOAS with big ran for 0.256 secs (0.256u,0.s)
Tactic call lazy beta iota for TypeClassesPHOAS with big ran for 0. secs (0.u,0.s) (success)
Tactic call reif for TypeClassesPHOAS with big ran for 0.257 secs (0.257u,0.s) (success)
Tactic call post for TypeClassesPHOAS with big ran for 0. secs (0.u,0.s) (success)
Params: n= 48
Tactic call cbv for TypeClassesPHOAS with big ran for 0. secs (0.u,0.s) (success)
Tactic call pre for TypeClassesPHOAS with big ran for 0. secs (0.u,0.s) (success)
Tactic call actual reif for TypeClassesPHOAS with big ran for 0.265 secs (0.261u,0.003s)
Tactic call eval lazy for TypeClassesPHOAS with big ran for 0. secs (0.u,0.s)
Tactic call norm reif for TypeClassesPHOAS with big ran for 0.265 secs (0.262u,0.003s)
Tactic call lazy beta iota for TypeClassesPHOAS with big ran for 0. secs (0.u,0.s) (success)
Tactic call reif for TypeClassesPHOAS with big ran for 0.265 secs (0.262u,0.003s) (success)
Tactic call post for TypeClassesPHOAS with big ran for 0. secs (0.u,0.s) (success)
Params: n= 49
Tactic call cbv for TypeClassesPHOAS with big ran for 0. secs (0.u,0.s) (success)
Tactic call pre for TypeClassesPHOAS with big ran for 0. secs (0.u,0.s) (success)
Tactic call actual reif for TypeClassesPHOAS with big ran for 0.284 secs (0.284u,0.s)
Tactic call eval lazy for TypeClassesPHOAS with big ran for 0. secs (0.u,0.s)
Tactic call norm reif for TypeClassesPHOAS with big ran for 0.284 secs (0.284u,0.s)
Tactic call lazy beta iota for TypeClassesPHOAS with big ran for 0. secs (0.u,0.s) (success)
Tactic call reif for TypeClassesPHOAS with big ran for 0.284 secs (0.284u,0.s) (success)
Tactic call post for TypeClassesPHOAS with big ran for 0. secs (0.u,0.s) (success)
Params: n= 50
Tactic call cbv for TypeClassesPHOAS with big ran for 0. secs (0.u,0.s) (success)
Tactic call pre for TypeClassesPHOAS with big ran for 0. secs (0.u,0.s) (success)
Tactic call actual reif for TypeClassesPHOAS with big ran for 0.3 secs (0.296u,0.003s)
Tactic call eval lazy for TypeClassesPHOAS with big ran for 0. secs (0.u,0.s)
Tactic call norm reif for TypeClassesPHOAS with big ran for 0.3 secs (0.296u,0.003s)
Tactic call lazy beta iota for TypeClassesPHOAS with big ran for 0. secs (0.u,0.s) (success)
Tactic call reif for TypeClassesPHOAS with big ran for 0.301 secs (0.297u,0.003s) (success)
Tactic call post for TypeClassesPHOAS with big ran for 0. secs (0.u,0.s) (success)
Params: n= 51
Tactic call cbv for TypeClassesPHOAS with big ran for 0. secs (0.u,0.s) (success)
Tactic call pre for TypeClassesPHOAS with big ran for 0. secs (0.u,0.s) (success)
Tactic call actual reif for TypeClassesPHOAS with big ran for 0.301 secs (0.301u,0.s)
Tactic call eval lazy for TypeClassesPHOAS with big ran for 0. secs (0.u,0.s)
Tactic call norm reif for TypeClassesPHOAS with big ran for 0.301 secs (0.301u,0.s)
Tactic call lazy beta iota for TypeClassesPHOAS with big ran for 0. secs (0.u,0.s) (success)
Tactic call reif for TypeClassesPHOAS with big ran for 0.302 secs (0.302u,0.s) (success)
Tactic call post for TypeClassesPHOAS with big ran for 0. secs (0.u,0.s) (success)
Params: n= 52
Tactic call cbv for TypeClassesPHOAS with big ran for 0. secs (0.u,0.s) (success)
Tactic call pre for TypeClassesPHOAS with big ran for 0. secs (0.u,0.s) (success)
Tactic call actual reif for TypeClassesPHOAS with big ran for 0.325 secs (0.325u,0.s)
Tactic call eval lazy for TypeClassesPHOAS with big ran for 0. secs (0.u,0.s)
Tactic call norm reif for TypeClassesPHOAS with big ran for 0.325 secs (0.325u,0.s)
Tactic call lazy beta iota for TypeClassesPHOAS with big ran for 0. secs (0.u,0.s) (success)
Tactic call reif for TypeClassesPHOAS with big ran for 0.326 secs (0.326u,0.s) (success)
Tactic call post for TypeClassesPHOAS with big ran for 0. secs (0.u,0.s) (success)
Params: n= 53
Tactic call cbv for TypeClassesPHOAS with big ran for 0. secs (0.u,0.s) (success)
Tactic call pre for TypeClassesPHOAS with big ran for 0. secs (0.u,0.s) (success)
Tactic call actual reif for TypeClassesPHOAS with big ran for 0.326 secs (0.322u,0.003s)
Tactic call eval lazy for TypeClassesPHOAS with big ran for 0. secs (0.u,0.s)
Tactic call norm reif for TypeClassesPHOAS with big ran for 0.327 secs (0.323u,0.003s)
Tactic call lazy beta iota for TypeClassesPHOAS with big ran for 0. secs (0.u,0.s) (success)
Tactic call reif for TypeClassesPHOAS with big ran for 0.327 secs (0.323u,0.003s) (success)
Tactic call post for TypeClassesPHOAS with big ran for 0. secs (0.u,0.s) (success)
Params: n= 54
Tactic call cbv for TypeClassesPHOAS with big ran for 0. secs (0.u,0.s) (success)
Tactic call pre for TypeClassesPHOAS with big ran for 0. secs (0.u,0.s) (success)
Tactic call actual reif for TypeClassesPHOAS with big ran for 0.328 secs (0.328u,0.s)
Tactic call eval lazy for TypeClassesPHOAS with big ran for 0. secs (0.u,0.s)
Tactic call norm reif for TypeClassesPHOAS with big ran for 0.329 secs (0.329u,0.s)
Tactic call lazy beta iota for TypeClassesPHOAS with big ran for 0. secs (0.u,0.s) (success)
Tactic call reif for TypeClassesPHOAS with big ran for 0.329 secs (0.329u,0.s) (success)
Tactic call post for TypeClassesPHOAS with big ran for 0. secs (0.u,0.s) (success)
Params: n= 55
Tactic call cbv for TypeClassesPHOAS with big ran for 0. secs (0.u,0.s) (success)
Tactic call pre for TypeClassesPHOAS with big ran for 0. secs (0.u,0.s) (success)
Tactic call actual reif for TypeClassesPHOAS with big ran for 0.359 secs (0.359u,0.s)
Tactic call eval lazy for TypeClassesPHOAS with big ran for 0. secs (0.u,0.s)
Tactic call norm reif for TypeClassesPHOAS with big ran for 0.359 secs (0.359u,0.s)
Tactic call lazy beta iota for TypeClassesPHOAS with big ran for 0. secs (0.u,0.s) (success)
Tactic call reif for TypeClassesPHOAS with big ran for 0.359 secs (0.359u,0.s) (success)
Tactic call post for TypeClassesPHOAS with big ran for 0. secs (0.u,0.s) (success)
Params: n= 56
Tactic call cbv for TypeClassesPHOAS with big ran for 0. secs (0.u,0.s) (success)
Tactic call pre for TypeClassesPHOAS with big ran for 0. secs (0.u,0.s) (success)
Tactic call actual reif for TypeClassesPHOAS with big ran for 0.399 secs (0.395u,0.003s)
Tactic call eval lazy for TypeClassesPHOAS with big ran for 0. secs (0.u,0.s)
Tactic call norm reif for TypeClassesPHOAS with big ran for 0.399 secs (0.395u,0.003s)
Tactic call lazy beta iota for TypeClassesPHOAS with big ran for 0. secs (0.u,0.s) (success)
Tactic call reif for TypeClassesPHOAS with big ran for 0.399 secs (0.395u,0.003s) (success)
Tactic call post for TypeClassesPHOAS with big ran for 0. secs (0.u,0.s) (success)
Params: n= 57
Tactic call cbv for TypeClassesPHOAS with big ran for 0. secs (0.u,0.s) (success)
Tactic call pre for TypeClassesPHOAS with big ran for 0. secs (0.u,0.s) (success)
Tactic call actual reif for TypeClassesPHOAS with big ran for 0.404 secs (0.404u,0.s)
Tactic call eval lazy for TypeClassesPHOAS with big ran for 0. secs (0.u,0.s)
Tactic call norm reif for TypeClassesPHOAS with big ran for 0.404 secs (0.404u,0.s)
Tactic call lazy beta iota for TypeClassesPHOAS with big ran for 0. secs (0.u,0.s) (success)
Tactic call reif for TypeClassesPHOAS with big ran for 0.404 secs (0.404u,0.s) (success)
Tactic call post for TypeClassesPHOAS with big ran for 0. secs (0.u,0.s) (success)
Params: n= 58
Tactic call cbv for TypeClassesPHOAS with big ran for 0. secs (0.u,0.s) (success)
Tactic call pre for TypeClassesPHOAS with big ran for 0. secs (0.u,0.s) (success)
Tactic call actual reif for TypeClassesPHOAS with big ran for 0.427 secs (0.419u,0.007s)
Tactic call eval lazy for TypeClassesPHOAS with big ran for 0. secs (0.u,0.s)
Tactic call norm reif for TypeClassesPHOAS with big ran for 0.428 secs (0.42u,0.007s)
Tactic call lazy beta iota for TypeClassesPHOAS with big ran for 0. secs (0.u,0.s) (success)
Tactic call reif for TypeClassesPHOAS with big ran for 0.428 secs (0.42u,0.007s) (success)
Tactic call post for TypeClassesPHOAS with big ran for 0. secs (0.u,0.s) (success)
Params: n= 59
Tactic call cbv for TypeClassesPHOAS with big ran for 0. secs (0.u,0.s) (success)
Tactic call pre for TypeClassesPHOAS with big ran for 0. secs (0.u,0.s) (success)
Tactic call actual reif for TypeClassesPHOAS with big ran for 0.437 secs (0.437u,0.s)
Tactic call eval lazy for TypeClassesPHOAS with big ran for 0. secs (0.u,0.s)
Tactic call norm reif for TypeClassesPHOAS with big ran for 0.438 secs (0.437u,0.s)
Tactic call lazy beta iota for TypeClassesPHOAS with big ran for 0. secs (0.u,0.s) (success)
Tactic call reif for TypeClassesPHOAS with big ran for 0.438 secs (0.438u,0.s) (success)
Tactic call post for TypeClassesPHOAS with big ran for 0. secs (0.u,0.s) (success)
Params: n= 60
Tactic call cbv for TypeClassesPHOAS with big ran for 0. secs (0.u,0.s) (success)
Tactic call pre for TypeClassesPHOAS with big ran for 0. secs (0.u,0.s) (success)
Tactic call actual reif for TypeClassesPHOAS with big ran for 0.461 secs (0.453u,0.007s)
Tactic call eval lazy for TypeClassesPHOAS with big ran for 0. secs (0.u,0.s)
Tactic call norm reif for TypeClassesPHOAS with big ran for 0.462 secs (0.454u,0.007s)
Tactic call lazy beta iota for TypeClassesPHOAS with big ran for 0. secs (0.u,0.s) (success)
Tactic call reif for TypeClassesPHOAS with big ran for 0.462 secs (0.454u,0.007s) (success)
Tactic call post for TypeClassesPHOAS with big ran for 0. secs (0.u,0.s) (success)
Params: n= 61
Tactic call cbv for TypeClassesPHOAS with big ran for 0. secs (0.u,0.s) (success)
Tactic call pre for TypeClassesPHOAS with big ran for 0. secs (0.u,0.s) (success)
Tactic call actual reif for TypeClassesPHOAS with big ran for 0.466 secs (0.458u,0.007s)
Tactic call eval lazy for TypeClassesPHOAS with big ran for 0. secs (0.u,0.s)
Tactic call norm reif for TypeClassesPHOAS with big ran for 0.466 secs (0.458u,0.007s)
Tactic call lazy beta iota for TypeClassesPHOAS with big ran for 0. secs (0.u,0.s) (success)
Tactic call reif for TypeClassesPHOAS with big ran for 0.466 secs (0.458u,0.007s) (success)
Tactic call post for TypeClassesPHOAS with big ran for 0. secs (0.u,0.s) (success)
Params: n= 62
Tactic call cbv for TypeClassesPHOAS with big ran for 0. secs (0.u,0.s) (success)
Tactic call pre for TypeClassesPHOAS with big ran for 0. secs (0.u,0.s) (success)
Tactic call actual reif for TypeClassesPHOAS with big ran for 0.486 secs (0.482u,0.003s)
Tactic call eval lazy for TypeClassesPHOAS with big ran for 0. secs (0.u,0.s)
Tactic call norm reif for TypeClassesPHOAS with big ran for 0.486 secs (0.482u,0.003s)
Tactic call lazy beta iota for TypeClassesPHOAS with big ran for 0. secs (0.u,0.s) (success)
Tactic call reif for TypeClassesPHOAS with big ran for 0.486 secs (0.482u,0.003s) (success)
Tactic call post for TypeClassesPHOAS with big ran for 0. secs (0.u,0.s) (success)
Params: n= 63
Tactic call cbv for TypeClassesPHOAS with big ran for 0. secs (0.u,0.s) (success)
Tactic call pre for TypeClassesPHOAS with big ran for 0. secs (0.u,0.s) (success)
Tactic call actual reif for TypeClassesPHOAS with big ran for 0.506 secs (0.502u,0.003s)
Tactic call eval lazy for TypeClassesPHOAS with big ran for 0. secs (0.u,0.s)
Tactic call norm reif for TypeClassesPHOAS with big ran for 0.506 secs (0.502u,0.003s)
Tactic call lazy beta iota for TypeClassesPHOAS with big ran for 0. secs (0.u,0.s) (success)
Tactic call reif for TypeClassesPHOAS with big ran for 0.506 secs (0.502u,0.003s) (success)
Tactic call post for TypeClassesPHOAS with big ran for 0. secs (0.u,0.s) (success)
Params: n= 64
Tactic call cbv for TypeClassesPHOAS with big ran for 0. secs (0.u,0.s) (success)
Tactic call pre for TypeClassesPHOAS with big ran for 0. secs (0.u,0.s) (success)
Tactic call actual reif for TypeClassesPHOAS with big ran for 0.55 secs (0.549u,0.s)
Tactic call eval lazy for TypeClassesPHOAS with big ran for 0. secs (0.u,0.s)
Tactic call norm reif for TypeClassesPHOAS with big ran for 0.55 secs (0.55u,0.s)
Tactic call lazy beta iota for TypeClassesPHOAS with big ran for 0. secs (0.u,0.s) (success)
Tactic call reif for TypeClassesPHOAS with big ran for 0.55 secs (0.55u,0.s) (success)
Tactic call post for TypeClassesPHOAS with big ran for 0. secs (0.u,0.s) (success)
Params: n= 65
Tactic call cbv for TypeClassesPHOAS with big ran for 0. secs (0.u,0.s) (success)
Tactic call pre for TypeClassesPHOAS with big ran for 0. secs (0.u,0.s) (success)
Tactic call actual reif for TypeClassesPHOAS with big ran for 0.533 secs (0.533u,0.s)
Tactic call eval lazy for TypeClassesPHOAS with big ran for 0. secs (0.u,0.s)
Tactic call norm reif for TypeClassesPHOAS with big ran for 0.533 secs (0.533u,0.s)
Tactic call lazy beta iota for TypeClassesPHOAS with big ran for 0. secs (0.u,0.s) (success)
Tactic call reif for TypeClassesPHOAS with big ran for 0.533 secs (0.533u,0.s) (success)
Tactic call post for TypeClassesPHOAS with big ran for 0. secs (0.u,0.s) (success)
Params: n= 66
Tactic call cbv for TypeClassesPHOAS with big ran for 0. secs (0.u,0.s) (success)
Tactic call pre for TypeClassesPHOAS with big ran for 0. secs (0.u,0.s) (success)
Tactic call actual reif for TypeClassesPHOAS with big ran for 0.559 secs (0.559u,0.s)
Tactic call eval lazy for TypeClassesPHOAS with big ran for 0. secs (0.u,0.s)
Tactic call norm reif for TypeClassesPHOAS with big ran for 0.559 secs (0.559u,0.s)
Tactic call lazy beta iota for TypeClassesPHOAS with big ran for 0. secs (0.u,0.s) (success)
Tactic call reif for TypeClassesPHOAS with big ran for 0.559 secs (0.559u,0.s) (success)
Tactic call post for TypeClassesPHOAS with big ran for 0. secs (0.u,0.s) (success)
Params: n= 67
Tactic call cbv for TypeClassesPHOAS with big ran for 0. secs (0.u,0.s) (success)
Tactic call pre for TypeClassesPHOAS with big ran for 0. secs (0.u,0.s) (success)
Tactic call actual reif for TypeClassesPHOAS with big ran for 0.576 secs (0.576u,0.s)
Tactic call eval lazy for TypeClassesPHOAS with big ran for 0. secs (0.u,0.s)
Tactic call norm reif for TypeClassesPHOAS with big ran for 0.576 secs (0.576u,0.s)
Tactic call lazy beta iota for TypeClassesPHOAS with big ran for 0. secs (0.u,0.s) (success)
Tactic call reif for TypeClassesPHOAS with big ran for 0.576 secs (0.576u,0.s) (success)
Tactic call post for TypeClassesPHOAS with big ran for 0. secs (0.u,0.s) (success)
Params: n= 68
Tactic call cbv for TypeClassesPHOAS with big ran for 0.003 secs (0.003u,0.s) (success)
Tactic call pre for TypeClassesPHOAS with big ran for 0. secs (0.u,0.s) (success)
Tactic call actual reif for TypeClassesPHOAS with big ran for 0.606 secs (0.606u,0.s)
Tactic call eval lazy for TypeClassesPHOAS with big ran for 0. secs (0.u,0.s)
Tactic call norm reif for TypeClassesPHOAS with big ran for 0.607 secs (0.607u,0.s)
Tactic call lazy beta iota for TypeClassesPHOAS with big ran for 0. secs (0.u,0.s) (success)
Tactic call reif for TypeClassesPHOAS with big ran for 0.607 secs (0.607u,0.s) (success)
Tactic call post for TypeClassesPHOAS with big ran for 0. secs (0.u,0.s) (success)
Params: n= 69
Tactic call cbv for TypeClassesPHOAS with big ran for 0. secs (0.u,0.s) (success)
Tactic call pre for TypeClassesPHOAS with big ran for 0. secs (0.u,0.s) (success)
Tactic call actual reif for TypeClassesPHOAS with big ran for 0.652 secs (0.648u,0.003s)
Tactic call eval lazy for TypeClassesPHOAS with big ran for 0. secs (0.u,0.s)
Tactic call norm reif for TypeClassesPHOAS with big ran for 0.652 secs (0.648u,0.003s)
Tactic call lazy beta iota for TypeClassesPHOAS with big ran for 0. secs (0.u,0.s) (success)
Tactic call reif for TypeClassesPHOAS with big ran for 0.652 secs (0.648u,0.003s) (success)
Tactic call post for TypeClassesPHOAS with big ran for 0. secs (0.u,0.s) (success)
Params: n= 70
Tactic call cbv for TypeClassesPHOAS with big ran for 0. secs (0.u,0.s) (success)
Tactic call pre for TypeClassesPHOAS with big ran for 0. secs (0.u,0.s) (success)
Tactic call actual reif for TypeClassesPHOAS with big ran for 0.662 secs (0.662u,0.s)
Tactic call eval lazy for TypeClassesPHOAS with big ran for 0. secs (0.u,0.s)
Tactic call norm reif for TypeClassesPHOAS with big ran for 0.662 secs (0.662u,0.s)
Tactic call lazy beta iota for TypeClassesPHOAS with big ran for 0. secs (0.u,0.s) (success)
Tactic call reif for TypeClassesPHOAS with big ran for 0.662 secs (0.662u,0.s) (success)
Tactic call post for TypeClassesPHOAS with big ran for 0. secs (0.u,0.s) (success)
Params: n= 71
Tactic call cbv for TypeClassesPHOAS with big ran for 0. secs (0.u,0.s) (success)
Tactic call pre for TypeClassesPHOAS with big ran for 0. secs (0.u,0.s) (success)
Tactic call actual reif for TypeClassesPHOAS with big ran for 0.68 secs (0.672u,0.007s)
Tactic call eval lazy for TypeClassesPHOAS with big ran for 0. secs (0.u,0.s)
Tactic call norm reif for TypeClassesPHOAS with big ran for 0.68 secs (0.672u,0.007s)
Tactic call lazy beta iota for TypeClassesPHOAS with big ran for 0. secs (0.u,0.s) (success)
Tactic call reif for TypeClassesPHOAS with big ran for 0.681 secs (0.673u,0.007s) (success)
Tactic call post for TypeClassesPHOAS with big ran for 0. secs (0.u,0.s) (success)
Params: n= 72
Tactic call cbv for TypeClassesPHOAS with big ran for 0. secs (0.u,0.s) (success)
Tactic call pre for TypeClassesPHOAS with big ran for 0. secs (0.u,0.s) (success)
Tactic call actual reif for TypeClassesPHOAS with big ran for 0.728 secs (0.713u,0.011s)
Tactic call eval lazy for TypeClassesPHOAS with big ran for 0. secs (0.u,0.s)
Tactic call norm reif for TypeClassesPHOAS with big ran for 0.728 secs (0.713u,0.011s)
Tactic call lazy beta iota for TypeClassesPHOAS with big ran for 0. secs (0.u,0.s) (success)
Tactic call reif for TypeClassesPHOAS with big ran for 0.729 secs (0.714u,0.011s) (success)
Tactic call post for TypeClassesPHOAS with big ran for 0. secs (0.u,0.s) (success)
Params: n= 73
Tactic call cbv for TypeClassesPHOAS with big ran for 0. secs (0.u,0.s) (success)
Tactic call pre for TypeClassesPHOAS with big ran for 0. secs (0.u,0.s) (success)
Tactic call actual reif for TypeClassesPHOAS with big ran for 0.777 secs (0.773u,0.004s)
Tactic call eval lazy for TypeClassesPHOAS with big ran for 0. secs (0.u,0.s)
Tactic call norm reif for TypeClassesPHOAS with big ran for 0.777 secs (0.773u,0.004s)
Tactic call lazy beta iota for TypeClassesPHOAS with big ran for 0. secs (0.u,0.s) (success)
Tactic call reif for TypeClassesPHOAS with big ran for 0.778 secs (0.774u,0.004s) (success)
Tactic call post for TypeClassesPHOAS with big ran for 0. secs (0.u,0.s) (success)
Params: n= 74
Tactic call cbv for TypeClassesPHOAS with big ran for 0. secs (0.u,0.s) (success)
Tactic call pre for TypeClassesPHOAS with big ran for 0. secs (0.u,0.s) (success)
Tactic call actual reif for TypeClassesPHOAS with big ran for 0.754 secs (0.754u,0.s)
Tactic call eval lazy for TypeClassesPHOAS with big ran for 0. secs (0.u,0.s)
Tactic call norm reif for TypeClassesPHOAS with big ran for 0.754 secs (0.754u,0.s)
Tactic call lazy beta iota for TypeClassesPHOAS with big ran for 0. secs (0.u,0.s) (success)
Tactic call reif for TypeClassesPHOAS with big ran for 0.754 secs (0.754u,0.s) (success)
Tactic call post for TypeClassesPHOAS with big ran for 0. secs (0.u,0.s) (success)
Params: n= 75
Tactic call cbv for TypeClassesPHOAS with big ran for 0. secs (0.u,0.s) (success)
Tactic call pre for TypeClassesPHOAS with big ran for 0. secs (0.u,0.s) (success)
Tactic call actual reif for TypeClassesPHOAS with big ran for 0.774 secs (0.774u,0.s)
Tactic call eval lazy for TypeClassesPHOAS with big ran for 0. secs (0.u,0.s)
Tactic call norm reif for TypeClassesPHOAS with big ran for 0.774 secs (0.774u,0.s)
Tactic call lazy beta iota for TypeClassesPHOAS with big ran for 0. secs (0.u,0.s) (success)
Tactic call reif for TypeClassesPHOAS with big ran for 0.775 secs (0.775u,0.s) (success)
Tactic call post for TypeClassesPHOAS with big ran for 0. secs (0.u,0.s) (success)
Params: n= 76
Tactic call cbv for TypeClassesPHOAS with big ran for 0. secs (0.u,0.s) (success)
Tactic call pre for TypeClassesPHOAS with big ran for 0. secs (0.u,0.s) (success)
Tactic call actual reif for TypeClassesPHOAS with big ran for 0.8 secs (0.8u,0.s)
Tactic call eval lazy for TypeClassesPHOAS with big ran for 0. secs (0.u,0.s)
Tactic call norm reif for TypeClassesPHOAS with big ran for 0.8 secs (0.8u,0.s)
Tactic call lazy beta iota for TypeClassesPHOAS with big ran for 0. secs (0.u,0.s) (success)
Tactic call reif for TypeClassesPHOAS with big ran for 0.8 secs (0.8u,0.s) (success)
Tactic call post for TypeClassesPHOAS with big ran for 0. secs (0.u,0.s) (success)
Params: n= 77
Tactic call cbv for TypeClassesPHOAS with big ran for 0. secs (0.u,0.s) (success)
Tactic call pre for TypeClassesPHOAS with big ran for 0. secs (0.u,0.s) (success)
Tactic call actual reif for TypeClassesPHOAS with big ran for 0.825 secs (0.824u,0.s)
Tactic call eval lazy for TypeClassesPHOAS with big ran for 0. secs (0.u,0.s)
Tactic call norm reif for TypeClassesPHOAS with big ran for 0.825 secs (0.825u,0.s)
Tactic call lazy beta iota for TypeClassesPHOAS with big ran for 0. secs (0.u,0.s) (success)
Tactic call reif for TypeClassesPHOAS with big ran for 0.825 secs (0.825u,0.s) (success)
Tactic call post for TypeClassesPHOAS with big ran for 0. secs (0.u,0.s) (success)
Params: n= 78
Tactic call cbv for TypeClassesPHOAS with big ran for 0. secs (0.u,0.s) (success)
Tactic call pre for TypeClassesPHOAS with big ran for 0. secs (0.u,0.s) (success)
Tactic call actual reif for TypeClassesPHOAS with big ran for 0.855 secs (0.855u,0.s)
Tactic call eval lazy for TypeClassesPHOAS with big ran for 0. secs (0.u,0.s)
Tactic call norm reif for TypeClassesPHOAS with big ran for 0.855 secs (0.855u,0.s)
Tactic call lazy beta iota for TypeClassesPHOAS with big ran for 0. secs (0.u,0.s) (success)
Tactic call reif for TypeClassesPHOAS with big ran for 0.855 secs (0.855u,0.s) (success)
Tactic call post for TypeClassesPHOAS with big ran for 0. secs (0.u,0.s) (success)
Params: n= 79
Tactic call cbv for TypeClassesPHOAS with big ran for 0. secs (0.u,0.s) (success)
Tactic call pre for TypeClassesPHOAS with big ran for 0. secs (0.u,0.s) (success)
Tactic call actual reif for TypeClassesPHOAS with big ran for 0.928 secs (0.928u,0.s)
Tactic call eval lazy for TypeClassesPHOAS with big ran for 0. secs (0.u,0.s)
Tactic call norm reif for TypeClassesPHOAS with big ran for 0.928 secs (0.928u,0.s)
Tactic call lazy beta iota for TypeClassesPHOAS with big ran for 0. secs (0.u,0.s) (success)
Tactic call reif for TypeClassesPHOAS with big ran for 0.928 secs (0.928u,0.s) (success)
Tactic call post for TypeClassesPHOAS with big ran for 0. secs (0.u,0.s) (success)
Params: n= 80
Tactic call cbv for TypeClassesPHOAS with big ran for 0. secs (0.u,0.s) (success)
Tactic call pre for TypeClassesPHOAS with big ran for 0. secs (0.u,0.s) (success)
Tactic call actual reif for TypeClassesPHOAS with big ran for 0.916 secs (0.916u,0.s)
Tactic call eval lazy for TypeClassesPHOAS with big ran for 0. secs (0.u,0.s)
Tactic call norm reif for TypeClassesPHOAS with big ran for 0.916 secs (0.916u,0.s)
Tactic call lazy beta iota for TypeClassesPHOAS with big ran for 0. secs (0.u,0.s) (success)
Tactic call reif for TypeClassesPHOAS with big ran for 0.916 secs (0.916u,0.s) (success)
Tactic call post for TypeClassesPHOAS with big ran for 0. secs (0.u,0.s) (success)
Params: n= 81
Tactic call cbv for TypeClassesPHOAS with big ran for 0. secs (0.u,0.s) (success)
Tactic call pre for TypeClassesPHOAS with big ran for 0. secs (0.u,0.s) (success)
Tactic call actual reif for TypeClassesPHOAS with big ran for 0.947 secs (0.947u,0.s)
Tactic call eval lazy for TypeClassesPHOAS with big ran for 0. secs (0.u,0.s)
Tactic call norm reif for TypeClassesPHOAS with big ran for 0.948 secs (0.948u,0.s)
Tactic call lazy beta iota for TypeClassesPHOAS with big ran for 0. secs (0.u,0.s) (success)
Tactic call reif for TypeClassesPHOAS with big ran for 0.948 secs (0.948u,0.s) (success)
Tactic call post for TypeClassesPHOAS with big ran for 0. secs (0.u,0.s) (success)
Params: n= 82
Tactic call cbv for TypeClassesPHOAS with big ran for 0. secs (0.u,0.s) (success)
Tactic call pre for TypeClassesPHOAS with big ran for 0. secs (0.u,0.s) (success)
Tactic call actual reif for TypeClassesPHOAS with big ran for 0.999 secs (0.998u,0.s)
Tactic call eval lazy for TypeClassesPHOAS with big ran for 0. secs (0.u,0.s)
Tactic call norm reif for TypeClassesPHOAS with big ran for 0.999 secs (0.999u,0.s)
Tactic call lazy beta iota for TypeClassesPHOAS with big ran for 0. secs (0.u,0.s) (success)
Tactic call reif for TypeClassesPHOAS with big ran for 0.999 secs (0.999u,0.s) (success)
Tactic call post for TypeClassesPHOAS with big ran for 0. secs (0.u,0.s) (success)
Params: n= 83
Tactic call cbv for TypeClassesPHOAS with big ran for 0. secs (0.u,0.s) (success)
Tactic call pre for TypeClassesPHOAS with big ran for 0. secs (0.u,0.s) (success)
Tactic call actual reif for TypeClassesPHOAS with big ran for 0.97 secs (0.97u,0.s)
Tactic call eval lazy for TypeClassesPHOAS with big ran for 0. secs (0.u,0.s)
Tactic call norm reif for TypeClassesPHOAS with big ran for 0.971 secs (0.971u,0.s)
Tactic call lazy beta iota for TypeClassesPHOAS with big ran for 0. secs (0.u,0.s) (success)
Tactic call reif for TypeClassesPHOAS with big ran for 0.971 secs (0.971u,0.s) (success)
Tactic call post for TypeClassesPHOAS with big ran for 0. secs (0.u,0.s) (success)
Params: n= 84
Tactic call cbv for TypeClassesPHOAS with big ran for 0. secs (0.u,0.s) (success)
Tactic call pre for TypeClassesPHOAS with big ran for 0. secs (0.u,0.s) (success)
Tactic call actual reif for TypeClassesPHOAS with big ran for 1.027 secs (1.027u,0.s)
Tactic call eval lazy for TypeClassesPHOAS with big ran for 0. secs (0.u,0.s)
Tactic call norm reif for TypeClassesPHOAS with big ran for 1.027 secs (1.027u,0.s)
Tactic call lazy beta iota for TypeClassesPHOAS with big ran for 0. secs (0.u,0.s) (success)
Tactic call reif for TypeClassesPHOAS with big ran for 1.028 secs (1.028u,0.s) (success)
Tactic call post for TypeClassesPHOAS with big ran for 0. secs (0.u,0.s) (success)
Params: n= 85
Tactic call cbv for TypeClassesPHOAS with big ran for 0. secs (0.u,0.s) (success)
Tactic call pre for TypeClassesPHOAS with big ran for 0. secs (0.u,0.s) (success)
Tactic call actual reif for TypeClassesPHOAS with big ran for 1.077 secs (1.077u,0.s)
Tactic call eval lazy for TypeClassesPHOAS with big ran for 0. secs (0.u,0.s)
Tactic call norm reif for TypeClassesPHOAS with big ran for 1.077 secs (1.077u,0.s)
Tactic call lazy beta iota for TypeClassesPHOAS with big ran for 0. secs (0.u,0.s) (success)
Tactic call reif for TypeClassesPHOAS with big ran for 1.077 secs (1.077u,0.s) (success)
Tactic call post for TypeClassesPHOAS with big ran for 0. secs (0.u,0.s) (success)
