Params: n= 50
Tactic call rewrite_strat-topdown ran for 0.02 secs (0.016u,0.004s) (success)
Tactic call rewrite_strat-topdown-noop ran for 0. secs (0.u,0.s) (success)
Tactic call abstract+rewrite_strat-topdown ran for 0.027 secs (0.019u,0.007s) (success)
Tactic call close-abstract+rewrite_strat-topdown ran for 0.006 secs (0.002u,0.003s)
Params: n= 100
Tactic call rewrite_strat-topdown ran for 0.098 secs (0.087u,0.011s) (success)
Tactic call rewrite_strat-topdown-noop ran for 0. secs (0.u,0.s) (success)
Tactic call abstract+rewrite_strat-topdown ran for 0.116 secs (0.104u,0.011s) (success)
Tactic call close-abstract+rewrite_strat-topdown ran for 0.016 secs (0.016u,0.s)
Params: n= 150
Tactic call rewrite_strat-topdown ran for 0.147 secs (0.147u,0.s) (success)
Tactic call rewrite_strat-topdown-noop ran for 0.001 secs (0.001u,0.s) (success)
Tactic call abstract+rewrite_strat-topdown ran for 0.201 secs (0.201u,0.s) (success)
Tactic call close-abstract+rewrite_strat-topdown ran for 0.052 secs (0.052u,0.s)
Params: n= 200
Tactic call rewrite_strat-topdown ran for 0.267 secs (0.267u,0.s) (success)
Tactic call rewrite_strat-topdown-noop ran for 0.002 secs (0.002u,0.s) (success)
Tactic call abstract+rewrite_strat-topdown ran for 0.344 secs (0.344u,0.s) (success)
Tactic call close-abstract+rewrite_strat-topdown ran for 0.074 secs (0.074u,0.s)
Params: n= 250
Tactic call rewrite_strat-topdown ran for 0.419 secs (0.419u,0.s) (success)
Tactic call rewrite_strat-topdown-noop ran for 0.002 secs (0.002u,0.s) (success)
Tactic call abstract+rewrite_strat-topdown ran for 0.533 secs (0.533u,0.s) (success)
Tactic call close-abstract+rewrite_strat-topdown ran for 0.11 secs (0.11u,0.s)
Params: n= 300
Tactic call rewrite_strat-topdown ran for 0.689 secs (0.682u,0.007s) (success)
Tactic call rewrite_strat-topdown-noop ran for 0.003 secs (0.003u,0.s) (success)
Tactic call abstract+rewrite_strat-topdown ran for 0.855 secs (0.848u,0.007s) (success)
Tactic call close-abstract+rewrite_strat-topdown ran for 0.161 secs (0.161u,0.s)
Params: n= 350
Tactic call rewrite_strat-topdown ran for 0.829 secs (0.825u,0.003s) (success)
Tactic call rewrite_strat-topdown-noop ran for 0.004 secs (0.004u,0.s) (success)
Tactic call abstract+rewrite_strat-topdown ran for 1.034 secs (1.03u,0.003s) (success)
Tactic call close-abstract+rewrite_strat-topdown ran for 0.2 secs (0.2u,0.s)
Params: n= 400
Tactic call rewrite_strat-topdown ran for 1.217 secs (1.217u,0.s) (success)
Tactic call rewrite_strat-topdown-noop ran for 0.006 secs (0.006u,0.s) (success)
Tactic call abstract+rewrite_strat-topdown ran for 1.499 secs (1.499u,0.s) (success)
Tactic call close-abstract+rewrite_strat-topdown ran for 0.275 secs (0.275u,0.s)
