Params: n= 110
Tactic call reify-regression-cubic ran for 1.513 secs (1.504u,0.008s)
Tactic call abstract-regression-linear ran for 0.005 secs (0.005u,0.s) (success)
Params: n= 120
Tactic call reify-regression-cubic ran for 1.776 secs (1.772u,0.003s)
Tactic call abstract-regression-linear ran for 0.006 secs (0.006u,0.s) (success)
Params: n= 130
Tactic call reify-regression-cubic ran for 2.172 secs (2.164u,0.007s)
Tactic call abstract-regression-linear ran for 0.006 secs (0.006u,0.s) (success)
Params: n= 140
Tactic call reify-regression-cubic ran for 2.635 secs (2.631u,0.003s)
Tactic call abstract-regression-linear ran for 0.007 secs (0.007u,0.s) (success)
Params: n= 150
Tactic call reify-regression-cubic ran for 3.128 secs (3.128u,0.s)
Tactic call abstract-regression-linear ran for 0.007 secs (0.007u,0.s) (success)
Params: n= 160
Tactic call reify-regression-cubic ran for 3.672 secs (3.671u,0.s)
Tactic call abstract-regression-linear ran for 0.008 secs (0.008u,0.s) (success)
Params: n= 170
Tactic call reify-regression-cubic ran for 4.266 secs (4.262u,0.003s)
Tactic call abstract-regression-linear ran for 0.008 secs (0.008u,0.s) (success)
Params: n= 180
Tactic call reify-regression-cubic ran for 4.972 secs (4.972u,0.s)
Tactic call abstract-regression-linear ran for 0.009 secs (0.009u,0.s) (success)
Params: n= 190
Tactic call reify-regression-cubic ran for 5.777 secs (5.777u,0.s)
Tactic call abstract-regression-linear ran for 0.009 secs (0.009u,0.s) (success)
Params: n= 200
Tactic call reify-regression-cubic ran for 6.593 secs (6.593u,0.s)
Tactic call abstract-regression-linear ran for 0.01 secs (0.01u,0.s) (success)
Params: n= 210
Tactic call reify-regression-cubic ran for 7.462 secs (7.461u,0.s)
Tactic call abstract-regression-linear ran for 0.01 secs (0.01u,0.s) (success)
Params: n= 220
Tactic call reify-regression-cubic ran for 8.52 secs (8.512u,0.007s)
Tactic call abstract-regression-linear ran for 0.011 secs (0.011u,0.s) (success)
Params: n= 230
Tactic call reify-regression-cubic ran for 9.563 secs (9.554u,0.007s)
Tactic call abstract-regression-linear ran for 0.011 secs (0.011u,0.s) (success)
Params: n= 240
Tactic call reify-regression-cubic ran for 10.799 secs (10.798u,0.s)
Tactic call abstract-regression-linear ran for 0.011 secs (0.011u,0.s) (success)
Params: n= 250
Tactic call reify-regression-cubic ran for 11.973 secs (11.972u,0.s)
Tactic call abstract-regression-linear ran for 0.012 secs (0.012u,0.s) (success)
Params: n= 260
Tactic call reify-regression-cubic ran for 13.299 secs (13.298u,0.s)
Tactic call abstract-regression-linear ran for 0.012 secs (0.012u,0.s) (success)
Params: n= 270
Tactic call reify-regression-cubic ran for 14.73 secs (14.718u,0.011s)
Tactic call abstract-regression-linear ran for 0.013 secs (0.013u,0.s) (success)
Params: n= 280
Tactic call reify-regression-cubic ran for 16.365 secs (16.352u,0.011s)
Tactic call abstract-regression-linear ran for 0.013 secs (0.013u,0.s) (success)
Params: n= 290
Tactic call reify-regression-cubic ran for 18.054 secs (18.044u,0.007s)
Tactic call abstract-regression-linear ran for 0.014 secs (0.014u,0.s) (success)
Params: n= 300
Tactic call reify-regression-cubic ran for 19.876 secs (19.875u,0.s)
Tactic call abstract-regression-linear ran for 0.015 secs (0.015u,0.s) (success)
Params: n= 350
Tactic call reify-regression-cubic ran for 30.259 secs (30.259u,0.s)
Tactic call abstract-regression-linear ran for 0.018 secs (0.018u,0.s) (success)
Params: n= 400
Tactic call reify-regression-cubic ran for 44.568 secs (44.558u,0.008s)
Tactic call abstract-regression-linear ran for 0.02 secs (0.02u,0.s) (success)
Params: n= 450
Tactic call reify-regression-cubic ran for 62.319 secs (62.296u,0.019s)
Tactic call abstract-regression-linear ran for 0.022 secs (0.022u,0.s) (success)
Params: n= 500
Tactic call reify-regression-cubic ran for 84.645 secs (84.602u,0.04s)
Tactic call abstract-regression-linear ran for 0.034 secs (0.03u,0.003s) (success)
