Params: n= 3
Tactic call repeat-rewrite_strat-topdown-regression-cubic ran for 0.011 secs (0.011u,0.s) (success)
Tactic call noop-repeat-rewrite_strat-topdown-regression-cubic ran for 0.001 secs (0.u,0.s) (success)
Tactic call abstract+repeat-rewrite_strat-topdown-regression-cubic ran for 0.014 secs (0.013u,0.s) (success)
Tactic call close-abstract+repeat-rewrite_strat-topdown-regression-quadratic ran for 0.001 secs (0.u,0.s)
Params: n= 4
Tactic call repeat-rewrite_strat-topdown-regression-cubic ran for 0.015 secs (0.015u,0.s) (success)
Tactic call noop-repeat-rewrite_strat-topdown-regression-cubic ran for 0.001 secs (0.001u,0.s) (success)
Tactic call abstract+repeat-rewrite_strat-topdown-regression-cubic ran for 0.018 secs (0.018u,0.s) (success)
Tactic call close-abstract+repeat-rewrite_strat-topdown-regression-quadratic ran for 0.001 secs (0.001u,0.s)
Params: n= 5
Tactic call repeat-rewrite_strat-topdown-regression-cubic ran for 0.022 secs (0.022u,0.s) (success)
Tactic call noop-repeat-rewrite_strat-topdown-regression-cubic ran for 0.001 secs (0.001u,0.s) (success)
Tactic call abstract+repeat-rewrite_strat-topdown-regression-cubic ran for 0.025 secs (0.025u,0.s) (success)
Tactic call close-abstract+repeat-rewrite_strat-topdown-regression-quadratic ran for 0.001 secs (0.001u,0.s)
Params: n= 6
Tactic call repeat-rewrite_strat-topdown-regression-cubic ran for 0.028 secs (0.028u,0.s) (success)
Tactic call noop-repeat-rewrite_strat-topdown-regression-cubic ran for 0.002 secs (0.002u,0.s) (success)
Tactic call abstract+repeat-rewrite_strat-topdown-regression-cubic ran for 0.032 secs (0.032u,0.s) (success)
Tactic call close-abstract+repeat-rewrite_strat-topdown-regression-quadratic ran for 0.001 secs (0.001u,0.s)
Params: n= 7
Tactic call repeat-rewrite_strat-topdown-regression-cubic ran for 0.042 secs (0.042u,0.s) (success)
Tactic call noop-repeat-rewrite_strat-topdown-regression-cubic ran for 0.002 secs (0.002u,0.s) (success)
Tactic call abstract+repeat-rewrite_strat-topdown-regression-cubic ran for 0.047 secs (0.047u,0.s) (success)
Tactic call close-abstract+repeat-rewrite_strat-topdown-regression-quadratic ran for 0.002 secs (0.002u,0.s)
Params: n= 8
Tactic call repeat-rewrite_strat-topdown-regression-cubic ran for 0.061 secs (0.061u,0.s) (success)
Tactic call noop-repeat-rewrite_strat-topdown-regression-cubic ran for 0.003 secs (0.003u,0.s) (success)
Tactic call abstract+repeat-rewrite_strat-topdown-regression-cubic ran for 0.067 secs (0.067u,0.s) (success)
Tactic call close-abstract+repeat-rewrite_strat-topdown-regression-quadratic ran for 0.002 secs (0.002u,0.s)
Params: n= 9
Tactic call repeat-rewrite_strat-topdown-regression-cubic ran for 0.061 secs (0.061u,0.s) (success)
Tactic call noop-repeat-rewrite_strat-topdown-regression-cubic ran for 0.003 secs (0.003u,0.s) (success)
Tactic call abstract+repeat-rewrite_strat-topdown-regression-cubic ran for 0.068 secs (0.068u,0.s) (success)
Tactic call close-abstract+repeat-rewrite_strat-topdown-regression-quadratic ran for 0.003 secs (0.003u,0.s)
Params: n= 11
Tactic call repeat-rewrite_strat-topdown-regression-cubic ran for 0.108 secs (0.108u,0.s) (success)
Tactic call noop-repeat-rewrite_strat-topdown-regression-cubic ran for 0.004 secs (0.004u,0.s) (success)
Tactic call abstract+repeat-rewrite_strat-topdown-regression-cubic ran for 0.118 secs (0.118u,0.s) (success)
Tactic call close-abstract+repeat-rewrite_strat-topdown-regression-quadratic ran for 0.004 secs (0.004u,0.s)
Params: n= 12
Tactic call repeat-rewrite_strat-topdown-regression-cubic ran for 0.205 secs (0.205u,0.s) (success)
Tactic call noop-repeat-rewrite_strat-topdown-regression-cubic ran for 0.005 secs (0.005u,0.s) (success)
Tactic call abstract+repeat-rewrite_strat-topdown-regression-cubic ran for 0.216 secs (0.216u,0.s) (success)
Tactic call close-abstract+repeat-rewrite_strat-topdown-regression-quadratic ran for 0.005 secs (0.005u,0.s)
Params: n= 13
Tactic call repeat-rewrite_strat-topdown-regression-cubic ran for 0.158 secs (0.158u,0.s) (success)
Tactic call noop-repeat-rewrite_strat-topdown-regression-cubic ran for 0.006 secs (0.006u,0.s) (success)
Tactic call abstract+repeat-rewrite_strat-topdown-regression-cubic ran for 0.17 secs (0.17u,0.s) (success)
Tactic call close-abstract+repeat-rewrite_strat-topdown-regression-quadratic ran for 0.005 secs (0.005u,0.s)
Params: n= 14
Tactic call repeat-rewrite_strat-topdown-regression-cubic ran for 0.183 secs (0.179u,0.003s) (success)
Tactic call noop-repeat-rewrite_strat-topdown-regression-cubic ran for 0.007 secs (0.007u,0.s) (success)
Tactic call abstract+repeat-rewrite_strat-topdown-regression-cubic ran for 0.196 secs (0.192u,0.003s) (success)
Tactic call close-abstract+repeat-rewrite_strat-topdown-regression-quadratic ran for 0.005 secs (0.005u,0.s)
Params: n= 15
Tactic call repeat-rewrite_strat-topdown-regression-cubic ran for 0.313 secs (0.313u,0.s) (success)
Tactic call noop-repeat-rewrite_strat-topdown-regression-cubic ran for 0.008 secs (0.008u,0.s) (success)
Tactic call abstract+repeat-rewrite_strat-topdown-regression-cubic ran for 0.329 secs (0.329u,0.s) (success)
Tactic call close-abstract+repeat-rewrite_strat-topdown-regression-quadratic ran for 0.007 secs (0.007u,0.s)
Params: n= 16
Tactic call repeat-rewrite_strat-topdown-regression-cubic ran for 0.261 secs (0.261u,0.s) (success)
Tactic call noop-repeat-rewrite_strat-topdown-regression-cubic ran for 0.009 secs (0.009u,0.s) (success)
Tactic call abstract+repeat-rewrite_strat-topdown-regression-cubic ran for 0.277 secs (0.277u,0.s) (success)
Tactic call close-abstract+repeat-rewrite_strat-topdown-regression-quadratic ran for 0.007 secs (0.007u,0.s)
Params: n= 17
Tactic call repeat-rewrite_strat-topdown-regression-cubic ran for 0.406 secs (0.406u,0.s) (success)
Tactic call noop-repeat-rewrite_strat-topdown-regression-cubic ran for 0.01 secs (0.01u,0.s) (success)
Tactic call abstract+repeat-rewrite_strat-topdown-regression-cubic ran for 0.425 secs (0.425u,0.s) (success)
Tactic call close-abstract+repeat-rewrite_strat-topdown-regression-quadratic ran for 0.008 secs (0.008u,0.s)
Params: n= 18
Tactic call repeat-rewrite_strat-topdown-regression-cubic ran for 0.357 secs (0.357u,0.s) (success)
Tactic call noop-repeat-rewrite_strat-topdown-regression-cubic ran for 0.011 secs (0.011u,0.s) (success)
Tactic call abstract+repeat-rewrite_strat-topdown-regression-cubic ran for 0.377 secs (0.377u,0.s) (success)
Tactic call close-abstract+repeat-rewrite_strat-topdown-regression-quadratic ran for 0.008 secs (0.008u,0.s)
Params: n= 19
Tactic call repeat-rewrite_strat-topdown-regression-cubic ran for 0.39 secs (0.39u,0.s) (success)
Tactic call noop-repeat-rewrite_strat-topdown-regression-cubic ran for 0.012 secs (0.012u,0.s) (success)
Tactic call abstract+repeat-rewrite_strat-topdown-regression-cubic ran for 0.413 secs (0.413u,0.s) (success)
Tactic call close-abstract+repeat-rewrite_strat-topdown-regression-quadratic ran for 0.009 secs (0.009u,0.s)
Params: n= 21
Tactic call repeat-rewrite_strat-topdown-regression-cubic ran for 0.529 secs (0.529u,0.s) (success)
Tactic call noop-repeat-rewrite_strat-topdown-regression-cubic ran for 0.015 secs (0.015u,0.s) (success)
Tactic call abstract+repeat-rewrite_strat-topdown-regression-cubic ran for 0.556 secs (0.556u,0.s) (success)
Tactic call close-abstract+repeat-rewrite_strat-topdown-regression-quadratic ran for 0.011 secs (0.011u,0.s)
Params: n= 22
Tactic call repeat-rewrite_strat-topdown-regression-cubic ran for 0.61 secs (0.61u,0.s) (success)
Tactic call noop-repeat-rewrite_strat-topdown-regression-cubic ran for 0.017 secs (0.017u,0.s) (success)
Tactic call abstract+repeat-rewrite_strat-topdown-regression-cubic ran for 0.639 secs (0.639u,0.s) (success)
Tactic call close-abstract+repeat-rewrite_strat-topdown-regression-quadratic ran for 0.011 secs (0.011u,0.s)
Params: n= 23
Tactic call repeat-rewrite_strat-topdown-regression-cubic ran for 0.709 secs (0.709u,0.s) (success)
Tactic call noop-repeat-rewrite_strat-topdown-regression-cubic ran for 0.019 secs (0.019u,0.s) (success)
Tactic call abstract+repeat-rewrite_strat-topdown-regression-cubic ran for 0.741 secs (0.741u,0.s) (success)
Tactic call close-abstract+repeat-rewrite_strat-topdown-regression-quadratic ran for 0.013 secs (0.013u,0.s)
Params: n= 24
Tactic call repeat-rewrite_strat-topdown-regression-cubic ran for 0.809 secs (0.809u,0.s) (success)
Tactic call noop-repeat-rewrite_strat-topdown-regression-cubic ran for 0.02 secs (0.02u,0.s) (success)
Tactic call abstract+repeat-rewrite_strat-topdown-regression-cubic ran for 0.845 secs (0.844u,0.s) (success)
Tactic call close-abstract+repeat-rewrite_strat-topdown-regression-quadratic ran for 0.013 secs (0.013u,0.s)
Params: n= 25
Tactic call repeat-rewrite_strat-topdown-regression-cubic ran for 0.916 secs (0.916u,0.s) (success)
Tactic call noop-repeat-rewrite_strat-topdown-regression-cubic ran for 0.022 secs (0.022u,0.s) (success)
Tactic call abstract+repeat-rewrite_strat-topdown-regression-cubic ran for 0.954 secs (0.954u,0.s) (success)
Tactic call close-abstract+repeat-rewrite_strat-topdown-regression-quadratic ran for 0.014 secs (0.014u,0.s)
Params: n= 35
Tactic call repeat-rewrite_strat-topdown-regression-cubic ran for 2.878 secs (2.869u,0.007s) (success)
Tactic call noop-repeat-rewrite_strat-topdown-regression-cubic ran for 0.052 secs (0.052u,0.s) (success)
Tactic call abstract+repeat-rewrite_strat-topdown-regression-cubic ran for 2.957 secs (2.948u,0.007s) (success)
Tactic call close-abstract+repeat-rewrite_strat-topdown-regression-quadratic ran for 0.026 secs (0.026u,0.s)
Params: n= 45
Tactic call repeat-rewrite_strat-topdown-regression-cubic ran for 7.074 secs (7.069u,0.003s) (success)
Tactic call noop-repeat-rewrite_strat-topdown-regression-cubic ran for 0.097 secs (0.097u,0.s) (success)
Tactic call abstract+repeat-rewrite_strat-topdown-regression-cubic ran for 7.212 secs (7.207u,0.003s) (success)
Tactic call close-abstract+repeat-rewrite_strat-topdown-regression-quadratic ran for 0.039 secs (0.039u,0.s)
Params: n= 50
Tactic call repeat-rewrite_strat-topdown-regression-cubic ran for 10.487 secs (10.483u,0.s) (success)
Tactic call noop-repeat-rewrite_strat-topdown-regression-cubic ran for 0.13 secs (0.13u,0.s) (success)
Tactic call abstract+repeat-rewrite_strat-topdown-regression-cubic ran for 10.667 secs (10.664u,0.s) (success)
Tactic call close-abstract+repeat-rewrite_strat-topdown-regression-quadratic ran for 0.049 secs (0.049u,0.s)
