Params: n= 3
Tactic call repeat-rewrite_strat-bottomup-regression-cubic ran for 0.011 secs (0.011u,0.s) (success)
Tactic call noop-repeat-rewrite_strat-bottomup-regression-cubic ran for 0.001 secs (0.u,0.s) (success)
Tactic call abstract+repeat-rewrite_strat-bottomup-regression-cubic ran for 0.014 secs (0.013u,0.s) (success)
Tactic call close-abstract+repeat-rewrite_strat-bottomup-regression-quadratic ran for 0.001 secs (0.001u,0.s)
Params: n= 4
Tactic call repeat-rewrite_strat-bottomup-regression-cubic ran for 0.016 secs (0.016u,0.s) (success)
Tactic call noop-repeat-rewrite_strat-bottomup-regression-cubic ran for 0.001 secs (0.001u,0.s) (success)
Tactic call abstract+repeat-rewrite_strat-bottomup-regression-cubic ran for 0.019 secs (0.019u,0.s) (success)
Tactic call close-abstract+repeat-rewrite_strat-bottomup-regression-quadratic ran for 0.001 secs (0.001u,0.s)
Params: n= 5
Tactic call repeat-rewrite_strat-bottomup-regression-cubic ran for 0.022 secs (0.022u,0.s) (success)
Tactic call noop-repeat-rewrite_strat-bottomup-regression-cubic ran for 0.001 secs (0.001u,0.s) (success)
Tactic call abstract+repeat-rewrite_strat-bottomup-regression-cubic ran for 0.026 secs (0.026u,0.s) (success)
Tactic call close-abstract+repeat-rewrite_strat-bottomup-regression-quadratic ran for 0.001 secs (0.001u,0.s)
Params: n= 6
Tactic call repeat-rewrite_strat-bottomup-regression-cubic ran for 0.029 secs (0.029u,0.s) (success)
Tactic call noop-repeat-rewrite_strat-bottomup-regression-cubic ran for 0.002 secs (0.002u,0.s) (success)
Tactic call abstract+repeat-rewrite_strat-bottomup-regression-cubic ran for 0.034 secs (0.034u,0.s) (success)
Tactic call close-abstract+repeat-rewrite_strat-bottomup-regression-quadratic ran for 0.001 secs (0.001u,0.s)
Params: n= 7
Tactic call repeat-rewrite_strat-bottomup-regression-cubic ran for 0.044 secs (0.044u,0.s) (success)
Tactic call noop-repeat-rewrite_strat-bottomup-regression-cubic ran for 0.002 secs (0.002u,0.s) (success)
Tactic call abstract+repeat-rewrite_strat-bottomup-regression-cubic ran for 0.049 secs (0.049u,0.s) (success)
Tactic call close-abstract+repeat-rewrite_strat-bottomup-regression-quadratic ran for 0.002 secs (0.002u,0.s)
Params: n= 8
Tactic call repeat-rewrite_strat-bottomup-regression-cubic ran for 0.062 secs (0.062u,0.s) (success)
Tactic call noop-repeat-rewrite_strat-bottomup-regression-cubic ran for 0.003 secs (0.003u,0.s) (success)
Tactic call abstract+repeat-rewrite_strat-bottomup-regression-cubic ran for 0.068 secs (0.068u,0.s) (success)
Tactic call close-abstract+repeat-rewrite_strat-bottomup-regression-quadratic ran for 0.002 secs (0.002u,0.s)
Params: n= 9
Tactic call repeat-rewrite_strat-bottomup-regression-cubic ran for 0.062 secs (0.062u,0.s) (success)
Tactic call noop-repeat-rewrite_strat-bottomup-regression-cubic ran for 0.003 secs (0.003u,0.s) (success)
Tactic call abstract+repeat-rewrite_strat-bottomup-regression-cubic ran for 0.069 secs (0.069u,0.s) (success)
Tactic call close-abstract+repeat-rewrite_strat-bottomup-regression-quadratic ran for 0.003 secs (0.003u,0.s)
Params: n= 11
Tactic call repeat-rewrite_strat-bottomup-regression-cubic ran for 0.109 secs (0.109u,0.s) (success)
Tactic call noop-repeat-rewrite_strat-bottomup-regression-cubic ran for 0.004 secs (0.004u,0.s) (success)
Tactic call abstract+repeat-rewrite_strat-bottomup-regression-cubic ran for 0.118 secs (0.118u,0.s) (success)
Tactic call close-abstract+repeat-rewrite_strat-bottomup-regression-quadratic ran for 0.004 secs (0.004u,0.s)
Params: n= 12
Tactic call repeat-rewrite_strat-bottomup-regression-cubic ran for 0.2 secs (0.2u,0.s) (success)
Tactic call noop-repeat-rewrite_strat-bottomup-regression-cubic ran for 0.005 secs (0.005u,0.s) (success)
Tactic call abstract+repeat-rewrite_strat-bottomup-regression-cubic ran for 0.211 secs (0.211u,0.s) (success)
Tactic call close-abstract+repeat-rewrite_strat-bottomup-regression-quadratic ran for 0.004 secs (0.004u,0.s)
Params: n= 13
Tactic call repeat-rewrite_strat-bottomup-regression-cubic ran for 0.177 secs (0.177u,0.s) (success)
Tactic call noop-repeat-rewrite_strat-bottomup-regression-cubic ran for 0.006 secs (0.006u,0.s) (success)
Tactic call abstract+repeat-rewrite_strat-bottomup-regression-cubic ran for 0.189 secs (0.189u,0.s) (success)
Tactic call close-abstract+repeat-rewrite_strat-bottomup-regression-quadratic ran for 0.005 secs (0.005u,0.s)
Params: n= 14
Tactic call repeat-rewrite_strat-bottomup-regression-cubic ran for 0.187 secs (0.187u,0.s) (success)
Tactic call noop-repeat-rewrite_strat-bottomup-regression-cubic ran for 0.007 secs (0.007u,0.s) (success)
Tactic call abstract+repeat-rewrite_strat-bottomup-regression-cubic ran for 0.2 secs (0.2u,0.s) (success)
Tactic call close-abstract+repeat-rewrite_strat-bottomup-regression-quadratic ran for 0.005 secs (0.005u,0.s)
Params: n= 15
Tactic call repeat-rewrite_strat-bottomup-regression-cubic ran for 0.317 secs (0.317u,0.s) (success)
Tactic call noop-repeat-rewrite_strat-bottomup-regression-cubic ran for 0.007 secs (0.007u,0.s) (success)
Tactic call abstract+repeat-rewrite_strat-bottomup-regression-cubic ran for 0.333 secs (0.333u,0.s) (success)
Tactic call close-abstract+repeat-rewrite_strat-bottomup-regression-quadratic ran for 0.006 secs (0.006u,0.s)
Params: n= 16
Tactic call repeat-rewrite_strat-bottomup-regression-cubic ran for 0.264 secs (0.264u,0.s) (success)
Tactic call noop-repeat-rewrite_strat-bottomup-regression-cubic ran for 0.008 secs (0.008u,0.s) (success)
Tactic call abstract+repeat-rewrite_strat-bottomup-regression-cubic ran for 0.28 secs (0.279u,0.s) (success)
Tactic call close-abstract+repeat-rewrite_strat-bottomup-regression-quadratic ran for 0.006 secs (0.006u,0.s)
Params: n= 17
Tactic call repeat-rewrite_strat-bottomup-regression-cubic ran for 0.406 secs (0.406u,0.s) (success)
Tactic call noop-repeat-rewrite_strat-bottomup-regression-cubic ran for 0.01 secs (0.01u,0.s) (success)
Tactic call abstract+repeat-rewrite_strat-bottomup-regression-cubic ran for 0.425 secs (0.425u,0.s) (success)
Tactic call close-abstract+repeat-rewrite_strat-bottomup-regression-quadratic ran for 0.008 secs (0.008u,0.s)
Params: n= 18
Tactic call repeat-rewrite_strat-bottomup-regression-cubic ran for 0.363 secs (0.363u,0.s) (success)
Tactic call noop-repeat-rewrite_strat-bottomup-regression-cubic ran for 0.011 secs (0.011u,0.s) (success)
Tactic call abstract+repeat-rewrite_strat-bottomup-regression-cubic ran for 0.383 secs (0.383u,0.s) (success)
Tactic call close-abstract+repeat-rewrite_strat-bottomup-regression-quadratic ran for 0.008 secs (0.008u,0.s)
Params: n= 19
Tactic call repeat-rewrite_strat-bottomup-regression-cubic ran for 0.4 secs (0.4u,0.s) (success)
Tactic call noop-repeat-rewrite_strat-bottomup-regression-cubic ran for 0.012 secs (0.012u,0.s) (success)
Tactic call abstract+repeat-rewrite_strat-bottomup-regression-cubic ran for 0.421 secs (0.421u,0.s) (success)
Tactic call close-abstract+repeat-rewrite_strat-bottomup-regression-quadratic ran for 0.008 secs (0.008u,0.s)
Params: n= 21
Tactic call repeat-rewrite_strat-bottomup-regression-cubic ran for 0.543 secs (0.543u,0.s) (success)
Tactic call noop-repeat-rewrite_strat-bottomup-regression-cubic ran for 0.015 secs (0.015u,0.s) (success)
Tactic call abstract+repeat-rewrite_strat-bottomup-regression-cubic ran for 0.569 secs (0.569u,0.s) (success)
Tactic call close-abstract+repeat-rewrite_strat-bottomup-regression-quadratic ran for 0.01 secs (0.01u,0.s)
Params: n= 22
Tactic call repeat-rewrite_strat-bottomup-regression-cubic ran for 0.625 secs (0.625u,0.s) (success)
Tactic call noop-repeat-rewrite_strat-bottomup-regression-cubic ran for 0.017 secs (0.017u,0.s) (success)
Tactic call abstract+repeat-rewrite_strat-bottomup-regression-cubic ran for 0.654 secs (0.654u,0.s) (success)
Tactic call close-abstract+repeat-rewrite_strat-bottomup-regression-quadratic ran for 0.011 secs (0.011u,0.s)
Params: n= 23
Tactic call repeat-rewrite_strat-bottomup-regression-cubic ran for 0.714 secs (0.714u,0.s) (success)
Tactic call noop-repeat-rewrite_strat-bottomup-regression-cubic ran for 0.019 secs (0.019u,0.s) (success)
Tactic call abstract+repeat-rewrite_strat-bottomup-regression-cubic ran for 0.746 secs (0.746u,0.s) (success)
Tactic call close-abstract+repeat-rewrite_strat-bottomup-regression-quadratic ran for 0.012 secs (0.012u,0.s)
Params: n= 24
Tactic call repeat-rewrite_strat-bottomup-regression-cubic ran for 0.814 secs (0.814u,0.s) (success)
Tactic call noop-repeat-rewrite_strat-bottomup-regression-cubic ran for 0.02 secs (0.02u,0.s) (success)
Tactic call abstract+repeat-rewrite_strat-bottomup-regression-cubic ran for 0.849 secs (0.849u,0.s) (success)
Tactic call close-abstract+repeat-rewrite_strat-bottomup-regression-quadratic ran for 0.013 secs (0.013u,0.s)
Params: n= 25
Tactic call repeat-rewrite_strat-bottomup-regression-cubic ran for 0.92 secs (0.919u,0.s) (success)
Tactic call noop-repeat-rewrite_strat-bottomup-regression-cubic ran for 0.021 secs (0.021u,0.s) (success)
Tactic call abstract+repeat-rewrite_strat-bottomup-regression-cubic ran for 0.956 secs (0.956u,0.s) (success)
Tactic call close-abstract+repeat-rewrite_strat-bottomup-regression-quadratic ran for 0.014 secs (0.014u,0.s)
Params: n= 35
Tactic call repeat-rewrite_strat-bottomup-regression-cubic ran for 2.882 secs (2.881u,0.s) (success)
Tactic call noop-repeat-rewrite_strat-bottomup-regression-cubic ran for 0.051 secs (0.051u,0.s) (success)
Tactic call abstract+repeat-rewrite_strat-bottomup-regression-cubic ran for 2.961 secs (2.961u,0.s) (success)
Tactic call close-abstract+repeat-rewrite_strat-bottomup-regression-quadratic ran for 0.026 secs (0.026u,0.s)
Params: n= 45
Tactic call repeat-rewrite_strat-bottomup-regression-cubic ran for 7.127 secs (7.122u,0.003s) (success)
Tactic call noop-repeat-rewrite_strat-bottomup-regression-cubic ran for 0.1 secs (0.1u,0.s) (success)
Tactic call abstract+repeat-rewrite_strat-bottomup-regression-cubic ran for 7.268 secs (7.264u,0.003s) (success)
Tactic call close-abstract+repeat-rewrite_strat-bottomup-regression-quadratic ran for 0.041 secs (0.04u,0.s)
Params: n= 50
Tactic call repeat-rewrite_strat-bottomup-regression-cubic ran for 10.436 secs (10.431u,0.003s) (success)
Tactic call noop-repeat-rewrite_strat-bottomup-regression-cubic ran for 0.13 secs (0.13u,0.s) (success)
Tactic call abstract+repeat-rewrite_strat-bottomup-regression-cubic ran for 10.615 secs (10.61u,0.003s) (success)
Tactic call close-abstract+repeat-rewrite_strat-bottomup-regression-quadratic ran for 0.048 secs (0.048u,0.s)
