Params: n= 50
Tactic call refine-regression-quadratic-regression-linear ran for 0. secs (0.u,0.s) (success)
Tactic call pose-build-and-refine-regression-cubic ran for 0.008 secs (0.006u,0.002s) (success)
Tactic call fast_rewrite-regression-cubic ran for 0.008 secs (0.006u,0.002s) (success)
Params: n= 100
Tactic call refine-regression-quadratic-regression-linear ran for 0. secs (0.u,0.s) (success)
Tactic call pose-build-and-refine-regression-cubic ran for 0.059 secs (0.053u,0.006s) (success)
Tactic call fast_rewrite-regression-cubic ran for 0.059 secs (0.053u,0.006s) (success)
Params: n= 150
Tactic call refine-regression-quadratic-regression-linear ran for 0.001 secs (0.001u,0.s) (success)
Tactic call pose-build-and-refine-regression-cubic ran for 0.051 secs (0.05u,0.s) (success)
Tactic call fast_rewrite-regression-cubic ran for 0.051 secs (0.05u,0.s) (success)
Params: n= 200
Tactic call refine-regression-quadratic-regression-linear ran for 0.001 secs (0.001u,0.s) (success)
Tactic call pose-build-and-refine-regression-cubic ran for 0.113 secs (0.112u,0.s) (success)
Tactic call fast_rewrite-regression-cubic ran for 0.113 secs (0.112u,0.s) (success)
Params: n= 250
Tactic call refine-regression-quadratic-regression-linear ran for 0.001 secs (0.001u,0.s) (success)
Tactic call pose-build-and-refine-regression-cubic ran for 0.172 secs (0.17u,0.001s) (success)
Tactic call fast_rewrite-regression-cubic ran for 0.172 secs (0.17u,0.001s) (success)
Params: n= 300
Tactic call refine-regression-quadratic-regression-linear ran for 0.002 secs (0.002u,0.s) (success)
Tactic call pose-build-and-refine-regression-cubic ran for 0.226 secs (0.224u,0.002s) (success)
Tactic call fast_rewrite-regression-cubic ran for 0.226 secs (0.224u,0.002s) (success)
Params: n= 350
Tactic call refine-regression-quadratic-regression-linear ran for 0.002 secs (0.002u,0.s) (success)
Tactic call pose-build-and-refine-regression-cubic ran for 0.276 secs (0.272u,0.003s) (success)
Tactic call fast_rewrite-regression-cubic ran for 0.276 secs (0.272u,0.003s) (success)
Params: n= 400
Tactic call refine-regression-quadratic-regression-linear ran for 0.003 secs (0.003u,0.s) (success)
Tactic call pose-build-and-refine-regression-cubic ran for 0.414 secs (0.41u,0.004s) (success)
Tactic call fast_rewrite-regression-cubic ran for 0.414 secs (0.41u,0.004s) (success)
