Params: n= 50
Tactic call rewrite_strat-topdown ran for 0.02 secs (0.016u,0.004s) (success)
Tactic call rewrite_strat-topdown-noop ran for 0. secs (0.u,0.s) (success)
Tactic call abstract+rewrite_strat-topdown ran for 0.026 secs (0.021u,0.005s) (success)
Tactic call close-abstract+rewrite_strat-topdown ran for 0.005 secs (0.005u,0.s)
Params: n= 100
Tactic call rewrite_strat-topdown ran for 0.101 secs (0.098u,0.003s) (success)
Tactic call rewrite_strat-topdown-noop ran for 0. secs (0.u,0.s) (success)
Tactic call abstract+rewrite_strat-topdown ran for 0.119 secs (0.115u,0.003s) (success)
Tactic call close-abstract+rewrite_strat-topdown ran for 0.016 secs (0.016u,0.s)
Params: n= 150
Tactic call rewrite_strat-topdown ran for 0.156 secs (0.156u,0.s) (success)
Tactic call rewrite_strat-topdown-noop ran for 0.001 secs (0.001u,0.s) (success)
Tactic call abstract+rewrite_strat-topdown ran for 0.21 secs (0.21u,0.s) (success)
Tactic call close-abstract+rewrite_strat-topdown ran for 0.052 secs (0.052u,0.s)
Params: n= 200
Tactic call rewrite_strat-topdown ran for 0.279 secs (0.276u,0.003s) (success)
Tactic call rewrite_strat-topdown-noop ran for 0.002 secs (0.002u,0.s) (success)
Tactic call abstract+rewrite_strat-topdown ran for 0.37 secs (0.367u,0.003s) (success)
Tactic call close-abstract+rewrite_strat-topdown ran for 0.088 secs (0.088u,0.s)
Params: n= 250
Tactic call rewrite_strat-topdown ran for 0.422 secs (0.418u,0.003s) (success)
Tactic call rewrite_strat-topdown-noop ran for 0.002 secs (0.002u,0.s) (success)
Tactic call abstract+rewrite_strat-topdown ran for 0.533 secs (0.529u,0.003s) (success)
Tactic call close-abstract+rewrite_strat-topdown ran for 0.107 secs (0.107u,0.s)
Params: n= 300
Tactic call rewrite_strat-topdown ran for 0.641 secs (0.637u,0.003s) (success)
Tactic call rewrite_strat-topdown-noop ran for 0.013 secs (0.013u,0.s) (success)
Tactic call abstract+rewrite_strat-topdown ran for 0.832 secs (0.828u,0.003s) (success)
Tactic call close-abstract+rewrite_strat-topdown ran for 0.176 secs (0.176u,0.s)
Params: n= 350
Tactic call rewrite_strat-topdown ran for 0.955 secs (0.951u,0.003s) (success)
Tactic call rewrite_strat-topdown-noop ran for 0.005 secs (0.005u,0.s) (success)
Tactic call abstract+rewrite_strat-topdown ran for 1.164 secs (1.156u,0.007s) (success)
Tactic call close-abstract+rewrite_strat-topdown ran for 0.203 secs (0.199u,0.003s)
Params: n= 400
Tactic call rewrite_strat-topdown ran for 1.276 secs (1.276u,0.s) (success)
Tactic call rewrite_strat-topdown-noop ran for 0.006 secs (0.006u,0.s) (success)
Tactic call abstract+rewrite_strat-topdown ran for 1.583 secs (1.583u,0.s) (success)
Tactic call close-abstract+rewrite_strat-topdown ran for 0.299 secs (0.299u,0.s)
