Params: n= 1
native_compute: Conversion to native code done in 0.00012
native_compute: Compilation done in 0.06915
native_compute: Evaluation done in 0.00026
native_compute: Reification done in 0.00003
Tactic call identity native_compute on PHOAS with big ran for 0.069 secs (0.u,0.003s) (success)
Params: n= 2
native_compute: Conversion to native code done in 0.00012
native_compute: Compilation done in 0.06508
native_compute: Evaluation done in 0.00025
native_compute: Reification done in 0.00003
Tactic call identity native_compute on PHOAS with big ran for 0.065 secs (0.u,0.002s) (success)
Params: n= 3
native_compute: Conversion to native code done in 0.00012
native_compute: Compilation done in 0.06627
native_compute: Evaluation done in 0.00026
native_compute: Reification done in 0.00004
Tactic call identity native_compute on PHOAS with big ran for 0.066 secs (0.001u,0.002s) (success)
Params: n= 4
native_compute: Conversion to native code done in 0.00012
native_compute: Compilation done in 0.06650
native_compute: Evaluation done in 0.00030
native_compute: Reification done in 0.00004
Tactic call identity native_compute on PHOAS with big ran for 0.067 secs (0.u,0.002s) (success)
