Params: n= 5
native_compute: Conversion to native code done in 0.00012
native_compute: Compilation done in 0.06745
native_compute: Evaluation done in 0.00027
native_compute: Reification done in 0.00004
Tactic call identity native_compute on PHOAS with big_flat ran for 0.068 secs (0.u,0.002s) (success)
Params: n= 6
native_compute: Conversion to native code done in 0.00011
native_compute: Compilation done in 0.06352
native_compute: Evaluation done in 0.00023
native_compute: Reification done in 0.00004
Tactic call identity native_compute on PHOAS with big_flat ran for 0.064 secs (0.u,0.003s) (success)
Params: n= 7
native_compute: Conversion to native code done in 0.00014
native_compute: Compilation done in 0.06368
native_compute: Evaluation done in 0.00027
native_compute: Reification done in 0.00004
Tactic call identity native_compute on PHOAS with big_flat ran for 0.064 secs (0.001u,0.001s) (success)
Params: n= 8
native_compute: Conversion to native code done in 0.00012
native_compute: Compilation done in 0.06492
native_compute: Evaluation done in 0.00024
native_compute: Reification done in 0.00004
Tactic call identity native_compute on PHOAS with big_flat ran for 0.065 secs (0.u,0.003s) (success)
Params: n= 9
native_compute: Conversion to native code done in 0.00012
native_compute: Compilation done in 0.06432
native_compute: Evaluation done in 0.00025
native_compute: Reification done in 0.00005
Tactic call identity native_compute on PHOAS with big_flat ran for 0.064 secs (0.u,0.003s) (success)
Params: n= 10
native_compute: Conversion to native code done in 0.00012
native_compute: Compilation done in 0.06343
native_compute: Evaluation done in 0.00023
native_compute: Reification done in 0.00004
Tactic call identity native_compute on PHOAS with big_flat ran for 0.063 secs (0.u,0.003s) (success)
Params: n= 11
native_compute: Conversion to native code done in 0.00020
native_compute: Compilation done in 0.06286
native_compute: Evaluation done in 0.00026
native_compute: Reification done in 0.00005
Tactic call identity native_compute on PHOAS with big_flat ran for 0.063 secs (0.001u,0.002s) (success)
Params: n= 12
native_compute: Conversion to native code done in 0.00012
native_compute: Compilation done in 0.06337
native_compute: Evaluation done in 0.00023
native_compute: Reification done in 0.00005
Tactic call identity native_compute on PHOAS with big_flat ran for 0.063 secs (0.u,0.003s) (success)
Params: n= 13
native_compute: Conversion to native code done in 0.00012
native_compute: Compilation done in 0.06300
native_compute: Evaluation done in 0.00023
native_compute: Reification done in 0.00005
Tactic call identity native_compute on PHOAS with big_flat ran for 0.063 secs (0.001u,0.002s) (success)
Params: n= 14
native_compute: Conversion to native code done in 0.00016
native_compute: Compilation done in 0.06364
native_compute: Evaluation done in 0.00027
native_compute: Reification done in 0.00021
Tactic call identity native_compute on PHOAS with big_flat ran for 0.064 secs (0.001u,0.001s) (success)
Params: n= 15
native_compute: Conversion to native code done in 0.00012
native_compute: Compilation done in 0.06358
native_compute: Evaluation done in 0.00023
native_compute: Reification done in 0.00005
Tactic call identity native_compute on PHOAS with big_flat ran for 0.064 secs (0.001u,0.002s) (success)
Params: n= 16
native_compute: Conversion to native code done in 0.00013
native_compute: Compilation done in 0.06308
native_compute: Evaluation done in 0.00023
native_compute: Reification done in 0.00006
Tactic call identity native_compute on PHOAS with big_flat ran for 0.063 secs (0.u,0.002s) (success)
Params: n= 17
native_compute: Conversion to native code done in 0.00012
native_compute: Compilation done in 0.06336
native_compute: Evaluation done in 0.00028
native_compute: Reification done in 0.00006
Tactic call identity native_compute on PHOAS with big_flat ran for 0.063 secs (0.u,0.003s) (success)
Params: n= 18
native_compute: Conversion to native code done in 0.00012
native_compute: Compilation done in 0.06322
native_compute: Evaluation done in 0.00027
native_compute: Reification done in 0.00007
Tactic call identity native_compute on PHOAS with big_flat ran for 0.063 secs (0.u,0.003s) (success)
Params: n= 19
native_compute: Conversion to native code done in 0.00012
native_compute: Compilation done in 0.06362
native_compute: Evaluation done in 0.00025
native_compute: Reification done in 0.00006
Tactic call identity native_compute on PHOAS with big_flat ran for 0.064 secs (0.001u,0.002s) (success)
Params: n= 20
native_compute: Conversion to native code done in 0.00013
native_compute: Compilation done in 0.06373
native_compute: Evaluation done in 0.00025
native_compute: Reification done in 0.00007
Tactic call identity native_compute on PHOAS with big_flat ran for 0.064 secs (0.u,0.003s) (success)
Params: n= 21
native_compute: Conversion to native code done in 0.00013
native_compute: Compilation done in 0.06339
native_compute: Evaluation done in 0.00024
native_compute: Reification done in 0.00007
Tactic call identity native_compute on PHOAS with big_flat ran for 0.063 secs (0.001u,0.001s) (success)
Params: n= 22
native_compute: Conversion to native code done in 0.00013
native_compute: Compilation done in 0.06326
native_compute: Evaluation done in 0.00024
native_compute: Reification done in 0.00007
Tactic call identity native_compute on PHOAS with big_flat ran for 0.063 secs (0.u,0.003s) (success)
Params: n= 23
native_compute: Conversion to native code done in 0.00013
native_compute: Compilation done in 0.06342
native_compute: Evaluation done in 0.00025
native_compute: Reification done in 0.00008
Tactic call identity native_compute on PHOAS with big_flat ran for 0.064 secs (0.u,0.003s) (success)
Params: n= 24
native_compute: Conversion to native code done in 0.00013
native_compute: Compilation done in 0.06674
native_compute: Evaluation done in 0.00023
native_compute: Reification done in 0.00007
Tactic call identity native_compute on PHOAS with big_flat ran for 0.067 secs (0.u,0.002s) (success)
Params: n= 25
native_compute: Conversion to native code done in 0.00016
native_compute: Compilation done in 0.06361
native_compute: Evaluation done in 0.00027
native_compute: Reification done in 0.00008
Tactic call identity native_compute on PHOAS with big_flat ran for 0.064 secs (0.001u,0.001s) (success)
Params: n= 26
native_compute: Conversion to native code done in 0.00013
native_compute: Compilation done in 0.06450
native_compute: Evaluation done in 0.00025
native_compute: Reification done in 0.00023
Tactic call identity native_compute on PHOAS with big_flat ran for 0.065 secs (0.u,0.003s) (success)
Params: n= 27
native_compute: Conversion to native code done in 0.00013
native_compute: Compilation done in 0.06402
native_compute: Evaluation done in 0.00025
native_compute: Reification done in 0.00008
Tactic call identity native_compute on PHOAS with big_flat ran for 0.064 secs (0.u,0.002s) (success)
Params: n= 28
native_compute: Conversion to native code done in 0.00013
native_compute: Compilation done in 0.06400
native_compute: Evaluation done in 0.00025
native_compute: Reification done in 0.00020
Tactic call identity native_compute on PHOAS with big_flat ran for 0.064 secs (0.u,0.003s) (success)
Params: n= 29
native_compute: Conversion to native code done in 0.00013
native_compute: Compilation done in 0.06507
native_compute: Evaluation done in 0.00025
native_compute: Reification done in 0.00008
Tactic call identity native_compute on PHOAS with big_flat ran for 0.065 secs (0.u,0.002s) (success)
Params: n= 30
native_compute: Conversion to native code done in 0.00013
native_compute: Compilation done in 0.06414
native_compute: Evaluation done in 0.00024
native_compute: Reification done in 0.00012
Tactic call identity native_compute on PHOAS with big_flat ran for 0.064 secs (0.u,0.002s) (success)
Params: n= 31
native_compute: Conversion to native code done in 0.00013
native_compute: Compilation done in 0.06466
native_compute: Evaluation done in 0.00026
native_compute: Reification done in 0.00009
Tactic call identity native_compute on PHOAS with big_flat ran for 0.065 secs (0.001u,0.002s) (success)
Params: n= 32
native_compute: Conversion to native code done in 0.00013
native_compute: Compilation done in 0.06447
native_compute: Evaluation done in 0.00029
native_compute: Reification done in 0.00027
Tactic call identity native_compute on PHOAS with big_flat ran for 0.065 secs (0.001u,0.002s) (success)
Params: n= 33
native_compute: Conversion to native code done in 0.00016
native_compute: Compilation done in 0.06422
native_compute: Evaluation done in 0.00024
native_compute: Reification done in 0.00009
Tactic call identity native_compute on PHOAS with big_flat ran for 0.064 secs (0.u,0.002s) (success)
Params: n= 34
native_compute: Conversion to native code done in 0.00013
native_compute: Compilation done in 0.06402
native_compute: Evaluation done in 0.00025
native_compute: Reification done in 0.00025
Tactic call identity native_compute on PHOAS with big_flat ran for 0.064 secs (0.u,0.003s) (success)
Params: n= 35
native_compute: Conversion to native code done in 0.00014
native_compute: Compilation done in 0.06415
native_compute: Evaluation done in 0.00027
native_compute: Reification done in 0.00010
Tactic call identity native_compute on PHOAS with big_flat ran for 0.064 secs (0.001u,0.002s) (success)
Params: n= 36
native_compute: Conversion to native code done in 0.00014
native_compute: Compilation done in 0.06403
native_compute: Evaluation done in 0.00026
native_compute: Reification done in 0.00010
Tactic call identity native_compute on PHOAS with big_flat ran for 0.064 secs (0.001u,0.001s) (success)
Params: n= 37
native_compute: Conversion to native code done in 0.00014
native_compute: Compilation done in 0.06453
native_compute: Evaluation done in 0.00026
native_compute: Reification done in 0.00010
Tactic call identity native_compute on PHOAS with big_flat ran for 0.065 secs (0.001u,0.002s) (success)
Params: n= 38
native_compute: Conversion to native code done in 0.00014
native_compute: Compilation done in 0.06462
native_compute: Evaluation done in 0.00025
native_compute: Reification done in 0.00010
Tactic call identity native_compute on PHOAS with big_flat ran for 0.065 secs (0.u,0.003s) (success)
Params: n= 39
native_compute: Conversion to native code done in 0.00015
native_compute: Compilation done in 0.06495
native_compute: Evaluation done in 0.00025
native_compute: Reification done in 0.00010
Tactic call identity native_compute on PHOAS with big_flat ran for 0.065 secs (0.u,0.002s) (success)
Params: n= 40
native_compute: Conversion to native code done in 0.00014
native_compute: Compilation done in 0.06567
native_compute: Evaluation done in 0.00025
native_compute: Reification done in 0.00011
Tactic call identity native_compute on PHOAS with big_flat ran for 0.066 secs (0.u,0.003s) (success)
Params: n= 41
native_compute: Conversion to native code done in 0.00014
native_compute: Compilation done in 0.06469
native_compute: Evaluation done in 0.00028
native_compute: Reification done in 0.00027
Tactic call identity native_compute on PHOAS with big_flat ran for 0.065 secs (0.001u,0.002s) (success)
Params: n= 42
native_compute: Conversion to native code done in 0.00017
native_compute: Compilation done in 0.06426
native_compute: Evaluation done in 0.00025
native_compute: Reification done in 0.00011
Tactic call identity native_compute on PHOAS with big_flat ran for 0.064 secs (0.u,0.002s) (success)
Params: n= 43
native_compute: Conversion to native code done in 0.00014
native_compute: Compilation done in 0.06424
native_compute: Evaluation done in 0.00027
native_compute: Reification done in 0.00012
Tactic call identity native_compute on PHOAS with big_flat ran for 0.064 secs (0.u,0.003s) (success)
Params: n= 44
native_compute: Conversion to native code done in 0.00014
native_compute: Compilation done in 0.06427
native_compute: Evaluation done in 0.00025
native_compute: Reification done in 0.00011
Tactic call identity native_compute on PHOAS with big_flat ran for 0.064 secs (0.001u,0.002s) (success)
Params: n= 45
native_compute: Conversion to native code done in 0.00014
native_compute: Compilation done in 0.06430
native_compute: Evaluation done in 0.00027
native_compute: Reification done in 0.00013
Tactic call identity native_compute on PHOAS with big_flat ran for 0.064 secs (0.u,0.003s) (success)
Params: n= 46
native_compute: Conversion to native code done in 0.00014
native_compute: Compilation done in 0.06472
native_compute: Evaluation done in 0.00024
native_compute: Reification done in 0.00012
Tactic call identity native_compute on PHOAS with big_flat ran for 0.065 secs (0.001u,0.002s) (success)
Params: n= 47
native_compute: Conversion to native code done in 0.00014
native_compute: Compilation done in 0.06478
native_compute: Evaluation done in 0.00025
native_compute: Reification done in 0.00012
Tactic call identity native_compute on PHOAS with big_flat ran for 0.065 secs (0.u,0.003s) (success)
Params: n= 48
native_compute: Conversion to native code done in 0.00014
native_compute: Compilation done in 0.06464
native_compute: Evaluation done in 0.00026
native_compute: Reification done in 0.00012
Tactic call identity native_compute on PHOAS with big_flat ran for 0.065 secs (0.u,0.003s) (success)
Params: n= 49
native_compute: Conversion to native code done in 0.00014
native_compute: Compilation done in 0.06491
native_compute: Evaluation done in 0.00025
native_compute: Reification done in 0.00027
Tactic call identity native_compute on PHOAS with big_flat ran for 0.065 secs (0.u,0.003s) (success)
Params: n= 50
native_compute: Conversion to native code done in 0.00015
native_compute: Compilation done in 0.06437
native_compute: Evaluation done in 0.00028
native_compute: Reification done in 0.00013
Tactic call identity native_compute on PHOAS with big_flat ran for 0.065 secs (0.u,0.003s) (success)
