Params: n= 50
Tactic call refine-regression-quadratic-regression-linear ran for 0. secs (0.u,0.s) (success)
Tactic call pose-build-and-refine-regression-cubic ran for 0.009 secs (0.004u,0.004s) (success)
Tactic call fast_rewrite-regression-cubic ran for 0.009 secs (0.004u,0.004s) (success)
Params: n= 100
Tactic call refine-regression-quadratic-regression-linear ran for 0.002 secs (0.u,0.002s) (success)
Tactic call pose-build-and-refine-regression-cubic ran for 0.02 secs (0.011u,0.009s) (success)
Tactic call fast_rewrite-regression-cubic ran for 0.02 secs (0.011u,0.009s) (success)
Params: n= 150
Tactic call refine-regression-quadratic-regression-linear ran for 0.001 secs (0.001u,0.s) (success)
Tactic call pose-build-and-refine-regression-cubic ran for 0.094 secs (0.086u,0.007s) (success)
Tactic call fast_rewrite-regression-cubic ran for 0.095 secs (0.087u,0.007s) (success)
Params: n= 200
Tactic call refine-regression-quadratic-regression-linear ran for 0.002 secs (0.002u,0.s) (success)
Tactic call pose-build-and-refine-regression-cubic ran for 0.043 secs (0.043u,0.s) (success)
Tactic call fast_rewrite-regression-cubic ran for 0.043 secs (0.043u,0.s) (success)
Params: n= 250
Tactic call refine-regression-quadratic-regression-linear ran for 0.003 secs (0.003u,0.s) (success)
Tactic call pose-build-and-refine-regression-cubic ran for 0.069 secs (0.069u,0.s) (success)
Tactic call fast_rewrite-regression-cubic ran for 0.069 secs (0.069u,0.s) (success)
Params: n= 300
Tactic call refine-regression-quadratic-regression-linear ran for 0.003 secs (0.003u,0.s) (success)
Tactic call pose-build-and-refine-regression-cubic ran for 0.085 secs (0.085u,0.s) (success)
Tactic call fast_rewrite-regression-cubic ran for 0.085 secs (0.085u,0.s) (success)
Params: n= 350
Tactic call refine-regression-quadratic-regression-linear ran for 0.005 secs (0.005u,0.s) (success)
Tactic call pose-build-and-refine-regression-cubic ran for 0.113 secs (0.113u,0.s) (success)
Tactic call fast_rewrite-regression-cubic ran for 0.113 secs (0.113u,0.s) (success)
Params: n= 400
Tactic call refine-regression-quadratic-regression-linear ran for 0.005 secs (0.005u,0.s) (success)
Tactic call pose-build-and-refine-regression-cubic ran for 0.133 secs (0.133u,0.s) (success)
Tactic call fast_rewrite-regression-cubic ran for 0.133 secs (0.133u,0.s) (success)
