Params: 0-nm= 15 , 1-n= 3 , 2-m= 1 , 3-input-size= 61 , 4-output-size= 31 , 5-num-rewrites= 15
Tactic call ssr-rewrite!-regression-cubic ran for 0. secs (0.u,0.s) (success)
Params: 0-nm= 30 , 1-n= 3 , 2-m= 2 , 3-input-size= 91 , 4-output-size= 31 , 5-num-rewrites= 30
Tactic call ssr-rewrite!-regression-cubic ran for 0.002 secs (0.002u,0.s) (success)
Params: 0-nm= 45 , 1-n= 3 , 2-m= 3 , 3-input-size= 121 , 4-output-size= 31 , 5-num-rewrites= 45
Tactic call ssr-rewrite!-regression-cubic ran for 0.003 secs (0.003u,0.s) (success)
Params: 0-nm= 60 , 1-n= 3 , 2-m= 4 , 3-input-size= 151 , 4-output-size= 31 , 5-num-rewrites= 60
Tactic call ssr-rewrite!-regression-cubic ran for 0.005 secs (0.005u,0.s) (success)
Params: 0-nm= 75 , 1-n= 3 , 2-m= 5 , 3-input-size= 181 , 4-output-size= 31 , 5-num-rewrites= 75
Tactic call ssr-rewrite!-regression-cubic ran for 0.007 secs (0.u,0.007s) (success)
Params: 0-nm= 90 , 1-n= 3 , 2-m= 6 , 3-input-size= 211 , 4-output-size= 31 , 5-num-rewrites= 90
Tactic call ssr-rewrite!-regression-cubic ran for 0.055 secs (0.05u,0.004s) (success)
Params: 0-nm= 105 , 1-n= 3 , 2-m= 7 , 3-input-size= 241 , 4-output-size= 31 , 5-num-rewrites= 105
Tactic call ssr-rewrite!-regression-cubic ran for 0.009 secs (0.009u,0.s) (success)
Params: 0-nm= 120 , 1-n= 3 , 2-m= 8 , 3-input-size= 271 , 4-output-size= 31 , 5-num-rewrites= 120
Tactic call ssr-rewrite!-regression-cubic ran for 0.012 secs (0.012u,0.s) (success)
Params: 0-nm= 135 , 1-n= 3 , 2-m= 9 , 3-input-size= 301 , 4-output-size= 31 , 5-num-rewrites= 135
Tactic call ssr-rewrite!-regression-cubic ran for 0.027 secs (0.027u,0.s) (success)
Params: 0-nm= 150 , 1-n= 3 , 2-m= 10 , 3-input-size= 331 , 4-output-size= 31 , 5-num-rewrites= 150
Tactic call ssr-rewrite!-regression-cubic ran for 0.017 secs (0.017u,0.s) (success)
Params: 0-nm= 165 , 1-n= 3 , 2-m= 11 , 3-input-size= 361 , 4-output-size= 31 , 5-num-rewrites= 165
Tactic call ssr-rewrite!-regression-cubic ran for 0.021 secs (0.021u,0.s) (success)
Params: 0-nm= 180 , 1-n= 3 , 2-m= 12 , 3-input-size= 391 , 4-output-size= 31 , 5-num-rewrites= 180
Tactic call ssr-rewrite!-regression-cubic ran for 0.024 secs (0.024u,0.s) (success)
Params: 0-nm= 195 , 1-n= 3 , 2-m= 13 , 3-input-size= 421 , 4-output-size= 31 , 5-num-rewrites= 195
Tactic call ssr-rewrite!-regression-cubic ran for 0.03 secs (0.03u,0.s) (success)
Params: 0-nm= 210 , 1-n= 3 , 2-m= 14 , 3-input-size= 451 , 4-output-size= 31 , 5-num-rewrites= 210
Tactic call ssr-rewrite!-regression-cubic ran for 0.037 secs (0.037u,0.s) (success)
Params: 0-nm= 225 , 1-n= 3 , 2-m= 15 , 3-input-size= 481 , 4-output-size= 31 , 5-num-rewrites= 225
Tactic call ssr-rewrite!-regression-cubic ran for 0.038 secs (0.038u,0.s) (success)
Params: 0-nm= 240 , 1-n= 3 , 2-m= 16 , 3-input-size= 511 , 4-output-size= 31 , 5-num-rewrites= 240
Tactic call ssr-rewrite!-regression-cubic ran for 0.047 secs (0.047u,0.s) (success)
Params: 0-nm= 255 , 1-n= 3 , 2-m= 17 , 3-input-size= 541 , 4-output-size= 31 , 5-num-rewrites= 255
Tactic call ssr-rewrite!-regression-cubic ran for 0.048 secs (0.048u,0.s) (success)
Params: 0-nm= 270 , 1-n= 3 , 2-m= 18 , 3-input-size= 571 , 4-output-size= 31 , 5-num-rewrites= 270
Tactic call ssr-rewrite!-regression-cubic ran for 0.119 secs (0.119u,0.s) (success)
Params: 0-nm= 285 , 1-n= 3 , 2-m= 19 , 3-input-size= 601 , 4-output-size= 31 , 5-num-rewrites= 285
Tactic call ssr-rewrite!-regression-cubic ran for 0.087 secs (0.087u,0.s) (success)
Params: 0-nm= 300 , 1-n= 3 , 2-m= 20 , 3-input-size= 631 , 4-output-size= 31 , 5-num-rewrites= 300
Tactic call ssr-rewrite!-regression-cubic ran for 0.08 secs (0.08u,0.s) (success)
Params: 0-nm= 315 , 1-n= 3 , 2-m= 21 , 3-input-size= 661 , 4-output-size= 31 , 5-num-rewrites= 315
Tactic call ssr-rewrite!-regression-cubic ran for 0.075 secs (0.075u,0.s) (success)
Params: 0-nm= 330 , 1-n= 3 , 2-m= 22 , 3-input-size= 691 , 4-output-size= 31 , 5-num-rewrites= 330
Tactic call ssr-rewrite!-regression-cubic ran for 0.084 secs (0.084u,0.s) (success)
Params: 0-nm= 345 , 1-n= 3 , 2-m= 23 , 3-input-size= 721 , 4-output-size= 31 , 5-num-rewrites= 345
Tactic call ssr-rewrite!-regression-cubic ran for 0.094 secs (0.094u,0.s) (success)
Params: 0-nm= 360 , 1-n= 3 , 2-m= 24 , 3-input-size= 751 , 4-output-size= 31 , 5-num-rewrites= 360
Tactic call ssr-rewrite!-regression-cubic ran for 0.2 secs (0.2u,0.s) (success)
Params: 0-nm= 375 , 1-n= 3 , 2-m= 25 , 3-input-size= 781 , 4-output-size= 31 , 5-num-rewrites= 375
Tactic call ssr-rewrite!-regression-cubic ran for 0.108 secs (0.108u,0.s) (success)
Params: 0-nm= 390 , 1-n= 3 , 2-m= 26 , 3-input-size= 811 , 4-output-size= 31 , 5-num-rewrites= 390
Tactic call ssr-rewrite!-regression-cubic ran for 0.115 secs (0.115u,0.s) (success)
Params: 0-nm= 405 , 1-n= 3 , 2-m= 27 , 3-input-size= 841 , 4-output-size= 31 , 5-num-rewrites= 405
Tactic call ssr-rewrite!-regression-cubic ran for 0.118 secs (0.118u,0.s) (success)
Params: 0-nm= 420 , 1-n= 3 , 2-m= 28 , 3-input-size= 871 , 4-output-size= 31 , 5-num-rewrites= 420
Tactic call ssr-rewrite!-regression-cubic ran for 0.126 secs (0.126u,0.s) (success)
Params: 0-nm= 435 , 1-n= 3 , 2-m= 29 , 3-input-size= 901 , 4-output-size= 31 , 5-num-rewrites= 435
Tactic call ssr-rewrite!-regression-cubic ran for 0.134 secs (0.134u,0.s) (success)
Params: 0-nm= 31 , 1-n= 4 , 2-m= 1 , 3-input-size= 125 , 4-output-size= 63 , 5-num-rewrites= 31
Tactic call ssr-rewrite!-regression-cubic ran for 0.001 secs (0.001u,0.s) (success)
Params: 0-nm= 248 , 1-n= 4 , 2-m= 8 , 3-input-size= 559 , 4-output-size= 63 , 5-num-rewrites= 248
Tactic call ssr-rewrite!-regression-cubic ran for 0.028 secs (0.028u,0.s) (success)
Params: 0-nm= 255 , 1-n= 7 , 2-m= 1 , 3-input-size= 1021 , 4-output-size= 511 , 5-num-rewrites= 255
Tactic call ssr-rewrite!-regression-cubic ran for 0.011 secs (0.011u,0.s) (success)
