Params: n= 50
Tactic call build-thunk-regression-linear ran for 0.004 secs (0.u,0.004s) (success)
Tactic call eval-thunk-regression-linear ran for 0. secs (0.u,0.s) (success)
Tactic call build-eval-thunk-regression-linear ran for 0.004 secs (0.u,0.004s) (success)
Tactic call build-I-regression-linear ran for 0. secs (0.u,0.s) (success)
Tactic call check-I-regression-linear ran for 0. secs (0.u,0.s) (success)
Tactic call type-I-regression-linear ran for 0. secs (0.u,0.s) (success)
Tactic call build-admit-regression-linear ran for 0. secs (0.u,0.s) (success)
Tactic call check-admit-regression-quadratic ran for 0.001 secs (0.001u,0.s) (success)
Tactic call type-admit-regression-quadratic ran for 0. secs (0.u,0.s) (success)
Tactic call build-admit-cast-regression-linear ran for 0. secs (0.u,0.s) (success)
Tactic call check-admit-cast-regression-quadratic ran for 0.001 secs (0.001u,0.s) (success)
Tactic call type-admit-cast-regression-quadratic ran for 0.001 secs (0.001u,0.s) (success)
Tactic call build-pf-cast-regression-linear ran for 0. secs (0.u,0.s) (success)
Tactic call check-pf-cast-regression-quadratic ran for 0.001 secs (0.001u,0.s) (success)
Tactic call type-pf-cast-regression-quadratic ran for 0.001 secs (0.u,0.001s) (success)
Tactic call refine-regression-quadratic-regression-linear ran for 0.001 secs (0.u,0.001s) (success)
Tactic call fast_rewrite-regression-quadratic ran for 0.014 secs (0.008u,0.006s) (success)
Tactic call abstract-regression-quadratic ran for 0.017 secs (0.008u,0.008s) (success)
Tactic call close-abstract-regression-quadratic ran for 0.002 secs (0.u,0.002s)
Params: n= 100
Tactic call build-thunk-regression-linear ran for 0.046 secs (0.043u,0.002s) (success)
Tactic call eval-thunk-regression-linear ran for 0. secs (0.u,0.s) (success)
Tactic call build-eval-thunk-regression-linear ran for 0.046 secs (0.044u,0.002s) (success)
Tactic call build-I-regression-linear ran for 0. secs (0.u,0.s) (success)
Tactic call check-I-regression-linear ran for 0.001 secs (0.001u,0.s) (success)
Tactic call type-I-regression-linear ran for 0.001 secs (0.001u,0.s) (success)
Tactic call build-admit-regression-linear ran for 0. secs (0.u,0.s) (success)
Tactic call check-admit-regression-quadratic ran for 0.002 secs (0.002u,0.s) (success)
Tactic call type-admit-regression-quadratic ran for 0.002 secs (0.002u,0.s) (success)
Tactic call build-admit-cast-regression-linear ran for 0. secs (0.u,0.s) (success)
Tactic call check-admit-cast-regression-quadratic ran for 0.002 secs (0.002u,0.s) (success)
Tactic call type-admit-cast-regression-quadratic ran for 0.002 secs (0.002u,0.s) (success)
Tactic call build-pf-cast-regression-linear ran for 0. secs (0.u,0.s) (success)
Tactic call check-pf-cast-regression-quadratic ran for 0.002 secs (0.002u,0.s) (success)
Tactic call type-pf-cast-regression-quadratic ran for 0.002 secs (0.002u,0.s) (success)
Tactic call refine-regression-quadratic-regression-linear ran for 0.002 secs (0.002u,0.s) (success)
Tactic call fast_rewrite-regression-quadratic ran for 0.065 secs (0.063u,0.002s) (success)
Tactic call abstract-regression-quadratic ran for 0.071 secs (0.068u,0.002s) (success)
Tactic call close-abstract-regression-quadratic ran for 0.005 secs (0.004u,0.s)
Params: n= 150
Tactic call build-thunk-regression-linear ran for 0.008 secs (0.008u,0.s) (success)
Tactic call eval-thunk-regression-linear ran for 0. secs (0.u,0.s) (success)
Tactic call build-eval-thunk-regression-linear ran for 0.009 secs (0.009u,0.s) (success)
Tactic call build-I-regression-linear ran for 0. secs (0.u,0.s) (success)
Tactic call check-I-regression-linear ran for 0.003 secs (0.003u,0.s) (success)
Tactic call type-I-regression-linear ran for 0.001 secs (0.001u,0.s) (success)
Tactic call build-admit-regression-linear ran for 0. secs (0.u,0.s) (success)
Tactic call check-admit-regression-quadratic ran for 0.004 secs (0.004u,0.s) (success)
Tactic call type-admit-regression-quadratic ran for 0.003 secs (0.003u,0.s) (success)
Tactic call build-admit-cast-regression-linear ran for 0. secs (0.u,0.s) (success)
Tactic call check-admit-cast-regression-quadratic ran for 0.004 secs (0.004u,0.s) (success)
Tactic call type-admit-cast-regression-quadratic ran for 0.004 secs (0.004u,0.s) (success)
Tactic call build-pf-cast-regression-linear ran for 0. secs (0.u,0.s) (success)
Tactic call check-pf-cast-regression-quadratic ran for 0.004 secs (0.004u,0.s) (success)
Tactic call type-pf-cast-regression-quadratic ran for 0.004 secs (0.004u,0.s) (success)
Tactic call refine-regression-quadratic-regression-linear ran for 0.004 secs (0.004u,0.s) (success)
Tactic call fast_rewrite-regression-quadratic ran for 0.045 secs (0.045u,0.s) (success)
Tactic call abstract-regression-quadratic ran for 0.055 secs (0.055u,0.s) (success)
Tactic call close-abstract-regression-quadratic ran for 0.009 secs (0.009u,0.s)
Params: n= 200
Tactic call build-thunk-regression-linear ran for 0.015 secs (0.015u,0.s) (success)
Tactic call eval-thunk-regression-linear ran for 0. secs (0.u,0.s) (success)
Tactic call build-eval-thunk-regression-linear ran for 0.015 secs (0.015u,0.s) (success)
Tactic call build-I-regression-linear ran for 0.001 secs (0.001u,0.s) (success)
Tactic call check-I-regression-linear ran for 0.002 secs (0.002u,0.s) (success)
Tactic call type-I-regression-linear ran for 0.002 secs (0.002u,0.s) (success)
Tactic call build-admit-regression-linear ran for 0. secs (0.u,0.s) (success)
Tactic call check-admit-regression-quadratic ran for 0.006 secs (0.006u,0.s) (success)
Tactic call type-admit-regression-quadratic ran for 0.006 secs (0.006u,0.s) (success)
Tactic call build-admit-cast-regression-linear ran for 0.001 secs (0.001u,0.s) (success)
Tactic call check-admit-cast-regression-quadratic ran for 0.006 secs (0.006u,0.s) (success)
Tactic call type-admit-cast-regression-quadratic ran for 0.006 secs (0.006u,0.s) (success)
Tactic call build-pf-cast-regression-linear ran for 0. secs (0.u,0.s) (success)
Tactic call check-pf-cast-regression-quadratic ran for 0.006 secs (0.006u,0.s) (success)
Tactic call type-pf-cast-regression-quadratic ran for 0.006 secs (0.006u,0.s) (success)
Tactic call refine-regression-quadratic-regression-linear ran for 0.006 secs (0.006u,0.s) (success)
Tactic call fast_rewrite-regression-quadratic ran for 0.07 secs (0.07u,0.s) (success)
Tactic call abstract-regression-quadratic ran for 0.086 secs (0.086u,0.s) (success)
Tactic call close-abstract-regression-quadratic ran for 0.015 secs (0.015u,0.s)
Params: n= 250
Tactic call build-thunk-regression-linear ran for 0.014 secs (0.014u,0.s) (success)
Tactic call eval-thunk-regression-linear ran for 0. secs (0.u,0.s) (success)
Tactic call build-eval-thunk-regression-linear ran for 0.014 secs (0.014u,0.s) (success)
Tactic call build-I-regression-linear ran for 0.001 secs (0.001u,0.s) (success)
Tactic call check-I-regression-linear ran for 0.002 secs (0.002u,0.s) (success)
Tactic call type-I-regression-linear ran for 0.002 secs (0.002u,0.s) (success)
Tactic call build-admit-regression-linear ran for 0.001 secs (0.001u,0.s) (success)
Tactic call check-admit-regression-quadratic ran for 0.01 secs (0.01u,0.s) (success)
Tactic call type-admit-regression-quadratic ran for 0.01 secs (0.01u,0.s) (success)
Tactic call build-admit-cast-regression-linear ran for 0.001 secs (0.001u,0.s) (success)
Tactic call check-admit-cast-regression-quadratic ran for 0.009 secs (0.009u,0.s) (success)
Tactic call type-admit-cast-regression-quadratic ran for 0.009 secs (0.009u,0.s) (success)
Tactic call build-pf-cast-regression-linear ran for 0.001 secs (0.001u,0.s) (success)
Tactic call check-pf-cast-regression-quadratic ran for 0.009 secs (0.009u,0.s) (success)
Tactic call type-pf-cast-regression-quadratic ran for 0.009 secs (0.009u,0.s) (success)
Tactic call refine-regression-quadratic-regression-linear ran for 0.01 secs (0.01u,0.s) (success)
Tactic call fast_rewrite-regression-quadratic ran for 0.095 secs (0.095u,0.s) (success)
Tactic call abstract-regression-quadratic ran for 0.117 secs (0.117u,0.s) (success)
Tactic call close-abstract-regression-quadratic ran for 0.022 secs (0.022u,0.s)
Params: n= 300
Tactic call build-thunk-regression-linear ran for 0.017 secs (0.017u,0.s) (success)
Tactic call eval-thunk-regression-linear ran for 0. secs (0.u,0.s) (success)
Tactic call build-eval-thunk-regression-linear ran for 0.018 secs (0.018u,0.s) (success)
Tactic call build-I-regression-linear ran for 0.001 secs (0.001u,0.s) (success)
Tactic call check-I-regression-linear ran for 0.003 secs (0.003u,0.s) (success)
Tactic call type-I-regression-linear ran for 0.003 secs (0.003u,0.s) (success)
Tactic call build-admit-regression-linear ran for 0.001 secs (0.001u,0.s) (success)
Tactic call check-admit-regression-quadratic ran for 0.013 secs (0.013u,0.s) (success)
Tactic call type-admit-regression-quadratic ran for 0.012 secs (0.012u,0.s) (success)
Tactic call build-admit-cast-regression-linear ran for 0.001 secs (0.001u,0.s) (success)
Tactic call check-admit-cast-regression-quadratic ran for 0.012 secs (0.012u,0.s) (success)
Tactic call type-admit-cast-regression-quadratic ran for 0.012 secs (0.012u,0.s) (success)
Tactic call build-pf-cast-regression-linear ran for 0.001 secs (0.001u,0.s) (success)
Tactic call check-pf-cast-regression-quadratic ran for 0.012 secs (0.012u,0.s) (success)
Tactic call type-pf-cast-regression-quadratic ran for 0.013 secs (0.013u,0.s) (success)
Tactic call refine-regression-quadratic-regression-linear ran for 0.012 secs (0.012u,0.s) (success)
Tactic call fast_rewrite-regression-quadratic ran for 0.121 secs (0.121u,0.s) (success)
Tactic call abstract-regression-quadratic ran for 0.154 secs (0.154u,0.s) (success)
Tactic call close-abstract-regression-quadratic ran for 0.033 secs (0.033u,0.s)
Params: n= 350
Tactic call build-thunk-regression-linear ran for 0.02 secs (0.02u,0.s) (success)
Tactic call eval-thunk-regression-linear ran for 0. secs (0.u,0.s) (success)
Tactic call build-eval-thunk-regression-linear ran for 0.021 secs (0.021u,0.s) (success)
Tactic call build-I-regression-linear ran for 0.005 secs (0.005u,0.s) (success)
Tactic call check-I-regression-linear ran for 0.003 secs (0.003u,0.s) (success)
Tactic call type-I-regression-linear ran for 0.003 secs (0.003u,0.s) (success)
Tactic call build-admit-regression-linear ran for 0.001 secs (0.001u,0.s) (success)
Tactic call check-admit-regression-quadratic ran for 0.016 secs (0.016u,0.s) (success)
Tactic call type-admit-regression-quadratic ran for 0.016 secs (0.016u,0.s) (success)
Tactic call build-admit-cast-regression-linear ran for 0.001 secs (0.001u,0.s) (success)
Tactic call check-admit-cast-regression-quadratic ran for 0.017 secs (0.017u,0.s) (success)
Tactic call type-admit-cast-regression-quadratic ran for 0.017 secs (0.017u,0.s) (success)
Tactic call build-pf-cast-regression-linear ran for 0.001 secs (0.001u,0.s) (success)
Tactic call check-pf-cast-regression-quadratic ran for 0.022 secs (0.018u,0.003s) (success)
Tactic call type-pf-cast-regression-quadratic ran for 0.017 secs (0.017u,0.s) (success)
Tactic call refine-regression-quadratic-regression-linear ran for 0.017 secs (0.016u,0.s) (success)
Tactic call fast_rewrite-regression-quadratic ran for 0.164 secs (0.16u,0.003s) (success)
Tactic call abstract-regression-quadratic ran for 0.205 secs (0.201u,0.003s) (success)
Tactic call close-abstract-regression-quadratic ran for 0.041 secs (0.04u,0.s)
Params: n= 400
Tactic call build-thunk-regression-linear ran for 0.027 secs (0.027u,0.s) (success)
Tactic call eval-thunk-regression-linear ran for 0. secs (0.u,0.s) (success)
Tactic call build-eval-thunk-regression-linear ran for 0.028 secs (0.028u,0.s) (success)
Tactic call build-I-regression-linear ran for 0.002 secs (0.002u,0.s) (success)
Tactic call check-I-regression-linear ran for 0.004 secs (0.004u,0.s) (success)
Tactic call type-I-regression-linear ran for 0.008 secs (0.008u,0.s) (success)
Tactic call build-admit-regression-linear ran for 0.001 secs (0.001u,0.s) (success)
Tactic call check-admit-regression-quadratic ran for 0.028 secs (0.028u,0.s) (success)
Tactic call type-admit-regression-quadratic ran for 0.02 secs (0.02u,0.s) (success)
Tactic call build-admit-cast-regression-linear ran for 0.001 secs (0.001u,0.s) (success)
Tactic call check-admit-cast-regression-quadratic ran for 0.021 secs (0.021u,0.s) (success)
Tactic call type-admit-cast-regression-quadratic ran for 0.022 secs (0.022u,0.s) (success)
Tactic call build-pf-cast-regression-linear ran for 0.001 secs (0.001u,0.s) (success)
Tactic call check-pf-cast-regression-quadratic ran for 0.028 secs (0.028u,0.s) (success)
Tactic call type-pf-cast-regression-quadratic ran for 0.02 secs (0.02u,0.s) (success)
Tactic call refine-regression-quadratic-regression-linear ran for 0.021 secs (0.021u,0.s) (success)
Tactic call fast_rewrite-regression-quadratic ran for 0.213 secs (0.213u,0.s) (success)
Tactic call abstract-regression-quadratic ran for 0.268 secs (0.268u,0.s) (success)
Tactic call close-abstract-regression-quadratic ran for 0.054 secs (0.054u,0.s)
