Params: n= 50
Tactic call lazy-regression-linear ran for 0.525 secs (0.517u,0.008s) (success)
Tactic call intros-regression-linear ran for 1.155 secs (1.155u,0.s) (success)
Tactic call destruct-and-regression-linear ran for 0.293 secs (0.289u,0.003s) (success)
Tactic call destruct-and-regression-linear ran for 0. secs (0.u,0.s) (failure after 1 backtracking)
Tactic call case-and-regression-linear ran for 0.045 secs (0.045u,0.s) (success)
Tactic call case-clear-intros-and-regression-linear ran for 0.045 secs (0.045u,0.s) (success)
Tactic call case-and-regression-linear ran for 0. secs (0.u,0.s) (failure after 1 backtracking)
Tactic call case-clear-intros-and-regression-linear ran for 0. secs (0.u,0.s) (failure after 1 backtracking)
Tactic call destruct-or-regression-linear ran for 0.258 secs (0.258u,0.s) (success)
Tactic call destruct-or-regression-linear ran for 0. secs (0.u,0.s) (failure after 1 backtracking)
Tactic call case-or-regression-linear ran for 0.043 secs (0.043u,0.s) (success)
Tactic call case-clear-intros-or-regression-linear ran for 0.043 secs (0.043u,0.s) (success)
Tactic call case-or-regression-linear ran for 0. secs (0.u,0.s) (failure after 1 backtracking)
Tactic call case-clear-intros-or-regression-linear ran for 0. secs (0.u,0.s) (failure after 1 backtracking)
Params: n= 100
Tactic call lazy-regression-linear ran for 0.959 secs (0.951u,0.007s) (success)
Tactic call intros-regression-linear ran for 4.805 secs (4.805u,0.s) (success)
Tactic call destruct-and-regression-linear ran for 0.566 secs (0.566u,0.s) (success)
Tactic call destruct-and-regression-linear ran for 0. secs (0.u,0.s) (failure after 1 backtracking)
Tactic call case-and-regression-linear ran for 0.094 secs (0.094u,0.s) (success)
Tactic call case-clear-intros-and-regression-linear ran for 0.094 secs (0.094u,0.s) (success)
Tactic call case-and-regression-linear ran for 0. secs (0.u,0.s) (failure after 1 backtracking)
Tactic call case-clear-intros-and-regression-linear ran for 0. secs (0.u,0.s) (failure after 1 backtracking)
Tactic call destruct-or-regression-linear ran for 0.516 secs (0.516u,0.s) (success)
Tactic call destruct-or-regression-linear ran for 0. secs (0.u,0.s) (failure after 1 backtracking)
Tactic call case-or-regression-linear ran for 0.096 secs (0.096u,0.s) (success)
Tactic call case-clear-intros-or-regression-linear ran for 0.096 secs (0.096u,0.s) (success)
Tactic call case-or-regression-linear ran for 0. secs (0.u,0.s) (failure after 1 backtracking)
Tactic call case-clear-intros-or-regression-linear ran for 0. secs (0.u,0.s) (failure after 1 backtracking)
Params: n= 150
Tactic call lazy-regression-linear ran for 1.44 secs (1.432u,0.008s) (success)
Tactic call intros-regression-linear ran for 10.532 secs (10.532u,0.s) (success)
Tactic call destruct-and-regression-linear ran for 0.816 secs (0.816u,0.s) (success)
Tactic call destruct-and-regression-linear ran for 0. secs (0.u,0.s) (failure after 1 backtracking)
Tactic call case-and-regression-linear ran for 0.137 secs (0.137u,0.s) (success)
Tactic call case-clear-intros-and-regression-linear ran for 0.137 secs (0.137u,0.s) (success)
Tactic call case-and-regression-linear ran for 0. secs (0.u,0.s) (failure after 1 backtracking)
Tactic call case-clear-intros-and-regression-linear ran for 0. secs (0.u,0.s) (failure after 1 backtracking)
Tactic call destruct-or-regression-linear ran for 0.779 secs (0.779u,0.s) (success)
Tactic call destruct-or-regression-linear ran for 0. secs (0.u,0.s) (failure after 1 backtracking)
Tactic call case-or-regression-linear ran for 0.139 secs (0.139u,0.s) (success)
Tactic call case-clear-intros-or-regression-linear ran for 0.139 secs (0.139u,0.s) (success)
Tactic call case-or-regression-linear ran for 0. secs (0.u,0.s) (failure after 1 backtracking)
Tactic call case-clear-intros-or-regression-linear ran for 0. secs (0.u,0.s) (failure after 1 backtracking)
Params: n= 200
Tactic call lazy-regression-linear ran for 2.174 secs (2.149u,0.023s) (success)
Tactic call intros-regression-linear ran for 19.818 secs (19.818u,0.s) (success)
Tactic call destruct-and-regression-linear ran for 1.073 secs (1.073u,0.s) (success)
Tactic call destruct-and-regression-linear ran for 0. secs (0.u,0.s) (failure after 1 backtracking)
Tactic call case-and-regression-linear ran for 0.193 secs (0.193u,0.s) (success)
Tactic call case-clear-intros-and-regression-linear ran for 0.193 secs (0.193u,0.s) (success)
Tactic call case-and-regression-linear ran for 0. secs (0.u,0.s) (failure after 1 backtracking)
Tactic call case-clear-intros-and-regression-linear ran for 0. secs (0.u,0.s) (failure after 1 backtracking)
Tactic call destruct-or-regression-linear ran for 1.056 secs (1.052u,0.004s) (success)
Tactic call destruct-or-regression-linear ran for 0. secs (0.u,0.s) (failure after 1 backtracking)
Tactic call case-or-regression-linear ran for 0.189 secs (0.189u,0.s) (success)
Tactic call case-clear-intros-or-regression-linear ran for 0.19 secs (0.19u,0.s) (success)
Tactic call case-or-regression-linear ran for 0. secs (0.u,0.s) (failure after 1 backtracking)
Tactic call case-clear-intros-or-regression-linear ran for 0. secs (0.u,0.s) (failure after 1 backtracking)
