Params: n= 2
native_compute: Conversion to native code done in 0.00032
native_compute: Compilation done in 0.10548
native_compute: Evaluation done in 0.00105
native_compute: Reification done in 0.00005
Tactic call native_compute(1)-regression-quadratic ran for 0.107 secs (0.u,0.004s) (success)
native_compute: Conversion to native code done in 0.00030
native_compute: Compilation done in 0.09709
native_compute: Evaluation done in 0.00104
native_compute: Reification done in 0.00008
Tactic call native_compute(2)-regression-quadratic ran for 0.098 secs (0.001u,0.003s) (success)
Params: n= 3
native_compute: Conversion to native code done in 0.00030
native_compute: Compilation done in 0.09657
native_compute: Evaluation done in 0.00116
native_compute: Reification done in 0.00006
Tactic call native_compute(1)-regression-quadratic ran for 0.098 secs (0.u,0.004s) (success)
native_compute: Conversion to native code done in 0.00032
native_compute: Compilation done in 0.09723
native_compute: Evaluation done in 0.00105
native_compute: Reification done in 0.00006
Tactic call native_compute(2)-regression-quadratic ran for 0.098 secs (0.004u,0.s) (success)
Params: n= 4
native_compute: Conversion to native code done in 0.00029
native_compute: Compilation done in 0.09311
native_compute: Evaluation done in 0.00100
native_compute: Reification done in 0.00005
Tactic call native_compute(1)-regression-quadratic ran for 0.094 secs (0.004u,0.s) (success)
native_compute: Conversion to native code done in 0.00030
native_compute: Compilation done in 0.08508
native_compute: Evaluation done in 0.00108
native_compute: Reification done in 0.00006
Tactic call native_compute(2)-regression-quadratic ran for 0.086 secs (0.u,0.003s) (success)
Params: n= 5
native_compute: Conversion to native code done in 0.00031
native_compute: Compilation done in 0.09152
native_compute: Evaluation done in 0.00105
native_compute: Reification done in 0.00006
Tactic call native_compute(1)-regression-quadratic ran for 0.093 secs (0.u,0.004s) (success)
native_compute: Conversion to native code done in 0.00031
native_compute: Compilation done in 0.09408
native_compute: Evaluation done in 0.00097
native_compute: Reification done in 0.00005
Tactic call native_compute(2)-regression-quadratic ran for 0.095 secs (0.004u,0.s) (success)
Params: n= 6
native_compute: Conversion to native code done in 0.00030
native_compute: Compilation done in 0.08795
native_compute: Evaluation done in 0.00104
native_compute: Reification done in 0.00007
Tactic call native_compute(1)-regression-quadratic ran for 0.089 secs (0.001u,0.003s) (success)
native_compute: Conversion to native code done in 0.00030
native_compute: Compilation done in 0.08426
native_compute: Evaluation done in 0.00101
native_compute: Reification done in 0.00006
Tactic call native_compute(2)-regression-quadratic ran for 0.085 secs (0.u,0.004s) (success)
Params: n= 7
native_compute: Conversion to native code done in 0.00033
native_compute: Compilation done in 0.09322
native_compute: Evaluation done in 0.00115
native_compute: Reification done in 0.00007
Tactic call native_compute(1)-regression-quadratic ran for 0.094 secs (0.004u,0.s) (success)
native_compute: Conversion to native code done in 0.00032
native_compute: Compilation done in 0.08948
native_compute: Evaluation done in 0.00108
native_compute: Reification done in 0.00007
Tactic call native_compute(2)-regression-quadratic ran for 0.091 secs (0.004u,0.s) (success)
Params: n= 8
native_compute: Conversion to native code done in 0.00029
native_compute: Compilation done in 0.09345
native_compute: Evaluation done in 0.00106
native_compute: Reification done in 0.00008
Tactic call native_compute(1)-regression-quadratic ran for 0.095 secs (0.004u,0.s) (success)
native_compute: Conversion to native code done in 0.00028
native_compute: Compilation done in 0.09025
native_compute: Evaluation done in 0.00099
native_compute: Reification done in 0.00006
Tactic call native_compute(2)-regression-quadratic ran for 0.091 secs (0.u,0.004s) (success)
Params: n= 9
native_compute: Conversion to native code done in 0.00031
native_compute: Compilation done in 0.09911
native_compute: Evaluation done in 0.00100
native_compute: Reification done in 0.00006
Tactic call native_compute(1)-regression-quadratic ran for 0.1 secs (0.001u,0.003s) (success)
native_compute: Conversion to native code done in 0.00030
native_compute: Compilation done in 0.08872
native_compute: Evaluation done in 0.00097
native_compute: Reification done in 0.00006
Tactic call native_compute(2)-regression-quadratic ran for 0.09 secs (0.003u,0.s) (success)
Params: n= 10
native_compute: Conversion to native code done in 0.00026
native_compute: Compilation done in 0.08741
native_compute: Evaluation done in 0.00106
native_compute: Reification done in 0.00008
Tactic call native_compute(1)-regression-quadratic ran for 0.088 secs (0.004u,0.s) (success)
native_compute: Conversion to native code done in 0.00028
native_compute: Compilation done in 0.09162
native_compute: Evaluation done in 0.00101
native_compute: Reification done in 0.00007
Tactic call native_compute(2)-regression-quadratic ran for 0.093 secs (0.004u,0.s) (success)
