Params: n= 4
Tactic call rewrite!-regression-quadratic ran for 0. secs (0.u,0.s) (success)
Tactic call rewrite?-noop-regression-linear ran for 0. secs (0.u,0.s) (success)
Tactic call abstract+rewrite!-regression-quadratic ran for 0.001 secs (0.001u,0.s) (success)
Tactic call close-abstract+rewrite!-regression-quadratic ran for 0. secs (0.u,0.s)
Params: n= 5
Tactic call rewrite!-regression-quadratic ran for 0. secs (0.u,0.s) (success)
Tactic call rewrite?-noop-regression-linear ran for 0. secs (0.u,0.s) (success)
Tactic call abstract+rewrite!-regression-quadratic ran for 0.001 secs (0.001u,0.s) (success)
Tactic call close-abstract+rewrite!-regression-quadratic ran for 0. secs (0.u,0.s)
Params: n= 6
Tactic call rewrite!-regression-quadratic ran for 0. secs (0.u,0.s) (success)
Tactic call rewrite?-noop-regression-linear ran for 0. secs (0.u,0.s) (success)
Tactic call abstract+rewrite!-regression-quadratic ran for 0.001 secs (0.001u,0.s) (success)
Tactic call close-abstract+rewrite!-regression-quadratic ran for 0. secs (0.u,0.s)
Params: n= 7
Tactic call rewrite!-regression-quadratic ran for 0.001 secs (0.u,0.001s) (success)
Tactic call rewrite?-noop-regression-linear ran for 0. secs (0.u,0.s) (success)
Tactic call abstract+rewrite!-regression-quadratic ran for 0.002 secs (0.u,0.002s) (success)
Tactic call close-abstract+rewrite!-regression-quadratic ran for 0. secs (0.u,0.s)
Params: n= 8
Tactic call rewrite!-regression-quadratic ran for 0.001 secs (0.u,0.001s) (success)
Tactic call rewrite?-noop-regression-linear ran for 0. secs (0.u,0.s) (success)
Tactic call abstract+rewrite!-regression-quadratic ran for 0.002 secs (0.u,0.001s) (success)
Tactic call close-abstract+rewrite!-regression-quadratic ran for 0. secs (0.u,0.s)
Params: n= 9
Tactic call rewrite!-regression-quadratic ran for 0.001 secs (0.001u,0.s) (success)
Tactic call rewrite?-noop-regression-linear ran for 0. secs (0.u,0.s) (success)
Tactic call abstract+rewrite!-regression-quadratic ran for 0.002 secs (0.002u,0.s) (success)
Tactic call close-abstract+rewrite!-regression-quadratic ran for 0. secs (0.u,0.s)
Params: n= 10
Tactic call rewrite!-regression-quadratic ran for 0.002 secs (0.002u,0.s) (success)
Tactic call rewrite?-noop-regression-linear ran for 0. secs (0.u,0.s) (success)
Tactic call abstract+rewrite!-regression-quadratic ran for 0.003 secs (0.003u,0.s) (success)
Tactic call close-abstract+rewrite!-regression-quadratic ran for 0. secs (0.u,0.s)
Params: n= 11
Tactic call rewrite!-regression-quadratic ran for 0.044 secs (0.041u,0.003s) (success)
Tactic call rewrite?-noop-regression-linear ran for 0. secs (0.u,0.s) (success)
Tactic call abstract+rewrite!-regression-quadratic ran for 0.045 secs (0.042u,0.003s) (success)
Tactic call close-abstract+rewrite!-regression-quadratic ran for 0. secs (0.u,0.s)
Params: n= 12
Tactic call rewrite!-regression-quadratic ran for 0.002 secs (0.001u,0.s) (success)
Tactic call rewrite?-noop-regression-linear ran for 0. secs (0.u,0.s) (success)
Tactic call abstract+rewrite!-regression-quadratic ran for 0.003 secs (0.002u,0.s) (success)
Tactic call close-abstract+rewrite!-regression-quadratic ran for 0. secs (0.u,0.s)
Params: n= 13
Tactic call rewrite!-regression-quadratic ran for 0.002 secs (0.002u,0.s) (success)
Tactic call rewrite?-noop-regression-linear ran for 0. secs (0.u,0.s) (success)
Tactic call abstract+rewrite!-regression-quadratic ran for 0.003 secs (0.003u,0.s) (success)
Tactic call close-abstract+rewrite!-regression-quadratic ran for 0.001 secs (0.001u,0.s)
Params: n= 14
Tactic call rewrite!-regression-quadratic ran for 0.002 secs (0.002u,0.s) (success)
Tactic call rewrite?-noop-regression-linear ran for 0. secs (0.u,0.s) (success)
Tactic call abstract+rewrite!-regression-quadratic ran for 0.004 secs (0.004u,0.s) (success)
Tactic call close-abstract+rewrite!-regression-quadratic ran for 0.001 secs (0.001u,0.s)
Params: n= 15
Tactic call rewrite!-regression-quadratic ran for 0.002 secs (0.002u,0.s) (success)
Tactic call rewrite?-noop-regression-linear ran for 0. secs (0.u,0.s) (success)
Tactic call abstract+rewrite!-regression-quadratic ran for 0.004 secs (0.004u,0.s) (success)
Tactic call close-abstract+rewrite!-regression-quadratic ran for 0.001 secs (0.001u,0.s)
Params: n= 16
Tactic call rewrite!-regression-quadratic ran for 0.003 secs (0.003u,0.s) (success)
Tactic call rewrite?-noop-regression-linear ran for 0. secs (0.u,0.s) (success)
Tactic call abstract+rewrite!-regression-quadratic ran for 0.005 secs (0.005u,0.s) (success)
Tactic call close-abstract+rewrite!-regression-quadratic ran for 0.001 secs (0.001u,0.s)
Params: n= 17
Tactic call rewrite!-regression-quadratic ran for 0.003 secs (0.003u,0.s) (success)
Tactic call rewrite?-noop-regression-linear ran for 0. secs (0.u,0.s) (success)
Tactic call abstract+rewrite!-regression-quadratic ran for 0.005 secs (0.005u,0.s) (success)
Tactic call close-abstract+rewrite!-regression-quadratic ran for 0.001 secs (0.001u,0.s)
Params: n= 18
Tactic call rewrite!-regression-quadratic ran for 0.003 secs (0.003u,0.s) (success)
Tactic call rewrite?-noop-regression-linear ran for 0. secs (0.u,0.s) (success)
Tactic call abstract+rewrite!-regression-quadratic ran for 0.005 secs (0.005u,0.s) (success)
Tactic call close-abstract+rewrite!-regression-quadratic ran for 0.001 secs (0.001u,0.s)
Params: n= 19
Tactic call rewrite!-regression-quadratic ran for 0.005 secs (0.005u,0.s) (success)
Tactic call rewrite?-noop-regression-linear ran for 0. secs (0.u,0.s) (success)
Tactic call abstract+rewrite!-regression-quadratic ran for 0.008 secs (0.008u,0.s) (success)
Tactic call close-abstract+rewrite!-regression-quadratic ran for 0.002 secs (0.002u,0.s)
Params: n= 20
Tactic call rewrite!-regression-quadratic ran for 0.004 secs (0.004u,0.s) (success)
Tactic call rewrite?-noop-regression-linear ran for 0. secs (0.u,0.s) (success)
Tactic call abstract+rewrite!-regression-quadratic ran for 0.007 secs (0.007u,0.s) (success)
Tactic call close-abstract+rewrite!-regression-quadratic ran for 0.002 secs (0.002u,0.s)
Params: n= 21
Tactic call rewrite!-regression-quadratic ran for 0.004 secs (0.004u,0.s) (success)
Tactic call rewrite?-noop-regression-linear ran for 0. secs (0.u,0.s) (success)
Tactic call abstract+rewrite!-regression-quadratic ran for 0.007 secs (0.007u,0.s) (success)
Tactic call close-abstract+rewrite!-regression-quadratic ran for 0.002 secs (0.002u,0.s)
Params: n= 22
Tactic call rewrite!-regression-quadratic ran for 0.004 secs (0.004u,0.s) (success)
Tactic call rewrite?-noop-regression-linear ran for 0. secs (0.u,0.s) (success)
Tactic call abstract+rewrite!-regression-quadratic ran for 0.008 secs (0.008u,0.s) (success)
Tactic call close-abstract+rewrite!-regression-quadratic ran for 0.002 secs (0.002u,0.s)
Params: n= 23
Tactic call rewrite!-regression-quadratic ran for 0.005 secs (0.005u,0.s) (success)
Tactic call rewrite?-noop-regression-linear ran for 0. secs (0.u,0.s) (success)
Tactic call abstract+rewrite!-regression-quadratic ran for 0.008 secs (0.008u,0.s) (success)
Tactic call close-abstract+rewrite!-regression-quadratic ran for 0.002 secs (0.002u,0.s)
Params: n= 24
Tactic call rewrite!-regression-quadratic ran for 0.007 secs (0.007u,0.s) (success)
Tactic call rewrite?-noop-regression-linear ran for 0. secs (0.u,0.s) (success)
Tactic call abstract+rewrite!-regression-quadratic ran for 0.011 secs (0.011u,0.s) (success)
Tactic call close-abstract+rewrite!-regression-quadratic ran for 0.003 secs (0.003u,0.s)
Params: n= 25
Tactic call rewrite!-regression-quadratic ran for 0.006 secs (0.006u,0.s) (success)
Tactic call rewrite?-noop-regression-linear ran for 0. secs (0.u,0.s) (success)
Tactic call abstract+rewrite!-regression-quadratic ran for 0.01 secs (0.01u,0.s) (success)
Tactic call close-abstract+rewrite!-regression-quadratic ran for 0.003 secs (0.003u,0.s)
Params: n= 26
Tactic call rewrite!-regression-quadratic ran for 0.006 secs (0.006u,0.s) (success)
Tactic call rewrite?-noop-regression-linear ran for 0. secs (0.u,0.s) (success)
Tactic call abstract+rewrite!-regression-quadratic ran for 0.01 secs (0.01u,0.s) (success)
Tactic call close-abstract+rewrite!-regression-quadratic ran for 0.003 secs (0.003u,0.s)
Params: n= 27
Tactic call rewrite!-regression-quadratic ran for 0.008 secs (0.006u,0.002s) (success)
Tactic call rewrite?-noop-regression-linear ran for 0. secs (0.u,0.s) (success)
Tactic call abstract+rewrite!-regression-quadratic ran for 0.013 secs (0.01u,0.003s) (success)
Tactic call close-abstract+rewrite!-regression-quadratic ran for 0.004 secs (0.004u,0.s)
Params: n= 28
Tactic call rewrite!-regression-quadratic ran for 0.007 secs (0.007u,0.s) (success)
Tactic call rewrite?-noop-regression-linear ran for 0. secs (0.u,0.s) (success)
Tactic call abstract+rewrite!-regression-quadratic ran for 0.012 secs (0.012u,0.s) (success)
Tactic call close-abstract+rewrite!-regression-quadratic ran for 0.004 secs (0.004u,0.s)
Params: n= 29
Tactic call rewrite!-regression-quadratic ran for 0.007 secs (0.007u,0.s) (success)
Tactic call rewrite?-noop-regression-linear ran for 0. secs (0.u,0.s) (success)
Tactic call abstract+rewrite!-regression-quadratic ran for 0.012 secs (0.012u,0.s) (success)
Tactic call close-abstract+rewrite!-regression-quadratic ran for 0.004 secs (0.004u,0.s)
Params: n= 30
Tactic call rewrite!-regression-quadratic ran for 0.011 secs (0.011u,0.s) (success)
Tactic call rewrite?-noop-regression-linear ran for 0. secs (0.u,0.s) (success)
Tactic call abstract+rewrite!-regression-quadratic ran for 0.016 secs (0.016u,0.s) (success)
Tactic call close-abstract+rewrite!-regression-quadratic ran for 0.004 secs (0.004u,0.s)
Params: n= 31
Tactic call rewrite!-regression-quadratic ran for 0.008 secs (0.008u,0.s) (success)
Tactic call rewrite?-noop-regression-linear ran for 0. secs (0.u,0.s) (success)
Tactic call abstract+rewrite!-regression-quadratic ran for 0.014 secs (0.014u,0.s) (success)
Tactic call close-abstract+rewrite!-regression-quadratic ran for 0.005 secs (0.005u,0.s)
Params: n= 32
Tactic call rewrite!-regression-quadratic ran for 0.009 secs (0.009u,0.s) (success)
Tactic call rewrite?-noop-regression-linear ran for 0. secs (0.u,0.s) (success)
Tactic call abstract+rewrite!-regression-quadratic ran for 0.016 secs (0.016u,0.s) (success)
Tactic call close-abstract+rewrite!-regression-quadratic ran for 0.006 secs (0.006u,0.s)
Params: n= 33
Tactic call rewrite!-regression-quadratic ran for 0.009 secs (0.009u,0.s) (success)
Tactic call rewrite?-noop-regression-linear ran for 0. secs (0.u,0.s) (success)
Tactic call abstract+rewrite!-regression-quadratic ran for 0.016 secs (0.016u,0.s) (success)
Tactic call close-abstract+rewrite!-regression-quadratic ran for 0.005 secs (0.005u,0.s)
Params: n= 34
Tactic call rewrite!-regression-quadratic ran for 0.01 secs (0.01u,0.s) (success)
Tactic call rewrite?-noop-regression-linear ran for 0. secs (0.u,0.s) (success)
Tactic call abstract+rewrite!-regression-quadratic ran for 0.017 secs (0.017u,0.s) (success)
Tactic call close-abstract+rewrite!-regression-quadratic ran for 0.005 secs (0.005u,0.s)
Params: n= 35
Tactic call rewrite!-regression-quadratic ran for 0.012 secs (0.012u,0.s) (success)
Tactic call rewrite?-noop-regression-linear ran for 0. secs (0.u,0.s) (success)
Tactic call abstract+rewrite!-regression-quadratic ran for 0.019 secs (0.019u,0.s) (success)
Tactic call close-abstract+rewrite!-regression-quadratic ran for 0.006 secs (0.006u,0.s)
Params: n= 36
Tactic call rewrite!-regression-quadratic ran for 0.011 secs (0.011u,0.s) (success)
Tactic call rewrite?-noop-regression-linear ran for 0. secs (0.u,0.s) (success)
Tactic call abstract+rewrite!-regression-quadratic ran for 0.018 secs (0.018u,0.s) (success)
Tactic call close-abstract+rewrite!-regression-quadratic ran for 0.006 secs (0.006u,0.s)
Params: n= 37
Tactic call rewrite!-regression-quadratic ran for 0.011 secs (0.011u,0.s) (success)
Tactic call rewrite?-noop-regression-linear ran for 0. secs (0.u,0.s) (success)
Tactic call abstract+rewrite!-regression-quadratic ran for 0.019 secs (0.019u,0.s) (success)
Tactic call close-abstract+rewrite!-regression-quadratic ran for 0.007 secs (0.007u,0.s)
Params: n= 38
Tactic call rewrite!-regression-quadratic ran for 0.012 secs (0.012u,0.s) (success)
Tactic call rewrite?-noop-regression-linear ran for 0. secs (0.u,0.s) (success)
Tactic call abstract+rewrite!-regression-quadratic ran for 0.021 secs (0.021u,0.s) (success)
Tactic call close-abstract+rewrite!-regression-quadratic ran for 0.008 secs (0.008u,0.s)
Params: n= 39
Tactic call rewrite!-regression-quadratic ran for 0.013 secs (0.013u,0.s) (success)
Tactic call rewrite?-noop-regression-linear ran for 0. secs (0.u,0.s) (success)
Tactic call abstract+rewrite!-regression-quadratic ran for 0.021 secs (0.021u,0.s) (success)
Tactic call close-abstract+rewrite!-regression-quadratic ran for 0.007 secs (0.007u,0.s)
Params: n= 40
Tactic call rewrite!-regression-quadratic ran for 0.014 secs (0.014u,0.s) (success)
Tactic call rewrite?-noop-regression-linear ran for 0. secs (0.u,0.s) (success)
Tactic call abstract+rewrite!-regression-quadratic ran for 0.023 secs (0.023u,0.s) (success)
Tactic call close-abstract+rewrite!-regression-quadratic ran for 0.008 secs (0.008u,0.s)
Params: n= 41
Tactic call rewrite!-regression-quadratic ran for 0.014 secs (0.014u,0.s) (success)
Tactic call rewrite?-noop-regression-linear ran for 0. secs (0.u,0.s) (success)
Tactic call abstract+rewrite!-regression-quadratic ran for 0.025 secs (0.025u,0.s) (success)
Tactic call close-abstract+rewrite!-regression-quadratic ran for 0.01 secs (0.01u,0.s)
Params: n= 42
Tactic call rewrite!-regression-quadratic ran for 0.015 secs (0.015u,0.s) (success)
Tactic call rewrite?-noop-regression-linear ran for 0. secs (0.u,0.s) (success)
Tactic call abstract+rewrite!-regression-quadratic ran for 0.024 secs (0.024u,0.s) (success)
Tactic call close-abstract+rewrite!-regression-quadratic ran for 0.009 secs (0.009u,0.s)
Params: n= 43
Tactic call rewrite!-regression-quadratic ran for 0.016 secs (0.016u,0.s) (success)
Tactic call rewrite?-noop-regression-linear ran for 0. secs (0.u,0.s) (success)
Tactic call abstract+rewrite!-regression-quadratic ran for 0.027 secs (0.027u,0.s) (success)
Tactic call close-abstract+rewrite!-regression-quadratic ran for 0.009 secs (0.009u,0.s)
Params: n= 44
Tactic call rewrite!-regression-quadratic ran for 0.016 secs (0.016u,0.s) (success)
Tactic call rewrite?-noop-regression-linear ran for 0. secs (0.u,0.s) (success)
Tactic call abstract+rewrite!-regression-quadratic ran for 0.03 secs (0.03u,0.s) (success)
Tactic call close-abstract+rewrite!-regression-quadratic ran for 0.012 secs (0.012u,0.s)
Params: n= 45
Tactic call rewrite!-regression-quadratic ran for 0.017 secs (0.017u,0.s) (success)
Tactic call rewrite?-noop-regression-linear ran for 0. secs (0.u,0.s) (success)
Tactic call abstract+rewrite!-regression-quadratic ran for 0.028 secs (0.028u,0.s) (success)
Tactic call close-abstract+rewrite!-regression-quadratic ran for 0.01 secs (0.01u,0.s)
Params: n= 46
Tactic call rewrite!-regression-quadratic ran for 0.017 secs (0.017u,0.s) (success)
Tactic call rewrite?-noop-regression-linear ran for 0. secs (0.u,0.s) (success)
Tactic call abstract+rewrite!-regression-quadratic ran for 0.029 secs (0.029u,0.s) (success)
Tactic call close-abstract+rewrite!-regression-quadratic ran for 0.01 secs (0.01u,0.s)
Params: n= 47
Tactic call rewrite!-regression-quadratic ran for 0.019 secs (0.019u,0.s) (success)
Tactic call rewrite?-noop-regression-linear ran for 0. secs (0.u,0.s) (success)
Tactic call abstract+rewrite!-regression-quadratic ran for 0.031 secs (0.031u,0.s) (success)
Tactic call close-abstract+rewrite!-regression-quadratic ran for 0.011 secs (0.011u,0.s)
Params: n= 48
Tactic call rewrite!-regression-quadratic ran for 0.02 secs (0.02u,0.s) (success)
Tactic call rewrite?-noop-regression-linear ran for 0. secs (0.u,0.s) (success)
Tactic call abstract+rewrite!-regression-quadratic ran for 0.032 secs (0.032u,0.s) (success)
Tactic call close-abstract+rewrite!-regression-quadratic ran for 0.011 secs (0.011u,0.s)
Params: n= 49
Tactic call rewrite!-regression-quadratic ran for 0.021 secs (0.021u,0.s) (success)
Tactic call rewrite?-noop-regression-linear ran for 0. secs (0.u,0.s) (success)
Tactic call abstract+rewrite!-regression-quadratic ran for 0.034 secs (0.034u,0.s) (success)
Tactic call close-abstract+rewrite!-regression-quadratic ran for 0.011 secs (0.011u,0.s)
Params: n= 51
Tactic call rewrite!-regression-quadratic ran for 0.022 secs (0.022u,0.s) (success)
Tactic call rewrite?-noop-regression-linear ran for 0. secs (0.u,0.s) (success)
Tactic call abstract+rewrite!-regression-quadratic ran for 0.036 secs (0.036u,0.s) (success)
Tactic call close-abstract+rewrite!-regression-quadratic ran for 0.012 secs (0.012u,0.s)
Params: n= 52
Tactic call rewrite!-regression-quadratic ran for 0.024 secs (0.024u,0.s) (success)
Tactic call rewrite?-noop-regression-linear ran for 0. secs (0.u,0.s) (success)
Tactic call abstract+rewrite!-regression-quadratic ran for 0.038 secs (0.038u,0.s) (success)
Tactic call close-abstract+rewrite!-regression-quadratic ran for 0.013 secs (0.013u,0.s)
Params: n= 53
Tactic call rewrite!-regression-quadratic ran for 0.024 secs (0.024u,0.s) (success)
Tactic call rewrite?-noop-regression-linear ran for 0. secs (0.u,0.s) (success)
Tactic call abstract+rewrite!-regression-quadratic ran for 0.039 secs (0.039u,0.s) (success)
Tactic call close-abstract+rewrite!-regression-quadratic ran for 0.013 secs (0.013u,0.s)
Params: n= 54
Tactic call rewrite!-regression-quadratic ran for 0.025 secs (0.025u,0.s) (success)
Tactic call rewrite?-noop-regression-linear ran for 0. secs (0.u,0.s) (success)
Tactic call abstract+rewrite!-regression-quadratic ran for 0.041 secs (0.041u,0.s) (success)
Tactic call close-abstract+rewrite!-regression-quadratic ran for 0.014 secs (0.014u,0.s)
Params: n= 55
Tactic call rewrite!-regression-quadratic ran for 0.025 secs (0.025u,0.s) (success)
Tactic call rewrite?-noop-regression-linear ran for 0. secs (0.u,0.s) (success)
Tactic call abstract+rewrite!-regression-quadratic ran for 0.041 secs (0.041u,0.s) (success)
Tactic call close-abstract+rewrite!-regression-quadratic ran for 0.014 secs (0.014u,0.s)
Params: n= 56
Tactic call rewrite!-regression-quadratic ran for 0.027 secs (0.027u,0.s) (success)
Tactic call rewrite?-noop-regression-linear ran for 0. secs (0.u,0.s) (success)
Tactic call abstract+rewrite!-regression-quadratic ran for 0.044 secs (0.044u,0.s) (success)
Tactic call close-abstract+rewrite!-regression-quadratic ran for 0.016 secs (0.016u,0.s)
Params: n= 57
Tactic call rewrite!-regression-quadratic ran for 0.026 secs (0.026u,0.s) (success)
Tactic call rewrite?-noop-regression-linear ran for 0. secs (0.u,0.s) (success)
Tactic call abstract+rewrite!-regression-quadratic ran for 0.045 secs (0.045u,0.s) (success)
Tactic call close-abstract+rewrite!-regression-quadratic ran for 0.017 secs (0.017u,0.s)
Params: n= 58
Tactic call rewrite!-regression-quadratic ran for 0.028 secs (0.028u,0.s) (success)
Tactic call rewrite?-noop-regression-linear ran for 0. secs (0.u,0.s) (success)
Tactic call abstract+rewrite!-regression-quadratic ran for 0.046 secs (0.046u,0.s) (success)
Tactic call close-abstract+rewrite!-regression-quadratic ran for 0.016 secs (0.016u,0.s)
Params: n= 59
Tactic call rewrite!-regression-quadratic ran for 0.03 secs (0.03u,0.s) (success)
Tactic call rewrite?-noop-regression-linear ran for 0. secs (0.u,0.s) (success)
Tactic call abstract+rewrite!-regression-quadratic ran for 0.048 secs (0.048u,0.s) (success)
Tactic call close-abstract+rewrite!-regression-quadratic ran for 0.017 secs (0.017u,0.s)
Params: n= 60
Tactic call rewrite!-regression-quadratic ran for 0.029 secs (0.029u,0.s) (success)
Tactic call rewrite?-noop-regression-linear ran for 0. secs (0.u,0.s) (success)
Tactic call abstract+rewrite!-regression-quadratic ran for 0.048 secs (0.048u,0.s) (success)
Tactic call close-abstract+rewrite!-regression-quadratic ran for 0.018 secs (0.018u,0.s)
Params: n= 61
Tactic call rewrite!-regression-quadratic ran for 0.031 secs (0.031u,0.s) (success)
Tactic call rewrite?-noop-regression-linear ran for 0. secs (0.u,0.s) (success)
Tactic call abstract+rewrite!-regression-quadratic ran for 0.051 secs (0.051u,0.s) (success)
Tactic call close-abstract+rewrite!-regression-quadratic ran for 0.018 secs (0.018u,0.s)
Params: n= 62
Tactic call rewrite!-regression-quadratic ran for 0.033 secs (0.033u,0.s) (success)
Tactic call rewrite?-noop-regression-linear ran for 0. secs (0.u,0.s) (success)
Tactic call abstract+rewrite!-regression-quadratic ran for 0.054 secs (0.054u,0.s) (success)
Tactic call close-abstract+rewrite!-regression-quadratic ran for 0.02 secs (0.02u,0.s)
Params: n= 63
Tactic call rewrite!-regression-quadratic ran for 0.033 secs (0.033u,0.s) (success)
Tactic call rewrite?-noop-regression-linear ran for 0. secs (0.u,0.s) (success)
Tactic call abstract+rewrite!-regression-quadratic ran for 0.054 secs (0.054u,0.s) (success)
Tactic call close-abstract+rewrite!-regression-quadratic ran for 0.019 secs (0.019u,0.s)
Params: n= 64
Tactic call rewrite!-regression-quadratic ran for 0.033 secs (0.033u,0.s) (success)
Tactic call rewrite?-noop-regression-linear ran for 0. secs (0.u,0.s) (success)
Tactic call abstract+rewrite!-regression-quadratic ran for 0.056 secs (0.056u,0.s) (success)
Tactic call close-abstract+rewrite!-regression-quadratic ran for 0.021 secs (0.021u,0.s)
Params: n= 65
Tactic call rewrite!-regression-quadratic ran for 0.035 secs (0.035u,0.s) (success)
Tactic call rewrite?-noop-regression-linear ran for 0. secs (0.u,0.s) (success)
Tactic call abstract+rewrite!-regression-quadratic ran for 0.057 secs (0.057u,0.s) (success)
Tactic call close-abstract+rewrite!-regression-quadratic ran for 0.02 secs (0.02u,0.s)
Params: n= 66
Tactic call rewrite!-regression-quadratic ran for 0.037 secs (0.037u,0.s) (success)
Tactic call rewrite?-noop-regression-linear ran for 0. secs (0.u,0.s) (success)
Tactic call abstract+rewrite!-regression-quadratic ran for 0.061 secs (0.061u,0.s) (success)
Tactic call close-abstract+rewrite!-regression-quadratic ran for 0.022 secs (0.022u,0.s)
Params: n= 67
Tactic call rewrite!-regression-quadratic ran for 0.038 secs (0.038u,0.s) (success)
Tactic call rewrite?-noop-regression-linear ran for 0. secs (0.u,0.s) (success)
Tactic call abstract+rewrite!-regression-quadratic ran for 0.062 secs (0.062u,0.s) (success)
Tactic call close-abstract+rewrite!-regression-quadratic ran for 0.022 secs (0.022u,0.s)
Params: n= 68
Tactic call rewrite!-regression-quadratic ran for 0.039 secs (0.039u,0.s) (success)
Tactic call rewrite?-noop-regression-linear ran for 0. secs (0.u,0.s) (success)
Tactic call abstract+rewrite!-regression-quadratic ran for 0.062 secs (0.062u,0.s) (success)
Tactic call close-abstract+rewrite!-regression-quadratic ran for 0.022 secs (0.022u,0.s)
Params: n= 69
Tactic call rewrite!-regression-quadratic ran for 0.038 secs (0.038u,0.s) (success)
Tactic call rewrite?-noop-regression-linear ran for 0. secs (0.u,0.s) (success)
Tactic call abstract+rewrite!-regression-quadratic ran for 0.063 secs (0.063u,0.s) (success)
Tactic call close-abstract+rewrite!-regression-quadratic ran for 0.023 secs (0.023u,0.s)
Params: n= 70
Tactic call rewrite!-regression-quadratic ran for 0.039 secs (0.039u,0.s) (success)
Tactic call rewrite?-noop-regression-linear ran for 0. secs (0.u,0.s) (success)
Tactic call abstract+rewrite!-regression-quadratic ran for 0.065 secs (0.065u,0.s) (success)
Tactic call close-abstract+rewrite!-regression-quadratic ran for 0.025 secs (0.025u,0.s)
Params: n= 71
Tactic call rewrite!-regression-quadratic ran for 0.04 secs (0.04u,0.s) (success)
Tactic call rewrite?-noop-regression-linear ran for 0. secs (0.u,0.s) (success)
Tactic call abstract+rewrite!-regression-quadratic ran for 0.067 secs (0.067u,0.s) (success)
Tactic call close-abstract+rewrite!-regression-quadratic ran for 0.026 secs (0.026u,0.s)
Params: n= 72
Tactic call rewrite!-regression-quadratic ran for 0.041 secs (0.041u,0.s) (success)
Tactic call rewrite?-noop-regression-linear ran for 0. secs (0.u,0.s) (success)
Tactic call abstract+rewrite!-regression-quadratic ran for 0.07 secs (0.07u,0.s) (success)
Tactic call close-abstract+rewrite!-regression-quadratic ran for 0.027 secs (0.027u,0.s)
Params: n= 73
Tactic call rewrite!-regression-quadratic ran for 0.043 secs (0.043u,0.s) (success)
Tactic call rewrite?-noop-regression-linear ran for 0. secs (0.u,0.s) (success)
Tactic call abstract+rewrite!-regression-quadratic ran for 0.073 secs (0.073u,0.s) (success)
Tactic call close-abstract+rewrite!-regression-quadratic ran for 0.028 secs (0.028u,0.s)
Params: n= 74
Tactic call rewrite!-regression-quadratic ran for 0.044 secs (0.044u,0.s) (success)
Tactic call rewrite?-noop-regression-linear ran for 0. secs (0.u,0.s) (success)
Tactic call abstract+rewrite!-regression-quadratic ran for 0.075 secs (0.075u,0.s) (success)
Tactic call close-abstract+rewrite!-regression-quadratic ran for 0.028 secs (0.028u,0.s)
Params: n= 75
Tactic call rewrite!-regression-quadratic ran for 0.045 secs (0.045u,0.s) (success)
Tactic call rewrite?-noop-regression-linear ran for 0. secs (0.u,0.s) (success)
Tactic call abstract+rewrite!-regression-quadratic ran for 0.076 secs (0.076u,0.s) (success)
Tactic call close-abstract+rewrite!-regression-quadratic ran for 0.029 secs (0.029u,0.s)
Params: n= 76
Tactic call rewrite!-regression-quadratic ran for 0.047 secs (0.047u,0.s) (success)
Tactic call rewrite?-noop-regression-linear ran for 0. secs (0.u,0.s) (success)
Tactic call abstract+rewrite!-regression-quadratic ran for 0.078 secs (0.078u,0.s) (success)
Tactic call close-abstract+rewrite!-regression-quadratic ran for 0.03 secs (0.03u,0.s)
Params: n= 77
Tactic call rewrite!-regression-quadratic ran for 0.049 secs (0.049u,0.s) (success)
Tactic call rewrite?-noop-regression-linear ran for 0. secs (0.u,0.s) (success)
Tactic call abstract+rewrite!-regression-quadratic ran for 0.079 secs (0.079u,0.s) (success)
Tactic call close-abstract+rewrite!-regression-quadratic ran for 0.028 secs (0.028u,0.s)
Params: n= 78
Tactic call rewrite!-regression-quadratic ran for 0.049 secs (0.049u,0.s) (success)
Tactic call rewrite?-noop-regression-linear ran for 0. secs (0.u,0.s) (success)
Tactic call abstract+rewrite!-regression-quadratic ran for 0.081 secs (0.081u,0.s) (success)
Tactic call close-abstract+rewrite!-regression-quadratic ran for 0.03 secs (0.03u,0.s)
Params: n= 79
Tactic call rewrite!-regression-quadratic ran for 0.05 secs (0.05u,0.s) (success)
Tactic call rewrite?-noop-regression-linear ran for 0. secs (0.u,0.s) (success)
Tactic call abstract+rewrite!-regression-quadratic ran for 0.083 secs (0.083u,0.s) (success)
Tactic call close-abstract+rewrite!-regression-quadratic ran for 0.031 secs (0.031u,0.s)
Params: n= 80
Tactic call rewrite!-regression-quadratic ran for 0.053 secs (0.053u,0.s) (success)
Tactic call rewrite?-noop-regression-linear ran for 0. secs (0.u,0.s) (success)
Tactic call abstract+rewrite!-regression-quadratic ran for 0.087 secs (0.087u,0.s) (success)
Tactic call close-abstract+rewrite!-regression-quadratic ran for 0.032 secs (0.032u,0.s)
Params: n= 81
Tactic call rewrite!-regression-quadratic ran for 0.058 secs (0.058u,0.s) (success)
Tactic call rewrite?-noop-regression-linear ran for 0. secs (0.u,0.s) (success)
Tactic call abstract+rewrite!-regression-quadratic ran for 0.095 secs (0.095u,0.s) (success)
Tactic call close-abstract+rewrite!-regression-quadratic ran for 0.035 secs (0.035u,0.s)
Params: n= 82
Tactic call rewrite!-regression-quadratic ran for 0.054 secs (0.054u,0.s) (success)
Tactic call rewrite?-noop-regression-linear ran for 0. secs (0.u,0.s) (success)
Tactic call abstract+rewrite!-regression-quadratic ran for 0.092 secs (0.092u,0.s) (success)
Tactic call close-abstract+rewrite!-regression-quadratic ran for 0.036 secs (0.036u,0.s)
Params: n= 83
Tactic call rewrite!-regression-quadratic ran for 0.056 secs (0.056u,0.s) (success)
Tactic call rewrite?-noop-regression-linear ran for 0. secs (0.u,0.s) (success)
Tactic call abstract+rewrite!-regression-quadratic ran for 0.093 secs (0.093u,0.s) (success)
Tactic call close-abstract+rewrite!-regression-quadratic ran for 0.034 secs (0.034u,0.s)
Params: n= 84
Tactic call rewrite!-regression-quadratic ran for 0.057 secs (0.057u,0.s) (success)
Tactic call rewrite?-noop-regression-linear ran for 0. secs (0.u,0.s) (success)
Tactic call abstract+rewrite!-regression-quadratic ran for 0.094 secs (0.094u,0.s) (success)
Tactic call close-abstract+rewrite!-regression-quadratic ran for 0.036 secs (0.036u,0.s)
Params: n= 85
Tactic call rewrite!-regression-quadratic ran for 0.062 secs (0.062u,0.s) (success)
Tactic call rewrite?-noop-regression-linear ran for 0. secs (0.u,0.s) (success)
Tactic call abstract+rewrite!-regression-quadratic ran for 0.105 secs (0.105u,0.s) (success)
Tactic call close-abstract+rewrite!-regression-quadratic ran for 0.041 secs (0.041u,0.s)
Params: n= 86
Tactic call rewrite!-regression-quadratic ran for 0.061 secs (0.058u,0.003s) (success)
Tactic call rewrite?-noop-regression-linear ran for 0. secs (0.u,0.s) (success)
Tactic call abstract+rewrite!-regression-quadratic ran for 0.1 secs (0.096u,0.003s) (success)
Tactic call close-abstract+rewrite!-regression-quadratic ran for 0.036 secs (0.036u,0.s)
Params: n= 87
Tactic call rewrite!-regression-quadratic ran for 0.064 secs (0.064u,0.s) (success)
Tactic call rewrite?-noop-regression-linear ran for 0. secs (0.u,0.s) (success)
Tactic call abstract+rewrite!-regression-quadratic ran for 0.108 secs (0.108u,0.s) (success)
Tactic call close-abstract+rewrite!-regression-quadratic ran for 0.042 secs (0.042u,0.s)
Params: n= 88
Tactic call rewrite!-regression-quadratic ran for 0.063 secs (0.063u,0.s) (success)
Tactic call rewrite?-noop-regression-linear ran for 0. secs (0.u,0.s) (success)
Tactic call abstract+rewrite!-regression-quadratic ran for 0.105 secs (0.105u,0.s) (success)
Tactic call close-abstract+rewrite!-regression-quadratic ran for 0.04 secs (0.04u,0.s)
Params: n= 89
Tactic call rewrite!-regression-quadratic ran for 0.063 secs (0.063u,0.s) (success)
Tactic call rewrite?-noop-regression-linear ran for 0. secs (0.u,0.s) (success)
Tactic call abstract+rewrite!-regression-quadratic ran for 0.103 secs (0.103u,0.s) (success)
Tactic call close-abstract+rewrite!-regression-quadratic ran for 0.039 secs (0.039u,0.s)
Params: n= 90
Tactic call rewrite!-regression-quadratic ran for 0.069 secs (0.069u,0.s) (success)
Tactic call rewrite?-noop-regression-linear ran for 0. secs (0.u,0.s) (success)
Tactic call abstract+rewrite!-regression-quadratic ran for 0.111 secs (0.111u,0.s) (success)
Tactic call close-abstract+rewrite!-regression-quadratic ran for 0.04 secs (0.04u,0.s)
Params: n= 91
Tactic call rewrite!-regression-quadratic ran for 0.067 secs (0.067u,0.s) (success)
Tactic call rewrite?-noop-regression-linear ran for 0. secs (0.u,0.s) (success)
Tactic call abstract+rewrite!-regression-quadratic ran for 0.108 secs (0.108u,0.s) (success)
Tactic call close-abstract+rewrite!-regression-quadratic ran for 0.04 secs (0.04u,0.s)
Params: n= 92
Tactic call rewrite!-regression-quadratic ran for 0.069 secs (0.069u,0.s) (success)
Tactic call rewrite?-noop-regression-linear ran for 0. secs (0.u,0.s) (success)
Tactic call abstract+rewrite!-regression-quadratic ran for 0.111 secs (0.111u,0.s) (success)
Tactic call close-abstract+rewrite!-regression-quadratic ran for 0.04 secs (0.04u,0.s)
Params: n= 93
Tactic call rewrite!-regression-quadratic ran for 0.07 secs (0.07u,0.s) (success)
Tactic call rewrite?-noop-regression-linear ran for 0. secs (0.u,0.s) (success)
Tactic call abstract+rewrite!-regression-quadratic ran for 0.113 secs (0.113u,0.s) (success)
Tactic call close-abstract+rewrite!-regression-quadratic ran for 0.041 secs (0.041u,0.s)
Params: n= 94
Tactic call rewrite!-regression-quadratic ran for 0.07 secs (0.07u,0.s) (success)
Tactic call rewrite?-noop-regression-linear ran for 0. secs (0.u,0.s) (success)
Tactic call abstract+rewrite!-regression-quadratic ran for 0.115 secs (0.115u,0.s) (success)
Tactic call close-abstract+rewrite!-regression-quadratic ran for 0.042 secs (0.042u,0.s)
Params: n= 95
Tactic call rewrite!-regression-quadratic ran for 0.075 secs (0.075u,0.s) (success)
Tactic call rewrite?-noop-regression-linear ran for 0. secs (0.u,0.s) (success)
Tactic call abstract+rewrite!-regression-quadratic ran for 0.119 secs (0.119u,0.s) (success)
Tactic call close-abstract+rewrite!-regression-quadratic ran for 0.042 secs (0.042u,0.s)
Params: n= 96
Tactic call rewrite!-regression-quadratic ran for 0.072 secs (0.072u,0.s) (success)
Tactic call rewrite?-noop-regression-linear ran for 0.004 secs (0.004u,0.s) (success)
Tactic call abstract+rewrite!-regression-quadratic ran for 0.12 secs (0.12u,0.s) (success)
Tactic call close-abstract+rewrite!-regression-quadratic ran for 0.043 secs (0.043u,0.s)
Params: n= 97
Tactic call rewrite!-regression-quadratic ran for 0.075 secs (0.075u,0.s) (success)
Tactic call rewrite?-noop-regression-linear ran for 0. secs (0.u,0.s) (success)
Tactic call abstract+rewrite!-regression-quadratic ran for 0.122 secs (0.122u,0.s) (success)
Tactic call close-abstract+rewrite!-regression-quadratic ran for 0.045 secs (0.045u,0.s)
Params: n= 98
Tactic call rewrite!-regression-quadratic ran for 0.077 secs (0.077u,0.s) (success)
Tactic call rewrite?-noop-regression-linear ran for 0. secs (0.u,0.s) (success)
Tactic call abstract+rewrite!-regression-quadratic ran for 0.124 secs (0.124u,0.s) (success)
Tactic call close-abstract+rewrite!-regression-quadratic ran for 0.046 secs (0.046u,0.s)
Params: n= 99
Tactic call rewrite!-regression-quadratic ran for 0.079 secs (0.079u,0.s) (success)
Tactic call rewrite?-noop-regression-linear ran for 0. secs (0.u,0.s) (success)
Tactic call abstract+rewrite!-regression-quadratic ran for 0.127 secs (0.127u,0.s) (success)
Tactic call close-abstract+rewrite!-regression-quadratic ran for 0.046 secs (0.046u,0.s)
Params: n= 110
Tactic call rewrite!-regression-quadratic ran for 0.097 secs (0.097u,0.s) (success)
Tactic call rewrite?-noop-regression-linear ran for 0.001 secs (0.001u,0.s) (success)
Tactic call abstract+rewrite!-regression-quadratic ran for 0.157 secs (0.157u,0.s) (success)
Tactic call close-abstract+rewrite!-regression-quadratic ran for 0.057 secs (0.057u,0.s)
Params: n= 120
Tactic call rewrite!-regression-quadratic ran for 0.116 secs (0.112u,0.003s) (success)
Tactic call rewrite?-noop-regression-linear ran for 0.001 secs (0.001u,0.s) (success)
Tactic call abstract+rewrite!-regression-quadratic ran for 0.187 secs (0.183u,0.003s) (success)
Tactic call close-abstract+rewrite!-regression-quadratic ran for 0.068 secs (0.068u,0.s)
Params: n= 130
Tactic call rewrite!-regression-quadratic ran for 0.137 secs (0.137u,0.s) (success)
Tactic call rewrite?-noop-regression-linear ran for 0.001 secs (0.001u,0.s) (success)
Tactic call abstract+rewrite!-regression-quadratic ran for 0.219 secs (0.219u,0.s) (success)
Tactic call close-abstract+rewrite!-regression-quadratic ran for 0.079 secs (0.079u,0.s)
Params: n= 140
Tactic call rewrite!-regression-quadratic ran for 0.162 secs (0.158u,0.003s) (success)
Tactic call rewrite?-noop-regression-linear ran for 0.001 secs (0.001u,0.s) (success)
Tactic call abstract+rewrite!-regression-quadratic ran for 0.266 secs (0.262u,0.003s) (success)
Tactic call close-abstract+rewrite!-regression-quadratic ran for 0.101 secs (0.101u,0.s)
Params: n= 160
Tactic call rewrite!-regression-quadratic ran for 0.228 secs (0.228u,0.s) (success)
Tactic call rewrite?-noop-regression-linear ran for 0.001 secs (0.001u,0.s) (success)
Tactic call abstract+rewrite!-regression-quadratic ran for 0.362 secs (0.362u,0.s) (success)
Tactic call close-abstract+rewrite!-regression-quadratic ran for 0.132 secs (0.132u,0.s)
Params: n= 170
Tactic call rewrite!-regression-quadratic ran for 0.253 secs (0.253u,0.s) (success)
Tactic call rewrite?-noop-regression-linear ran for 0.001 secs (0.001u,0.s) (success)
Tactic call abstract+rewrite!-regression-quadratic ran for 0.407 secs (0.407u,0.s) (success)
Tactic call close-abstract+rewrite!-regression-quadratic ran for 0.151 secs (0.151u,0.s)
Params: n= 180
Tactic call rewrite!-regression-quadratic ran for 0.29 secs (0.29u,0.s) (success)
Tactic call rewrite?-noop-regression-linear ran for 0.003 secs (0.003u,0.s) (success)
Tactic call abstract+rewrite!-regression-quadratic ran for 0.465 secs (0.465u,0.s) (success)
Tactic call close-abstract+rewrite!-regression-quadratic ran for 0.17 secs (0.17u,0.s)
Params: n= 190
Tactic call rewrite!-regression-quadratic ran for 0.308 secs (0.304u,0.003s) (success)
Tactic call rewrite?-noop-regression-linear ran for 0.002 secs (0.002u,0.s) (success)
Tactic call abstract+rewrite!-regression-quadratic ran for 0.479 secs (0.475u,0.003s) (success)
Tactic call close-abstract+rewrite!-regression-quadratic ran for 0.167 secs (0.167u,0.s)
Params: n= 210
Tactic call rewrite!-regression-quadratic ran for 0.389 secs (0.389u,0.s) (success)
Tactic call rewrite?-noop-regression-linear ran for 0.002 secs (0.002u,0.s) (success)
Tactic call abstract+rewrite!-regression-quadratic ran for 0.604 secs (0.604u,0.s) (success)
Tactic call close-abstract+rewrite!-regression-quadratic ran for 0.211 secs (0.211u,0.s)
Params: n= 220
Tactic call rewrite!-regression-quadratic ran for 0.43 secs (0.43u,0.s) (success)
Tactic call rewrite?-noop-regression-linear ran for 0.002 secs (0.002u,0.s) (success)
Tactic call abstract+rewrite!-regression-quadratic ran for 0.657 secs (0.657u,0.s) (success)
Tactic call close-abstract+rewrite!-regression-quadratic ran for 0.223 secs (0.223u,0.s)
Params: n= 230
Tactic call rewrite!-regression-quadratic ran for 0.464 secs (0.464u,0.s) (success)
Tactic call rewrite?-noop-regression-linear ran for 0.002 secs (0.002u,0.s) (success)
Tactic call abstract+rewrite!-regression-quadratic ran for 0.723 secs (0.723u,0.s) (success)
Tactic call close-abstract+rewrite!-regression-quadratic ran for 0.254 secs (0.254u,0.s)
Params: n= 240
Tactic call rewrite!-regression-quadratic ran for 0.542 secs (0.542u,0.s) (success)
Tactic call rewrite?-noop-regression-linear ran for 0.003 secs (0.003u,0.s) (success)
Tactic call abstract+rewrite!-regression-quadratic ran for 0.835 secs (0.835u,0.s) (success)
Tactic call close-abstract+rewrite!-regression-quadratic ran for 0.288 secs (0.288u,0.s)
Params: n= 260
Tactic call rewrite!-regression-quadratic ran for 0.633 secs (0.633u,0.s) (success)
Tactic call rewrite?-noop-regression-linear ran for 0.003 secs (0.003u,0.s) (success)
Tactic call abstract+rewrite!-regression-quadratic ran for 0.967 secs (0.967u,0.s) (success)
Tactic call close-abstract+rewrite!-regression-quadratic ran for 0.33 secs (0.33u,0.s)
Params: n= 270
Tactic call rewrite!-regression-quadratic ran for 0.654 secs (0.654u,0.s) (success)
Tactic call rewrite?-noop-regression-linear ran for 0.003 secs (0.003u,0.s) (success)
Tactic call abstract+rewrite!-regression-quadratic ran for 1. secs (1.u,0.s) (success)
Tactic call close-abstract+rewrite!-regression-quadratic ran for 0.341 secs (0.341u,0.s)
Params: n= 280
Tactic call rewrite!-regression-quadratic ran for 0.716 secs (0.716u,0.s) (success)
Tactic call rewrite?-noop-regression-linear ran for 0.003 secs (0.003u,0.s) (success)
Tactic call abstract+rewrite!-regression-quadratic ran for 1.081 secs (1.081u,0.s) (success)
Tactic call close-abstract+rewrite!-regression-quadratic ran for 0.36 secs (0.36u,0.s)
Params: n= 290
Tactic call rewrite!-regression-quadratic ran for 0.787 secs (0.787u,0.s) (success)
Tactic call rewrite?-noop-regression-linear ran for 0.003 secs (0.003u,0.s) (success)
Tactic call abstract+rewrite!-regression-quadratic ran for 1.216 secs (1.216u,0.s) (success)
Tactic call close-abstract+rewrite!-regression-quadratic ran for 0.424 secs (0.424u,0.s)
Params: n= 310
Tactic call rewrite!-regression-quadratic ran for 0.922 secs (0.922u,0.s) (success)
Tactic call rewrite?-noop-regression-linear ran for 0.004 secs (0.004u,0.s) (success)
Tactic call abstract+rewrite!-regression-quadratic ran for 1.372 secs (1.372u,0.s) (success)
Tactic call close-abstract+rewrite!-regression-quadratic ran for 0.443 secs (0.443u,0.s)
Params: n= 320
Tactic call rewrite!-regression-quadratic ran for 0.95 secs (0.95u,0.s) (success)
Tactic call rewrite?-noop-regression-linear ran for 0.004 secs (0.004u,0.s) (success)
Tactic call abstract+rewrite!-regression-quadratic ran for 1.431 secs (1.431u,0.s) (success)
Tactic call close-abstract+rewrite!-regression-quadratic ran for 0.474 secs (0.474u,0.s)
Params: n= 330
Tactic call rewrite!-regression-quadratic ran for 1.035 secs (1.035u,0.s) (success)
Tactic call rewrite?-noop-regression-linear ran for 0.005 secs (0.005u,0.s) (success)
Tactic call abstract+rewrite!-regression-quadratic ran for 1.564 secs (1.564u,0.s) (success)
Tactic call close-abstract+rewrite!-regression-quadratic ran for 0.522 secs (0.522u,0.s)
Params: n= 340
Tactic call rewrite!-regression-quadratic ran for 1.165 secs (1.165u,0.s) (success)
Tactic call rewrite?-noop-regression-linear ran for 0.004 secs (0.004u,0.s) (success)
Tactic call abstract+rewrite!-regression-quadratic ran for 1.747 secs (1.747u,0.s) (success)
Tactic call close-abstract+rewrite!-regression-quadratic ran for 0.575 secs (0.575u,0.s)
Params: n= 360
Tactic call rewrite!-regression-quadratic ran for 1.272 secs (1.272u,0.s) (success)
Tactic call rewrite?-noop-regression-linear ran for 0.005 secs (0.005u,0.s) (success)
Tactic call abstract+rewrite!-regression-quadratic ran for 1.879 secs (1.879u,0.s) (success)
Tactic call close-abstract+rewrite!-regression-quadratic ran for 0.6 secs (0.6u,0.s)
Params: n= 370
Tactic call rewrite!-regression-quadratic ran for 1.341 secs (1.341u,0.s) (success)
Tactic call rewrite?-noop-regression-linear ran for 0.005 secs (0.005u,0.s) (success)
Tactic call abstract+rewrite!-regression-quadratic ran for 2.036 secs (2.036u,0.s) (success)
Tactic call close-abstract+rewrite!-regression-quadratic ran for 0.688 secs (0.688u,0.s)
Params: n= 380
Tactic call rewrite!-regression-quadratic ran for 1.468 secs (1.468u,0.s) (success)
Tactic call rewrite?-noop-regression-linear ran for 0.005 secs (0.005u,0.s) (success)
Tactic call abstract+rewrite!-regression-quadratic ran for 2.14 secs (2.139u,0.s) (success)
Tactic call close-abstract+rewrite!-regression-quadratic ran for 0.664 secs (0.664u,0.s)
Params: n= 390
Tactic call rewrite!-regression-quadratic ran for 1.508 secs (1.508u,0.s) (success)
Tactic call rewrite?-noop-regression-linear ran for 0.006 secs (0.006u,0.s) (success)
Tactic call abstract+rewrite!-regression-quadratic ran for 2.209 secs (2.209u,0.s) (success)
Tactic call close-abstract+rewrite!-regression-quadratic ran for 0.693 secs (0.693u,0.s)
