Params: 0-nm= 1 , 1-n= 1 , 2-m= 1
native_compute: Conversion to native code done in 0.00020
native_compute: Compilation done in 0.08421
native_compute: Evaluation done in 0.00041
native_compute: Reification done in 0.00005
Tactic call cps+native_compute-regression-quadratic ran for 0.16 secs (0.054u,0.023s) (success)
Params: 0-nm= 2 , 1-n= 1 , 2-m= 2
native_compute: Conversion to native code done in 0.00019
native_compute: Compilation done in 0.08154
native_compute: Evaluation done in 0.00040
native_compute: Reification done in 0.00006
Tactic call cps+native_compute-regression-quadratic ran for 0.082 secs (0.001u,0.s) (success)
Params: 0-nm= 2 , 1-n= 2 , 2-m= 1
native_compute: Conversion to native code done in 0.00019
native_compute: Compilation done in 0.08282
native_compute: Evaluation done in 0.00043
native_compute: Reification done in 0.00006
Tactic call cps+native_compute-regression-quadratic ran for 0.083 secs (0.001u,0.s) (success)
Params: 0-nm= 3 , 1-n= 1 , 2-m= 3
native_compute: Conversion to native code done in 0.00019
native_compute: Compilation done in 0.08189
native_compute: Evaluation done in 0.00044
native_compute: Reification done in 0.00009
Tactic call cps+native_compute-regression-quadratic ran for 0.082 secs (0.u,0.001s) (success)
Params: 0-nm= 3 , 1-n= 3 , 2-m= 1
native_compute: Conversion to native code done in 0.00019
native_compute: Compilation done in 0.08233
native_compute: Evaluation done in 0.00043
native_compute: Reification done in 0.00006
Tactic call cps+native_compute-regression-quadratic ran for 0.083 secs (0.001u,0.s) (success)
Params: 0-nm= 4 , 1-n= 2 , 2-m= 2
native_compute: Conversion to native code done in 0.00037
native_compute: Compilation done in 0.08113
native_compute: Evaluation done in 0.00042
native_compute: Reification done in 0.00006
Tactic call cps+native_compute-regression-quadratic ran for 0.082 secs (0.002u,0.s) (success)
Params: 0-nm= 4 , 1-n= 4 , 2-m= 1
native_compute: Conversion to native code done in 0.00019
native_compute: Compilation done in 0.08047
native_compute: Evaluation done in 0.00039
native_compute: Reification done in 0.00006
Tactic call cps+native_compute-regression-quadratic ran for 0.081 secs (0.001u,0.s) (success)
Params: 0-nm= 4 , 1-n= 1 , 2-m= 4
native_compute: Conversion to native code done in 0.00019
native_compute: Compilation done in 0.08170
native_compute: Evaluation done in 0.00044
native_compute: Reification done in 0.00007
Tactic call cps+native_compute-regression-quadratic ran for 0.082 secs (0.001u,0.s) (success)
