Params: n= 50
Tactic call autorewrite-noop-regression-quadratic ran for 0. secs (0.u,0.s) (success)
Tactic call try-rewrite!-noop-regression-quadratic ran for 0. secs (0.u,0.s) (success)
Tactic call try-rewrite-noop-regression-quadratic ran for 0. secs (0.u,0.s) (success)
Tactic call try-rewrite?-noop-regression-quadratic ran for 0. secs (0.u,0.s) (success)
Tactic call try-ssr-rewrite!-noop-regression-linear ran for 0. secs (0.u,0.s) (success)
Tactic call try-ssr-rewrite-noop-regression-linear ran for 0. secs (0.u,0.s) (success)
Tactic call try-ssr-rewrite?-noop-regression-linear ran for 0. secs (0.u,0.s) (success)
Tactic call try-rewrite!-evar-noop-regression-quadratic ran for 0. secs (0.u,0.s) (success)
Tactic call try-rewrite-evar-noop-regression-quadratic ran for 0. secs (0.u,0.s) (success)
Tactic call try-rewrite?-evar-noop-regression-quadratic ran for 0. secs (0.u,0.s) (success)
Tactic call try-ssr-rewrite!-evar-noop-regression-linear ran for 0. secs (0.u,0.s) (success)
Tactic call try-ssr-rewrite-evar-noop-regression-linear ran for 0. secs (0.u,0.s) (success)
Tactic call try-ssr-rewrite?-evar-noop-regression-linear ran for 0. secs (0.u,0.s) (success)
Params: n= 100
Tactic call autorewrite-noop-regression-quadratic ran for 0.001 secs (0.001u,0.s) (success)
Tactic call try-rewrite!-noop-regression-quadratic ran for 0. secs (0.u,0.s) (success)
Tactic call try-rewrite-noop-regression-quadratic ran for 0. secs (0.u,0.s) (success)
Tactic call try-rewrite?-noop-regression-quadratic ran for 0.001 secs (0.001u,0.s) (success)
Tactic call try-ssr-rewrite!-noop-regression-linear ran for 0. secs (0.u,0.s) (success)
Tactic call try-ssr-rewrite-noop-regression-linear ran for 0. secs (0.u,0.s) (success)
Tactic call try-ssr-rewrite?-noop-regression-linear ran for 0. secs (0.u,0.s) (success)
Tactic call try-rewrite!-evar-noop-regression-quadratic ran for 0.001 secs (0.001u,0.s) (success)
Tactic call try-rewrite-evar-noop-regression-quadratic ran for 0.001 secs (0.001u,0.s) (success)
Tactic call try-rewrite?-evar-noop-regression-quadratic ran for 0.001 secs (0.001u,0.s) (success)
Tactic call try-ssr-rewrite!-evar-noop-regression-linear ran for 0. secs (0.u,0.s) (success)
Tactic call try-ssr-rewrite-evar-noop-regression-linear ran for 0. secs (0.u,0.s) (success)
Tactic call try-ssr-rewrite?-evar-noop-regression-linear ran for 0. secs (0.u,0.s) (success)
Params: n= 150
Tactic call autorewrite-noop-regression-quadratic ran for 0.001 secs (0.001u,0.s) (success)
Tactic call try-rewrite!-noop-regression-quadratic ran for 0.001 secs (0.001u,0.s) (success)
Tactic call try-rewrite-noop-regression-quadratic ran for 0.001 secs (0.001u,0.s) (success)
Tactic call try-rewrite?-noop-regression-quadratic ran for 0.001 secs (0.001u,0.s) (success)
Tactic call try-ssr-rewrite!-noop-regression-linear ran for 0. secs (0.u,0.s) (success)
Tactic call try-ssr-rewrite-noop-regression-linear ran for 0. secs (0.u,0.s) (success)
Tactic call try-ssr-rewrite?-noop-regression-linear ran for 0. secs (0.u,0.s) (success)
Tactic call try-rewrite!-evar-noop-regression-quadratic ran for 0.002 secs (0.002u,0.s) (success)
Tactic call try-rewrite-evar-noop-regression-quadratic ran for 0.002 secs (0.u,0.002s) (success)
Tactic call try-rewrite?-evar-noop-regression-quadratic ran for 0.002 secs (0.001u,0.s) (success)
Tactic call try-ssr-rewrite!-evar-noop-regression-linear ran for 0. secs (0.u,0.s) (success)
Tactic call try-ssr-rewrite-evar-noop-regression-linear ran for 0. secs (0.u,0.s) (success)
Tactic call try-ssr-rewrite?-evar-noop-regression-linear ran for 0. secs (0.u,0.s) (success)
Params: n= 200
Tactic call autorewrite-noop-regression-quadratic ran for 0.044 secs (0.028u,0.016s) (success)
Tactic call try-rewrite!-noop-regression-quadratic ran for 0.001 secs (0.001u,0.s) (success)
Tactic call try-rewrite-noop-regression-quadratic ran for 0.001 secs (0.001u,0.s) (success)
Tactic call try-rewrite?-noop-regression-quadratic ran for 0.001 secs (0.001u,0.s) (success)
Tactic call try-ssr-rewrite!-noop-regression-linear ran for 0. secs (0.u,0.s) (success)
Tactic call try-ssr-rewrite-noop-regression-linear ran for 0. secs (0.u,0.s) (success)
Tactic call try-ssr-rewrite?-noop-regression-linear ran for 0. secs (0.u,0.s) (success)
Tactic call try-rewrite!-evar-noop-regression-quadratic ran for 0.002 secs (0.002u,0.s) (success)
Tactic call try-rewrite-evar-noop-regression-quadratic ran for 0.002 secs (0.002u,0.s) (success)
Tactic call try-rewrite?-evar-noop-regression-quadratic ran for 0.002 secs (0.002u,0.s) (success)
Tactic call try-ssr-rewrite!-evar-noop-regression-linear ran for 0. secs (0.u,0.s) (success)
Tactic call try-ssr-rewrite-evar-noop-regression-linear ran for 0. secs (0.u,0.s) (success)
Tactic call try-ssr-rewrite?-evar-noop-regression-linear ran for 0. secs (0.u,0.s) (success)
Params: n= 250
Tactic call autorewrite-noop-regression-quadratic ran for 0.001 secs (0.001u,0.s) (success)
Tactic call try-rewrite!-noop-regression-quadratic ran for 0.001 secs (0.001u,0.s) (success)
Tactic call try-rewrite-noop-regression-quadratic ran for 0.001 secs (0.001u,0.s) (success)
Tactic call try-rewrite?-noop-regression-quadratic ran for 0.001 secs (0.001u,0.s) (success)
Tactic call try-ssr-rewrite!-noop-regression-linear ran for 0. secs (0.u,0.s) (success)
Tactic call try-ssr-rewrite-noop-regression-linear ran for 0. secs (0.u,0.s) (success)
Tactic call try-ssr-rewrite?-noop-regression-linear ran for 0. secs (0.u,0.s) (success)
Tactic call try-rewrite!-evar-noop-regression-quadratic ran for 0.003 secs (0.003u,0.s) (success)
Tactic call try-rewrite-evar-noop-regression-quadratic ran for 0.003 secs (0.003u,0.s) (success)
Tactic call try-rewrite?-evar-noop-regression-quadratic ran for 0.003 secs (0.003u,0.s) (success)
Tactic call try-ssr-rewrite!-evar-noop-regression-linear ran for 0. secs (0.u,0.s) (success)
Tactic call try-ssr-rewrite-evar-noop-regression-linear ran for 0. secs (0.u,0.s) (success)
Tactic call try-ssr-rewrite?-evar-noop-regression-linear ran for 0. secs (0.u,0.s) (success)
Params: n= 300
Tactic call autorewrite-noop-regression-quadratic ran for 0.001 secs (0.001u,0.s) (success)
Tactic call try-rewrite!-noop-regression-quadratic ran for 0.014 secs (0.014u,0.s) (success)
Tactic call try-rewrite-noop-regression-quadratic ran for 0.001 secs (0.001u,0.s) (success)
Tactic call try-rewrite?-noop-regression-quadratic ran for 0.001 secs (0.001u,0.s) (success)
Tactic call try-ssr-rewrite!-noop-regression-linear ran for 0. secs (0.u,0.s) (success)
Tactic call try-ssr-rewrite-noop-regression-linear ran for 0. secs (0.u,0.s) (success)
Tactic call try-ssr-rewrite?-noop-regression-linear ran for 0. secs (0.u,0.s) (success)
Tactic call try-rewrite!-evar-noop-regression-quadratic ran for 0.004 secs (0.004u,0.s) (success)
Tactic call try-rewrite-evar-noop-regression-quadratic ran for 0.004 secs (0.004u,0.s) (success)
Tactic call try-rewrite?-evar-noop-regression-quadratic ran for 0.004 secs (0.004u,0.s) (success)
Tactic call try-ssr-rewrite!-evar-noop-regression-linear ran for 0. secs (0.u,0.s) (success)
Tactic call try-ssr-rewrite-evar-noop-regression-linear ran for 0. secs (0.u,0.s) (success)
Tactic call try-ssr-rewrite?-evar-noop-regression-linear ran for 0. secs (0.u,0.s) (success)
Params: n= 350
Tactic call autorewrite-noop-regression-quadratic ran for 0.002 secs (0.002u,0.s) (success)
Tactic call try-rewrite!-noop-regression-quadratic ran for 0.002 secs (0.002u,0.s) (success)
Tactic call try-rewrite-noop-regression-quadratic ran for 0.002 secs (0.002u,0.s) (success)
Tactic call try-rewrite?-noop-regression-quadratic ran for 0.002 secs (0.002u,0.s) (success)
Tactic call try-ssr-rewrite!-noop-regression-linear ran for 0. secs (0.u,0.s) (success)
Tactic call try-ssr-rewrite-noop-regression-linear ran for 0. secs (0.u,0.s) (success)
Tactic call try-ssr-rewrite?-noop-regression-linear ran for 0. secs (0.u,0.s) (success)
Tactic call try-rewrite!-evar-noop-regression-quadratic ran for 0.005 secs (0.005u,0.s) (success)
Tactic call try-rewrite-evar-noop-regression-quadratic ran for 0.006 secs (0.006u,0.s) (success)
Tactic call try-rewrite?-evar-noop-regression-quadratic ran for 0.005 secs (0.005u,0.s) (success)
Tactic call try-ssr-rewrite!-evar-noop-regression-linear ran for 0. secs (0.u,0.s) (success)
Tactic call try-ssr-rewrite-evar-noop-regression-linear ran for 0. secs (0.u,0.s) (success)
Tactic call try-ssr-rewrite?-evar-noop-regression-linear ran for 0. secs (0.u,0.s) (success)
Params: n= 400
Tactic call autorewrite-noop-regression-quadratic ran for 0.002 secs (0.002u,0.s) (success)
Tactic call try-rewrite!-noop-regression-quadratic ran for 0.002 secs (0.002u,0.s) (success)
Tactic call try-rewrite-noop-regression-quadratic ran for 0.002 secs (0.002u,0.s) (success)
Tactic call try-rewrite?-noop-regression-quadratic ran for 0.002 secs (0.002u,0.s) (success)
Tactic call try-ssr-rewrite!-noop-regression-linear ran for 0. secs (0.u,0.s) (success)
Tactic call try-ssr-rewrite-noop-regression-linear ran for 0. secs (0.u,0.s) (success)
Tactic call try-ssr-rewrite?-noop-regression-linear ran for 0. secs (0.u,0.s) (success)
Tactic call try-rewrite!-evar-noop-regression-quadratic ran for 0.007 secs (0.007u,0.s) (success)
Tactic call try-rewrite-evar-noop-regression-quadratic ran for 0.007 secs (0.007u,0.s) (success)
Tactic call try-rewrite?-evar-noop-regression-quadratic ran for 0.007 secs (0.007u,0.s) (success)
Tactic call try-ssr-rewrite!-evar-noop-regression-linear ran for 0. secs (0.u,0.s) (success)
Tactic call try-ssr-rewrite-evar-noop-regression-linear ran for 0. secs (0.u,0.s) (success)
Tactic call try-ssr-rewrite?-evar-noop-regression-linear ran for 0. secs (0.u,0.s) (success)
