Params: n= 4
Tactic call zify-big-context-regression-quadratic ran for 0. secs (0.u,0.s) (success)
Params: n= 5
Tactic call zify-big-context-regression-quadratic ran for 0. secs (0.u,0.s) (success)
Params: n= 6
Tactic call zify-big-context-regression-quadratic ran for 0. secs (0.u,0.s) (success)
Params: n= 7
Tactic call zify-big-context-regression-quadratic ran for 0. secs (0.u,0.s) (success)
Params: n= 8
Tactic call zify-big-context-regression-quadratic ran for 0. secs (0.u,0.s) (success)
Params: n= 9
Tactic call zify-big-context-regression-quadratic ran for 0. secs (0.u,0.s) (success)
Params: n= 10
Tactic call zify-big-context-regression-quadratic ran for 0. secs (0.u,0.s) (success)
Params: n= 11
Tactic call zify-big-context-regression-quadratic ran for 0.001 secs (0.001u,0.s) (success)
Params: n= 12
Tactic call zify-big-context-regression-quadratic ran for 0.001 secs (0.001u,0.s) (success)
Params: n= 13
Tactic call zify-big-context-regression-quadratic ran for 0.001 secs (0.u,0.001s) (success)
Params: n= 14
Tactic call zify-big-context-regression-quadratic ran for 0.001 secs (0.u,0.001s) (success)
Params: n= 15
Tactic call zify-big-context-regression-quadratic ran for 0.001 secs (0.001u,0.s) (success)
Params: n= 16
Tactic call zify-big-context-regression-quadratic ran for 0.001 secs (0.001u,0.s) (success)
Params: n= 17
Tactic call zify-big-context-regression-quadratic ran for 0.001 secs (0.001u,0.s) (success)
Params: n= 18
Tactic call zify-big-context-regression-quadratic ran for 0.002 secs (0.u,0.002s) (success)
Params: n= 19
Tactic call zify-big-context-regression-quadratic ran for 0.002 secs (0.u,0.002s) (success)
Params: n= 20
Tactic call zify-big-context-regression-quadratic ran for 0.002 secs (0.001u,0.s) (success)
Params: n= 21
Tactic call zify-big-context-regression-quadratic ran for 0.002 secs (0.001u,0.s) (success)
Params: n= 22
Tactic call zify-big-context-regression-quadratic ran for 0.036 secs (0.033u,0.003s) (success)
Params: n= 23
Tactic call zify-big-context-regression-quadratic ran for 0.002 secs (0.001u,0.s) (success)
Params: n= 24
Tactic call zify-big-context-regression-quadratic ran for 0.002 secs (0.002u,0.s) (success)
Params: n= 25
Tactic call zify-big-context-regression-quadratic ran for 0.002 secs (0.002u,0.s) (success)
Params: n= 26
Tactic call zify-big-context-regression-quadratic ran for 0.002 secs (0.002u,0.s) (success)
Params: n= 27
Tactic call zify-big-context-regression-quadratic ran for 0.002 secs (0.002u,0.s) (success)
Params: n= 28
Tactic call zify-big-context-regression-quadratic ran for 0.002 secs (0.002u,0.s) (success)
Params: n= 29
Tactic call zify-big-context-regression-quadratic ran for 0.017 secs (0.017u,0.s) (success)
Params: n= 30
Tactic call zify-big-context-regression-quadratic ran for 0.003 secs (0.003u,0.s) (success)
Params: n= 31
Tactic call zify-big-context-regression-quadratic ran for 0.003 secs (0.003u,0.s) (success)
Params: n= 32
Tactic call zify-big-context-regression-quadratic ran for 0.003 secs (0.003u,0.s) (success)
Params: n= 33
Tactic call zify-big-context-regression-quadratic ran for 0.003 secs (0.003u,0.s) (success)
Params: n= 34
Tactic call zify-big-context-regression-quadratic ran for 0.004 secs (0.004u,0.s) (success)
Params: n= 35
Tactic call zify-big-context-regression-quadratic ran for 0.005 secs (0.005u,0.s) (success)
Params: n= 36
Tactic call zify-big-context-regression-quadratic ran for 0.004 secs (0.004u,0.s) (success)
Params: n= 37
Tactic call zify-big-context-regression-quadratic ran for 0.004 secs (0.004u,0.s) (success)
Params: n= 38
Tactic call zify-big-context-regression-quadratic ran for 0.005 secs (0.005u,0.s) (success)
Params: n= 39
Tactic call zify-big-context-regression-quadratic ran for 0.005 secs (0.005u,0.s) (success)
Params: n= 40
Tactic call zify-big-context-regression-quadratic ran for 0.005 secs (0.005u,0.s) (success)
Params: n= 41
Tactic call zify-big-context-regression-quadratic ran for 0.005 secs (0.005u,0.s) (success)
Params: n= 42
Tactic call zify-big-context-regression-quadratic ran for 0.007 secs (0.007u,0.s) (success)
Params: n= 43
Tactic call zify-big-context-regression-quadratic ran for 0.006 secs (0.006u,0.s) (success)
Params: n= 44
Tactic call zify-big-context-regression-quadratic ran for 0.006 secs (0.006u,0.s) (success)
Params: n= 45
Tactic call zify-big-context-regression-quadratic ran for 0.006 secs (0.006u,0.s) (success)
