Params: n= 4
Tactic call refine-regression-quadratic-regression-linear ran for 0. secs (0.u,0.s) (success)
Tactic call pose-build-and-refine-regression-cubic ran for 0. secs (0.u,0.s) (success)
Tactic call fast_rewrite-regression-cubic ran for 0. secs (0.u,0.s) (success)
Tactic call abstract-regression-cubic ran for 0. secs (0.u,0.s) (success)
Tactic call close-abstract-regression-cubic ran for 0. secs (0.u,0.s)
Params: n= 5
Tactic call refine-regression-quadratic-regression-linear ran for 0. secs (0.u,0.s) (success)
Tactic call pose-build-and-refine-regression-cubic ran for 0. secs (0.u,0.s) (success)
Tactic call fast_rewrite-regression-cubic ran for 0. secs (0.u,0.s) (success)
Tactic call abstract-regression-cubic ran for 0. secs (0.u,0.s) (success)
Tactic call close-abstract-regression-cubic ran for 0. secs (0.u,0.s)
Params: n= 6
Tactic call refine-regression-quadratic-regression-linear ran for 0. secs (0.u,0.s) (success)
Tactic call pose-build-and-refine-regression-cubic ran for 0. secs (0.u,0.s) (success)
Tactic call fast_rewrite-regression-cubic ran for 0. secs (0.u,0.s) (success)
Tactic call abstract-regression-cubic ran for 0. secs (0.u,0.s) (success)
Tactic call close-abstract-regression-cubic ran for 0. secs (0.u,0.s)
Params: n= 7
Tactic call refine-regression-quadratic-regression-linear ran for 0. secs (0.u,0.s) (success)
Tactic call pose-build-and-refine-regression-cubic ran for 0. secs (0.u,0.s) (success)
Tactic call fast_rewrite-regression-cubic ran for 0. secs (0.u,0.s) (success)
Tactic call abstract-regression-cubic ran for 0. secs (0.u,0.s) (success)
Tactic call close-abstract-regression-cubic ran for 0. secs (0.u,0.s)
Params: n= 8
Tactic call refine-regression-quadratic-regression-linear ran for 0. secs (0.u,0.s) (success)
Tactic call pose-build-and-refine-regression-cubic ran for 0. secs (0.u,0.s) (success)
Tactic call fast_rewrite-regression-cubic ran for 0. secs (0.u,0.s) (success)
Tactic call abstract-regression-cubic ran for 0.001 secs (0.u,0.s) (success)
Tactic call close-abstract-regression-cubic ran for 0. secs (0.u,0.s)
Params: n= 9
Tactic call refine-regression-quadratic-regression-linear ran for 0. secs (0.u,0.s) (success)
Tactic call pose-build-and-refine-regression-cubic ran for 0. secs (0.u,0.s) (success)
Tactic call fast_rewrite-regression-cubic ran for 0. secs (0.u,0.s) (success)
Tactic call abstract-regression-cubic ran for 0.001 secs (0.u,0.s) (success)
Tactic call close-abstract-regression-cubic ran for 0. secs (0.u,0.s)
Params: n= 10
Tactic call refine-regression-quadratic-regression-linear ran for 0. secs (0.u,0.s) (success)
Tactic call pose-build-and-refine-regression-cubic ran for 0.001 secs (0.001u,0.s) (success)
Tactic call fast_rewrite-regression-cubic ran for 0.001 secs (0.001u,0.s) (success)
Tactic call abstract-regression-cubic ran for 0.001 secs (0.001u,0.s) (success)
Tactic call close-abstract-regression-cubic ran for 0. secs (0.u,0.s)
Params: n= 11
Tactic call refine-regression-quadratic-regression-linear ran for 0. secs (0.u,0.s) (success)
Tactic call pose-build-and-refine-regression-cubic ran for 0.001 secs (0.001u,0.s) (success)
Tactic call fast_rewrite-regression-cubic ran for 0.001 secs (0.001u,0.s) (success)
Tactic call abstract-regression-cubic ran for 0.001 secs (0.001u,0.s) (success)
Tactic call close-abstract-regression-cubic ran for 0. secs (0.u,0.s)
Params: n= 12
Tactic call refine-regression-quadratic-regression-linear ran for 0. secs (0.u,0.s) (success)
Tactic call pose-build-and-refine-regression-cubic ran for 0.001 secs (0.u,0.s) (success)
Tactic call fast_rewrite-regression-cubic ran for 0.001 secs (0.u,0.s) (success)
Tactic call abstract-regression-cubic ran for 0.001 secs (0.u,0.s) (success)
Tactic call close-abstract-regression-cubic ran for 0. secs (0.u,0.s)
Params: n= 13
Tactic call refine-regression-quadratic-regression-linear ran for 0. secs (0.u,0.s) (success)
Tactic call pose-build-and-refine-regression-cubic ran for 0.001 secs (0.001u,0.s) (success)
Tactic call fast_rewrite-regression-cubic ran for 0.001 secs (0.001u,0.s) (success)
Tactic call abstract-regression-cubic ran for 0.001 secs (0.001u,0.s) (success)
Tactic call close-abstract-regression-cubic ran for 0. secs (0.u,0.s)
Params: n= 14
Tactic call refine-regression-quadratic-regression-linear ran for 0. secs (0.u,0.s) (success)
Tactic call pose-build-and-refine-regression-cubic ran for 0.001 secs (0.001u,0.s) (success)
Tactic call fast_rewrite-regression-cubic ran for 0.001 secs (0.001u,0.s) (success)
Tactic call abstract-regression-cubic ran for 0.001 secs (0.001u,0.s) (success)
Tactic call close-abstract-regression-cubic ran for 0. secs (0.u,0.s)
Params: n= 15
Tactic call refine-regression-quadratic-regression-linear ran for 0. secs (0.u,0.s) (success)
Tactic call pose-build-and-refine-regression-cubic ran for 0.043 secs (0.041u,0.002s) (success)
Tactic call fast_rewrite-regression-cubic ran for 0.043 secs (0.041u,0.002s) (success)
Tactic call abstract-regression-cubic ran for 0.043 secs (0.041u,0.002s) (success)
Tactic call close-abstract-regression-cubic ran for 0. secs (0.u,0.s)
Params: n= 16
Tactic call refine-regression-quadratic-regression-linear ran for 0. secs (0.u,0.s) (success)
Tactic call pose-build-and-refine-regression-cubic ran for 0.001 secs (0.001u,0.s) (success)
Tactic call fast_rewrite-regression-cubic ran for 0.001 secs (0.001u,0.s) (success)
Tactic call abstract-regression-cubic ran for 0.001 secs (0.001u,0.s) (success)
Tactic call close-abstract-regression-cubic ran for 0. secs (0.u,0.s)
Params: n= 17
Tactic call refine-regression-quadratic-regression-linear ran for 0. secs (0.u,0.s) (success)
Tactic call pose-build-and-refine-regression-cubic ran for 0.001 secs (0.001u,0.s) (success)
Tactic call fast_rewrite-regression-cubic ran for 0.001 secs (0.001u,0.s) (success)
Tactic call abstract-regression-cubic ran for 0.001 secs (0.001u,0.s) (success)
Tactic call close-abstract-regression-cubic ran for 0. secs (0.u,0.s)
Params: n= 18
Tactic call refine-regression-quadratic-regression-linear ran for 0. secs (0.u,0.s) (success)
Tactic call pose-build-and-refine-regression-cubic ran for 0.001 secs (0.001u,0.s) (success)
Tactic call fast_rewrite-regression-cubic ran for 0.001 secs (0.001u,0.s) (success)
Tactic call abstract-regression-cubic ran for 0.001 secs (0.001u,0.s) (success)
Tactic call close-abstract-regression-cubic ran for 0. secs (0.u,0.s)
Params: n= 19
Tactic call refine-regression-quadratic-regression-linear ran for 0. secs (0.u,0.s) (success)
Tactic call pose-build-and-refine-regression-cubic ran for 0.001 secs (0.001u,0.s) (success)
Tactic call fast_rewrite-regression-cubic ran for 0.001 secs (0.001u,0.s) (success)
Tactic call abstract-regression-cubic ran for 0.001 secs (0.001u,0.s) (success)
Tactic call close-abstract-regression-cubic ran for 0. secs (0.u,0.s)
Params: n= 20
Tactic call refine-regression-quadratic-regression-linear ran for 0. secs (0.u,0.s) (success)
Tactic call pose-build-and-refine-regression-cubic ran for 0.001 secs (0.001u,0.s) (success)
Tactic call fast_rewrite-regression-cubic ran for 0.001 secs (0.001u,0.s) (success)
Tactic call abstract-regression-cubic ran for 0.002 secs (0.002u,0.s) (success)
Tactic call close-abstract-regression-cubic ran for 0. secs (0.u,0.s)
Params: n= 21
Tactic call refine-regression-quadratic-regression-linear ran for 0. secs (0.u,0.s) (success)
Tactic call pose-build-and-refine-regression-cubic ran for 0.001 secs (0.001u,0.s) (success)
Tactic call fast_rewrite-regression-cubic ran for 0.001 secs (0.001u,0.s) (success)
Tactic call abstract-regression-cubic ran for 0.002 secs (0.002u,0.s) (success)
Tactic call close-abstract-regression-cubic ran for 0. secs (0.u,0.s)
Params: n= 22
Tactic call refine-regression-quadratic-regression-linear ran for 0. secs (0.u,0.s) (success)
Tactic call pose-build-and-refine-regression-cubic ran for 0.001 secs (0.001u,0.s) (success)
Tactic call fast_rewrite-regression-cubic ran for 0.001 secs (0.001u,0.s) (success)
Tactic call abstract-regression-cubic ran for 0.002 secs (0.002u,0.s) (success)
Tactic call close-abstract-regression-cubic ran for 0. secs (0.u,0.s)
Params: n= 23
Tactic call refine-regression-quadratic-regression-linear ran for 0. secs (0.u,0.s) (success)
Tactic call pose-build-and-refine-regression-cubic ran for 0.001 secs (0.001u,0.s) (success)
Tactic call fast_rewrite-regression-cubic ran for 0.001 secs (0.001u,0.s) (success)
Tactic call abstract-regression-cubic ran for 0.002 secs (0.002u,0.s) (success)
Tactic call close-abstract-regression-cubic ran for 0. secs (0.u,0.s)
Params: n= 24
Tactic call refine-regression-quadratic-regression-linear ran for 0. secs (0.u,0.s) (success)
Tactic call pose-build-and-refine-regression-cubic ran for 0.001 secs (0.001u,0.s) (success)
Tactic call fast_rewrite-regression-cubic ran for 0.001 secs (0.001u,0.s) (success)
Tactic call abstract-regression-cubic ran for 0.002 secs (0.002u,0.s) (success)
Tactic call close-abstract-regression-cubic ran for 0. secs (0.u,0.s)
Params: n= 25
Tactic call refine-regression-quadratic-regression-linear ran for 0. secs (0.u,0.s) (success)
Tactic call pose-build-and-refine-regression-cubic ran for 0.001 secs (0.001u,0.s) (success)
Tactic call fast_rewrite-regression-cubic ran for 0.001 secs (0.001u,0.s) (success)
Tactic call abstract-regression-cubic ran for 0.002 secs (0.002u,0.s) (success)
Tactic call close-abstract-regression-cubic ran for 0. secs (0.u,0.s)
Params: n= 26
Tactic call refine-regression-quadratic-regression-linear ran for 0. secs (0.u,0.s) (success)
Tactic call pose-build-and-refine-regression-cubic ran for 0.001 secs (0.001u,0.s) (success)
Tactic call fast_rewrite-regression-cubic ran for 0.001 secs (0.001u,0.s) (success)
Tactic call abstract-regression-cubic ran for 0.002 secs (0.002u,0.s) (success)
Tactic call close-abstract-regression-cubic ran for 0. secs (0.u,0.s)
Params: n= 27
Tactic call refine-regression-quadratic-regression-linear ran for 0. secs (0.u,0.s) (success)
Tactic call pose-build-and-refine-regression-cubic ran for 0.001 secs (0.001u,0.s) (success)
Tactic call fast_rewrite-regression-cubic ran for 0.001 secs (0.001u,0.s) (success)
Tactic call abstract-regression-cubic ran for 0.002 secs (0.002u,0.s) (success)
Tactic call close-abstract-regression-cubic ran for 0. secs (0.u,0.s)
Params: n= 28
Tactic call refine-regression-quadratic-regression-linear ran for 0.014 secs (0.014u,0.s) (success)
Tactic call pose-build-and-refine-regression-cubic ran for 0.016 secs (0.016u,0.s) (success)
Tactic call fast_rewrite-regression-cubic ran for 0.016 secs (0.016u,0.s) (success)
Tactic call abstract-regression-cubic ran for 0.017 secs (0.017u,0.s) (success)
Tactic call close-abstract-regression-cubic ran for 0. secs (0.u,0.s)
Params: n= 29
Tactic call refine-regression-quadratic-regression-linear ran for 0. secs (0.u,0.s) (success)
Tactic call pose-build-and-refine-regression-cubic ran for 0.002 secs (0.002u,0.s) (success)
Tactic call fast_rewrite-regression-cubic ran for 0.002 secs (0.002u,0.s) (success)
Tactic call abstract-regression-cubic ran for 0.003 secs (0.003u,0.s) (success)
Tactic call close-abstract-regression-cubic ran for 0. secs (0.u,0.s)
Params: n= 30
Tactic call refine-regression-quadratic-regression-linear ran for 0. secs (0.u,0.s) (success)
Tactic call pose-build-and-refine-regression-cubic ran for 0.002 secs (0.002u,0.s) (success)
Tactic call fast_rewrite-regression-cubic ran for 0.002 secs (0.002u,0.s) (success)
Tactic call abstract-regression-cubic ran for 0.003 secs (0.003u,0.s) (success)
Tactic call close-abstract-regression-cubic ran for 0. secs (0.u,0.s)
Params: n= 31
Tactic call refine-regression-quadratic-regression-linear ran for 0. secs (0.u,0.s) (success)
Tactic call pose-build-and-refine-regression-cubic ran for 0.002 secs (0.002u,0.s) (success)
Tactic call fast_rewrite-regression-cubic ran for 0.002 secs (0.002u,0.s) (success)
Tactic call abstract-regression-cubic ran for 0.003 secs (0.003u,0.s) (success)
Tactic call close-abstract-regression-cubic ran for 0. secs (0.u,0.s)
Params: n= 32
Tactic call refine-regression-quadratic-regression-linear ran for 0. secs (0.u,0.s) (success)
Tactic call pose-build-and-refine-regression-cubic ran for 0.002 secs (0.002u,0.s) (success)
Tactic call fast_rewrite-regression-cubic ran for 0.002 secs (0.002u,0.s) (success)
Tactic call abstract-regression-cubic ran for 0.003 secs (0.003u,0.s) (success)
Tactic call close-abstract-regression-cubic ran for 0. secs (0.u,0.s)
Params: n= 33
Tactic call refine-regression-quadratic-regression-linear ran for 0. secs (0.u,0.s) (success)
Tactic call pose-build-and-refine-regression-cubic ran for 0.002 secs (0.002u,0.s) (success)
Tactic call fast_rewrite-regression-cubic ran for 0.002 secs (0.002u,0.s) (success)
Tactic call abstract-regression-cubic ran for 0.003 secs (0.003u,0.s) (success)
Tactic call close-abstract-regression-cubic ran for 0. secs (0.u,0.s)
Params: n= 34
Tactic call refine-regression-quadratic-regression-linear ran for 0. secs (0.u,0.s) (success)
Tactic call pose-build-and-refine-regression-cubic ran for 0.002 secs (0.002u,0.s) (success)
Tactic call fast_rewrite-regression-cubic ran for 0.002 secs (0.002u,0.s) (success)
Tactic call abstract-regression-cubic ran for 0.003 secs (0.003u,0.s) (success)
Tactic call close-abstract-regression-cubic ran for 0.001 secs (0.001u,0.s)
Params: n= 35
Tactic call refine-regression-quadratic-regression-linear ran for 0. secs (0.u,0.s) (success)
Tactic call pose-build-and-refine-regression-cubic ran for 0.002 secs (0.002u,0.s) (success)
Tactic call fast_rewrite-regression-cubic ran for 0.002 secs (0.002u,0.s) (success)
Tactic call abstract-regression-cubic ran for 0.003 secs (0.003u,0.s) (success)
Tactic call close-abstract-regression-cubic ran for 0.001 secs (0.001u,0.s)
Params: n= 36
Tactic call refine-regression-quadratic-regression-linear ran for 0. secs (0.u,0.s) (success)
Tactic call pose-build-and-refine-regression-cubic ran for 0.002 secs (0.002u,0.s) (success)
Tactic call fast_rewrite-regression-cubic ran for 0.002 secs (0.002u,0.s) (success)
Tactic call abstract-regression-cubic ran for 0.003 secs (0.003u,0.s) (success)
Tactic call close-abstract-regression-cubic ran for 0.001 secs (0.001u,0.s)
Params: n= 37
Tactic call refine-regression-quadratic-regression-linear ran for 0. secs (0.u,0.s) (success)
Tactic call pose-build-and-refine-regression-cubic ran for 0.004 secs (0.003u,0.s) (success)
Tactic call fast_rewrite-regression-cubic ran for 0.004 secs (0.003u,0.s) (success)
Tactic call abstract-regression-cubic ran for 0.005 secs (0.004u,0.s) (success)
Tactic call close-abstract-regression-cubic ran for 0.001 secs (0.001u,0.s)
Params: n= 38
Tactic call refine-regression-quadratic-regression-linear ran for 0. secs (0.u,0.s) (success)
Tactic call pose-build-and-refine-regression-cubic ran for 0.002 secs (0.002u,0.s) (success)
Tactic call fast_rewrite-regression-cubic ran for 0.002 secs (0.002u,0.s) (success)
Tactic call abstract-regression-cubic ran for 0.004 secs (0.004u,0.s) (success)
Tactic call close-abstract-regression-cubic ran for 0.001 secs (0.001u,0.s)
Params: n= 39
Tactic call refine-regression-quadratic-regression-linear ran for 0. secs (0.u,0.s) (success)
Tactic call pose-build-and-refine-regression-cubic ran for 0.002 secs (0.002u,0.s) (success)
Tactic call fast_rewrite-regression-cubic ran for 0.002 secs (0.002u,0.s) (success)
Tactic call abstract-regression-cubic ran for 0.004 secs (0.004u,0.s) (success)
Tactic call close-abstract-regression-cubic ran for 0.001 secs (0.001u,0.s)
Params: n= 40
Tactic call refine-regression-quadratic-regression-linear ran for 0. secs (0.u,0.s) (success)
Tactic call pose-build-and-refine-regression-cubic ran for 0.002 secs (0.002u,0.s) (success)
Tactic call fast_rewrite-regression-cubic ran for 0.002 secs (0.002u,0.s) (success)
Tactic call abstract-regression-cubic ran for 0.004 secs (0.004u,0.s) (success)
Tactic call close-abstract-regression-cubic ran for 0.001 secs (0.001u,0.s)
Params: n= 41
Tactic call refine-regression-quadratic-regression-linear ran for 0. secs (0.u,0.s) (success)
Tactic call pose-build-and-refine-regression-cubic ran for 0.002 secs (0.002u,0.s) (success)
Tactic call fast_rewrite-regression-cubic ran for 0.002 secs (0.002u,0.s) (success)
Tactic call abstract-regression-cubic ran for 0.004 secs (0.004u,0.s) (success)
Tactic call close-abstract-regression-cubic ran for 0.001 secs (0.001u,0.s)
Params: n= 42
Tactic call refine-regression-quadratic-regression-linear ran for 0. secs (0.u,0.s) (success)
Tactic call pose-build-and-refine-regression-cubic ran for 0.003 secs (0.003u,0.s) (success)
Tactic call fast_rewrite-regression-cubic ran for 0.003 secs (0.003u,0.s) (success)
Tactic call abstract-regression-cubic ran for 0.004 secs (0.004u,0.s) (success)
Tactic call close-abstract-regression-cubic ran for 0.001 secs (0.001u,0.s)
Params: n= 43
Tactic call refine-regression-quadratic-regression-linear ran for 0. secs (0.u,0.s) (success)
Tactic call pose-build-and-refine-regression-cubic ran for 0.003 secs (0.003u,0.s) (success)
Tactic call fast_rewrite-regression-cubic ran for 0.003 secs (0.003u,0.s) (success)
Tactic call abstract-regression-cubic ran for 0.004 secs (0.004u,0.s) (success)
Tactic call close-abstract-regression-cubic ran for 0.001 secs (0.001u,0.s)
Params: n= 44
Tactic call refine-regression-quadratic-regression-linear ran for 0. secs (0.u,0.s) (success)
Tactic call pose-build-and-refine-regression-cubic ran for 0.003 secs (0.003u,0.s) (success)
Tactic call fast_rewrite-regression-cubic ran for 0.003 secs (0.003u,0.s) (success)
Tactic call abstract-regression-cubic ran for 0.005 secs (0.005u,0.s) (success)
Tactic call close-abstract-regression-cubic ran for 0.001 secs (0.001u,0.s)
Params: n= 45
Tactic call refine-regression-quadratic-regression-linear ran for 0. secs (0.u,0.s) (success)
Tactic call pose-build-and-refine-regression-cubic ran for 0.003 secs (0.003u,0.s) (success)
Tactic call fast_rewrite-regression-cubic ran for 0.003 secs (0.003u,0.s) (success)
Tactic call abstract-regression-cubic ran for 0.005 secs (0.005u,0.s) (success)
Tactic call close-abstract-regression-cubic ran for 0.001 secs (0.001u,0.s)
Params: n= 46
Tactic call refine-regression-quadratic-regression-linear ran for 0. secs (0.u,0.s) (success)
Tactic call pose-build-and-refine-regression-cubic ran for 0.003 secs (0.003u,0.s) (success)
Tactic call fast_rewrite-regression-cubic ran for 0.003 secs (0.003u,0.s) (success)
Tactic call abstract-regression-cubic ran for 0.005 secs (0.005u,0.s) (success)
Tactic call close-abstract-regression-cubic ran for 0.001 secs (0.001u,0.s)
Params: n= 47
Tactic call refine-regression-quadratic-regression-linear ran for 0. secs (0.u,0.s) (success)
Tactic call pose-build-and-refine-regression-cubic ran for 0.003 secs (0.003u,0.s) (success)
Tactic call fast_rewrite-regression-cubic ran for 0.003 secs (0.003u,0.s) (success)
Tactic call abstract-regression-cubic ran for 0.005 secs (0.005u,0.s) (success)
Tactic call close-abstract-regression-cubic ran for 0.001 secs (0.001u,0.s)
Params: n= 48
Tactic call refine-regression-quadratic-regression-linear ran for 0. secs (0.u,0.s) (success)
Tactic call pose-build-and-refine-regression-cubic ran for 0.003 secs (0.003u,0.s) (success)
Tactic call fast_rewrite-regression-cubic ran for 0.003 secs (0.003u,0.s) (success)
Tactic call abstract-regression-cubic ran for 0.005 secs (0.005u,0.s) (success)
Tactic call close-abstract-regression-cubic ran for 0.001 secs (0.001u,0.s)
Params: n= 49
Tactic call refine-regression-quadratic-regression-linear ran for 0. secs (0.u,0.s) (success)
Tactic call pose-build-and-refine-regression-cubic ran for 0.003 secs (0.003u,0.s) (success)
Tactic call fast_rewrite-regression-cubic ran for 0.003 secs (0.003u,0.s) (success)
Tactic call abstract-regression-cubic ran for 0.005 secs (0.005u,0.s) (success)
Tactic call close-abstract-regression-cubic ran for 0.001 secs (0.001u,0.s)
Params: n= 51
Tactic call refine-regression-quadratic-regression-linear ran for 0. secs (0.u,0.s) (success)
Tactic call pose-build-and-refine-regression-cubic ran for 0.003 secs (0.003u,0.s) (success)
Tactic call fast_rewrite-regression-cubic ran for 0.003 secs (0.003u,0.s) (success)
Tactic call abstract-regression-cubic ran for 0.006 secs (0.006u,0.s) (success)
Tactic call close-abstract-regression-cubic ran for 0.002 secs (0.002u,0.s)
Params: n= 52
Tactic call refine-regression-quadratic-regression-linear ran for 0. secs (0.u,0.s) (success)
Tactic call pose-build-and-refine-regression-cubic ran for 0.004 secs (0.004u,0.s) (success)
Tactic call fast_rewrite-regression-cubic ran for 0.004 secs (0.004u,0.s) (success)
Tactic call abstract-regression-cubic ran for 0.006 secs (0.006u,0.s) (success)
Tactic call close-abstract-regression-cubic ran for 0.002 secs (0.002u,0.s)
Params: n= 53
Tactic call refine-regression-quadratic-regression-linear ran for 0. secs (0.u,0.s) (success)
Tactic call pose-build-and-refine-regression-cubic ran for 0.004 secs (0.004u,0.s) (success)
Tactic call fast_rewrite-regression-cubic ran for 0.004 secs (0.004u,0.s) (success)
Tactic call abstract-regression-cubic ran for 0.006 secs (0.006u,0.s) (success)
Tactic call close-abstract-regression-cubic ran for 0.002 secs (0.002u,0.s)
Params: n= 54
Tactic call refine-regression-quadratic-regression-linear ran for 0. secs (0.u,0.s) (success)
Tactic call pose-build-and-refine-regression-cubic ran for 0.004 secs (0.004u,0.s) (success)
Tactic call fast_rewrite-regression-cubic ran for 0.004 secs (0.004u,0.s) (success)
Tactic call abstract-regression-cubic ran for 0.006 secs (0.006u,0.s) (success)
Tactic call close-abstract-regression-cubic ran for 0.002 secs (0.002u,0.s)
Params: n= 55
Tactic call refine-regression-quadratic-regression-linear ran for 0. secs (0.u,0.s) (success)
Tactic call pose-build-and-refine-regression-cubic ran for 0.004 secs (0.004u,0.s) (success)
Tactic call fast_rewrite-regression-cubic ran for 0.004 secs (0.004u,0.s) (success)
Tactic call abstract-regression-cubic ran for 0.007 secs (0.007u,0.s) (success)
Tactic call close-abstract-regression-cubic ran for 0.002 secs (0.002u,0.s)
Params: n= 56
Tactic call refine-regression-quadratic-regression-linear ran for 0. secs (0.u,0.s) (success)
Tactic call pose-build-and-refine-regression-cubic ran for 0.004 secs (0.004u,0.s) (success)
Tactic call fast_rewrite-regression-cubic ran for 0.004 secs (0.004u,0.s) (success)
Tactic call abstract-regression-cubic ran for 0.007 secs (0.007u,0.s) (success)
Tactic call close-abstract-regression-cubic ran for 0.002 secs (0.002u,0.s)
Params: n= 57
Tactic call refine-regression-quadratic-regression-linear ran for 0. secs (0.u,0.s) (success)
Tactic call pose-build-and-refine-regression-cubic ran for 0.004 secs (0.004u,0.s) (success)
Tactic call fast_rewrite-regression-cubic ran for 0.004 secs (0.004u,0.s) (success)
Tactic call abstract-regression-cubic ran for 0.007 secs (0.007u,0.s) (success)
Tactic call close-abstract-regression-cubic ran for 0.002 secs (0.002u,0.s)
Params: n= 58
Tactic call refine-regression-quadratic-regression-linear ran for 0. secs (0.u,0.s) (success)
Tactic call pose-build-and-refine-regression-cubic ran for 0.004 secs (0.004u,0.s) (success)
Tactic call fast_rewrite-regression-cubic ran for 0.004 secs (0.004u,0.s) (success)
Tactic call abstract-regression-cubic ran for 0.007 secs (0.007u,0.s) (success)
Tactic call close-abstract-regression-cubic ran for 0.002 secs (0.002u,0.s)
Params: n= 59
Tactic call refine-regression-quadratic-regression-linear ran for 0. secs (0.u,0.s) (success)
Tactic call pose-build-and-refine-regression-cubic ran for 0.004 secs (0.004u,0.s) (success)
Tactic call fast_rewrite-regression-cubic ran for 0.004 secs (0.004u,0.s) (success)
Tactic call abstract-regression-cubic ran for 0.007 secs (0.006u,0.s) (success)
Tactic call close-abstract-regression-cubic ran for 0.002 secs (0.001u,0.s)
Params: n= 60
Tactic call refine-regression-quadratic-regression-linear ran for 0. secs (0.u,0.s) (success)
Tactic call pose-build-and-refine-regression-cubic ran for 0.004 secs (0.004u,0.s) (success)
Tactic call fast_rewrite-regression-cubic ran for 0.004 secs (0.004u,0.s) (success)
Tactic call abstract-regression-cubic ran for 0.007 secs (0.007u,0.s) (success)
Tactic call close-abstract-regression-cubic ran for 0.002 secs (0.002u,0.s)
Params: n= 61
Tactic call refine-regression-quadratic-regression-linear ran for 0. secs (0.u,0.s) (success)
Tactic call pose-build-and-refine-regression-cubic ran for 0.004 secs (0.004u,0.s) (success)
Tactic call fast_rewrite-regression-cubic ran for 0.004 secs (0.004u,0.s) (success)
Tactic call abstract-regression-cubic ran for 0.008 secs (0.008u,0.s) (success)
Tactic call close-abstract-regression-cubic ran for 0.003 secs (0.003u,0.s)
Params: n= 62
Tactic call refine-regression-quadratic-regression-linear ran for 0. secs (0.u,0.s) (success)
Tactic call pose-build-and-refine-regression-cubic ran for 0.004 secs (0.004u,0.s) (success)
Tactic call fast_rewrite-regression-cubic ran for 0.004 secs (0.004u,0.s) (success)
Tactic call abstract-regression-cubic ran for 0.008 secs (0.008u,0.s) (success)
Tactic call close-abstract-regression-cubic ran for 0.003 secs (0.003u,0.s)
Params: n= 63
Tactic call refine-regression-quadratic-regression-linear ran for 0. secs (0.u,0.s) (success)
Tactic call pose-build-and-refine-regression-cubic ran for 0.004 secs (0.004u,0.s) (success)
Tactic call fast_rewrite-regression-cubic ran for 0.004 secs (0.004u,0.s) (success)
Tactic call abstract-regression-cubic ran for 0.008 secs (0.008u,0.s) (success)
Tactic call close-abstract-regression-cubic ran for 0.003 secs (0.003u,0.s)
Params: n= 64
Tactic call refine-regression-quadratic-regression-linear ran for 0. secs (0.u,0.s) (success)
Tactic call pose-build-and-refine-regression-cubic ran for 0.005 secs (0.005u,0.s) (success)
Tactic call fast_rewrite-regression-cubic ran for 0.005 secs (0.005u,0.s) (success)
Tactic call abstract-regression-cubic ran for 0.008 secs (0.008u,0.s) (success)
Tactic call close-abstract-regression-cubic ran for 0.003 secs (0.003u,0.s)
Params: n= 65
Tactic call refine-regression-quadratic-regression-linear ran for 0. secs (0.u,0.s) (success)
Tactic call pose-build-and-refine-regression-cubic ran for 0.005 secs (0.005u,0.s) (success)
Tactic call fast_rewrite-regression-cubic ran for 0.005 secs (0.005u,0.s) (success)
Tactic call abstract-regression-cubic ran for 0.008 secs (0.008u,0.s) (success)
Tactic call close-abstract-regression-cubic ran for 0.003 secs (0.003u,0.s)
Params: n= 66
Tactic call refine-regression-quadratic-regression-linear ran for 0. secs (0.u,0.s) (success)
Tactic call pose-build-and-refine-regression-cubic ran for 0.011 secs (0.011u,0.s) (success)
Tactic call fast_rewrite-regression-cubic ran for 0.011 secs (0.011u,0.s) (success)
Tactic call abstract-regression-cubic ran for 0.015 secs (0.015u,0.s) (success)
Tactic call close-abstract-regression-cubic ran for 0.003 secs (0.003u,0.s)
Params: n= 67
Tactic call refine-regression-quadratic-regression-linear ran for 0. secs (0.u,0.s) (success)
Tactic call pose-build-and-refine-regression-cubic ran for 0.005 secs (0.005u,0.s) (success)
Tactic call fast_rewrite-regression-cubic ran for 0.005 secs (0.005u,0.s) (success)
Tactic call abstract-regression-cubic ran for 0.009 secs (0.009u,0.s) (success)
Tactic call close-abstract-regression-cubic ran for 0.003 secs (0.003u,0.s)
Params: n= 68
Tactic call refine-regression-quadratic-regression-linear ran for 0. secs (0.u,0.s) (success)
Tactic call pose-build-and-refine-regression-cubic ran for 0.005 secs (0.005u,0.s) (success)
Tactic call fast_rewrite-regression-cubic ran for 0.005 secs (0.005u,0.s) (success)
Tactic call abstract-regression-cubic ran for 0.009 secs (0.009u,0.s) (success)
Tactic call close-abstract-regression-cubic ran for 0.003 secs (0.003u,0.s)
Params: n= 69
Tactic call refine-regression-quadratic-regression-linear ran for 0. secs (0.u,0.s) (success)
Tactic call pose-build-and-refine-regression-cubic ran for 0.005 secs (0.005u,0.s) (success)
Tactic call fast_rewrite-regression-cubic ran for 0.005 secs (0.005u,0.s) (success)
Tactic call abstract-regression-cubic ran for 0.009 secs (0.009u,0.s) (success)
Tactic call close-abstract-regression-cubic ran for 0.003 secs (0.003u,0.s)
Params: n= 70
Tactic call refine-regression-quadratic-regression-linear ran for 0. secs (0.u,0.s) (success)
Tactic call pose-build-and-refine-regression-cubic ran for 0.005 secs (0.005u,0.s) (success)
Tactic call fast_rewrite-regression-cubic ran for 0.005 secs (0.005u,0.s) (success)
Tactic call abstract-regression-cubic ran for 0.01 secs (0.01u,0.s) (success)
Tactic call close-abstract-regression-cubic ran for 0.004 secs (0.004u,0.s)
Params: n= 71
Tactic call refine-regression-quadratic-regression-linear ran for 0. secs (0.u,0.s) (success)
Tactic call pose-build-and-refine-regression-cubic ran for 0.005 secs (0.005u,0.s) (success)
Tactic call fast_rewrite-regression-cubic ran for 0.005 secs (0.005u,0.s) (success)
Tactic call abstract-regression-cubic ran for 0.01 secs (0.01u,0.s) (success)
Tactic call close-abstract-regression-cubic ran for 0.004 secs (0.004u,0.s)
Params: n= 72
Tactic call refine-regression-quadratic-regression-linear ran for 0. secs (0.u,0.s) (success)
Tactic call pose-build-and-refine-regression-cubic ran for 0.005 secs (0.005u,0.s) (success)
Tactic call fast_rewrite-regression-cubic ran for 0.005 secs (0.005u,0.s) (success)
Tactic call abstract-regression-cubic ran for 0.01 secs (0.01u,0.s) (success)
Tactic call close-abstract-regression-cubic ran for 0.004 secs (0.004u,0.s)
Params: n= 73
Tactic call refine-regression-quadratic-regression-linear ran for 0. secs (0.u,0.s) (success)
Tactic call pose-build-and-refine-regression-cubic ran for 0.005 secs (0.005u,0.s) (success)
Tactic call fast_rewrite-regression-cubic ran for 0.005 secs (0.005u,0.s) (success)
Tactic call abstract-regression-cubic ran for 0.011 secs (0.011u,0.s) (success)
Tactic call close-abstract-regression-cubic ran for 0.004 secs (0.004u,0.s)
Params: n= 74
Tactic call refine-regression-quadratic-regression-linear ran for 0. secs (0.u,0.s) (success)
Tactic call pose-build-and-refine-regression-cubic ran for 0.006 secs (0.006u,0.s) (success)
Tactic call fast_rewrite-regression-cubic ran for 0.006 secs (0.006u,0.s) (success)
Tactic call abstract-regression-cubic ran for 0.01 secs (0.01u,0.s) (success)
Tactic call close-abstract-regression-cubic ran for 0.004 secs (0.004u,0.s)
Params: n= 75
Tactic call refine-regression-quadratic-regression-linear ran for 0. secs (0.u,0.s) (success)
Tactic call pose-build-and-refine-regression-cubic ran for 0.006 secs (0.006u,0.s) (success)
Tactic call fast_rewrite-regression-cubic ran for 0.006 secs (0.006u,0.s) (success)
Tactic call abstract-regression-cubic ran for 0.011 secs (0.011u,0.s) (success)
Tactic call close-abstract-regression-cubic ran for 0.004 secs (0.004u,0.s)
Params: n= 76
Tactic call refine-regression-quadratic-regression-linear ran for 0. secs (0.u,0.s) (success)
Tactic call pose-build-and-refine-regression-cubic ran for 0.006 secs (0.006u,0.s) (success)
Tactic call fast_rewrite-regression-cubic ran for 0.006 secs (0.006u,0.s) (success)
Tactic call abstract-regression-cubic ran for 0.011 secs (0.011u,0.s) (success)
Tactic call close-abstract-regression-cubic ran for 0.004 secs (0.004u,0.s)
Params: n= 77
Tactic call refine-regression-quadratic-regression-linear ran for 0. secs (0.u,0.s) (success)
Tactic call pose-build-and-refine-regression-cubic ran for 0.066 secs (0.065u,0.s) (success)
Tactic call fast_rewrite-regression-cubic ran for 0.066 secs (0.065u,0.s) (success)
Tactic call abstract-regression-cubic ran for 0.071 secs (0.07u,0.s) (success)
Tactic call close-abstract-regression-cubic ran for 0.005 secs (0.005u,0.s)
Params: n= 78
Tactic call refine-regression-quadratic-regression-linear ran for 0. secs (0.u,0.s) (success)
Tactic call pose-build-and-refine-regression-cubic ran for 0.006 secs (0.006u,0.s) (success)
Tactic call fast_rewrite-regression-cubic ran for 0.006 secs (0.006u,0.s) (success)
Tactic call abstract-regression-cubic ran for 0.012 secs (0.012u,0.s) (success)
Tactic call close-abstract-regression-cubic ran for 0.005 secs (0.005u,0.s)
Params: n= 79
Tactic call refine-regression-quadratic-regression-linear ran for 0. secs (0.u,0.s) (success)
Tactic call pose-build-and-refine-regression-cubic ran for 0.006 secs (0.006u,0.s) (success)
Tactic call fast_rewrite-regression-cubic ran for 0.006 secs (0.006u,0.s) (success)
Tactic call abstract-regression-cubic ran for 0.012 secs (0.012u,0.s) (success)
Tactic call close-abstract-regression-cubic ran for 0.005 secs (0.005u,0.s)
Params: n= 80
Tactic call refine-regression-quadratic-regression-linear ran for 0. secs (0.u,0.s) (success)
Tactic call pose-build-and-refine-regression-cubic ran for 0.006 secs (0.006u,0.s) (success)
Tactic call fast_rewrite-regression-cubic ran for 0.006 secs (0.006u,0.s) (success)
Tactic call abstract-regression-cubic ran for 0.013 secs (0.013u,0.s) (success)
Tactic call close-abstract-regression-cubic ran for 0.005 secs (0.005u,0.s)
Params: n= 81
Tactic call refine-regression-quadratic-regression-linear ran for 0. secs (0.u,0.s) (success)
Tactic call pose-build-and-refine-regression-cubic ran for 0.006 secs (0.006u,0.s) (success)
Tactic call fast_rewrite-regression-cubic ran for 0.006 secs (0.006u,0.s) (success)
Tactic call abstract-regression-cubic ran for 0.012 secs (0.012u,0.s) (success)
Tactic call close-abstract-regression-cubic ran for 0.005 secs (0.005u,0.s)
Params: n= 82
Tactic call refine-regression-quadratic-regression-linear ran for 0. secs (0.u,0.s) (success)
Tactic call pose-build-and-refine-regression-cubic ran for 0.007 secs (0.006u,0.s) (success)
Tactic call fast_rewrite-regression-cubic ran for 0.007 secs (0.006u,0.s) (success)
Tactic call abstract-regression-cubic ran for 0.013 secs (0.012u,0.s) (success)
Tactic call close-abstract-regression-cubic ran for 0.005 secs (0.004u,0.s)
Params: n= 83
Tactic call refine-regression-quadratic-regression-linear ran for 0. secs (0.u,0.s) (success)
Tactic call pose-build-and-refine-regression-cubic ran for 0.007 secs (0.007u,0.s) (success)
Tactic call fast_rewrite-regression-cubic ran for 0.007 secs (0.007u,0.s) (success)
Tactic call abstract-regression-cubic ran for 0.013 secs (0.013u,0.s) (success)
Tactic call close-abstract-regression-cubic ran for 0.005 secs (0.005u,0.s)
Params: n= 84
Tactic call refine-regression-quadratic-regression-linear ran for 0. secs (0.u,0.s) (success)
Tactic call pose-build-and-refine-regression-cubic ran for 0.037 secs (0.037u,0.s) (success)
Tactic call fast_rewrite-regression-cubic ran for 0.037 secs (0.037u,0.s) (success)
Tactic call abstract-regression-cubic ran for 0.043 secs (0.043u,0.s) (success)
Tactic call close-abstract-regression-cubic ran for 0.006 secs (0.006u,0.s)
Params: n= 85
Tactic call refine-regression-quadratic-regression-linear ran for 0. secs (0.u,0.s) (success)
Tactic call pose-build-and-refine-regression-cubic ran for 0.007 secs (0.007u,0.s) (success)
Tactic call fast_rewrite-regression-cubic ran for 0.007 secs (0.007u,0.s) (success)
Tactic call abstract-regression-cubic ran for 0.014 secs (0.014u,0.s) (success)
Tactic call close-abstract-regression-cubic ran for 0.006 secs (0.006u,0.s)
Params: n= 86
Tactic call refine-regression-quadratic-regression-linear ran for 0. secs (0.u,0.s) (success)
Tactic call pose-build-and-refine-regression-cubic ran for 0.007 secs (0.007u,0.s) (success)
Tactic call fast_rewrite-regression-cubic ran for 0.007 secs (0.007u,0.s) (success)
Tactic call abstract-regression-cubic ran for 0.014 secs (0.014u,0.s) (success)
Tactic call close-abstract-regression-cubic ran for 0.006 secs (0.006u,0.s)
Params: n= 87
Tactic call refine-regression-quadratic-regression-linear ran for 0. secs (0.u,0.s) (success)
Tactic call pose-build-and-refine-regression-cubic ran for 0.008 secs (0.008u,0.s) (success)
Tactic call fast_rewrite-regression-cubic ran for 0.008 secs (0.008u,0.s) (success)
Tactic call abstract-regression-cubic ran for 0.015 secs (0.015u,0.s) (success)
Tactic call close-abstract-regression-cubic ran for 0.006 secs (0.006u,0.s)
Params: n= 88
Tactic call refine-regression-quadratic-regression-linear ran for 0. secs (0.u,0.s) (success)
Tactic call pose-build-and-refine-regression-cubic ran for 0.007 secs (0.007u,0.s) (success)
Tactic call fast_rewrite-regression-cubic ran for 0.007 secs (0.007u,0.s) (success)
Tactic call abstract-regression-cubic ran for 0.014 secs (0.014u,0.s) (success)
Tactic call close-abstract-regression-cubic ran for 0.006 secs (0.006u,0.s)
Params: n= 89
Tactic call refine-regression-quadratic-regression-linear ran for 0. secs (0.u,0.s) (success)
Tactic call pose-build-and-refine-regression-cubic ran for 0.007 secs (0.007u,0.s) (success)
Tactic call fast_rewrite-regression-cubic ran for 0.007 secs (0.007u,0.s) (success)
Tactic call abstract-regression-cubic ran for 0.015 secs (0.015u,0.s) (success)
Tactic call close-abstract-regression-cubic ran for 0.006 secs (0.006u,0.s)
Params: n= 90
Tactic call refine-regression-quadratic-regression-linear ran for 0. secs (0.u,0.s) (success)
Tactic call pose-build-and-refine-regression-cubic ran for 0.023 secs (0.023u,0.s) (success)
Tactic call fast_rewrite-regression-cubic ran for 0.023 secs (0.023u,0.s) (success)
Tactic call abstract-regression-cubic ran for 0.03 secs (0.03u,0.s) (success)
Tactic call close-abstract-regression-cubic ran for 0.007 secs (0.007u,0.s)
Params: n= 91
Tactic call refine-regression-quadratic-regression-linear ran for 0. secs (0.u,0.s) (success)
Tactic call pose-build-and-refine-regression-cubic ran for 0.008 secs (0.008u,0.s) (success)
Tactic call fast_rewrite-regression-cubic ran for 0.008 secs (0.008u,0.s) (success)
Tactic call abstract-regression-cubic ran for 0.015 secs (0.015u,0.s) (success)
Tactic call close-abstract-regression-cubic ran for 0.007 secs (0.007u,0.s)
Params: n= 92
Tactic call refine-regression-quadratic-regression-linear ran for 0. secs (0.u,0.s) (success)
Tactic call pose-build-and-refine-regression-cubic ran for 0.008 secs (0.008u,0.s) (success)
Tactic call fast_rewrite-regression-cubic ran for 0.008 secs (0.008u,0.s) (success)
Tactic call abstract-regression-cubic ran for 0.016 secs (0.016u,0.s) (success)
Tactic call close-abstract-regression-cubic ran for 0.007 secs (0.007u,0.s)
Params: n= 93
Tactic call refine-regression-quadratic-regression-linear ran for 0. secs (0.u,0.s) (success)
Tactic call pose-build-and-refine-regression-cubic ran for 0.008 secs (0.008u,0.s) (success)
Tactic call fast_rewrite-regression-cubic ran for 0.008 secs (0.008u,0.s) (success)
Tactic call abstract-regression-cubic ran for 0.016 secs (0.016u,0.s) (success)
Tactic call close-abstract-regression-cubic ran for 0.007 secs (0.007u,0.s)
Params: n= 94
Tactic call refine-regression-quadratic-regression-linear ran for 0. secs (0.u,0.s) (success)
Tactic call pose-build-and-refine-regression-cubic ran for 0.008 secs (0.008u,0.s) (success)
Tactic call fast_rewrite-regression-cubic ran for 0.008 secs (0.008u,0.s) (success)
Tactic call abstract-regression-cubic ran for 0.016 secs (0.016u,0.s) (success)
Tactic call close-abstract-regression-cubic ran for 0.007 secs (0.007u,0.s)
Params: n= 95
Tactic call refine-regression-quadratic-regression-linear ran for 0. secs (0.u,0.s) (success)
Tactic call pose-build-and-refine-regression-cubic ran for 0.008 secs (0.008u,0.s) (success)
Tactic call fast_rewrite-regression-cubic ran for 0.008 secs (0.008u,0.s) (success)
Tactic call abstract-regression-cubic ran for 0.016 secs (0.016u,0.s) (success)
Tactic call close-abstract-regression-cubic ran for 0.007 secs (0.007u,0.s)
Params: n= 96
Tactic call refine-regression-quadratic-regression-linear ran for 0. secs (0.u,0.s) (success)
Tactic call pose-build-and-refine-regression-cubic ran for 0.008 secs (0.008u,0.s) (success)
Tactic call fast_rewrite-regression-cubic ran for 0.008 secs (0.008u,0.s) (success)
Tactic call abstract-regression-cubic ran for 0.017 secs (0.017u,0.s) (success)
Tactic call close-abstract-regression-cubic ran for 0.008 secs (0.008u,0.s)
Params: n= 97
Tactic call refine-regression-quadratic-regression-linear ran for 0. secs (0.u,0.s) (success)
Tactic call pose-build-and-refine-regression-cubic ran for 0.008 secs (0.008u,0.s) (success)
Tactic call fast_rewrite-regression-cubic ran for 0.008 secs (0.008u,0.s) (success)
Tactic call abstract-regression-cubic ran for 0.017 secs (0.016u,0.s) (success)
Tactic call close-abstract-regression-cubic ran for 0.008 secs (0.007u,0.s)
Params: n= 98
Tactic call refine-regression-quadratic-regression-linear ran for 0. secs (0.u,0.s) (success)
Tactic call pose-build-and-refine-regression-cubic ran for 0.009 secs (0.009u,0.s) (success)
Tactic call fast_rewrite-regression-cubic ran for 0.009 secs (0.009u,0.s) (success)
Tactic call abstract-regression-cubic ran for 0.018 secs (0.018u,0.s) (success)
Tactic call close-abstract-regression-cubic ran for 0.008 secs (0.008u,0.s)
Params: n= 99
Tactic call refine-regression-quadratic-regression-linear ran for 0. secs (0.u,0.s) (success)
Tactic call pose-build-and-refine-regression-cubic ran for 0.008 secs (0.008u,0.s) (success)
Tactic call fast_rewrite-regression-cubic ran for 0.008 secs (0.008u,0.s) (success)
Tactic call abstract-regression-cubic ran for 0.018 secs (0.018u,0.s) (success)
Tactic call close-abstract-regression-cubic ran for 0.008 secs (0.008u,0.s)
Params: n= 110
Tactic call refine-regression-quadratic-regression-linear ran for 0. secs (0.u,0.s) (success)
Tactic call pose-build-and-refine-regression-cubic ran for 0.01 secs (0.01u,0.s) (success)
Tactic call fast_rewrite-regression-cubic ran for 0.01 secs (0.01u,0.s) (success)
Tactic call abstract-regression-cubic ran for 0.027 secs (0.026u,0.s) (success)
Tactic call close-abstract-regression-cubic ran for 0.016 secs (0.016u,0.s)
Params: n= 120
Tactic call refine-regression-quadratic-regression-linear ran for 0. secs (0.u,0.s) (success)
Tactic call pose-build-and-refine-regression-cubic ran for 0.011 secs (0.011u,0.s) (success)
Tactic call fast_rewrite-regression-cubic ran for 0.011 secs (0.011u,0.s) (success)
Tactic call abstract-regression-cubic ran for 0.025 secs (0.025u,0.s) (success)
Tactic call close-abstract-regression-cubic ran for 0.013 secs (0.013u,0.s)
Params: n= 130
Tactic call refine-regression-quadratic-regression-linear ran for 0. secs (0.u,0.s) (success)
Tactic call pose-build-and-refine-regression-cubic ran for 0.012 secs (0.012u,0.s) (success)
Tactic call fast_rewrite-regression-cubic ran for 0.012 secs (0.012u,0.s) (success)
Tactic call abstract-regression-cubic ran for 0.031 secs (0.031u,0.s) (success)
Tactic call close-abstract-regression-cubic ran for 0.017 secs (0.017u,0.s)
Params: n= 140
Tactic call refine-regression-quadratic-regression-linear ran for 0.001 secs (0.001u,0.s) (success)
Tactic call pose-build-and-refine-regression-cubic ran for 0.014 secs (0.014u,0.s) (success)
Tactic call fast_rewrite-regression-cubic ran for 0.014 secs (0.014u,0.s) (success)
Tactic call abstract-regression-cubic ran for 0.034 secs (0.034u,0.s) (success)
Tactic call close-abstract-regression-cubic ran for 0.019 secs (0.019u,0.s)
Params: n= 160
Tactic call refine-regression-quadratic-regression-linear ran for 0.001 secs (0.001u,0.s) (success)
Tactic call pose-build-and-refine-regression-cubic ran for 0.026 secs (0.026u,0.s) (success)
Tactic call fast_rewrite-regression-cubic ran for 0.026 secs (0.026u,0.s) (success)
Tactic call abstract-regression-cubic ran for 0.054 secs (0.054u,0.s) (success)
Tactic call close-abstract-regression-cubic ran for 0.027 secs (0.027u,0.s)
Params: n= 170
Tactic call refine-regression-quadratic-regression-linear ran for 0.001 secs (0.001u,0.s) (success)
Tactic call pose-build-and-refine-regression-cubic ran for 0.019 secs (0.019u,0.s) (success)
Tactic call fast_rewrite-regression-cubic ran for 0.019 secs (0.019u,0.s) (success)
Tactic call abstract-regression-cubic ran for 0.053 secs (0.053u,0.s) (success)
Tactic call close-abstract-regression-cubic ran for 0.032 secs (0.032u,0.s)
Params: n= 180
Tactic call refine-regression-quadratic-regression-linear ran for 0.001 secs (0.001u,0.s) (success)
Tactic call pose-build-and-refine-regression-cubic ran for 0.021 secs (0.021u,0.s) (success)
Tactic call fast_rewrite-regression-cubic ran for 0.021 secs (0.021u,0.s) (success)
Tactic call abstract-regression-cubic ran for 0.063 secs (0.063u,0.s) (success)
Tactic call close-abstract-regression-cubic ran for 0.041 secs (0.041u,0.s)
Params: n= 190
Tactic call refine-regression-quadratic-regression-linear ran for 0.001 secs (0.001u,0.s) (success)
Tactic call pose-build-and-refine-regression-cubic ran for 0.023 secs (0.023u,0.s) (success)
Tactic call fast_rewrite-regression-cubic ran for 0.023 secs (0.023u,0.s) (success)
Tactic call abstract-regression-cubic ran for 0.127 secs (0.127u,0.s) (success)
Tactic call close-abstract-regression-cubic ran for 0.104 secs (0.104u,0.s)
Params: n= 210
Tactic call refine-regression-quadratic-regression-linear ran for 0.002 secs (0.002u,0.s) (success)
Tactic call pose-build-and-refine-regression-cubic ran for 0.036 secs (0.036u,0.s) (success)
Tactic call fast_rewrite-regression-cubic ran for 0.036 secs (0.036u,0.s) (success)
Tactic call abstract-regression-cubic ran for 0.099 secs (0.099u,0.s) (success)
Tactic call close-abstract-regression-cubic ran for 0.062 secs (0.062u,0.s)
Params: n= 220
Tactic call refine-regression-quadratic-regression-linear ran for 0.001 secs (0.001u,0.s) (success)
Tactic call pose-build-and-refine-regression-cubic ran for 0.029 secs (0.029u,0.s) (success)
Tactic call fast_rewrite-regression-cubic ran for 0.029 secs (0.029u,0.s) (success)
Tactic call abstract-regression-cubic ran for 0.129 secs (0.129u,0.s) (success)
Tactic call close-abstract-regression-cubic ran for 0.099 secs (0.099u,0.s)
Params: n= 230
Tactic call refine-regression-quadratic-regression-linear ran for 0.001 secs (0.001u,0.s) (success)
Tactic call pose-build-and-refine-regression-cubic ran for 0.031 secs (0.031u,0.s) (success)
Tactic call fast_rewrite-regression-cubic ran for 0.031 secs (0.031u,0.s) (success)
Tactic call abstract-regression-cubic ran for 0.105 secs (0.104u,0.s) (success)
Tactic call close-abstract-regression-cubic ran for 0.073 secs (0.072u,0.s)
Params: n= 240
Tactic call refine-regression-quadratic-regression-linear ran for 0.002 secs (0.002u,0.s) (success)
Tactic call pose-build-and-refine-regression-cubic ran for 0.05 secs (0.049u,0.s) (success)
Tactic call fast_rewrite-regression-cubic ran for 0.05 secs (0.05u,0.s) (success)
Tactic call abstract-regression-cubic ran for 0.132 secs (0.132u,0.s) (success)
Tactic call close-abstract-regression-cubic ran for 0.081 secs (0.081u,0.s)
Params: n= 260
Tactic call refine-regression-quadratic-regression-linear ran for 0.002 secs (0.002u,0.s) (success)
Tactic call pose-build-and-refine-regression-cubic ran for 0.038 secs (0.038u,0.s) (success)
Tactic call fast_rewrite-regression-cubic ran for 0.038 secs (0.038u,0.s) (success)
Tactic call abstract-regression-cubic ran for 0.14 secs (0.14u,0.s) (success)
Tactic call close-abstract-regression-cubic ran for 0.101 secs (0.101u,0.s)
Params: n= 270
Tactic call refine-regression-quadratic-regression-linear ran for 0.006 secs (0.006u,0.s) (success)
Tactic call pose-build-and-refine-regression-cubic ran for 0.042 secs (0.042u,0.s) (success)
Tactic call fast_rewrite-regression-cubic ran for 0.042 secs (0.042u,0.s) (success)
Tactic call abstract-regression-cubic ran for 0.154 secs (0.154u,0.s) (success)
Tactic call close-abstract-regression-cubic ran for 0.111 secs (0.111u,0.s)
Params: n= 280
Tactic call refine-regression-quadratic-regression-linear ran for 0.002 secs (0.002u,0.s) (success)
Tactic call pose-build-and-refine-regression-cubic ran for 0.042 secs (0.042u,0.s) (success)
Tactic call fast_rewrite-regression-cubic ran for 0.042 secs (0.042u,0.s) (success)
Tactic call abstract-regression-cubic ran for 0.17 secs (0.17u,0.s) (success)
Tactic call close-abstract-regression-cubic ran for 0.127 secs (0.127u,0.s)
Params: n= 290
Tactic call refine-regression-quadratic-regression-linear ran for 0.002 secs (0.002u,0.s) (success)
Tactic call pose-build-and-refine-regression-cubic ran for 0.045 secs (0.045u,0.s) (success)
Tactic call fast_rewrite-regression-cubic ran for 0.045 secs (0.045u,0.s) (success)
Tactic call abstract-regression-cubic ran for 0.189 secs (0.189u,0.s) (success)
Tactic call close-abstract-regression-cubic ran for 0.142 secs (0.142u,0.s)
Params: n= 310
Tactic call refine-regression-quadratic-regression-linear ran for 0.002 secs (0.002u,0.s) (success)
Tactic call pose-build-and-refine-regression-cubic ran for 0.051 secs (0.051u,0.s) (success)
Tactic call fast_rewrite-regression-cubic ran for 0.051 secs (0.051u,0.s) (success)
Tactic call abstract-regression-cubic ran for 0.217 secs (0.217u,0.s) (success)
Tactic call close-abstract-regression-cubic ran for 0.165 secs (0.165u,0.s)
Params: n= 320
Tactic call refine-regression-quadratic-regression-linear ran for 0.002 secs (0.002u,0.s) (success)
Tactic call pose-build-and-refine-regression-cubic ran for 0.052 secs (0.052u,0.s) (success)
Tactic call fast_rewrite-regression-cubic ran for 0.052 secs (0.052u,0.s) (success)
Tactic call abstract-regression-cubic ran for 0.233 secs (0.233u,0.s) (success)
Tactic call close-abstract-regression-cubic ran for 0.18 secs (0.18u,0.s)
Params: n= 330
Tactic call refine-regression-quadratic-regression-linear ran for 0.002 secs (0.002u,0.s) (success)
Tactic call pose-build-and-refine-regression-cubic ran for 0.055 secs (0.055u,0.s) (success)
Tactic call fast_rewrite-regression-cubic ran for 0.055 secs (0.055u,0.s) (success)
Tactic call abstract-regression-cubic ran for 0.261 secs (0.259u,0.001s) (success)
Tactic call close-abstract-regression-cubic ran for 0.205 secs (0.203u,0.001s)
Params: n= 340
Tactic call refine-regression-quadratic-regression-linear ran for 0.002 secs (0.002u,0.s) (success)
Tactic call pose-build-and-refine-regression-cubic ran for 0.06 secs (0.06u,0.s) (success)
Tactic call fast_rewrite-regression-cubic ran for 0.06 secs (0.06u,0.s) (success)
Tactic call abstract-regression-cubic ran for 0.279 secs (0.278u,0.001s) (success)
Tactic call close-abstract-regression-cubic ran for 0.218 secs (0.217u,0.s)
Params: n= 360
Tactic call refine-regression-quadratic-regression-linear ran for 0.003 secs (0.003u,0.s) (success)
Tactic call pose-build-and-refine-regression-cubic ran for 0.066 secs (0.066u,0.s) (success)
Tactic call fast_rewrite-regression-cubic ran for 0.066 secs (0.066u,0.s) (success)
Tactic call abstract-regression-cubic ran for 0.317 secs (0.316u,0.s) (success)
Tactic call close-abstract-regression-cubic ran for 0.25 secs (0.249u,0.s)
Params: n= 370
Tactic call refine-regression-quadratic-regression-linear ran for 0.003 secs (0.003u,0.s) (success)
Tactic call pose-build-and-refine-regression-cubic ran for 0.068 secs (0.068u,0.s) (success)
Tactic call fast_rewrite-regression-cubic ran for 0.068 secs (0.068u,0.s) (success)
Tactic call abstract-regression-cubic ran for 0.346 secs (0.346u,0.s) (success)
Tactic call close-abstract-regression-cubic ran for 0.277 secs (0.277u,0.s)
Params: n= 380
Tactic call refine-regression-quadratic-regression-linear ran for 0.003 secs (0.003u,0.s) (success)
Tactic call pose-build-and-refine-regression-cubic ran for 0.09 secs (0.09u,0.s) (success)
Tactic call fast_rewrite-regression-cubic ran for 0.09 secs (0.09u,0.s) (success)
Tactic call abstract-regression-cubic ran for 0.388 secs (0.388u,0.s) (success)
Tactic call close-abstract-regression-cubic ran for 0.297 secs (0.297u,0.s)
Params: n= 390
Tactic call refine-regression-quadratic-regression-linear ran for 0.002 secs (0.002u,0.s) (success)
Tactic call pose-build-and-refine-regression-cubic ran for 0.081 secs (0.081u,0.s) (success)
Tactic call fast_rewrite-regression-cubic ran for 0.081 secs (0.081u,0.s) (success)
Tactic call abstract-regression-cubic ran for 0.402 secs (0.402u,0.s) (success)
Tactic call close-abstract-regression-cubic ran for 0.32 secs (0.32u,0.s)
Params: n= 500
Tactic call refine-regression-quadratic-regression-linear ran for 0.004 secs (0.004u,0.s) (success)
Tactic call pose-build-and-refine-regression-cubic ran for 0.116 secs (0.116u,0.s) (success)
Tactic call fast_rewrite-regression-cubic ran for 0.116 secs (0.116u,0.s) (success)
Tactic call abstract-regression-cubic ran for 0.75 secs (0.75u,0.s) (success)
Tactic call close-abstract-regression-cubic ran for 0.632 secs (0.632u,0.s)
Params: n= 600
Tactic call refine-regression-quadratic-regression-linear ran for 0.004 secs (0.004u,0.s) (success)
Tactic call pose-build-and-refine-regression-cubic ran for 0.171 secs (0.168u,0.002s) (success)
Tactic call fast_rewrite-regression-cubic ran for 0.171 secs (0.168u,0.002s) (success)
Tactic call abstract-regression-cubic ran for 1.285 secs (1.28u,0.004s) (success)
Tactic call close-abstract-regression-cubic ran for 1.113 secs (1.111u,0.002s)
Params: n= 700
Tactic call refine-regression-quadratic-regression-linear ran for 0.007 secs (0.007u,0.s) (success)
Tactic call pose-build-and-refine-regression-cubic ran for 0.231 secs (0.231u,0.s) (success)
Tactic call fast_rewrite-regression-cubic ran for 0.231 secs (0.231u,0.s) (success)
Tactic call abstract-regression-cubic ran for 1.922 secs (1.917u,0.003s) (success)
Tactic call close-abstract-regression-cubic ran for 1.689 secs (1.685u,0.003s)
Params: n= 800
Tactic call refine-regression-quadratic-regression-linear ran for 0.006 secs (0.006u,0.s) (success)
Tactic call pose-build-and-refine-regression-cubic ran for 0.285 secs (0.281u,0.004s) (success)
Tactic call fast_rewrite-regression-cubic ran for 0.285 secs (0.281u,0.004s) (success)
Tactic call abstract-regression-cubic ran for 2.75 secs (2.743u,0.005s) (success)
Tactic call close-abstract-regression-cubic ran for 2.463 secs (2.461u,0.001s)
Params: n= 900
Tactic call refine-regression-quadratic-regression-linear ran for 0.007 secs (0.007u,0.s) (success)
Tactic call pose-build-and-refine-regression-cubic ran for 0.352 secs (0.352u,0.s) (success)
Tactic call fast_rewrite-regression-cubic ran for 0.352 secs (0.352u,0.s) (success)
Tactic call abstract-regression-cubic ran for 3.897 secs (3.888u,0.007s) (success)
Tactic call close-abstract-regression-cubic ran for 3.543 secs (3.535u,0.008s)
Params: n= 1000
Tactic call refine-regression-quadratic-regression-linear ran for 0.009 secs (0.009u,0.s) (success)
Tactic call pose-build-and-refine-regression-cubic ran for 0.437 secs (0.436u,0.s) (success)
Tactic call fast_rewrite-regression-cubic ran for 0.437 secs (0.436u,0.s) (success)
Tactic call abstract-regression-cubic ran for 5.16 secs (5.158u,0.s) (success)
Tactic call close-abstract-regression-cubic ran for 4.722 secs (4.721u,0.s)
