Params: n= 4
Tactic call autorewrite-regression-quadratic ran for 0. secs (0.u,0.s) (success)
Tactic call autorewrite-noop-regression-linear ran for 0. secs (0.u,0.s) (success)
Tactic call abstract+autorewrite-regression-quadratic ran for 0.001 secs (0.001u,0.s) (success)
Tactic call close-abstract+autorewrite-regression-quadratic ran for 0. secs (0.u,0.s)
Params: n= 5
Tactic call autorewrite-regression-quadratic ran for 0.001 secs (0.001u,0.s) (success)
Tactic call autorewrite-noop-regression-linear ran for 0. secs (0.u,0.s) (success)
Tactic call abstract+autorewrite-regression-quadratic ran for 0.001 secs (0.001u,0.s) (success)
Tactic call close-abstract+autorewrite-regression-quadratic ran for 0. secs (0.u,0.s)
Params: n= 6
Tactic call autorewrite-regression-quadratic ran for 0.001 secs (0.001u,0.s) (success)
Tactic call autorewrite-noop-regression-linear ran for 0. secs (0.u,0.s) (success)
Tactic call abstract+autorewrite-regression-quadratic ran for 0.002 secs (0.002u,0.s) (success)
Tactic call close-abstract+autorewrite-regression-quadratic ran for 0. secs (0.u,0.s)
Params: n= 7
Tactic call autorewrite-regression-quadratic ran for 0.001 secs (0.001u,0.s) (success)
Tactic call autorewrite-noop-regression-linear ran for 0. secs (0.u,0.s) (success)
Tactic call abstract+autorewrite-regression-quadratic ran for 0.002 secs (0.002u,0.s) (success)
Tactic call close-abstract+autorewrite-regression-quadratic ran for 0. secs (0.u,0.s)
Params: n= 8
Tactic call autorewrite-regression-quadratic ran for 0.001 secs (0.001u,0.s) (success)
Tactic call autorewrite-noop-regression-linear ran for 0. secs (0.u,0.s) (success)
Tactic call abstract+autorewrite-regression-quadratic ran for 0.002 secs (0.002u,0.s) (success)
Tactic call close-abstract+autorewrite-regression-quadratic ran for 0. secs (0.u,0.s)
Params: n= 9
Tactic call autorewrite-regression-quadratic ran for 0.002 secs (0.002u,0.s) (success)
Tactic call autorewrite-noop-regression-linear ran for 0. secs (0.u,0.s) (success)
Tactic call abstract+autorewrite-regression-quadratic ran for 0.003 secs (0.003u,0.s) (success)
Tactic call close-abstract+autorewrite-regression-quadratic ran for 0. secs (0.u,0.s)
Params: n= 10
Tactic call autorewrite-regression-quadratic ran for 0.002 secs (0.002u,0.s) (success)
Tactic call autorewrite-noop-regression-linear ran for 0. secs (0.u,0.s) (success)
Tactic call abstract+autorewrite-regression-quadratic ran for 0.003 secs (0.003u,0.s) (success)
Tactic call close-abstract+autorewrite-regression-quadratic ran for 0. secs (0.u,0.s)
Params: n= 11
Tactic call autorewrite-regression-quadratic ran for 0.002 secs (0.002u,0.s) (success)
Tactic call autorewrite-noop-regression-linear ran for 0. secs (0.u,0.s) (success)
Tactic call abstract+autorewrite-regression-quadratic ran for 0.004 secs (0.004u,0.s) (success)
Tactic call close-abstract+autorewrite-regression-quadratic ran for 0.001 secs (0.001u,0.s)
Params: n= 12
Tactic call autorewrite-regression-quadratic ran for 0.002 secs (0.u,0.002s) (success)
Tactic call autorewrite-noop-regression-linear ran for 0. secs (0.u,0.s) (success)
Tactic call abstract+autorewrite-regression-quadratic ran for 0.059 secs (0.047u,0.011s) (success)
Tactic call close-abstract+autorewrite-regression-quadratic ran for 0.056 secs (0.048u,0.008s)
Params: n= 13
Tactic call autorewrite-regression-quadratic ran for 0.002 secs (0.002u,0.s) (success)
Tactic call autorewrite-noop-regression-linear ran for 0. secs (0.u,0.s) (success)
Tactic call abstract+autorewrite-regression-quadratic ran for 0.004 secs (0.004u,0.s) (success)
Tactic call close-abstract+autorewrite-regression-quadratic ran for 0.001 secs (0.001u,0.s)
Params: n= 14
Tactic call autorewrite-regression-quadratic ran for 0.002 secs (0.002u,0.s) (success)
Tactic call autorewrite-noop-regression-linear ran for 0. secs (0.u,0.s) (success)
Tactic call abstract+autorewrite-regression-quadratic ran for 0.004 secs (0.004u,0.s) (success)
Tactic call close-abstract+autorewrite-regression-quadratic ran for 0.001 secs (0.001u,0.s)
Params: n= 15
Tactic call autorewrite-regression-quadratic ran for 0.003 secs (0.003u,0.s) (success)
Tactic call autorewrite-noop-regression-linear ran for 0. secs (0.u,0.s) (success)
Tactic call abstract+autorewrite-regression-quadratic ran for 0.004 secs (0.004u,0.s) (success)
Tactic call close-abstract+autorewrite-regression-quadratic ran for 0.001 secs (0.001u,0.s)
Params: n= 16
Tactic call autorewrite-regression-quadratic ran for 0.003 secs (0.003u,0.s) (success)
Tactic call autorewrite-noop-regression-linear ran for 0. secs (0.u,0.s) (success)
Tactic call abstract+autorewrite-regression-quadratic ran for 0.005 secs (0.005u,0.s) (success)
Tactic call close-abstract+autorewrite-regression-quadratic ran for 0.001 secs (0.001u,0.s)
Params: n= 17
Tactic call autorewrite-regression-quadratic ran for 0.003 secs (0.003u,0.s) (success)
Tactic call autorewrite-noop-regression-linear ran for 0. secs (0.u,0.s) (success)
Tactic call abstract+autorewrite-regression-quadratic ran for 0.005 secs (0.005u,0.s) (success)
Tactic call close-abstract+autorewrite-regression-quadratic ran for 0.001 secs (0.001u,0.s)
Params: n= 18
Tactic call autorewrite-regression-quadratic ran for 0.004 secs (0.004u,0.s) (success)
Tactic call autorewrite-noop-regression-linear ran for 0. secs (0.u,0.s) (success)
Tactic call abstract+autorewrite-regression-quadratic ran for 0.006 secs (0.006u,0.s) (success)
Tactic call close-abstract+autorewrite-regression-quadratic ran for 0.001 secs (0.001u,0.s)
Params: n= 19
Tactic call autorewrite-regression-quadratic ran for 0.004 secs (0.004u,0.s) (success)
Tactic call autorewrite-noop-regression-linear ran for 0. secs (0.u,0.s) (success)
Tactic call abstract+autorewrite-regression-quadratic ran for 0.007 secs (0.007u,0.s) (success)
Tactic call close-abstract+autorewrite-regression-quadratic ran for 0.002 secs (0.002u,0.s)
Params: n= 20
Tactic call autorewrite-regression-quadratic ran for 0.006 secs (0.006u,0.s) (success)
Tactic call autorewrite-noop-regression-linear ran for 0. secs (0.u,0.s) (success)
Tactic call abstract+autorewrite-regression-quadratic ran for 0.009 secs (0.009u,0.s) (success)
Tactic call close-abstract+autorewrite-regression-quadratic ran for 0.002 secs (0.002u,0.s)
Params: n= 21
Tactic call autorewrite-regression-quadratic ran for 0.005 secs (0.005u,0.s) (success)
Tactic call autorewrite-noop-regression-linear ran for 0. secs (0.u,0.s) (success)
Tactic call abstract+autorewrite-regression-quadratic ran for 0.008 secs (0.008u,0.s) (success)
Tactic call close-abstract+autorewrite-regression-quadratic ran for 0.002 secs (0.002u,0.s)
Params: n= 22
Tactic call autorewrite-regression-quadratic ran for 0.005 secs (0.005u,0.s) (success)
Tactic call autorewrite-noop-regression-linear ran for 0. secs (0.u,0.s) (success)
Tactic call abstract+autorewrite-regression-quadratic ran for 0.008 secs (0.008u,0.s) (success)
Tactic call close-abstract+autorewrite-regression-quadratic ran for 0.002 secs (0.002u,0.s)
Params: n= 23
Tactic call autorewrite-regression-quadratic ran for 0.005 secs (0.005u,0.s) (success)
Tactic call autorewrite-noop-regression-linear ran for 0. secs (0.u,0.s) (success)
Tactic call abstract+autorewrite-regression-quadratic ran for 0.009 secs (0.009u,0.s) (success)
Tactic call close-abstract+autorewrite-regression-quadratic ran for 0.003 secs (0.003u,0.s)
Params: n= 24
Tactic call autorewrite-regression-quadratic ran for 0.006 secs (0.006u,0.s) (success)
Tactic call autorewrite-noop-regression-linear ran for 0. secs (0.u,0.s) (success)
Tactic call abstract+autorewrite-regression-quadratic ran for 0.009 secs (0.009u,0.s) (success)
Tactic call close-abstract+autorewrite-regression-quadratic ran for 0.003 secs (0.003u,0.s)
Params: n= 25
Tactic call autorewrite-regression-quadratic ran for 0.009 secs (0.009u,0.s) (success)
Tactic call autorewrite-noop-regression-linear ran for 0. secs (0.u,0.s) (success)
Tactic call abstract+autorewrite-regression-quadratic ran for 0.013 secs (0.013u,0.s) (success)
Tactic call close-abstract+autorewrite-regression-quadratic ran for 0.003 secs (0.003u,0.s)
Params: n= 26
Tactic call autorewrite-regression-quadratic ran for 0.006 secs (0.006u,0.s) (success)
Tactic call autorewrite-noop-regression-linear ran for 0. secs (0.u,0.s) (success)
Tactic call abstract+autorewrite-regression-quadratic ran for 0.011 secs (0.011u,0.s) (success)
Tactic call close-abstract+autorewrite-regression-quadratic ran for 0.003 secs (0.003u,0.s)
Params: n= 27
Tactic call autorewrite-regression-quadratic ran for 0.007 secs (0.007u,0.s) (success)
Tactic call autorewrite-noop-regression-linear ran for 0. secs (0.u,0.s) (success)
Tactic call abstract+autorewrite-regression-quadratic ran for 0.011 secs (0.011u,0.s) (success)
Tactic call close-abstract+autorewrite-regression-quadratic ran for 0.004 secs (0.004u,0.s)
Params: n= 28
Tactic call autorewrite-regression-quadratic ran for 0.007 secs (0.007u,0.s) (success)
Tactic call autorewrite-noop-regression-linear ran for 0. secs (0.u,0.s) (success)
Tactic call abstract+autorewrite-regression-quadratic ran for 0.014 secs (0.014u,0.s) (success)
Tactic call close-abstract+autorewrite-regression-quadratic ran for 0.005 secs (0.005u,0.s)
Params: n= 29
Tactic call autorewrite-regression-quadratic ran for 0.008 secs (0.008u,0.s) (success)
Tactic call autorewrite-noop-regression-linear ran for 0. secs (0.u,0.s) (success)
Tactic call abstract+autorewrite-regression-quadratic ran for 0.013 secs (0.013u,0.s) (success)
Tactic call close-abstract+autorewrite-regression-quadratic ran for 0.004 secs (0.004u,0.s)
Params: n= 30
Tactic call autorewrite-regression-quadratic ran for 0.008 secs (0.008u,0.s) (success)
Tactic call autorewrite-noop-regression-linear ran for 0. secs (0.u,0.s) (success)
Tactic call abstract+autorewrite-regression-quadratic ran for 0.014 secs (0.014u,0.s) (success)
Tactic call close-abstract+autorewrite-regression-quadratic ran for 0.004 secs (0.004u,0.s)
Params: n= 31
Tactic call autorewrite-regression-quadratic ran for 0.009 secs (0.009u,0.s) (success)
Tactic call autorewrite-noop-regression-linear ran for 0. secs (0.u,0.s) (success)
Tactic call abstract+autorewrite-regression-quadratic ran for 0.017 secs (0.017u,0.s) (success)
Tactic call close-abstract+autorewrite-regression-quadratic ran for 0.008 secs (0.008u,0.s)
Params: n= 32
Tactic call autorewrite-regression-quadratic ran for 0.009 secs (0.009u,0.s) (success)
Tactic call autorewrite-noop-regression-linear ran for 0. secs (0.u,0.s) (success)
Tactic call abstract+autorewrite-regression-quadratic ran for 0.016 secs (0.016u,0.s) (success)
Tactic call close-abstract+autorewrite-regression-quadratic ran for 0.005 secs (0.005u,0.s)
Params: n= 33
Tactic call autorewrite-regression-quadratic ran for 0.01 secs (0.01u,0.s) (success)
Tactic call autorewrite-noop-regression-linear ran for 0. secs (0.u,0.s) (success)
Tactic call abstract+autorewrite-regression-quadratic ran for 0.017 secs (0.017u,0.s) (success)
Tactic call close-abstract+autorewrite-regression-quadratic ran for 0.006 secs (0.006u,0.s)
Params: n= 34
Tactic call autorewrite-regression-quadratic ran for 0.012 secs (0.012u,0.s) (success)
Tactic call autorewrite-noop-regression-linear ran for 0. secs (0.u,0.s) (success)
Tactic call abstract+autorewrite-regression-quadratic ran for 0.019 secs (0.019u,0.s) (success)
Tactic call close-abstract+autorewrite-regression-quadratic ran for 0.006 secs (0.006u,0.s)
Params: n= 35
Tactic call autorewrite-regression-quadratic ran for 0.011 secs (0.011u,0.s) (success)
Tactic call autorewrite-noop-regression-linear ran for 0. secs (0.u,0.s) (success)
Tactic call abstract+autorewrite-regression-quadratic ran for 0.018 secs (0.018u,0.s) (success)
Tactic call close-abstract+autorewrite-regression-quadratic ran for 0.006 secs (0.006u,0.s)
Params: n= 36
Tactic call autorewrite-regression-quadratic ran for 0.012 secs (0.012u,0.s) (success)
Tactic call autorewrite-noop-regression-linear ran for 0. secs (0.u,0.s) (success)
Tactic call abstract+autorewrite-regression-quadratic ran for 0.024 secs (0.024u,0.s) (success)
Tactic call close-abstract+autorewrite-regression-quadratic ran for 0.011 secs (0.011u,0.s)
Params: n= 37
Tactic call autorewrite-regression-quadratic ran for 0.012 secs (0.012u,0.s) (success)
Tactic call autorewrite-noop-regression-linear ran for 0. secs (0.u,0.s) (success)
Tactic call abstract+autorewrite-regression-quadratic ran for 0.021 secs (0.021u,0.s) (success)
Tactic call close-abstract+autorewrite-regression-quadratic ran for 0.007 secs (0.007u,0.s)
Params: n= 38
Tactic call autorewrite-regression-quadratic ran for 0.013 secs (0.013u,0.s) (success)
Tactic call autorewrite-noop-regression-linear ran for 0. secs (0.u,0.s) (success)
Tactic call abstract+autorewrite-regression-quadratic ran for 0.023 secs (0.023u,0.s) (success)
Tactic call close-abstract+autorewrite-regression-quadratic ran for 0.009 secs (0.009u,0.s)
Params: n= 39
Tactic call autorewrite-regression-quadratic ran for 0.013 secs (0.013u,0.s) (success)
Tactic call autorewrite-noop-regression-linear ran for 0. secs (0.u,0.s) (success)
Tactic call abstract+autorewrite-regression-quadratic ran for 0.022 secs (0.022u,0.s) (success)
Tactic call close-abstract+autorewrite-regression-quadratic ran for 0.008 secs (0.008u,0.s)
Params: n= 40
Tactic call autorewrite-regression-quadratic ran for 0.018 secs (0.018u,0.s) (success)
Tactic call autorewrite-noop-regression-linear ran for 0. secs (0.u,0.s) (success)
Tactic call abstract+autorewrite-regression-quadratic ran for 0.027 secs (0.027u,0.s) (success)
Tactic call close-abstract+autorewrite-regression-quadratic ran for 0.008 secs (0.008u,0.s)
Params: n= 41
Tactic call autorewrite-regression-quadratic ran for 0.015 secs (0.015u,0.s) (success)
Tactic call autorewrite-noop-regression-linear ran for 0. secs (0.u,0.s) (success)
Tactic call abstract+autorewrite-regression-quadratic ran for 0.025 secs (0.025u,0.s) (success)
Tactic call close-abstract+autorewrite-regression-quadratic ran for 0.009 secs (0.009u,0.s)
Params: n= 42
Tactic call autorewrite-regression-quadratic ran for 0.017 secs (0.017u,0.s) (success)
Tactic call autorewrite-noop-regression-linear ran for 0. secs (0.u,0.s) (success)
Tactic call abstract+autorewrite-regression-quadratic ran for 0.027 secs (0.027u,0.s) (success)
Tactic call close-abstract+autorewrite-regression-quadratic ran for 0.009 secs (0.009u,0.s)
Params: n= 43
Tactic call autorewrite-regression-quadratic ran for 0.016 secs (0.016u,0.s) (success)
Tactic call autorewrite-noop-regression-linear ran for 0. secs (0.u,0.s) (success)
Tactic call abstract+autorewrite-regression-quadratic ran for 0.03 secs (0.03u,0.s) (success)
Tactic call close-abstract+autorewrite-regression-quadratic ran for 0.013 secs (0.013u,0.s)
Params: n= 44
Tactic call autorewrite-regression-quadratic ran for 0.017 secs (0.017u,0.s) (success)
Tactic call autorewrite-noop-regression-linear ran for 0. secs (0.u,0.s) (success)
Tactic call abstract+autorewrite-regression-quadratic ran for 0.028 secs (0.028u,0.s) (success)
Tactic call close-abstract+autorewrite-regression-quadratic ran for 0.01 secs (0.01u,0.s)
Params: n= 45
Tactic call autorewrite-regression-quadratic ran for 0.018 secs (0.018u,0.s) (success)
Tactic call autorewrite-noop-regression-linear ran for 0. secs (0.u,0.s) (success)
Tactic call abstract+autorewrite-regression-quadratic ran for 0.03 secs (0.03u,0.s) (success)
Tactic call close-abstract+autorewrite-regression-quadratic ran for 0.01 secs (0.01u,0.s)
Params: n= 46
Tactic call autorewrite-regression-quadratic ran for 0.018 secs (0.018u,0.s) (success)
Tactic call autorewrite-noop-regression-linear ran for 0. secs (0.u,0.s) (success)
Tactic call abstract+autorewrite-regression-quadratic ran for 0.032 secs (0.032u,0.s) (success)
Tactic call close-abstract+autorewrite-regression-quadratic ran for 0.012 secs (0.012u,0.s)
Params: n= 47
Tactic call autorewrite-regression-quadratic ran for 0.018 secs (0.018u,0.s) (success)
Tactic call autorewrite-noop-regression-linear ran for 0. secs (0.u,0.s) (success)
Tactic call abstract+autorewrite-regression-quadratic ran for 0.031 secs (0.031u,0.s) (success)
Tactic call close-abstract+autorewrite-regression-quadratic ran for 0.011 secs (0.011u,0.s)
Params: n= 48
Tactic call autorewrite-regression-quadratic ran for 0.02 secs (0.02u,0.s) (success)
Tactic call autorewrite-noop-regression-linear ran for 0. secs (0.u,0.s) (success)
Tactic call abstract+autorewrite-regression-quadratic ran for 0.033 secs (0.033u,0.s) (success)
Tactic call close-abstract+autorewrite-regression-quadratic ran for 0.012 secs (0.012u,0.s)
Params: n= 49
Tactic call autorewrite-regression-quadratic ran for 0.022 secs (0.022u,0.s) (success)
Tactic call autorewrite-noop-regression-linear ran for 0. secs (0.u,0.s) (success)
Tactic call abstract+autorewrite-regression-quadratic ran for 0.035 secs (0.035u,0.s) (success)
Tactic call close-abstract+autorewrite-regression-quadratic ran for 0.012 secs (0.012u,0.s)
Params: n= 51
Tactic call autorewrite-regression-quadratic ran for 0.021 secs (0.021u,0.s) (success)
Tactic call autorewrite-noop-regression-linear ran for 0. secs (0.u,0.s) (success)
Tactic call abstract+autorewrite-regression-quadratic ran for 0.036 secs (0.036u,0.s) (success)
Tactic call close-abstract+autorewrite-regression-quadratic ran for 0.014 secs (0.014u,0.s)
Params: n= 52
Tactic call autorewrite-regression-quadratic ran for 0.022 secs (0.022u,0.s) (success)
Tactic call autorewrite-noop-regression-linear ran for 0. secs (0.u,0.s) (success)
Tactic call abstract+autorewrite-regression-quadratic ran for 0.041 secs (0.041u,0.s) (success)
Tactic call close-abstract+autorewrite-regression-quadratic ran for 0.017 secs (0.017u,0.s)
Params: n= 53
Tactic call autorewrite-regression-quadratic ran for 0.024 secs (0.024u,0.s) (success)
Tactic call autorewrite-noop-regression-linear ran for 0. secs (0.u,0.s) (success)
Tactic call abstract+autorewrite-regression-quadratic ran for 0.041 secs (0.04u,0.s) (success)
Tactic call close-abstract+autorewrite-regression-quadratic ran for 0.015 secs (0.015u,0.s)
Params: n= 54
Tactic call autorewrite-regression-quadratic ran for 0.024 secs (0.024u,0.s) (success)
Tactic call autorewrite-noop-regression-linear ran for 0. secs (0.u,0.s) (success)
Tactic call abstract+autorewrite-regression-quadratic ran for 0.043 secs (0.043u,0.s) (success)
Tactic call close-abstract+autorewrite-regression-quadratic ran for 0.017 secs (0.017u,0.s)
Params: n= 55
Tactic call autorewrite-regression-quadratic ran for 0.025 secs (0.025u,0.s) (success)
Tactic call autorewrite-noop-regression-linear ran for 0. secs (0.u,0.s) (success)
Tactic call abstract+autorewrite-regression-quadratic ran for 0.043 secs (0.043u,0.s) (success)
Tactic call close-abstract+autorewrite-regression-quadratic ran for 0.016 secs (0.016u,0.s)
Params: n= 56
Tactic call autorewrite-regression-quadratic ran for 0.027 secs (0.027u,0.s) (success)
Tactic call autorewrite-noop-regression-linear ran for 0. secs (0.u,0.s) (success)
Tactic call abstract+autorewrite-regression-quadratic ran for 0.045 secs (0.045u,0.s) (success)
Tactic call close-abstract+autorewrite-regression-quadratic ran for 0.017 secs (0.017u,0.s)
Params: n= 57
Tactic call autorewrite-regression-quadratic ran for 0.027 secs (0.027u,0.s) (success)
Tactic call autorewrite-noop-regression-linear ran for 0. secs (0.u,0.s) (success)
Tactic call abstract+autorewrite-regression-quadratic ran for 0.046 secs (0.046u,0.s) (success)
Tactic call close-abstract+autorewrite-regression-quadratic ran for 0.018 secs (0.018u,0.s)
Params: n= 58
Tactic call autorewrite-regression-quadratic ran for 0.028 secs (0.028u,0.s) (success)
Tactic call autorewrite-noop-regression-linear ran for 0. secs (0.u,0.s) (success)
Tactic call abstract+autorewrite-regression-quadratic ran for 0.048 secs (0.048u,0.s) (success)
Tactic call close-abstract+autorewrite-regression-quadratic ran for 0.019 secs (0.019u,0.s)
Params: n= 59
Tactic call autorewrite-regression-quadratic ran for 0.029 secs (0.029u,0.s) (success)
Tactic call autorewrite-noop-regression-linear ran for 0. secs (0.u,0.s) (success)
Tactic call abstract+autorewrite-regression-quadratic ran for 0.049 secs (0.049u,0.s) (success)
Tactic call close-abstract+autorewrite-regression-quadratic ran for 0.019 secs (0.019u,0.s)
Params: n= 60
Tactic call autorewrite-regression-quadratic ran for 0.033 secs (0.033u,0.s) (success)
Tactic call autorewrite-noop-regression-linear ran for 0. secs (0.u,0.s) (success)
Tactic call abstract+autorewrite-regression-quadratic ran for 0.053 secs (0.053u,0.s) (success)
Tactic call close-abstract+autorewrite-regression-quadratic ran for 0.018 secs (0.018u,0.s)
Params: n= 61
Tactic call autorewrite-regression-quadratic ran for 0.033 secs (0.029u,0.003s) (success)
Tactic call autorewrite-noop-regression-linear ran for 0. secs (0.u,0.s) (success)
Tactic call abstract+autorewrite-regression-quadratic ran for 0.054 secs (0.05u,0.003s) (success)
Tactic call close-abstract+autorewrite-regression-quadratic ran for 0.019 secs (0.019u,0.s)
Params: n= 62
Tactic call autorewrite-regression-quadratic ran for 0.038 secs (0.038u,0.s) (success)
Tactic call autorewrite-noop-regression-linear ran for 0. secs (0.u,0.s) (success)
Tactic call abstract+autorewrite-regression-quadratic ran for 0.059 secs (0.059u,0.s) (success)
Tactic call close-abstract+autorewrite-regression-quadratic ran for 0.02 secs (0.02u,0.s)
Params: n= 63
Tactic call autorewrite-regression-quadratic ran for 0.035 secs (0.035u,0.s) (success)
Tactic call autorewrite-noop-regression-linear ran for 0. secs (0.u,0.s) (success)
Tactic call abstract+autorewrite-regression-quadratic ran for 0.059 secs (0.059u,0.s) (success)
Tactic call close-abstract+autorewrite-regression-quadratic ran for 0.022 secs (0.022u,0.s)
Params: n= 64
Tactic call autorewrite-regression-quadratic ran for 0.034 secs (0.034u,0.s) (success)
Tactic call autorewrite-noop-regression-linear ran for 0. secs (0.u,0.s) (success)
Tactic call abstract+autorewrite-regression-quadratic ran for 0.058 secs (0.058u,0.s) (success)
Tactic call close-abstract+autorewrite-regression-quadratic ran for 0.022 secs (0.022u,0.s)
Params: n= 65
Tactic call autorewrite-regression-quadratic ran for 0.037 secs (0.037u,0.s) (success)
Tactic call autorewrite-noop-regression-linear ran for 0. secs (0.u,0.s) (success)
Tactic call abstract+autorewrite-regression-quadratic ran for 0.061 secs (0.061u,0.s) (success)
Tactic call close-abstract+autorewrite-regression-quadratic ran for 0.022 secs (0.022u,0.s)
Params: n= 66
Tactic call autorewrite-regression-quadratic ran for 0.038 secs (0.038u,0.s) (success)
Tactic call autorewrite-noop-regression-linear ran for 0. secs (0.u,0.s) (success)
Tactic call abstract+autorewrite-regression-quadratic ran for 0.066 secs (0.066u,0.s) (success)
Tactic call close-abstract+autorewrite-regression-quadratic ran for 0.026 secs (0.026u,0.s)
Params: n= 67
Tactic call autorewrite-regression-quadratic ran for 0.039 secs (0.039u,0.s) (success)
Tactic call autorewrite-noop-regression-linear ran for 0. secs (0.u,0.s) (success)
Tactic call abstract+autorewrite-regression-quadratic ran for 0.064 secs (0.064u,0.s) (success)
Tactic call close-abstract+autorewrite-regression-quadratic ran for 0.023 secs (0.023u,0.s)
Params: n= 68
Tactic call autorewrite-regression-quadratic ran for 0.044 secs (0.044u,0.s) (success)
Tactic call autorewrite-noop-regression-linear ran for 0. secs (0.u,0.s) (success)
Tactic call abstract+autorewrite-regression-quadratic ran for 0.07 secs (0.07u,0.s) (success)
Tactic call close-abstract+autorewrite-regression-quadratic ran for 0.024 secs (0.024u,0.s)
Params: n= 69
Tactic call autorewrite-regression-quadratic ran for 0.041 secs (0.041u,0.s) (success)
Tactic call autorewrite-noop-regression-linear ran for 0. secs (0.u,0.s) (success)
Tactic call abstract+autorewrite-regression-quadratic ran for 0.068 secs (0.068u,0.s) (success)
Tactic call close-abstract+autorewrite-regression-quadratic ran for 0.026 secs (0.026u,0.s)
Params: n= 70
Tactic call autorewrite-regression-quadratic ran for 0.042 secs (0.042u,0.s) (success)
Tactic call autorewrite-noop-regression-linear ran for 0. secs (0.u,0.s) (success)
Tactic call abstract+autorewrite-regression-quadratic ran for 0.073 secs (0.073u,0.s) (success)
Tactic call close-abstract+autorewrite-regression-quadratic ran for 0.028 secs (0.028u,0.s)
Params: n= 71
Tactic call autorewrite-regression-quadratic ran for 0.044 secs (0.044u,0.s) (success)
Tactic call autorewrite-noop-regression-linear ran for 0. secs (0.u,0.s) (success)
Tactic call abstract+autorewrite-regression-quadratic ran for 0.071 secs (0.071u,0.s) (success)
Tactic call close-abstract+autorewrite-regression-quadratic ran for 0.025 secs (0.025u,0.s)
Params: n= 72
Tactic call autorewrite-regression-quadratic ran for 0.047 secs (0.047u,0.s) (success)
Tactic call autorewrite-noop-regression-linear ran for 0. secs (0.u,0.s) (success)
Tactic call abstract+autorewrite-regression-quadratic ran for 0.077 secs (0.077u,0.s) (success)
Tactic call close-abstract+autorewrite-regression-quadratic ran for 0.028 secs (0.028u,0.s)
Params: n= 73
Tactic call autorewrite-regression-quadratic ran for 0.047 secs (0.047u,0.s) (success)
Tactic call autorewrite-noop-regression-linear ran for 0. secs (0.u,0.s) (success)
Tactic call abstract+autorewrite-regression-quadratic ran for 0.076 secs (0.076u,0.s) (success)
Tactic call close-abstract+autorewrite-regression-quadratic ran for 0.028 secs (0.028u,0.s)
Params: n= 74
Tactic call autorewrite-regression-quadratic ran for 0.045 secs (0.045u,0.s) (success)
Tactic call autorewrite-noop-regression-linear ran for 0. secs (0.u,0.s) (success)
Tactic call abstract+autorewrite-regression-quadratic ran for 0.076 secs (0.076u,0.s) (success)
Tactic call close-abstract+autorewrite-regression-quadratic ran for 0.03 secs (0.029u,0.s)
Params: n= 75
Tactic call autorewrite-regression-quadratic ran for 0.048 secs (0.048u,0.s) (success)
Tactic call autorewrite-noop-regression-linear ran for 0. secs (0.u,0.s) (success)
Tactic call abstract+autorewrite-regression-quadratic ran for 0.082 secs (0.082u,0.s) (success)
Tactic call close-abstract+autorewrite-regression-quadratic ran for 0.032 secs (0.032u,0.s)
Params: n= 76
Tactic call autorewrite-regression-quadratic ran for 0.048 secs (0.048u,0.s) (success)
Tactic call autorewrite-noop-regression-linear ran for 0. secs (0.u,0.s) (success)
Tactic call abstract+autorewrite-regression-quadratic ran for 0.083 secs (0.083u,0.s) (success)
Tactic call close-abstract+autorewrite-regression-quadratic ran for 0.033 secs (0.033u,0.s)
Params: n= 77
Tactic call autorewrite-regression-quadratic ran for 0.049 secs (0.049u,0.s) (success)
Tactic call autorewrite-noop-regression-linear ran for 0. secs (0.u,0.s) (success)
Tactic call abstract+autorewrite-regression-quadratic ran for 0.081 secs (0.081u,0.s) (success)
Tactic call close-abstract+autorewrite-regression-quadratic ran for 0.03 secs (0.03u,0.s)
Params: n= 78
Tactic call autorewrite-regression-quadratic ran for 0.056 secs (0.056u,0.s) (success)
Tactic call autorewrite-noop-regression-linear ran for 0. secs (0.u,0.s) (success)
Tactic call abstract+autorewrite-regression-quadratic ran for 0.089 secs (0.089u,0.s) (success)
Tactic call close-abstract+autorewrite-regression-quadratic ran for 0.031 secs (0.031u,0.s)
Params: n= 79
Tactic call autorewrite-regression-quadratic ran for 0.06 secs (0.06u,0.s) (success)
Tactic call autorewrite-noop-regression-linear ran for 0. secs (0.u,0.s) (success)
Tactic call abstract+autorewrite-regression-quadratic ran for 0.094 secs (0.094u,0.s) (success)
Tactic call close-abstract+autorewrite-regression-quadratic ran for 0.031 secs (0.031u,0.s)
Params: n= 80
Tactic call autorewrite-regression-quadratic ran for 0.063 secs (0.063u,0.s) (success)
Tactic call autorewrite-noop-regression-linear ran for 0. secs (0.u,0.s) (success)
Tactic call abstract+autorewrite-regression-quadratic ran for 0.097 secs (0.097u,0.s) (success)
Tactic call close-abstract+autorewrite-regression-quadratic ran for 0.032 secs (0.032u,0.s)
Params: n= 81
Tactic call autorewrite-regression-quadratic ran for 0.066 secs (0.066u,0.s) (success)
Tactic call autorewrite-noop-regression-linear ran for 0. secs (0.u,0.s) (success)
Tactic call abstract+autorewrite-regression-quadratic ran for 0.101 secs (0.101u,0.s) (success)
Tactic call close-abstract+autorewrite-regression-quadratic ran for 0.033 secs (0.033u,0.s)
Params: n= 82
Tactic call autorewrite-regression-quadratic ran for 0.066 secs (0.065u,0.s) (success)
Tactic call autorewrite-noop-regression-linear ran for 0. secs (0.u,0.s) (success)
Tactic call abstract+autorewrite-regression-quadratic ran for 0.102 secs (0.102u,0.s) (success)
Tactic call close-abstract+autorewrite-regression-quadratic ran for 0.034 secs (0.034u,0.s)
Params: n= 83
Tactic call autorewrite-regression-quadratic ran for 0.069 secs (0.069u,0.s) (success)
Tactic call autorewrite-noop-regression-linear ran for 0. secs (0.u,0.s) (success)
Tactic call abstract+autorewrite-regression-quadratic ran for 0.106 secs (0.106u,0.s) (success)
Tactic call close-abstract+autorewrite-regression-quadratic ran for 0.035 secs (0.035u,0.s)
Params: n= 84
Tactic call autorewrite-regression-quadratic ran for 0.07 secs (0.07u,0.s) (success)
Tactic call autorewrite-noop-regression-linear ran for 0. secs (0.u,0.s) (success)
Tactic call abstract+autorewrite-regression-quadratic ran for 0.116 secs (0.116u,0.s) (success)
Tactic call close-abstract+autorewrite-regression-quadratic ran for 0.044 secs (0.044u,0.s)
Params: n= 85
Tactic call autorewrite-regression-quadratic ran for 0.062 secs (0.062u,0.s) (success)
Tactic call autorewrite-noop-regression-linear ran for 0. secs (0.u,0.s) (success)
Tactic call abstract+autorewrite-regression-quadratic ran for 0.108 secs (0.108u,0.s) (success)
Tactic call close-abstract+autorewrite-regression-quadratic ran for 0.044 secs (0.044u,0.s)
Params: n= 86
Tactic call autorewrite-regression-quadratic ran for 0.062 secs (0.062u,0.s) (success)
Tactic call autorewrite-noop-regression-linear ran for 0. secs (0.u,0.s) (success)
Tactic call abstract+autorewrite-regression-quadratic ran for 0.104 secs (0.104u,0.s) (success)
Tactic call close-abstract+autorewrite-regression-quadratic ran for 0.039 secs (0.039u,0.s)
Params: n= 87
Tactic call autorewrite-regression-quadratic ran for 0.065 secs (0.065u,0.s) (success)
Tactic call autorewrite-noop-regression-linear ran for 0. secs (0.u,0.s) (success)
Tactic call abstract+autorewrite-regression-quadratic ran for 0.105 secs (0.105u,0.s) (success)
Tactic call close-abstract+autorewrite-regression-quadratic ran for 0.038 secs (0.038u,0.s)
Params: n= 88
Tactic call autorewrite-regression-quadratic ran for 0.065 secs (0.065u,0.s) (success)
Tactic call autorewrite-noop-regression-linear ran for 0. secs (0.u,0.s) (success)
Tactic call abstract+autorewrite-regression-quadratic ran for 0.107 secs (0.107u,0.s) (success)
Tactic call close-abstract+autorewrite-regression-quadratic ran for 0.04 secs (0.04u,0.s)
Params: n= 89
Tactic call autorewrite-regression-quadratic ran for 0.065 secs (0.065u,0.s) (success)
Tactic call autorewrite-noop-regression-linear ran for 0. secs (0.u,0.s) (success)
Tactic call abstract+autorewrite-regression-quadratic ran for 0.108 secs (0.108u,0.s) (success)
Tactic call close-abstract+autorewrite-regression-quadratic ran for 0.041 secs (0.041u,0.s)
Params: n= 90
Tactic call autorewrite-regression-quadratic ran for 0.07 secs (0.066u,0.003s) (success)
Tactic call autorewrite-noop-regression-linear ran for 0. secs (0.u,0.s) (success)
Tactic call abstract+autorewrite-regression-quadratic ran for 0.112 secs (0.108u,0.003s) (success)
Tactic call close-abstract+autorewrite-regression-quadratic ran for 0.04 secs (0.04u,0.s)
Params: n= 91
Tactic call autorewrite-regression-quadratic ran for 0.069 secs (0.069u,0.s) (success)
Tactic call autorewrite-noop-regression-linear ran for 0. secs (0.u,0.s) (success)
Tactic call abstract+autorewrite-regression-quadratic ran for 0.114 secs (0.114u,0.s) (success)
Tactic call close-abstract+autorewrite-regression-quadratic ran for 0.042 secs (0.042u,0.s)
Params: n= 92
Tactic call autorewrite-regression-quadratic ran for 0.069 secs (0.069u,0.s) (success)
Tactic call autorewrite-noop-regression-linear ran for 0. secs (0.u,0.s) (success)
Tactic call abstract+autorewrite-regression-quadratic ran for 0.113 secs (0.113u,0.s) (success)
Tactic call close-abstract+autorewrite-regression-quadratic ran for 0.042 secs (0.042u,0.s)
Params: n= 93
Tactic call autorewrite-regression-quadratic ran for 0.069 secs (0.069u,0.s) (success)
Tactic call autorewrite-noop-regression-linear ran for 0. secs (0.u,0.s) (success)
Tactic call abstract+autorewrite-regression-quadratic ran for 0.116 secs (0.116u,0.s) (success)
Tactic call close-abstract+autorewrite-regression-quadratic ran for 0.044 secs (0.044u,0.s)
Params: n= 94
Tactic call autorewrite-regression-quadratic ran for 0.074 secs (0.074u,0.s) (success)
Tactic call autorewrite-noop-regression-linear ran for 0. secs (0.u,0.s) (success)
Tactic call abstract+autorewrite-regression-quadratic ran for 0.121 secs (0.121u,0.s) (success)
Tactic call close-abstract+autorewrite-regression-quadratic ran for 0.045 secs (0.045u,0.s)
Params: n= 95
Tactic call autorewrite-regression-quadratic ran for 0.074 secs (0.074u,0.s) (success)
Tactic call autorewrite-noop-regression-linear ran for 0. secs (0.u,0.s) (success)
Tactic call abstract+autorewrite-regression-quadratic ran for 0.122 secs (0.122u,0.s) (success)
Tactic call close-abstract+autorewrite-regression-quadratic ran for 0.046 secs (0.046u,0.s)
Params: n= 96
Tactic call autorewrite-regression-quadratic ran for 0.073 secs (0.073u,0.s) (success)
Tactic call autorewrite-noop-regression-linear ran for 0. secs (0.u,0.s) (success)
Tactic call abstract+autorewrite-regression-quadratic ran for 0.124 secs (0.12u,0.003s) (success)
Tactic call close-abstract+autorewrite-regression-quadratic ran for 0.048 secs (0.044u,0.003s)
Params: n= 97
Tactic call autorewrite-regression-quadratic ran for 0.08 secs (0.08u,0.s) (success)
Tactic call autorewrite-noop-regression-linear ran for 0. secs (0.u,0.s) (success)
Tactic call abstract+autorewrite-regression-quadratic ran for 0.13 secs (0.13u,0.s) (success)
Tactic call close-abstract+autorewrite-regression-quadratic ran for 0.048 secs (0.048u,0.s)
Params: n= 98
Tactic call autorewrite-regression-quadratic ran for 0.078 secs (0.078u,0.s) (success)
Tactic call autorewrite-noop-regression-linear ran for 0.001 secs (0.001u,0.s) (success)
Tactic call abstract+autorewrite-regression-quadratic ran for 0.13 secs (0.13u,0.s) (success)
Tactic call close-abstract+autorewrite-regression-quadratic ran for 0.05 secs (0.05u,0.s)
Params: n= 99
Tactic call autorewrite-regression-quadratic ran for 0.081 secs (0.081u,0.s) (success)
Tactic call autorewrite-noop-regression-linear ran for 0. secs (0.u,0.s) (success)
Tactic call abstract+autorewrite-regression-quadratic ran for 0.133 secs (0.133u,0.s) (success)
Tactic call close-abstract+autorewrite-regression-quadratic ran for 0.05 secs (0.05u,0.s)
Params: n= 110
Tactic call autorewrite-regression-quadratic ran for 0.098 secs (0.098u,0.s) (success)
Tactic call autorewrite-noop-regression-linear ran for 0.001 secs (0.001u,0.s) (success)
Tactic call abstract+autorewrite-regression-quadratic ran for 0.165 secs (0.165u,0.s) (success)
Tactic call close-abstract+autorewrite-regression-quadratic ran for 0.065 secs (0.065u,0.s)
Params: n= 120
Tactic call autorewrite-regression-quadratic ran for 0.122 secs (0.122u,0.s) (success)
Tactic call autorewrite-noop-regression-linear ran for 0.001 secs (0.001u,0.s) (success)
Tactic call abstract+autorewrite-regression-quadratic ran for 0.202 secs (0.202u,0.s) (success)
Tactic call close-abstract+autorewrite-regression-quadratic ran for 0.077 secs (0.077u,0.s)
Params: n= 130
Tactic call autorewrite-regression-quadratic ran for 0.143 secs (0.143u,0.s) (success)
Tactic call autorewrite-noop-regression-linear ran for 0.001 secs (0.001u,0.s) (success)
Tactic call abstract+autorewrite-regression-quadratic ran for 0.245 secs (0.244u,0.s) (success)
Tactic call close-abstract+autorewrite-regression-quadratic ran for 0.098 secs (0.098u,0.s)
Params: n= 140
Tactic call autorewrite-regression-quadratic ran for 0.183 secs (0.183u,0.s) (success)
Tactic call autorewrite-noop-regression-linear ran for 0.001 secs (0.001u,0.s) (success)
Tactic call abstract+autorewrite-regression-quadratic ran for 0.299 secs (0.299u,0.s) (success)
Tactic call close-abstract+autorewrite-regression-quadratic ran for 0.113 secs (0.113u,0.s)
Params: n= 160
Tactic call autorewrite-regression-quadratic ran for 0.231 secs (0.231u,0.s) (success)
Tactic call autorewrite-noop-regression-linear ran for 0.001 secs (0.001u,0.s) (success)
Tactic call abstract+autorewrite-regression-quadratic ran for 0.383 secs (0.383u,0.s) (success)
Tactic call close-abstract+autorewrite-regression-quadratic ran for 0.148 secs (0.148u,0.s)
Params: n= 170
Tactic call autorewrite-regression-quadratic ran for 0.256 secs (0.256u,0.s) (success)
Tactic call autorewrite-noop-regression-linear ran for 0.001 secs (0.001u,0.s) (success)
Tactic call abstract+autorewrite-regression-quadratic ran for 0.429 secs (0.425u,0.003s) (success)
Tactic call close-abstract+autorewrite-regression-quadratic ran for 0.17 secs (0.166u,0.003s)
Params: n= 180
Tactic call autorewrite-regression-quadratic ran for 0.301 secs (0.301u,0.s) (success)
Tactic call autorewrite-noop-regression-linear ran for 0.002 secs (0.002u,0.s) (success)
Tactic call abstract+autorewrite-regression-quadratic ran for 0.481 secs (0.481u,0.s) (success)
Tactic call close-abstract+autorewrite-regression-quadratic ran for 0.176 secs (0.176u,0.s)
Params: n= 190
Tactic call autorewrite-regression-quadratic ran for 0.327 secs (0.319u,0.007s) (success)
Tactic call autorewrite-noop-regression-linear ran for 0.002 secs (0.002u,0.s) (success)
Tactic call abstract+autorewrite-regression-quadratic ran for 0.518 secs (0.509u,0.007s) (success)
Tactic call close-abstract+autorewrite-regression-quadratic ran for 0.186 secs (0.186u,0.s)
Params: n= 210
Tactic call autorewrite-regression-quadratic ran for 0.388 secs (0.388u,0.s) (success)
Tactic call autorewrite-noop-regression-linear ran for 0.002 secs (0.002u,0.s) (success)
Tactic call abstract+autorewrite-regression-quadratic ran for 0.618 secs (0.617u,0.s) (success)
Tactic call close-abstract+autorewrite-regression-quadratic ran for 0.226 secs (0.226u,0.s)
Params: n= 220
Tactic call autorewrite-regression-quadratic ran for 0.435 secs (0.434u,0.s) (success)
Tactic call autorewrite-noop-regression-linear ran for 0.002 secs (0.002u,0.s) (success)
Tactic call abstract+autorewrite-regression-quadratic ran for 0.685 secs (0.684u,0.s) (success)
Tactic call close-abstract+autorewrite-regression-quadratic ran for 0.245 secs (0.245u,0.s)
Params: n= 230
Tactic call autorewrite-regression-quadratic ran for 0.48 secs (0.48u,0.s) (success)
Tactic call autorewrite-noop-regression-linear ran for 0.002 secs (0.002u,0.s) (success)
Tactic call abstract+autorewrite-regression-quadratic ran for 0.797 secs (0.797u,0.s) (success)
Tactic call close-abstract+autorewrite-regression-quadratic ran for 0.312 secs (0.312u,0.s)
Params: n= 240
Tactic call autorewrite-regression-quadratic ran for 0.546 secs (0.546u,0.s) (success)
Tactic call autorewrite-noop-regression-linear ran for 0.003 secs (0.003u,0.s) (success)
Tactic call abstract+autorewrite-regression-quadratic ran for 0.88 secs (0.88u,0.s) (success)
Tactic call close-abstract+autorewrite-regression-quadratic ran for 0.329 secs (0.329u,0.s)
Params: n= 260
Tactic call autorewrite-regression-quadratic ran for 0.617 secs (0.617u,0.s) (success)
Tactic call autorewrite-noop-regression-linear ran for 0.003 secs (0.003u,0.s) (success)
Tactic call abstract+autorewrite-regression-quadratic ran for 0.967 secs (0.967u,0.s) (success)
Tactic call close-abstract+autorewrite-regression-quadratic ran for 0.345 secs (0.345u,0.s)
Params: n= 270
Tactic call autorewrite-regression-quadratic ran for 0.657 secs (0.657u,0.s) (success)
Tactic call autorewrite-noop-regression-linear ran for 0.003 secs (0.003u,0.s) (success)
Tactic call abstract+autorewrite-regression-quadratic ran for 1.03 secs (1.03u,0.s) (success)
Tactic call close-abstract+autorewrite-regression-quadratic ran for 0.368 secs (0.368u,0.s)
Params: n= 280
Tactic call autorewrite-regression-quadratic ran for 0.741 secs (0.741u,0.s) (success)
Tactic call autorewrite-noop-regression-linear ran for 0.003 secs (0.003u,0.s) (success)
Tactic call abstract+autorewrite-regression-quadratic ran for 1.198 secs (1.198u,0.s) (success)
Tactic call close-abstract+autorewrite-regression-quadratic ran for 0.451 secs (0.451u,0.s)
Params: n= 290
Tactic call autorewrite-regression-quadratic ran for 0.828 secs (0.828u,0.s) (success)
Tactic call autorewrite-noop-regression-linear ran for 0.004 secs (0.004u,0.s) (success)
Tactic call abstract+autorewrite-regression-quadratic ran for 1.261 secs (1.257u,0.003s) (success)
Tactic call close-abstract+autorewrite-regression-quadratic ran for 0.427 secs (0.423u,0.003s)
Params: n= 310
Tactic call autorewrite-regression-quadratic ran for 0.914 secs (0.914u,0.s) (success)
Tactic call autorewrite-noop-regression-linear ran for 0.004 secs (0.004u,0.s) (success)
Tactic call abstract+autorewrite-regression-quadratic ran for 1.42 secs (1.42u,0.s) (success)
Tactic call close-abstract+autorewrite-regression-quadratic ran for 0.499 secs (0.499u,0.s)
Params: n= 320
Tactic call autorewrite-regression-quadratic ran for 1.038 secs (1.037u,0.s) (success)
Tactic call autorewrite-noop-regression-linear ran for 0.004 secs (0.004u,0.s) (success)
Tactic call abstract+autorewrite-regression-quadratic ran for 1.652 secs (1.652u,0.s) (success)
Tactic call close-abstract+autorewrite-regression-quadratic ran for 0.608 secs (0.608u,0.s)
Params: n= 330
Tactic call autorewrite-regression-quadratic ran for 1.11 secs (1.11u,0.s) (success)
Tactic call autorewrite-noop-regression-linear ran for 0.005 secs (0.005u,0.s) (success)
Tactic call abstract+autorewrite-regression-quadratic ran for 1.682 secs (1.682u,0.s) (success)
Tactic call close-abstract+autorewrite-regression-quadratic ran for 0.565 secs (0.565u,0.s)
Params: n= 340
Tactic call autorewrite-regression-quadratic ran for 1.111 secs (1.111u,0.s) (success)
Tactic call autorewrite-noop-regression-linear ran for 0.005 secs (0.005u,0.s) (success)
Tactic call abstract+autorewrite-regression-quadratic ran for 1.768 secs (1.768u,0.s) (success)
Tactic call close-abstract+autorewrite-regression-quadratic ran for 0.65 secs (0.65u,0.s)
Params: n= 360
Tactic call autorewrite-regression-quadratic ran for 1.385 secs (1.385u,0.s) (success)
Tactic call autorewrite-noop-regression-linear ran for 0.005 secs (0.005u,0.s) (success)
Tactic call abstract+autorewrite-regression-quadratic ran for 2.061 secs (2.06u,0.s) (success)
Tactic call close-abstract+autorewrite-regression-quadratic ran for 0.668 secs (0.668u,0.s)
Params: n= 370
Tactic call autorewrite-regression-quadratic ran for 1.336 secs (1.332u,0.003s) (success)
Tactic call autorewrite-noop-regression-linear ran for 0.005 secs (0.005u,0.s) (success)
Tactic call abstract+autorewrite-regression-quadratic ran for 2.046 secs (2.038u,0.007s) (success)
Tactic call close-abstract+autorewrite-regression-quadratic ran for 0.702 secs (0.698u,0.003s)
Params: n= 380
Tactic call autorewrite-regression-quadratic ran for 1.47 secs (1.47u,0.s) (success)
Tactic call autorewrite-noop-regression-linear ran for 0.016 secs (0.016u,0.s) (success)
Tactic call abstract+autorewrite-regression-quadratic ran for 2.3 secs (2.3u,0.s) (success)
Tactic call close-abstract+autorewrite-regression-quadratic ran for 0.811 secs (0.811u,0.s)
Params: n= 390
Tactic call autorewrite-regression-quadratic ran for 1.511 secs (1.511u,0.s) (success)
Tactic call autorewrite-noop-regression-linear ran for 0.006 secs (0.006u,0.s) (success)
Tactic call abstract+autorewrite-regression-quadratic ran for 2.296 secs (2.296u,0.s) (success)
Tactic call close-abstract+autorewrite-regression-quadratic ran for 0.777 secs (0.777u,0.s)
