Params: n= 10
Tactic call repeat-rewrite_strat-bottomup-regression-cubic ran for 0.077 secs (0.077u,0.s) (success)
Tactic call noop-repeat-rewrite_strat-bottomup-regression-cubic ran for 0.003 secs (0.003u,0.s) (success)
Tactic call abstract+repeat-rewrite_strat-bottomup-regression-cubic ran for 0.086 secs (0.086u,0.s) (success)
Tactic call close-abstract+repeat-rewrite_strat-bottomup-regression-quadratic ran for 0.004 secs (0.004u,0.s)
Params: n= 20
Tactic call repeat-rewrite_strat-bottomup-regression-cubic ran for 0.353 secs (0.353u,0.s) (success)
Tactic call noop-repeat-rewrite_strat-bottomup-regression-cubic ran for 0.008 secs (0.008u,0.s) (success)
Tactic call abstract+repeat-rewrite_strat-bottomup-regression-cubic ran for 0.375 secs (0.375u,0.s) (success)
Tactic call close-abstract+repeat-rewrite_strat-bottomup-regression-quadratic ran for 0.013 secs (0.013u,0.s)
Params: n= 30
Tactic call repeat-rewrite_strat-bottomup-regression-cubic ran for 0.711 secs (0.711u,0.s) (success)
Tactic call noop-repeat-rewrite_strat-bottomup-regression-cubic ran for 0.012 secs (0.012u,0.s) (success)
Tactic call abstract+repeat-rewrite_strat-bottomup-regression-cubic ran for 0.746 secs (0.746u,0.s) (success)
Tactic call close-abstract+repeat-rewrite_strat-bottomup-regression-quadratic ran for 0.022 secs (0.022u,0.s)
Params: n= 40
Tactic call repeat-rewrite_strat-bottomup-regression-cubic ran for 1.098 secs (1.098u,0.s) (success)
Tactic call noop-repeat-rewrite_strat-bottomup-regression-cubic ran for 0.019 secs (0.019u,0.s) (success)
Tactic call abstract+repeat-rewrite_strat-bottomup-regression-cubic ran for 1.156 secs (1.156u,0.s) (success)
Tactic call close-abstract+repeat-rewrite_strat-bottomup-regression-quadratic ran for 0.038 secs (0.038u,0.s)
